[ENU] Coordinate system loaded - all geometry in meters
12:21:59.760 ℹ️ [GLOBE] imagery mode=osm provider=OpenStreetMap
12:21:59.769 ℹ️ [PRES] colorCorrection added=PASS vignette=ON coolTone=ON
12:21:59.769 ℹ️ [PRES] postFX enabled=PASS fxaa=ON bloom=ON colorCorrect=ON
12:21:59.769 ℹ️ [PRES] fog enabled=PASS density=0.00048
12:21:59.772 ⚠️ ⚠️ Buildings marked as DEGRADED
12:21:59.773 ℹ️ [LAUNCH-FIX] basemapDim brightness=0.28 contrast=0.55 saturation=0.05 gamma=1.6 applied=PASS
12:21:59.774 ℹ️ [LAUNCH] visibilityMode enabled=PASS scale=0.25 trunkPrimitive=cylinder widthFloors=ON basemapDimming=ON
12:21:59.774 ℹ️ [PRES] environmentDeemphasis applied=PASS brightness=0.28 saturation=0.05 gamma=1.6
12:21:59.774 ℹ️ [GLOBE] services weatherBase=http://127.0.0.1:4020
12:21:59.775 ℹ️ [GLOBE] imagery registry enabled modes=local,clean-street,satellite,hybrid,osm,dark,minimalist
12:21:59.775 ℹ️ [CAM] restore-POV skipped for launch (deterministic frame)
12:21:59.776 ℹ️ [INPUT] owner=CAMERA mode=FreeFly reason=default
[RelationshipRenderer] Initialized
[RelationshipRenderer] Cleared all relationships
[BoundaryRenderer] DataSource created and added to viewer
[BoundaryRenderer] Initialized
[BoundaryRenderer] Loading ISR from data/boundaries/countries/ISR-ADM0.geojson
[BoundaryRenderer] Loading USA from data/boundaries/countries/USA-ADM0.geojson
12:21:59.778 ℹ️ [BOUNDARY-EDITOR] Initialized
[FILAMENT] registry initialized=PASS total=6
[DISCLOSURE] restore backend=localStorage loaded=0 result=PASS
[TIMEBOX] event type=DISCLOSURE_CHANGE id=FIL-003 applied=PASS target=trunk.avgol timeboxId=T6
[DISCLOSURE] id=FIL-003 from=PRIVATE to=WITNESSED reason=lifecycle_default result=PASS
[DISCLOSURE] persist backend=localStorage stored=6 result=PASS
[TIMEBOX] event type=DISCLOSURE_CHANGE id=FIL-004 applied=PASS target=trunk.avgol timeboxId=T6
[DISCLOSURE] id=FIL-004 from=PRIVATE to=PUBLIC_SUMMARY reason=lifecycle_default result=PASS
[DISCLOSURE] persist backend=localStorage stored=6 result=PASS
[TIMEBOX] event type=DISCLOSURE_CHANGE id=FIL-005 applied=PASS target=trunk.avgol timeboxId=T6
[DISCLOSURE] id=FIL-005 from=PRIVATE to=PUBLIC_SUMMARY reason=lifecycle_default result=PASS
[DISCLOSURE] persist backend=localStorage stored=6 result=PASS
[TIMEBOX] event type=DISCLOSURE_CHANGE id=FIL-006 applied=PASS target=trunk.avgol timeboxId=T6
[DISCLOSURE] id=FIL-006 from=PRIVATE to=WITNESSED reason=lifecycle_default result=PASS
[DISCLOSURE] persist backend=localStorage stored=6 result=PASS
[.WebGL-0x3e840246d400]GL Driver Message (OpenGL, Performance, GL_CLOSE_PATH_NV, High): GPU stall due to ReadPixels
[.WebGL-0x3e840246d400]GL Driver Message (OpenGL, Performance, GL_CLOSE_PATH_NV, High): GPU stall due to ReadPixels
[BoundaryRenderer] ✅ ISR: Loaded 1/1 features
[.WebGL-0x3e840246d400]GL Driver Message (OpenGL, Performance, GL_CLOSE_PATH_NV, High): GPU stall due to ReadPixels
[BoundaryRenderer] ✅ USA: Loaded 1/1 features
12:22:00.821 ℹ️ [BOUNDARY] containsll suite=PASS polygons=1 multipolygons=1 holes=0
12:22:00.821 ℹ️ [BOUNDARY] containsll hole-suite=PASS probes=3
12:22:00.821 ℹ️ [BOUNDARY] restore result=PASS renderer=BoundaryRenderer containsLL=PASS ISR=1 USA=1
12:22:00.821 ℹ️ [GATE] G3 status=PASS evidence=runtime-boundary-selftest
12:22:00.822 ℹ️ [UX] boundaries=ACTIVE mode=READ_ONLY
12:22:00.822 ℹ️ [BOUNDARY] voting-scope mode=BOUNDARY_ENABLED reason=boundary-pass
[.WebGL-0x3e840246d400]GL Driver Message (OpenGL, Performance, GL_CLOSE_PATH_NV, High): GPU stall due to ReadPixels (this message will no longer repeat)
12:22:01.258 ℹ️ [BOUNDARY] manifestLoaded countries=27
[BoundaryRenderer] Loading USA from data/boundaries/countries/USA-ADM0.geojson
[BOUNDARY] reuse id=boundary-USA-0-6c62914d
[BoundaryRenderer] Loading BRA from data/boundaries/countries/BRA-ADM0.geojson
12:22:02.581 ℹ️ [VOTE] restore backend=localStorage mode=demo loaded=0 result=PASS
[VOTE] restore backend=localStorage mode=demo loaded=0 result=PASS
[BACKING] id=branch.finance filaments=3 timeboxes=7 evidence=0 missing=0
[CONF] id=branch.finance conf=0.40 breakdown=tb:1,ev:0,disc:1,vote:0
[ATTN] id=branch.finance attn=0.20 lifecycle=SETTLING disclosure=WITNESSED vote=PENDING
[BACKING] id=branch.maintenance filaments=3 timeboxes=7 evidence=0 missing=0
[CONF] id=branch.maintenance conf=0.40 breakdown=tb:1,ev:0,disc:1,vote:0
[ATTN] id=branch.maintenance attn=0.36 lifecycle=REFUSAL disclosure=PUBLIC_SUMMARY vote=PENDING
[AC] aggregateAttention scope=company result=0.36 children=8
[AC] aggregateConfidence scope=company result=0.35 children=8
[AC] initialized=PASS functions=5 filaments=6
12:22:02.605 ℹ️ [PRES] launchTransform scale=0.25 uOffset=0 applied=PASS
12:22:02.607 ℹ️ [LAUNCH-FIX] visualHierarchy applied=PASS tilesAlpha=0.05 trunkCore=0.85
12:22:02.607 ℹ️ [LAUNCH-THEME] tokens loaded trunk=thinPillar tile=horizontalPlatform filament=rain
12:22:02.607 ℹ️ [GATE] launchVisibility semantics=UNCHANGED enuChecks=RAW
12:22:02.607 ℹ️ [LAUNCH] widthFloors trunk=20m branches=13/10/6 tiles=120x70m rule=uniform
12:22:02.607 ℹ️ [PRES] trunkStyle applied=PASS mode=core+shell coreR=10 shellR=16
12:22:02.607 ℹ️ [PRES] branchStyle applied=PASS ribMode=ON ribScale=0.3 emissive=ON alpha=0.30
12:22:02.608 ℹ️ [PRES] sheetPlatform grid=PASS majorLines=16 mode=overview normal=UP horizontal=ON landscape=120x70
12:22:02.608 ℹ️ [PRES] tileFloatMode=PASS supportFilaments=ON fillAlpha=0.05 borderAlpha=1.0
12:22:02.608 ℹ️ [PRES] filamentRain enabled=PASS density=5
12:22:02.608 ℹ️ [PRES] rootGlow enabled=PASS radius=80 alpha=0.10
12:22:02.609 ℹ️ [GATE 4] Anchor marker rendered at (34.7818, 32.0853) - independent of buildings/terrain
12:22:02.611 ℹ️ [PRES] tether rendered=PASS
12:22:02.612 ℹ️ [PRES] buildingAnchorProxy rendered=PASS reason=buildings-degraded
12:22:02.613 ℹ️ [GATE 4] Anchor marker rendered at (34.7818, 32.0853) - independent of buildings/terrain
12:22:02.613 ℹ️ [GATE 4] Anchor marker rendered at (34.7818, 32.0853) - independent of buildings/terrain
12:22:02.614 ℹ️ [GATE 4] Anchor marker rendered at (34.7818, 32.0853) - independent of buildings/terrain
12:22:02.615 ℹ️ [GATE 4] Anchor marker rendered at (34.7818, 32.0853) - independent of buildings/terrain
12:22:02.616 ℹ️ [GATE 4] Anchor marker rendered at (34.7818, 32.0853) - independent of buildings/terrain
12:22:02.616 ℹ️ [VIS] voteFilter LOD=COMPANY override=ALL
12:22:02.624 ℹ️ [UX] debugLogs=false gateSpamSuppressed=true
12:22:02.637 ℹ️ [PRES] junctions rendered=PASS count=8
12:22:02.639 ℹ️ [VIS2] expandedSheetsAllowed=false scope=world
12:22:02.640 ℹ️ [VIS2] suppressSheetDetail=true expandedSheetsAllowed=false selectedSheet=none lod=COMPANY
12:22:02.642 ℹ️ [VIS] basinRings anchor=trunk.avgol companies=6 mode=rings
[FILAMENT] bandSnap id=FIL-001 timeboxId=FIN-T4 deltaM=0 result=PASS
[FILAMENT] bandSnap id=FIL-002 timeboxId=FIN-T3 deltaM=0 result=PASS
[FILAMENT] bandSnap id=FIL-003 timeboxId=FIN-T1 deltaM=0 result=PASS
[FILAMENT] bandSnap id=FIL-004 timeboxId=MNT-T0 deltaM=0 result=PASS
[FILAMENT] bandSnap id=FIL-006 timeboxId=MNT-T1 deltaM=0 result=PASS
[FILAMENT] bandSnap source=vis4Registry
[DISCLOSURE] markersRendered count=5 tiers={PRIVATE:2,WITNESSED:2,PUBLIC_SUMMARY:1,FULL_PUBLIC:0}
12:22:02.647 ℹ️ [VIS2] deptSpinesRendered count=8
12:22:02.647 ℹ️ [VIS2] companyCollapsed result=PASS sheetsRendered=0 lod=COMPANY scope=world expandedSheetsAllowed=false
12:22:02.659 ℹ️ [VIS2] sheetTilesRendered count=39
12:22:02.660 ℹ️ [VIS2] exitSheet collapsed=PASS expanded=0 tiles=39
12:22:02.663 ℹ️ [VIS3] flowOverlay result=PASS edges=66 exceptions=11 scope=world lod=COMPANY
12:22:02.664 ℹ️ [VIS3] trafficBarsRendered count=8
12:22:02.664 ℹ️ [VIS3] gate-summary result=PASS
12:22:02.669 ℹ️ [VIS4c] labelsRendered count=36 scope=company
12:22:02.670 ℹ️ [VIS4] slabsRendered scope=company objects=9 slabs=36 capped=false
12:22:02.670 ℹ️ [VIS4] companySlabs result=PASS deptBranches=8 trunkSlabs=6
12:22:02.670 ℹ️ [VIS4] gate-summary result=PASS
12:22:02.671 ℹ️ [LOD-BUDGET] frame sheetsDetailed=0 totalMarkers=0 totalPrims=125 totalEntities=97
12:22:04.120 ℹ️ [GLOBE] worldTrunks synced added=5 total=6
12:22:04.121 ℹ️ [GLOBE] datasetLoad anchors=6
12:22:04.121 ℹ️ [UX] multiCountrySmoke=PASS anchors=6
12:22:04.122 ℹ️ [LAUNCH-FIX] cameraFrame target=trunk.avgol result=PASS distM=750 horzM=1000 heading=355 pitch=-28 applied=PASS
12:22:04.123 ℹ️ [HUD] mode=FreeFly layer1=6 layer2=0
12:22:04.128 ℹ️ [HUD] consolidated rootCount=1 duplicates=0
12:22:04.135 ℹ️ [HUD] tier1 rows=6
12:22:04.135 ℹ️ [HUD] tier2 default=collapsed
12:22:04.135 ℹ️ [PRES] billboard=ON reason=launch-default
12:22:04.136 ℹ️ [UX] debugLogs=false (launch mode)
12:22:04.136 ℹ️ [LAUNCH-FIX] uiGating launch=true hiddenPanels=artifacts,ux3,p2p,topicLane,vote,workMode,logConsole applied=PASS
12:22:04.153 ℹ️ [LAUNCH-FIX] hud tier1=ON tier2=OFF default=collapsed
12:22:04.154 ℹ️ [LAUNCH-FIX] helpOverlay shown=true dismissed=false source=first
[BUILD] 2026-02-09T12:30Z ux-1.1-universal-object-contract
12:22:04.156 ℹ️ [UX-1.1-PROOF] type=trunk id=trunk.avgol scope=root actions=focusView,showKPIs,showTimeboxes,showBranches,cycleClusterLevel,focusNextRegion,loadGlobalCore
12:22:04.157 ℹ️ [UX-1.1-PROOF] type=branch id=branch.operations scope=trunk.avgol actions=focusView,showKPIs,showTimeboxes,showPressureSources,cycleClusterLevel,focusNextRegion,loadGlobalCore
12:22:04.157 ℹ️ [UX-1.1-PROOF] type=sheet id=sheet.packaging scope=branch.operations actions=focusView,showSchema,addColumn,addValidation,addSummaryBinding
12:22:04.158 ℹ️ [UX-1.1-PROOF] type=cell id=sheet.packaging.cell.0.0 scope=branch.operations actions=edit,viewDependencies,viewHistory,createValidation,lockScope
12:22:04.158 ℹ️ [UX-1.1-PROOF] type=match id=3WM-001 scope=branch.p2p.mc1 actions=inspectSources,viewVariance,setTolerance,markResolved
12:22:04.158 ℹ️ [UX-1.1-PROOF] type=route id=p2p.requisition scope=branch.p2p.fc1 actions=previewMapping,ingestTestRecord,showProvenance,editFieldMap
12:22:04.158 ℹ️ [UX-1.1-PROOF] type=module id=P2P scope=trunk.avgol actions=showAllSheets,showRoutes,showKPIBindings,showRecomputationChain
12:22:04.159 ℹ️ [UX-1.1] Universal Object Contract: 7 types resolved
12:22:04.160 ℹ️ [CAM] basin-proximity target=branch.maintenance type=branch radiusM=6000.0 distanceM=1584.3 assist=BLOCKED_LAUNCH
12:22:04.161 ℹ️ [VIS] sheetSelect resolved sheet=MFG.MaterialIssues reason=default
[VIS] sheetSelect resolved sheet=MFG.MaterialIssues reason=default
12:22:04.162 ℹ️ [VIS] enter sheet=MFG.MaterialIssues scope=sheet-only
[VIS] enter sheet=MFG.MaterialIssues scope=sheet-only
12:22:04.162 ℹ️ [DOCK] enterSheet target=MFG.MaterialIssues mode=FaceOn result=PASS distM=1196
12:22:04.163 ℹ️ [CAM] Face-on: instant snap (duration=0 method=setView)
12:22:04.163 ℹ️ [LOD] apply level=CELL sheetsDetailed=1 lanes=1 markers=1
12:22:04.165 ℹ️ [DOCK] dist=105 align=-1.00 preview=true edit=false overlay=0.00
12:22:04.166 ℹ️ [DOCK] autoDock disabled=PASS reason=explicitEnter
12:22:04.379 ℹ️ [GATE 4] Anchor marker rendered at (-122.4194, 37.7749) - independent of buildings/terrain
12:22:04.380 ℹ️ [GATE 4] Anchor marker rendered at (-0.1276, 51.5072) - independent of buildings/terrain
12:22:04.380 ℹ️ [GATE 4] Anchor marker rendered at (77.2090, 28.6139) - independent of buildings/terrain
12:22:04.381 ℹ️ [GATE 4] Anchor marker rendered at (139.6917, 35.6895) - independent of buildings/terrain
12:22:04.381 ℹ️ [GATE 4] Anchor marker rendered at (-46.6333, -23.5505) - independent of buildings/terrain
12:22:04.387 ℹ️ [VIS2] expandedSheetsAllowed=true scope=sheet
12:22:04.387 ℹ️ [VIS2] suppressSheetDetail=false expandedSheetsAllowed=true selectedSheet=MFG.MaterialIssues lod=CELL
12:22:04.394 ℹ️ [VIS] sheetOnlyRender sheetsDetailed=1 selected=MFG.MaterialIssues hidden=38
12:22:04.405 ℹ️ [VIS2] sheetTilesRendered count=38
12:22:04.406 ℹ️ [VIS2] enterSheet expanded=1 tiles=38
12:22:04.406 ℹ️ [VIS3.2] sheetOverlay begin sheet=MFG.MaterialIssues scope=sheet
12:22:04.406 ℹ️ [VIS3.2] exceptionRows result=PASS sheet=MFG.MaterialIssues count=0
12:22:04.406 ℹ️ [VIS3.2] routeHighlights result=PASS sheet=MFG.MaterialIssues edges=0
12:22:04.406 ℹ️ [VIS3.2] budget exceptionOverlays=0 routeHighlights=0 capped=false
12:22:04.406 ℹ️ [VIS3.2] gate-summary result=PASS
12:22:04.406 ℹ️ [VIS4] sheetSlabGap enforced minGap=8m raw=2.5m effective=8.0m
12:22:04.406 ℹ️ [VIS4c] labelsRendered count=1 scope=sheet
12:22:04.406 ℹ️ [VIS4] slabsRendered scope=sheet objects=1 slabs=1 capped=false
12:22:04.406 ℹ️ [VIS4] sheetSlabs result=PASS sheet=MFG.MaterialIssues slabs=1
12:22:04.407 ℹ️ [VIS4] gate-summary result=PASS
12:22:04.407 ℹ️ [LOD-BUDGET] frame sheetsDetailed=1 totalMarkers=5 totalPrims=88 totalEntities=92
12:22:04.407 ℹ️ [CAM] dockFaceOn applied=PASS sheet=MFG.MaterialIssues
[2D] gridShown sheet=MFG.MaterialIssues rows=1 cols=5 populated=5 result=PASS
[BoundaryRenderer] ✅ BRA: Loaded 1/1 features
[BoundaryRenderer] Loading ARG from data/boundaries/countries/ARG-ADM0.geojson
12:22:05.192 ℹ️ [DOCK] dist=105 align=1.00 preview=true edit=false overlay=0.00
12:22:05.912 ℹ️ [VIS] exit sheet=MFG.MaterialIssues restoreView=true
[VIS] exit sheet=MFG.MaterialIssues restoreView=true
[2D] gridHidden reason=exitSheet result=PASS
[VIS] exitSheet cleanup=PASS cleared=sheetId,anchor,selection,forceCompanyScope,explicitEnter,autoDockFlags
12:22:05.913 ℹ️ [VIS] enter company=trunk.avgol
[VIS] enter company=trunk.avgol
12:22:05.914 ℹ️ [LOD] apply level=COMPANY requestedSheetsDetailed=0 effectiveSheetsDetailed=0 lanes=0 markers=0 reason=collapsedByPolicy distKm=1.5
12:22:05.915 ℹ️ [CAM] focusLock target=trunk.avgol scope=company result=PASS
12:22:05.915 ℹ️ [INPUT] owner=CAMERA mode=FreeFly reason=focusLock
12:22:05.915 ℹ️ [LOD] lock level=COMPANY reason=basinFocus
12:22:05.916 ℹ️ [HUD] votes summary=PASS passed=4 pending=2 rejected=0
[HUD] votes summary=PASS passed=4 pending=2 rejected=0
12:22:05.918 ℹ️ [HUD] paramsLoaded version=HUD-PARAMS-v0 policyRef=local:HUD-PARAMS-v0
12:22:05.940 ℹ️ [REFUSAL] reason=AUTO_ANCHOR_BLOCKED action=proximity-dock target=MFG.MaterialIssues dist=105
12:22:05.979 ℹ️ [VIS2] expandedSheetsAllowed=false scope=company
12:22:05.979 ℹ️ [VIS2] suppressSheetDetail=true expandedSheetsAllowed=false selectedSheet=none lod=COMPANY
12:22:05.980 ℹ️ [VIS] basinRings anchor=trunk.avgol companies=11 mode=cluster
12:22:05.980 ℹ️ [VIS2] deptSpinesRendered count=8
12:22:05.980 ℹ️ [VIS2] companyCollapsed result=PASS sheetsRendered=0 lod=COMPANY scope=company expandedSheetsAllowed=false
12:22:05.987 ℹ️ [VIS2] sheetTilesRendered count=39
12:22:05.987 ℹ️ [VIS2] exitSheet collapsed=PASS expanded=0 tiles=39
12:22:05.988 ℹ️ [VIS3] flowOverlay result=PASS edges=66 exceptions=11 scope=company lod=COMPANY
12:22:05.988 ℹ️ [VIS3] trafficBarsRendered count=8
12:22:05.988 ℹ️ [VIS3] gate-summary result=PASS
12:22:05.990 ℹ️ [VIS4c] labelsRendered count=51 scope=company
12:22:05.990 ℹ️ [VIS4] slabsRendered scope=company objects=14 slabs=51 capped=false
12:22:05.990 ℹ️ [VIS4] companySlabs result=PASS deptBranches=8 trunkSlabs=21
12:22:05.991 ℹ️ [VIS4] gate-summary result=PASS
12:22:05.991 ℹ️ [LOD-BUDGET] frame sheetsDetailed=0 totalMarkers=0 totalPrims=145 totalEntities=132
[BoundaryRenderer] ✅ ARG: Loaded 1/1 features
[BoundaryRenderer] Loading GBR from data/boundaries/countries/GBR-ADM0.geojson
12:22:06.559 ℹ️ [DOCK] dist=98 align=-0.82 preview=true edit=false overlay=0.00
12:22:06.898 ℹ️ [HUD] mode=CompanyFocus
12:22:07.208 ℹ️ [CAM] basinFocus settled target=trunk.avgol distM=900 pitch=-55
[BoundaryRenderer] ✅ GBR: Loaded 1/1 features
[BoundaryRenderer] Loading FRA from data/boundaries/countries/FRA-ADM0.geojson
12:22:07.567 ℹ️ [DOCK] dist=761 align=0.05 preview=false edit=false overlay=0.00
[BoundaryRenderer] ✅ FRA: Loaded 1/1 features
[BoundaryRenderer] Loading DEU from data/boundaries/countries/DEU-ADM0.geojson
12:22:08.713 ℹ️ [DOCK] dist=761 align=0.05 preview=false edit=false overlay=0.00
12:22:09.946 ℹ️ [DOCK] dist=761 align=0.05 preview=false edit=false overlay=0.00