[ENU] Coordinate system loaded - all geometry in meters
20:25:30.460 ℹ️ [GLOBE] imagery mode=osm provider=OpenStreetMap
20:25:30.466 ℹ️ [PRES] colorCorrection added=PASS vignette=ON coolTone=ON
20:25:30.467 ℹ️ [PRES] postFX enabled=PASS fxaa=ON bloom=ON colorCorrect=ON
20:25:30.467 ℹ️ [PRES] fog enabled=PASS density=0.00048
20:25:30.468 ⚠️ ⚠️ Buildings marked as DEGRADED
20:25:30.469 ℹ️ [LAUNCH-FIX] basemapDim brightness=0.28 contrast=0.55 saturation=0.05 gamma=1.6 applied=PASS
20:25:30.470 ℹ️ [LAUNCH] visibilityMode enabled=PASS scale=0.25 trunkPrimitive=cylinder widthFloors=ON basemapDimming=ON
20:25:30.470 ℹ️ [PRES] environmentDeemphasis applied=PASS brightness=0.28 saturation=0.05 gamma=1.6
20:25:30.470 ℹ️ [GLOBE] services weatherBase=http://127.0.0.1:4020
20:25:30.470 ℹ️ [GLOBE] imagery registry enabled modes=local,clean-street,satellite,hybrid,osm,dark,minimalist
20:25:30.470 ℹ️ [CAM] restore-POV skipped for launch (deterministic frame)
20:25:30.471 ℹ️ [INPUT] owner=CAMERA mode=FreeFly reason=default
[RelationshipRenderer] Initialized
[RelationshipRenderer] Cleared all relationships
[BoundaryRenderer] DataSource created and added to viewer
[BoundaryRenderer] Initialized
[BoundaryRenderer] Loading ISR from data/boundaries/countries/ISR-ADM0.geojson source=REPO_FILE
[BoundaryRenderer] Loading USA from data/boundaries/countries/USA-ADM0.geojson source=REPO_FILE
20:25:30.472 ℹ️ [BOUNDARY-EDITOR] Initialized
[FILAMENT] registry initialized=PASS total=6
[DISCLOSURE] restore backend=localStorage loaded=0 result=PASS
[TIMEBOX] event type=DISCLOSURE_CHANGE id=FIL-003 applied=PASS target=trunk.avgol timeboxId=T6
[DISCLOSURE] id=FIL-003 from=PRIVATE to=WITNESSED reason=lifecycle_default result=PASS
[DISCLOSURE] persist backend=localStorage stored=6 result=PASS
[TIMEBOX] event type=DISCLOSURE_CHANGE id=FIL-004 applied=PASS target=trunk.avgol timeboxId=T6
[DISCLOSURE] id=FIL-004 from=PRIVATE to=PUBLIC_SUMMARY reason=lifecycle_default result=PASS
[DISCLOSURE] persist backend=localStorage stored=6 result=PASS
[TIMEBOX] event type=DISCLOSURE_CHANGE id=FIL-005 applied=PASS target=trunk.avgol timeboxId=T6
[DISCLOSURE] id=FIL-005 from=PRIVATE to=PUBLIC_SUMMARY reason=lifecycle_default result=PASS
[DISCLOSURE] persist backend=localStorage stored=6 result=PASS
[TIMEBOX] event type=DISCLOSURE_CHANGE id=FIL-006 applied=PASS target=trunk.avgol timeboxId=T6
[DISCLOSURE] id=FIL-006 from=PRIVATE to=WITNESSED reason=lifecycle_default result=PASS
[DISCLOSURE] persist backend=localStorage stored=6 result=PASS
[.WebGL-0xed4034abf00]GL Driver Message (OpenGL, Performance, GL_CLOSE_PATH_NV, High): GPU stall due to ReadPixels
[.WebGL-0xed4034abf00]GL Driver Message (OpenGL, Performance, GL_CLOSE_PATH_NV, High): GPU stall due to ReadPixels
[BoundaryRenderer] ✅ ISR: Loaded 1/1 features
[.WebGL-0xed4034abf00]GL Driver Message (OpenGL, Performance, GL_CLOSE_PATH_NV, High): GPU stall due to ReadPixels
[BoundaryRenderer] ✅ USA: Loaded 1/1 features
20:25:31.128 ℹ️ [BOUNDARY] containsll suite=PASS polygons=1 multipolygons=1 holes=0
20:25:31.129 ℹ️ [BOUNDARY] containsll hole-suite=PASS probes=3
20:25:31.129 ℹ️ [BOUNDARY] restore result=PASS renderer=BoundaryRenderer containsLL=PASS ISR=1 USA=1
20:25:31.129 ℹ️ [GATE] G3 status=PASS evidence=runtime-boundary-selftest
20:25:31.129 ℹ️ [UX] boundaries=ACTIVE mode=READ_ONLY
20:25:31.129 ℹ️ [BOUNDARY] voting-scope mode=BOUNDARY_ENABLED reason=boundary-pass
[.WebGL-0xed4034abf00]GL Driver Message (OpenGL, Performance, GL_CLOSE_PATH_NV, High): GPU stall due to ReadPixels (this message will no longer repeat)
20:25:31.446 ℹ️ [BOUNDARY] manifestLoaded countries=27
[BoundaryRenderer] Loading USA from data/boundaries/countries/USA-ADM0.geojson source=REPO_FILE
[BOUNDARY] reuse id=boundary-USA-0-6c62914d
[BoundaryRenderer] Loading BRA from data/boundaries/countries/BRA-ADM0.geojson source=REPO_FILE
20:25:32.235 ℹ️ [VOTE] restore backend=localStorage mode=demo loaded=0 result=PASS
[VOTE] restore backend=localStorage mode=demo loaded=0 result=PASS
[BACKING] id=branch.finance filaments=3 timeboxes=7 evidence=0 missing=0
[CONF] id=branch.finance orgConf=0.57 globalConf=0.00 breakdown=tb:1,ev:0,disc:1,vote:0
[ATTN] id=branch.finance attn=0.20 lifecycle=SETTLING disclosure=WITNESSED vote=PENDING
[BACKING] id=branch.maintenance filaments=3 timeboxes=7 evidence=0 missing=0
[CONF] id=branch.maintenance orgConf=0.57 globalConf=0.00 breakdown=tb:1,ev:0,disc:1,vote:0
[ATTN] id=branch.maintenance attn=0.36 lifecycle=REFUSAL disclosure=PUBLIC_SUMMARY vote=PENDING
[AC] aggregateAttention scope=company result=0.36 children=8
[AC] aggregateOrgConfidence scope=company result=0.29 children=8
[AC] aggregateGlobalConfidence scope=company result=0.50 children=8
[AC] initialized=PASS functions=7 filaments=6
20:25:32.243 ℹ️ [PRES] launchTransform scale=0.25 uOffset=0 applied=PASS
20:25:32.245 ℹ️ [LAUNCH-FIX] visualHierarchy applied=PASS tilesAlpha=0.018 trunkCore=0.96 branchAlpha=0.18
20:25:32.245 ℹ️ [LAUNCH-THEME] tokens loaded trunk=thinPillar tile=horizontalPlatform filament=rain
20:25:32.245 ℹ️ [GATE] launchVisibility semantics=UNCHANGED enuChecks=RAW
20:25:32.245 ℹ️ [LAUNCH] widthFloors trunk=20m branches=13/10/6 tiles=90x52m rule=uniform
20:25:32.245 ℹ️ [PRES] trunkStyle applied=PASS mode=core+shell coreR=12 shellR=20
20:25:32.245 ℹ️ [PRES] branchStyle applied=PASS ribMode=ON ribScale=0.18 emissive=ON alpha=0.18
20:25:32.246 ℹ️ [PRES] sheetPlatform grid=PASS majorLines=16 mode=overview normal=UP horizontal=ON landscape=120x70
20:25:32.246 ℹ️ [PRES] tileFloatMode=PASS supportFilaments=ON fillAlpha=0.018 borderAlpha=1.0
20:25:32.246 ℹ️ [PRES] filamentRain enabled=PASS density=2
20:25:32.246 ℹ️ [PRES] rootGlow enabled=PASS radius=80 alpha=0.10
20:25:32.247 ℹ️ [GATE 4] Anchor marker rendered at (34.7818, 32.0853) - independent of buildings/terrain
20:25:32.249 ℹ️ [PRES] tether rendered=PASS
20:25:32.249 ℹ️ [PRES] buildingAnchorProxy rendered=PASS reason=buildings-degraded
20:25:32.250 ℹ️ [GATE 4] Anchor marker rendered at (34.7818, 32.0853) - independent of buildings/terrain
20:25:32.250 ℹ️ [GATE 4] Anchor marker rendered at (34.7818, 32.0853) - independent of buildings/terrain
20:25:32.251 ℹ️ [GATE 4] Anchor marker rendered at (34.7818, 32.0853) - independent of buildings/terrain
20:25:32.251 ℹ️ [GATE 4] Anchor marker rendered at (34.7818, 32.0853) - independent of buildings/terrain
20:25:32.252 ℹ️ [GATE 4] Anchor marker rendered at (34.7818, 32.0853) - independent of buildings/terrain
20:25:32.252 ℹ️ [VIS] voteFilter LOD=COMPANY override=ALL
20:25:32.256 ℹ️ [UX] debugLogs=false gateSpamSuppressed=true
20:25:32.261 ℹ️ [PRES] junctions rendered=PASS count=8
20:25:32.261 ℹ️ [VIS2] expandedSheetsAllowed=false scope=world
20:25:32.261 ℹ️ [VIS2] suppressSheetDetail=true expandedSheetsAllowed=false selectedSheet=none lod=COMPANY
20:25:32.262 ℹ️ [VIS-LAUNCH] ringContainment mode=collapsed action=suppressNonFocused result=PASS
[FILAMENT] bandSnap id=FIL-001 timeboxId=FIN-T4 deltaM=0 result=PASS
[FILAMENT] bandSnap id=FIL-002 timeboxId=FIN-T3 deltaM=0 result=PASS
[FILAMENT] bandSnap id=FIL-003 timeboxId=FIN-T1 deltaM=0 result=PASS
[FILAMENT] bandSnap id=FIL-004 timeboxId=MNT-T0 deltaM=0 result=PASS
[FILAMENT] bandSnap id=FIL-006 timeboxId=MNT-T1 deltaM=0 result=PASS
[FILAMENT] bandSnap source=vis4Registry
[DISCLOSURE] markersRendered count=5 tiers={PRIVATE:2,WITNESSED:2,PUBLIC_SUMMARY:1,FULL_PUBLIC:0}
20:25:32.264 ℹ️ [VIS2] deptSpinesRendered count=8
20:25:32.265 ℹ️ [VIS2] companyCollapsed result=PASS sheetsRendered=0 lod=COMPANY scope=world expandedSheetsAllowed=false
20:25:32.271 ℹ️ [VIS2] sheetTilesRendered count=39
20:25:32.272 ℹ️ [VIS2] exitSheet collapsed=PASS expanded=0 tiles=39
20:25:32.274 ℹ️ [VIS3] flowOverlay result=PASS edges=66 exceptions=11 scope=world lod=COMPANY
20:25:32.274 ℹ️ [VIS3] trafficBarsRendered count=8
20:25:32.274 ℹ️ [VIS3] gate-summary result=PASS
20:25:32.277 ℹ️ [VIS4c] labelsRendered count=36 scope=company
20:25:32.277 ℹ️ [VIS4] slabsRendered scope=company objects=9 slabs=36 capped=false
20:25:32.277 ℹ️ [VIS4] companySlabs result=PASS deptBranches=8 trunkSlabs=6
20:25:32.277 ℹ️ [VIS4] gate-summary result=PASS
20:25:32.278 ℹ️ [LOD-BUDGET] frame sheetsDetailed=0 totalMarkers=0 totalPrims=125 totalEntities=97
[BoundaryRenderer] ✅ BRA: Loaded 1/1 features
[BoundaryRenderer] Loading ARG from data/boundaries/countries/ARG-ADM0.geojson source=REPO_FILE
[BoundaryRenderer] ✅ ARG: Loaded 1/1 features
[BoundaryRenderer] Loading GBR from data/boundaries/countries/GBR-ADM0.geojson source=REPO_FILE
20:25:33.822 ℹ️ [GLOBE] worldTrunks synced added=15 total=16
20:25:33.823 ℹ️ [GLOBE] datasetLoad anchors=6
20:25:33.824 ℹ️ [UX] multiCountrySmoke=PASS anchors=6
20:25:33.824 ℹ️ [LAUNCH-FIX] cameraFrame target=trunk.avgol result=PASS distM=750 horzM=1000 heading=355 pitch=-28 applied=PASS
20:25:33.826 ℹ️ [HUD] mode=FreeFly layer1=6 layer2=0
20:25:33.830 ℹ️ [HUD] consolidated rootCount=1 duplicates=0
20:25:33.835 ℹ️ [HUD] tier1 rows=6
20:25:33.836 ℹ️ [HUD] tier2 default=collapsed
20:25:33.836 ℹ️ [PRES] billboard=ON reason=launch-default
20:25:33.837 ℹ️ [UX] debugLogs=false (launch mode)
20:25:33.837 ℹ️ [LAUNCH-FIX] uiGating launch=true hiddenPanels=artifacts,ux3,p2p,topicLane,vote,workMode,logConsole applied=PASS
20:25:33.847 ℹ️ [LAUNCH-FIX] hud tier1=ON tier2=OFF default=collapsed
20:25:33.847 ℹ️ [LAUNCH-FIX] helpOverlay shown=true dismissed=false source=first
[BUILD] 2026-02-09T12:30Z ux-1.1-universal-object-contract
20:25:33.848 ℹ️ [UX-1.1-PROOF] type=trunk id=trunk.avgol scope=root actions=focusView,showKPIs,showTimeboxes,showBranches,cycleClusterLevel,focusNextRegion,loadGlobalCore
20:25:33.850 ℹ️ [UX-1.1-PROOF] type=branch id=branch.operations scope=trunk.avgol actions=focusView,showKPIs,showTimeboxes,showPressureSources,cycleClusterLevel,focusNextRegion,loadGlobalCore
20:25:33.850 ℹ️ [UX-1.1-PROOF] type=sheet id=sheet.packaging scope=branch.operations actions=focusView,showSchema,addColumn,addValidation,addSummaryBinding
20:25:33.850 ℹ️ [UX-1.1-PROOF] type=cell id=sheet.packaging.cell.0.0 scope=branch.operations actions=edit,viewDependencies,viewHistory,createValidation,lockScope
20:25:33.850 ℹ️ [UX-1.1-PROOF] type=match id=3WM-001 scope=branch.p2p.mc1 actions=inspectSources,viewVariance,setTolerance,markResolved
20:25:33.851 ℹ️ [UX-1.1-PROOF] type=route id=p2p.requisition scope=branch.p2p.fc1 actions=previewMapping,ingestTestRecord,showProvenance,editFieldMap
20:25:33.851 ℹ️ [UX-1.1-PROOF] type=module id=P2P scope=trunk.avgol actions=showAllSheets,showRoutes,showKPIBindings,showRecomputationChain
20:25:33.851 ℹ️ [UX-1.1] Universal Object Contract: 7 types resolved
20:25:33.852 ℹ️ [PRESENCE] engine enabled=PASS ttlMs=15000 hbMs=3000
[PRESENCE] engine enabled=PASS ttlMs=15000 hbMs=3000
20:25:33.852 ℹ️ [PRESENCE] room resolve scope=trunk.avgol roomId=room.111ef3ac result=PASS
[PRESENCE] room resolve scope=trunk.avgol roomId=room.111ef3ac result=PASS
20:25:33.852 ℹ️ [PRESENCE] join user=user.local.mlsher30 room=room.111ef3ac members=1 result=PASS
[PRESENCE] join user=user.local.mlsher30 room=room.111ef3ac members=1 result=PASS
20:25:33.853 ℹ️ [VIS8] renderEngine enabled=PASS topology=mesh sfuReady=true
[VIS8] renderEngine enabled=PASS topology=mesh sfuReady=true
20:25:33.854 ℹ️ [VIS8] rtc join user=user.local.mlsher30 room=room.111ef3ac peers=0 result=PASS
[VIS8] rtc join user=user.local.mlsher30 room=room.111ef3ac peers=0 result=PASS
20:25:33.854 ℹ️ [PRESENCE] bind deferred=PASS reason=scopeNotReady
[PRESENCE] bind deferred=PASS reason=scopeNotReady
20:25:33.855 ℹ️ [VIS8] budget decode active=1 max=2 lod=COMPANY
[VIS8] budget decode active=1 max=2 lod=COMPANY
20:25:33.855 ℹ️ [VIS8] budget render active=1 max=4 lod=COMPANY
[VIS8] budget render active=1 max=4 lod=COMPANY
20:25:33.855 ℹ️ [VIS8] lodSwitch user=user.local.mlsher30 from=dot to=billboard trigger=scope
[VIS8] lodSwitch user=user.local.mlsher30 from=dot to=billboard trigger=scope
20:25:33.855 ℹ️ [VIS8] renderCard user=user.local.mlsher30 lod=billboard video=off reason=consent
[VIS8] renderCard user=user.local.mlsher30 lod=billboard video=off reason=consent
[CRYPTO] chainInit global=PASS genesisHash=GENESIS commits=0
20:25:33.856 ℹ️ [CAM] basin-proximity target=branch.maintenance type=branch radiusM=6000.0 distanceM=1584.3 assist=BLOCKED_LAUNCH
20:25:33.860 ℹ️ [VIS] sheetSelect resolved sheet=MFG.MaterialIssues reason=default
[VIS] sheetSelect resolved sheet=MFG.MaterialIssues reason=default
20:25:33.860 ℹ️ [VIS] enter sheet=MFG.MaterialIssues scope=sheet-only
[VIS] enter sheet=MFG.MaterialIssues scope=sheet-only
20:25:33.861 ℹ️ [DOCK] enterSheet target=MFG.MaterialIssues mode=FaceOn result=PASS distM=1196
20:25:33.861 ℹ️ [CAM] Face-on: instant snap (duration=0 method=setView)
20:25:33.861 ℹ️ [LOD] apply level=CELL sheetsDetailed=1 lanes=1 markers=1
20:25:33.862 ℹ️ [DOCK] dist=105 align=-1.00 preview=true edit=false overlay=0.00
20:25:33.863 ℹ️ [DOCK] autoDock disabled=PASS reason=explicitEnter
[CRYPTO] chainInit sheets=PASS chains=0
[CRYPTO] merkleInit timeboxes=PASS count=6 rollingRoot=879d4f090ced7cd8
[CRYPTO] chainStamp mode=derived commits=0 sheets=0 timeboxes=6
20:25:33.930 ℹ️ [GATE 4] Anchor marker rendered at (-122.4194, 37.7749) - independent of buildings/terrain
20:25:33.931 ℹ️ [GATE 4] Anchor marker rendered at (-0.1276, 51.5072) - independent of buildings/terrain
20:25:33.931 ℹ️ [GATE 4] Anchor marker rendered at (77.2090, 28.6139) - independent of buildings/terrain
20:25:33.932 ℹ️ [GATE 4] Anchor marker rendered at (139.6917, 35.6895) - independent of buildings/terrain
20:25:33.932 ℹ️ [GATE 4] Anchor marker rendered at (-46.6333, -23.5505) - independent of buildings/terrain
20:25:33.933 ℹ️ [GATE 4] Anchor marker rendered at (-122.4194, 37.7749) - independent of buildings/terrain
20:25:33.933 ℹ️ [GATE 4] Anchor marker rendered at (-118.2437, 34.0522) - independent of buildings/terrain
20:25:33.934 ℹ️ [GATE 4] Anchor marker rendered at (-97.7431, 30.2672) - independent of buildings/terrain
20:25:33.934 ℹ️ [GATE 4] Anchor marker rendered at (9.1900, 45.4642) - independent of buildings/terrain
20:25:33.935 ℹ️ [GATE 4] Anchor marker rendered at (12.4964, 41.9028) - independent of buildings/terrain
20:25:33.935 ℹ️ [GATE 4] Anchor marker rendered at (11.5820, 48.1351) - independent of buildings/terrain
20:25:33.936 ℹ️ [GATE 4] Anchor marker rendered at (139.6503, 35.6762) - independent of buildings/terrain
20:25:33.936 ℹ️ [GATE 4] Anchor marker rendered at (-46.6333, -23.5505) - independent of buildings/terrain
20:25:33.937 ℹ️ [GATE 4] Anchor marker rendered at (151.2093, -33.8688) - independent of buildings/terrain
20:25:33.937 ℹ️ [GATE 4] Anchor marker rendered at (-79.3832, 43.6532) - independent of buildings/terrain
20:25:33.946 ℹ️ [VIS2] expandedSheetsAllowed=true scope=sheet
20:25:33.947 ℹ️ [VIS2] suppressSheetDetail=false expandedSheetsAllowed=true selectedSheet=MFG.MaterialIssues lod=CELL
20:25:33.953 ℹ️ [VIS] sheetOnlyRender sheetsDetailed=1 selected=MFG.MaterialIssues hidden=38
20:25:33.969 ℹ️ [VIS2] sheetTilesRendered count=38
20:25:33.969 ℹ️ [VIS2] enterSheet expanded=1 tiles=38
20:25:33.969 ℹ️ [VIS3.2] sheetOverlay begin sheet=MFG.MaterialIssues scope=sheet
20:25:33.970 ℹ️ [VIS3.2] exceptionRows result=PASS sheet=MFG.MaterialIssues count=0
20:25:33.970 ℹ️ [VIS3.2] routeHighlights result=PASS sheet=MFG.MaterialIssues edges=0
20:25:33.970 ℹ️ [VIS3.2] budget exceptionOverlays=0 routeHighlights=0 capped=false
20:25:33.970 ℹ️ [VIS3.2] gate-summary result=PASS
20:25:33.970 ℹ️ [VIS4] sheetSlabGap enforced minGap=8m raw=2.5m effective=8.0m
20:25:33.970 ℹ️ [VIS4c] labelsRendered count=1 scope=sheet
20:25:33.970 ℹ️ [VIS4] slabsRendered scope=sheet objects=1 slabs=1 capped=false
20:25:33.970 ℹ️ [VIS4] sheetSlabs result=PASS sheet=MFG.MaterialIssues slabs=1
20:25:33.970 ℹ️ [VIS4] gate-summary result=PASS
20:25:33.970 ℹ️ [LOD-BUDGET] frame sheetsDetailed=1 totalMarkers=5 totalPrims=98 totalEntities=132
20:25:33.971 ℹ️ [CAM] dockFaceOn applied=PASS sheet=MFG.MaterialIssues
[2D] gridShown sheet=MFG.MaterialIssues rows=1 cols=5 populated=5 result=PASS
20:25:34.832 ℹ️ [VIS8] mediaPermissions cam=prompt mic=prompt
[VIS8] mediaPermissions cam=prompt mic=prompt
[BoundaryRenderer] ✅ GBR: Loaded 1/1 features
[BoundaryRenderer] Loading FRA from data/boundaries/countries/FRA-ADM0.geojson source=REPO_FILE
20:25:35.075 ℹ️ [HUD] paramsLoaded version=HUD-PARAMS-v0 policyRef=local:HUD-PARAMS-v0
20:25:35.096 ℹ️ [DOCK] dist=105 align=1.00 preview=true edit=false overlay=0.95
20:25:35.767 ℹ️ [VIS] exit sheet=MFG.MaterialIssues restoreView=true
[VIS] exit sheet=MFG.MaterialIssues restoreView=true
[2D] gridHidden reason=exitSheet result=PASS
[VIS] exitSheet cleanup=PASS cleared=sheetId,anchor,selection,forceCompanyScope,explicitEnter,autoDockFlags
20:25:35.767 ℹ️ [VIS] enter company=trunk.avgol
[VIS] enter company=trunk.avgol
20:25:35.769 ℹ️ [LOD] apply level=COMPANY requestedSheetsDetailed=0 effectiveSheetsDetailed=0 lanes=0 markers=0 reason=collapsedByPolicy distKm=1.5
20:25:35.769 ℹ️ [CAM] focusLock target=trunk.avgol scope=company result=PASS
20:25:35.769 ℹ️ [INPUT] owner=CAMERA mode=FreeFly reason=focusLock
20:25:35.769 ℹ️ [LOD] lock level=COMPANY reason=basinFocus
20:25:35.770 ℹ️ [HUD] votes summary=PASS passed=4 pending=2 rejected=0
[HUD] votes summary=PASS passed=4 pending=2 rejected=0
20:25:35.795 ℹ️ [DOCK] assistBlocked policy=launch target=MFG.MaterialIssues dist=105 status="Dock assist blocked by launch policy"
20:25:35.823 ℹ️ [VIS2] expandedSheetsAllowed=false scope=company
20:25:35.823 ℹ️ [VIS2] suppressSheetDetail=true expandedSheetsAllowed=false selectedSheet=none lod=COMPANY
20:25:35.825 ℹ️ [VIS2] deptSpinesRendered count=8
20:25:35.825 ℹ️ [VIS2] companyCollapsed result=PASS sheetsRendered=0 lod=COMPANY scope=company expandedSheetsAllowed=false
20:25:35.829 ℹ️ [VIS2] sheetTilesRendered count=39
20:25:35.829 ℹ️ [VIS2] exitSheet collapsed=PASS expanded=0 tiles=39
20:25:35.830 ℹ️ [VIS3] flowOverlay result=PASS edges=66 exceptions=11 scope=company lod=COMPANY
20:25:35.830 ℹ️ [VIS3] trafficBarsRendered count=8
20:25:35.831 ℹ️ [VIS3] gate-summary result=PASS
20:25:35.833 ℹ️ [VIS4c] labelsRendered count=81 scope=company
20:25:35.833 ℹ️ [VIS4] slabsRendered scope=company objects=24 slabs=81 capped=false
20:25:35.833 ℹ️ [VIS4] companySlabs result=PASS deptBranches=8 trunkSlabs=51
20:25:35.834 ℹ️ [VIS4] gate-summary result=PASS
20:25:35.834 ℹ️ [LOD-BUDGET] frame sheetsDetailed=0 totalMarkers=0 totalPrims=185 totalEntities=202
[BoundaryRenderer] ✅ FRA: Loaded 1/1 features
[BoundaryRenderer] Loading DEU from data/boundaries/countries/DEU-ADM0.geojson source=REPO_FILE
20:25:36.286 ℹ️ [DOCK] dist=104 align=-1.00 preview=true edit=false overlay=0.00
WebSocket connection to 'ws://127.0.0.1:4031/vis8' failed: Error in connection establishment: net::ERR_CONNECTION_REFUSED
20:25:36.591 ℹ️ [HUD] mode=CompanyFocus
20:25:36.868 ℹ️ [PRESENCE] transport degraded=PASS mode=local-only reason=wsConnectFailed
[PRESENCE] transport degraded=PASS mode=local-only reason=wsConnectFailed
20:25:37.137 ℹ️ [PRESENCE] hb user=user.local.mlsher30 room=room.111ef3ac ageMs=3285 result=PASS
[PRESENCE] hb user=user.local.mlsher30 room=room.111ef3ac ageMs=3285 result=PASS
20:25:37.187 ℹ️ [CAM] basinFocus settled target=trunk.avgol distM=900 pitch=-55
[BoundaryRenderer] ✅ DEU: Loaded 1/1 features
[BoundaryRenderer] Loading NLD from data/boundaries/countries/NLD-ADM0.geojson source=REPO_FILE
20:25:37.506 ℹ️ [DOCK] dist=761 align=0.05 preview=false edit=false overlay=0.00
[BoundaryRenderer] ✅ NLD: Loaded 1/1 features
[BoundaryRenderer] Loading EGY from data/boundaries/countries/EGY-ADM0.geojson source=REPO_FILE
[REFUSAL] reason=BLENDED_CONFIDENCE_CALLED caller should use computeOrgConfidence or computeGlobalConfidence (Contract #44)
20:25:38.581 ℹ️ [DOCK] dist=761 align=0.05 preview=false edit=false overlay=0.00
[BoundaryRenderer] ✅ EGY: Loaded 1/1 features
[BoundaryRenderer] Loading SAU from data/boundaries/countries/SAU-ADM0.geojson source=REPO_FILE
20:25:39.767 ℹ️ [DOCK] dist=761 align=0.05 preview=false edit=false overlay=0.00
20:25:40.214 ℹ️ [PRESENCE] hb user=user.local.mlsher30 room=room.111ef3ac ageMs=3077 result=PASS
[PRESENCE] hb user=user.local.mlsher30 room=room.111ef3ac ageMs=3077 result=PASS