[ENU] Coordinate system loaded - all geometry in meters
21:12:44.314 ℹ️ [Z] mode=DRAFT user=local target=none previous=INIT
21:12:44.344 ℹ️ 🚀 Relay Cesium World starting...
21:12:44.347 ℹ️ 🌍 Initializing Cesium Viewer...
21:12:44.349 ℹ️ ✅ Terrain provider created (Ellipsoid)
21:12:44.351 ℹ️ ✅ Imagery provider created (OpenStreetMap tiles loading...)
21:12:44.404 ℹ️ ✅ Viewer created
21:12:44.407 ℹ️ [GLOBE] imagery mode=osm provider=OpenStreetMap
21:12:44.408 ℹ️ [PRES] colorCorrection added=PASS vignette=ON coolTone=ON
21:12:44.408 ℹ️ [PRES] postFX enabled=PASS fxaa=ON bloom=ON colorCorrect=ON
21:12:44.409 ℹ️ [PRES] fog enabled=PASS density=0.00048
21:12:44.411 ℹ️ ℹ️ 3D Buildings skipped (no Cesium Ion token configured)
21:12:44.412 ⚠️ ⚠️ Buildings marked as DEGRADED
21:12:44.413 ℹ️ 🌍 Cesium Viewer initialized successfully
21:12:44.413 ℹ️ [LAUNCH-FIX] basemapDim brightness=0.28 contrast=0.55 saturation=0.05 gamma=1.6 applied=PASS
21:12:44.414 ℹ️ [LAUNCH] visibilityMode enabled=PASS scale=0.25 trunkPrimitive=cylinder widthFloors=ON basemapDimming=ON
21:12:44.414 ℹ️ [PRES] environmentDeemphasis applied=PASS brightness=0.28 saturation=0.05 gamma=1.6
21:12:44.415 ℹ️ [GLOBE] services weatherBase=http://127.0.0.1:4020
21:12:44.416 ℹ️ [GLOBE] imagery registry enabled modes=local,clean-street,satellite,hybrid,osm,dark,minimalist
21:12:44.416 ℹ️ [CAM] restore-POV skipped for launch (deterministic frame)
21:12:44.417 ℹ️ [INPUT] owner=CAMERA mode=FreeFly reason=default
21:12:44.417 ℹ️ [FilamentRenderer] Initialized (Phase 2.1 Primitives)
[RelationshipRenderer] Initialized
[RelationshipRenderer] Cleared all relationships
21:12:44.418 ℹ️ [F2] clearedEdges=0 clearedScars=0
21:12:44.418 ℹ️ 🧹 Filament renderer cleared
[BoundaryRenderer] DataSource created and added to viewer
[BoundaryRenderer] Initialized
21:12:44.420 ℹ️ 🌍 Loading boundaries (fail-soft)...
[BoundaryRenderer] Loading ISR from data/boundaries/countries/ISR-ADM0.geojson
[BoundaryRenderer] Loading USA from data/boundaries/countries/USA-ADM0.geojson
21:12:44.421 ℹ️ [BOUNDARY-EDITOR] Initialized
21:12:44.422 ℹ️ 🌲 Loading demo tree...
[GroupMarkerNotSet(crbug.com/242999)!:A070240004310000]Automatic fallback to software WebGL has been deprecated. Please use the --enable-unsafe-swiftshader (about:flags#enable-unsafe-swiftshader) flag to opt in to lower security guarantees for trusted content.
[.WebGL-0x249c005f6a00]GL Driver Message (OpenGL, Performance, GL_CLOSE_PATH_NV, High): GPU stall due to ReadPixels
[.WebGL-0x249c005f6a00]GL Driver Message (OpenGL, Performance, GL_CLOSE_PATH_NV, High): GPU stall due to ReadPixels
[BoundaryRenderer] ✅ ISR: Loaded 1/1 features
21:12:45.208 ℹ️ [B2-PROOF] threeWayMatch mismatch matchId=3WM-001 poLineId=POL-001 grLineId=GRL-001 invLineId=IL-001 status=MATCH qtyVar=0 priceVar=0
21:12:45.209 ℹ️ [B2-PROOF] threeWayMatch mismatch matchId=3WM-002 poLineId=POL-002 grLineId=GRL-002 invLineId=IL-002 status=MATCH qtyVar=0 priceVar=0
21:12:45.210 ℹ️ [B2-PROOF] threeWayMatch mismatch matchId=3WM-003 poLineId=POL-003 grLineId=GRL-003 invLineId=IL-003 status=PRICE_EXCEPTION qtyVar=0 priceVar=50
21:12:45.210 ℹ️ [B2-PROOF] threeWayMatch mismatch matchId=3WM-004 poLineId=POL-004 grLineId=GRL-004 invLineId=IL-004 status=PRICE_EXCEPTION qtyVar=0 priceVar=0.5
21:12:45.210 ℹ️ [B2-PROOF] threeWayMatch mismatch matchId=3WM-005 poLineId=POL-005 grLineId=GRL-005 invLineId=IL-005 status=QTY_EXCEPTION qtyVar=2 priceVar=2
21:12:45.211 ℹ️ [B2-PROOF] threeWayMatch mismatch matchId=3WM-006 poLineId=POL-006 grLineId= invLineId= status=UNMATCHED qtyVar=N/A priceVar=N/A
21:12:45.211 ℹ️ [B2-PROOF] threeWayMatch unmatched invoice matchId=3WM-007 invLineId=IL-006 (no PO link)
21:12:45.211 ℹ️ [B2-PROOF] buildMatches complete: 15 match rows, 9 exceptions/unmatched, rebuilt=P2P.ThreeWayMatch,P2P.InvoiceToGLMatch,P2P.InvoiceToPaymentMatch
21:12:45.212 ℹ️ [B3-PROOF] buildSummaryData: 3 summary sheets, 35 formula cells (zero JS aggregation)
21:12:45.213 ℹ️ [MODULE] P2P loaded: 13 sheets (7 fact + 3 match + 3 summary), 127 columns
21:12:45.214 ℹ️ [MODULE]   FC1: P2P.RequisitionLines (12 cols)
21:12:45.214 ℹ️ [MODULE]   FC2: P2P.POLines (13 cols)
21:12:45.214 ℹ️ [MODULE]   FC3: P2P.GRLines (10 cols)
21:12:45.215 ℹ️ [MODULE]   FC4: P2P.InvoiceLines (16 cols)
21:12:45.215 ℹ️ [MODULE]   FC5: P2P.PaymentLines (14 cols)
21:12:45.216 ℹ️ [MODULE]   FC7: P2P.BankStatementLines (7 cols)
21:12:45.216 ℹ️ [MODULE]   FC6: P2P.GLPostingLines (11 cols)
21:12:45.216 ℹ️ [MODULE]   MC1: P2P.ThreeWayMatch (14 cols, 7 match rows)
21:12:45.217 ℹ️ [MODULE]   MC2: P2P.InvoiceToGLMatch (10 cols, 4 match rows)
21:12:45.217 ℹ️ [MODULE]   MC3: P2P.InvoiceToPaymentMatch (11 cols, 4 match rows)
21:12:45.217 ℹ️ [MODULE]   SC1: P2P.AP_Aging (2 cols, 13 formula rows)
21:12:45.217 ℹ️ [MODULE]   SC2: P2P.MatchRateSummary (2 cols, 7 formula rows)
21:12:45.218 ℹ️ [MODULE]   SC3: P2P.SpendByCategory (5 cols, 5 formula rows)
21:12:45.218 ℹ️ [MODULE] KPI bindings: 3 metrics → branch.p2p
21:12:45.218 ℹ️ [MODULE]   matchRate: P2P.MatchRateSummary!B8 (%)
21:12:45.219 ℹ️ [MODULE]   dpo: P2P.AP_Aging!B13 (days)
21:12:45.220 ℹ️ [MODULE]   outstanding: P2P.AP_Aging!B4 (USD)
21:12:45.220 ℹ️ [MODULE] P2P merged into tree: +27 nodes, +27 edges
[.WebGL-0x249c005f6a00]GL Driver Message (OpenGL, Performance, GL_CLOSE_PATH_NV, High): GPU stall due to ReadPixels
[BoundaryRenderer] ✅ USA: Loaded 1/1 features
21:12:45.422 ℹ️ [BOUNDARY] containsll suite=PASS polygons=1 multipolygons=1 holes=0
21:12:45.422 ℹ️ [BOUNDARY] containsll hole-suite=PASS probes=3
21:12:45.423 ℹ️ [BOUNDARY] restore result=PASS renderer=BoundaryRenderer containsLL=PASS ISR=1 USA=1
21:12:45.423 ℹ️ [GATE] G3 status=PASS evidence=runtime-boundary-selftest
21:12:45.424 ℹ️ [UX] boundaries=ACTIVE mode=READ_ONLY
21:12:45.424 ℹ️ [BOUNDARY] voting-scope mode=BOUNDARY_ENABLED reason=boundary-pass
[.WebGL-0x249c005f6a00]GL Driver Message (OpenGL, Performance, GL_CLOSE_PATH_NV, High): GPU stall due to ReadPixels (this message will no longer repeat)
21:12:45.741 ℹ️ [B2-PROOF] threeWayMatch unmatched invoice matchId=3WM-001 invLineId=undefined (no PO link)
21:12:45.742 ℹ️ [B2-PROOF] threeWayMatch unmatched invoice matchId=3WM-002 invLineId=undefined (no PO link)
21:12:45.742 ℹ️ [B2-PROOF] threeWayMatch unmatched invoice matchId=3WM-003 invLineId=undefined (no PO link)
21:12:45.743 ℹ️ [B2-PROOF] threeWayMatch unmatched invoice matchId=3WM-004 invLineId=undefined (no PO link)
21:12:45.743 ℹ️ [B2-PROOF] threeWayMatch unmatched invoice matchId=3WM-005 invLineId=undefined (no PO link)
21:12:45.743 ℹ️ [B2-PROOF] threeWayMatch unmatched invoice matchId=3WM-006 invLineId=undefined (no PO link)
21:12:45.744 ℹ️ [B2-PROOF] buildMatches complete: 8 match rows, 8 exceptions/unmatched, rebuilt=P2P.ThreeWayMatch,P2P.InvoiceToGLMatch,P2P.InvoiceToPaymentMatch,MFG.WOIssueMatch
21:12:45.744 ℹ️ [B3-PROOF] buildSummaryData: 1 summary sheets, 4 formula cells (zero JS aggregation)
21:12:45.745 ℹ️ [MODULE] MFG loaded: 6 sheets (4 fact + 1 match + 1 summary), 29 columns
21:12:45.746 ℹ️ [MODULE]   FC1: MFG.WorkOrders (5 cols)
21:12:45.747 ℹ️ [MODULE]   FC2: MFG.MaterialIssues (5 cols)
21:12:45.747 ℹ️ [MODULE]   FC3: MFG.ScrapEvents (5 cols)
21:12:45.748 ℹ️ [MODULE]   FC4: MFG.QualityChecks (4 cols)
21:12:45.748 ℹ️ [MODULE]   MC1: MFG.WOIssueMatch (8 cols, 0 match rows)
21:12:45.749 ℹ️ [MODULE]   SC1: MFG.ProductionSummary (2 cols, 4 formula rows)
21:12:45.749 ℹ️ [MODULE] KPI bindings: 1 metrics → branch.mfg
21:12:45.749 ℹ️ [MODULE]   issueCoverage: MFG.ProductionSummary!B4 (%)
21:12:45.750 ℹ️ [MODULE] MFG merged into tree: +13 nodes, +13 edges
21:12:45.904 ℹ️ [BOUNDARY] manifestLoaded countries=27
[BoundaryRenderer] Loading USA from data/boundaries/countries/USA-ADM0.geojson
21:12:46.505 ℹ️ [ROUTE] loaded 12 routes from group "p2p" (module: P2P)
21:12:46.506 ℹ️ [ROUTE]   p2p.requisition → P2P.RequisitionLines (keys: reqId, reqLineId)
21:12:46.507 ℹ️ [ROUTE]   p2p.purchaseOrder → P2P.POLines (keys: poId, poLineId)
21:12:46.507 ℹ️ [ROUTE]   p2p.goodsReceipt → P2P.GRLines (keys: grId, grLineId)
21:12:46.507 ℹ️ [ROUTE]   p2p.invoice → P2P.InvoiceLines (keys: invId, invLineId)
21:12:46.508 ℹ️ [ROUTE]   p2p.payment → P2P.PaymentLines (keys: paymentId, payLineId)
21:12:46.508 ℹ️ [ROUTE]   p2p.pr → P2P.RequisitionLines (keys: reqId, reqLineId)
21:12:46.508 ℹ️ [ROUTE]   p2p.po → P2P.POLines (keys: poId, poLineId)
21:12:46.509 ℹ️ [ROUTE]   p2p.gr → P2P.GRLines (keys: grId, grLineId)
21:12:46.509 ℹ️ [ROUTE]   p2p.inv → P2P.InvoiceLines (keys: invId, invLineId)
21:12:46.509 ℹ️ [ROUTE]   p2p.pay → P2P.PaymentLines (keys: paymentId, payLineId)
21:12:46.510 ℹ️ [ROUTE]   p2p.bankStatement → P2P.BankStatementLines (keys: bankLineId)
21:12:46.510 ℹ️ [ROUTE]   p2p.glPosting → P2P.GLPostingLines (keys: glDocId, glLineId)
[BOUNDARY] reuse id=boundary-USA-0-6c62914d
21:12:46.835 ℹ️ [BOUNDARY] skipMissing country=CAN reason=not_in_manifest
21:12:46.836 ℹ️ [BOUNDARY] skipMissing country=MEX reason=not_in_manifest
[BoundaryRenderer] Loading BRA from data/boundaries/countries/BRA-ADM0.geojson
21:12:47.008 ℹ️ [ROUTE] loaded 4 routes from group "mfg" (module: MFG)
21:12:47.009 ℹ️ [ROUTE]   mfg.workOrder → MFG.WorkOrders (keys: workOrderId)
21:12:47.009 ℹ️ [ROUTE]   mfg.materialIssue → MFG.MaterialIssues (keys: issueId)
21:12:47.010 ℹ️ [ROUTE]   mfg.scrapEvent → MFG.ScrapEvents (keys: scrapId)
21:12:47.010 ℹ️ [ROUTE]   mfg.qualityCheck → MFG.QualityChecks (keys: qcId)
21:12:47.012 ℹ️ [D1-AGG] trunk=trunk.avgol metrics=4 hash=0x663fa7ee
21:12:47.015 ℹ️ ✅ Demo tree rendered: Avgol @ Tel Aviv
21:12:47.031 ℹ️ [F2] clearedEdges=0 clearedScars=0
21:12:47.033 ℹ️ 🧹 Filament renderer cleared
21:12:47.033 ℹ️ [PRES] launchTransform scale=0.25 uOffset=0 applied=PASS
21:12:47.034 ℹ️ [LAUNCH-FIX] visualHierarchy applied=PASS tilesAlpha=0.05 trunkCore=0.85
21:12:47.034 ℹ️ [LAUNCH-THEME] tokens loaded trunk=thinPillar tile=horizontalPlatform filament=rain
21:12:47.034 ℹ️ [GATE] launchVisibility semantics=UNCHANGED enuChecks=RAW
21:12:47.035 ℹ️ [LAUNCH] widthFloors trunk=20m branches=13/10/6 tiles=120x70m rule=uniform
21:12:47.035 ℹ️ [PRES] trunkStyle applied=PASS mode=core+shell coreR=10 shellR=16
21:12:47.035 ℹ️ [PRES] branchStyle applied=PASS ribMode=ON ribScale=0.3 emissive=ON alpha=0.30
21:12:47.036 ℹ️ [SHEET-PLATFORM] layout=LANDSCAPE w=120 h=70 cols=12 rows=6 header=ON
21:12:47.036 ℹ️ [PRES] sheetPlatform grid=PASS majorLines=16 mode=overview normal=UP horizontal=ON landscape=120x70
21:12:47.037 ℹ️ [PRES] tileFloatMode=PASS supportFilaments=ON fillAlpha=0.05 borderAlpha=1.0
21:12:47.037 ℹ️ [PRES] filamentRain enabled=PASS density=5
21:12:47.037 ℹ️ [PRES] rootGlow enabled=PASS radius=80 alpha=0.10
21:12:47.038 ℹ️ [BUILD] renderer=filament VIS-RADIAL-CANOPY-1
21:12:47.038 ℹ️ 🌲 Rendering tree: 72 nodes, 66 edges
21:12:47.039 ℹ️ [THICKNESS] cell=1.00m spine=3.00m branch=24.00m trunk=30.00m root=12.00m
21:12:47.039 ℹ️ [CANOPY] launchTemplateOverride=PASS
21:12:47.040 ℹ️ [GATE 4] Anchor marker rendered at (34.7818, 32.0853) - independent of buildings/terrain
21:12:47.041 ℹ️ [Phase 2.3] Root continuation: 1000m below anchor (aligned to ENU Up/Down)
21:12:47.043 ℹ️ [FilamentRenderer] ⏰ Timeboxes: 6 on trunk trunk.avgol
21:12:47.045 ℹ️ [PRES] tether rendered=PASS
21:12:47.047 ℹ️ [PRES] buildingAnchorProxy rendered=PASS reason=buildings-degraded
21:12:47.047 ℹ️ [GATE 4] Anchor marker rendered at (34.7818, 32.0853) - independent of buildings/terrain
21:12:47.048 ℹ️ [Phase 2.3] Root continuation: 1000m below anchor (aligned to ENU Up/Down)
21:12:47.048 ℹ️ [GATE 4] Anchor marker rendered at (34.7818, 32.0853) - independent of buildings/terrain
21:12:47.049 ℹ️ [Phase 2.3] Root continuation: 1000m below anchor (aligned to ENU Up/Down)
21:12:47.050 ℹ️ [GATE 4] Anchor marker rendered at (34.7818, 32.0853) - independent of buildings/terrain
21:12:47.050 ℹ️ [Phase 2.3] Root continuation: 1000m below anchor (aligned to ENU Up/Down)
21:12:47.051 ℹ️ [GATE 4] Anchor marker rendered at (34.7818, 32.0853) - independent of buildings/terrain
21:12:47.051 ℹ️ [Phase 2.3] Root continuation: 1000m below anchor (aligned to ENU Up/Down)
21:12:47.052 ℹ️ [GATE 4] Anchor marker rendered at (34.7818, 32.0853) - independent of buildings/terrain
21:12:47.053 ℹ️ [Phase 2.3] Root continuation: 1000m below anchor (aligned to ENU Up/Down)
21:12:47.053 ℹ️ [VIS] voteFilter LOD=COMPANY override=ALL
21:12:47.056 ℹ️ [FilamentRenderer] ⏰ Timeboxes: 5 on branch branch.operations
21:12:47.057 ℹ️ [FilamentRenderer] ⏰ Timeboxes: 4 on branch branch.finance
21:12:47.058 ℹ️ [FilamentRenderer] ⏰ Timeboxes: 5 on branch branch.supplychain
21:12:47.059 ℹ️ [FilamentRenderer] ⏰ Timeboxes: 5 on branch branch.quality
21:12:47.060 ℹ️ [FilamentRenderer] ⏰ Timeboxes: 4 on branch branch.maintenance
21:12:47.060 ℹ️ [FilamentRenderer] ⏰ Timeboxes: 5 on branch branch.it
21:12:47.061 ℹ️ [GATE 2] Branch branch.p2p:
21:12:47.062 ℹ️   ENU Start: (E=0, N=192, U=2000)
21:12:47.062 ℹ️   ENU End: (E=800, N=192, U=2000)
21:12:47.063 ℹ️   Branch Length: 800.0m
21:12:47.064 ℹ️ [FilamentRenderer] ⏰ Timeboxes: 1 on branch branch.p2p
21:12:47.064 ℹ️ [GATE 2] Branch branch.p2p.fc1:
21:12:47.065 ℹ️   ENU Start: (E=0, N=224, U=2000)
21:12:47.065 ℹ️   ENU End: (E=800, N=224, U=2000)
21:12:47.065 ℹ️   Branch Length: 800.0m
21:12:47.066 ℹ️ [FilamentRenderer] ⏰ Timeboxes: 1 on branch branch.p2p.fc1
21:12:47.066 ℹ️ [GATE 2] Branch branch.p2p.fc2:
21:12:47.067 ℹ️   ENU Start: (E=0, N=256, U=2000)
21:12:47.067 ℹ️   ENU End: (E=800, N=256, U=2000)
21:12:47.067 ℹ️   Branch Length: 800.0m
21:12:47.068 ℹ️ [FilamentRenderer] ⏰ Timeboxes: 1 on branch branch.p2p.fc2
21:12:47.068 ℹ️ [GATE 2] Branch branch.p2p.fc3:
21:12:47.068 ℹ️   ENU Start: (E=0, N=288, U=2000)
21:12:47.069 ℹ️   ENU End: (E=800, N=288, U=2000)
21:12:47.069 ℹ️   Branch Length: 800.0m
21:12:47.070 ℹ️ [FilamentRenderer] ⏰ Timeboxes: 1 on branch branch.p2p.fc3
21:12:47.070 ℹ️ [GATE 2] Branch branch.p2p.fc4:
21:12:47.070 ℹ️   ENU Start: (E=0, N=320, U=2000)
21:12:47.071 ℹ️   ENU End: (E=800, N=320, U=2000)
21:12:47.071 ℹ️   Branch Length: 800.0m
21:12:47.072 ℹ️ [FilamentRenderer] ⏰ Timeboxes: 1 on branch branch.p2p.fc4
21:12:47.073 ℹ️ [GATE 2] Branch branch.p2p.fc5:
21:12:47.073 ℹ️   ENU Start: (E=0, N=352, U=2000)
21:12:47.073 ℹ️   ENU End: (E=800, N=352, U=2000)
21:12:47.074 ℹ️   Branch Length: 800.0m
21:12:47.074 ℹ️ [FilamentRenderer] ⏰ Timeboxes: 1 on branch branch.p2p.fc5
21:12:47.075 ℹ️ [GATE 2] Branch branch.p2p.fc7:
21:12:47.075 ℹ️   ENU Start: (E=0, N=384, U=2000)
21:12:47.076 ℹ️   ENU End: (E=800, N=384, U=2000)
21:12:47.076 ℹ️   Branch Length: 800.0m
21:12:47.077 ℹ️ [FilamentRenderer] ⏰ Timeboxes: 1 on branch branch.p2p.fc7
21:12:47.077 ℹ️ [GATE 2] Branch branch.p2p.fc6:
21:12:47.078 ℹ️   ENU Start: (E=0, N=416, U=2000)
21:12:47.078 ℹ️   ENU End: (E=800, N=416, U=2000)
21:12:47.079 ℹ️   Branch Length: 800.0m
21:12:47.080 ℹ️ [FilamentRenderer] ⏰ Timeboxes: 1 on branch branch.p2p.fc6
21:12:47.080 ℹ️ [GATE 2] Branch branch.p2p.mc1:
21:12:47.080 ℹ️   ENU Start: (E=0, N=448, U=2000)
21:12:47.081 ℹ️   ENU End: (E=800, N=448, U=2000)
21:12:47.081 ℹ️   Branch Length: 800.0m
21:12:47.081 ℹ️ [FilamentRenderer] ⏰ Timeboxes: 1 on branch branch.p2p.mc1
21:12:47.082 ℹ️ [GATE 2] Branch branch.p2p.mc2:
21:12:47.082 ℹ️   ENU Start: (E=0, N=480, U=2000)
21:12:47.083 ℹ️   ENU End: (E=800, N=480, U=2000)
21:12:47.083 ℹ️   Branch Length: 800.0m
21:12:47.083 ℹ️ [FilamentRenderer] ⏰ Timeboxes: 1 on branch branch.p2p.mc2
21:12:47.084 ℹ️ [GATE 2] Branch branch.p2p.mc3:
21:12:47.084 ℹ️   ENU Start: (E=0, N=512, U=2000)
21:12:47.084 ℹ️   ENU End: (E=800, N=512, U=2000)
21:12:47.085 ℹ️   Branch Length: 800.0m
21:12:47.085 ℹ️ [FilamentRenderer] ⏰ Timeboxes: 1 on branch branch.p2p.mc3
21:12:47.086 ℹ️ [GATE 2] Branch branch.p2p.sc1:
21:12:47.086 ℹ️   ENU Start: (E=0, N=544, U=2000)
21:12:47.086 ℹ️   ENU End: (E=800, N=544, U=2000)
21:12:47.087 ℹ️   Branch Length: 800.0m
21:12:47.087 ℹ️ [FilamentRenderer] ⏰ Timeboxes: 1 on branch branch.p2p.sc1
21:12:47.087 ℹ️ [GATE 2] Branch branch.p2p.sc2:
21:12:47.088 ℹ️   ENU Start: (E=0, N=576, U=2000)
21:12:47.088 ℹ️   ENU End: (E=800, N=576, U=2000)
21:12:47.088 ℹ️   Branch Length: 800.0m
21:12:47.089 ℹ️ [FilamentRenderer] ⏰ Timeboxes: 1 on branch branch.p2p.sc2
21:12:47.089 ℹ️ [GATE 2] Branch branch.p2p.sc3:
21:12:47.090 ℹ️   ENU Start: (E=0, N=608, U=2000)
21:12:47.090 ℹ️   ENU End: (E=800, N=608, U=2000)
21:12:47.090 ℹ️   Branch Length: 800.0m
21:12:47.091 ℹ️ [FilamentRenderer] ⏰ Timeboxes: 1 on branch branch.p2p.sc3
21:12:47.091 ℹ️ [GATE 2] Branch branch.mfg:
21:12:47.091 ℹ️   ENU Start: (E=0, N=640, U=2000)
21:12:47.092 ℹ️   ENU End: (E=800, N=640, U=2000)
21:12:47.092 ℹ️   Branch Length: 800.0m
21:12:47.093 ℹ️ [FilamentRenderer] ⏰ Timeboxes: 1 on branch branch.mfg
21:12:47.093 ℹ️ [GATE 2] Branch branch.mfg.fc1:
21:12:47.093 ℹ️   ENU Start: (E=0, N=672, U=2000)
21:12:47.094 ℹ️   ENU End: (E=800, N=672, U=2000)
21:12:47.094 ℹ️   Branch Length: 800.0m
21:12:47.095 ℹ️ [FilamentRenderer] ⏰ Timeboxes: 1 on branch branch.mfg.fc1
21:12:47.095 ℹ️ [GATE 2] Branch branch.mfg.fc2:
21:12:47.096 ℹ️   ENU Start: (E=0, N=704, U=2000)
21:12:47.096 ℹ️   ENU End: (E=800, N=704, U=2000)
21:12:47.097 ℹ️   Branch Length: 800.0m
21:12:47.097 ℹ️ [FilamentRenderer] ⏰ Timeboxes: 1 on branch branch.mfg.fc2
21:12:47.098 ℹ️ [GATE 2] Branch branch.mfg.fc3:
21:12:47.098 ℹ️   ENU Start: (E=0, N=736, U=2000)
21:12:47.098 ℹ️   ENU End: (E=800, N=736, U=2000)
21:12:47.099 ℹ️   Branch Length: 800.0m
21:12:47.099 ℹ️ [FilamentRenderer] ⏰ Timeboxes: 1 on branch branch.mfg.fc3
21:12:47.100 ℹ️ [GATE 2] Branch branch.mfg.fc4:
21:12:47.100 ℹ️   ENU Start: (E=0, N=768, U=2000)
21:12:47.100 ℹ️   ENU End: (E=800, N=768, U=2000)
21:12:47.101 ℹ️   Branch Length: 800.0m
21:12:47.101 ℹ️ [FilamentRenderer] ⏰ Timeboxes: 1 on branch branch.mfg.fc4
21:12:47.102 ℹ️ [GATE 2] Branch branch.mfg.mc1:
21:12:47.102 ℹ️   ENU Start: (E=0, N=800, U=2000)
21:12:47.103 ℹ️   ENU End: (E=800, N=800, U=2000)
21:12:47.103 ℹ️   Branch Length: 800.0m
21:12:47.103 ℹ️ [FilamentRenderer] ⏰ Timeboxes: 1 on branch branch.mfg.mc1
21:12:47.104 ℹ️ [GATE 2] Branch branch.mfg.sc1:
21:12:47.104 ℹ️   ENU Start: (E=0, N=832, U=2000)
21:12:47.104 ℹ️   ENU End: (E=800, N=832, U=2000)
21:12:47.105 ℹ️   Branch Length: 800.0m
21:12:47.105 ℹ️ [FilamentRenderer] ⏰ Timeboxes: 1 on branch branch.mfg.sc1
21:12:47.106 ℹ️ [PRES] junctions rendered=PASS count=8
21:12:47.107 ℹ️ [VIS2] expandedSheetsAllowed=false scope=world
21:12:47.107 ℹ️ [VIS2] suppressSheetDetail=true expandedSheetsAllowed=false selectedSheet=none lod=COMPANY
21:12:47.108 ℹ️ [RING] applied=PASS nodes=14 scope=company lod=COMPANY
21:12:47.109 ℹ️ [RING] mapping thickness=pressure pulse=voteEnergy color=stateQuality
21:12:47.109 ℹ️ [VIS] basinRings anchor=trunk.avgol companies=6 mode=rings
21:12:47.110 ℹ️ [VIS2] deptSpinesRendered count=8
21:12:47.110 ℹ️ [S1] SheetsRendered=0 Expected=0
21:12:47.110 ℹ️ [VIS2] companyCollapsed result=PASS sheetsRendered=0 lod=COMPANY scope=world expandedSheetsAllowed=false
21:12:47.112 ℹ️ [SHEET-META] set sheet=sheet.packaging center=ok axes=ok normal=ok dims=400x144 cells=10x6 src=tile
21:12:47.113 ℹ️ [SHEET-META] set sheet=sheet.mfg.materialIssues center=ok axes=ok normal=ok dims=400x144 cells=6x10 src=tile
21:12:47.114 ℹ️ [SHEET-META] set sheet=sheet.fin.apAging center=ok axes=ok normal=ok dims=400x144 cells=8x10 src=tile
21:12:47.115 ℹ️ [SHEET-META] set sheet=sheet.fin.cashForecast center=ok axes=ok normal=ok dims=400x144 cells=6x8 src=tile
21:12:47.115 ℹ️ [SHEET-META] set sheet=sheet.ops.productionSummary center=ok axes=ok normal=ok dims=400x144 cells=6x8 src=tile
21:12:47.116 ℹ️ [SHEET-META] set sheet=sheet.ops.shiftReport center=ok axes=ok normal=ok dims=400x144 cells=6x8 src=tile
21:12:47.117 ℹ️ [SHEET-META] set sheet=sheet.fin.budgetVariance center=ok axes=ok normal=ok dims=400x144 cells=6x6 src=tile
21:12:47.117 ℹ️ [SHEET-META] set sheet=sheet.scm.inventoryLevels center=ok axes=ok normal=ok dims=400x144 cells=8x6 src=tile
21:12:47.118 ℹ️ [SHEET-META] set sheet=sheet.qa.auditFindings center=ok axes=ok normal=ok dims=400x144 cells=8x8 src=tile
21:12:47.118 ℹ️ [SHEET-META] set sheet=sheet.qa.ncTracking center=ok axes=ok normal=ok dims=400x144 cells=6x8 src=tile
21:12:47.119 ℹ️ [SHEET-META] set sheet=sheet.qa.spcCharts center=ok axes=ok normal=ok dims=400x144 cells=6x6 src=tile
21:12:47.119 ℹ️ [SHEET-META] set sheet=sheet.mnt.workOrders center=ok axes=ok normal=ok dims=400x144 cells=8x8 src=tile
21:12:47.120 ℹ️ [SHEET-META] set sheet=sheet.mnt.assetRegistry center=ok axes=ok normal=ok dims=400x144 cells=6x8 src=tile
21:12:47.120 ℹ️ [SHEET-META] set sheet=sheet.mnt.sparePartsInventory center=ok axes=ok normal=ok dims=400x144 cells=6x6 src=tile
21:12:47.121 ℹ️ [SHEET-META] set sheet=sheet.it.systemUptime center=ok axes=ok normal=ok dims=400x144 cells=6x8 src=tile
21:12:47.121 ℹ️ [SHEET-META] set sheet=sheet.it.changeRequests center=ok axes=ok normal=ok dims=400x144 cells=8x8 src=tile
21:12:47.122 ℹ️ [SHEET-META] set sheet=sheet.it.projectTracker center=ok axes=ok normal=ok dims=400x144 cells=8x8 src=tile
21:12:47.123 ℹ️ [SHEET-META] set sheet=sheet.it.securityDashboard center=ok axes=ok normal=ok dims=400x144 cells=6x6 src=tile
21:12:47.123 ℹ️ [SHEET-META] set sheet=sheet.scm.inboundRequests center=ok axes=ok normal=ok dims=400x144 cells=8x10 src=tile
21:12:47.124 ℹ️ [SHEET-META] set sheet=sheet.scm.supplierScorecard center=ok axes=ok normal=ok dims=400x144 cells=6x8 src=tile
21:12:47.125 ℹ️ [SHEET-META] set sheet=P2P.RequisitionLines center=ok axes=ok normal=ok dims=400x144 cells=7x12 src=tile
21:12:47.125 ℹ️ [SHEET-META] set sheet=P2P.POLines center=ok axes=ok normal=ok dims=400x144 cells=7x13 src=tile
21:12:47.126 ℹ️ [SHEET-META] set sheet=P2P.GRLines center=ok axes=ok normal=ok dims=400x144 cells=6x10 src=tile
21:12:47.127 ℹ️ [SHEET-META] set sheet=P2P.InvoiceLines center=ok axes=ok normal=ok dims=400x144 cells=7x16 src=tile
21:12:47.127 ℹ️ [SHEET-META] set sheet=P2P.PaymentLines center=ok axes=ok normal=ok dims=400x144 cells=5x14 src=tile
21:12:47.128 ℹ️ [SHEET-META] set sheet=P2P.BankStatementLines center=ok axes=ok normal=ok dims=400x144 cells=1x7 src=tile
21:12:47.129 ℹ️ [SHEET-META] set sheet=P2P.GLPostingLines center=ok axes=ok normal=ok dims=400x144 cells=9x11 src=tile
21:12:47.129 ℹ️ [SHEET-META] set sheet=P2P.ThreeWayMatch center=ok axes=ok normal=ok dims=400x144 cells=8x14 src=tile
21:12:47.130 ℹ️ [SHEET-META] set sheet=P2P.InvoiceToGLMatch center=ok axes=ok normal=ok dims=400x144 cells=5x10 src=tile
21:12:47.130 ℹ️ [SHEET-META] set sheet=P2P.InvoiceToPaymentMatch center=ok axes=ok normal=ok dims=400x144 cells=5x11 src=tile
21:12:47.131 ℹ️ [SHEET-META] set sheet=P2P.AP_Aging center=ok axes=ok normal=ok dims=400x144 cells=14x2 src=tile
21:12:47.131 ℹ️ [SHEET-META] set sheet=P2P.MatchRateSummary center=ok axes=ok normal=ok dims=400x144 cells=8x2 src=tile
21:12:47.132 ℹ️ [SHEET-META] set sheet=P2P.SpendByCategory center=ok axes=ok normal=ok dims=400x144 cells=6x5 src=tile
21:12:47.132 ℹ️ [SHEET-META] set sheet=MFG.WorkOrders center=ok axes=ok normal=ok dims=400x144 cells=1x5 src=tile
21:12:47.133 ℹ️ [SHEET-META] set sheet=MFG.MaterialIssues center=ok axes=ok normal=ok dims=400x144 cells=1x5 src=tile
21:12:47.134 ℹ️ [SHEET-META] set sheet=MFG.ScrapEvents center=ok axes=ok normal=ok dims=400x144 cells=1x5 src=tile
21:12:47.134 ℹ️ [SHEET-META] set sheet=MFG.QualityChecks center=ok axes=ok normal=ok dims=400x144 cells=1x4 src=tile
21:12:47.135 ℹ️ [SHEET-META] set sheet=MFG.WOIssueMatch center=ok axes=ok normal=ok dims=400x144 cells=1x8 src=tile
21:12:47.135 ℹ️ [SHEET-META] set sheet=MFG.ProductionSummary center=ok axes=ok normal=ok dims=400x144 cells=5x2 src=tile
21:12:47.136 ℹ️ [VIS2] sheetTilesRendered count=39
21:12:47.136 ℹ️ [CANOPY] proxyCache preRender=PASS size=39
21:12:47.136 ℹ️ [CANOPY] proxyCache populated=PASS size=39
21:12:47.137 ℹ️ [SHEET-PLATFORM] rendered count=39 mode=overview normal=UP
21:12:47.137 ℹ️ [SHEET-PLATFORM] proxyCache updated=PASS sheets=39
21:12:47.138 ℹ️ [TEMPLATE] deptCount=27 sheetsTarget=39 applied=PASS
21:12:47.138 ℹ️ [TEMPLATE] sheetPlacement applied=PASS sheets=39 collisions=0
21:12:47.139 ℹ️ [TEMPLATE] fanLayout applied=PASS perDept=multi fanned=6
21:12:47.139 ℹ️ [CANOPY] placement function=computeCanopyPlacement version=1
21:12:47.139 ℹ️ [CANOPY] radialLayout applied=PASS depts=6 tiers=3 radii=220,280,340
21:12:47.140 ℹ️ [CANOPY] curvature applied=PASS
21:12:47.140 ℹ️ [CANOPY] gridLOD overview=MAJOR faceSheet=FULL
21:12:47.140 ℹ️ [CANOPY] labels policy=PASS overview=DEPTS_ONLY hover=LOCAL
21:12:47.141 ℹ️ [VIS2] exitSheet collapsed=PASS expanded=0 tiles=39
21:12:47.142 ℹ️ [VIS3] flowOverlay result=PASS edges=66 exceptions=11 scope=world lod=COMPANY
21:12:47.142 ℹ️ [VIS3] trafficBarsRendered count=8
21:12:47.143 ℹ️ [VIS3] gate-summary result=PASS
21:12:47.143 ℹ️ [TIMEBOX] input source=demoTimeboxes
21:12:47.146 ℹ️ [VIS4c] labelsRendered count=36 scope=company
21:12:47.146 ℹ️ [VIS4] slabsRendered scope=company objects=9 slabs=36 capped=false
21:12:47.147 ℹ️ [VIS4] companySlabs result=PASS deptBranches=8 trunkSlabs=6
21:12:47.147 ℹ️ [VIS4] gate-summary result=PASS
21:12:47.148 ℹ️ ✅ Tree rendered:
21:12:47.148 ℹ️   Primitives: 125 (trunk=6, branches=27, cell-filaments=0, spines=0, lane-polylines=0, lane-volumes=0, sheet-tiles=39, dept-spines=8, flow-bars=9, ex-overlays=0, route-highlights=0, slabs=36, vis6-pulses=0, presence-markers=0)
21:12:47.149 ℹ️   Entities: 97 (labels=6, cell-points=0, timebox-labels=91)
21:12:47.149 ℹ️ [LOD-BUDGET] frame sheetsDetailed=0 totalMarkers=0 totalPrims=125 totalEntities=97
21:12:47.150 ❌ [REFUSAL.SHEET_NORMAL_NOT_ANTI_TANGENT] sheet=sheet.packaging angleDeg=82.57 expected=0±5
21:12:47.150 ❌ [REFUSAL.SHEET_NORMAL_NOT_ANTI_TANGENT] sheet=sheet.mfg.materialIssues angleDeg=82.57 expected=0±5
21:12:47.151 ❌ [REFUSAL.SHEET_NORMAL_NOT_ANTI_TANGENT] sheet=sheet.fin.apAging angleDeg=51.74 expected=0±5
21:12:47.151 ❌ [REFUSAL.SHEET_NORMAL_NOT_ANTI_TANGENT] sheet=sheet.fin.cashForecast angleDeg=51.74 expected=0±5
21:12:47.151 ❌ [REFUSAL.SHEET_NORMAL_NOT_ANTI_TANGENT] sheet=sheet.ops.productionSummary angleDeg=82.57 expected=0±5
21:12:47.151 ❌ [REFUSAL.SHEET_NORMAL_NOT_ANTI_TANGENT] sheet=sheet.ops.shiftReport angleDeg=82.57 expected=0±5
21:12:47.152 ❌ [REFUSAL.SHEET_NORMAL_NOT_ANTI_TANGENT] sheet=sheet.fin.budgetVariance angleDeg=51.74 expected=0±5
21:12:47.152 ❌ [REFUSAL.SHEET_NORMAL_NOT_ANTI_TANGENT] sheet=sheet.scm.inventoryLevels angleDeg=51.74 expected=0±5
21:12:47.152 ❌ [REFUSAL.SHEET_NORMAL_NOT_ANTI_TANGENT] sheet=sheet.qa.auditFindings angleDeg=82.57 expected=0±5
21:12:47.153 ❌ [REFUSAL.SHEET_NORMAL_NOT_ANTI_TANGENT] sheet=sheet.qa.ncTracking angleDeg=82.57 expected=0±5
21:12:47.153 ❌ [REFUSAL.SHEET_NORMAL_NOT_ANTI_TANGENT] sheet=sheet.qa.spcCharts angleDeg=82.57 expected=0±5
21:12:47.153 ❌ [REFUSAL.SHEET_NORMAL_NOT_ANTI_TANGENT] sheet=sheet.mnt.workOrders angleDeg=106.46 expected=0±5
21:12:47.153 ❌ [REFUSAL.SHEET_NORMAL_NOT_ANTI_TANGENT] sheet=sheet.mnt.assetRegistry angleDeg=106.46 expected=0±5
21:12:47.153 ❌ [REFUSAL.SHEET_NORMAL_NOT_ANTI_TANGENT] sheet=sheet.mnt.sparePartsInventory angleDeg=106.46 expected=0±5
21:12:47.154 ❌ [REFUSAL.SHEET_NORMAL_NOT_ANTI_TANGENT] sheet=sheet.it.systemUptime angleDeg=106.46 expected=0±5
21:12:47.154 ❌ [REFUSAL.SHEET_NORMAL_NOT_ANTI_TANGENT] sheet=sheet.it.changeRequests angleDeg=106.46 expected=0±5
21:12:47.154 ❌ [REFUSAL.SHEET_NORMAL_NOT_ANTI_TANGENT] sheet=sheet.it.projectTracker angleDeg=106.46 expected=0±5
21:12:47.154 ❌ [REFUSAL.SHEET_NORMAL_NOT_ANTI_TANGENT] sheet=sheet.it.securityDashboard angleDeg=106.46 expected=0±5
21:12:47.154 ❌ [REFUSAL.SHEET_NORMAL_NOT_ANTI_TANGENT] sheet=sheet.scm.inboundRequests angleDeg=51.74 expected=0±5
21:12:47.155 ❌ [REFUSAL.SHEET_NORMAL_NOT_ANTI_TANGENT] sheet=sheet.scm.supplierScorecard angleDeg=51.74 expected=0±5
21:12:47.155 ❌ [TOPOLOGY VIOLATION] [Sheet sheet.packaging: normal not anti-parallel to branch tangent (angle=82.6°, expected=0°±5°), Sheet sheet.mfg.materialIssues: normal not anti-pa…l to branch tangent (angle=82.6°, expected=0°±5°), Sheet sheet.fin.apAging: normal not anti-parallel to branch tangent (angle=51.7°, expected=0°±5°), Sheet sheet.fin.cashForecast: normal not anti-para…l to branch tangent (angle=51.7°, expected=0°±5°), Sheet sheet.ops.productionSummary: normal not anti…l to branch tangent (angle=82.6°, expected=0°±5°), Sheet sheet.ops.shiftReport: normal not anti-paral…l to branch tangent (angle=82.6°, expected=0°±5°), Sheet sheet.fin.budgetVariance: normal not anti-pa…l to branch tangent (angle=51.7°, expected=0°±5°), Sheet sheet.scm.inventoryLevels: normal not anti-p…l to branch tangent (angle=51.7°, expected=0°±5°), Sheet sheet.qa.auditFindings: normal not anti-para…l to branch tangent (angle=82.6°, expected=0°±5°), Sheet sheet.qa.ncTracking: normal not anti-parallel to branch tangent (angle=82.6°, expected=0°±5°), Sheet sheet.qa.spcCharts: normal not anti-parallel to branch tangent (angle=82.6°, expected=0°±5°), Sheet sheet.mnt.workOrders: normal not anti-parall… to branch tangent (angle=106.5°, expected=0°±5°), Sheet sheet.mnt.assetRegistry: normal not anti-par… to branch tangent (angle=106.5°, expected=0°±5°), Sheet sheet.mnt.sparePartsInventory: normal not an… to branch tangent (angle=106.5°, expected=0°±5°), Sheet sheet.it.systemUptime: normal not anti-paral… to branch tangent (angle=106.5°, expected=0°±5°), Sheet sheet.it.changeRequests: normal not anti-par… to branch tangent (angle=106.5°, expected=0°±5°), Sheet sheet.it.projectTracker: normal not anti-par… to branch tangent (angle=106.5°, expected=0°±5°), Sheet sheet.it.securityDashboard: normal not anti-… to branch tangent (angle=106.5°, expected=0°±5°), Sheet sheet.scm.inboundRequests: normal not anti-p…l to branch tangent (angle=51.7°, expected=0°±5°), Sheet sheet.scm.supplierScorecard: normal not anti…l to branch tangent (angle=51.7°, expected=0°±5°)]
21:12:47.156 ❌ [TOPOLOGY] ❌ Validation failed: Error: Canonical topology violated: Sheet sheet.packaging: normal not anti-parallel to branch tangent (angle=82.6°, expected=0°±5°)
    at CesiumFilamentRenderer.validateTopology (http://127.0.0.1:3000/app/renderers/filament-renderer.js:1985:19)
    at CesiumFilamentRenderer.renderTree (http://127.0.0.1:3000/app/renderers/filament-renderer.js:1876:22)
    at http://127.0.0.1:3000/app/renderers/filament-renderer.js:1104:22
21:12:47.156 ℹ️ [FilamentRenderer] ✅ Turgor force animation started
21:12:48.336 ℹ️ [GLOBE] worldTrunks synced added=5 total=6
21:12:48.337 ℹ️ [GLOBE] datasetLoad anchors=6
21:12:48.338 ℹ️ [UX] multiCountrySmoke=PASS anchors=6
21:12:48.338 ℹ️ [LAUNCH-FIX] cameraFrame target=trunk.avgol result=PASS distM=750 horzM=1000 heading=355 pitch=-28 applied=PASS
21:12:48.339 ℹ️ 📷 Camera presets: Press 1=SheetTopDown, 2=SideProfile, 3=SheetFaceOn, 4=SpreadsheetProof, 5=SpineInspection
21:12:48.340 ℹ️ 🔒 LOD Lock: Press L to lock/unlock LOD at current level
21:12:48.341 ℹ️ 🎮 Free-fly pointer lock: Press ` (backquote) to toggle
21:12:48.342 ℹ️ [HUD] mode=FreeFly layer1=6 layer2=0
21:12:48.347 ℹ️ [HUD] consolidated rootCount=1 duplicates=0
21:12:48.351 ℹ️ [HUD] tier1 rows=6
21:12:48.351 ℹ️ [HUD] tier2 default=collapsed
21:12:48.352 ℹ️ [PRES] billboard=ON reason=launch-default
21:12:48.353 ℹ️ [UX] debugLogs=false (launch mode)
21:12:48.353 ℹ️ [LAUNCH-FIX] uiGating launch=true hiddenPanels=artifacts,ux3,p2p,topicLane,vote,workMode,logConsole applied=PASS
21:12:48.360 ℹ️ [LAUNCH-FIX] hud tier1=ON tier2=OFF default=collapsed
21:12:48.360 ℹ️ [LAUNCH-FIX] helpOverlay shown=true dismissed=false source=first
[BUILD] 2026-02-09T12:30Z ux-1.1-universal-object-contract
21:12:48.361 ℹ️ [UX-1.1-PROOF] type=trunk id=trunk.avgol scope=root actions=focusView,showKPIs,showTimeboxes,showBranches,cycleClusterLevel,focusNextRegion,loadGlobalCore
21:12:48.362 ℹ️ [UX-1.1-PROOF] type=branch id=branch.operations scope=trunk.avgol actions=focusView,showKPIs,showTimeboxes,showPressureSources,cycleClusterLevel,focusNextRegion,loadGlobalCore
21:12:48.362 ℹ️ [UX-1.1-PROOF] type=sheet id=sheet.packaging scope=branch.operations actions=focusView,showSchema,addColumn,addValidation,addSummaryBinding
21:12:48.362 ℹ️ [UX-1.1-PROOF] type=cell id=sheet.packaging.cell.0.0 scope=branch.operations actions=edit,viewDependencies,viewHistory,createValidation,lockScope
21:12:48.362 ℹ️ [UX-1.1-PROOF] type=match id=3WM-001 scope=branch.p2p.mc1 actions=inspectSources,viewVariance,setTolerance,markResolved
21:12:48.363 ℹ️ [UX-1.1-PROOF] type=route id=p2p.requisition scope=branch.p2p.fc1 actions=previewMapping,ingestTestRecord,showProvenance,editFieldMap
21:12:48.363 ℹ️ [UX-1.1-PROOF] type=module id=P2P scope=trunk.avgol actions=showAllSheets,showRoutes,showKPIBindings,showRecomputationChain
21:12:48.363 ℹ️ [UX-1.1] Universal Object Contract: 7 types resolved
21:12:48.364 ℹ️ [CAM] basin-proximity target=branch.maintenance type=branch radiusM=6000.0 distanceM=1584.3 assist=BLOCKED_LAUNCH
21:12:48.365 ℹ️ [VIS] sheetSelect resolved sheet=MFG.MaterialIssues reason=default
[VIS] sheetSelect resolved sheet=MFG.MaterialIssues reason=default
21:12:48.366 ℹ️ [VIS] enter sheet=MFG.MaterialIssues scope=sheet-only
[VIS] enter sheet=MFG.MaterialIssues scope=sheet-only
21:12:48.366 ℹ️ [LOD] apply level=CELL sheetsDetailed=1 lanes=1 markers=1
21:12:48.367 ℹ️ [DOCK] dist=970 align=0.18 preview=false edit=false overlay=0.00
[BoundaryRenderer] ✅ BRA: Loaded 1/1 features
[BoundaryRenderer] Loading ARG from data/boundaries/countries/ARG-ADM0.geojson
21:12:48.513 ℹ️ [GATE 4] Anchor marker rendered at (34.7818, 32.0853) - independent of buildings/terrain
21:12:48.515 ℹ️ [GATE 4] Anchor marker rendered at (34.7818, 32.0853) - independent of buildings/terrain
21:12:48.515 ℹ️ [GATE 4] Anchor marker rendered at (34.7818, 32.0853) - independent of buildings/terrain
21:12:48.516 ℹ️ [GATE 4] Anchor marker rendered at (34.7818, 32.0853) - independent of buildings/terrain
21:12:48.516 ℹ️ [GATE 4] Anchor marker rendered at (34.7818, 32.0853) - independent of buildings/terrain
21:12:48.516 ℹ️ [GATE 4] Anchor marker rendered at (34.7818, 32.0853) - independent of buildings/terrain
21:12:48.517 ℹ️ [GATE 4] Anchor marker rendered at (-122.4194, 37.7749) - independent of buildings/terrain
21:12:48.517 ℹ️ [GATE 4] Anchor marker rendered at (-0.1276, 51.5072) - independent of buildings/terrain
21:12:48.518 ℹ️ [GATE 4] Anchor marker rendered at (77.2090, 28.6139) - independent of buildings/terrain
21:12:48.519 ℹ️ [GATE 4] Anchor marker rendered at (139.6917, 35.6895) - independent of buildings/terrain
21:12:48.519 ℹ️ [GATE 4] Anchor marker rendered at (-46.6333, -23.5505) - independent of buildings/terrain
21:12:48.521 ℹ️ [UX] debugLogs=false gateSpamSuppressed=true
21:12:48.525 ℹ️ [VIS2] expandedSheetsAllowed=true scope=sheet
21:12:48.525 ℹ️ [VIS2] suppressSheetDetail=false expandedSheetsAllowed=true selectedSheet=MFG.MaterialIssues lod=CELL
21:12:48.529 ℹ️ [VIS] sheetOnlyRender sheetsDetailed=1 selected=MFG.MaterialIssues hidden=38
21:12:48.538 ℹ️ [VIS2] sheetTilesRendered count=38
21:12:48.538 ℹ️ [VIS2] enterSheet expanded=1 tiles=38
21:12:48.538 ℹ️ [VIS3.2] sheetOverlay begin sheet=MFG.MaterialIssues scope=sheet
21:12:48.538 ℹ️ [VIS3.2] exceptionRows result=PASS sheet=MFG.MaterialIssues count=0
21:12:48.539 ℹ️ [VIS3.2] routeHighlights result=PASS sheet=MFG.MaterialIssues edges=0
21:12:48.539 ℹ️ [VIS3.2] budget exceptionOverlays=0 routeHighlights=0 capped=false
21:12:48.539 ℹ️ [VIS3.2] gate-summary result=PASS
21:12:48.539 ℹ️ [VIS4c] labelsRendered count=1 scope=sheet
21:12:48.539 ℹ️ [VIS4] slabsRendered scope=sheet objects=1 slabs=1 capped=false
21:12:48.539 ℹ️ [VIS4] sheetSlabs result=PASS sheet=MFG.MaterialIssues slabs=1
21:12:48.539 ℹ️ [VIS4] gate-summary result=PASS
21:12:48.540 ℹ️ [LOD-BUDGET] frame sheetsDetailed=1 totalMarkers=5 totalPrims=88 totalEntities=92
21:12:48.540 ❌ [REFUSAL.SHEET_NORMAL_NOT_ANTI_TANGENT] sheet=sheet.packaging angleDeg=82.57 expected=0±5
21:12:48.540 ❌ [REFUSAL.SHEET_NORMAL_NOT_ANTI_TANGENT] sheet=sheet.mfg.materialIssues angleDeg=82.57 expected=0±5
21:12:48.540 ❌ [REFUSAL.SHEET_NORMAL_NOT_ANTI_TANGENT] sheet=sheet.fin.apAging angleDeg=51.74 expected=0±5
21:12:48.540 ❌ [REFUSAL.SHEET_NORMAL_NOT_ANTI_TANGENT] sheet=sheet.fin.cashForecast angleDeg=51.74 expected=0±5
21:12:48.540 ❌ [REFUSAL.SHEET_NORMAL_NOT_ANTI_TANGENT] sheet=sheet.ops.productionSummary angleDeg=82.57 expected=0±5
21:12:48.540 ❌ [REFUSAL.SHEET_NORMAL_NOT_ANTI_TANGENT] sheet=sheet.ops.shiftReport angleDeg=82.57 expected=0±5
21:12:48.540 ❌ [REFUSAL.SHEET_NORMAL_NOT_ANTI_TANGENT] sheet=sheet.fin.budgetVariance angleDeg=51.74 expected=0±5
21:12:48.540 ❌ [REFUSAL.SHEET_NORMAL_NOT_ANTI_TANGENT] sheet=sheet.scm.inventoryLevels angleDeg=51.74 expected=0±5
21:12:48.540 ❌ [REFUSAL.SHEET_NORMAL_NOT_ANTI_TANGENT] sheet=sheet.qa.auditFindings angleDeg=82.57 expected=0±5
21:12:48.540 ❌ [REFUSAL.SHEET_NORMAL_NOT_ANTI_TANGENT] sheet=sheet.qa.ncTracking angleDeg=82.57 expected=0±5
21:12:48.540 ❌ [REFUSAL.SHEET_NORMAL_NOT_ANTI_TANGENT] sheet=sheet.qa.spcCharts angleDeg=82.57 expected=0±5
21:12:48.540 ❌ [REFUSAL.SHEET_NORMAL_NOT_ANTI_TANGENT] sheet=sheet.mnt.workOrders angleDeg=106.46 expected=0±5
21:12:48.540 ❌ [REFUSAL.SHEET_NORMAL_NOT_ANTI_TANGENT] sheet=sheet.mnt.assetRegistry angleDeg=106.46 expected=0±5
21:12:48.540 ❌ [REFUSAL.SHEET_NORMAL_NOT_ANTI_TANGENT] sheet=sheet.mnt.sparePartsInventory angleDeg=106.46 expected=0±5
21:12:48.540 ❌ [REFUSAL.SHEET_NORMAL_NOT_ANTI_TANGENT] sheet=sheet.it.systemUptime angleDeg=106.46 expected=0±5
21:12:48.541 ❌ [REFUSAL.SHEET_NORMAL_NOT_ANTI_TANGENT] sheet=sheet.it.changeRequests angleDeg=106.46 expected=0±5
21:12:48.541 ❌ [REFUSAL.SHEET_NORMAL_NOT_ANTI_TANGENT] sheet=sheet.it.projectTracker angleDeg=106.46 expected=0±5
21:12:48.541 ❌ [REFUSAL.SHEET_NORMAL_NOT_ANTI_TANGENT] sheet=sheet.it.securityDashboard angleDeg=106.46 expected=0±5
21:12:48.541 ❌ [REFUSAL.SHEET_NORMAL_NOT_ANTI_TANGENT] sheet=sheet.scm.inboundRequests angleDeg=51.74 expected=0±5
21:12:48.541 ❌ [REFUSAL.SHEET_NORMAL_NOT_ANTI_TANGENT] sheet=sheet.scm.supplierScorecard angleDeg=51.74 expected=0±5
21:12:48.541 ❌ [TOPOLOGY VIOLATION] [Sheet sheet.packaging: normal not anti-parallel to branch tangent (angle=82.6°, expected=0°±5°), Sheet sheet.mfg.materialIssues: normal not anti-pa…l to branch tangent (angle=82.6°, expected=0°±5°), Sheet sheet.fin.apAging: normal not anti-parallel to branch tangent (angle=51.7°, expected=0°±5°), Sheet sheet.fin.cashForecast: normal not anti-para…l to branch tangent (angle=51.7°, expected=0°±5°), Sheet sheet.ops.productionSummary: normal not anti…l to branch tangent (angle=82.6°, expected=0°±5°), Sheet sheet.ops.shiftReport: normal not anti-paral…l to branch tangent (angle=82.6°, expected=0°±5°), Sheet sheet.fin.budgetVariance: normal not anti-pa…l to branch tangent (angle=51.7°, expected=0°±5°), Sheet sheet.scm.inventoryLevels: normal not anti-p…l to branch tangent (angle=51.7°, expected=0°±5°), Sheet sheet.qa.auditFindings: normal not anti-para…l to branch tangent (angle=82.6°, expected=0°±5°), Sheet sheet.qa.ncTracking: normal not anti-parallel to branch tangent (angle=82.6°, expected=0°±5°), Sheet sheet.qa.spcCharts: normal not anti-parallel to branch tangent (angle=82.6°, expected=0°±5°), Sheet sheet.mnt.workOrders: normal not anti-parall… to branch tangent (angle=106.5°, expected=0°±5°), Sheet sheet.mnt.assetRegistry: normal not anti-par… to branch tangent (angle=106.5°, expected=0°±5°), Sheet sheet.mnt.sparePartsInventory: normal not an… to branch tangent (angle=106.5°, expected=0°±5°), Sheet sheet.it.systemUptime: normal not anti-paral… to branch tangent (angle=106.5°, expected=0°±5°), Sheet sheet.it.changeRequests: normal not anti-par… to branch tangent (angle=106.5°, expected=0°±5°), Sheet sheet.it.projectTracker: normal not anti-par… to branch tangent (angle=106.5°, expected=0°±5°), Sheet sheet.it.securityDashboard: normal not anti-… to branch tangent (angle=106.5°, expected=0°±5°), Sheet sheet.scm.inboundRequests: normal not anti-p…l to branch tangent (angle=51.7°, expected=0°±5°), Sheet sheet.scm.supplierScorecard: normal not anti…l to branch tangent (angle=51.7°, expected=0°±5°)]
21:12:48.541 ❌ [TOPOLOGY] ❌ Validation failed: Error: Canonical topology violated: Sheet sheet.packaging: normal not anti-parallel to branch tangent (angle=82.6°, expected=0°±5°)
    at CesiumFilamentRenderer.validateTopology (http://127.0.0.1:3000/app/renderers/filament-renderer.js:1985:19)
    at CesiumFilamentRenderer.renderTree (http://127.0.0.1:3000/app/renderers/filament-renderer.js:1876:22)
    at http://127.0.0.1:3000/app/renderers/filament-renderer.js:1104:22
21:12:49.527 ℹ️ [HUD] paramsLoaded version=HUD-PARAMS-v0 policyRef=local:HUD-PARAMS-v0
[BoundaryRenderer] ✅ ARG: Loaded 1/1 features
[BoundaryRenderer] Loading GBR from data/boundaries/countries/GBR-ADM0.geojson
21:12:49.561 ℹ️ [DOCK] dist=970 align=0.18 preview=false edit=false overlay=0.00
21:12:50.271 ℹ️ [VIS] exit sheet=MFG.MaterialIssues restoreView=true
[VIS] exit sheet=MFG.MaterialIssues restoreView=true
21:12:50.272 ℹ️ [VIS] enter company=trunk.avgol
[VIS] enter company=trunk.avgol
21:12:50.272 ℹ️ [LOD] apply level=COMPANY requestedSheetsDetailed=0 effectiveSheetsDetailed=0 lanes=0 markers=0 reason=collapsedByPolicy distKm=1.6
21:12:50.272 ℹ️ [CAM] focusLock target=trunk.avgol scope=company result=PASS
21:12:50.272 ℹ️ [INPUT] owner=CAMERA mode=FreeFly reason=focusLock
21:12:50.272 ℹ️ [LOD] lock level=COMPANY reason=basinFocus
21:12:50.335 ℹ️ [GATE 4] Anchor marker rendered at (34.7818, 32.0853) - independent of buildings/terrain
21:12:50.336 ℹ️ [GATE 4] Anchor marker rendered at (34.7818, 32.0853) - independent of buildings/terrain
21:12:50.337 ℹ️ [GATE 4] Anchor marker rendered at (34.7818, 32.0853) - independent of buildings/terrain
21:12:50.337 ℹ️ [GATE 4] Anchor marker rendered at (34.7818, 32.0853) - independent of buildings/terrain
21:12:50.338 ℹ️ [GATE 4] Anchor marker rendered at (34.7818, 32.0853) - independent of buildings/terrain
21:12:50.338 ℹ️ [GATE 4] Anchor marker rendered at (34.7818, 32.0853) - independent of buildings/terrain
21:12:50.338 ℹ️ [GATE 4] Anchor marker rendered at (-122.4194, 37.7749) - independent of buildings/terrain
21:12:50.339 ℹ️ [GATE 4] Anchor marker rendered at (-0.1276, 51.5072) - independent of buildings/terrain
21:12:50.339 ℹ️ [GATE 4] Anchor marker rendered at (77.2090, 28.6139) - independent of buildings/terrain
21:12:50.340 ℹ️ [GATE 4] Anchor marker rendered at (139.6917, 35.6895) - independent of buildings/terrain
21:12:50.340 ℹ️ [GATE 4] Anchor marker rendered at (-46.6333, -23.5505) - independent of buildings/terrain
21:12:50.346 ℹ️ [VIS2] expandedSheetsAllowed=false scope=company
21:12:50.346 ℹ️ [VIS2] suppressSheetDetail=true expandedSheetsAllowed=false selectedSheet=none lod=COMPANY
21:12:50.347 ℹ️ [VIS] basinRings anchor=trunk.avgol companies=11 mode=cluster
21:12:50.347 ℹ️ [VIS2] deptSpinesRendered count=8
21:12:50.347 ℹ️ [VIS2] companyCollapsed result=PASS sheetsRendered=0 lod=COMPANY scope=company expandedSheetsAllowed=false
21:12:50.354 ℹ️ [VIS2] sheetTilesRendered count=39
21:12:50.354 ℹ️ [VIS2] exitSheet collapsed=PASS expanded=0 tiles=39
21:12:50.355 ℹ️ [VIS3] flowOverlay result=PASS edges=66 exceptions=11 scope=company lod=COMPANY
21:12:50.355 ℹ️ [VIS3] trafficBarsRendered count=8
21:12:50.355 ℹ️ [VIS3] gate-summary result=PASS
21:12:50.364 ℹ️ [VIS4c] labelsRendered count=51 scope=company
21:12:50.365 ℹ️ [VIS4] slabsRendered scope=company objects=14 slabs=51 capped=false
21:12:50.365 ℹ️ [VIS4] companySlabs result=PASS deptBranches=8 trunkSlabs=21
21:12:50.365 ℹ️ [VIS4] gate-summary result=PASS
21:12:50.365 ℹ️ [LOD-BUDGET] frame sheetsDetailed=0 totalMarkers=0 totalPrims=145 totalEntities=132
21:12:50.365 ❌ [REFUSAL.SHEET_NORMAL_NOT_ANTI_TANGENT] sheet=sheet.packaging angleDeg=82.57 expected=0±5
21:12:50.365 ❌ [REFUSAL.SHEET_NORMAL_NOT_ANTI_TANGENT] sheet=sheet.mfg.materialIssues angleDeg=82.57 expected=0±5
21:12:50.365 ❌ [REFUSAL.SHEET_NORMAL_NOT_ANTI_TANGENT] sheet=sheet.fin.apAging angleDeg=51.74 expected=0±5
21:12:50.365 ❌ [REFUSAL.SHEET_NORMAL_NOT_ANTI_TANGENT] sheet=sheet.fin.cashForecast angleDeg=51.74 expected=0±5
21:12:50.365 ❌ [REFUSAL.SHEET_NORMAL_NOT_ANTI_TANGENT] sheet=sheet.ops.productionSummary angleDeg=82.57 expected=0±5
21:12:50.365 ❌ [REFUSAL.SHEET_NORMAL_NOT_ANTI_TANGENT] sheet=sheet.ops.shiftReport angleDeg=82.57 expected=0±5
21:12:50.365 ❌ [REFUSAL.SHEET_NORMAL_NOT_ANTI_TANGENT] sheet=sheet.fin.budgetVariance angleDeg=51.74 expected=0±5
21:12:50.366 ❌ [REFUSAL.SHEET_NORMAL_NOT_ANTI_TANGENT] sheet=sheet.scm.inventoryLevels angleDeg=51.74 expected=0±5
21:12:50.366 ❌ [REFUSAL.SHEET_NORMAL_NOT_ANTI_TANGENT] sheet=sheet.qa.auditFindings angleDeg=82.57 expected=0±5
21:12:50.366 ❌ [REFUSAL.SHEET_NORMAL_NOT_ANTI_TANGENT] sheet=sheet.qa.ncTracking angleDeg=82.57 expected=0±5
21:12:50.366 ❌ [REFUSAL.SHEET_NORMAL_NOT_ANTI_TANGENT] sheet=sheet.qa.spcCharts angleDeg=82.57 expected=0±5
21:12:50.366 ❌ [REFUSAL.SHEET_NORMAL_NOT_ANTI_TANGENT] sheet=sheet.mnt.workOrders angleDeg=106.46 expected=0±5
21:12:50.366 ❌ [REFUSAL.SHEET_NORMAL_NOT_ANTI_TANGENT] sheet=sheet.mnt.assetRegistry angleDeg=106.46 expected=0±5
21:12:50.366 ❌ [REFUSAL.SHEET_NORMAL_NOT_ANTI_TANGENT] sheet=sheet.mnt.sparePartsInventory angleDeg=106.46 expected=0±5
21:12:50.366 ❌ [REFUSAL.SHEET_NORMAL_NOT_ANTI_TANGENT] sheet=sheet.it.systemUptime angleDeg=106.46 expected=0±5
21:12:50.366 ❌ [REFUSAL.SHEET_NORMAL_NOT_ANTI_TANGENT] sheet=sheet.it.changeRequests angleDeg=106.46 expected=0±5
21:12:50.366 ❌ [REFUSAL.SHEET_NORMAL_NOT_ANTI_TANGENT] sheet=sheet.it.projectTracker angleDeg=106.46 expected=0±5
21:12:50.366 ❌ [REFUSAL.SHEET_NORMAL_NOT_ANTI_TANGENT] sheet=sheet.it.securityDashboard angleDeg=106.46 expected=0±5
21:12:50.366 ❌ [REFUSAL.SHEET_NORMAL_NOT_ANTI_TANGENT] sheet=sheet.scm.inboundRequests angleDeg=51.74 expected=0±5
21:12:50.366 ❌ [REFUSAL.SHEET_NORMAL_NOT_ANTI_TANGENT] sheet=sheet.scm.supplierScorecard angleDeg=51.74 expected=0±5
21:12:50.366 ❌ [TOPOLOGY VIOLATION] [Sheet sheet.packaging: normal not anti-parallel to branch tangent (angle=82.6°, expected=0°±5°), Sheet sheet.mfg.materialIssues: normal not anti-pa…l to branch tangent (angle=82.6°, expected=0°±5°), Sheet sheet.fin.apAging: normal not anti-parallel to branch tangent (angle=51.7°, expected=0°±5°), Sheet sheet.fin.cashForecast: normal not anti-para…l to branch tangent (angle=51.7°, expected=0°±5°), Sheet sheet.ops.productionSummary: normal not anti…l to branch tangent (angle=82.6°, expected=0°±5°), Sheet sheet.ops.shiftReport: normal not anti-paral…l to branch tangent (angle=82.6°, expected=0°±5°), Sheet sheet.fin.budgetVariance: normal not anti-pa…l to branch tangent (angle=51.7°, expected=0°±5°), Sheet sheet.scm.inventoryLevels: normal not anti-p…l to branch tangent (angle=51.7°, expected=0°±5°), Sheet sheet.qa.auditFindings: normal not anti-para…l to branch tangent (angle=82.6°, expected=0°±5°), Sheet sheet.qa.ncTracking: normal not anti-parallel to branch tangent (angle=82.6°, expected=0°±5°), Sheet sheet.qa.spcCharts: normal not anti-parallel to branch tangent (angle=82.6°, expected=0°±5°), Sheet sheet.mnt.workOrders: normal not anti-parall… to branch tangent (angle=106.5°, expected=0°±5°), Sheet sheet.mnt.assetRegistry: normal not anti-par… to branch tangent (angle=106.5°, expected=0°±5°), Sheet sheet.mnt.sparePartsInventory: normal not an… to branch tangent (angle=106.5°, expected=0°±5°), Sheet sheet.it.systemUptime: normal not anti-paral… to branch tangent (angle=106.5°, expected=0°±5°), Sheet sheet.it.changeRequests: normal not anti-par… to branch tangent (angle=106.5°, expected=0°±5°), Sheet sheet.it.projectTracker: normal not anti-par… to branch tangent (angle=106.5°, expected=0°±5°), Sheet sheet.it.securityDashboard: normal not anti-… to branch tangent (angle=106.5°, expected=0°±5°), Sheet sheet.scm.inboundRequests: normal not anti-p…l to branch tangent (angle=51.7°, expected=0°±5°), Sheet sheet.scm.supplierScorecard: normal not anti…l to branch tangent (angle=51.7°, expected=0°±5°)]
21:12:50.366 ❌ [TOPOLOGY] ❌ Validation failed: Error: Canonical topology violated: Sheet sheet.packaging: normal not anti-parallel to branch tangent (angle=82.6°, expected=0°±5°)
    at CesiumFilamentRenderer.validateTopology (http://127.0.0.1:3000/app/renderers/filament-renderer.js:1985:19)
    at CesiumFilamentRenderer.renderTree (http://127.0.0.1:3000/app/renderers/filament-renderer.js:1876:22)
    at http://127.0.0.1:3000/app/renderers/filament-renderer.js:1104:22
[BoundaryRenderer] ✅ GBR: Loaded 1/1 features
[BoundaryRenderer] Loading FRA from data/boundaries/countries/FRA-ADM0.geojson
21:12:50.798 ℹ️ [DOCK] dist=964 align=0.18 preview=false edit=false overlay=0.00
21:12:51.044 ℹ️ [HUD] mode=CompanyFocus
[BoundaryRenderer] ✅ FRA: Loaded 1/1 features
[BoundaryRenderer] Loading DEU from data/boundaries/countries/DEU-ADM0.geojson
21:12:51.526 ℹ️ [CAM] basinFocus settled target=trunk.avgol distM=900 pitch=-55
21:12:52.048 ℹ️ [DOCK] dist=761 align=0.43 preview=false edit=false overlay=0.00
[BoundaryRenderer] ✅ DEU: Loaded 1/1 features
[BoundaryRenderer] Loading NLD from data/boundaries/countries/NLD-ADM0.geojson
21:12:53.133 ℹ️ [DOCK] dist=761 align=0.43 preview=false edit=false overlay=0.00
[BoundaryRenderer] ✅ NLD: Loaded 1/1 features
[BoundaryRenderer] Loading EGY from data/boundaries/countries/EGY-ADM0.geojson
21:12:54.297 ℹ️ [DOCK] dist=761 align=0.43 preview=false edit=false overlay=0.00
[BoundaryRenderer] ✅ EGY: Loaded 1/1 features
[BoundaryRenderer] Loading SAU from data/boundaries/countries/SAU-ADM0.geojson
21:12:55.523 ℹ️ [DOCK] dist=761 align=0.43 preview=false edit=false overlay=0.00
[BoundaryRenderer] ✅ SAU: Loaded 1/1 features
[BoundaryRenderer] Loading IND from data/boundaries/countries/IND-ADM0.geojson
21:12:56.576 ℹ️ [DOCK] dist=761 align=0.43 preview=false edit=false overlay=0.00
[BoundaryRenderer] ✅ IND: Loaded 1/1 features
[BoundaryRenderer] Loading CHN from data/boundaries/countries/CHN-ADM0.geojson
[BoundaryRenderer] ✅ CHN: Loaded 1/1 features
[BoundaryRenderer] Loading KOR from data/boundaries/countries/KOR-ADM0.geojson
21:12:57.583 ℹ️ [DOCK] dist=761 align=0.43 preview=false edit=false overlay=0.00
[BoundaryRenderer] ✅ KOR: Loaded 1/1 features
[BoundaryRenderer] Loading ISR from data/boundaries/countries/ISR-ADM0.geojson
21:12:58.649 ℹ️ [DOCK] dist=761 align=0.43 preview=false edit=false overlay=0.00
[BOUNDARY] reuse id=boundary-ISR-0-0050ba14
21:12:59.163 ℹ️ [GLOBE] country-set id=global-core loaded=26
[BoundaryRenderer] Loading USA from data/boundaries/countries/USA-ADM0.geojson
21:12:59.711 ℹ️ [DOCK] dist=761 align=0.43 preview=false edit=false overlay=0.00
[BoundaryRenderer] Loading USA from data/boundaries/countries/USA-ADM0.geojson
21:13:00.799 ℹ️ [DOCK] dist=761 align=0.43 preview=false edit=false overlay=0.00
21:13:01.381 ℹ️ [GLOBE] focus country=USA
21:13:01.382 ℹ️ [GLOBE] focus region=north-america
21:13:01.384 ℹ️ [GLOBE] hierarchy init cluster=globe countries=11
[BoundaryRenderer] Loading USA from data/boundaries/countries/USA-ADM0.geojson
21:13:01.678 ℹ️ [CAM] basin-exit target=branch.maintenance
21:13:02.016 ℹ️ [DOCK] dist=9844829 align=0.97 preview=false edit=false overlay=0.00
[BoundaryRenderer] Loading ISR from data/boundaries/countries/ISR-ADM0.geojson
21:13:03.267 ℹ️ [DOCK] dist=24611023 align=0.88 preview=false edit=false overlay=0.00
21:13:03.505 ℹ️ [GLOBE] country-set id=global-core loaded=26
21:13:03.505 ℹ️ [GLOBE] cluster level=globe focusCountry=USA
21:13:04.311 ℹ️ [DOCK] dist=24611023 align=0.88 preview=false edit=false overlay=0.00
21:13:05.340 ℹ️ [DOCK] dist=24611023 align=0.88 preview=false edit=false overlay=0.00
21:13:06.401 ℹ️ [DOCK] dist=24611023 align=0.88 preview=false edit=false overlay=0.00
21:13:07.437 ℹ️ [DOCK] dist=24611023 align=0.88 preview=false edit=false overlay=0.00
21:13:08.471 ℹ️ [CAM] basin-proximity target=trunk.avgol type=trunk radiusM=20000.0 distanceM=1200.0 assist=BLOCKED_LAUNCH
21:13:08.472 ℹ️ [DOCK] dist=241 align=0.94 preview=true edit=false overlay=0.00
21:13:08.472 ℹ️ [REFUSAL] reason=AUTO_ANCHOR_BLOCKED action=proximity-dock target=sheet.it.projectTracker dist=241
21:13:08.494 ℹ️ [GATE 4] Anchor marker rendered at (34.7818, 32.0853) - independent of buildings/terrain
21:13:08.496 ℹ️ [GATE 4] Anchor marker rendered at (34.7818, 32.0853) - independent of buildings/terrain
21:13:08.497 ℹ️ [GATE 4] Anchor marker rendered at (34.7818, 32.0853) - independent of buildings/terrain
21:13:08.497 ℹ️ [GATE 4] Anchor marker rendered at (34.7818, 32.0853) - independent of buildings/terrain
21:13:08.498 ℹ️ [GATE 4] Anchor marker rendered at (34.7818, 32.0853) - independent of buildings/terrain
21:13:08.498 ℹ️ [GATE 4] Anchor marker rendered at (34.7818, 32.0853) - independent of buildings/terrain
21:13:08.498 ℹ️ [GATE 4] Anchor marker rendered at (-122.4194, 37.7749) - independent of buildings/terrain
21:13:08.499 ℹ️ [GATE 4] Anchor marker rendered at (-0.1276, 51.5072) - independent of buildings/terrain
21:13:08.500 ℹ️ [GATE 4] Anchor marker rendered at (77.2090, 28.6139) - independent of buildings/terrain
21:13:08.500 ℹ️ [GATE 4] Anchor marker rendered at (139.6917, 35.6895) - independent of buildings/terrain
21:13:08.501 ℹ️ [GATE 4] Anchor marker rendered at (-46.6333, -23.5505) - independent of buildings/terrain
21:13:08.507 ℹ️ [VIS2] expandedSheetsAllowed=false scope=company
21:13:08.508 ℹ️ [VIS2] suppressSheetDetail=true expandedSheetsAllowed=false selectedSheet=none lod=COMPANY
21:13:08.508 ℹ️ [VIS] basinRings anchor=trunk.avgol companies=11 mode=cluster
21:13:08.508 ℹ️ [VIS2] deptSpinesRendered count=8
21:13:08.508 ℹ️ [VIS2] companyCollapsed result=PASS sheetsRendered=0 lod=COMPANY scope=company expandedSheetsAllowed=false
21:13:08.517 ℹ️ [VIS2] sheetTilesRendered count=39
21:13:08.521 ℹ️ [LOD-BUDGET] frame sheetsDetailed=0 totalMarkers=0 totalPrims=145 totalEntities=132
21:13:08.521 ❌ [REFUSAL.SHEET_NORMAL_NOT_ANTI_TANGENT] sheet=sheet.packaging angleDeg=82.57 expected=0±5
21:13:08.521 ❌ [REFUSAL.SHEET_NORMAL_NOT_ANTI_TANGENT] sheet=sheet.mfg.materialIssues angleDeg=82.57 expected=0±5
21:13:08.521 ❌ [REFUSAL.SHEET_NORMAL_NOT_ANTI_TANGENT] sheet=sheet.fin.apAging angleDeg=51.74 expected=0±5
21:13:08.522 ❌ [REFUSAL.SHEET_NORMAL_NOT_ANTI_TANGENT] sheet=sheet.fin.cashForecast angleDeg=51.74 expected=0±5
21:13:08.522 ❌ [REFUSAL.SHEET_NORMAL_NOT_ANTI_TANGENT] sheet=sheet.ops.productionSummary angleDeg=82.57 expected=0±5
21:13:08.522 ❌ [REFUSAL.SHEET_NORMAL_NOT_ANTI_TANGENT] sheet=sheet.ops.shiftReport angleDeg=82.57 expected=0±5
21:13:08.522 ❌ [REFUSAL.SHEET_NORMAL_NOT_ANTI_TANGENT] sheet=sheet.fin.budgetVariance angleDeg=51.74 expected=0±5
21:13:08.522 ❌ [REFUSAL.SHEET_NORMAL_NOT_ANTI_TANGENT] sheet=sheet.scm.inventoryLevels angleDeg=51.74 expected=0±5
21:13:08.522 ❌ [REFUSAL.SHEET_NORMAL_NOT_ANTI_TANGENT] sheet=sheet.qa.auditFindings angleDeg=82.57 expected=0±5
21:13:08.522 ❌ [REFUSAL.SHEET_NORMAL_NOT_ANTI_TANGENT] sheet=sheet.qa.ncTracking angleDeg=82.57 expected=0±5
21:13:08.523 ❌ [REFUSAL.SHEET_NORMAL_NOT_ANTI_TANGENT] sheet=sheet.qa.spcCharts angleDeg=82.57 expected=0±5
21:13:08.523 ❌ [REFUSAL.SHEET_NORMAL_NOT_ANTI_TANGENT] sheet=sheet.mnt.workOrders angleDeg=106.46 expected=0±5
21:13:08.523 ❌ [REFUSAL.SHEET_NORMAL_NOT_ANTI_TANGENT] sheet=sheet.mnt.assetRegistry angleDeg=106.46 expected=0±5
21:13:08.523 ❌ [REFUSAL.SHEET_NORMAL_NOT_ANTI_TANGENT] sheet=sheet.mnt.sparePartsInventory angleDeg=106.46 expected=0±5
21:13:08.523 ❌ [REFUSAL.SHEET_NORMAL_NOT_ANTI_TANGENT] sheet=sheet.it.systemUptime angleDeg=106.46 expected=0±5
21:13:08.523 ❌ [REFUSAL.SHEET_NORMAL_NOT_ANTI_TANGENT] sheet=sheet.it.changeRequests angleDeg=106.46 expected=0±5
21:13:08.523 ❌ [REFUSAL.SHEET_NORMAL_NOT_ANTI_TANGENT] sheet=sheet.it.projectTracker angleDeg=106.46 expected=0±5
21:13:08.523 ❌ [REFUSAL.SHEET_NORMAL_NOT_ANTI_TANGENT] sheet=sheet.it.securityDashboard angleDeg=106.46 expected=0±5
21:13:08.524 ❌ [REFUSAL.SHEET_NORMAL_NOT_ANTI_TANGENT] sheet=sheet.scm.inboundRequests angleDeg=51.74 expected=0±5
21:13:08.524 ❌ [REFUSAL.SHEET_NORMAL_NOT_ANTI_TANGENT] sheet=sheet.scm.supplierScorecard angleDeg=51.74 expected=0±5
21:13:08.524 ❌ [TOPOLOGY VIOLATION] [Sheet sheet.packaging: normal not anti-parallel to branch tangent (angle=82.6°, expected=0°±5°), Sheet sheet.mfg.materialIssues: normal not anti-pa…l to branch tangent (angle=82.6°, expected=0°±5°), Sheet sheet.fin.apAging: normal not anti-parallel to branch tangent (angle=51.7°, expected=0°±5°), Sheet sheet.fin.cashForecast: normal not anti-para…l to branch tangent (angle=51.7°, expected=0°±5°), Sheet sheet.ops.productionSummary: normal not anti…l to branch tangent (angle=82.6°, expected=0°±5°), Sheet sheet.ops.shiftReport: normal not anti-paral…l to branch tangent (angle=82.6°, expected=0°±5°), Sheet sheet.fin.budgetVariance: normal not anti-pa…l to branch tangent (angle=51.7°, expected=0°±5°), Sheet sheet.scm.inventoryLevels: normal not anti-p…l to branch tangent (angle=51.7°, expected=0°±5°), Sheet sheet.qa.auditFindings: normal not anti-para…l to branch tangent (angle=82.6°, expected=0°±5°), Sheet sheet.qa.ncTracking: normal not anti-parallel to branch tangent (angle=82.6°, expected=0°±5°), Sheet sheet.qa.spcCharts: normal not anti-parallel to branch tangent (angle=82.6°, expected=0°±5°), Sheet sheet.mnt.workOrders: normal not anti-parall… to branch tangent (angle=106.5°, expected=0°±5°), Sheet sheet.mnt.assetRegistry: normal not anti-par… to branch tangent (angle=106.5°, expected=0°±5°), Sheet sheet.mnt.sparePartsInventory: normal not an… to branch tangent (angle=106.5°, expected=0°±5°), Sheet sheet.it.systemUptime: normal not anti-paral… to branch tangent (angle=106.5°, expected=0°±5°), Sheet sheet.it.changeRequests: normal not anti-par… to branch tangent (angle=106.5°, expected=0°±5°), Sheet sheet.it.projectTracker: normal not anti-par… to branch tangent (angle=106.5°, expected=0°±5°), Sheet sheet.it.securityDashboard: normal not anti-… to branch tangent (angle=106.5°, expected=0°±5°), Sheet sheet.scm.inboundRequests: normal not anti-p…l to branch tangent (angle=51.7°, expected=0°±5°), Sheet sheet.scm.supplierScorecard: normal not anti…l to branch tangent (angle=51.7°, expected=0°±5°)]
21:13:08.524 ❌ [TOPOLOGY] ❌ Validation failed: Error: Canonical topology violated: Sheet sheet.packaging: normal not anti-parallel to branch tangent (angle=82.6°, expected=0°±5°)
    at CesiumFilamentRenderer.validateTopology (http://127.0.0.1:3000/app/renderers/filament-renderer.js:1985:19)
    at CesiumFilamentRenderer.renderTree (http://127.0.0.1:3000/app/renderers/filament-renderer.js:1876:22)
    at http://127.0.0.1:3000/app/renderers/filament-renderer.js:1104:22
21:13:09.608 ℹ️ [DOCK] dist=241 align=0.94 preview=true edit=false overlay=0.00
21:13:10.755 ℹ️ [DOCK] dist=241 align=0.94 preview=true edit=false overlay=0.00
21:13:11.972 ℹ️ [DOCK] dist=241 align=0.94 preview=true edit=false overlay=0.00
21:13:12.976 ℹ️ [DOCK] dist=241 align=0.94 preview=true edit=false overlay=0.00
21:13:12.995 ℹ️ [GATE 4] Anchor marker rendered at (34.7818, 32.0853) - independent of buildings/terrain
21:13:12.997 ℹ️ [GATE 4] Anchor marker rendered at (34.7818, 32.0853) - independent of buildings/terrain
21:13:12.998 ℹ️ [GATE 4] Anchor marker rendered at (34.7818, 32.0853) - independent of buildings/terrain
21:13:12.998 ℹ️ [GATE 4] Anchor marker rendered at (34.7818, 32.0853) - independent of buildings/terrain
21:13:12.999 ℹ️ [GATE 4] Anchor marker rendered at (34.7818, 32.0853) - independent of buildings/terrain
21:13:12.999 ℹ️ [GATE 4] Anchor marker rendered at (34.7818, 32.0853) - independent of buildings/terrain
21:13:12.999 ℹ️ [GATE 4] Anchor marker rendered at (-122.4194, 37.7749) - independent of buildings/terrain
21:13:13.000 ℹ️ [GATE 4] Anchor marker rendered at (-0.1276, 51.5072) - independent of buildings/terrain
21:13:13.000 ℹ️ [GATE 4] Anchor marker rendered at (77.2090, 28.6139) - independent of buildings/terrain
21:13:13.001 ℹ️ [GATE 4] Anchor marker rendered at (139.6917, 35.6895) - independent of buildings/terrain
21:13:13.001 ℹ️ [GATE 4] Anchor marker rendered at (-46.6333, -23.5505) - independent of buildings/terrain
21:13:13.001 ℹ️ [GATE 4] Anchor marker rendered at (34.7818, 32.0853) - independent of buildings/terrain
21:13:13.002 ℹ️ [GATE 4] Anchor marker rendered at (34.7818, 32.0853) - independent of buildings/terrain
21:13:13.002 ℹ️ [GATE 4] Anchor marker rendered at (34.7818, 32.0853) - independent of buildings/terrain
21:13:13.002 ℹ️ [GATE 4] Anchor marker rendered at (34.7818, 32.0853) - independent of buildings/terrain
21:13:13.002 ℹ️ [GATE 4] Anchor marker rendered at (34.7818, 32.0853) - independent of buildings/terrain
21:13:13.003 ℹ️ [GATE 4] Anchor marker rendered at (34.7818, 32.0853) - independent of buildings/terrain
21:13:13.003 ℹ️ [GATE 4] Anchor marker rendered at (34.7818, 32.0853) - independent of buildings/terrain
21:13:13.003 ℹ️ [GATE 4] Anchor marker rendered at (34.7818, 32.0853) - independent of buildings/terrain
21:13:13.003 ℹ️ [GATE 4] Anchor marker rendered at (34.7818, 32.0853) - independent of buildings/terrain
21:13:13.003 ℹ️ [GATE 4] Anchor marker rendered at (34.7818, 32.0853) - independent of buildings/terrain
21:13:13.004 ℹ️ [GATE 4] Anchor marker rendered at (34.7818, 32.0853) - independent of buildings/terrain
21:13:13.004 ℹ️ [GATE 4] Anchor marker rendered at (34.7818, 32.0853) - independent of buildings/terrain
21:13:13.004 ℹ️ [GATE 4] Anchor marker rendered at (34.7818, 32.0853) - independent of buildings/terrain
21:13:13.004 ℹ️ [GATE 4] Anchor marker rendered at (34.7818, 32.0853) - independent of buildings/terrain
21:13:13.005 ℹ️ [GATE 4] Anchor marker rendered at (34.7818, 32.0853) - independent of buildings/terrain
21:13:13.005 ℹ️ [GATE 4] Anchor marker rendered at (34.7818, 32.0853) - independent of buildings/terrain
21:13:13.006 ℹ️ [GATE 4] Anchor marker rendered at (34.7818, 32.0853) - independent of buildings/terrain
21:13:13.006 ℹ️ [GATE 4] Anchor marker rendered at (34.7818, 32.0853) - independent of buildings/terrain
21:13:13.007 ℹ️ [GATE 4] Anchor marker rendered at (34.7818, 32.0853) - independent of buildings/terrain
21:13:13.007 ℹ️ [GATE 4] Anchor marker rendered at (34.7818, 32.0853) - independent of buildings/terrain
21:13:13.007 ℹ️ [GATE 4] Anchor marker rendered at (34.7818, 32.0853) - independent of buildings/terrain
21:13:13.007 ℹ️ [GATE 4] Anchor marker rendered at (34.7818, 32.0853) - independent of buildings/terrain
21:13:13.008 ℹ️ [GATE 4] Anchor marker rendered at (34.7818, 32.0853) - independent of buildings/terrain
21:13:13.008 ℹ️ [GATE 4] Anchor marker rendered at (34.7818, 32.0853) - independent of buildings/terrain
21:13:13.015 ℹ️ [VIS2] expandedSheetsAllowed=false scope=company
21:13:13.015 ℹ️ [VIS2] suppressSheetDetail=true expandedSheetsAllowed=false selectedSheet=none lod=COMPANY
21:13:13.017 ℹ️ [VIS] basinRings anchor=trunk.avgol companies=35 mode=cluster
21:13:13.017 ℹ️ [VIS2] deptSpinesRendered count=8
21:13:13.017 ℹ️ [VIS2] companyCollapsed result=PASS sheetsRendered=0 lod=COMPANY scope=company expandedSheetsAllowed=false
21:13:13.022 ℹ️ [VIS2] sheetTilesRendered count=39
21:13:13.026 ℹ️ [LOD-BUDGET] frame sheetsDetailed=0 totalMarkers=0 totalPrims=169 totalEntities=156
21:13:13.026 ❌ [REFUSAL.SHEET_NORMAL_NOT_ANTI_TANGENT] sheet=sheet.packaging angleDeg=82.57 expected=0±5
21:13:13.026 ❌ [REFUSAL.SHEET_NORMAL_NOT_ANTI_TANGENT] sheet=sheet.mfg.materialIssues angleDeg=82.57 expected=0±5
21:13:13.026 ❌ [REFUSAL.SHEET_NORMAL_NOT_ANTI_TANGENT] sheet=sheet.fin.apAging angleDeg=51.74 expected=0±5
21:13:13.026 ❌ [REFUSAL.SHEET_NORMAL_NOT_ANTI_TANGENT] sheet=sheet.fin.cashForecast angleDeg=51.74 expected=0±5
21:13:13.026 ❌ [REFUSAL.SHEET_NORMAL_NOT_ANTI_TANGENT] sheet=sheet.ops.productionSummary angleDeg=82.57 expected=0±5
21:13:13.027 ❌ [REFUSAL.SHEET_NORMAL_NOT_ANTI_TANGENT] sheet=sheet.ops.shiftReport angleDeg=82.57 expected=0±5
21:13:13.027 ❌ [REFUSAL.SHEET_NORMAL_NOT_ANTI_TANGENT] sheet=sheet.fin.budgetVariance angleDeg=51.74 expected=0±5
21:13:13.027 ❌ [REFUSAL.SHEET_NORMAL_NOT_ANTI_TANGENT] sheet=sheet.scm.inventoryLevels angleDeg=51.74 expected=0±5
21:13:13.027 ❌ [REFUSAL.SHEET_NORMAL_NOT_ANTI_TANGENT] sheet=sheet.qa.auditFindings angleDeg=82.57 expected=0±5
21:13:13.027 ❌ [REFUSAL.SHEET_NORMAL_NOT_ANTI_TANGENT] sheet=sheet.qa.ncTracking angleDeg=82.57 expected=0±5
21:13:13.027 ❌ [REFUSAL.SHEET_NORMAL_NOT_ANTI_TANGENT] sheet=sheet.qa.spcCharts angleDeg=82.57 expected=0±5
21:13:13.027 ❌ [REFUSAL.SHEET_NORMAL_NOT_ANTI_TANGENT] sheet=sheet.mnt.workOrders angleDeg=106.46 expected=0±5
21:13:13.027 ❌ [REFUSAL.SHEET_NORMAL_NOT_ANTI_TANGENT] sheet=sheet.mnt.assetRegistry angleDeg=106.46 expected=0±5
21:13:13.027 ❌ [REFUSAL.SHEET_NORMAL_NOT_ANTI_TANGENT] sheet=sheet.mnt.sparePartsInventory angleDeg=106.46 expected=0±5
21:13:13.028 ❌ [REFUSAL.SHEET_NORMAL_NOT_ANTI_TANGENT] sheet=sheet.it.systemUptime angleDeg=106.46 expected=0±5
21:13:13.028 ❌ [REFUSAL.SHEET_NORMAL_NOT_ANTI_TANGENT] sheet=sheet.it.changeRequests angleDeg=106.46 expected=0±5
21:13:13.028 ❌ [REFUSAL.SHEET_NORMAL_NOT_ANTI_TANGENT] sheet=sheet.it.projectTracker angleDeg=106.46 expected=0±5
21:13:13.028 ❌ [REFUSAL.SHEET_NORMAL_NOT_ANTI_TANGENT] sheet=sheet.it.securityDashboard angleDeg=106.46 expected=0±5
21:13:13.028 ❌ [REFUSAL.SHEET_NORMAL_NOT_ANTI_TANGENT] sheet=sheet.scm.inboundRequests angleDeg=51.74 expected=0±5
21:13:13.028 ❌ [REFUSAL.SHEET_NORMAL_NOT_ANTI_TANGENT] sheet=sheet.scm.supplierScorecard angleDeg=51.74 expected=0±5
21:13:13.028 ❌ [TOPOLOGY VIOLATION] [Sheet sheet.packaging: normal not anti-parallel to branch tangent (angle=82.6°, expected=0°±5°), Sheet sheet.mfg.materialIssues: normal not anti-pa…l to branch tangent (angle=82.6°, expected=0°±5°), Sheet sheet.fin.apAging: normal not anti-parallel to branch tangent (angle=51.7°, expected=0°±5°), Sheet sheet.fin.cashForecast: normal not anti-para…l to branch tangent (angle=51.7°, expected=0°±5°), Sheet sheet.ops.productionSummary: normal not anti…l to branch tangent (angle=82.6°, expected=0°±5°), Sheet sheet.ops.shiftReport: normal not anti-paral…l to branch tangent (angle=82.6°, expected=0°±5°), Sheet sheet.fin.budgetVariance: normal not anti-pa…l to branch tangent (angle=51.7°, expected=0°±5°), Sheet sheet.scm.inventoryLevels: normal not anti-p…l to branch tangent (angle=51.7°, expected=0°±5°), Sheet sheet.qa.auditFindings: normal not anti-para…l to branch tangent (angle=82.6°, expected=0°±5°), Sheet sheet.qa.ncTracking: normal not anti-parallel to branch tangent (angle=82.6°, expected=0°±5°), Sheet sheet.qa.spcCharts: normal not anti-parallel to branch tangent (angle=82.6°, expected=0°±5°), Sheet sheet.mnt.workOrders: normal not anti-parall… to branch tangent (angle=106.5°, expected=0°±5°), Sheet sheet.mnt.assetRegistry: normal not anti-par… to branch tangent (angle=106.5°, expected=0°±5°), Sheet sheet.mnt.sparePartsInventory: normal not an… to branch tangent (angle=106.5°, expected=0°±5°), Sheet sheet.it.systemUptime: normal not anti-paral… to branch tangent (angle=106.5°, expected=0°±5°), Sheet sheet.it.changeRequests: normal not anti-par… to branch tangent (angle=106.5°, expected=0°±5°), Sheet sheet.it.projectTracker: normal not anti-par… to branch tangent (angle=106.5°, expected=0°±5°), Sheet sheet.it.securityDashboard: normal not anti-… to branch tangent (angle=106.5°, expected=0°±5°), Sheet sheet.scm.inboundRequests: normal not anti-p…l to branch tangent (angle=51.7°, expected=0°±5°), Sheet sheet.scm.supplierScorecard: normal not anti…l to branch tangent (angle=51.7°, expected=0°±5°)]
21:13:13.029 ❌ [TOPOLOGY] ❌ Validation failed: Error: Canonical topology violated: Sheet sheet.packaging: normal not anti-parallel to branch tangent (angle=82.6°, expected=0°±5°)
    at CesiumFilamentRenderer.validateTopology (http://127.0.0.1:3000/app/renderers/filament-renderer.js:1985:19)
    at CesiumFilamentRenderer.renderTree (http://127.0.0.1:3000/app/renderers/filament-renderer.js:1876:22)
    at http://127.0.0.1:3000/app/renderers/filament-renderer.js:1104:22
21:13:14.026 ℹ️ [DOCK] dist=241 align=0.94 preview=true edit=false overlay=0.00
21:13:15.057 ℹ️ [DOCK] dist=241 align=0.94 preview=true edit=false overlay=0.00

--- BASIN-RING-1 proof ---
[BASIN-PROOF] loading launch URL...
[BASIN-PROOF] stage1 N=6 mode=rings: PASS anchor=trunk.avgol companies=6
[BASIN-PROOF] stage2 screenshot 01-basin-ring.png captured
[BASIN-PROOF] stage3 N>6 mode=cluster: PASS companies=11
[BASIN-PROOF] stage4 screenshot 02-cluster.png captured
[BASIN-PROOF] gate-summary result=PASS stages=5/5