==============================================================
[CANOPY-PROOF] VIS-RADIAL-CANOPY-1 proof
[CANOPY-PROOF] date=2026-02-14
==============================================================
[NAV] loading http://127.0.0.1:3000/relay-cesium-world.html?...
[CANOPY-PROOF] buildStamp=VIS-RADIAL-CANOPY-1::2026-02-14
[CANOPY-PROOF] sawRadialLayout=false sawProxyCachePreRender=true sawProxyCachePopulated=true
[CANOPY-PROOF] WARN: radialLayout log not observed; continuing with runtime state checks
[CANOPY-PROOF] RELAY_LAUNCH_MODE=true _sheetProxyCache.size=39
[CANOPY-PROOF] canopyState: {"radial":true,"tiers":3,"depts":6,"radii":"220,280,340"}
[CANOPY-PROOF] distribution: {"ok":true,"sheetsInCache":39,"canopyEntries":20,"angleBins":14,"tierBands":3}
[CANOPY-PROOF] silhouetteReadable=PASS tiersVisible=3 sheetsVisible=39

==============================================================
[CANOPY-PROOF] gate-summary result=PASS
  tiersThree: PASS
  radial: PASS
  deptsSix: PASS
  distributed: PASS
  sheetsVisible20: PASS
  silhouetteReadable: PASS
==============================================================
[CANOPY-PROOF] screenshot 01-silhouette.png
[CANOPY-PROOF] screenshot 02-detail.png
[CANOPY-PROOF] artifacts written C:\Users\Cruton\Desktop\App Development\Relay\RelayCodeBaseV93\archive\proofs\canopy-layout-2026-02-14 (PASSED)