[ENU] Coordinate system loaded - all geometry in meters
20:25:09.862 ℹ️ [GLOBE] imagery mode=osm provider=OpenStreetMap
20:25:09.870 ℹ️ [PRES] colorCorrection added=PASS vignette=ON coolTone=ON
20:25:09.871 ℹ️ [PRES] postFX enabled=PASS fxaa=ON bloom=ON colorCorrect=ON
20:25:09.871 ℹ️ [PRES] fog enabled=PASS density=0.00048
20:25:09.873 ⚠️ ⚠️ Buildings marked as DEGRADED
20:25:09.874 ℹ️ [LAUNCH-FIX] basemapDim brightness=0.28 contrast=0.55 saturation=0.05 gamma=1.6 applied=PASS
20:25:09.874 ℹ️ [LAUNCH] visibilityMode enabled=PASS scale=0.25 trunkPrimitive=cylinder widthFloors=ON basemapDimming=ON
20:25:09.874 ℹ️ [PRES] environmentDeemphasis applied=PASS brightness=0.28 saturation=0.05 gamma=1.6
20:25:09.875 ℹ️ [GLOBE] services weatherBase=http://127.0.0.1:4020
20:25:09.875 ℹ️ [GLOBE] imagery registry enabled modes=local,clean-street,satellite,hybrid,osm,dark,minimalist
20:25:09.875 ℹ️ [CAM] restore-POV skipped for launch (deterministic frame)
20:25:09.876 ℹ️ [INPUT] owner=CAMERA mode=FreeFly reason=default
[RelationshipRenderer] Initialized
[RelationshipRenderer] Cleared all relationships
[BoundaryRenderer] DataSource created and added to viewer
[BoundaryRenderer] Initialized
[BoundaryRenderer] Loading ISR from data/boundaries/countries/ISR-ADM0.geojson source=REPO_FILE
[BoundaryRenderer] Loading USA from data/boundaries/countries/USA-ADM0.geojson source=REPO_FILE
20:25:09.877 ℹ️ [BOUNDARY-EDITOR] Initialized
[FILAMENT] registry initialized=PASS total=6
[DISCLOSURE] restore backend=localStorage loaded=0 result=PASS
[TIMEBOX] event type=DISCLOSURE_CHANGE id=FIL-003 applied=PASS target=trunk.avgol timeboxId=T6
[DISCLOSURE] id=FIL-003 from=PRIVATE to=WITNESSED reason=lifecycle_default result=PASS
[DISCLOSURE] persist backend=localStorage stored=6 result=PASS
[TIMEBOX] event type=DISCLOSURE_CHANGE id=FIL-004 applied=PASS target=trunk.avgol timeboxId=T6
[DISCLOSURE] id=FIL-004 from=PRIVATE to=PUBLIC_SUMMARY reason=lifecycle_default result=PASS
[DISCLOSURE] persist backend=localStorage stored=6 result=PASS
[TIMEBOX] event type=DISCLOSURE_CHANGE id=FIL-005 applied=PASS target=trunk.avgol timeboxId=T6
[DISCLOSURE] id=FIL-005 from=PRIVATE to=PUBLIC_SUMMARY reason=lifecycle_default result=PASS
[DISCLOSURE] persist backend=localStorage stored=6 result=PASS
[TIMEBOX] event type=DISCLOSURE_CHANGE id=FIL-006 applied=PASS target=trunk.avgol timeboxId=T6
[DISCLOSURE] id=FIL-006 from=PRIVATE to=WITNESSED reason=lifecycle_default result=PASS
[DISCLOSURE] persist backend=localStorage stored=6 result=PASS
[.WebGL-0xb640265b100]GL Driver Message (OpenGL, Performance, GL_CLOSE_PATH_NV, High): GPU stall due to ReadPixels
[.WebGL-0xb640265b100]GL Driver Message (OpenGL, Performance, GL_CLOSE_PATH_NV, High): GPU stall due to ReadPixels
[BoundaryRenderer] ✅ ISR: Loaded 1/1 features
[.WebGL-0xb640265b100]GL Driver Message (OpenGL, Performance, GL_CLOSE_PATH_NV, High): GPU stall due to ReadPixels
[BoundaryRenderer] ✅ USA: Loaded 1/1 features
20:25:10.665 ℹ️ [BOUNDARY] containsll suite=PASS polygons=1 multipolygons=1 holes=0
20:25:10.666 ℹ️ [BOUNDARY] containsll hole-suite=PASS probes=3
20:25:10.666 ℹ️ [BOUNDARY] restore result=PASS renderer=BoundaryRenderer containsLL=PASS ISR=1 USA=1
20:25:10.666 ℹ️ [GATE] G3 status=PASS evidence=runtime-boundary-selftest
20:25:10.666 ℹ️ [UX] boundaries=ACTIVE mode=READ_ONLY
20:25:10.666 ℹ️ [BOUNDARY] voting-scope mode=BOUNDARY_ENABLED reason=boundary-pass
[.WebGL-0xb640265b100]GL Driver Message (OpenGL, Performance, GL_CLOSE_PATH_NV, High): GPU stall due to ReadPixels (this message will no longer repeat)
20:25:11.042 ℹ️ [BOUNDARY] manifestLoaded countries=27
[BoundaryRenderer] Loading USA from data/boundaries/countries/USA-ADM0.geojson source=REPO_FILE
[BOUNDARY] reuse id=boundary-USA-0-6c62914d
[BoundaryRenderer] Loading BRA from data/boundaries/countries/BRA-ADM0.geojson source=REPO_FILE
20:25:11.805 ℹ️ [VOTE] restore backend=localStorage mode=demo loaded=0 result=PASS
[VOTE] restore backend=localStorage mode=demo loaded=0 result=PASS
[BACKING] id=branch.finance filaments=3 timeboxes=7 evidence=0 missing=0
[CONF] id=branch.finance orgConf=0.57 globalConf=0.00 breakdown=tb:1,ev:0,disc:1,vote:0
[ATTN] id=branch.finance attn=0.20 lifecycle=SETTLING disclosure=WITNESSED vote=PENDING
[BACKING] id=branch.maintenance filaments=3 timeboxes=7 evidence=0 missing=0
[CONF] id=branch.maintenance orgConf=0.57 globalConf=0.00 breakdown=tb:1,ev:0,disc:1,vote:0
[ATTN] id=branch.maintenance attn=0.36 lifecycle=REFUSAL disclosure=PUBLIC_SUMMARY vote=PENDING
[AC] aggregateAttention scope=company result=0.36 children=8
[AC] aggregateOrgConfidence scope=company result=0.29 children=8
[AC] aggregateGlobalConfidence scope=company result=0.50 children=8
[AC] initialized=PASS functions=7 filaments=6
20:25:11.829 ℹ️ [PRES] launchTransform scale=0.25 uOffset=0 applied=PASS
20:25:11.831 ℹ️ [LAUNCH-FIX] visualHierarchy applied=PASS tilesAlpha=0.018 trunkCore=0.96 branchAlpha=0.18
20:25:11.831 ℹ️ [LAUNCH-THEME] tokens loaded trunk=thinPillar tile=horizontalPlatform filament=rain
20:25:11.831 ℹ️ [GATE] launchVisibility semantics=UNCHANGED enuChecks=RAW
20:25:11.831 ℹ️ [LAUNCH] widthFloors trunk=20m branches=13/10/6 tiles=90x52m rule=uniform
20:25:11.831 ℹ️ [PRES] trunkStyle applied=PASS mode=core+shell coreR=12 shellR=20
20:25:11.831 ℹ️ [PRES] branchStyle applied=PASS ribMode=ON ribScale=0.18 emissive=ON alpha=0.18
20:25:11.831 ℹ️ [PRES] sheetPlatform grid=PASS majorLines=16 mode=overview normal=UP horizontal=ON landscape=120x70
20:25:11.832 ℹ️ [PRES] tileFloatMode=PASS supportFilaments=ON fillAlpha=0.018 borderAlpha=1.0
20:25:11.832 ℹ️ [PRES] filamentRain enabled=PASS density=2
20:25:11.832 ℹ️ [PRES] rootGlow enabled=PASS radius=80 alpha=0.10
20:25:11.832 ℹ️ [GATE 4] Anchor marker rendered at (34.7818, 32.0853) - independent of buildings/terrain
20:25:11.835 ℹ️ [PRES] tether rendered=PASS
20:25:11.835 ℹ️ [PRES] buildingAnchorProxy rendered=PASS reason=buildings-degraded
20:25:11.836 ℹ️ [GATE 4] Anchor marker rendered at (34.7818, 32.0853) - independent of buildings/terrain
20:25:11.836 ℹ️ [GATE 4] Anchor marker rendered at (34.7818, 32.0853) - independent of buildings/terrain
20:25:11.837 ℹ️ [GATE 4] Anchor marker rendered at (34.7818, 32.0853) - independent of buildings/terrain
20:25:11.837 ℹ️ [GATE 4] Anchor marker rendered at (34.7818, 32.0853) - independent of buildings/terrain
20:25:11.837 ℹ️ [GATE 4] Anchor marker rendered at (34.7818, 32.0853) - independent of buildings/terrain
20:25:11.838 ℹ️ [VIS] voteFilter LOD=COMPANY override=ALL
20:25:11.841 ℹ️ [UX] debugLogs=false gateSpamSuppressed=true
20:25:11.845 ℹ️ [PRES] junctions rendered=PASS count=8
20:25:11.845 ℹ️ [VIS2] expandedSheetsAllowed=false scope=world
20:25:11.845 ℹ️ [VIS2] suppressSheetDetail=true expandedSheetsAllowed=false selectedSheet=none lod=COMPANY
20:25:11.846 ℹ️ [VIS-LAUNCH] ringContainment mode=collapsed action=suppressNonFocused result=PASS
[FILAMENT] bandSnap id=FIL-001 timeboxId=FIN-T4 deltaM=0 result=PASS
[FILAMENT] bandSnap id=FIL-002 timeboxId=FIN-T3 deltaM=0 result=PASS
[FILAMENT] bandSnap id=FIL-003 timeboxId=FIN-T1 deltaM=0 result=PASS
[FILAMENT] bandSnap id=FIL-004 timeboxId=MNT-T0 deltaM=0 result=PASS
[FILAMENT] bandSnap id=FIL-006 timeboxId=MNT-T1 deltaM=0 result=PASS
[FILAMENT] bandSnap source=vis4Registry
[DISCLOSURE] markersRendered count=5 tiers={PRIVATE:2,WITNESSED:2,PUBLIC_SUMMARY:1,FULL_PUBLIC:0}
20:25:11.847 ℹ️ [VIS2] deptSpinesRendered count=8
20:25:11.847 ℹ️ [VIS2] companyCollapsed result=PASS sheetsRendered=0 lod=COMPANY scope=world expandedSheetsAllowed=false
20:25:11.851 ℹ️ [VIS2] sheetTilesRendered count=39
20:25:11.852 ℹ️ [VIS2] exitSheet collapsed=PASS expanded=0 tiles=39
20:25:11.853 ℹ️ [VIS3] flowOverlay result=PASS edges=66 exceptions=11 scope=world lod=COMPANY
20:25:11.853 ℹ️ [VIS3] trafficBarsRendered count=8
20:25:11.853 ℹ️ [VIS3] gate-summary result=PASS
20:25:11.855 ℹ️ [VIS4c] labelsRendered count=36 scope=company
20:25:11.855 ℹ️ [VIS4] slabsRendered scope=company objects=9 slabs=36 capped=false
20:25:11.855 ℹ️ [VIS4] companySlabs result=PASS deptBranches=8 trunkSlabs=6
20:25:11.856 ℹ️ [VIS4] gate-summary result=PASS
20:25:11.856 ℹ️ [LOD-BUDGET] frame sheetsDetailed=0 totalMarkers=0 totalPrims=125 totalEntities=97
[BoundaryRenderer] ✅ BRA: Loaded 1/1 features
[BoundaryRenderer] Loading ARG from data/boundaries/countries/ARG-ADM0.geojson source=REPO_FILE
20:25:13.159 ℹ️ [GLOBE] worldTrunks synced added=15 total=16
20:25:13.160 ℹ️ [GLOBE] datasetLoad anchors=6
20:25:13.160 ℹ️ [UX] multiCountrySmoke=PASS anchors=6
20:25:13.160 ℹ️ [LAUNCH-FIX] cameraFrame target=trunk.avgol result=PASS distM=750 horzM=1000 heading=355 pitch=-28 applied=PASS
20:25:13.161 ℹ️ [HUD] mode=FreeFly layer1=6 layer2=0
20:25:13.165 ℹ️ [HUD] consolidated rootCount=1 duplicates=0
20:25:13.169 ℹ️ [HUD] tier1 rows=6
20:25:13.169 ℹ️ [HUD] tier2 default=collapsed
20:25:13.170 ℹ️ [PRES] billboard=ON reason=launch-default
20:25:13.170 ℹ️ [UX] debugLogs=false (launch mode)
20:25:13.170 ℹ️ [LAUNCH-FIX] uiGating launch=true hiddenPanels=artifacts,ux3,p2p,topicLane,vote,workMode,logConsole applied=PASS
20:25:13.179 ℹ️ [LAUNCH-FIX] hud tier1=ON tier2=OFF default=collapsed
20:25:13.179 ℹ️ [LAUNCH-FIX] helpOverlay shown=true dismissed=false source=first
[BUILD] 2026-02-09T12:30Z ux-1.1-universal-object-contract
20:25:13.180 ℹ️ [UX-1.1-PROOF] type=trunk id=trunk.avgol scope=root actions=focusView,showKPIs,showTimeboxes,showBranches,cycleClusterLevel,focusNextRegion,loadGlobalCore
20:25:13.181 ℹ️ [UX-1.1-PROOF] type=branch id=branch.operations scope=trunk.avgol actions=focusView,showKPIs,showTimeboxes,showPressureSources,cycleClusterLevel,focusNextRegion,loadGlobalCore
20:25:13.181 ℹ️ [UX-1.1-PROOF] type=sheet id=sheet.packaging scope=branch.operations actions=focusView,showSchema,addColumn,addValidation,addSummaryBinding
20:25:13.181 ℹ️ [UX-1.1-PROOF] type=cell id=sheet.packaging.cell.0.0 scope=branch.operations actions=edit,viewDependencies,viewHistory,createValidation,lockScope
20:25:13.181 ℹ️ [UX-1.1-PROOF] type=match id=3WM-001 scope=branch.p2p.mc1 actions=inspectSources,viewVariance,setTolerance,markResolved
20:25:13.181 ℹ️ [UX-1.1-PROOF] type=route id=p2p.requisition scope=branch.p2p.fc1 actions=previewMapping,ingestTestRecord,showProvenance,editFieldMap
20:25:13.182 ℹ️ [UX-1.1-PROOF] type=module id=P2P scope=trunk.avgol actions=showAllSheets,showRoutes,showKPIBindings,showRecomputationChain
20:25:13.182 ℹ️ [UX-1.1] Universal Object Contract: 7 types resolved
20:25:13.182 ℹ️ [PRESENCE] engine enabled=PASS ttlMs=15000 hbMs=3000
[PRESENCE] engine enabled=PASS ttlMs=15000 hbMs=3000
20:25:13.182 ℹ️ [PRESENCE] room resolve scope=trunk.avgol roomId=room.111ef3ac result=PASS
[PRESENCE] room resolve scope=trunk.avgol roomId=room.111ef3ac result=PASS
20:25:13.183 ℹ️ [PRESENCE] join user=user.local.mlsheb4u room=room.111ef3ac members=1 result=PASS
[PRESENCE] join user=user.local.mlsheb4u room=room.111ef3ac members=1 result=PASS
20:25:13.183 ℹ️ [VIS8] renderEngine enabled=PASS topology=mesh sfuReady=true
[VIS8] renderEngine enabled=PASS topology=mesh sfuReady=true
20:25:13.184 ℹ️ [VIS8] rtc join user=user.local.mlsheb4u room=room.111ef3ac peers=0 result=PASS
[VIS8] rtc join user=user.local.mlsheb4u room=room.111ef3ac peers=0 result=PASS
20:25:13.184 ℹ️ [PRESENCE] bind deferred=PASS reason=scopeNotReady
[PRESENCE] bind deferred=PASS reason=scopeNotReady
20:25:13.185 ℹ️ [VIS8] budget decode active=1 max=2 lod=COMPANY
[VIS8] budget decode active=1 max=2 lod=COMPANY
20:25:13.185 ℹ️ [VIS8] budget render active=1 max=4 lod=COMPANY
[VIS8] budget render active=1 max=4 lod=COMPANY
20:25:13.185 ℹ️ [VIS8] lodSwitch user=user.local.mlsheb4u from=dot to=billboard trigger=scope
[VIS8] lodSwitch user=user.local.mlsheb4u from=dot to=billboard trigger=scope
20:25:13.185 ℹ️ [VIS8] renderCard user=user.local.mlsheb4u lod=billboard video=off reason=consent
[VIS8] renderCard user=user.local.mlsheb4u lod=billboard video=off reason=consent
[CRYPTO] chainInit global=PASS genesisHash=GENESIS commits=0
20:25:13.186 ℹ️ [CAM] basin-proximity target=branch.maintenance type=branch radiusM=6000.0 distanceM=1584.3 assist=BLOCKED_LAUNCH
20:25:13.189 ℹ️ [VIS] sheetSelect resolved sheet=MFG.MaterialIssues reason=default
[VIS] sheetSelect resolved sheet=MFG.MaterialIssues reason=default
20:25:13.189 ℹ️ [VIS] enter sheet=MFG.MaterialIssues scope=sheet-only
[VIS] enter sheet=MFG.MaterialIssues scope=sheet-only
20:25:13.189 ℹ️ [DOCK] enterSheet target=MFG.MaterialIssues mode=FaceOn result=PASS distM=1196
20:25:13.189 ℹ️ [CAM] Face-on: instant snap (duration=0 method=setView)
20:25:13.190 ℹ️ [LOD] apply level=CELL sheetsDetailed=1 lanes=1 markers=1
20:25:13.191 ℹ️ [DOCK] dist=105 align=-1.00 preview=true edit=false overlay=0.00
20:25:13.191 ℹ️ [DOCK] autoDock disabled=PASS reason=explicitEnter
[CRYPTO] chainInit sheets=PASS chains=0
[CRYPTO] merkleInit timeboxes=PASS count=6 rollingRoot=879d4f090ced7cd8
[CRYPTO] chainStamp mode=derived commits=0 sheets=0 timeboxes=6
[BoundaryRenderer] ✅ ARG: Loaded 1/1 features
[BoundaryRenderer] Loading GBR from data/boundaries/countries/GBR-ADM0.geojson source=REPO_FILE
20:25:13.239 ℹ️ [GATE 4] Anchor marker rendered at (-122.4194, 37.7749) - independent of buildings/terrain
20:25:13.240 ℹ️ [GATE 4] Anchor marker rendered at (-0.1276, 51.5072) - independent of buildings/terrain
20:25:13.240 ℹ️ [GATE 4] Anchor marker rendered at (77.2090, 28.6139) - independent of buildings/terrain
20:25:13.240 ℹ️ [GATE 4] Anchor marker rendered at (139.6917, 35.6895) - independent of buildings/terrain
20:25:13.241 ℹ️ [GATE 4] Anchor marker rendered at (-46.6333, -23.5505) - independent of buildings/terrain
20:25:13.241 ℹ️ [GATE 4] Anchor marker rendered at (-122.4194, 37.7749) - independent of buildings/terrain
20:25:13.241 ℹ️ [GATE 4] Anchor marker rendered at (-118.2437, 34.0522) - independent of buildings/terrain
20:25:13.242 ℹ️ [GATE 4] Anchor marker rendered at (-97.7431, 30.2672) - independent of buildings/terrain
20:25:13.242 ℹ️ [GATE 4] Anchor marker rendered at (9.1900, 45.4642) - independent of buildings/terrain
20:25:13.242 ℹ️ [GATE 4] Anchor marker rendered at (12.4964, 41.9028) - independent of buildings/terrain
20:25:13.242 ℹ️ [GATE 4] Anchor marker rendered at (11.5820, 48.1351) - independent of buildings/terrain
20:25:13.243 ℹ️ [GATE 4] Anchor marker rendered at (139.6503, 35.6762) - independent of buildings/terrain
20:25:13.243 ℹ️ [GATE 4] Anchor marker rendered at (-46.6333, -23.5505) - independent of buildings/terrain
20:25:13.243 ℹ️ [GATE 4] Anchor marker rendered at (151.2093, -33.8688) - independent of buildings/terrain
20:25:13.244 ℹ️ [GATE 4] Anchor marker rendered at (-79.3832, 43.6532) - independent of buildings/terrain
20:25:13.248 ℹ️ [VIS2] expandedSheetsAllowed=true scope=sheet
20:25:13.248 ℹ️ [VIS2] suppressSheetDetail=false expandedSheetsAllowed=true selectedSheet=MFG.MaterialIssues lod=CELL
20:25:13.251 ℹ️ [VIS] sheetOnlyRender sheetsDetailed=1 selected=MFG.MaterialIssues hidden=38
20:25:13.256 ℹ️ [VIS2] sheetTilesRendered count=38
20:25:13.256 ℹ️ [VIS2] enterSheet expanded=1 tiles=38
20:25:13.256 ℹ️ [VIS3.2] sheetOverlay begin sheet=MFG.MaterialIssues scope=sheet
20:25:13.256 ℹ️ [VIS3.2] exceptionRows result=PASS sheet=MFG.MaterialIssues count=0
20:25:13.256 ℹ️ [VIS3.2] routeHighlights result=PASS sheet=MFG.MaterialIssues edges=0
20:25:13.256 ℹ️ [VIS3.2] budget exceptionOverlays=0 routeHighlights=0 capped=false
20:25:13.256 ℹ️ [VIS3.2] gate-summary result=PASS
20:25:13.256 ℹ️ [VIS4] sheetSlabGap enforced minGap=8m raw=2.5m effective=8.0m
20:25:13.257 ℹ️ [VIS4c] labelsRendered count=1 scope=sheet
20:25:13.257 ℹ️ [VIS4] slabsRendered scope=sheet objects=1 slabs=1 capped=false
20:25:13.257 ℹ️ [VIS4] sheetSlabs result=PASS sheet=MFG.MaterialIssues slabs=1
20:25:13.257 ℹ️ [VIS4] gate-summary result=PASS
20:25:13.257 ℹ️ [LOD-BUDGET] frame sheetsDetailed=1 totalMarkers=5 totalPrims=98 totalEntities=132
20:25:13.257 ℹ️ [CAM] dockFaceOn applied=PASS sheet=MFG.MaterialIssues
[2D] gridShown sheet=MFG.MaterialIssues rows=1 cols=5 populated=5 result=PASS
20:25:13.836 ℹ️ [VIS8] mediaPermissions cam=prompt mic=prompt
[VIS8] mediaPermissions cam=prompt mic=prompt
20:25:13.975 ℹ️ [HUD] paramsLoaded version=HUD-PARAMS-v0 policyRef=local:HUD-PARAMS-v0
[BoundaryRenderer] ✅ GBR: Loaded 1/1 features
[BoundaryRenderer] Loading FRA from data/boundaries/countries/FRA-ADM0.geojson source=REPO_FILE
20:25:14.427 ℹ️ [DOCK] dist=105 align=1.00 preview=true edit=false overlay=0.95
[BoundaryRenderer] ✅ FRA: Loaded 1/1 features
[BoundaryRenderer] Loading DEU from data/boundaries/countries/DEU-ADM0.geojson source=REPO_FILE
20:25:14.921 ℹ️ [VIS] exit sheet=MFG.MaterialIssues restoreView=true
[VIS] exit sheet=MFG.MaterialIssues restoreView=true
[2D] gridHidden reason=exitSheet result=PASS
[VIS] exitSheet cleanup=PASS cleared=sheetId,anchor,selection,forceCompanyScope,explicitEnter,autoDockFlags
20:25:14.922 ℹ️ [VIS] enter company=trunk.avgol
[VIS] enter company=trunk.avgol
20:25:14.923 ℹ️ [LOD] apply level=COMPANY requestedSheetsDetailed=0 effectiveSheetsDetailed=0 lanes=0 markers=0 reason=collapsedByPolicy distKm=1.5
20:25:14.923 ℹ️ [CAM] focusLock target=trunk.avgol scope=company result=PASS
20:25:14.923 ℹ️ [INPUT] owner=CAMERA mode=FreeFly reason=focusLock
20:25:14.923 ℹ️ [LOD] lock level=COMPANY reason=basinFocus
20:25:14.924 ℹ️ [HUD] votes summary=PASS passed=4 pending=2 rejected=0
[HUD] votes summary=PASS passed=4 pending=2 rejected=0
20:25:14.935 ℹ️ [DOCK] assistBlocked policy=launch target=MFG.MaterialIssues dist=105 status="Dock assist blocked by launch policy"
20:25:14.957 ℹ️ [VIS2] expandedSheetsAllowed=false scope=company
20:25:14.958 ℹ️ [VIS2] suppressSheetDetail=true expandedSheetsAllowed=false selectedSheet=none lod=COMPANY
20:25:14.958 ℹ️ [VIS2] deptSpinesRendered count=8
20:25:14.958 ℹ️ [VIS2] companyCollapsed result=PASS sheetsRendered=0 lod=COMPANY scope=company expandedSheetsAllowed=false
20:25:14.961 ℹ️ [VIS2] sheetTilesRendered count=39
20:25:14.961 ℹ️ [VIS2] exitSheet collapsed=PASS expanded=0 tiles=39
20:25:14.962 ℹ️ [VIS3] flowOverlay result=PASS edges=66 exceptions=11 scope=company lod=COMPANY
20:25:14.962 ℹ️ [VIS3] trafficBarsRendered count=8
20:25:14.962 ℹ️ [VIS3] gate-summary result=PASS
20:25:14.964 ℹ️ [VIS4c] labelsRendered count=81 scope=company
20:25:14.964 ℹ️ [VIS4] slabsRendered scope=company objects=24 slabs=81 capped=false
20:25:14.964 ℹ️ [VIS4] companySlabs result=PASS deptBranches=8 trunkSlabs=51
20:25:14.964 ℹ️ [VIS4] gate-summary result=PASS
20:25:14.965 ℹ️ [LOD-BUDGET] frame sheetsDetailed=0 totalMarkers=0 totalPrims=185 totalEntities=202
20:25:15.522 ℹ️ [DOCK] dist=326 align=-0.08 preview=true edit=false overlay=0.00
[BoundaryRenderer] ✅ DEU: Loaded 1/1 features
[BoundaryRenderer] Loading NLD from data/boundaries/countries/NLD-ADM0.geojson source=REPO_FILE
WebSocket connection to 'ws://127.0.0.1:4031/vis8' failed: Error in connection establishment: net::ERR_CONNECTION_REFUSED
20:25:15.731 ℹ️ [HUD] mode=CompanyFocus
20:25:15.909 ℹ️ [PRESENCE] transport degraded=PASS mode=local-only reason=wsConnectFailed
[PRESENCE] transport degraded=PASS mode=local-only reason=wsConnectFailed
20:25:16.321 ℹ️ [CAM] basinFocus settled target=trunk.avgol distM=900 pitch=-55
20:25:16.485 ℹ️ [PRESENCE] hb user=user.local.mlsheb4u room=room.111ef3ac ageMs=3302 result=PASS
[PRESENCE] hb user=user.local.mlsheb4u room=room.111ef3ac ageMs=3302 result=PASS
[BoundaryRenderer] ✅ NLD: Loaded 1/1 features
[BoundaryRenderer] Loading EGY from data/boundaries/countries/EGY-ADM0.geojson source=REPO_FILE
[MODE] renderMode=TREE_SCAFFOLD
[MODE] viewMode=SCAFFOLD
[SCOPE] effective=company
20:25:16.703 ℹ️ [DOCK] dist=761 align=0.05 preview=false edit=false overlay=0.00
20:25:16.716 ℹ️ [MODE] renderMode=TREE_SCAFFOLD
20:25:16.716 ℹ️ [VIS-SCAFFOLD] mode=TREE_SCAFFOLD result=PASS
[HEIGHT-BAND] applied=PASS mode=TREE_SCAFFOLD bands=6 maxOffset=120
[HEIGHT] indeterminate id=branch.operations orgConf=0.29 missing=0
[VIS-SCAFFOLD] placement trunkTopU=2000 branchOriginU=2000 sheetAttachU=2400
[PRESSURE] branch=branch.finance aggregate=0.31 contributors=[FIL-003] threshold=0.3 result=PASS
[HEIGHT] branch=branch.finance offset=37 band=2000 attn=0.20 orgConf=0.57
[HEIGHT] indeterminate id=branch.supplychain orgConf=0.29 missing=0
[HEIGHT] indeterminate id=branch.quality orgConf=0.29 missing=0
[PRESSURE] branch=branch.maintenance aggregate=0.42 contributors=[FIL-004,FIL-005,FIL-006] threshold=0.3 result=PASS
[HEIGHT] branch=branch.maintenance offset=50 band=2000 attn=0.36 orgConf=0.57
[HEIGHT] indeterminate id=branch.it orgConf=0.29 missing=0
[HEIGHT] indeterminate id=branch.p2p orgConf=0.00 missing=0
[HEIGHT] indeterminate id=branch.p2p.fc1 orgConf=0.00 missing=0
[HEIGHT] indeterminate id=branch.p2p.fc2 orgConf=0.00 missing=0
[HEIGHT] indeterminate id=branch.p2p.fc3 orgConf=0.00 missing=0
[HEIGHT] indeterminate id=branch.p2p.fc4 orgConf=0.00 missing=0
[HEIGHT] indeterminate id=branch.p2p.fc5 orgConf=0.00 missing=0
[HEIGHT] indeterminate id=branch.p2p.fc7 orgConf=0.00 missing=0
[HEIGHT] indeterminate id=branch.p2p.fc6 orgConf=0.00 missing=0
[HEIGHT] indeterminate id=branch.p2p.mc1 orgConf=0.00 missing=0
[HEIGHT] indeterminate id=branch.p2p.mc2 orgConf=0.00 missing=0
[HEIGHT] indeterminate id=branch.p2p.mc3 orgConf=0.00 missing=0
[HEIGHT] indeterminate id=branch.p2p.sc1 orgConf=0.00 missing=0
[HEIGHT] indeterminate id=branch.p2p.sc2 orgConf=0.00 missing=0
[HEIGHT] indeterminate id=branch.p2p.sc3 orgConf=0.00 missing=0
[HEIGHT] indeterminate id=branch.mfg orgConf=0.00 missing=0
[HEIGHT] indeterminate id=branch.mfg.fc1 orgConf=0.00 missing=0
[HEIGHT] indeterminate id=branch.mfg.fc2 orgConf=0.00 missing=0
[HEIGHT] indeterminate id=branch.mfg.fc3 orgConf=0.00 missing=0
[HEIGHT] indeterminate id=branch.mfg.fc4 orgConf=0.00 missing=0
[HEIGHT] indeterminate id=branch.mfg.mc1 orgConf=0.00 missing=0
[HEIGHT] indeterminate id=branch.mfg.sc1 orgConf=0.00 missing=0
20:25:16.726 ℹ️ [VIS2] expandedSheetsAllowed=false scope=company
20:25:16.726 ℹ️ [VIS2] suppressSheetDetail=true expandedSheetsAllowed=false selectedSheet=none lod=COMPANY
[VIS-SCAFFOLD] ringBand ok=PASS altitude=2000 scope=company
[VIS-SCAFFOLD] ringBand ok=PASS altitude=2400 scope=branch id=branch.operations
[VIS-SCAFFOLD] ringBand ok=PASS altitude=2437 scope=branch id=branch.finance
[VIS-SCAFFOLD] ringBand ok=PASS altitude=2400 scope=branch id=branch.supplychain
[VIS-SCAFFOLD] ringBand ok=PASS altitude=2400 scope=branch id=branch.quality
[VIS-SCAFFOLD] ringBand ok=PASS altitude=2450 scope=branch id=branch.maintenance
[VIS-SCAFFOLD] ringBand ok=PASS altitude=2400 scope=branch id=branch.it
[VIS-SCAFFOLD] ringBand ok=PASS altitude=2400 scope=branch id=branch.p2p
[VIS-SCAFFOLD] ringBand ok=PASS altitude=2400 scope=branch id=branch.p2p.fc1
[VIS-SCAFFOLD] ringBand ok=PASS altitude=2400 scope=branch id=branch.p2p.fc2
[VIS-SCAFFOLD] ringBand ok=PASS altitude=2400 scope=branch id=branch.p2p.fc3
[VIS-SCAFFOLD] ringBand ok=PASS altitude=2400 scope=branch id=branch.p2p.fc4
[VIS-SCAFFOLD] ringBand ok=PASS altitude=2400 scope=branch id=branch.p2p.fc5
[VIS-SCAFFOLD] ringBand ok=PASS altitude=2400 scope=branch id=branch.p2p.fc7
[VIS-SCAFFOLD] ringBand ok=PASS altitude=2400 scope=branch id=branch.p2p.fc6
[VIS-SCAFFOLD] ringBand ok=PASS altitude=2400 scope=branch id=branch.p2p.mc1
[VIS-SCAFFOLD] ringBand ok=PASS altitude=2400 scope=branch id=branch.p2p.mc2
[VIS-SCAFFOLD] ringBand ok=PASS altitude=2400 scope=branch id=branch.p2p.mc3
[VIS-SCAFFOLD] ringBand ok=PASS altitude=2400 scope=branch id=branch.p2p.sc1
[VIS-SCAFFOLD] ringBand ok=PASS altitude=2400 scope=branch id=branch.p2p.sc2
[VIS-SCAFFOLD] ringBand ok=PASS altitude=2400 scope=branch id=branch.p2p.sc3
[VIS-SCAFFOLD] ringBand ok=PASS altitude=2400 scope=branch id=branch.mfg
[VIS-SCAFFOLD] ringBand ok=PASS altitude=2400 scope=branch id=branch.mfg.fc1
[VIS-SCAFFOLD] ringBand ok=PASS altitude=2400 scope=branch id=branch.mfg.fc2
[VIS-SCAFFOLD] ringBand ok=PASS altitude=2400 scope=branch id=branch.mfg.fc3
[VIS-SCAFFOLD] ringBand ok=PASS altitude=2400 scope=branch id=branch.mfg.fc4
[VIS-SCAFFOLD] ringBand ok=PASS altitude=2400 scope=branch id=branch.mfg.mc1
[VIS-SCAFFOLD] ringBand ok=PASS altitude=2400 scope=branch id=branch.mfg.sc1
20:25:16.727 ℹ️ [VIS2] deptSpinesRendered count=8
20:25:16.727 ℹ️ [VIS2] companyCollapsed result=PASS sheetsRendered=0 lod=COMPANY scope=company expandedSheetsAllowed=false
20:25:16.730 ℹ️ [VIS2] sheetTilesRendered count=39
[VIS-SCAFFOLD] sheetsAttachedToBranches count=39
20:25:16.732 ℹ️ [LOD-BUDGET] frame sheetsDetailed=0 totalMarkers=0 totalPrims=185 totalEntities=202
[BoundaryRenderer] ✅ EGY: Loaded 1/1 features
[BoundaryRenderer] Loading SAU from data/boundaries/countries/SAU-ADM0.geojson source=REPO_FILE
20:25:17.863 ℹ️ [DOCK] dist=608 align=-0.57 preview=true edit=false overlay=0.00
[BoundaryRenderer] ✅ SAU: Loaded 1/1 features
[BoundaryRenderer] Loading IND from data/boundaries/countries/IND-ADM0.geojson source=REPO_FILE
20:25:18.938 ℹ️ [DOCK] dist=608 align=-0.57 preview=true edit=false overlay=0.00
[MODE] renderMode=LAUNCH_CANOPY
[MODE] viewMode=CANOPY
[SCOPE] effective=company
20:25:19.165 ℹ️ [VIS2] expandedSheetsAllowed=false scope=company
20:25:19.167 ℹ️ [VIS2] suppressSheetDetail=true expandedSheetsAllowed=false selectedSheet=none lod=COMPANY
20:25:19.168 ℹ️ [VIS2] deptSpinesRendered count=8
20:25:19.168 ℹ️ [VIS2] companyCollapsed result=PASS sheetsRendered=0 lod=COMPANY scope=company expandedSheetsAllowed=false
20:25:19.172 ℹ️ [VIS2] sheetTilesRendered count=39
20:25:19.176 ℹ️ [LOD-BUDGET] frame sheetsDetailed=0 totalMarkers=0 totalPrims=185 totalEntities=202
[BoundaryRenderer] ✅ IND: Loaded 1/1 features
[BoundaryRenderer] Loading CHN from data/boundaries/countries/CHN-ADM0.geojson source=REPO_FILE
20:25:19.695 ℹ️ [PRESENCE] hb user=user.local.mlsheb4u room=room.111ef3ac ageMs=3210 result=PASS
[PRESENCE] hb user=user.local.mlsheb4u room=room.111ef3ac ageMs=3210 result=PASS
[REFUSAL] reason=BLENDED_CONFIDENCE_CALLED caller should use computeOrgConfidence or computeGlobalConfidence (Contract #44)
[REFUSAL] reason=BLENDED_AGGREGATE_CALLED caller should use aggregateOrgConfidence or aggregateGlobalConfidence (Contract #44)
20:25:20.093 ℹ️ [DOCK] dist=761 align=0.05 preview=false edit=false overlay=0.00
[BoundaryRenderer] ✅ CHN: Loaded 1/1 features
[BoundaryRenderer] Loading KOR from data/boundaries/countries/KOR-ADM0.geojson source=REPO_FILE
[BoundaryRenderer] ✅ KOR: Loaded 1/1 features
[BoundaryRenderer] Loading ISR from data/boundaries/countries/ISR-ADM0.geojson source=REPO_FILE
20:25:21.223 ℹ️ [DOCK] dist=761 align=0.05 preview=false edit=false overlay=0.00
[BOUNDARY] reuse id=boundary-ISR-0-0050ba14
20:25:21.408 ℹ️ [GLOBE] country-set id=global-core loaded=26
[BoundaryRenderer] Loading USA from data/boundaries/countries/USA-ADM0.geojson source=REPO_FILE