[E1-CRYPTO-1-PROOF] stage=1 label=boot-chain-init result=PASS
  chainStamp=true globalInit=true sheetsInit=true merkleInit=true
  globalChain=0 sheetChains=0 tbChain=6
[E1-CRYPTO-1-PROOF] stage=2 label=commit-chain-link result=PASS
  preLen=0 postLen=1 commitId=COMMIT-CRYPTO-TEST-1 prevHash=GENESIS
[E1-CRYPTO-1-PROOF] stage=3 label=sheet-commit-chain result=PASS
  chainLen=1 prevSheetHash=SHEET_GENESIS globalIdx=0
[E1-CRYPTO-1-PROOF] stage=4 label=timebox-merkle result=FAIL
  merkleLog=false rollingLog=false rootChanged=false timeboxId=T6
[E1-CRYPTO-1-PROOF] stage=5 label=inclusion-proof-commit result=PASS
  proof=true merkle=null chain=true log=true
[E1-CRYPTO-1-PROOF] stage=6 label=inclusion-proof-timebox-event result=PASS
  proof=true merkle=true rolling=true chain=null log=true
[E1-CRYPTO-1-PROOF] stage=7 label=verify-clean result=PASS
  overall=VALID emitScar=false noNewEvents=true log=true durationMs=7303
[E1-CRYPTO-1-PROOF] stage=8 label=tamper-detect result=PASS
  overall=BROKEN emitScar=true reverted=true refusal=true scar=true scarLog=true
[E1-CRYPTO-1-PROOF] stage=9 label=replay-pre-check result=PASS
  cleanOk=true passLog=true tamperOk=false tamperResult=CHAIN_INTEGRITY_VIOLATION failLog=true replayBlocked=CHAIN_INTEGRITY_VIOLATION
[E1-CRYPTO-1-PROOF] gate-summary result=FAIL stages=8/9