[ENU] Coordinate system loaded - all geometry in meters
10:27:10.121 â„¹ï¸ [Z] mode=DRAFT user=local target=none previous=INIT
10:27:10.143 â„¹ï¸ ðŸš€ Relay Cesium World starting...
10:27:10.144 â„¹ï¸ ðŸŒ Initializing Cesium Viewer...
10:27:10.145 â„¹ï¸ âœ… Terrain provider created (Ellipsoid)
10:27:10.147 â„¹ï¸ âœ… Imagery provider created (OpenStreetMap tiles loading...)
10:27:10.185 â„¹ï¸ âœ… Viewer created
10:27:10.187 â„¹ï¸ [GLOBE] imagery mode=osm provider=OpenStreetMap
10:27:10.188 â„¹ï¸ [PRES] colorCorrection added=PASS vignette=ON coolTone=ON
10:27:10.189 â„¹ï¸ [PRES] postFX enabled=PASS fxaa=ON bloom=ON colorCorrect=ON
10:27:10.189 â„¹ï¸ [PRES] fog enabled=PASS density=0.00048
10:27:10.191 â„¹ï¸ â„¹ï¸ 3D Buildings skipped (no Cesium Ion token configured)
10:27:10.191 âš ï¸ âš ï¸ Buildings marked as DEGRADED
10:27:10.192 â„¹ï¸ ðŸŒ Cesium Viewer initialized successfully
10:27:10.192 â„¹ï¸ [LAUNCH-FIX] basemapDim brightness=0.28 contrast=0.55 saturation=0.05 gamma=1.6 applied=PASS
10:27:10.193 â„¹ï¸ [LAUNCH] visibilityMode enabled=PASS scale=0.25 trunkPrimitive=cylinder widthFloors=ON basemapDimming=ON
10:27:10.193 â„¹ï¸ [PRES] environmentDeemphasis applied=PASS brightness=0.28 saturation=0.05 gamma=1.6
10:27:10.193 â„¹ï¸ [GLOBE] services weatherBase=http://127.0.0.1:4020
10:27:10.193 â„¹ï¸ [GLOBE] imagery registry enabled modes=local,clean-street,satellite,hybrid,osm,dark,minimalist
10:27:10.194 â„¹ï¸ [CAM] restore-POV skipped for launch (deterministic frame)
10:27:10.194 â„¹ï¸ [INPUT] owner=CAMERA mode=FreeFly reason=default
10:27:10.195 â„¹ï¸ [FilamentRenderer] Initialized (Phase 2.1 Primitives)
[RelationshipRenderer] Initialized
[RelationshipRenderer] Cleared all relationships
10:27:10.195 â„¹ï¸ [F2] clearedEdges=0 clearedScars=0
10:27:10.195 â„¹ï¸ ðŸ§¹ Filament renderer cleared
[BoundaryRenderer] DataSource created and added to viewer
[BoundaryRenderer] Initialized
10:27:10.197 â„¹ï¸ ðŸŒ Loading boundaries (fail-soft)...
[BoundaryRenderer] Loading ISR from data/boundaries/countries/ISR-ADM0.geojson
[BoundaryRenderer] Loading USA from data/boundaries/countries/USA-ADM0.geojson
10:27:10.198 â„¹ï¸ [BOUNDARY-EDITOR] Initialized
10:27:10.198 â„¹ï¸ ðŸŒ² Loading demo tree...
10:27:10.199 â„¹ï¸ [FILAMENT] registry initialized=PASS total=6
[FILAMENT] registry initialized=PASS total=6
10:27:10.200 â„¹ï¸ [DISCLOSURE] restore backend=localStorage loaded=0 result=PASS
[DISCLOSURE] restore backend=localStorage loaded=0 result=PASS
10:27:10.200 â„¹ï¸ [TIMEBOX] event type=DISCLOSURE_CHANGE id=FIL-003 applied=PASS target=trunk.avgol timeboxId=T6
[TIMEBOX] event type=DISCLOSURE_CHANGE id=FIL-003 applied=PASS target=trunk.avgol timeboxId=T6
10:27:10.201 â„¹ï¸ [DISCLOSURE] id=FIL-003 from=PRIVATE to=WITNESSED reason=lifecycle_default result=PASS
[DISCLOSURE] id=FIL-003 from=PRIVATE to=WITNESSED reason=lifecycle_default result=PASS
10:27:10.202 â„¹ï¸ [DISCLOSURE] persist backend=localStorage stored=6 result=PASS
[DISCLOSURE] persist backend=localStorage stored=6 result=PASS
10:27:10.203 â„¹ï¸ [TIMEBOX] event type=DISCLOSURE_CHANGE id=FIL-004 applied=PASS target=trunk.avgol timeboxId=T6
[TIMEBOX] event type=DISCLOSURE_CHANGE id=FIL-004 applied=PASS target=trunk.avgol timeboxId=T6
10:27:10.203 â„¹ï¸ [DISCLOSURE] id=FIL-004 from=PRIVATE to=PUBLIC_SUMMARY reason=lifecycle_default result=PASS
[DISCLOSURE] id=FIL-004 from=PRIVATE to=PUBLIC_SUMMARY reason=lifecycle_default result=PASS
10:27:10.204 â„¹ï¸ [DISCLOSURE] persist backend=localStorage stored=6 result=PASS
[DISCLOSURE] persist backend=localStorage stored=6 result=PASS
10:27:10.204 â„¹ï¸ [TIMEBOX] event type=DISCLOSURE_CHANGE id=FIL-005 applied=PASS target=trunk.avgol timeboxId=T6
[TIMEBOX] event type=DISCLOSURE_CHANGE id=FIL-005 applied=PASS target=trunk.avgol timeboxId=T6
10:27:10.205 â„¹ï¸ [DISCLOSURE] id=FIL-005 from=PRIVATE to=PUBLIC_SUMMARY reason=lifecycle_default result=PASS
[DISCLOSURE] id=FIL-005 from=PRIVATE to=PUBLIC_SUMMARY reason=lifecycle_default result=PASS
10:27:10.205 â„¹ï¸ [DISCLOSURE] persist backend=localStorage stored=6 result=PASS
[DISCLOSURE] persist backend=localStorage stored=6 result=PASS
10:27:10.205 â„¹ï¸ [TIMEBOX] event type=DISCLOSURE_CHANGE id=FIL-006 applied=PASS target=trunk.avgol timeboxId=T6
[TIMEBOX] event type=DISCLOSURE_CHANGE id=FIL-006 applied=PASS target=trunk.avgol timeboxId=T6
10:27:10.206 â„¹ï¸ [DISCLOSURE] id=FIL-006 from=PRIVATE to=WITNESSED reason=lifecycle_default result=PASS
[DISCLOSURE] id=FIL-006 from=PRIVATE to=WITNESSED reason=lifecycle_default result=PASS
10:27:10.206 â„¹ï¸ [DISCLOSURE] persist backend=localStorage stored=6 result=PASS
[DISCLOSURE] persist backend=localStorage stored=6 result=PASS
[GroupMarkerNotSet(crbug.com/242999)!:A0302300AC0A0000]Automatic fallback to software WebGL has been deprecated. Please use the --enable-unsafe-swiftshader (about:flags#enable-unsafe-swiftshader) flag to opt in to lower security guarantees for trusted content.
[.WebGL-0x166c02280e00]GL Driver Message (OpenGL, Performance, GL_CLOSE_PATH_NV, High): GPU stall due to ReadPixels
[.WebGL-0x166c02280e00]GL Driver Message (OpenGL, Performance, GL_CLOSE_PATH_NV, High): GPU stall due to ReadPixels
[BoundaryRenderer] âœ… ISR: Loaded 1/1 features
[.WebGL-0x166c02280e00]GL Driver Message (OpenGL, Performance, GL_CLOSE_PATH_NV, High): GPU stall due to ReadPixels
[BoundaryRenderer] Boundary not loaded: USA
[BoundaryRenderer] Boundary not loaded: USA
10:27:10.774 â„¹ï¸ [BOUNDARY] containsll suite=FAIL polygons=1 multipolygons=0 holes=0
10:27:10.775 â„¹ï¸ [BOUNDARY] containsll hole-suite=PASS probes=3
10:27:10.775 âš ï¸ [BOUNDARY] restore result=DEGRADED renderer=BoundaryRenderer containsLL=FAIL coverage=HOLE_SUITE_PASS ISR=1 USA=0
10:27:10.776 âš ï¸ [GATE] G3 status=DEGRADED evidence=runtime-boundary-selftest
10:27:10.776 âš ï¸ [UX] boundaries=DEGRADED
10:27:10.776 â„¹ï¸ [BOUNDARY] voting-scope mode=GLOBAL_SAFE_ONLY reason=boundary-degraded
[ENU] Coordinate system loaded - all geometry in meters
10:27:10.927 â„¹ï¸ [Z] mode=DRAFT user=local target=none previous=INIT
10:27:10.928 â„¹ï¸ ðŸš€ Relay Cesium World starting...
10:27:10.929 â„¹ï¸ ðŸŒ Initializing Cesium Viewer...
10:27:10.929 â„¹ï¸ âœ… Terrain provider created (Ellipsoid)
10:27:10.929 â„¹ï¸ âœ… Imagery provider created (OpenStreetMap tiles loading...)
10:27:10.950 â„¹ï¸ âœ… Viewer created
10:27:10.952 â„¹ï¸ [GLOBE] imagery mode=osm provider=OpenStreetMap
10:27:10.952 â„¹ï¸ [PRES] colorCorrection added=PASS vignette=ON coolTone=ON
10:27:10.953 â„¹ï¸ [PRES] postFX enabled=PASS fxaa=ON bloom=ON colorCorrect=ON
10:27:10.953 â„¹ï¸ [PRES] fog enabled=PASS density=0.00048
10:27:10.954 â„¹ï¸ â„¹ï¸ 3D Buildings skipped (no Cesium Ion token configured)
10:27:10.954 âš ï¸ âš ï¸ Buildings marked as DEGRADED
10:27:10.955 â„¹ï¸ ðŸŒ Cesium Viewer initialized successfully
10:27:10.955 â„¹ï¸ [LAUNCH-FIX] basemapDim brightness=0.28 contrast=0.55 saturation=0.05 gamma=1.6 applied=PASS
10:27:10.956 â„¹ï¸ [LAUNCH] visibilityMode enabled=PASS scale=0.25 trunkPrimitive=cylinder widthFloors=ON basemapDimming=ON
10:27:10.956 â„¹ï¸ [PRES] environmentDeemphasis applied=PASS brightness=0.28 saturation=0.05 gamma=1.6
10:27:10.956 â„¹ï¸ [GLOBE] services weatherBase=http://127.0.0.1:4020
10:27:10.957 â„¹ï¸ [GLOBE] imagery registry enabled modes=local,clean-street,satellite,hybrid,osm,dark,minimalist
10:27:10.957 â„¹ï¸ [CAM] restore-POV skipped for launch (deterministic frame)
10:27:10.958 â„¹ï¸ [INPUT] owner=CAMERA mode=FreeFly reason=default
10:27:10.958 â„¹ï¸ [FilamentRenderer] Initialized (Phase 2.1 Primitives)
[RelationshipRenderer] Initialized
[RelationshipRenderer] Cleared all relationships
10:27:10.958 â„¹ï¸ [F2] clearedEdges=0 clearedScars=0
10:27:10.959 â„¹ï¸ ðŸ§¹ Filament renderer cleared
[BoundaryRenderer] DataSource created and added to viewer
[BoundaryRenderer] Initialized
10:27:10.959 â„¹ï¸ ðŸŒ Loading boundaries (fail-soft)...
[BoundaryRenderer] Loading ISR from data/boundaries/countries/ISR-ADM0.geojson
[BoundaryRenderer] Loading USA from data/boundaries/countries/USA-ADM0.geojson
10:27:10.960 â„¹ï¸ [BOUNDARY-EDITOR] Initialized
10:27:10.960 â„¹ï¸ ðŸŒ² Loading demo tree...
10:27:10.961 â„¹ï¸ [FILAMENT] registry initialized=PASS total=6
[FILAMENT] registry initialized=PASS total=6
10:27:10.961 â„¹ï¸ [DISCLOSURE] restore backend=localStorage loaded=0 result=PASS
[DISCLOSURE] restore backend=localStorage loaded=0 result=PASS
10:27:10.961 â„¹ï¸ [TIMEBOX] event type=DISCLOSURE_CHANGE id=FIL-003 applied=PASS target=trunk.avgol timeboxId=T6
[TIMEBOX] event type=DISCLOSURE_CHANGE id=FIL-003 applied=PASS target=trunk.avgol timeboxId=T6
10:27:10.961 â„¹ï¸ [DISCLOSURE] id=FIL-003 from=PRIVATE to=WITNESSED reason=lifecycle_default result=PASS
[DISCLOSURE] id=FIL-003 from=PRIVATE to=WITNESSED reason=lifecycle_default result=PASS
10:27:10.962 â„¹ï¸ [DISCLOSURE] persist backend=localStorage stored=6 result=PASS
[DISCLOSURE] persist backend=localStorage stored=6 result=PASS
10:27:10.962 â„¹ï¸ [TIMEBOX] event type=DISCLOSURE_CHANGE id=FIL-004 applied=PASS target=trunk.avgol timeboxId=T6
[TIMEBOX] event type=DISCLOSURE_CHANGE id=FIL-004 applied=PASS target=trunk.avgol timeboxId=T6
10:27:10.963 â„¹ï¸ [DISCLOSURE] id=FIL-004 from=PRIVATE to=PUBLIC_SUMMARY reason=lifecycle_default result=PASS
[DISCLOSURE] id=FIL-004 from=PRIVATE to=PUBLIC_SUMMARY reason=lifecycle_default result=PASS
10:27:10.963 â„¹ï¸ [DISCLOSURE] persist backend=localStorage stored=6 result=PASS
[DISCLOSURE] persist backend=localStorage stored=6 result=PASS
10:27:10.963 â„¹ï¸ [TIMEBOX] event type=DISCLOSURE_CHANGE id=FIL-005 applied=PASS target=trunk.avgol timeboxId=T6
[TIMEBOX] event type=DISCLOSURE_CHANGE id=FIL-005 applied=PASS target=trunk.avgol timeboxId=T6
10:27:10.964 â„¹ï¸ [DISCLOSURE] id=FIL-005 from=PRIVATE to=PUBLIC_SUMMARY reason=lifecycle_default result=PASS
[DISCLOSURE] id=FIL-005 from=PRIVATE to=PUBLIC_SUMMARY reason=lifecycle_default result=PASS
10:27:10.964 â„¹ï¸ [DISCLOSURE] persist backend=localStorage stored=6 result=PASS
[DISCLOSURE] persist backend=localStorage stored=6 result=PASS
10:27:10.964 â„¹ï¸ [TIMEBOX] event type=DISCLOSURE_CHANGE id=FIL-006 applied=PASS target=trunk.avgol timeboxId=T6
[TIMEBOX] event type=DISCLOSURE_CHANGE id=FIL-006 applied=PASS target=trunk.avgol timeboxId=T6
10:27:10.965 â„¹ï¸ [DISCLOSURE] id=FIL-006 from=PRIVATE to=WITNESSED reason=lifecycle_default result=PASS
[DISCLOSURE] id=FIL-006 from=PRIVATE to=WITNESSED reason=lifecycle_default result=PASS
10:27:10.965 â„¹ï¸ [DISCLOSURE] persist backend=localStorage stored=6 result=PASS
[DISCLOSURE] persist backend=localStorage stored=6 result=PASS
[GroupMarkerNotSet(crbug.com/242999)!:A0902300AC0A0000]Automatic fallback to software WebGL has been deprecated. Please use the --enable-unsafe-swiftshader (about:flags#enable-unsafe-swiftshader) flag to opt in to lower security guarantees for trusted content.
[.WebGL-0x166c08b2f100]GL Driver Message (OpenGL, Performance, GL_CLOSE_PATH_NV, High): GPU stall due to ReadPixels (this message will no longer repeat)
[BoundaryRenderer] âœ… ISR: Loaded 1/1 features
10:27:11.519 â„¹ï¸ [B2-PROOF] threeWayMatch mismatch matchId=3WM-001 poLineId=POL-001 grLineId=GRL-001 invLineId=IL-001 status=MATCH qtyVar=0 priceVar=0
10:27:11.520 â„¹ï¸ [B2-PROOF] threeWayMatch mismatch matchId=3WM-002 poLineId=POL-002 grLineId=GRL-002 invLineId=IL-002 status=MATCH qtyVar=0 priceVar=0
10:27:11.520 â„¹ï¸ [B2-PROOF] threeWayMatch mismatch matchId=3WM-003 poLineId=POL-003 grLineId=GRL-003 invLineId=IL-003 status=PRICE_EXCEPTION qtyVar=0 priceVar=50
10:27:11.520 â„¹ï¸ [B2-PROOF] threeWayMatch mismatch matchId=3WM-004 poLineId=POL-004 grLineId=GRL-004 invLineId=IL-004 status=PRICE_EXCEPTION qtyVar=0 priceVar=0.5
10:27:11.521 â„¹ï¸ [B2-PROOF] threeWayMatch mismatch matchId=3WM-005 poLineId=POL-005 grLineId=GRL-005 invLineId=IL-005 status=QTY_EXCEPTION qtyVar=2 priceVar=2
10:27:11.521 â„¹ï¸ [B2-PROOF] threeWayMatch mismatch matchId=3WM-006 poLineId=POL-006 grLineId= invLineId= status=UNMATCHED qtyVar=N/A priceVar=N/A
10:27:11.521 â„¹ï¸ [B2-PROOF] threeWayMatch unmatched invoice matchId=3WM-007 invLineId=IL-006 (no PO link)
10:27:11.522 â„¹ï¸ [B2-PROOF] buildMatches complete: 15 match rows, 9 exceptions/unmatched, rebuilt=P2P.ThreeWayMatch,P2P.InvoiceToGLMatch,P2P.InvoiceToPaymentMatch
10:27:11.522 â„¹ï¸ [B3-PROOF] buildSummaryData: 3 summary sheets, 35 formula cells (zero JS aggregation)
10:27:11.523 â„¹ï¸ [MODULE] P2P loaded: 13 sheets (7 fact + 3 match + 3 summary), 127 columns
10:27:11.523 â„¹ï¸ [MODULE]   FC1: P2P.RequisitionLines (12 cols)
10:27:11.523 â„¹ï¸ [MODULE]   FC2: P2P.POLines (13 cols)
10:27:11.524 â„¹ï¸ [MODULE]   FC3: P2P.GRLines (10 cols)
10:27:11.524 â„¹ï¸ [MODULE]   FC4: P2P.InvoiceLines (16 cols)
10:27:11.524 â„¹ï¸ [MODULE]   FC5: P2P.PaymentLines (14 cols)
10:27:11.524 â„¹ï¸ [MODULE]   FC7: P2P.BankStatementLines (7 cols)
10:27:11.524 â„¹ï¸ [MODULE]   FC6: P2P.GLPostingLines (11 cols)
10:27:11.525 â„¹ï¸ [MODULE]   MC1: P2P.ThreeWayMatch (14 cols, 7 match rows)
10:27:11.525 â„¹ï¸ [MODULE]   MC2: P2P.InvoiceToGLMatch (10 cols, 4 match rows)
10:27:11.525 â„¹ï¸ [MODULE]   MC3: P2P.InvoiceToPaymentMatch (11 cols, 4 match rows)
10:27:11.525 â„¹ï¸ [MODULE]   SC1: P2P.AP_Aging (2 cols, 13 formula rows)
10:27:11.526 â„¹ï¸ [MODULE]   SC2: P2P.MatchRateSummary (2 cols, 7 formula rows)
10:27:11.526 â„¹ï¸ [MODULE]   SC3: P2P.SpendByCategory (5 cols, 5 formula rows)
10:27:11.526 â„¹ï¸ [MODULE] KPI bindings: 3 metrics â†’ branch.p2p
10:27:11.526 â„¹ï¸ [MODULE]   matchRate: P2P.MatchRateSummary!B8 (%)
10:27:11.527 â„¹ï¸ [MODULE]   dpo: P2P.AP_Aging!B13 (days)
10:27:11.527 â„¹ï¸ [MODULE]   outstanding: P2P.AP_Aging!B4 (USD)
10:27:11.527 â„¹ï¸ [MODULE] P2P merged into tree: +27 nodes, +27 edges
10:27:11.527 â„¹ï¸ [FLOW] moduleLoaded=P2P result=PASS
[BoundaryRenderer] âœ… USA: Loaded 1/1 features
10:27:11.683 â„¹ï¸ [BOUNDARY] containsll suite=PASS polygons=1 multipolygons=1 holes=0
10:27:11.684 â„¹ï¸ [BOUNDARY] containsll hole-suite=PASS probes=3
10:27:11.685 â„¹ï¸ [BOUNDARY] restore result=PASS renderer=BoundaryRenderer containsLL=PASS ISR=1 USA=1
10:27:11.685 â„¹ï¸ [GATE] G3 status=PASS evidence=runtime-boundary-selftest
10:27:11.685 â„¹ï¸ [UX] boundaries=ACTIVE mode=READ_ONLY
10:27:11.686 â„¹ï¸ [BOUNDARY] voting-scope mode=BOUNDARY_ENABLED reason=boundary-pass
10:27:11.910 â„¹ï¸ [B2-PROOF] threeWayMatch unmatched invoice matchId=3WM-001 invLineId=undefined (no PO link)
10:27:11.911 â„¹ï¸ [B2-PROOF] threeWayMatch unmatched invoice matchId=3WM-002 invLineId=undefined (no PO link)
10:27:11.911 â„¹ï¸ [B2-PROOF] threeWayMatch unmatched invoice matchId=3WM-003 invLineId=undefined (no PO link)
10:27:11.911 â„¹ï¸ [B2-PROOF] threeWayMatch unmatched invoice matchId=3WM-004 invLineId=undefined (no PO link)
10:27:11.911 â„¹ï¸ [B2-PROOF] threeWayMatch unmatched invoice matchId=3WM-005 invLineId=undefined (no PO link)
10:27:11.912 â„¹ï¸ [B2-PROOF] threeWayMatch unmatched invoice matchId=3WM-006 invLineId=undefined (no PO link)
10:27:11.912 â„¹ï¸ [B2-PROOF] buildMatches complete: 8 match rows, 8 exceptions/unmatched, rebuilt=P2P.ThreeWayMatch,P2P.InvoiceToGLMatch,P2P.InvoiceToPaymentMatch,MFG.WOIssueMatch
10:27:11.913 â„¹ï¸ [B3-PROOF] buildSummaryData: 1 summary sheets, 4 formula cells (zero JS aggregation)
10:27:11.913 â„¹ï¸ [MODULE] MFG loaded: 6 sheets (4 fact + 1 match + 1 summary), 29 columns
10:27:11.913 â„¹ï¸ [MODULE]   FC1: MFG.WorkOrders (5 cols)
10:27:11.913 â„¹ï¸ [MODULE]   FC2: MFG.MaterialIssues (5 cols)
10:27:11.914 â„¹ï¸ [MODULE]   FC3: MFG.ScrapEvents (5 cols)
10:27:11.914 â„¹ï¸ [MODULE]   FC4: MFG.QualityChecks (4 cols)
10:27:11.915 â„¹ï¸ [MODULE]   MC1: MFG.WOIssueMatch (8 cols, 0 match rows)
10:27:11.915 â„¹ï¸ [MODULE]   SC1: MFG.ProductionSummary (2 cols, 4 formula rows)
10:27:11.915 â„¹ï¸ [MODULE] KPI bindings: 1 metrics â†’ branch.mfg
10:27:11.916 â„¹ï¸ [MODULE]   issueCoverage: MFG.ProductionSummary!B4 (%)
10:27:11.916 â„¹ï¸ [MODULE] MFG merged into tree: +13 nodes, +13 edges
10:27:12.033 â„¹ï¸ [BOUNDARY] manifestLoaded countries=27
[BoundaryRenderer] Loading USA from data/boundaries/countries/USA-ADM0.geojson
10:27:12.592 â„¹ï¸ [ROUTE] loaded 12 routes from group "p2p" (module: P2P)
10:27:12.593 â„¹ï¸ [ROUTE]   p2p.requisition â†’ P2P.RequisitionLines (keys: reqId, reqLineId)
10:27:12.594 â„¹ï¸ [ROUTE]   p2p.purchaseOrder â†’ P2P.POLines (keys: poId, poLineId)
10:27:12.594 â„¹ï¸ [ROUTE]   p2p.goodsReceipt â†’ P2P.GRLines (keys: grId, grLineId)
10:27:12.594 â„¹ï¸ [ROUTE]   p2p.invoice â†’ P2P.InvoiceLines (keys: invId, invLineId)
10:27:12.595 â„¹ï¸ [ROUTE]   p2p.payment â†’ P2P.PaymentLines (keys: paymentId, payLineId)
10:27:12.595 â„¹ï¸ [ROUTE]   p2p.pr â†’ P2P.RequisitionLines (keys: reqId, reqLineId)
10:27:12.595 â„¹ï¸ [ROUTE]   p2p.po â†’ P2P.POLines (keys: poId, poLineId)
10:27:12.596 â„¹ï¸ [ROUTE]   p2p.gr â†’ P2P.GRLines (keys: grId, grLineId)
10:27:12.596 â„¹ï¸ [ROUTE]   p2p.inv â†’ P2P.InvoiceLines (keys: invId, invLineId)
10:27:12.596 â„¹ï¸ [ROUTE]   p2p.pay â†’ P2P.PaymentLines (keys: paymentId, payLineId)
10:27:12.596 â„¹ï¸ [ROUTE]   p2p.bankStatement â†’ P2P.BankStatementLines (keys: bankLineId)
10:27:12.597 â„¹ï¸ [ROUTE]   p2p.glPosting â†’ P2P.GLPostingLines (keys: glDocId, glLineId)
[BOUNDARY] reuse id=boundary-USA-0-6c62914d
10:27:12.948 â„¹ï¸ [BOUNDARY] skipMissing country=CAN reason=not_in_manifest
10:27:12.949 â„¹ï¸ [BOUNDARY] skipMissing country=MEX reason=not_in_manifest
[BoundaryRenderer] Loading BRA from data/boundaries/countries/BRA-ADM0.geojson
10:27:13.140 â„¹ï¸ [ROUTE] loaded 4 routes from group "mfg" (module: MFG)
10:27:13.141 â„¹ï¸ [ROUTE]   mfg.workOrder â†’ MFG.WorkOrders (keys: workOrderId)
10:27:13.157 â„¹ï¸ [ROUTE]   mfg.materialIssue â†’ MFG.MaterialIssues (keys: issueId)
10:27:13.159 â„¹ï¸ [ROUTE]   mfg.scrapEvent â†’ MFG.ScrapEvents (keys: scrapId)
10:27:13.160 â„¹ï¸ [ROUTE]   mfg.qualityCheck â†’ MFG.QualityChecks (keys: qcId)
10:27:13.162 â„¹ï¸ [D1-AGG] trunk=trunk.avgol metrics=4 hash=0x663fa7ee
10:27:13.164 â„¹ï¸ [VOTE] restore backend=localStorage mode=demo loaded=0 result=PASS
[VOTE] restore backend=localStorage mode=demo loaded=0 result=PASS
10:27:13.166 â„¹ï¸ âœ… Demo tree rendered: Avgol @ Tel Aviv
10:27:13.181 â„¹ï¸ [F2] clearedEdges=0 clearedScars=0
10:27:13.182 â„¹ï¸ ðŸ§¹ Filament renderer cleared
10:27:13.183 â„¹ï¸ [PRES] launchTransform scale=0.25 uOffset=0 applied=PASS
10:27:13.183 â„¹ï¸ [LAUNCH-FIX] visualHierarchy applied=PASS tilesAlpha=0.05 trunkCore=0.85
10:27:13.183 â„¹ï¸ [LAUNCH-THEME] tokens loaded trunk=thinPillar tile=horizontalPlatform filament=rain
10:27:13.184 â„¹ï¸ [GATE] launchVisibility semantics=UNCHANGED enuChecks=RAW
10:27:13.184 â„¹ï¸ [LAUNCH] widthFloors trunk=20m branches=13/10/6 tiles=120x70m rule=uniform
10:27:13.184 â„¹ï¸ [PRES] trunkStyle applied=PASS mode=core+shell coreR=10 shellR=16
10:27:13.185 â„¹ï¸ [PRES] branchStyle applied=PASS ribMode=ON ribScale=0.3 emissive=ON alpha=0.30
10:27:13.185 â„¹ï¸ [SHEET-PLATFORM] layout=LANDSCAPE w=120 h=70 cols=12 rows=6 header=ON
10:27:13.186 â„¹ï¸ [PRES] sheetPlatform grid=PASS majorLines=16 mode=overview normal=UP horizontal=ON landscape=120x70
10:27:13.186 â„¹ï¸ [PRES] tileFloatMode=PASS supportFilaments=ON fillAlpha=0.05 borderAlpha=1.0
10:27:13.187 â„¹ï¸ [PRES] filamentRain enabled=PASS density=5
10:27:13.187 â„¹ï¸ [PRES] rootGlow enabled=PASS radius=80 alpha=0.10
10:27:13.188 â„¹ï¸ [BUILD] renderer=filament VIS-RADIAL-CANOPY-1
10:27:13.188 â„¹ï¸ ðŸŒ² Rendering tree: 72 nodes, 66 edges
10:27:13.189 â„¹ï¸ [THICKNESS] cell=1.00m spine=3.00m branch=24.00m trunk=30.00m root=12.00m
10:27:13.189 â„¹ï¸ [CANOPY] launchTemplateOverride=PASS
10:27:13.191 â„¹ï¸ [GATE 4] Anchor marker rendered at (34.7818, 32.0853) - independent of buildings/terrain
10:27:13.192 â„¹ï¸ [Phase 2.3] Root continuation: 1000m below anchor (aligned to ENU Up/Down)
10:27:13.194 â„¹ï¸ [FilamentRenderer] â° Timeboxes: 6 on trunk trunk.avgol
10:27:13.198 â„¹ï¸ [PRES] tether rendered=PASS
10:27:13.199 â„¹ï¸ [PRES] buildingAnchorProxy rendered=PASS reason=buildings-degraded
10:27:13.200 â„¹ï¸ [GATE 4] Anchor marker rendered at (34.7818, 32.0853) - independent of buildings/terrain
10:27:13.201 â„¹ï¸ [Phase 2.3] Root continuation: 1000m below anchor (aligned to ENU Up/Down)
10:27:13.202 â„¹ï¸ [GATE 4] Anchor marker rendered at (34.7818, 32.0853) - independent of buildings/terrain
10:27:13.202 â„¹ï¸ [Phase 2.3] Root continuation: 1000m below anchor (aligned to ENU Up/Down)
10:27:13.203 â„¹ï¸ [GATE 4] Anchor marker rendered at (34.7818, 32.0853) - independent of buildings/terrain
10:27:13.204 â„¹ï¸ [Phase 2.3] Root continuation: 1000m below anchor (aligned to ENU Up/Down)
10:27:13.205 â„¹ï¸ [GATE 4] Anchor marker rendered at (34.7818, 32.0853) - independent of buildings/terrain
10:27:13.206 â„¹ï¸ [Phase 2.3] Root continuation: 1000m below anchor (aligned to ENU Up/Down)
10:27:13.206 â„¹ï¸ [GATE 4] Anchor marker rendered at (34.7818, 32.0853) - independent of buildings/terrain
10:27:13.207 â„¹ï¸ [Phase 2.3] Root continuation: 1000m below anchor (aligned to ENU Up/Down)
10:27:13.207 â„¹ï¸ [VIS] voteFilter LOD=COMPANY override=ALL
10:27:13.209 â„¹ï¸ [FilamentRenderer] â° Timeboxes: 5 on branch branch.operations
10:27:13.210 â„¹ï¸ [FilamentRenderer] â° Timeboxes: 4 on branch branch.finance
10:27:13.211 â„¹ï¸ [FilamentRenderer] â° Timeboxes: 5 on branch branch.supplychain
10:27:13.212 â„¹ï¸ [FilamentRenderer] â° Timeboxes: 5 on branch branch.quality
10:27:13.213 â„¹ï¸ [FilamentRenderer] â° Timeboxes: 4 on branch branch.maintenance
10:27:13.214 â„¹ï¸ [FilamentRenderer] â° Timeboxes: 5 on branch branch.it
10:27:13.214 â„¹ï¸ [GATE 2] Branch branch.p2p:
10:27:13.215 â„¹ï¸   ENU Start: (E=0, N=192, U=2000)
10:27:13.215 â„¹ï¸   ENU End: (E=800, N=192, U=2000)
10:27:13.216 â„¹ï¸   Branch Length: 800.0m
10:27:13.217 â„¹ï¸ [FilamentRenderer] â° Timeboxes: 1 on branch branch.p2p
10:27:13.218 â„¹ï¸ [GATE 2] Branch branch.p2p.fc1:
10:27:13.218 â„¹ï¸   ENU Start: (E=0, N=224, U=2000)
10:27:13.219 â„¹ï¸   ENU End: (E=800, N=224, U=2000)
10:27:13.219 â„¹ï¸   Branch Length: 800.0m
10:27:13.220 â„¹ï¸ [FilamentRenderer] â° Timeboxes: 1 on branch branch.p2p.fc1
10:27:13.221 â„¹ï¸ [GATE 2] Branch branch.p2p.fc2:
10:27:13.221 â„¹ï¸   ENU Start: (E=0, N=256, U=2000)
10:27:13.222 â„¹ï¸   ENU End: (E=800, N=256, U=2000)
10:27:13.222 â„¹ï¸   Branch Length: 800.0m
10:27:13.223 â„¹ï¸ [FilamentRenderer] â° Timeboxes: 1 on branch branch.p2p.fc2
10:27:13.224 â„¹ï¸ [GATE 2] Branch branch.p2p.fc3:
10:27:13.225 â„¹ï¸   ENU Start: (E=0, N=288, U=2000)
10:27:13.225 â„¹ï¸   ENU End: (E=800, N=288, U=2000)
10:27:13.226 â„¹ï¸   Branch Length: 800.0m
10:27:13.227 â„¹ï¸ [FilamentRenderer] â° Timeboxes: 1 on branch branch.p2p.fc3
10:27:13.228 â„¹ï¸ [GATE 2] Branch branch.p2p.fc4:
10:27:13.228 â„¹ï¸   ENU Start: (E=0, N=320, U=2000)
10:27:13.229 â„¹ï¸   ENU End: (E=800, N=320, U=2000)
10:27:13.229 â„¹ï¸   Branch Length: 800.0m
10:27:13.230 â„¹ï¸ [FilamentRenderer] â° Timeboxes: 1 on branch branch.p2p.fc4
10:27:13.231 â„¹ï¸ [GATE 2] Branch branch.p2p.fc5:
10:27:13.232 â„¹ï¸   ENU Start: (E=0, N=352, U=2000)
10:27:13.232 â„¹ï¸   ENU End: (E=800, N=352, U=2000)
10:27:13.233 â„¹ï¸   Branch Length: 800.0m
10:27:13.234 â„¹ï¸ [FilamentRenderer] â° Timeboxes: 1 on branch branch.p2p.fc5
10:27:13.234 â„¹ï¸ [GATE 2] Branch branch.p2p.fc7:
10:27:13.234 â„¹ï¸   ENU Start: (E=0, N=384, U=2000)
10:27:13.235 â„¹ï¸   ENU End: (E=800, N=384, U=2000)
10:27:13.235 â„¹ï¸   Branch Length: 800.0m
10:27:13.236 â„¹ï¸ [FilamentRenderer] â° Timeboxes: 1 on branch branch.p2p.fc7
10:27:13.236 â„¹ï¸ [GATE 2] Branch branch.p2p.fc6:
10:27:13.237 â„¹ï¸   ENU Start: (E=0, N=416, U=2000)
10:27:13.237 â„¹ï¸   ENU End: (E=800, N=416, U=2000)
10:27:13.237 â„¹ï¸   Branch Length: 800.0m
10:27:13.238 â„¹ï¸ [FilamentRenderer] â° Timeboxes: 1 on branch branch.p2p.fc6
10:27:13.238 â„¹ï¸ [GATE 2] Branch branch.p2p.mc1:
10:27:13.239 â„¹ï¸   ENU Start: (E=0, N=448, U=2000)
10:27:13.239 â„¹ï¸   ENU End: (E=800, N=448, U=2000)
10:27:13.239 â„¹ï¸   Branch Length: 800.0m
10:27:13.240 â„¹ï¸ [FilamentRenderer] â° Timeboxes: 1 on branch branch.p2p.mc1
10:27:13.240 â„¹ï¸ [GATE 2] Branch branch.p2p.mc2:
10:27:13.241 â„¹ï¸   ENU Start: (E=0, N=480, U=2000)
10:27:13.241 â„¹ï¸   ENU End: (E=800, N=480, U=2000)
10:27:13.241 â„¹ï¸   Branch Length: 800.0m
10:27:13.242 â„¹ï¸ [FilamentRenderer] â° Timeboxes: 1 on branch branch.p2p.mc2
10:27:13.242 â„¹ï¸ [GATE 2] Branch branch.p2p.mc3:
10:27:13.243 â„¹ï¸   ENU Start: (E=0, N=512, U=2000)
10:27:13.243 â„¹ï¸   ENU End: (E=800, N=512, U=2000)
10:27:13.243 â„¹ï¸   Branch Length: 800.0m
10:27:13.244 â„¹ï¸ [FilamentRenderer] â° Timeboxes: 1 on branch branch.p2p.mc3
10:27:13.244 â„¹ï¸ [GATE 2] Branch branch.p2p.sc1:
10:27:13.245 â„¹ï¸   ENU Start: (E=0, N=544, U=2000)
10:27:13.245 â„¹ï¸   ENU End: (E=800, N=544, U=2000)
10:27:13.246 â„¹ï¸   Branch Length: 800.0m
10:27:13.246 â„¹ï¸ [FilamentRenderer] â° Timeboxes: 1 on branch branch.p2p.sc1
10:27:13.247 â„¹ï¸ [GATE 2] Branch branch.p2p.sc2:
10:27:13.247 â„¹ï¸   ENU Start: (E=0, N=576, U=2000)
10:27:13.247 â„¹ï¸   ENU End: (E=800, N=576, U=2000)
10:27:13.248 â„¹ï¸   Branch Length: 800.0m
10:27:13.248 â„¹ï¸ [FilamentRenderer] â° Timeboxes: 1 on branch branch.p2p.sc2
10:27:13.249 â„¹ï¸ [GATE 2] Branch branch.p2p.sc3:
10:27:13.249 â„¹ï¸   ENU Start: (E=0, N=608, U=2000)
10:27:13.250 â„¹ï¸   ENU End: (E=800, N=608, U=2000)
10:27:13.251 â„¹ï¸   Branch Length: 800.0m
10:27:13.252 â„¹ï¸ [FilamentRenderer] â° Timeboxes: 1 on branch branch.p2p.sc3
10:27:13.252 â„¹ï¸ [GATE 2] Branch branch.mfg:
10:27:13.253 â„¹ï¸   ENU Start: (E=0, N=640, U=2000)
10:27:13.253 â„¹ï¸   ENU End: (E=800, N=640, U=2000)
10:27:13.254 â„¹ï¸   Branch Length: 800.0m
10:27:13.254 â„¹ï¸ [FilamentRenderer] â° Timeboxes: 1 on branch branch.mfg
10:27:13.255 â„¹ï¸ [GATE 2] Branch branch.mfg.fc1:
10:27:13.255 â„¹ï¸   ENU Start: (E=0, N=672, U=2000)
10:27:13.256 â„¹ï¸   ENU End: (E=800, N=672, U=2000)
10:27:13.256 â„¹ï¸   Branch Length: 800.0m
10:27:13.257 â„¹ï¸ [FilamentRenderer] â° Timeboxes: 1 on branch branch.mfg.fc1
10:27:13.257 â„¹ï¸ [GATE 2] Branch branch.mfg.fc2:
10:27:13.257 â„¹ï¸   ENU Start: (E=0, N=704, U=2000)
10:27:13.258 â„¹ï¸   ENU End: (E=800, N=704, U=2000)
10:27:13.258 â„¹ï¸   Branch Length: 800.0m
10:27:13.259 â„¹ï¸ [FilamentRenderer] â° Timeboxes: 1 on branch branch.mfg.fc2
10:27:13.259 â„¹ï¸ [GATE 2] Branch branch.mfg.fc3:
10:27:13.260 â„¹ï¸   ENU Start: (E=0, N=736, U=2000)
10:27:13.260 â„¹ï¸   ENU End: (E=800, N=736, U=2000)
10:27:13.260 â„¹ï¸   Branch Length: 800.0m
10:27:13.261 â„¹ï¸ [FilamentRenderer] â° Timeboxes: 1 on branch branch.mfg.fc3
10:27:13.261 â„¹ï¸ [GATE 2] Branch branch.mfg.fc4:
10:27:13.262 â„¹ï¸   ENU Start: (E=0, N=768, U=2000)
10:27:13.262 â„¹ï¸   ENU End: (E=800, N=768, U=2000)
10:27:13.263 â„¹ï¸   Branch Length: 800.0m
10:27:13.263 â„¹ï¸ [FilamentRenderer] â° Timeboxes: 1 on branch branch.mfg.fc4
10:27:13.264 â„¹ï¸ [GATE 2] Branch branch.mfg.mc1:
10:27:13.264 â„¹ï¸   ENU Start: (E=0, N=800, U=2000)
10:27:13.264 â„¹ï¸   ENU End: (E=800, N=800, U=2000)
10:27:13.265 â„¹ï¸   Branch Length: 800.0m
10:27:13.265 â„¹ï¸ [FilamentRenderer] â° Timeboxes: 1 on branch branch.mfg.mc1
10:27:13.266 â„¹ï¸ [GATE 2] Branch branch.mfg.sc1:
10:27:13.266 â„¹ï¸   ENU Start: (E=0, N=832, U=2000)
10:27:13.266 â„¹ï¸   ENU End: (E=800, N=832, U=2000)
10:27:13.267 â„¹ï¸   Branch Length: 800.0m
10:27:13.267 â„¹ï¸ [FilamentRenderer] â° Timeboxes: 1 on branch branch.mfg.sc1
10:27:13.268 â„¹ï¸ [PRES] junctions rendered=PASS count=8
10:27:13.269 â„¹ï¸ [VIS2] expandedSheetsAllowed=false scope=world
10:27:13.269 â„¹ï¸ [VIS2] suppressSheetDetail=true expandedSheetsAllowed=false selectedSheet=none lod=COMPANY
10:27:13.270 â„¹ï¸ [RING] applied=PASS nodes=14 scope=company lod=COMPANY
10:27:13.270 â„¹ï¸ [RING] mapping thickness=pressure pulse=voteEnergy color=stateQuality
10:27:13.272 â„¹ï¸ [VIS] basinRings anchor=trunk.avgol companies=6 mode=rings
10:27:13.274 â„¹ï¸ [FILAMENT] bandSnap id=FIL-001 timeboxId=FIN-T4 deltaM=0 result=PASS
[FILAMENT] bandSnap id=FIL-001 timeboxId=FIN-T4 deltaM=0 result=PASS
10:27:13.275 â„¹ï¸ [FILAMENT] bandSnap id=FIL-002 timeboxId=FIN-T3 deltaM=0 result=PASS
[FILAMENT] bandSnap id=FIL-002 timeboxId=FIN-T3 deltaM=0 result=PASS
10:27:13.276 â„¹ï¸ [FILAMENT] bandSnap id=FIL-003 timeboxId=FIN-T1 deltaM=0 result=PASS
[FILAMENT] bandSnap id=FIL-003 timeboxId=FIN-T1 deltaM=0 result=PASS
10:27:13.278 â„¹ï¸ [FILAMENT] bandSnap id=FIL-004 timeboxId=MNT-T0 deltaM=0 result=PASS
[FILAMENT] bandSnap id=FIL-004 timeboxId=MNT-T0 deltaM=0 result=PASS
10:27:13.279 â„¹ï¸ [FILAMENT] bandSnap id=FIL-006 timeboxId=MNT-T1 deltaM=0 result=PASS
[FILAMENT] bandSnap id=FIL-006 timeboxId=MNT-T1 deltaM=0 result=PASS
10:27:13.280 â„¹ï¸ [FILAMENT] bandSnap source=vis4Registry
[FILAMENT] bandSnap source=vis4Registry
10:27:13.281 â„¹ï¸ [DISCLOSURE] markersRendered count=5 tiers={PRIVATE:2,WITNESSED:2,PUBLIC_SUMMARY:1,FULL_PUBLIC:0}
[DISCLOSURE] markersRendered count=5 tiers={PRIVATE:2,WITNESSED:2,PUBLIC_SUMMARY:1,FULL_PUBLIC:0}
10:27:13.283 â„¹ï¸ [VIS2] deptSpinesRendered count=8
10:27:13.283 â„¹ï¸ [S1] SheetsRendered=0 Expected=0
10:27:13.284 â„¹ï¸ [VIS2] companyCollapsed result=PASS sheetsRendered=0 lod=COMPANY scope=world expandedSheetsAllowed=false
10:27:13.285 â„¹ï¸ [SHEET-META] set sheet=sheet.packaging center=ok axes=ok normal=ok dims=400x144 cells=10x6 src=tile
10:27:13.286 â„¹ï¸ [SHEET-META] set sheet=sheet.mfg.materialIssues center=ok axes=ok normal=ok dims=400x144 cells=6x10 src=tile
10:27:13.287 â„¹ï¸ [SHEET-META] set sheet=sheet.fin.apAging center=ok axes=ok normal=ok dims=400x144 cells=8x10 src=tile
10:27:13.288 â„¹ï¸ [SHEET-META] set sheet=sheet.fin.cashForecast center=ok axes=ok normal=ok dims=400x144 cells=6x8 src=tile
10:27:13.288 â„¹ï¸ [SHEET-META] set sheet=sheet.ops.productionSummary center=ok axes=ok normal=ok dims=400x144 cells=6x8 src=tile
10:27:13.289 â„¹ï¸ [SHEET-META] set sheet=sheet.ops.shiftReport center=ok axes=ok normal=ok dims=400x144 cells=6x8 src=tile
10:27:13.289 â„¹ï¸ [SHEET-META] set sheet=sheet.fin.budgetVariance center=ok axes=ok normal=ok dims=400x144 cells=6x6 src=tile
10:27:13.290 â„¹ï¸ [SHEET-META] set sheet=sheet.scm.inventoryLevels center=ok axes=ok normal=ok dims=400x144 cells=8x6 src=tile
10:27:13.290 â„¹ï¸ [SHEET-META] set sheet=sheet.qa.auditFindings center=ok axes=ok normal=ok dims=400x144 cells=8x8 src=tile
10:27:13.291 â„¹ï¸ [SHEET-META] set sheet=sheet.qa.ncTracking center=ok axes=ok normal=ok dims=400x144 cells=6x8 src=tile
10:27:13.291 â„¹ï¸ [SHEET-META] set sheet=sheet.qa.spcCharts center=ok axes=ok normal=ok dims=400x144 cells=6x6 src=tile
10:27:13.292 â„¹ï¸ [SHEET-META] set sheet=sheet.mnt.workOrders center=ok axes=ok normal=ok dims=400x144 cells=8x8 src=tile
10:27:13.292 â„¹ï¸ [SHEET-META] set sheet=sheet.mnt.assetRegistry center=ok axes=ok normal=ok dims=400x144 cells=6x8 src=tile
10:27:13.293 â„¹ï¸ [SHEET-META] set sheet=sheet.mnt.sparePartsInventory center=ok axes=ok normal=ok dims=400x144 cells=6x6 src=tile
10:27:13.293 â„¹ï¸ [SHEET-META] set sheet=sheet.it.systemUptime center=ok axes=ok normal=ok dims=400x144 cells=6x8 src=tile
10:27:13.294 â„¹ï¸ [SHEET-META] set sheet=sheet.it.changeRequests center=ok axes=ok normal=ok dims=400x144 cells=8x8 src=tile
10:27:13.294 â„¹ï¸ [SHEET-META] set sheet=sheet.it.projectTracker center=ok axes=ok normal=ok dims=400x144 cells=8x8 src=tile
10:27:13.295 â„¹ï¸ [SHEET-META] set sheet=sheet.it.securityDashboard center=ok axes=ok normal=ok dims=400x144 cells=6x6 src=tile
10:27:13.295 â„¹ï¸ [SHEET-META] set sheet=sheet.scm.inboundRequests center=ok axes=ok normal=ok dims=400x144 cells=8x10 src=tile
10:27:13.296 â„¹ï¸ [SHEET-META] set sheet=sheet.scm.supplierScorecard center=ok axes=ok normal=ok dims=400x144 cells=6x8 src=tile
10:27:13.297 â„¹ï¸ [SHEET-META] set sheet=P2P.RequisitionLines center=ok axes=ok normal=ok dims=400x144 cells=7x12 src=tile
10:27:13.297 â„¹ï¸ [SHEET-META] set sheet=P2P.POLines center=ok axes=ok normal=ok dims=400x144 cells=7x13 src=tile
10:27:13.298 â„¹ï¸ [SHEET-META] set sheet=P2P.GRLines center=ok axes=ok normal=ok dims=400x144 cells=6x10 src=tile
10:27:13.298 â„¹ï¸ [SHEET-META] set sheet=P2P.InvoiceLines center=ok axes=ok normal=ok dims=400x144 cells=7x16 src=tile
10:27:13.299 â„¹ï¸ [SHEET-META] set sheet=P2P.PaymentLines center=ok axes=ok normal=ok dims=400x144 cells=5x14 src=tile
10:27:13.299 â„¹ï¸ [SHEET-META] set sheet=P2P.BankStatementLines center=ok axes=ok normal=ok dims=400x144 cells=1x7 src=tile
10:27:13.300 â„¹ï¸ [SHEET-META] set sheet=P2P.GLPostingLines center=ok axes=ok normal=ok dims=400x144 cells=9x11 src=tile
10:27:13.300 â„¹ï¸ [SHEET-META] set sheet=P2P.ThreeWayMatch center=ok axes=ok normal=ok dims=400x144 cells=8x14 src=tile
10:27:13.301 â„¹ï¸ [SHEET-META] set sheet=P2P.InvoiceToGLMatch center=ok axes=ok normal=ok dims=400x144 cells=5x10 src=tile
10:27:13.301 â„¹ï¸ [SHEET-META] set sheet=P2P.InvoiceToPaymentMatch center=ok axes=ok normal=ok dims=400x144 cells=5x11 src=tile
10:27:13.302 â„¹ï¸ [SHEET-META] set sheet=P2P.AP_Aging center=ok axes=ok normal=ok dims=400x144 cells=14x2 src=tile
10:27:13.302 â„¹ï¸ [SHEET-META] set sheet=P2P.MatchRateSummary center=ok axes=ok normal=ok dims=400x144 cells=8x2 src=tile
10:27:13.303 â„¹ï¸ [SHEET-META] set sheet=P2P.SpendByCategory center=ok axes=ok normal=ok dims=400x144 cells=6x5 src=tile
10:27:13.303 â„¹ï¸ [SHEET-META] set sheet=MFG.WorkOrders center=ok axes=ok normal=ok dims=400x144 cells=1x5 src=tile
10:27:13.304 â„¹ï¸ [SHEET-META] set sheet=MFG.MaterialIssues center=ok axes=ok normal=ok dims=400x144 cells=1x5 src=tile
10:27:13.304 â„¹ï¸ [SHEET-META] set sheet=MFG.ScrapEvents center=ok axes=ok normal=ok dims=400x144 cells=1x5 src=tile
10:27:13.305 â„¹ï¸ [SHEET-META] set sheet=MFG.QualityChecks center=ok axes=ok normal=ok dims=400x144 cells=1x4 src=tile
10:27:13.305 â„¹ï¸ [SHEET-META] set sheet=MFG.WOIssueMatch center=ok axes=ok normal=ok dims=400x144 cells=1x8 src=tile
10:27:13.306 â„¹ï¸ [SHEET-META] set sheet=MFG.ProductionSummary center=ok axes=ok normal=ok dims=400x144 cells=5x2 src=tile
10:27:13.306 â„¹ï¸ [VIS2] sheetTilesRendered count=39
10:27:13.307 â„¹ï¸ [CANOPY] proxyCache preRender=PASS size=39
10:27:13.307 â„¹ï¸ [CANOPY] proxyCache populated=PASS size=39
10:27:13.307 â„¹ï¸ [SHEET-PLATFORM] rendered count=39 mode=overview normal=UP
10:27:13.308 â„¹ï¸ [SHEET-PLATFORM] proxyCache updated=PASS sheets=39
10:27:13.308 â„¹ï¸ [TEMPLATE] deptCount=27 sheetsTarget=39 applied=PASS
10:27:13.309 â„¹ï¸ [TEMPLATE] sheetPlacement applied=PASS sheets=39 collisions=0
10:27:13.309 â„¹ï¸ [TEMPLATE] fanLayout applied=PASS perDept=multi fanned=6
10:27:13.309 â„¹ï¸ [CANOPY] placement function=computeCanopyPlacement version=1
10:27:13.310 â„¹ï¸ [CANOPY] radialLayout applied=PASS depts=6 tiers=3 radii=220,280,340
10:27:13.310 â„¹ï¸ [CANOPY] curvature applied=PASS
10:27:13.311 â„¹ï¸ [CANOPY] gridLOD overview=MAJOR faceSheet=FULL
10:27:13.311 â„¹ï¸ [CANOPY] labels policy=PASS overview=DEPTS_ONLY hover=LOCAL
10:27:13.311 â„¹ï¸ [VIS2] exitSheet collapsed=PASS expanded=0 tiles=39
10:27:13.313 â„¹ï¸ [VIS3] flowOverlay result=PASS edges=66 exceptions=11 scope=world lod=COMPANY
10:27:13.313 â„¹ï¸ [VIS3] trafficBarsRendered count=8
10:27:13.314 â„¹ï¸ [VIS3] gate-summary result=PASS
10:27:13.314 â„¹ï¸ [TIMEBOX] input source=demoTimeboxes
10:27:13.317 â„¹ï¸ [VIS4c] labelsRendered count=36 scope=company
10:27:13.317 â„¹ï¸ [VIS4] slabsRendered scope=company objects=9 slabs=36 capped=false
10:27:13.318 â„¹ï¸ [VIS4] companySlabs result=PASS deptBranches=8 trunkSlabs=6
10:27:13.318 â„¹ï¸ [VIS4] gate-summary result=PASS
10:27:13.318 â„¹ï¸ âœ… Tree rendered:
10:27:13.319 â„¹ï¸   Primitives: 125 (trunk=6, branches=27, cell-filaments=0, spines=0, lane-polylines=0, lane-volumes=0, sheet-tiles=39, dept-spines=8, flow-bars=9, ex-overlays=0, route-highlights=0, slabs=36, vis6-pulses=0, presence-markers=0)
10:27:13.319 â„¹ï¸   Entities: 97 (labels=6, cell-points=0, timebox-labels=91)
10:27:13.320 â„¹ï¸ [LOD-BUDGET] frame sheetsDetailed=0 totalMarkers=0 totalPrims=125 totalEntities=97
10:27:13.320 â„¹ï¸ [TOPOLOGY] sheet-normal check skipped: reason=canopy/launch presentation suppressSheetDetail=true expandedSheetsAllowed=false canopy=true
10:27:13.321 â„¹ï¸ [FilamentRenderer] âœ… Turgor force animation started
10:27:14.515 â„¹ï¸ [GLOBE] worldTrunks synced added=5 total=6
10:27:14.516 â„¹ï¸ [GLOBE] datasetLoad anchors=6
10:27:14.516 â„¹ï¸ [UX] multiCountrySmoke=PASS anchors=6
10:27:14.517 â„¹ï¸ [LAUNCH-FIX] cameraFrame target=trunk.avgol result=PASS distM=750 horzM=1000 heading=355 pitch=-28 applied=PASS
10:27:14.517 â„¹ï¸ ðŸ“· Camera presets: Press 1=SheetTopDown, 2=SideProfile, 3=SheetFaceOn, 4=SpreadsheetProof, 5=SpineInspection
10:27:14.518 â„¹ï¸ ðŸ”’ LOD Lock: Press L to lock/unlock LOD at current level
10:27:14.518 â„¹ï¸ ðŸŽ® Free-fly pointer lock: Press ` (backquote) to toggle
10:27:14.520 â„¹ï¸ [HUD] mode=FreeFly layer1=6 layer2=0
10:27:14.524 â„¹ï¸ [HUD] consolidated rootCount=1 duplicates=0
10:27:14.527 â„¹ï¸ [HUD] tier1 rows=6
10:27:14.528 â„¹ï¸ [HUD] tier2 default=collapsed
10:27:14.528 â„¹ï¸ [PRES] billboard=ON reason=launch-default
10:27:14.529 â„¹ï¸ [UX] debugLogs=false (launch mode)
10:27:14.529 â„¹ï¸ [LAUNCH-FIX] uiGating launch=true hiddenPanels=artifacts,ux3,p2p,topicLane,vote,workMode,logConsole applied=PASS
10:27:14.535 â„¹ï¸ [LAUNCH-FIX] hud tier1=ON tier2=OFF default=collapsed
10:27:14.535 â„¹ï¸ [LAUNCH-FIX] helpOverlay shown=true dismissed=false source=first
[BUILD] 2026-02-09T12:30Z ux-1.1-universal-object-contract
10:27:14.536 â„¹ï¸ [UX-1.1-PROOF] type=trunk id=trunk.avgol scope=root actions=focusView,showKPIs,showTimeboxes,showBranches,cycleClusterLevel,focusNextRegion,loadGlobalCore
10:27:14.537 â„¹ï¸ [UX-1.1-PROOF] type=branch id=branch.operations scope=trunk.avgol actions=focusView,showKPIs,showTimeboxes,showPressureSources,cycleClusterLevel,focusNextRegion,loadGlobalCore
10:27:14.537 â„¹ï¸ [UX-1.1-PROOF] type=sheet id=sheet.packaging scope=branch.operations actions=focusView,showSchema,addColumn,addValidation,addSummaryBinding
10:27:14.537 â„¹ï¸ [UX-1.1-PROOF] type=cell id=sheet.packaging.cell.0.0 scope=branch.operations actions=edit,viewDependencies,viewHistory,createValidation,lockScope
10:27:14.537 â„¹ï¸ [UX-1.1-PROOF] type=match id=3WM-001 scope=branch.p2p.mc1 actions=inspectSources,viewVariance,setTolerance,markResolved
10:27:14.538 â„¹ï¸ [UX-1.1-PROOF] type=route id=p2p.requisition scope=branch.p2p.fc1 actions=previewMapping,ingestTestRecord,showProvenance,editFieldMap
10:27:14.538 â„¹ï¸ [UX-1.1-PROOF] type=module id=P2P scope=trunk.avgol actions=showAllSheets,showRoutes,showKPIBindings,showRecomputationChain
10:27:14.538 â„¹ï¸ [UX-1.1] Universal Object Contract: 7 types resolved
10:27:14.539 â„¹ï¸ [CAM] basin-proximity target=branch.maintenance type=branch radiusM=6000.0 distanceM=1584.3 assist=BLOCKED_LAUNCH
10:27:14.540 â„¹ï¸ [VIS] sheetSelect resolved sheet=MFG.MaterialIssues reason=default
[VIS] sheetSelect resolved sheet=MFG.MaterialIssues reason=default
10:27:14.540 â„¹ï¸ [VIS] enter sheet=MFG.MaterialIssues scope=sheet-only
[VIS] enter sheet=MFG.MaterialIssues scope=sheet-only
10:27:14.540 â„¹ï¸ [LOD] apply level=CELL sheetsDetailed=1 lanes=1 markers=1
10:27:14.541 â„¹ï¸ [DOCK] dist=970 align=0.18 preview=false edit=false overlay=0.00
10:27:14.685 â„¹ï¸ [GATE 4] Anchor marker rendered at (-122.4194, 37.7749) - independent of buildings/terrain
10:27:14.685 â„¹ï¸ [GATE 4] Anchor marker rendered at (-0.1276, 51.5072) - independent of buildings/terrain
10:27:14.686 â„¹ï¸ [GATE 4] Anchor marker rendered at (77.2090, 28.6139) - independent of buildings/terrain
10:27:14.686 â„¹ï¸ [GATE 4] Anchor marker rendered at (139.6917, 35.6895) - independent of buildings/terrain
10:27:14.687 â„¹ï¸ [GATE 4] Anchor marker rendered at (-46.6333, -23.5505) - independent of buildings/terrain
10:27:14.688 â„¹ï¸ [UX] debugLogs=false gateSpamSuppressed=true
10:27:14.692 â„¹ï¸ [VIS2] expandedSheetsAllowed=true scope=sheet
10:27:14.693 â„¹ï¸ [VIS2] suppressSheetDetail=false expandedSheetsAllowed=true selectedSheet=MFG.MaterialIssues lod=CELL
10:27:14.697 â„¹ï¸ [VIS] sheetOnlyRender sheetsDetailed=1 selected=MFG.MaterialIssues hidden=38
10:27:14.703 â„¹ï¸ [VIS2] sheetTilesRendered count=38
10:27:14.703 â„¹ï¸ [VIS2] enterSheet expanded=1 tiles=38
10:27:14.703 â„¹ï¸ [VIS3.2] sheetOverlay begin sheet=MFG.MaterialIssues scope=sheet
10:27:14.703 â„¹ï¸ [VIS3.2] exceptionRows result=PASS sheet=MFG.MaterialIssues count=0
10:27:14.703 â„¹ï¸ [VIS3.2] routeHighlights result=PASS sheet=MFG.MaterialIssues edges=0
10:27:14.703 â„¹ï¸ [VIS3.2] budget exceptionOverlays=0 routeHighlights=0 capped=false
10:27:14.703 â„¹ï¸ [VIS3.2] gate-summary result=PASS
10:27:14.703 â„¹ï¸ [VIS4c] labelsRendered count=1 scope=sheet
10:27:14.703 â„¹ï¸ [VIS4] slabsRendered scope=sheet objects=1 slabs=1 capped=false
10:27:14.703 â„¹ï¸ [VIS4] sheetSlabs result=PASS sheet=MFG.MaterialIssues slabs=1
10:27:14.704 â„¹ï¸ [VIS4] gate-summary result=PASS
10:27:14.704 â„¹ï¸ [LOD-BUDGET] frame sheetsDetailed=1 totalMarkers=5 totalPrims=88 totalEntities=92
[BoundaryRenderer] âœ… BRA: Loaded 1/1 features
[BoundaryRenderer] Loading ARG from data/boundaries/countries/ARG-ADM0.geojson
[DISCLOSURE] demo voteOverride branch=branch.finance voteStatus=PASSED reason=disclosure_demo
[DISCLOSURE] evidenceAppended id=FIL-001 count=1 result=PASS
[TIMEBOX] event type=DISCLOSURE_CHANGE id=FIL-001 applied=PASS target=trunk.avgol timeboxId=T6
[DISCLOSURE] id=FIL-001 from=PRIVATE to=WITNESSED reason=demo_manual result=PASS
[DISCLOSURE] persist backend=localStorage stored=6 result=PASS
10:27:15.707 â„¹ï¸ [DOCK] dist=970 align=0.18 preview=false edit=false overlay=0.00
10:27:15.949 â„¹ï¸ [HUD] paramsLoaded version=HUD-PARAMS-v0 policyRef=local:HUD-PARAMS-v0
10:27:16.190 â„¹ï¸ [VIS] exit sheet=MFG.MaterialIssues restoreView=true
[VIS] exit sheet=MFG.MaterialIssues restoreView=true
10:27:16.191 â„¹ï¸ [VIS] enter company=trunk.avgol
[VIS] enter company=trunk.avgol
10:27:16.191 â„¹ï¸ [LOD] apply level=COMPANY requestedSheetsDetailed=0 effectiveSheetsDetailed=0 lanes=0 markers=0 reason=collapsedByPolicy distKm=1.6
10:27:16.191 â„¹ï¸ [CAM] focusLock target=trunk.avgol scope=company result=PASS
10:27:16.191 â„¹ï¸ [INPUT] owner=CAMERA mode=FreeFly reason=focusLock
10:27:16.191 â„¹ï¸ [LOD] lock level=COMPANY reason=basinFocus
10:27:16.192 â„¹ï¸ [HUD] votes summary=PASS passed=5 pending=1 rejected=0
[HUD] votes summary=PASS passed=5 pending=1 rejected=0
[BoundaryRenderer] âœ… ARG: Loaded 1/1 features
[BoundaryRenderer] Loading GBR from data/boundaries/countries/GBR-ADM0.geojson
10:27:16.195 â„¹ï¸ [REFUSAL] reason=DISCLOSURE_DOWNGRADE_BLOCKED filament=FIL-001 attempted=PRIVATE
[REFUSAL] reason=DISCLOSURE_DOWNGRADE_BLOCKED filament=FIL-001 attempted=PRIVATE
10:27:16.256 â„¹ï¸ [VIS2] expandedSheetsAllowed=false scope=company
10:27:16.256 â„¹ï¸ [VIS2] suppressSheetDetail=true expandedSheetsAllowed=false selectedSheet=none lod=COMPANY
10:27:16.257 â„¹ï¸ [VIS] basinRings anchor=trunk.avgol companies=11 mode=cluster
10:27:16.257 â„¹ï¸ [VIS2] deptSpinesRendered count=8
10:27:16.257 â„¹ï¸ [VIS2] companyCollapsed result=PASS sheetsRendered=0 lod=COMPANY scope=company expandedSheetsAllowed=false
10:27:16.275 â„¹ï¸ [VIS2] sheetTilesRendered count=39
10:27:16.276 â„¹ï¸ [VIS2] exitSheet collapsed=PASS expanded=0 tiles=39
10:27:16.277 â„¹ï¸ [VIS3] flowOverlay result=PASS edges=66 exceptions=11 scope=company lod=COMPANY
10:27:16.278 â„¹ï¸ [VIS3] trafficBarsRendered count=8
10:27:16.278 â„¹ï¸ [VIS3] gate-summary result=PASS
10:27:16.281 â„¹ï¸ [VIS4c] labelsRendered count=51 scope=company
10:27:16.281 â„¹ï¸ [VIS4] slabsRendered scope=company objects=14 slabs=51 capped=false
10:27:16.281 â„¹ï¸ [VIS4] companySlabs result=PASS deptBranches=8 trunkSlabs=21
10:27:16.281 â„¹ï¸ [VIS4] gate-summary result=PASS
10:27:16.282 â„¹ï¸ [LOD-BUDGET] frame sheetsDetailed=0 totalMarkers=0 totalPrims=145 totalEntities=132
10:27:16.729 â„¹ï¸ [DOCK] dist=966 align=0.18 preview=false edit=false overlay=0.00
10:27:17.004 â„¹ï¸ [HUD] mode=CompanyFocus
[BoundaryRenderer] âœ… GBR: Loaded 1/1 features
[BoundaryRenderer] Loading FRA from data/boundaries/countries/FRA-ADM0.geojson
10:27:17.225 â„¹ï¸ [REFUSAL] reason=DISCLOSURE_REQUIRES_VOTE filament=FIL-001 attempted=FULL_PUBLIC voteStatus=PENDING
[REFUSAL] reason=DISCLOSURE_REQUIRES_VOTE filament=FIL-001 attempted=FULL_PUBLIC voteStatus=PENDING
10:27:17.475 â„¹ï¸ [CAM] basinFocus settled target=trunk.avgol distM=900 pitch=-55
10:27:17.850 â„¹ï¸ [DOCK] dist=761 align=0.43 preview=false edit=false overlay=0.00
[BoundaryRenderer] âœ… FRA: Loaded 1/1 features
[BoundaryRenderer] Loading DEU from data/boundaries/countries/DEU-ADM0.geojson
10:27:18.893 â„¹ï¸ [DOCK] dist=761 align=0.43 preview=false edit=false overlay=0.00
[BoundaryRenderer] âœ… DEU: Loaded 1/1 features
[BoundaryRenderer] Loading NLD from data/boundaries/countries/NLD-ADM0.geojson
10:27:19.934 â„¹ï¸ [DOCK] dist=761 align=0.43 preview=false edit=false overlay=0.00
[BoundaryRenderer] âœ… NLD: Loaded 1/1 features
[BoundaryRenderer] Loading EGY from data/boundaries/countries/EGY-ADM0.geojson
10:27:21.160 â„¹ï¸ [DOCK] dist=761 align=0.43 preview=false edit=false overlay=0.00
[BoundaryRenderer] âœ… EGY: Loaded 1/1 features
[BoundaryRenderer] Loading SAU from data/boundaries/countries/SAU-ADM0.geojson
[BoundaryRenderer] âœ… SAU: Loaded 1/1 features
[BoundaryRenderer] Loading IND from data/boundaries/countries/IND-ADM0.geojson
[BoundaryRenderer] âœ… IND: Loaded 1/1 features
[BoundaryRenderer] Loading CHN from data/boundaries/countries/CHN-ADM0.geojson
10:27:22.519 â„¹ï¸ [DOCK] dist=761 align=0.43 preview=false edit=false overlay=0.00
[BoundaryRenderer] âœ… CHN: Loaded 1/1 features
[BoundaryRenderer] Loading KOR from data/boundaries/countries/KOR-ADM0.geojson
10:27:23.715 â„¹ï¸ [DOCK] dist=761 align=0.43 preview=false edit=false overlay=0.00
[BoundaryRenderer] âœ… KOR: Loaded 1/1 features
[BoundaryRenderer] Loading ISR from data/boundaries/countries/ISR-ADM0.geojson
10:27:24.915 â„¹ï¸ [DOCK] dist=761 align=0.43 preview=false edit=false overlay=0.00
[BOUNDARY] reuse id=boundary-ISR-0-0050ba14
10:27:25.789 â„¹ï¸ [GLOBE] country-set id=global-core loaded=26
[BoundaryRenderer] Loading USA from data/boundaries/countries/USA-ADM0.geojson
10:27:26.060 â„¹ï¸ [DOCK] dist=761 align=0.43 preview=false edit=false overlay=0.00
[BoundaryRenderer] Loading USA from data/boundaries/countries/USA-ADM0.geojson
10:27:27.317 â„¹ï¸ [DOCK] dist=761 align=0.43 preview=false edit=false overlay=0.00
10:27:27.666 â„¹ï¸ [CAM] basin-exit target=branch.maintenance
10:27:28.421 â„¹ï¸ [GLOBE] focus country=USA
10:27:28.421 â„¹ï¸ [GLOBE] focus region=north-america
10:27:28.421 â„¹ï¸ [GLOBE] hierarchy init cluster=globe countries=11
[BoundaryRenderer] Loading USA from data/boundaries/countries/USA-ADM0.geojson
10:27:28.430 â„¹ï¸ [DOCK] dist=24425 align=1.00 preview=false edit=false overlay=0.00
[BoundaryRenderer] Loading ISR from data/boundaries/countries/ISR-ADM0.geojson
10:27:29.673 â„¹ï¸ [DOCK] dist=24611023 align=0.88 preview=false edit=false overlay=0.00
10:27:30.532 â„¹ï¸ [GLOBE] country-set id=global-core loaded=26
10:27:30.533 â„¹ï¸ [GLOBE] cluster level=globe focusCountry=USA
10:27:30.817 â„¹ï¸ [DOCK] dist=24611023 align=0.88 preview=false edit=false overlay=0.00
10:27:31.832 â„¹ï¸ [DOCK] dist=24611023 align=0.88 preview=false edit=false overlay=0.00
10:27:31.884 â„¹ï¸ [VIS2] expandedSheetsAllowed=false scope=company
10:27:31.885 â„¹ï¸ [VIS2] suppressSheetDetail=true expandedSheetsAllowed=false selectedSheet=none lod=COMPANY
10:27:31.886 â„¹ï¸ [VIS] basinRings anchor=trunk.avgol companies=11 mode=cluster
[DISCLOSURE] markersRendered count=5 tiers={PRIVATE:1,WITNESSED:3,PUBLIC_SUMMARY:1,FULL_PUBLIC:0}
10:27:31.886 â„¹ï¸ [VIS2] deptSpinesRendered count=8
10:27:31.886 â„¹ï¸ [VIS2] companyCollapsed result=PASS sheetsRendered=0 lod=COMPANY scope=company expandedSheetsAllowed=false
10:27:31.910 â„¹ï¸ [VIS2] sheetTilesRendered count=39
10:27:31.924 â„¹ï¸ [LOD-BUDGET] frame sheetsDetailed=0 totalMarkers=0 totalPrims=145 totalEntities=132
10:27:32.884 â„¹ï¸ [DOCK] dist=24611023 align=0.88 preview=false edit=false overlay=0.00
10:27:33.946 â„¹ï¸ [DOCK] dist=24611023 align=0.88 preview=false edit=false overlay=0.00
10:27:34.946 â„¹ï¸ [DOCK] dist=24611023 align=0.88 preview=false edit=false overlay=0.00
10:27:35.960 â„¹ï¸ [DOCK] dist=24611023 align=0.88 preview=false edit=false overlay=0.00

--- FILAMENT-DISCLOSURE-1 proof ---
--- Stage 1: Boot + Restore ---
[DISCLOSURE-PROOF] stage1 bootRestore: 10:27:10.200 â„¹ï¸ [DISCLOSURE] restore backend=localStorage loaded=0 result=PASS => PASS
--- Stage 2: Auto-upgrade on lifecycle ---
[DISCLOSURE-PROOF] stage2 autoUpgrade: FIL-003=true FIL-004=true FIL-005=true FIL-006=true => PASS
--- Stage 3: Manual disclosure ---
[DISCLOSURE-PROOF] stage3 manualDisclosure: transition=true evidence=true => PASS
--- Stage 4: Downgrade refusal ---
[DISCLOSURE-PROOF] stage4 downgradeRefusal: 10:27:16.195 â„¹ï¸ [REFUSAL] reason=DISCLOSURE_DOWNGRADE_BLOCKED filament=FIL-001 attempted=PRIVATE => PASS
--- Stage 5: Governance gating ---
[DISCLOSURE-PROOF] stage5 governanceGating: 10:27:17.225 â„¹ï¸ [REFUSAL] reason=DISCLOSURE_REQUIRES_VOTE filament=FIL-001 attempted=FULL_PUBLIC voteStatus=PENDING => PASS
--- Stage 6: Persistence ---
[DISCLOSURE-PROOF] stage6a persist: 10:27:10.202 â„¹ï¸ [DISCLOSURE] persist backend=localStorage stored=6 result=PASS => PASS
[DISCLOSURE-PROOF] stage6b restore: restoreLog=true FIL-001=WITNESSED FIL-003=WITNESSED => PASS
--- Stage 7: Marker overlay ---
[DISCLOSURE-PROOF] stage7 markerOverlay: 10:27:13.281 â„¹ï¸ [DISCLOSURE] markersRendered count=5 tiers={PRIVATE:2,WITNESSED:2,PUBLIC_SUMMARY:1,FULL_PUBLIC:0} => PASS
--- Stage 8: Gate ---
[DISCLOSURE-PROOF] gate-summary result=PASS stages=7/7