[HYGIENE] timestamp=2026-02-12
[HYGIENE] command=git status --porcelain
 M app/cesium/viewer-init.js
 M archive/proofs/PROOF-INDEX.md
 M relay-cesium-world.html
?? app/cesium/imagery-registry.js
?? archive/proofs/globe-restore-0-proof-2026-02-12.png
?? scripts/globe-restore-0-proof.mjs
?? scripts/osv1-full-system-proof.mjs

[HYGIENE] command=git diff --name-only
warning: in the working copy of 'app/cesium/viewer-init.js', LF will be replaced by CRLF the next time Git touches it
warning: in the working copy of 'archive/proofs/PROOF-INDEX.md', LF will be replaced by CRLF the next time Git touches it
warning: in the working copy of 'relay-cesium-world.html', LF will be replaced by CRLF the next time Git touches it
app/cesium/viewer-init.js
archive/proofs/PROOF-INDEX.md
relay-cesium-world.html

[HYGIENE] command=Get-Item scripts/osv1-full-system-proof.mjs
FullName      : C:\Users\eitana\Desktop\App Development\Relay\RelayCodeBaseV93\scripts\osv1-full-system-proof.mjs
Length        : 17647
LastWriteTime : 2/12/2026 3:31:55 PM

[HYGIENE] command=git ls-files scripts/osv1-full-system-proof.mjs
(no output)

[HYGIENE] action=delete scripts/osv1-full-system-proof.mjs
result=deleted (untracked, unintended)

[HYGIENE] command=git status --porcelain (post-delete)
 M app/cesium/viewer-init.js
 M archive/proofs/PROOF-INDEX.md
 M relay-cesium-world.html
?? app/cesium/imagery-registry.js
?? archive/proofs/globe-restore-0-proof-2026-02-12.png
?? scripts/globe-restore-0-proof.mjs

[HYGIENE] command=git ls-files scripts/osv1-full-system-proof.mjs (post-delete)
(no output)
