[HEADLESS-0-PROOF] stage=1 label=boot-headless-detection result=PASS
[HEADLESS] golden-compare facts=MATCH matches=MATCH summaries=MATCH kpis=MATCH commits=MATCH packets=MATCH ledger=MATCH sha256=36a2c8f7be07358e
[HEADLESS-0-PROOF] stage=2 label=fixture-parity-sha256 result=PASS
[HEADLESS-0-PROOF] stage=3 label=d0-stress-ingestion result=PASS
[HEADLESS-0-PROOF] stage=4 label=d0-stress-recompute result=PASS
[HEADLESS-0-PROOF] stage=5 label=d0-renderer-na result=PASS
[HEADLESS-0-PROOF] stage=6 label=d0-viewport-datefix result=PASS
[HEADLESS] stress-golden-compare facts=MATCH matches=MATCH summaries=MATCH kpis=MATCH commits=MATCH packets=MATCH ledger=MATCH sha256=4f53cda18c2baa0c
[HEADLESS-0-PROOF] stage=7 label=stress-golden-parity result=PASS
[HEADLESS-0-PROOF] stage=8 label=non-interference result=PASS
[HEADLESS-0-PROOF] gate-summary result=PASS stages=8/8
[ENU] Coordinate system loaded - all geometry in meters
[HEADLESS] mode=FORCED reason=urlParam
05:26:25.289 ℹ️ [GLOBE] imagery mode=osm provider=OpenStreetMap
05:26:25.313 ℹ️ [PRES] colorCorrection added=PASS vignette=ON coolTone=ON
05:26:25.314 ℹ️ [PRES] postFX enabled=PASS fxaa=ON bloom=ON colorCorrect=ON
05:26:25.317 ℹ️ [PRES] fog enabled=PASS density=0.00048
05:26:25.321 ⚠️ ⚠️ Buildings marked as DEGRADED
05:26:25.323 ℹ️ [LAUNCH-FIX] basemapDim brightness=0.28 contrast=0.55 saturation=0.05 gamma=1.6 applied=PASS
05:26:25.325 ℹ️ [LAUNCH] visibilityMode enabled=PASS scale=0.25 trunkPrimitive=cylinder widthFloors=ON basemapDimming=ON
05:26:25.327 ℹ️ [PRES] environmentDeemphasis applied=PASS brightness=0.28 saturation=0.05 gamma=1.6
05:26:25.328 ℹ️ [GLOBE] services weatherBase=http://127.0.0.1:4020
05:26:25.329 ℹ️ [GLOBE] imagery registry enabled modes=local,clean-street,satellite,hybrid,osm,dark,minimalist
05:26:25.330 ℹ️ [CAM] restore-POV skipped for launch (deterministic frame)
05:26:25.331 ℹ️ [INPUT] owner=CAMERA mode=FreeFly reason=default
[RelationshipRenderer] Initialized
[RelationshipRenderer] Cleared all relationships
[BoundaryRenderer] DataSource created and added to viewer
[BoundaryRenderer] Initialized
[BoundaryRenderer] Loading ISR from data/boundaries/countries/ISR-ADM0.geojson
[BoundaryRenderer] Loading USA from data/boundaries/countries/USA-ADM0.geojson
05:26:25.335 ℹ️ [BOUNDARY-EDITOR] Initialized
[FILAMENT] registry initialized=PASS total=6
[DISCLOSURE] restore backend=localStorage loaded=0 result=PASS
[TIMEBOX] event type=DISCLOSURE_CHANGE id=FIL-003 applied=PASS target=trunk.avgol timeboxId=T6
[DISCLOSURE] id=FIL-003 from=PRIVATE to=WITNESSED reason=lifecycle_default result=PASS
[DISCLOSURE] persist backend=localStorage stored=6 result=PASS
[TIMEBOX] event type=DISCLOSURE_CHANGE id=FIL-004 applied=PASS target=trunk.avgol timeboxId=T6
[DISCLOSURE] id=FIL-004 from=PRIVATE to=PUBLIC_SUMMARY reason=lifecycle_default result=PASS
[DISCLOSURE] persist backend=localStorage stored=6 result=PASS
[TIMEBOX] event type=DISCLOSURE_CHANGE id=FIL-005 applied=PASS target=trunk.avgol timeboxId=T6
[DISCLOSURE] id=FIL-005 from=PRIVATE to=PUBLIC_SUMMARY reason=lifecycle_default result=PASS
[DISCLOSURE] persist backend=localStorage stored=6 result=PASS
[TIMEBOX] event type=DISCLOSURE_CHANGE id=FIL-006 applied=PASS target=trunk.avgol timeboxId=T6
[DISCLOSURE] id=FIL-006 from=PRIVATE to=WITNESSED reason=lifecycle_default result=PASS
[DISCLOSURE] persist backend=localStorage stored=6 result=PASS
[GroupMarkerNotSet(crbug.com/242999)!:A0F023000C750000]Automatic fallback to software WebGL has been deprecated. Please use the --enable-unsafe-swiftshader (about:flags#enable-unsafe-swiftshader) flag to opt in to lower security guarantees for trusted content.
[.WebGL-0x414017d8700]GL Driver Message (OpenGL, Performance, GL_CLOSE_PATH_NV, High): GPU stall due to ReadPixels
[.WebGL-0x414017d8700]GL Driver Message (OpenGL, Performance, GL_CLOSE_PATH_NV, High): GPU stall due to ReadPixels
[BoundaryRenderer] ✅ ISR: Loaded 1/1 features
[.WebGL-0x414017d8700]GL Driver Message (OpenGL, Performance, GL_CLOSE_PATH_NV, High): GPU stall due to ReadPixels
[BoundaryRenderer] ✅ USA: Loaded 1/1 features
05:26:26.483 ℹ️ [BOUNDARY] containsll suite=PASS polygons=1 multipolygons=1 holes=0
05:26:26.485 ℹ️ [BOUNDARY] containsll hole-suite=PASS probes=3
05:26:26.486 ℹ️ [BOUNDARY] restore result=PASS renderer=BoundaryRenderer containsLL=PASS ISR=1 USA=1
05:26:26.486 ℹ️ [GATE] G3 status=PASS evidence=runtime-boundary-selftest
05:26:26.487 ℹ️ [UX] boundaries=ACTIVE mode=READ_ONLY
05:26:26.487 ℹ️ [BOUNDARY] voting-scope mode=BOUNDARY_ENABLED reason=boundary-pass
[.WebGL-0x414017d8700]GL Driver Message (OpenGL, Performance, GL_CLOSE_PATH_NV, High): GPU stall due to ReadPixels (this message will no longer repeat)
05:26:27.102 ℹ️ [BOUNDARY] manifestLoaded countries=27
[BoundaryRenderer] Loading USA from data/boundaries/countries/USA-ADM0.geojson
[BOUNDARY] reuse id=boundary-USA-0-6c62914d
[BoundaryRenderer] Loading BRA from data/boundaries/countries/BRA-ADM0.geojson
05:26:28.340 ℹ️ [VOTE] restore backend=localStorage mode=demo loaded=0 result=PASS
[VOTE] restore backend=localStorage mode=demo loaded=0 result=PASS
[BACKING] id=branch.finance filaments=3 timeboxes=7 evidence=0 missing=0
[CONF] id=branch.finance conf=0.40 breakdown=tb:1,ev:0,disc:1,vote:0
[ATTN] id=branch.finance attn=0.20 lifecycle=SETTLING disclosure=WITNESSED vote=PENDING
[BACKING] id=branch.maintenance filaments=3 timeboxes=7 evidence=0 missing=0
[CONF] id=branch.maintenance conf=0.40 breakdown=tb:1,ev:0,disc:1,vote:0
[ATTN] id=branch.maintenance attn=0.36 lifecycle=REFUSAL disclosure=PUBLIC_SUMMARY vote=PENDING
[AC] aggregateAttention scope=company result=0.36 children=8
[AC] aggregateConfidence scope=company result=0.35 children=8
[AC] initialized=PASS functions=5 filaments=6
05:26:28.359 ℹ️ [PRES] launchTransform scale=0.25 uOffset=0 applied=PASS
05:26:28.369 ℹ️ [LAUNCH-FIX] visualHierarchy applied=PASS tilesAlpha=0.018 trunkCore=0.96 branchAlpha=0.18
05:26:28.370 ℹ️ [LAUNCH-THEME] tokens loaded trunk=thinPillar tile=horizontalPlatform filament=rain
05:26:28.371 ℹ️ [GATE] launchVisibility semantics=UNCHANGED enuChecks=RAW
05:26:28.371 ℹ️ [LAUNCH] widthFloors trunk=20m branches=13/10/6 tiles=90x52m rule=uniform
05:26:28.372 ℹ️ [PRES] trunkStyle applied=PASS mode=core+shell coreR=12 shellR=20
05:26:28.373 ℹ️ [PRES] branchStyle applied=PASS ribMode=ON ribScale=0.18 emissive=ON alpha=0.18
05:26:28.373 ℹ️ [PRES] sheetPlatform grid=PASS majorLines=16 mode=overview normal=UP horizontal=ON landscape=120x70
05:26:28.374 ℹ️ [PRES] tileFloatMode=PASS supportFilaments=ON fillAlpha=0.018 borderAlpha=1.0
05:26:28.374 ℹ️ [PRES] filamentRain enabled=PASS density=2
05:26:28.375 ℹ️ [PRES] rootGlow enabled=PASS radius=80 alpha=0.10
05:26:28.376 ℹ️ [GATE 4] Anchor marker rendered at (34.7818, 32.0853) - independent of buildings/terrain
05:26:28.380 ℹ️ [PRES] tether rendered=PASS
05:26:28.381 ℹ️ [PRES] buildingAnchorProxy rendered=PASS reason=buildings-degraded
05:26:28.382 ℹ️ [GATE 4] Anchor marker rendered at (34.7818, 32.0853) - independent of buildings/terrain
05:26:28.383 ℹ️ [GATE 4] Anchor marker rendered at (34.7818, 32.0853) - independent of buildings/terrain
05:26:28.384 ℹ️ [GATE 4] Anchor marker rendered at (34.7818, 32.0853) - independent of buildings/terrain
05:26:28.385 ℹ️ [GATE 4] Anchor marker rendered at (34.7818, 32.0853) - independent of buildings/terrain
05:26:28.387 ℹ️ [GATE 4] Anchor marker rendered at (34.7818, 32.0853) - independent of buildings/terrain
05:26:28.388 ℹ️ [VIS] voteFilter LOD=COMPANY override=ALL
05:26:28.399 ℹ️ [UX] debugLogs=false gateSpamSuppressed=true
05:26:28.408 ℹ️ [PRES] junctions rendered=PASS count=8
05:26:28.409 ℹ️ [VIS2] expandedSheetsAllowed=false scope=world
05:26:28.410 ℹ️ [VIS2] suppressSheetDetail=true expandedSheetsAllowed=false selectedSheet=none lod=COMPANY
05:26:28.411 ℹ️ [VIS-LAUNCH] ringContainment mode=collapsed action=suppressNonFocused result=PASS
[FILAMENT] bandSnap id=FIL-001 timeboxId=FIN-T4 deltaM=0 result=PASS
[FILAMENT] bandSnap id=FIL-002 timeboxId=FIN-T3 deltaM=0 result=PASS
[FILAMENT] bandSnap id=FIL-003 timeboxId=FIN-T1 deltaM=0 result=PASS
[FILAMENT] bandSnap id=FIL-004 timeboxId=MNT-T0 deltaM=0 result=PASS
[FILAMENT] bandSnap id=FIL-006 timeboxId=MNT-T1 deltaM=0 result=PASS
[FILAMENT] bandSnap source=vis4Registry
[DISCLOSURE] markersRendered count=5 tiers={PRIVATE:2,WITNESSED:2,PUBLIC_SUMMARY:1,FULL_PUBLIC:0}
05:26:28.412 ℹ️ [VIS2] deptSpinesRendered count=8
05:26:28.413 ℹ️ [VIS2] companyCollapsed result=PASS sheetsRendered=0 lod=COMPANY scope=world expandedSheetsAllowed=false
05:26:28.419 ℹ️ [VIS2] sheetTilesRendered count=39
05:26:28.420 ℹ️ [VIS2] exitSheet collapsed=PASS expanded=0 tiles=39
05:26:28.422 ℹ️ [VIS3] flowOverlay result=PASS edges=66 exceptions=11 scope=world lod=COMPANY
05:26:28.423 ℹ️ [VIS3] trafficBarsRendered count=8
05:26:28.423 ℹ️ [VIS3] gate-summary result=PASS
05:26:28.428 ℹ️ [VIS4c] labelsRendered count=36 scope=company
05:26:28.428 ℹ️ [VIS4] slabsRendered scope=company objects=9 slabs=36 capped=false
05:26:28.429 ℹ️ [VIS4] companySlabs result=PASS deptBranches=8 trunkSlabs=6
05:26:28.429 ℹ️ [VIS4] gate-summary result=PASS
05:26:28.430 ℹ️ [LOD-BUDGET] frame sheetsDetailed=0 totalMarkers=0 totalPrims=125 totalEntities=97
05:26:30.299 ℹ️ [GLOBE] worldTrunks synced added=5 total=6
05:26:30.302 ℹ️ [GLOBE] datasetLoad anchors=6
05:26:30.303 ℹ️ [UX] multiCountrySmoke=PASS anchors=6
05:26:30.304 ℹ️ [LAUNCH-FIX] cameraFrame target=trunk.avgol result=PASS distM=750 horzM=1000 heading=355 pitch=-28 applied=PASS
05:26:30.310 ℹ️ [HUD] mode=FreeFly layer1=6 layer2=0
05:26:30.321 ℹ️ [HUD] consolidated rootCount=1 duplicates=0
05:26:30.342 ℹ️ [HUD] tier1 rows=6
05:26:30.344 ℹ️ [HUD] tier2 default=collapsed
05:26:30.347 ℹ️ [PRES] billboard=ON reason=launch-default
05:26:30.350 ℹ️ [UX] debugLogs=false (launch mode)
05:26:30.351 ℹ️ [LAUNCH-FIX] uiGating launch=true hiddenPanels=artifacts,ux3,p2p,topicLane,vote,workMode,logConsole applied=PASS
05:26:30.380 ℹ️ [LAUNCH-FIX] hud tier1=ON tier2=OFF default=collapsed
05:26:30.383 ℹ️ [LAUNCH-FIX] helpOverlay shown=true dismissed=false source=first
[BUILD] 2026-02-09T12:30Z ux-1.1-universal-object-contract
05:26:30.396 ℹ️ [UX-1.1-PROOF] type=trunk id=trunk.avgol scope=root actions=focusView,showKPIs,showTimeboxes,showBranches,cycleClusterLevel,focusNextRegion,loadGlobalCore
05:26:30.402 ℹ️ [UX-1.1-PROOF] type=branch id=branch.operations scope=trunk.avgol actions=focusView,showKPIs,showTimeboxes,showPressureSources,cycleClusterLevel,focusNextRegion,loadGlobalCore
05:26:30.403 ℹ️ [UX-1.1-PROOF] type=sheet id=sheet.packaging scope=branch.operations actions=focusView,showSchema,addColumn,addValidation,addSummaryBinding
05:26:30.404 ℹ️ [UX-1.1-PROOF] type=cell id=sheet.packaging.cell.0.0 scope=branch.operations actions=edit,viewDependencies,viewHistory,createValidation,lockScope
05:26:30.404 ℹ️ [UX-1.1-PROOF] type=match id=3WM-001 scope=branch.p2p.mc1 actions=inspectSources,viewVariance,setTolerance,markResolved
05:26:30.405 ℹ️ [UX-1.1-PROOF] type=route id=p2p.requisition scope=branch.p2p.fc1 actions=previewMapping,ingestTestRecord,showProvenance,editFieldMap
05:26:30.405 ℹ️ [UX-1.1-PROOF] type=module id=P2P scope=trunk.avgol actions=showAllSheets,showRoutes,showKPIBindings,showRecomputationChain
05:26:30.406 ℹ️ [UX-1.1] Universal Object Contract: 7 types resolved
05:26:30.409 ℹ️ [PRESENCE] engine enabled=PASS ttlMs=15000 hbMs=3000
[PRESENCE] engine enabled=PASS ttlMs=15000 hbMs=3000
05:26:30.411 ℹ️ [PRESENCE] room resolve scope=trunk.avgol roomId=room.111ef3ac result=PASS
[PRESENCE] room resolve scope=trunk.avgol roomId=room.111ef3ac result=PASS
05:26:30.411 ℹ️ [PRESENCE] join user=user.local.mlq5upe1 room=room.111ef3ac members=1 result=PASS
[PRESENCE] join user=user.local.mlq5upe1 room=room.111ef3ac members=1 result=PASS
05:26:30.413 ℹ️ [VIS8] renderEngine enabled=PASS topology=mesh sfuReady=true
[VIS8] renderEngine enabled=PASS topology=mesh sfuReady=true
05:26:30.417 ℹ️ [VIS8] rtc join user=user.local.mlq5upe1 room=room.111ef3ac peers=0 result=PASS
[VIS8] rtc join user=user.local.mlq5upe1 room=room.111ef3ac peers=0 result=PASS
05:26:30.418 ℹ️ [PRESENCE] bind deferred=PASS reason=scopeNotReady
[PRESENCE] bind deferred=PASS reason=scopeNotReady
05:26:30.418 ℹ️ [VIS8] budget decode active=1 max=2 lod=COMPANY
[VIS8] budget decode active=1 max=2 lod=COMPANY
05:26:30.419 ℹ️ [VIS8] budget render active=1 max=4 lod=COMPANY
[VIS8] budget render active=1 max=4 lod=COMPANY
05:26:30.419 ℹ️ [VIS8] lodSwitch user=user.local.mlq5upe1 from=dot to=billboard trigger=scope
[VIS8] lodSwitch user=user.local.mlq5upe1 from=dot to=billboard trigger=scope
05:26:30.420 ℹ️ [VIS8] renderCard user=user.local.mlq5upe1 lod=billboard video=off reason=consent
[VIS8] renderCard user=user.local.mlq5upe1 lod=billboard video=off reason=consent
[CRYPTO] chainInit global=PASS genesisHash=GENESIS commits=0
05:26:30.422 ℹ️ [CAM] basin-proximity target=branch.maintenance type=branch radiusM=6000.0 distanceM=1584.3 assist=BLOCKED_LAUNCH
05:26:30.429 ℹ️ [VIS] sheetSelect resolved sheet=MFG.MaterialIssues reason=default
[VIS] sheetSelect resolved sheet=MFG.MaterialIssues reason=default
05:26:30.430 ℹ️ [VIS] enter sheet=MFG.MaterialIssues scope=sheet-only
[VIS] enter sheet=MFG.MaterialIssues scope=sheet-only
05:26:30.430 ℹ️ [DOCK] enterSheet target=MFG.MaterialIssues mode=FaceOn result=PASS distM=1196
05:26:30.430 ℹ️ [CAM] Face-on: instant snap (duration=0 method=setView)
05:26:30.431 ℹ️ [LOD] apply level=CELL sheetsDetailed=1 lanes=1 markers=1
05:26:30.433 ℹ️ [DOCK] dist=105 align=-1.00 preview=true edit=false overlay=0.00
05:26:30.434 ℹ️ [DOCK] autoDock disabled=PASS reason=explicitEnter
[CRYPTO] chainInit sheets=PASS chains=0
05:26:30.581 ℹ️ [GATE 4] Anchor marker rendered at (-122.4194, 37.7749) - independent of buildings/terrain
05:26:30.582 ℹ️ [GATE 4] Anchor marker rendered at (-0.1276, 51.5072) - independent of buildings/terrain
05:26:30.582 ℹ️ [GATE 4] Anchor marker rendered at (77.2090, 28.6139) - independent of buildings/terrain
05:26:30.583 ℹ️ [GATE 4] Anchor marker rendered at (139.6917, 35.6895) - independent of buildings/terrain
05:26:30.583 ℹ️ [GATE 4] Anchor marker rendered at (-46.6333, -23.5505) - independent of buildings/terrain
05:26:30.595 ℹ️ [VIS2] expandedSheetsAllowed=true scope=sheet
05:26:30.595 ℹ️ [VIS2] suppressSheetDetail=false expandedSheetsAllowed=true selectedSheet=MFG.MaterialIssues lod=CELL
05:26:30.601 ℹ️ [VIS] sheetOnlyRender sheetsDetailed=1 selected=MFG.MaterialIssues hidden=38
05:26:30.610 ℹ️ [VIS2] sheetTilesRendered count=38
05:26:30.610 ℹ️ [VIS2] enterSheet expanded=1 tiles=38
05:26:30.611 ℹ️ [VIS3.2] sheetOverlay begin sheet=MFG.MaterialIssues scope=sheet
05:26:30.611 ℹ️ [VIS3.2] exceptionRows result=PASS sheet=MFG.MaterialIssues count=0
05:26:30.611 ℹ️ [VIS3.2] routeHighlights result=PASS sheet=MFG.MaterialIssues edges=0
05:26:30.611 ℹ️ [VIS3.2] budget exceptionOverlays=0 routeHighlights=0 capped=false
05:26:30.611 ℹ️ [VIS3.2] gate-summary result=PASS
05:26:30.611 ℹ️ [VIS4] sheetSlabGap enforced minGap=8m raw=2.5m effective=8.0m
05:26:30.611 ℹ️ [VIS4c] labelsRendered count=1 scope=sheet
05:26:30.611 ℹ️ [VIS4] slabsRendered scope=sheet objects=1 slabs=1 capped=false
05:26:30.612 ℹ️ [VIS4] sheetSlabs result=PASS sheet=MFG.MaterialIssues slabs=1
05:26:30.612 ℹ️ [VIS4] gate-summary result=PASS
05:26:30.612 ℹ️ [LOD-BUDGET] frame sheetsDetailed=1 totalMarkers=5 totalPrims=88 totalEntities=92
05:26:30.612 ℹ️ [CAM] dockFaceOn applied=PASS sheet=MFG.MaterialIssues
[2D] gridShown sheet=MFG.MaterialIssues rows=1 cols=5 populated=5 result=PASS
05:26:31.525 ℹ️ [DOCK] dist=105 align=1.00 preview=true edit=false overlay=0.00
[BoundaryRenderer] ✅ BRA: Loaded 1/1 features
[BoundaryRenderer] Loading ARG from data/boundaries/countries/ARG-ADM0.geojson
05:26:32.503 ℹ️ [VIS] exit sheet=MFG.MaterialIssues restoreView=true
[VIS] exit sheet=MFG.MaterialIssues restoreView=true
[2D] gridHidden reason=exitSheet result=PASS
[VIS] exitSheet cleanup=PASS cleared=sheetId,anchor,selection,forceCompanyScope,explicitEnter,autoDockFlags
05:26:32.504 ℹ️ [VIS] enter company=trunk.avgol
[VIS] enter company=trunk.avgol
05:26:32.504 ℹ️ [LOD] apply level=COMPANY requestedSheetsDetailed=0 effectiveSheetsDetailed=0 lanes=0 markers=0 reason=collapsedByPolicy distKm=1.5
05:26:32.505 ℹ️ [CAM] focusLock target=trunk.avgol scope=company result=PASS
05:26:32.505 ℹ️ [INPUT] owner=CAMERA mode=FreeFly reason=focusLock
05:26:32.505 ℹ️ [LOD] lock level=COMPANY reason=basinFocus
05:26:32.506 ℹ️ [HUD] votes summary=PASS passed=4 pending=2 rejected=0
[HUD] votes summary=PASS passed=4 pending=2 rejected=0
05:26:32.509 ℹ️ [VIS8] mediaPermissions cam=prompt mic=prompt
[VIS8] mediaPermissions cam=prompt mic=prompt
05:26:32.526 ℹ️ [DOCK] dist=105 align=1.00 preview=true edit=false overlay=0.00
05:26:32.526 ℹ️ [DOCK] assistBlocked policy=launch target=MFG.MaterialIssues dist=105 status="Dock assist blocked by launch policy"
05:26:32.582 ℹ️ [VIS2] expandedSheetsAllowed=false scope=company
05:26:32.582 ℹ️ [VIS2] suppressSheetDetail=true expandedSheetsAllowed=false selectedSheet=none lod=COMPANY
05:26:32.583 ℹ️ [VIS2] deptSpinesRendered count=8
05:26:32.584 ℹ️ [VIS2] companyCollapsed result=PASS sheetsRendered=0 lod=COMPANY scope=company expandedSheetsAllowed=false
05:26:32.609 ℹ️ [VIS2] sheetTilesRendered count=39
05:26:32.609 ℹ️ [VIS2] exitSheet collapsed=PASS expanded=0 tiles=39
05:26:32.610 ℹ️ [VIS3] flowOverlay result=PASS edges=66 exceptions=11 scope=company lod=COMPANY
05:26:32.610 ℹ️ [VIS3] trafficBarsRendered count=8
05:26:32.610 ℹ️ [VIS3] gate-summary result=PASS
05:26:32.612 ℹ️ [VIS4c] labelsRendered count=51 scope=company
05:26:32.612 ℹ️ [VIS4] slabsRendered scope=company objects=14 slabs=51 capped=false
05:26:32.613 ℹ️ [VIS4] companySlabs result=PASS deptBranches=8 trunkSlabs=21
05:26:32.613 ℹ️ [VIS4] gate-summary result=PASS
05:26:32.613 ℹ️ [LOD-BUDGET] frame sheetsDetailed=0 totalMarkers=0 totalPrims=145 totalEntities=132
05:26:32.903 ℹ️ [HUD] paramsLoaded version=HUD-PARAMS-v0 policyRef=local:HUD-PARAMS-v0
05:26:33.192 ℹ️ [HUD] mode=CompanyFocus
[BoundaryRenderer] ✅ ARG: Loaded 1/1 features
[BoundaryRenderer] Loading GBR from data/boundaries/countries/GBR-ADM0.geojson
WebSocket connection to 'ws://127.0.0.1:4031/vis8' failed: Error in connection establishment: net::ERR_CONNECTION_REFUSED
05:26:33.534 ℹ️ [DOCK] dist=759 align=0.05 preview=false edit=false overlay=0.00
05:26:33.920 ℹ️ [PRESENCE] hb user=user.local.mlq5upe1 room=room.111ef3ac ageMs=3508 result=PASS
[PRESENCE] hb user=user.local.mlq5upe1 room=room.111ef3ac ageMs=3508 result=PASS
05:26:33.921 ℹ️ [PRESENCE] transport degraded=PASS mode=local-only reason=wsConnectFailed
[PRESENCE] transport degraded=PASS mode=local-only reason=wsConnectFailed
05:26:33.940 ℹ️ [CAM] basinFocus settled target=trunk.avgol distM=900 pitch=-55
[BoundaryRenderer] ✅ GBR: Loaded 1/1 features
[BoundaryRenderer] Loading FRA from data/boundaries/countries/FRA-ADM0.geojson
05:26:34.892 ℹ️ [DOCK] dist=761 align=0.05 preview=false edit=false overlay=0.00
[BoundaryRenderer] ✅ FRA: Loaded 1/1 features
[BoundaryRenderer] Loading DEU from data/boundaries/countries/DEU-ADM0.geojson
05:26:36.039 ℹ️ [DOCK] dist=761 align=0.05 preview=false edit=false overlay=0.00
[BoundaryRenderer] Loading NLD from data/boundaries/countries/NLD-ADM0.geojson
[ENU] Coordinate system loaded - all geometry in meters
[HEADLESS] mode=FORCED reason=urlParam
05:26:38.008 ℹ️ [GLOBE] imagery mode=osm provider=OpenStreetMap
05:26:38.010 ℹ️ [PRES] colorCorrection added=PASS vignette=ON coolTone=ON
05:26:38.011 ℹ️ [PRES] postFX enabled=PASS fxaa=ON bloom=ON colorCorrect=ON
05:26:38.011 ℹ️ [PRES] fog enabled=PASS density=0.00048
05:26:38.013 ⚠️ ⚠️ Buildings marked as DEGRADED
05:26:38.013 ℹ️ [LAUNCH-FIX] basemapDim brightness=0.28 contrast=0.55 saturation=0.05 gamma=1.6 applied=PASS
05:26:38.014 ℹ️ [LAUNCH] visibilityMode enabled=PASS scale=0.25 trunkPrimitive=cylinder widthFloors=ON basemapDimming=ON
05:26:38.015 ℹ️ [PRES] environmentDeemphasis applied=PASS brightness=0.28 saturation=0.05 gamma=1.6
05:26:38.016 ℹ️ [GLOBE] services weatherBase=http://127.0.0.1:4020
05:26:38.017 ℹ️ [GLOBE] imagery registry enabled modes=local,clean-street,satellite,hybrid,osm,dark,minimalist
05:26:38.017 ℹ️ [CAM] restore-POV skipped for launch (deterministic frame)
05:26:38.018 ℹ️ [INPUT] owner=CAMERA mode=FreeFly reason=default
[RelationshipRenderer] Initialized
[RelationshipRenderer] Cleared all relationships
[BoundaryRenderer] DataSource created and added to viewer
[BoundaryRenderer] Initialized
[BoundaryRenderer] Loading ISR from data/boundaries/countries/ISR-ADM0.geojson
[BoundaryRenderer] Loading USA from data/boundaries/countries/USA-ADM0.geojson
05:26:38.020 ℹ️ [BOUNDARY-EDITOR] Initialized
[FILAMENT] registry initialized=PASS total=6
[DISCLOSURE] restore backend=localStorage loaded=6 result=PASS
[GroupMarkerNotSet(crbug.com/242999)!:A0F023000C750000]Automatic fallback to software WebGL has been deprecated. Please use the --enable-unsafe-swiftshader (about:flags#enable-unsafe-swiftshader) flag to opt in to lower security guarantees for trusted content.
[BoundaryRenderer] ✅ ISR: Loaded 1/1 features
[BoundaryRenderer] ✅ USA: Loaded 1/1 features
05:26:39.335 ℹ️ [BOUNDARY] containsll suite=PASS polygons=1 multipolygons=1 holes=0
05:26:39.336 ℹ️ [BOUNDARY] containsll hole-suite=PASS probes=3
05:26:39.337 ℹ️ [BOUNDARY] restore result=PASS renderer=BoundaryRenderer containsLL=PASS ISR=1 USA=1
05:26:39.338 ℹ️ [GATE] G3 status=PASS evidence=runtime-boundary-selftest
05:26:39.338 ℹ️ [UX] boundaries=ACTIVE mode=READ_ONLY
05:26:39.339 ℹ️ [BOUNDARY] voting-scope mode=BOUNDARY_ENABLED reason=boundary-pass
05:26:40.119 ℹ️ [BOUNDARY] manifestLoaded countries=27
[BoundaryRenderer] Loading USA from data/boundaries/countries/USA-ADM0.geojson
[BOUNDARY] reuse id=boundary-USA-0-6c62914d
[BoundaryRenderer] Loading BRA from data/boundaries/countries/BRA-ADM0.geojson
05:26:42.139 ℹ️ [VOTE] restore backend=localStorage mode=demo loaded=0 result=PASS
[VOTE] restore backend=localStorage mode=demo loaded=0 result=PASS
[BACKING] id=branch.finance filaments=3 timeboxes=7 evidence=0 missing=0
[CONF] id=branch.finance conf=0.40 breakdown=tb:1,ev:0,disc:1,vote:0
[ATTN] id=branch.finance attn=0.20 lifecycle=SETTLING disclosure=WITNESSED vote=PENDING
[BACKING] id=branch.maintenance filaments=3 timeboxes=7 evidence=0 missing=0
[CONF] id=branch.maintenance conf=0.40 breakdown=tb:1,ev:0,disc:1,vote:0
[ATTN] id=branch.maintenance attn=0.36 lifecycle=REFUSAL disclosure=PUBLIC_SUMMARY vote=PENDING
[AC] aggregateAttention scope=company result=0.36 children=8
[AC] aggregateConfidence scope=company result=0.35 children=8
[AC] initialized=PASS functions=5 filaments=6
05:26:42.183 ℹ️ [PRES] launchTransform scale=0.25 uOffset=0 applied=PASS
05:26:42.187 ℹ️ [LAUNCH-FIX] visualHierarchy applied=PASS tilesAlpha=0.018 trunkCore=0.96 branchAlpha=0.18
05:26:42.190 ℹ️ [LAUNCH-THEME] tokens loaded trunk=thinPillar tile=horizontalPlatform filament=rain
05:26:42.191 ℹ️ [GATE] launchVisibility semantics=UNCHANGED enuChecks=RAW
05:26:42.192 ℹ️ [LAUNCH] widthFloors trunk=20m branches=13/10/6 tiles=90x52m rule=uniform
05:26:42.192 ℹ️ [PRES] trunkStyle applied=PASS mode=core+shell coreR=12 shellR=20
05:26:42.192 ℹ️ [PRES] branchStyle applied=PASS ribMode=ON ribScale=0.18 emissive=ON alpha=0.18
05:26:42.193 ℹ️ [PRES] sheetPlatform grid=PASS majorLines=16 mode=overview normal=UP horizontal=ON landscape=120x70
05:26:42.193 ℹ️ [PRES] tileFloatMode=PASS supportFilaments=ON fillAlpha=0.018 borderAlpha=1.0
05:26:42.194 ℹ️ [PRES] filamentRain enabled=PASS density=2
05:26:42.194 ℹ️ [PRES] rootGlow enabled=PASS radius=80 alpha=0.10
05:26:42.196 ℹ️ [GATE 4] Anchor marker rendered at (34.7818, 32.0853) - independent of buildings/terrain
05:26:42.198 ℹ️ [PRES] tether rendered=PASS
05:26:42.199 ℹ️ [PRES] buildingAnchorProxy rendered=PASS reason=buildings-degraded
05:26:42.204 ℹ️ [GATE 4] Anchor marker rendered at (34.7818, 32.0853) - independent of buildings/terrain
05:26:42.205 ℹ️ [GATE 4] Anchor marker rendered at (34.7818, 32.0853) - independent of buildings/terrain
05:26:42.207 ℹ️ [GATE 4] Anchor marker rendered at (34.7818, 32.0853) - independent of buildings/terrain
05:26:42.208 ℹ️ [GATE 4] Anchor marker rendered at (34.7818, 32.0853) - independent of buildings/terrain
05:26:42.209 ℹ️ [GATE 4] Anchor marker rendered at (34.7818, 32.0853) - independent of buildings/terrain
05:26:42.210 ℹ️ [VIS] voteFilter LOD=COMPANY override=ALL
05:26:42.218 ℹ️ [UX] debugLogs=false gateSpamSuppressed=true
05:26:42.234 ℹ️ [PRES] junctions rendered=PASS count=8
05:26:42.235 ℹ️ [VIS2] expandedSheetsAllowed=false scope=world
05:26:42.236 ℹ️ [VIS2] suppressSheetDetail=true expandedSheetsAllowed=false selectedSheet=none lod=COMPANY
05:26:42.237 ℹ️ [VIS-LAUNCH] ringContainment mode=collapsed action=suppressNonFocused result=PASS
[FILAMENT] bandSnap id=FIL-001 timeboxId=FIN-T4 deltaM=0 result=PASS
[FILAMENT] bandSnap id=FIL-002 timeboxId=FIN-T3 deltaM=0 result=PASS
[FILAMENT] bandSnap id=FIL-003 timeboxId=FIN-T1 deltaM=0 result=PASS
[FILAMENT] bandSnap id=FIL-004 timeboxId=MNT-T0 deltaM=0 result=PASS
[FILAMENT] bandSnap id=FIL-006 timeboxId=MNT-T1 deltaM=0 result=PASS
[FILAMENT] bandSnap source=vis4Registry
[DISCLOSURE] markersRendered count=5 tiers={PRIVATE:2,WITNESSED:2,PUBLIC_SUMMARY:1,FULL_PUBLIC:0}
05:26:42.239 ℹ️ [VIS2] deptSpinesRendered count=8
05:26:42.240 ℹ️ [VIS2] companyCollapsed result=PASS sheetsRendered=0 lod=COMPANY scope=world expandedSheetsAllowed=false
05:26:42.246 ℹ️ [VIS2] sheetTilesRendered count=39
05:26:42.248 ℹ️ [VIS2] exitSheet collapsed=PASS expanded=0 tiles=39
05:26:42.250 ℹ️ [VIS3] flowOverlay result=PASS edges=66 exceptions=11 scope=world lod=COMPANY
05:26:42.251 ℹ️ [VIS3] trafficBarsRendered count=8
05:26:42.252 ℹ️ [VIS3] gate-summary result=PASS
05:26:42.255 ℹ️ [VIS4c] labelsRendered count=36 scope=company
05:26:42.256 ℹ️ [VIS4] slabsRendered scope=company objects=9 slabs=36 capped=false
05:26:42.256 ℹ️ [VIS4] companySlabs result=PASS deptBranches=8 trunkSlabs=6
05:26:42.257 ℹ️ [VIS4] gate-summary result=PASS
05:26:42.258 ℹ️ [LOD-BUDGET] frame sheetsDetailed=0 totalMarkers=0 totalPrims=125 totalEntities=97
05:26:42.497 ℹ️ [GLOBE] worldTrunks synced added=5 total=6
05:26:42.501 ℹ️ [GLOBE] datasetLoad anchors=6
05:26:42.501 ℹ️ [UX] multiCountrySmoke=PASS anchors=6
05:26:42.506 ℹ️ [LAUNCH-FIX] cameraFrame target=trunk.avgol result=PASS distM=750 horzM=1000 heading=355 pitch=-28 applied=PASS
05:26:42.507 ℹ️ [HUD] mode=FreeFly layer1=6 layer2=0
05:26:42.509 ℹ️ [HUD] consolidated rootCount=1 duplicates=0
05:26:42.510 ℹ️ [HUD] tier1 rows=6
05:26:42.510 ℹ️ [HUD] tier2 default=collapsed
05:26:42.511 ℹ️ [PRES] billboard=ON reason=launch-default
05:26:42.512 ℹ️ [UX] debugLogs=false (launch mode)
05:26:42.513 ℹ️ [LAUNCH-FIX] uiGating launch=true hiddenPanels=artifacts,ux3,p2p,topicLane,vote,workMode,logConsole applied=PASS
05:26:42.514 ℹ️ [LAUNCH-FIX] hud tier1=ON tier2=OFF default=collapsed
05:26:42.514 ℹ️ [LAUNCH-FIX] helpOverlay shown=true dismissed=false source=first
[BUILD] 2026-02-09T12:30Z ux-1.1-universal-object-contract
05:26:42.515 ℹ️ [UX-1.1-PROOF] type=trunk id=trunk.avgol scope=root actions=focusView,showKPIs,showTimeboxes,showBranches,cycleClusterLevel,focusNextRegion,loadGlobalCore
05:26:42.516 ℹ️ [UX-1.1-PROOF] type=branch id=branch.operations scope=trunk.avgol actions=focusView,showKPIs,showTimeboxes,showPressureSources,cycleClusterLevel,focusNextRegion,loadGlobalCore
05:26:42.517 ℹ️ [UX-1.1-PROOF] type=sheet id=sheet.packaging scope=branch.operations actions=focusView,showSchema,addColumn,addValidation,addSummaryBinding
05:26:42.517 ℹ️ [UX-1.1-PROOF] type=cell id=sheet.packaging.cell.0.0 scope=branch.operations actions=edit,viewDependencies,viewHistory,createValidation,lockScope
05:26:42.517 ℹ️ [UX-1.1-PROOF] type=match id=3WM-001 scope=branch.p2p.mc1 actions=inspectSources,viewVariance,setTolerance,markResolved
05:26:42.517 ℹ️ [UX-1.1-PROOF] type=route id=p2p.requisition scope=branch.p2p.fc1 actions=previewMapping,ingestTestRecord,showProvenance,editFieldMap
05:26:42.517 ℹ️ [UX-1.1-PROOF] type=module id=P2P scope=trunk.avgol actions=showAllSheets,showRoutes,showKPIBindings,showRecomputationChain
05:26:42.517 ℹ️ [UX-1.1] Universal Object Contract: 7 types resolved
05:26:42.518 ℹ️ [PRESENCE] engine enabled=PASS ttlMs=15000 hbMs=3000
[PRESENCE] engine enabled=PASS ttlMs=15000 hbMs=3000
05:26:42.518 ℹ️ [PRESENCE] room resolve scope=trunk.avgol roomId=room.111ef3ac result=PASS
[PRESENCE] room resolve scope=trunk.avgol roomId=room.111ef3ac result=PASS
05:26:42.519 ℹ️ [PRESENCE] join user=user.local.mlq5uyqe room=room.111ef3ac members=1 result=PASS
[PRESENCE] join user=user.local.mlq5uyqe room=room.111ef3ac members=1 result=PASS
05:26:42.519 ℹ️ [VIS8] renderEngine enabled=PASS topology=mesh sfuReady=true
[VIS8] renderEngine enabled=PASS topology=mesh sfuReady=true
05:26:42.520 ℹ️ [VIS8] rtc join user=user.local.mlq5uyqe room=room.111ef3ac peers=0 result=PASS
[VIS8] rtc join user=user.local.mlq5uyqe room=room.111ef3ac peers=0 result=PASS
05:26:42.521 ℹ️ [PRESENCE] bind deferred=PASS reason=scopeNotReady
[PRESENCE] bind deferred=PASS reason=scopeNotReady
05:26:42.521 ℹ️ [VIS8] budget decode active=1 max=2 lod=COMPANY
[VIS8] budget decode active=1 max=2 lod=COMPANY
05:26:42.521 ℹ️ [VIS8] budget render active=1 max=4 lod=COMPANY
[VIS8] budget render active=1 max=4 lod=COMPANY
05:26:42.521 ℹ️ [VIS8] lodSwitch user=user.local.mlq5uyqe from=dot to=billboard trigger=scope
[VIS8] lodSwitch user=user.local.mlq5uyqe from=dot to=billboard trigger=scope
05:26:42.521 ℹ️ [VIS8] renderCard user=user.local.mlq5uyqe lod=billboard video=off reason=consent
[VIS8] renderCard user=user.local.mlq5uyqe lod=billboard video=off reason=consent
[CRYPTO] chainInit global=PASS genesisHash=GENESIS commits=0
05:26:42.522 ℹ️ [CAM] basin-proximity target=branch.maintenance type=branch radiusM=6000.0 distanceM=1584.3 assist=BLOCKED_LAUNCH
05:26:42.524 ℹ️ [VIS] sheetSelect resolved sheet=MFG.MaterialIssues reason=default
[VIS] sheetSelect resolved sheet=MFG.MaterialIssues reason=default
05:26:42.524 ℹ️ [VIS] enter sheet=MFG.MaterialIssues scope=sheet-only
[VIS] enter sheet=MFG.MaterialIssues scope=sheet-only
05:26:42.524 ℹ️ [DOCK] enterSheet target=MFG.MaterialIssues mode=FaceOn result=PASS distM=1196
05:26:42.525 ℹ️ [CAM] Face-on: instant snap (duration=0 method=setView)
05:26:42.525 ℹ️ [LOD] apply level=CELL sheetsDetailed=1 lanes=1 markers=1
05:26:42.526 ℹ️ [DOCK] dist=105 align=-1.00 preview=true edit=false overlay=0.00
05:26:42.527 ℹ️ [DOCK] autoDock disabled=PASS reason=explicitEnter
[CRYPTO] chainInit sheets=PASS chains=0
05:26:43.684 ℹ️ [GATE 4] Anchor marker rendered at (-122.4194, 37.7749) - independent of buildings/terrain
05:26:43.693 ℹ️ [GATE 4] Anchor marker rendered at (-0.1276, 51.5072) - independent of buildings/terrain
05:26:43.694 ℹ️ [GATE 4] Anchor marker rendered at (77.2090, 28.6139) - independent of buildings/terrain
05:26:43.695 ℹ️ [GATE 4] Anchor marker rendered at (139.6917, 35.6895) - independent of buildings/terrain
05:26:43.696 ℹ️ [GATE 4] Anchor marker rendered at (-46.6333, -23.5505) - independent of buildings/terrain
05:26:43.714 ℹ️ [VIS2] expandedSheetsAllowed=true scope=sheet
05:26:43.714 ℹ️ [VIS2] suppressSheetDetail=false expandedSheetsAllowed=true selectedSheet=MFG.MaterialIssues lod=CELL
05:26:43.718 ℹ️ [VIS] sheetOnlyRender sheetsDetailed=1 selected=MFG.MaterialIssues hidden=38
05:26:43.729 ℹ️ [VIS2] sheetTilesRendered count=38
05:26:43.729 ℹ️ [VIS2] enterSheet expanded=1 tiles=38
05:26:43.729 ℹ️ [VIS3.2] sheetOverlay begin sheet=MFG.MaterialIssues scope=sheet
05:26:43.729 ℹ️ [VIS3.2] exceptionRows result=PASS sheet=MFG.MaterialIssues count=0
05:26:43.735 ℹ️ [VIS3.2] routeHighlights result=PASS sheet=MFG.MaterialIssues edges=0
05:26:43.735 ℹ️ [VIS3.2] budget exceptionOverlays=0 routeHighlights=0 capped=false
05:26:43.735 ℹ️ [VIS3.2] gate-summary result=PASS
05:26:43.735 ℹ️ [VIS4] sheetSlabGap enforced minGap=8m raw=2.5m effective=8.0m
05:26:43.761 ℹ️ [VIS4c] labelsRendered count=1 scope=sheet
05:26:43.761 ℹ️ [VIS4] slabsRendered scope=sheet objects=1 slabs=1 capped=false
05:26:43.761 ℹ️ [VIS4] sheetSlabs result=PASS sheet=MFG.MaterialIssues slabs=1
05:26:43.762 ℹ️ [VIS4] gate-summary result=PASS
05:26:43.762 ℹ️ [LOD-BUDGET] frame sheetsDetailed=1 totalMarkers=5 totalPrims=88 totalEntities=92
05:26:43.763 ℹ️ [CAM] dockFaceOn applied=PASS sheet=MFG.MaterialIssues
[2D] gridShown sheet=MFG.MaterialIssues rows=1 cols=5 populated=5 result=PASS
05:26:43.765 ℹ️ [DOCK] dist=105 align=1.00 preview=true edit=false overlay=0.00
05:26:45.081 ℹ️ [DOCK] dist=105 align=1.00 preview=true edit=false overlay=0.00
05:26:45.698 ℹ️ [VIS] exit sheet=MFG.MaterialIssues restoreView=true
[VIS] exit sheet=MFG.MaterialIssues restoreView=true
[2D] gridHidden reason=exitSheet result=PASS
[VIS] exitSheet cleanup=PASS cleared=sheetId,anchor,selection,forceCompanyScope,explicitEnter,autoDockFlags
05:26:45.699 ℹ️ [VIS] enter company=trunk.avgol
[VIS] enter company=trunk.avgol
05:26:45.700 ℹ️ [LOD] apply level=COMPANY requestedSheetsDetailed=0 effectiveSheetsDetailed=0 lanes=0 markers=0 reason=collapsedByPolicy distKm=1.5
05:26:45.700 ℹ️ [CAM] focusLock target=trunk.avgol scope=company result=PASS
05:26:45.700 ℹ️ [INPUT] owner=CAMERA mode=FreeFly reason=focusLock
05:26:45.700 ℹ️ [LOD] lock level=COMPANY reason=basinFocus
05:26:45.701 ℹ️ [HUD] votes summary=PASS passed=4 pending=2 rejected=0
[HUD] votes summary=PASS passed=4 pending=2 rejected=0
[BoundaryRenderer] ✅ BRA: Loaded 1/1 features
[BoundaryRenderer] Loading ARG from data/boundaries/countries/ARG-ADM0.geojson
05:26:45.781 ℹ️ [HUD] mode=CompanyFocus
05:26:45.783 ℹ️ [DOCK] assistBlocked policy=launch target=MFG.MaterialIssues dist=105 status="Dock assist blocked by launch policy"
05:26:45.885 ℹ️ [VIS2] expandedSheetsAllowed=false scope=company
05:26:45.886 ℹ️ [VIS2] suppressSheetDetail=true expandedSheetsAllowed=false selectedSheet=none lod=COMPANY
05:26:45.905 ℹ️ [VIS2] deptSpinesRendered count=8
05:26:45.907 ℹ️ [VIS2] companyCollapsed result=PASS sheetsRendered=0 lod=COMPANY scope=company expandedSheetsAllowed=false
05:26:45.971 ℹ️ [VIS2] sheetTilesRendered count=39
05:26:45.971 ℹ️ [VIS2] exitSheet collapsed=PASS expanded=0 tiles=39
05:26:45.972 ℹ️ [VIS3] flowOverlay result=PASS edges=66 exceptions=11 scope=company lod=COMPANY
05:26:45.972 ℹ️ [VIS3] trafficBarsRendered count=8
05:26:45.972 ℹ️ [VIS3] gate-summary result=PASS
05:26:45.976 ℹ️ [VIS4c] labelsRendered count=51 scope=company
05:26:45.976 ℹ️ [VIS4] slabsRendered scope=company objects=14 slabs=51 capped=false
05:26:45.976 ℹ️ [VIS4] companySlabs result=PASS deptBranches=8 trunkSlabs=21
05:26:45.976 ℹ️ [VIS4] gate-summary result=PASS
05:26:45.976 ℹ️ [LOD-BUDGET] frame sheetsDetailed=0 totalMarkers=0 totalPrims=145 totalEntities=132
05:26:46.311 ℹ️ [VIS8] mediaPermissions cam=prompt mic=prompt
[VIS8] mediaPermissions cam=prompt mic=prompt
05:26:46.320 ℹ️ [PRESENCE] hb user=user.local.mlq5uyqe room=room.111ef3ac ageMs=3801 result=PASS
[PRESENCE] hb user=user.local.mlq5uyqe room=room.111ef3ac ageMs=3801 result=PASS
05:26:46.326 ℹ️ [HEADLESS] gate-run count=10000
[HEADLESS] gate-run count=10000
[FLOW] timeboxUpdate branch=branch.p2p timeboxId=P2P-T1 result=PASS
[FLOW] treeMotion=PASS nodesAffected=1
05:26:47.530 ℹ️ [HEADLESS] gate=D0.1 result=PASS rows=10000 duration=178.4ms
[HEADLESS] gate=D0.1 result=PASS rows=10000 duration=178.4ms
05:26:47.531 ℹ️ [HEADLESS] gate=D0.2 result=PASS recomputeMs=843.8ms
[HEADLESS] gate=D0.2 result=PASS recomputeMs=843.8ms
05:26:47.531 ℹ️ [HEADLESS] gate=D0.3 result=NA reason=no-renderer
[HEADLESS] gate=D0.3 result=NA reason=no-renderer
05:26:47.531 ℹ️ [HEADLESS] gate=D0.4 result=PASS sheetsRendered=39 sheetsExpected=1 factRows=0
[HEADLESS] gate=D0.4 result=PASS sheetsRendered=39 sheetsExpected=1 factRows=0
05:26:47.532 ℹ️ [HEADLESS] gate=D0.5 result=PASS dateFunctions=ALL agingBuckets=true
[HEADLESS] gate=D0.5 result=PASS dateFunctions=ALL agingBuckets=true
05:26:47.770 ℹ️ [CAM] basinFocus settled target=trunk.avgol distM=900 pitch=-55
05:26:47.774 ℹ️ [DOCK] dist=761 align=0.05 preview=false edit=false overlay=0.00
05:26:48.158 ℹ️ [HUD] paramsLoaded version=HUD-PARAMS-v0 policyRef=local:HUD-PARAMS-v0
WebSocket connection to 'ws://127.0.0.1:4031/vis8' failed: Error in connection establishment: net::ERR_CONNECTION_REFUSED
05:26:48.251 ℹ️ [VIS2] expandedSheetsAllowed=false scope=company
05:26:48.252 ℹ️ [VIS2] suppressSheetDetail=true expandedSheetsAllowed=false selectedSheet=none lod=COMPANY
05:26:48.253 ℹ️ [VIS2] deptSpinesRendered count=8
05:26:48.253 ℹ️ [VIS2] companyCollapsed result=PASS sheetsRendered=0 lod=COMPANY scope=company expandedSheetsAllowed=false
05:26:48.259 ℹ️ [VIS2] sheetTilesRendered count=39
05:26:48.322 ℹ️ [VIS3] flowOverlay result=PASS edges=66 exceptions=30005 scope=company lod=COMPANY
05:26:48.322 ℹ️ [VIS3] trafficBarsRendered count=8
05:26:48.323 ℹ️ [VIS3] gate-summary result=PASS
05:26:48.328 ℹ️ [LOD-BUDGET] frame sheetsDetailed=0 totalMarkers=0 totalPrims=145 totalEntities=132
05:26:48.579 ℹ️ [PRESENCE] transport degraded=PASS mode=local-only reason=wsConnectFailed
[PRESENCE] transport degraded=PASS mode=local-only reason=wsConnectFailed
05:26:48.588 ℹ️ [PRESENCE] hb user=user.local.mlq5uyqe room=room.111ef3ac ageMs=2268 result=PASS
[PRESENCE] hb user=user.local.mlq5uyqe room=room.111ef3ac ageMs=2268 result=PASS
05:26:48.887 ℹ️ [DOCK] dist=761 align=0.05 preview=false edit=false overlay=0.00
[BoundaryRenderer] ✅ ARG: Loaded 1/1 features
[BoundaryRenderer] Loading GBR from data/boundaries/countries/GBR-ADM0.geojson
05:26:50.068 ℹ️ [DOCK] dist=761 align=0.05 preview=false edit=false overlay=0.00
[BoundaryRenderer] ✅ GBR: Loaded 1/1 features
[BoundaryRenderer] Loading FRA from data/boundaries/countries/FRA-ADM0.geojson
05:26:51.170 ℹ️ [DOCK] dist=761 align=0.05 preview=false edit=false overlay=0.00
[BoundaryRenderer] ✅ FRA: Loaded 1/1 features
[BoundaryRenderer] Loading DEU from data/boundaries/countries/DEU-ADM0.geojson
05:26:52.116 ℹ️ [PRESENCE] hb user=user.local.mlq5uyqe room=room.111ef3ac ageMs=3528 result=PASS
[PRESENCE] hb user=user.local.mlq5uyqe room=room.111ef3ac ageMs=3528 result=PASS
05:26:52.667 ℹ️ [DOCK] dist=761 align=0.05 preview=false edit=false overlay=0.00
[BoundaryRenderer] ✅ DEU: Loaded 1/1 features
[BoundaryRenderer] Loading NLD from data/boundaries/countries/NLD-ADM0.geojson
05:26:53.986 ℹ️ [DOCK] dist=761 align=0.05 preview=false edit=false overlay=0.00
[CRYPTO] merkleInit timeboxes=PASS count=6 rollingRoot=4f45bbfb9b49e59e
[CRYPTO] chainStamp mode=derived commits=0 sheets=0 timeboxes=6
[BoundaryRenderer] ✅ NLD: Loaded 1/1 features
[BoundaryRenderer] Loading EGY from data/boundaries/countries/EGY-ADM0.geojson
05:26:55.025 ℹ️ [PRESENCE] hb user=user.local.mlq5uyqe room=room.111ef3ac ageMs=2909 result=PASS
[PRESENCE] hb user=user.local.mlq5uyqe room=room.111ef3ac ageMs=2909 result=PASS
[HEADLESS] nonInterference presenceEnabled=true roomJoin=SKIPPED result=PASS
05:26:55.042 ℹ️ [DOCK] dist=761 align=0.05 preview=false edit=false overlay=0.00
[BoundaryRenderer] ✅ EGY: Loaded 1/1 features
[BoundaryRenderer] Loading SAU from data/boundaries/countries/SAU-ADM0.geojson
05:26:56.262 ℹ️ [DOCK] dist=761 align=0.05 preview=false edit=false overlay=0.00
05:26:57.420 ℹ️ [DOCK] dist=761 align=0.05 preview=false edit=false overlay=0.00
[BoundaryRenderer] ✅ SAU: Loaded 1/1 features
[BoundaryRenderer] Loading IND from data/boundaries/countries/IND-ADM0.geojson
05:26:58.264 ℹ️ [PRESENCE] hb user=user.local.mlq5uyqe room=room.111ef3ac ageMs=3239 result=PASS
[PRESENCE] hb user=user.local.mlq5uyqe room=room.111ef3ac ageMs=3239 result=PASS