[ENU] Coordinate system loaded - all geometry in meters
12:21:34.589 ℹ️ [GLOBE] imagery mode=osm provider=OpenStreetMap
12:21:34.595 ℹ️ [PRES] colorCorrection added=PASS vignette=ON coolTone=ON
12:21:34.595 ℹ️ [PRES] postFX enabled=PASS fxaa=ON bloom=ON colorCorrect=ON
12:21:34.596 ℹ️ [PRES] fog enabled=PASS density=0.00048
12:21:34.597 ⚠️ ⚠️ Buildings marked as DEGRADED
12:21:34.598 ℹ️ [LAUNCH-FIX] basemapDim brightness=0.28 contrast=0.55 saturation=0.05 gamma=1.6 applied=PASS
12:21:34.598 ℹ️ [LAUNCH] visibilityMode enabled=PASS scale=0.25 trunkPrimitive=cylinder widthFloors=ON basemapDimming=ON
12:21:34.598 ℹ️ [PRES] environmentDeemphasis applied=PASS brightness=0.28 saturation=0.05 gamma=1.6
12:21:34.599 ℹ️ [GLOBE] services weatherBase=http://127.0.0.1:4020
12:21:34.599 ℹ️ [GLOBE] imagery registry enabled modes=local,clean-street,satellite,hybrid,osm,dark,minimalist
12:21:34.599 ℹ️ [CAM] restore-POV skipped for launch (deterministic frame)
12:21:34.600 ℹ️ [INPUT] owner=CAMERA mode=FreeFly reason=default
[RelationshipRenderer] Initialized
[RelationshipRenderer] Cleared all relationships
[BoundaryRenderer] DataSource created and added to viewer
[BoundaryRenderer] Initialized
[BoundaryRenderer] Loading ISR from data/boundaries/countries/ISR-ADM0.geojson
[BoundaryRenderer] Loading USA from data/boundaries/countries/USA-ADM0.geojson
12:21:34.601 ℹ️ [BOUNDARY-EDITOR] Initialized
[FILAMENT] registry initialized=PASS total=6
[DISCLOSURE] restore backend=localStorage loaded=0 result=PASS
[TIMEBOX] event type=DISCLOSURE_CHANGE id=FIL-003 applied=PASS target=trunk.avgol timeboxId=T6
[DISCLOSURE] id=FIL-003 from=PRIVATE to=WITNESSED reason=lifecycle_default result=PASS
[DISCLOSURE] persist backend=localStorage stored=6 result=PASS
[TIMEBOX] event type=DISCLOSURE_CHANGE id=FIL-004 applied=PASS target=trunk.avgol timeboxId=T6
[DISCLOSURE] id=FIL-004 from=PRIVATE to=PUBLIC_SUMMARY reason=lifecycle_default result=PASS
[DISCLOSURE] persist backend=localStorage stored=6 result=PASS
[TIMEBOX] event type=DISCLOSURE_CHANGE id=FIL-005 applied=PASS target=trunk.avgol timeboxId=T6
[DISCLOSURE] id=FIL-005 from=PRIVATE to=PUBLIC_SUMMARY reason=lifecycle_default result=PASS
[DISCLOSURE] persist backend=localStorage stored=6 result=PASS
[TIMEBOX] event type=DISCLOSURE_CHANGE id=FIL-006 applied=PASS target=trunk.avgol timeboxId=T6
[DISCLOSURE] id=FIL-006 from=PRIVATE to=WITNESSED reason=lifecycle_default result=PASS
[DISCLOSURE] persist backend=localStorage stored=6 result=PASS
[.WebGL-0x2c4c02465400]GL Driver Message (OpenGL, Performance, GL_CLOSE_PATH_NV, High): GPU stall due to ReadPixels
[.WebGL-0x2c4c02465400]GL Driver Message (OpenGL, Performance, GL_CLOSE_PATH_NV, High): GPU stall due to ReadPixels
[BoundaryRenderer] ✅ ISR: Loaded 1/1 features
[.WebGL-0x2c4c02465400]GL Driver Message (OpenGL, Performance, GL_CLOSE_PATH_NV, High): GPU stall due to ReadPixels
[BoundaryRenderer] ✅ USA: Loaded 1/1 features
12:21:35.285 ℹ️ [BOUNDARY] containsll suite=PASS polygons=1 multipolygons=1 holes=0
12:21:35.285 ℹ️ [BOUNDARY] containsll hole-suite=PASS probes=3
12:21:35.285 ℹ️ [BOUNDARY] restore result=PASS renderer=BoundaryRenderer containsLL=PASS ISR=1 USA=1
12:21:35.286 ℹ️ [GATE] G3 status=PASS evidence=runtime-boundary-selftest
12:21:35.286 ℹ️ [UX] boundaries=ACTIVE mode=READ_ONLY
12:21:35.287 ℹ️ [BOUNDARY] voting-scope mode=BOUNDARY_ENABLED reason=boundary-pass
[.WebGL-0x2c4c02465400]GL Driver Message (OpenGL, Performance, GL_CLOSE_PATH_NV, High): GPU stall due to ReadPixels (this message will no longer repeat)
12:21:35.612 ℹ️ [BOUNDARY] manifestLoaded countries=27
[BoundaryRenderer] Loading USA from data/boundaries/countries/USA-ADM0.geojson
[BOUNDARY] reuse id=boundary-USA-0-6c62914d
[BoundaryRenderer] Loading BRA from data/boundaries/countries/BRA-ADM0.geojson
12:21:36.523 ℹ️ [VOTE] restore backend=localStorage mode=demo loaded=0 result=PASS
[VOTE] restore backend=localStorage mode=demo loaded=0 result=PASS
[BACKING] id=branch.finance filaments=3 timeboxes=7 evidence=0 missing=0
[CONF] id=branch.finance conf=0.40 breakdown=tb:1,ev:0,disc:1,vote:0
[ATTN] id=branch.finance attn=0.20 lifecycle=SETTLING disclosure=WITNESSED vote=PENDING
[BACKING] id=branch.maintenance filaments=3 timeboxes=7 evidence=0 missing=0
[CONF] id=branch.maintenance conf=0.40 breakdown=tb:1,ev:0,disc:1,vote:0
[ATTN] id=branch.maintenance attn=0.36 lifecycle=REFUSAL disclosure=PUBLIC_SUMMARY vote=PENDING
[AC] aggregateAttention scope=company result=0.36 children=8
[AC] aggregateConfidence scope=company result=0.35 children=8
[AC] initialized=PASS functions=5 filaments=6
12:21:36.538 ℹ️ [PRES] launchTransform scale=0.25 uOffset=0 applied=PASS
12:21:36.539 ℹ️ [LAUNCH-FIX] visualHierarchy applied=PASS tilesAlpha=0.05 trunkCore=0.85
12:21:36.539 ℹ️ [LAUNCH-THEME] tokens loaded trunk=thinPillar tile=horizontalPlatform filament=rain
12:21:36.539 ℹ️ [GATE] launchVisibility semantics=UNCHANGED enuChecks=RAW
12:21:36.539 ℹ️ [LAUNCH] widthFloors trunk=20m branches=13/10/6 tiles=120x70m rule=uniform
12:21:36.540 ℹ️ [PRES] trunkStyle applied=PASS mode=core+shell coreR=10 shellR=16
12:21:36.540 ℹ️ [PRES] branchStyle applied=PASS ribMode=ON ribScale=0.3 emissive=ON alpha=0.30
12:21:36.540 ℹ️ [PRES] sheetPlatform grid=PASS majorLines=16 mode=overview normal=UP horizontal=ON landscape=120x70
12:21:36.540 ℹ️ [PRES] tileFloatMode=PASS supportFilaments=ON fillAlpha=0.05 borderAlpha=1.0
12:21:36.540 ℹ️ [PRES] filamentRain enabled=PASS density=5
12:21:36.540 ℹ️ [PRES] rootGlow enabled=PASS radius=80 alpha=0.10
12:21:36.541 ℹ️ [GATE 4] Anchor marker rendered at (34.7818, 32.0853) - independent of buildings/terrain
12:21:36.543 ℹ️ [PRES] tether rendered=PASS
12:21:36.543 ℹ️ [PRES] buildingAnchorProxy rendered=PASS reason=buildings-degraded
12:21:36.544 ℹ️ [GATE 4] Anchor marker rendered at (34.7818, 32.0853) - independent of buildings/terrain
12:21:36.544 ℹ️ [GATE 4] Anchor marker rendered at (34.7818, 32.0853) - independent of buildings/terrain
12:21:36.545 ℹ️ [GATE 4] Anchor marker rendered at (34.7818, 32.0853) - independent of buildings/terrain
12:21:36.545 ℹ️ [GATE 4] Anchor marker rendered at (34.7818, 32.0853) - independent of buildings/terrain
12:21:36.546 ℹ️ [GATE 4] Anchor marker rendered at (34.7818, 32.0853) - independent of buildings/terrain
12:21:36.546 ℹ️ [VIS] voteFilter LOD=COMPANY override=ALL
12:21:36.550 ℹ️ [UX] debugLogs=false gateSpamSuppressed=true
12:21:36.555 ℹ️ [PRES] junctions rendered=PASS count=8
12:21:36.555 ℹ️ [VIS2] expandedSheetsAllowed=false scope=world
12:21:36.555 ℹ️ [VIS2] suppressSheetDetail=true expandedSheetsAllowed=false selectedSheet=none lod=COMPANY
12:21:36.556 ℹ️ [VIS] basinRings anchor=trunk.avgol companies=6 mode=rings
[FILAMENT] bandSnap id=FIL-001 timeboxId=FIN-T4 deltaM=0 result=PASS
[FILAMENT] bandSnap id=FIL-002 timeboxId=FIN-T3 deltaM=0 result=PASS
[FILAMENT] bandSnap id=FIL-003 timeboxId=FIN-T1 deltaM=0 result=PASS
[FILAMENT] bandSnap id=FIL-004 timeboxId=MNT-T0 deltaM=0 result=PASS
[FILAMENT] bandSnap id=FIL-006 timeboxId=MNT-T1 deltaM=0 result=PASS
[FILAMENT] bandSnap source=vis4Registry
[DISCLOSURE] markersRendered count=5 tiers={PRIVATE:2,WITNESSED:2,PUBLIC_SUMMARY:1,FULL_PUBLIC:0}
12:21:36.557 ℹ️ [VIS2] deptSpinesRendered count=8
12:21:36.558 ℹ️ [VIS2] companyCollapsed result=PASS sheetsRendered=0 lod=COMPANY scope=world expandedSheetsAllowed=false
12:21:36.563 ℹ️ [VIS2] sheetTilesRendered count=39
12:21:36.564 ℹ️ [VIS2] exitSheet collapsed=PASS expanded=0 tiles=39
12:21:36.565 ℹ️ [VIS3] flowOverlay result=PASS edges=66 exceptions=11 scope=world lod=COMPANY
12:21:36.565 ℹ️ [VIS3] trafficBarsRendered count=8
12:21:36.565 ℹ️ [VIS3] gate-summary result=PASS
12:21:36.567 ℹ️ [VIS4c] labelsRendered count=36 scope=company
12:21:36.567 ℹ️ [VIS4] slabsRendered scope=company objects=9 slabs=36 capped=false
12:21:36.567 ℹ️ [VIS4] companySlabs result=PASS deptBranches=8 trunkSlabs=6
12:21:36.568 ℹ️ [VIS4] gate-summary result=PASS
12:21:36.568 ℹ️ [LOD-BUDGET] frame sheetsDetailed=0 totalMarkers=0 totalPrims=125 totalEntities=97
12:21:37.476 ℹ️ [GLOBE] worldTrunks synced added=5 total=6
12:21:37.476 ℹ️ [GLOBE] datasetLoad anchors=6
12:21:37.476 ℹ️ [UX] multiCountrySmoke=PASS anchors=6
12:21:37.477 ℹ️ [LAUNCH-FIX] cameraFrame target=trunk.avgol result=PASS distM=750 horzM=1000 heading=355 pitch=-28 applied=PASS
12:21:37.478 ℹ️ [HUD] mode=FreeFly layer1=6 layer2=0
12:21:37.481 ℹ️ [HUD] consolidated rootCount=1 duplicates=0
12:21:37.485 ℹ️ [HUD] tier1 rows=6
12:21:37.485 ℹ️ [HUD] tier2 default=collapsed
12:21:37.485 ℹ️ [PRES] billboard=ON reason=launch-default
12:21:37.485 ℹ️ [UX] debugLogs=false (launch mode)
12:21:37.486 ℹ️ [LAUNCH-FIX] uiGating launch=true hiddenPanels=artifacts,ux3,p2p,topicLane,vote,workMode,logConsole applied=PASS
12:21:37.494 ℹ️ [LAUNCH-FIX] hud tier1=ON tier2=OFF default=collapsed
12:21:37.494 ℹ️ [LAUNCH-FIX] helpOverlay shown=true dismissed=false source=first
[BUILD] 2026-02-09T12:30Z ux-1.1-universal-object-contract
12:21:37.495 ℹ️ [UX-1.1-PROOF] type=trunk id=trunk.avgol scope=root actions=focusView,showKPIs,showTimeboxes,showBranches,cycleClusterLevel,focusNextRegion,loadGlobalCore
12:21:37.495 ℹ️ [UX-1.1-PROOF] type=branch id=branch.operations scope=trunk.avgol actions=focusView,showKPIs,showTimeboxes,showPressureSources,cycleClusterLevel,focusNextRegion,loadGlobalCore
12:21:37.496 ℹ️ [UX-1.1-PROOF] type=sheet id=sheet.packaging scope=branch.operations actions=focusView,showSchema,addColumn,addValidation,addSummaryBinding
12:21:37.496 ℹ️ [UX-1.1-PROOF] type=cell id=sheet.packaging.cell.0.0 scope=branch.operations actions=edit,viewDependencies,viewHistory,createValidation,lockScope
12:21:37.496 ℹ️ [UX-1.1-PROOF] type=match id=3WM-001 scope=branch.p2p.mc1 actions=inspectSources,viewVariance,setTolerance,markResolved
12:21:37.496 ℹ️ [UX-1.1-PROOF] type=route id=p2p.requisition scope=branch.p2p.fc1 actions=previewMapping,ingestTestRecord,showProvenance,editFieldMap
12:21:37.496 ℹ️ [UX-1.1-PROOF] type=module id=P2P scope=trunk.avgol actions=showAllSheets,showRoutes,showKPIBindings,showRecomputationChain
12:21:37.496 ℹ️ [UX-1.1] Universal Object Contract: 7 types resolved
12:21:37.497 ℹ️ [CAM] basin-proximity target=branch.maintenance type=branch radiusM=6000.0 distanceM=1584.3 assist=BLOCKED_LAUNCH
12:21:37.499 ℹ️ [VIS] sheetSelect resolved sheet=MFG.MaterialIssues reason=default
[VIS] sheetSelect resolved sheet=MFG.MaterialIssues reason=default
12:21:37.499 ℹ️ [VIS] enter sheet=MFG.MaterialIssues scope=sheet-only
[VIS] enter sheet=MFG.MaterialIssues scope=sheet-only
12:21:37.499 ℹ️ [DOCK] enterSheet target=MFG.MaterialIssues mode=FaceOn result=PASS distM=1196
12:21:37.499 ℹ️ [CAM] Face-on: instant snap (duration=0 method=setView)
12:21:37.500 ℹ️ [LOD] apply level=CELL sheetsDetailed=1 lanes=1 markers=1
12:21:37.501 ℹ️ [DOCK] dist=105 align=-1.00 preview=true edit=false overlay=0.00
12:21:37.501 ℹ️ [DOCK] autoDock disabled=PASS reason=explicitEnter
12:21:37.582 ℹ️ [GATE 4] Anchor marker rendered at (-122.4194, 37.7749) - independent of buildings/terrain
12:21:37.583 ℹ️ [GATE 4] Anchor marker rendered at (-0.1276, 51.5072) - independent of buildings/terrain
12:21:37.583 ℹ️ [GATE 4] Anchor marker rendered at (77.2090, 28.6139) - independent of buildings/terrain
12:21:37.583 ℹ️ [GATE 4] Anchor marker rendered at (139.6917, 35.6895) - independent of buildings/terrain
12:21:37.584 ℹ️ [GATE 4] Anchor marker rendered at (-46.6333, -23.5505) - independent of buildings/terrain
12:21:37.589 ℹ️ [VIS2] expandedSheetsAllowed=true scope=sheet
12:21:37.589 ℹ️ [VIS2] suppressSheetDetail=false expandedSheetsAllowed=true selectedSheet=MFG.MaterialIssues lod=CELL
12:21:37.593 ℹ️ [VIS] sheetOnlyRender sheetsDetailed=1 selected=MFG.MaterialIssues hidden=38
12:21:37.598 ℹ️ [VIS2] sheetTilesRendered count=38
12:21:37.599 ℹ️ [VIS2] enterSheet expanded=1 tiles=38
12:21:37.599 ℹ️ [VIS3.2] sheetOverlay begin sheet=MFG.MaterialIssues scope=sheet
12:21:37.599 ℹ️ [VIS3.2] exceptionRows result=PASS sheet=MFG.MaterialIssues count=0
12:21:37.599 ℹ️ [VIS3.2] routeHighlights result=PASS sheet=MFG.MaterialIssues edges=0
12:21:37.599 ℹ️ [VIS3.2] budget exceptionOverlays=0 routeHighlights=0 capped=false
12:21:37.599 ℹ️ [VIS3.2] gate-summary result=PASS
12:21:37.599 ℹ️ [VIS4] sheetSlabGap enforced minGap=8m raw=2.5m effective=8.0m
12:21:37.599 ℹ️ [VIS4c] labelsRendered count=1 scope=sheet
12:21:37.599 ℹ️ [VIS4] slabsRendered scope=sheet objects=1 slabs=1 capped=false
12:21:37.599 ℹ️ [VIS4] sheetSlabs result=PASS sheet=MFG.MaterialIssues slabs=1
12:21:37.599 ℹ️ [VIS4] gate-summary result=PASS
12:21:37.599 ℹ️ [LOD-BUDGET] frame sheetsDetailed=1 totalMarkers=5 totalPrims=88 totalEntities=92
12:21:37.600 ℹ️ [CAM] dockFaceOn applied=PASS sheet=MFG.MaterialIssues
[2D] gridShown sheet=MFG.MaterialIssues rows=1 cols=5 populated=5 result=PASS
12:21:37.600 ℹ️ [LOD] apply level=COMPANY requestedSheetsDetailed=1 effectiveSheetsDetailed=1 lanes=1 markers=0 reason=explicitEnter distKm=13.5
[BoundaryRenderer] ✅ BRA: Loaded 1/1 features
[BoundaryRenderer] Loading ARG from data/boundaries/countries/ARG-ADM0.geojson
12:21:38.192 ℹ️ [VIS2] expandedSheetsAllowed=true scope=sheet
12:21:38.193 ℹ️ [VIS2] suppressSheetDetail=false expandedSheetsAllowed=true selectedSheet=MFG.MaterialIssues lod=COMPANY
12:21:38.193 ℹ️ [VIS] basinRings anchor=trunk.avgol companies=11 mode=cluster
12:21:38.193 ℹ️ [LOD] COMPANY markersOverride=false MarkerCells=0
12:21:38.199 ℹ️ [VIS2] sheetTilesRendered count=38
12:21:38.199 ℹ️ [VIS2] enterSheet expanded=1 tiles=38
12:21:38.199 ℹ️ [LOD-BUDGET] frame sheetsDetailed=1 totalMarkers=0 totalPrims=82 totalEntities=82
12:21:38.199 ℹ️ [HUD] paramsLoaded version=HUD-PARAMS-v0 policyRef=local:HUD-PARAMS-v0
[BoundaryRenderer] ✅ ARG: Loaded 1/1 features
[BoundaryRenderer] Loading GBR from data/boundaries/countries/GBR-ADM0.geojson
12:21:38.566 ℹ️ [DOCK] dist=14425 align=0.10 preview=false edit=false overlay=0.95
12:21:39.210 ℹ️ [VIS] exit sheet=MFG.MaterialIssues restoreView=true
[VIS] exit sheet=MFG.MaterialIssues restoreView=true
[2D] gridHidden reason=exitSheet result=PASS
[VIS] exitSheet cleanup=PASS cleared=sheetId,anchor,selection,forceCompanyScope,explicitEnter,autoDockFlags
12:21:39.210 ℹ️ [VIS] enter company=trunk.avgol
[VIS] enter company=trunk.avgol
12:21:39.211 ℹ️ [CAM] focusLock target=trunk.avgol scope=company result=PASS
12:21:39.211 ℹ️ [INPUT] owner=CAMERA mode=FreeFly reason=focusLock
12:21:39.211 ℹ️ [LOD] lock level=COMPANY reason=basinFocus
12:21:39.212 ℹ️ [HUD] votes summary=PASS passed=4 pending=2 rejected=0
[HUD] votes summary=PASS passed=4 pending=2 rejected=0
[BoundaryRenderer] ✅ GBR: Loaded 1/1 features
[BoundaryRenderer] Loading FRA from data/boundaries/countries/FRA-ADM0.geojson
12:21:39.247 ℹ️ [VIS2] expandedSheetsAllowed=false scope=company
12:21:39.247 ℹ️ [VIS2] suppressSheetDetail=true expandedSheetsAllowed=false selectedSheet=none lod=COMPANY
12:21:39.248 ℹ️ [VIS] basinRings anchor=trunk.avgol companies=11 mode=cluster
12:21:39.248 ℹ️ [VIS2] deptSpinesRendered count=8
12:21:39.248 ℹ️ [VIS2] companyCollapsed result=PASS sheetsRendered=0 lod=COMPANY scope=company expandedSheetsAllowed=false
12:21:39.251 ℹ️ [VIS2] sheetTilesRendered count=39
12:21:39.251 ℹ️ [VIS2] exitSheet collapsed=PASS expanded=0 tiles=39
12:21:39.252 ℹ️ [VIS3] flowOverlay result=PASS edges=66 exceptions=11 scope=company lod=COMPANY
12:21:39.252 ℹ️ [VIS3] trafficBarsRendered count=8
12:21:39.252 ℹ️ [VIS3] gate-summary result=PASS
12:21:39.254 ℹ️ [VIS4c] labelsRendered count=51 scope=company
12:21:39.254 ℹ️ [VIS4] slabsRendered scope=company objects=14 slabs=51 capped=false
12:21:39.254 ℹ️ [VIS4] companySlabs result=PASS deptBranches=8 trunkSlabs=21
12:21:39.254 ℹ️ [VIS4] gate-summary result=PASS
12:21:39.254 ℹ️ [LOD-BUDGET] frame sheetsDetailed=0 totalMarkers=0 totalPrims=145 totalEntities=132
12:21:39.575 ℹ️ [DOCK] dist=8466 align=-0.10 preview=false edit=false overlay=0.00
12:21:39.744 ℹ️ [HUD] mode=CompanyFocus
[BoundaryRenderer] ✅ FRA: Loaded 1/1 features
[BoundaryRenderer] Loading DEU from data/boundaries/countries/DEU-ADM0.geojson
12:21:40.583 ℹ️ [CAM] basinFocus settled target=trunk.avgol distM=900 pitch=-55
12:21:40.585 ℹ️ [DOCK] dist=761 align=0.05 preview=false edit=false overlay=0.00
[MODE] renderMode=TREE_SCAFFOLD
[MODE] viewMode=SCAFFOLD
[SCOPE] effective=company
12:21:41.210 ℹ️ [MODE] renderMode=TREE_SCAFFOLD
12:21:41.210 ℹ️ [VIS-SCAFFOLD] mode=TREE_SCAFFOLD result=PASS
[HEIGHT-BAND] applied=PASS mode=TREE_SCAFFOLD bands=6 maxOffset=120
[PRESSURE] branch=branch.operations aggregate=0.22 contributors=[] threshold=0.3 result=INDETERMINATE
[HEIGHT] branch=branch.operations offset=0 band=2000 attn=0.10 conf=0.50
[VIS-SCAFFOLD] placement trunkTopU=2000 branchOriginU=2000 sheetAttachU=2400
[PRESSURE] branch=branch.finance aggregate=0.26 contributors=[FIL-003] threshold=0.3 result=PASS
[HEIGHT] branch=branch.finance offset=31 band=2000 attn=0.20 conf=0.40
[PRESSURE] branch=branch.supplychain aggregate=0.22 contributors=[] threshold=0.3 result=INDETERMINATE
[HEIGHT] branch=branch.supplychain offset=0 band=2000 attn=0.10 conf=0.50
[PRESSURE] branch=branch.quality aggregate=0.22 contributors=[] threshold=0.3 result=INDETERMINATE
[HEIGHT] branch=branch.quality offset=0 band=2000 attn=0.10 conf=0.50
[PRESSURE] branch=branch.maintenance aggregate=0.37 contributors=[FIL-004,FIL-005,FIL-006] threshold=0.3 result=PASS
[HEIGHT] branch=branch.maintenance offset=44 band=2000 attn=0.36 conf=0.40
[PRESSURE] branch=branch.it aggregate=0.22 contributors=[] threshold=0.3 result=INDETERMINATE
[HEIGHT] branch=branch.it offset=0 band=2000 attn=0.10 conf=0.50
[HEIGHT] indeterminate id=branch.p2p conf=0.00 missing=0
[HEIGHT] indeterminate id=branch.p2p.fc1 conf=0.00 missing=0
[HEIGHT] indeterminate id=branch.p2p.fc2 conf=0.00 missing=0
[HEIGHT] indeterminate id=branch.p2p.fc3 conf=0.00 missing=0
[HEIGHT] indeterminate id=branch.p2p.fc4 conf=0.00 missing=0
[HEIGHT] indeterminate id=branch.p2p.fc5 conf=0.00 missing=0
[HEIGHT] indeterminate id=branch.p2p.fc7 conf=0.00 missing=0
[HEIGHT] indeterminate id=branch.p2p.fc6 conf=0.00 missing=0
[HEIGHT] indeterminate id=branch.p2p.mc1 conf=0.00 missing=0
[HEIGHT] indeterminate id=branch.p2p.mc2 conf=0.00 missing=0
[HEIGHT] indeterminate id=branch.p2p.mc3 conf=0.00 missing=0
[HEIGHT] indeterminate id=branch.p2p.sc1 conf=0.00 missing=0
[HEIGHT] indeterminate id=branch.p2p.sc2 conf=0.00 missing=0
[HEIGHT] indeterminate id=branch.p2p.sc3 conf=0.00 missing=0
[HEIGHT] indeterminate id=branch.mfg conf=0.00 missing=0
[HEIGHT] indeterminate id=branch.mfg.fc1 conf=0.00 missing=0
[HEIGHT] indeterminate id=branch.mfg.fc2 conf=0.00 missing=0
[HEIGHT] indeterminate id=branch.mfg.fc3 conf=0.00 missing=0
[HEIGHT] indeterminate id=branch.mfg.fc4 conf=0.00 missing=0
[HEIGHT] indeterminate id=branch.mfg.mc1 conf=0.00 missing=0
[HEIGHT] indeterminate id=branch.mfg.sc1 conf=0.00 missing=0
12:21:41.217 ℹ️ [VIS2] expandedSheetsAllowed=false scope=company
12:21:41.217 ℹ️ [VIS2] suppressSheetDetail=true expandedSheetsAllowed=false selectedSheet=none lod=COMPANY
12:21:41.217 ℹ️ [VIS] basinRings anchor=trunk.avgol companies=11 mode=cluster
[VIS-SCAFFOLD] ringBand ok=PASS altitude=2000 scope=company
[VIS-SCAFFOLD] ringBand ok=PASS altitude=2400 scope=branch id=branch.operations
[VIS-SCAFFOLD] ringBand ok=PASS altitude=2431 scope=branch id=branch.finance
[VIS-SCAFFOLD] ringBand ok=PASS altitude=2400 scope=branch id=branch.supplychain
[VIS-SCAFFOLD] ringBand ok=PASS altitude=2400 scope=branch id=branch.quality
[VIS-SCAFFOLD] ringBand ok=PASS altitude=2444 scope=branch id=branch.maintenance
[VIS-SCAFFOLD] ringBand ok=PASS altitude=2400 scope=branch id=branch.it
[VIS-SCAFFOLD] ringBand ok=PASS altitude=2400 scope=branch id=branch.p2p
[VIS-SCAFFOLD] ringBand ok=PASS altitude=2400 scope=branch id=branch.p2p.fc1
[VIS-SCAFFOLD] ringBand ok=PASS altitude=2400 scope=branch id=branch.p2p.fc2
[VIS-SCAFFOLD] ringBand ok=PASS altitude=2400 scope=branch id=branch.p2p.fc3
[VIS-SCAFFOLD] ringBand ok=PASS altitude=2400 scope=branch id=branch.p2p.fc4
[VIS-SCAFFOLD] ringBand ok=PASS altitude=2400 scope=branch id=branch.p2p.fc5
[VIS-SCAFFOLD] ringBand ok=PASS altitude=2400 scope=branch id=branch.p2p.fc7
[VIS-SCAFFOLD] ringBand ok=PASS altitude=2400 scope=branch id=branch.p2p.fc6
[VIS-SCAFFOLD] ringBand ok=PASS altitude=2400 scope=branch id=branch.p2p.mc1
[VIS-SCAFFOLD] ringBand ok=PASS altitude=2400 scope=branch id=branch.p2p.mc2
[VIS-SCAFFOLD] ringBand ok=PASS altitude=2400 scope=branch id=branch.p2p.mc3
[VIS-SCAFFOLD] ringBand ok=PASS altitude=2400 scope=branch id=branch.p2p.sc1
[VIS-SCAFFOLD] ringBand ok=PASS altitude=2400 scope=branch id=branch.p2p.sc2
[VIS-SCAFFOLD] ringBand ok=PASS altitude=2400 scope=branch id=branch.p2p.sc3
[VIS-SCAFFOLD] ringBand ok=PASS altitude=2400 scope=branch id=branch.mfg
[VIS-SCAFFOLD] ringBand ok=PASS altitude=2400 scope=branch id=branch.mfg.fc1
[VIS-SCAFFOLD] ringBand ok=PASS altitude=2400 scope=branch id=branch.mfg.fc2
[VIS-SCAFFOLD] ringBand ok=PASS altitude=2400 scope=branch id=branch.mfg.fc3
[VIS-SCAFFOLD] ringBand ok=PASS altitude=2400 scope=branch id=branch.mfg.fc4
[VIS-SCAFFOLD] ringBand ok=PASS altitude=2400 scope=branch id=branch.mfg.mc1
[VIS-SCAFFOLD] ringBand ok=PASS altitude=2400 scope=branch id=branch.mfg.sc1
12:21:41.218 ℹ️ [VIS2] deptSpinesRendered count=8
12:21:41.218 ℹ️ [VIS2] companyCollapsed result=PASS sheetsRendered=0 lod=COMPANY scope=company expandedSheetsAllowed=false
12:21:41.221 ℹ️ [VIS2] sheetTilesRendered count=39
[VIS-SCAFFOLD] sheetsAttachedToBranches count=39
12:21:41.222 ℹ️ [LOD-BUDGET] frame sheetsDetailed=0 totalMarkers=0 totalPrims=145 totalEntities=132
[BoundaryRenderer] ✅ DEU: Loaded 1/1 features
[BoundaryRenderer] Loading NLD from data/boundaries/countries/NLD-ADM0.geojson
12:21:41.728 ℹ️ [DOCK] dist=608 align=-0.57 preview=true edit=false overlay=0.00
[BoundaryRenderer] ✅ NLD: Loaded 1/1 features
[BoundaryRenderer] Loading EGY from data/boundaries/countries/EGY-ADM0.geojson
12:21:42.740 ℹ️ [DOCK] dist=608 align=-0.57 preview=true edit=false overlay=0.00
[BoundaryRenderer] ✅ EGY: Loaded 1/1 features
[BoundaryRenderer] Loading SAU from data/boundaries/countries/SAU-ADM0.geojson
12:21:43.887 ℹ️ [DOCK] dist=608 align=-0.57 preview=true edit=false overlay=0.00
[BoundaryRenderer] ✅ SAU: Loaded 1/1 features
[BoundaryRenderer] Loading IND from data/boundaries/countries/IND-ADM0.geojson
12:21:44.987 ℹ️ [DOCK] dist=608 align=-0.57 preview=true edit=false overlay=0.00
[BoundaryRenderer] ✅ IND: Loaded 1/1 features
[BoundaryRenderer] Loading CHN from data/boundaries/countries/CHN-ADM0.geojson
[BoundaryRenderer] ✅ CHN: Loaded 1/1 features
[BoundaryRenderer] Loading KOR from data/boundaries/countries/KOR-ADM0.geojson
12:21:46.149 ℹ️ [DOCK] dist=608 align=-0.57 preview=true edit=false overlay=0.00
[BoundaryRenderer] ✅ KOR: Loaded 1/1 features
[BoundaryRenderer] Loading ISR from data/boundaries/countries/ISR-ADM0.geojson
[MODE] renderMode=LAUNCH_CANOPY
[MODE] viewMode=CANOPY
[SCOPE] effective=company
12:21:46.564 ℹ️ [VIS2] expandedSheetsAllowed=false scope=company
12:21:46.564 ℹ️ [VIS2] suppressSheetDetail=true expandedSheetsAllowed=false selectedSheet=none lod=COMPANY
12:21:46.564 ℹ️ [VIS] basinRings anchor=trunk.avgol companies=11 mode=cluster
12:21:46.565 ℹ️ [VIS2] deptSpinesRendered count=8
12:21:46.565 ℹ️ [VIS2] companyCollapsed result=PASS sheetsRendered=0 lod=COMPANY scope=company expandedSheetsAllowed=false
12:21:46.568 ℹ️ [VIS2] sheetTilesRendered count=39
12:21:46.569 ℹ️ [LOD-BUDGET] frame sheetsDetailed=0 totalMarkers=0 totalPrims=145 totalEntities=132
12:21:47.260 ℹ️ [DOCK] dist=761 align=0.05 preview=false edit=false overlay=0.00
[BOUNDARY] reuse id=boundary-ISR-0-0050ba14
12:21:47.438 ℹ️ [GLOBE] country-set id=global-core loaded=26
[BoundaryRenderer] Loading USA from data/boundaries/countries/USA-ADM0.geojson
[BoundaryRenderer] Loading USA from data/boundaries/countries/USA-ADM0.geojson
12:21:48.335 ℹ️ [DOCK] dist=761 align=0.05 preview=false edit=false overlay=0.00
12:21:48.881 ℹ️ [GLOBE] focus country=USA
12:21:48.881 ℹ️ [GLOBE] focus region=north-america
12:21:48.881 ℹ️ [GLOBE] hierarchy init cluster=globe countries=11
[BoundaryRenderer] Loading USA from data/boundaries/countries/USA-ADM0.geojson