==============================================================
[LANDSCAPE] VIS-LANDSCAPE-PLATFORMS-1 proof starting
[LANDSCAPE] date=2026-02-14
==============================================================
[NAV] loading launch URL...
[NAV] waiting for Cesium + tree render...

-- STAGE 1: Landscape Layout --
[LANDSCAPE] layoutLog=false layoutByProp=true widthFloorLog=true landscapeInPres=true
[LANDSCAPE] stage=landscapeLayout result=PASS

-- STAGE 2: Grid Density (12 cols x 6 rows) --
[LANDSCAPE] gridLog=true gridByProp=true dimsByProp=true
[LANDSCAPE] stage=gridDensity result=PASS

-- STAGE 3: Header Band (row + column) --
[LANDSCAPE] headerByProp=true
[LANDSCAPE] stage=headerBand result=PASS

-- STAGE 4: Platform Rendering --
[LANDSCAPE] platformCount=25 mode=overview-horizontal-UP
[LANDSCAPE] stage=platformRendered result=PASS

-- Screenshot --
[LANDSCAPE] screenshot 01-landscape-platforms.png (canvas)

==============================================================
[LANDSCAPE] gate-summary result=PASS stages=4 pass=4 fail=0
[LANDSCAPE]   landscapeLayout: PASS
[LANDSCAPE]   gridDensity: PASS
[LANDSCAPE]   headerBand: PASS
[LANDSCAPE]   platformRendered: PASS
[SHEET-PLATFORM] layout=LANDSCAPE w=120 h=70 cols=12 rows=6 header=ON

-- Console [SHEET-PLATFORM] + [PRES] + [LAUNCH] lines --
  13:06:30.409 ℹ️ [PRES] colorCorrection added=PASS vignette=ON coolTone=ON
  13:06:30.410 ℹ️ [PRES] postFX enabled=PASS fxaa=ON bloom=ON colorCorrect=ON
  13:06:30.410 ℹ️ [PRES] fog enabled=PASS density=0.00048
  13:06:30.414 ℹ️ [LAUNCH] visibilityMode enabled=PASS scale=0.25 trunkPrimitive=cylinder widthFloors=ON basemapDimming=ON
  13:06:30.414 ℹ️ [PRES] environmentDeemphasis applied=PASS brightness=0.28 saturation=0.05 gamma=1.6
  13:06:30.868 ℹ️ [PRES] launchTransform scale=0.25 uOffset=0 applied=PASS
  13:06:30.871 ℹ️ [LAUNCH] widthFloors trunk=20m branches=13/10/6 tiles=120x70m rule=uniform
  13:06:30.872 ℹ️ [PRES] trunkStyle applied=PASS mode=core+shell coreR=10 shellR=16
  13:06:30.872 ℹ️ [PRES] branchStyle applied=PASS ribMode=ON ribScale=0.3 emissive=ON alpha=0.30
  13:06:30.873 ℹ️ [PRES] sheetPlatform grid=PASS majorLines=16 mode=overview normal=UP horizontal=ON landscape=120x70
  13:06:30.873 ℹ️ [PRES] tileFloatMode=PASS supportFilaments=ON fillAlpha=0.05 borderAlpha=1.0
  13:06:30.873 ℹ️ [PRES] filamentRain enabled=PASS density=5
  13:06:30.874 ℹ️ [PRES] rootGlow enabled=PASS radius=80 alpha=0.10
  13:06:30.878 ℹ️ [PRES] tether rendered=PASS
  13:06:30.879 ℹ️ [PRES] buildingAnchorProxy rendered=PASS reason=buildings-degraded
  13:06:30.890 ℹ️ [PRES] junctions rendered=PASS count=5
  13:06:31.856 ℹ️ [PRES] billboard=ON reason=launch-default
==============================================================