--- Step 1: Fly to COMPANY view ---
--- Step 2: Verify presentation transform logs ---
  [PRES] launchTransform: PASS
  [PRES] tether rendered: PASS
  [PRES] buildingAnchorProxy: PASS
  [PRES] junctions rendered: PASS
  [GATE 2] Branch Length: PASS
  No dock refusal: PASS
--- Step 3: Enter sheet + verify docking + 2D grid ---
  Dock enter log: PASS
  FaceOn applied log: PASS
  2D grid shown log: PASS
--- Step 4: Exit sheet + verify grid hidden ---
  2D grid hidden log: PASS

[LAUNCH-FIX-1] gate-summary result=PASS failures=0

Full console:
[ENU] Coordinate system loaded - all geometry in meters
10:56:15.673 ℹ️ [Z] mode=DRAFT user=local target=none previous=INIT
10:56:15.692 ℹ️ 🚀 Relay Cesium World starting...
10:56:15.694 ℹ️ 🌍 Initializing Cesium Viewer...
10:56:15.694 ℹ️ ✅ Terrain provider created (Ellipsoid)
10:56:15.695 ℹ️ ✅ Imagery provider created (OpenStreetMap tiles loading...)
10:56:15.725 ℹ️ ✅ Viewer created
10:56:15.727 ℹ️ [GLOBE] imagery mode=osm provider=OpenStreetMap
10:56:15.727 ℹ️ [PRES] colorCorrection added=PASS vignette=ON coolTone=ON
10:56:15.728 ℹ️ [PRES] postFX enabled=PASS fxaa=ON bloom=ON colorCorrect=ON
10:56:15.728 ℹ️ [PRES] fog enabled=PASS density=0.00048
10:56:15.729 ℹ️ ℹ️ 3D Buildings skipped (no Cesium Ion token configured)
10:56:15.730 ⚠️ ⚠️ Buildings marked as DEGRADED
10:56:15.730 ℹ️ 🌍 Cesium Viewer initialized successfully
10:56:15.730 ℹ️ [LAUNCH-FIX] basemapDim brightness=0.28 contrast=0.55 saturation=0.05 gamma=1.6 applied=PASS
10:56:15.731 ℹ️ [LAUNCH] visibilityMode enabled=PASS scale=0.25 trunkPrimitive=cylinder widthFloors=ON basemapDimming=ON
10:56:15.731 ℹ️ [PRES] environmentDeemphasis applied=PASS brightness=0.28 saturation=0.05 gamma=1.6
10:56:15.731 ℹ️ [GLOBE] services weatherBase=http://127.0.0.1:4020
10:56:15.732 ℹ️ [GLOBE] imagery registry enabled modes=local,clean-street,satellite,hybrid,osm,dark,minimalist
10:56:15.732 ℹ️ [CAM] restore-POV skipped for launch (deterministic frame)
10:56:15.732 ℹ️ [INPUT] owner=CAMERA mode=FreeFly reason=default
10:56:15.733 ℹ️ [FilamentRenderer] Initialized (Phase 2.1 Primitives)
[RelationshipRenderer] Initialized
[RelationshipRenderer] Cleared all relationships
10:56:15.733 ℹ️ [F2] clearedEdges=0 clearedScars=0
10:56:15.733 ℹ️ 🧹 Filament renderer cleared
[BoundaryRenderer] DataSource created and added to viewer
[BoundaryRenderer] Initialized
10:56:15.734 ℹ️ 🌍 Loading boundaries (fail-soft)...
[BoundaryRenderer] Loading ISR from data/boundaries/countries/ISR-ADM0.geojson
[BoundaryRenderer] Loading USA from data/boundaries/countries/USA-ADM0.geojson
10:56:15.735 ℹ️ [BOUNDARY-EDITOR] Initialized
10:56:15.735 ℹ️ 🌲 Loading demo tree...
10:56:15.736 ℹ️ [FILAMENT] registry initialized=PASS total=6
[FILAMENT] registry initialized=PASS total=6
10:56:15.736 ℹ️ [DISCLOSURE] restore backend=localStorage loaded=0 result=PASS
[DISCLOSURE] restore backend=localStorage loaded=0 result=PASS
10:56:15.737 ℹ️ [TIMEBOX] event type=DISCLOSURE_CHANGE id=FIL-003 applied=PASS target=trunk.avgol timeboxId=T6
[TIMEBOX] event type=DISCLOSURE_CHANGE id=FIL-003 applied=PASS target=trunk.avgol timeboxId=T6
10:56:15.737 ℹ️ [DISCLOSURE] id=FIL-003 from=PRIVATE to=WITNESSED reason=lifecycle_default result=PASS
[DISCLOSURE] id=FIL-003 from=PRIVATE to=WITNESSED reason=lifecycle_default result=PASS
10:56:15.738 ℹ️ [DISCLOSURE] persist backend=localStorage stored=6 result=PASS
[DISCLOSURE] persist backend=localStorage stored=6 result=PASS
10:56:15.738 ℹ️ [TIMEBOX] event type=DISCLOSURE_CHANGE id=FIL-004 applied=PASS target=trunk.avgol timeboxId=T6
[TIMEBOX] event type=DISCLOSURE_CHANGE id=FIL-004 applied=PASS target=trunk.avgol timeboxId=T6
10:56:15.738 ℹ️ [DISCLOSURE] id=FIL-004 from=PRIVATE to=PUBLIC_SUMMARY reason=lifecycle_default result=PASS
[DISCLOSURE] id=FIL-004 from=PRIVATE to=PUBLIC_SUMMARY reason=lifecycle_default result=PASS
10:56:15.739 ℹ️ [DISCLOSURE] persist backend=localStorage stored=6 result=PASS
[DISCLOSURE] persist backend=localStorage stored=6 result=PASS
10:56:15.739 ℹ️ [TIMEBOX] event type=DISCLOSURE_CHANGE id=FIL-005 applied=PASS target=trunk.avgol timeboxId=T6
[TIMEBOX] event type=DISCLOSURE_CHANGE id=FIL-005 applied=PASS target=trunk.avgol timeboxId=T6
10:56:15.739 ℹ️ [DISCLOSURE] id=FIL-005 from=PRIVATE to=PUBLIC_SUMMARY reason=lifecycle_default result=PASS
[DISCLOSURE] id=FIL-005 from=PRIVATE to=PUBLIC_SUMMARY reason=lifecycle_default result=PASS
10:56:15.739 ℹ️ [DISCLOSURE] persist backend=localStorage stored=6 result=PASS
[DISCLOSURE] persist backend=localStorage stored=6 result=PASS
10:56:15.740 ℹ️ [TIMEBOX] event type=DISCLOSURE_CHANGE id=FIL-006 applied=PASS target=trunk.avgol timeboxId=T6
[TIMEBOX] event type=DISCLOSURE_CHANGE id=FIL-006 applied=PASS target=trunk.avgol timeboxId=T6
10:56:15.740 ℹ️ [DISCLOSURE] id=FIL-006 from=PRIVATE to=WITNESSED reason=lifecycle_default result=PASS
[DISCLOSURE] id=FIL-006 from=PRIVATE to=WITNESSED reason=lifecycle_default result=PASS
10:56:15.740 ℹ️ [DISCLOSURE] persist backend=localStorage stored=6 result=PASS
[DISCLOSURE] persist backend=localStorage stored=6 result=PASS
[GroupMarkerNotSet(crbug.com/242999)!:A0302300C40D0000]Automatic fallback to software WebGL has been deprecated. Please use the --enable-unsafe-swiftshader (about:flags#enable-unsafe-swiftshader) flag to opt in to lower security guarantees for trusted content.
[.WebGL-0x6f0c02732a00]GL Driver Message (OpenGL, Performance, GL_CLOSE_PATH_NV, High): GPU stall due to ReadPixels
[.WebGL-0x6f0c02732a00]GL Driver Message (OpenGL, Performance, GL_CLOSE_PATH_NV, High): GPU stall due to ReadPixels
[BoundaryRenderer] ✅ ISR: Loaded 1/1 features
10:56:16.256 ℹ️ [B2-PROOF] threeWayMatch mismatch matchId=3WM-001 poLineId=POL-001 grLineId=GRL-001 invLineId=IL-001 status=MATCH qtyVar=0 priceVar=0
10:56:16.257 ℹ️ [B2-PROOF] threeWayMatch mismatch matchId=3WM-002 poLineId=POL-002 grLineId=GRL-002 invLineId=IL-002 status=MATCH qtyVar=0 priceVar=0
10:56:16.257 ℹ️ [B2-PROOF] threeWayMatch mismatch matchId=3WM-003 poLineId=POL-003 grLineId=GRL-003 invLineId=IL-003 status=PRICE_EXCEPTION qtyVar=0 priceVar=50
10:56:16.257 ℹ️ [B2-PROOF] threeWayMatch mismatch matchId=3WM-004 poLineId=POL-004 grLineId=GRL-004 invLineId=IL-004 status=PRICE_EXCEPTION qtyVar=0 priceVar=0.5
10:56:16.257 ℹ️ [B2-PROOF] threeWayMatch mismatch matchId=3WM-005 poLineId=POL-005 grLineId=GRL-005 invLineId=IL-005 status=QTY_EXCEPTION qtyVar=2 priceVar=2
10:56:16.258 ℹ️ [B2-PROOF] threeWayMatch mismatch matchId=3WM-006 poLineId=POL-006 grLineId= invLineId= status=UNMATCHED qtyVar=N/A priceVar=N/A
10:56:16.258 ℹ️ [B2-PROOF] threeWayMatch unmatched invoice matchId=3WM-007 invLineId=IL-006 (no PO link)
10:56:16.258 ℹ️ [B2-PROOF] buildMatches complete: 15 match rows, 9 exceptions/unmatched, rebuilt=P2P.ThreeWayMatch,P2P.InvoiceToGLMatch,P2P.InvoiceToPaymentMatch
10:56:16.259 ℹ️ [B3-PROOF] buildSummaryData: 3 summary sheets, 35 formula cells (zero JS aggregation)
10:56:16.260 ℹ️ [MODULE] P2P loaded: 13 sheets (7 fact + 3 match + 3 summary), 127 columns
10:56:16.260 ℹ️ [MODULE]   FC1: P2P.RequisitionLines (12 cols)
10:56:16.260 ℹ️ [MODULE]   FC2: P2P.POLines (13 cols)
10:56:16.260 ℹ️ [MODULE]   FC3: P2P.GRLines (10 cols)
10:56:16.260 ℹ️ [MODULE]   FC4: P2P.InvoiceLines (16 cols)
10:56:16.261 ℹ️ [MODULE]   FC5: P2P.PaymentLines (14 cols)
10:56:16.261 ℹ️ [MODULE]   FC7: P2P.BankStatementLines (7 cols)
10:56:16.261 ℹ️ [MODULE]   FC6: P2P.GLPostingLines (11 cols)
10:56:16.261 ℹ️ [MODULE]   MC1: P2P.ThreeWayMatch (14 cols, 7 match rows)
10:56:16.261 ℹ️ [MODULE]   MC2: P2P.InvoiceToGLMatch (10 cols, 4 match rows)
10:56:16.262 ℹ️ [MODULE]   MC3: P2P.InvoiceToPaymentMatch (11 cols, 4 match rows)
10:56:16.262 ℹ️ [MODULE]   SC1: P2P.AP_Aging (2 cols, 13 formula rows)
10:56:16.262 ℹ️ [MODULE]   SC2: P2P.MatchRateSummary (2 cols, 7 formula rows)
10:56:16.262 ℹ️ [MODULE]   SC3: P2P.SpendByCategory (5 cols, 5 formula rows)
10:56:16.263 ℹ️ [MODULE] KPI bindings: 3 metrics → branch.p2p
10:56:16.263 ℹ️ [MODULE]   matchRate: P2P.MatchRateSummary!B8 (%)
10:56:16.263 ℹ️ [MODULE]   dpo: P2P.AP_Aging!B13 (days)
10:56:16.263 ℹ️ [MODULE]   outstanding: P2P.AP_Aging!B4 (USD)
10:56:16.264 ℹ️ [MODULE] P2P merged into tree: +27 nodes, +27 edges
10:56:16.264 ℹ️ [FLOW] moduleLoaded=P2P result=PASS
[.WebGL-0x6f0c02732a00]GL Driver Message (OpenGL, Performance, GL_CLOSE_PATH_NV, High): GPU stall due to ReadPixels
[BoundaryRenderer] ✅ USA: Loaded 1/1 features
10:56:16.383 ℹ️ [BOUNDARY] containsll suite=PASS polygons=1 multipolygons=1 holes=0
10:56:16.383 ℹ️ [BOUNDARY] containsll hole-suite=PASS probes=3
10:56:16.383 ℹ️ [BOUNDARY] restore result=PASS renderer=BoundaryRenderer containsLL=PASS ISR=1 USA=1
10:56:16.384 ℹ️ [GATE] G3 status=PASS evidence=runtime-boundary-selftest
10:56:16.384 ℹ️ [UX] boundaries=ACTIVE mode=READ_ONLY
10:56:16.384 ℹ️ [BOUNDARY] voting-scope mode=BOUNDARY_ENABLED reason=boundary-pass
[.WebGL-0x6f0c02732a00]GL Driver Message (OpenGL, Performance, GL_CLOSE_PATH_NV, High): GPU stall due to ReadPixels (this message will no longer repeat)
10:56:16.594 ℹ️ [B2-PROOF] threeWayMatch unmatched invoice matchId=3WM-001 invLineId=undefined (no PO link)
10:56:16.594 ℹ️ [B2-PROOF] threeWayMatch unmatched invoice matchId=3WM-002 invLineId=undefined (no PO link)
10:56:16.595 ℹ️ [B2-PROOF] threeWayMatch unmatched invoice matchId=3WM-003 invLineId=undefined (no PO link)
10:56:16.595 ℹ️ [B2-PROOF] threeWayMatch unmatched invoice matchId=3WM-004 invLineId=undefined (no PO link)
10:56:16.595 ℹ️ [B2-PROOF] threeWayMatch unmatched invoice matchId=3WM-005 invLineId=undefined (no PO link)
10:56:16.595 ℹ️ [B2-PROOF] threeWayMatch unmatched invoice matchId=3WM-006 invLineId=undefined (no PO link)
10:56:16.596 ℹ️ [B2-PROOF] buildMatches complete: 8 match rows, 8 exceptions/unmatched, rebuilt=P2P.ThreeWayMatch,P2P.InvoiceToGLMatch,P2P.InvoiceToPaymentMatch,MFG.WOIssueMatch
10:56:16.596 ℹ️ [B3-PROOF] buildSummaryData: 1 summary sheets, 4 formula cells (zero JS aggregation)
10:56:16.596 ℹ️ [MODULE] MFG loaded: 6 sheets (4 fact + 1 match + 1 summary), 29 columns
10:56:16.597 ℹ️ [MODULE]   FC1: MFG.WorkOrders (5 cols)
10:56:16.597 ℹ️ [MODULE]   FC2: MFG.MaterialIssues (5 cols)
10:56:16.597 ℹ️ [MODULE]   FC3: MFG.ScrapEvents (5 cols)
10:56:16.598 ℹ️ [MODULE]   FC4: MFG.QualityChecks (4 cols)
10:56:16.598 ℹ️ [MODULE]   MC1: MFG.WOIssueMatch (8 cols, 0 match rows)
10:56:16.598 ℹ️ [MODULE]   SC1: MFG.ProductionSummary (2 cols, 4 formula rows)
10:56:16.598 ℹ️ [MODULE] KPI bindings: 1 metrics → branch.mfg
10:56:16.599 ℹ️ [MODULE]   issueCoverage: MFG.ProductionSummary!B4 (%)
10:56:16.599 ℹ️ [MODULE] MFG merged into tree: +13 nodes, +13 edges
10:56:16.700 ℹ️ [BOUNDARY] manifestLoaded countries=27
[BoundaryRenderer] Loading USA from data/boundaries/countries/USA-ADM0.geojson
10:56:17.116 ℹ️ [ROUTE] loaded 12 routes from group "p2p" (module: P2P)
10:56:17.117 ℹ️ [ROUTE]   p2p.requisition → P2P.RequisitionLines (keys: reqId, reqLineId)
10:56:17.117 ℹ️ [ROUTE]   p2p.purchaseOrder → P2P.POLines (keys: poId, poLineId)
10:56:17.118 ℹ️ [ROUTE]   p2p.goodsReceipt → P2P.GRLines (keys: grId, grLineId)
10:56:17.118 ℹ️ [ROUTE]   p2p.invoice → P2P.InvoiceLines (keys: invId, invLineId)
10:56:17.118 ℹ️ [ROUTE]   p2p.payment → P2P.PaymentLines (keys: paymentId, payLineId)
10:56:17.118 ℹ️ [ROUTE]   p2p.pr → P2P.RequisitionLines (keys: reqId, reqLineId)
10:56:17.119 ℹ️ [ROUTE]   p2p.po → P2P.POLines (keys: poId, poLineId)
10:56:17.119 ℹ️ [ROUTE]   p2p.gr → P2P.GRLines (keys: grId, grLineId)
10:56:17.119 ℹ️ [ROUTE]   p2p.inv → P2P.InvoiceLines (keys: invId, invLineId)
10:56:17.119 ℹ️ [ROUTE]   p2p.pay → P2P.PaymentLines (keys: paymentId, payLineId)
10:56:17.120 ℹ️ [ROUTE]   p2p.bankStatement → P2P.BankStatementLines (keys: bankLineId)
10:56:17.120 ℹ️ [ROUTE]   p2p.glPosting → P2P.GLPostingLines (keys: glDocId, glLineId)
[BOUNDARY] reuse id=boundary-USA-0-6c62914d
10:56:17.362 ℹ️ [BOUNDARY] skipMissing country=CAN reason=not_in_manifest
10:56:17.363 ℹ️ [BOUNDARY] skipMissing country=MEX reason=not_in_manifest
[BoundaryRenderer] Loading BRA from data/boundaries/countries/BRA-ADM0.geojson
10:56:17.466 ℹ️ [ROUTE] loaded 4 routes from group "mfg" (module: MFG)
10:56:17.467 ℹ️ [ROUTE]   mfg.workOrder → MFG.WorkOrders (keys: workOrderId)
10:56:17.467 ℹ️ [ROUTE]   mfg.materialIssue → MFG.MaterialIssues (keys: issueId)
10:56:17.468 ℹ️ [ROUTE]   mfg.scrapEvent → MFG.ScrapEvents (keys: scrapId)
10:56:17.472 ℹ️ [ROUTE]   mfg.qualityCheck → MFG.QualityChecks (keys: qcId)
10:56:17.474 ℹ️ [D1-AGG] trunk=trunk.avgol metrics=4 hash=0x663fa7ee
10:56:17.475 ℹ️ [VOTE] restore backend=localStorage mode=demo loaded=0 result=PASS
[VOTE] restore backend=localStorage mode=demo loaded=0 result=PASS
10:56:17.477 ℹ️ ✅ Demo tree rendered: Avgol @ Tel Aviv
10:56:17.494 ℹ️ [F2] clearedEdges=0 clearedScars=0
10:56:17.495 ℹ️ 🧹 Filament renderer cleared
10:56:17.495 ℹ️ [PRES] launchTransform scale=0.25 uOffset=0 applied=PASS
10:56:17.496 ℹ️ [LAUNCH-FIX] visualHierarchy applied=PASS tilesAlpha=0.05 trunkCore=0.85
10:56:17.496 ℹ️ [LAUNCH-THEME] tokens loaded trunk=thinPillar tile=horizontalPlatform filament=rain
10:56:17.496 ℹ️ [GATE] launchVisibility semantics=UNCHANGED enuChecks=RAW
10:56:17.496 ℹ️ [LAUNCH] widthFloors trunk=20m branches=13/10/6 tiles=120x70m rule=uniform
10:56:17.497 ℹ️ [PRES] trunkStyle applied=PASS mode=core+shell coreR=10 shellR=16
10:56:17.497 ℹ️ [PRES] branchStyle applied=PASS ribMode=ON ribScale=0.3 emissive=ON alpha=0.30
10:56:17.497 ℹ️ [SHEET-PLATFORM] layout=LANDSCAPE w=120 h=70 cols=12 rows=6 header=ON
10:56:17.498 ℹ️ [PRES] sheetPlatform grid=PASS majorLines=16 mode=overview normal=UP horizontal=ON landscape=120x70
10:56:17.498 ℹ️ [PRES] tileFloatMode=PASS supportFilaments=ON fillAlpha=0.05 borderAlpha=1.0
10:56:17.498 ℹ️ [PRES] filamentRain enabled=PASS density=5
10:56:17.499 ℹ️ [PRES] rootGlow enabled=PASS radius=80 alpha=0.10
10:56:17.499 ℹ️ [BUILD] renderer=filament VIS-RADIAL-CANOPY-1
10:56:17.499 ℹ️ 🌲 Rendering tree: 72 nodes, 66 edges
10:56:17.499 ℹ️ [THICKNESS] cell=1.00m spine=3.00m branch=24.00m trunk=30.00m root=12.00m
10:56:17.500 ℹ️ [CANOPY] launchTemplateOverride=PASS
10:56:17.501 ℹ️ [GATE 4] Anchor marker rendered at (34.7818, 32.0853) - independent of buildings/terrain
10:56:17.501 ℹ️ [Phase 2.3] Root continuation: 1000m below anchor (aligned to ENU Up/Down)
10:56:17.503 ℹ️ [FilamentRenderer] ⏰ Timeboxes: 6 on trunk trunk.avgol
10:56:17.504 ℹ️ [PRES] tether rendered=PASS
10:56:17.505 ℹ️ [PRES] buildingAnchorProxy rendered=PASS reason=buildings-degraded
10:56:17.506 ℹ️ [GATE 4] Anchor marker rendered at (34.7818, 32.0853) - independent of buildings/terrain
10:56:17.506 ℹ️ [Phase 2.3] Root continuation: 1000m below anchor (aligned to ENU Up/Down)
10:56:17.506 ℹ️ [GATE 4] Anchor marker rendered at (34.7818, 32.0853) - independent of buildings/terrain
10:56:17.507 ℹ️ [Phase 2.3] Root continuation: 1000m below anchor (aligned to ENU Up/Down)
10:56:17.507 ℹ️ [GATE 4] Anchor marker rendered at (34.7818, 32.0853) - independent of buildings/terrain
10:56:17.508 ℹ️ [Phase 2.3] Root continuation: 1000m below anchor (aligned to ENU Up/Down)
10:56:17.508 ℹ️ [GATE 4] Anchor marker rendered at (34.7818, 32.0853) - independent of buildings/terrain
10:56:17.508 ℹ️ [Phase 2.3] Root continuation: 1000m below anchor (aligned to ENU Up/Down)
10:56:17.509 ℹ️ [GATE 4] Anchor marker rendered at (34.7818, 32.0853) - independent of buildings/terrain
10:56:17.509 ℹ️ [Phase 2.3] Root continuation: 1000m below anchor (aligned to ENU Up/Down)
10:56:17.510 ℹ️ [VIS] voteFilter LOD=COMPANY override=ALL
10:56:17.511 ℹ️ [FilamentRenderer] ⏰ Timeboxes: 5 on branch branch.operations
10:56:17.512 ℹ️ [FilamentRenderer] ⏰ Timeboxes: 4 on branch branch.finance
10:56:17.513 ℹ️ [FilamentRenderer] ⏰ Timeboxes: 5 on branch branch.supplychain
10:56:17.513 ℹ️ [FilamentRenderer] ⏰ Timeboxes: 5 on branch branch.quality
10:56:17.514 ℹ️ [FilamentRenderer] ⏰ Timeboxes: 4 on branch branch.maintenance
10:56:17.514 ℹ️ [FilamentRenderer] ⏰ Timeboxes: 5 on branch branch.it
10:56:17.515 ℹ️ [GATE 2] Branch branch.p2p:
10:56:17.515 ℹ️   ENU Start: (E=0, N=192, U=2000)
10:56:17.516 ℹ️   ENU End: (E=800, N=192, U=2000)
10:56:17.516 ℹ️   Branch Length: 800.0m
10:56:17.516 ℹ️ [FilamentRenderer] ⏰ Timeboxes: 1 on branch branch.p2p
10:56:17.517 ℹ️ [GATE 2] Branch branch.p2p.fc1:
10:56:17.517 ℹ️   ENU Start: (E=0, N=224, U=2000)
10:56:17.517 ℹ️   ENU End: (E=800, N=224, U=2000)
10:56:17.517 ℹ️   Branch Length: 800.0m
10:56:17.518 ℹ️ [FilamentRenderer] ⏰ Timeboxes: 1 on branch branch.p2p.fc1
10:56:17.518 ℹ️ [GATE 2] Branch branch.p2p.fc2:
10:56:17.518 ℹ️   ENU Start: (E=0, N=256, U=2000)
10:56:17.518 ℹ️   ENU End: (E=800, N=256, U=2000)
10:56:17.519 ℹ️   Branch Length: 800.0m
10:56:17.519 ℹ️ [FilamentRenderer] ⏰ Timeboxes: 1 on branch branch.p2p.fc2
10:56:17.519 ℹ️ [GATE 2] Branch branch.p2p.fc3:
10:56:17.520 ℹ️   ENU Start: (E=0, N=288, U=2000)
10:56:17.520 ℹ️   ENU End: (E=800, N=288, U=2000)
10:56:17.521 ℹ️   Branch Length: 800.0m
10:56:17.522 ℹ️ [FilamentRenderer] ⏰ Timeboxes: 1 on branch branch.p2p.fc3
10:56:17.522 ℹ️ [GATE 2] Branch branch.p2p.fc4:
10:56:17.523 ℹ️   ENU Start: (E=0, N=320, U=2000)
10:56:17.524 ℹ️   ENU End: (E=800, N=320, U=2000)
10:56:17.524 ℹ️   Branch Length: 800.0m
10:56:17.525 ℹ️ [FilamentRenderer] ⏰ Timeboxes: 1 on branch branch.p2p.fc4
10:56:17.525 ℹ️ [GATE 2] Branch branch.p2p.fc5:
10:56:17.526 ℹ️   ENU Start: (E=0, N=352, U=2000)
10:56:17.526 ℹ️   ENU End: (E=800, N=352, U=2000)
10:56:17.526 ℹ️   Branch Length: 800.0m
10:56:17.527 ℹ️ [FilamentRenderer] ⏰ Timeboxes: 1 on branch branch.p2p.fc5
10:56:17.527 ℹ️ [GATE 2] Branch branch.p2p.fc7:
10:56:17.527 ℹ️   ENU Start: (E=0, N=384, U=2000)
10:56:17.527 ℹ️   ENU End: (E=800, N=384, U=2000)
10:56:17.528 ℹ️   Branch Length: 800.0m
10:56:17.528 ℹ️ [FilamentRenderer] ⏰ Timeboxes: 1 on branch branch.p2p.fc7
10:56:17.528 ℹ️ [GATE 2] Branch branch.p2p.fc6:
10:56:17.529 ℹ️   ENU Start: (E=0, N=416, U=2000)
10:56:17.529 ℹ️   ENU End: (E=800, N=416, U=2000)
10:56:17.529 ℹ️   Branch Length: 800.0m
10:56:17.530 ℹ️ [FilamentRenderer] ⏰ Timeboxes: 1 on branch branch.p2p.fc6
10:56:17.530 ℹ️ [GATE 2] Branch branch.p2p.mc1:
10:56:17.530 ℹ️   ENU Start: (E=0, N=448, U=2000)
10:56:17.530 ℹ️   ENU End: (E=800, N=448, U=2000)
10:56:17.531 ℹ️   Branch Length: 800.0m
10:56:17.531 ℹ️ [FilamentRenderer] ⏰ Timeboxes: 1 on branch branch.p2p.mc1
10:56:17.531 ℹ️ [GATE 2] Branch branch.p2p.mc2:
10:56:17.532 ℹ️   ENU Start: (E=0, N=480, U=2000)
10:56:17.532 ℹ️   ENU End: (E=800, N=480, U=2000)
10:56:17.532 ℹ️   Branch Length: 800.0m
10:56:17.532 ℹ️ [FilamentRenderer] ⏰ Timeboxes: 1 on branch branch.p2p.mc2
10:56:17.533 ℹ️ [GATE 2] Branch branch.p2p.mc3:
10:56:17.533 ℹ️   ENU Start: (E=0, N=512, U=2000)
10:56:17.533 ℹ️   ENU End: (E=800, N=512, U=2000)
10:56:17.533 ℹ️   Branch Length: 800.0m
10:56:17.534 ℹ️ [FilamentRenderer] ⏰ Timeboxes: 1 on branch branch.p2p.mc3
10:56:17.534 ℹ️ [GATE 2] Branch branch.p2p.sc1:
10:56:17.534 ℹ️   ENU Start: (E=0, N=544, U=2000)
10:56:17.535 ℹ️   ENU End: (E=800, N=544, U=2000)
10:56:17.535 ℹ️   Branch Length: 800.0m
10:56:17.535 ℹ️ [FilamentRenderer] ⏰ Timeboxes: 1 on branch branch.p2p.sc1
10:56:17.535 ℹ️ [GATE 2] Branch branch.p2p.sc2:
10:56:17.536 ℹ️   ENU Start: (E=0, N=576, U=2000)
10:56:17.536 ℹ️   ENU End: (E=800, N=576, U=2000)
10:56:17.536 ℹ️   Branch Length: 800.0m
10:56:17.537 ℹ️ [FilamentRenderer] ⏰ Timeboxes: 1 on branch branch.p2p.sc2
10:56:17.537 ℹ️ [GATE 2] Branch branch.p2p.sc3:
10:56:17.537 ℹ️   ENU Start: (E=0, N=608, U=2000)
10:56:17.537 ℹ️   ENU End: (E=800, N=608, U=2000)
10:56:17.538 ℹ️   Branch Length: 800.0m
10:56:17.538 ℹ️ [FilamentRenderer] ⏰ Timeboxes: 1 on branch branch.p2p.sc3
10:56:17.538 ℹ️ [GATE 2] Branch branch.mfg:
10:56:17.539 ℹ️   ENU Start: (E=0, N=640, U=2000)
10:56:17.539 ℹ️   ENU End: (E=800, N=640, U=2000)
10:56:17.539 ℹ️   Branch Length: 800.0m
10:56:17.539 ℹ️ [FilamentRenderer] ⏰ Timeboxes: 1 on branch branch.mfg
10:56:17.540 ℹ️ [GATE 2] Branch branch.mfg.fc1:
10:56:17.540 ℹ️   ENU Start: (E=0, N=672, U=2000)
10:56:17.540 ℹ️   ENU End: (E=800, N=672, U=2000)
10:56:17.541 ℹ️   Branch Length: 800.0m
10:56:17.541 ℹ️ [FilamentRenderer] ⏰ Timeboxes: 1 on branch branch.mfg.fc1
10:56:17.541 ℹ️ [GATE 2] Branch branch.mfg.fc2:
10:56:17.541 ℹ️   ENU Start: (E=0, N=704, U=2000)
10:56:17.542 ℹ️   ENU End: (E=800, N=704, U=2000)
10:56:17.542 ℹ️   Branch Length: 800.0m
10:56:17.542 ℹ️ [FilamentRenderer] ⏰ Timeboxes: 1 on branch branch.mfg.fc2
10:56:17.543 ℹ️ [GATE 2] Branch branch.mfg.fc3:
10:56:17.543 ℹ️   ENU Start: (E=0, N=736, U=2000)
10:56:17.543 ℹ️   ENU End: (E=800, N=736, U=2000)
10:56:17.543 ℹ️   Branch Length: 800.0m
10:56:17.544 ℹ️ [FilamentRenderer] ⏰ Timeboxes: 1 on branch branch.mfg.fc3
10:56:17.544 ℹ️ [GATE 2] Branch branch.mfg.fc4:
10:56:17.544 ℹ️   ENU Start: (E=0, N=768, U=2000)
10:56:17.545 ℹ️   ENU End: (E=800, N=768, U=2000)
10:56:17.545 ℹ️   Branch Length: 800.0m
10:56:17.545 ℹ️ [FilamentRenderer] ⏰ Timeboxes: 1 on branch branch.mfg.fc4
10:56:17.546 ℹ️ [GATE 2] Branch branch.mfg.mc1:
10:56:17.546 ℹ️   ENU Start: (E=0, N=800, U=2000)
10:56:17.546 ℹ️   ENU End: (E=800, N=800, U=2000)
10:56:17.546 ℹ️   Branch Length: 800.0m
10:56:17.547 ℹ️ [FilamentRenderer] ⏰ Timeboxes: 1 on branch branch.mfg.mc1
10:56:17.547 ℹ️ [GATE 2] Branch branch.mfg.sc1:
10:56:17.547 ℹ️   ENU Start: (E=0, N=832, U=2000)
10:56:17.547 ℹ️   ENU End: (E=800, N=832, U=2000)
10:56:17.548 ℹ️   Branch Length: 800.0m
10:56:17.548 ℹ️ [FilamentRenderer] ⏰ Timeboxes: 1 on branch branch.mfg.sc1
10:56:17.549 ℹ️ [PRES] junctions rendered=PASS count=8
10:56:17.549 ℹ️ [VIS2] expandedSheetsAllowed=false scope=world
10:56:17.549 ℹ️ [VIS2] suppressSheetDetail=true expandedSheetsAllowed=false selectedSheet=none lod=COMPANY
10:56:17.550 ℹ️ [RING] applied=PASS nodes=14 scope=company lod=COMPANY
10:56:17.550 ℹ️ [RING] mapping thickness=pressure pulse=voteEnergy color=stateQuality
10:56:17.551 ℹ️ [VIS] basinRings anchor=trunk.avgol companies=6 mode=rings
10:56:17.552 ℹ️ [FILAMENT] bandSnap id=FIL-001 timeboxId=FIN-T4 deltaM=0 result=PASS
[FILAMENT] bandSnap id=FIL-001 timeboxId=FIN-T4 deltaM=0 result=PASS
10:56:17.552 ℹ️ [FILAMENT] bandSnap id=FIL-002 timeboxId=FIN-T3 deltaM=0 result=PASS
[FILAMENT] bandSnap id=FIL-002 timeboxId=FIN-T3 deltaM=0 result=PASS
10:56:17.552 ℹ️ [FILAMENT] bandSnap id=FIL-003 timeboxId=FIN-T1 deltaM=0 result=PASS
[FILAMENT] bandSnap id=FIL-003 timeboxId=FIN-T1 deltaM=0 result=PASS
10:56:17.553 ℹ️ [FILAMENT] bandSnap id=FIL-004 timeboxId=MNT-T0 deltaM=0 result=PASS
[FILAMENT] bandSnap id=FIL-004 timeboxId=MNT-T0 deltaM=0 result=PASS
10:56:17.553 ℹ️ [FILAMENT] bandSnap id=FIL-006 timeboxId=MNT-T1 deltaM=0 result=PASS
[FILAMENT] bandSnap id=FIL-006 timeboxId=MNT-T1 deltaM=0 result=PASS
10:56:17.553 ℹ️ [FILAMENT] bandSnap source=vis4Registry
[FILAMENT] bandSnap source=vis4Registry
10:56:17.554 ℹ️ [DISCLOSURE] markersRendered count=5 tiers={PRIVATE:2,WITNESSED:2,PUBLIC_SUMMARY:1,FULL_PUBLIC:0}
[DISCLOSURE] markersRendered count=5 tiers={PRIVATE:2,WITNESSED:2,PUBLIC_SUMMARY:1,FULL_PUBLIC:0}
10:56:17.554 ℹ️ [VIS2] deptSpinesRendered count=8
10:56:17.554 ℹ️ [S1] SheetsRendered=0 Expected=0
10:56:17.555 ℹ️ [VIS2] companyCollapsed result=PASS sheetsRendered=0 lod=COMPANY scope=world expandedSheetsAllowed=false
10:56:17.555 ℹ️ [SHEET-META] set sheet=sheet.packaging center=ok axes=ok normal=ok dims=400x144 cells=10x6 src=tile
10:56:17.556 ℹ️ [SHEET-META] set sheet=sheet.mfg.materialIssues center=ok axes=ok normal=ok dims=400x144 cells=6x10 src=tile
10:56:17.557 ℹ️ [SHEET-META] set sheet=sheet.fin.apAging center=ok axes=ok normal=ok dims=400x144 cells=8x10 src=tile
10:56:17.557 ℹ️ [SHEET-META] set sheet=sheet.fin.cashForecast center=ok axes=ok normal=ok dims=400x144 cells=6x8 src=tile
10:56:17.558 ℹ️ [SHEET-META] set sheet=sheet.ops.productionSummary center=ok axes=ok normal=ok dims=400x144 cells=6x8 src=tile
10:56:17.558 ℹ️ [SHEET-META] set sheet=sheet.ops.shiftReport center=ok axes=ok normal=ok dims=400x144 cells=6x8 src=tile
10:56:17.559 ℹ️ [SHEET-META] set sheet=sheet.fin.budgetVariance center=ok axes=ok normal=ok dims=400x144 cells=6x6 src=tile
10:56:17.559 ℹ️ [SHEET-META] set sheet=sheet.scm.inventoryLevels center=ok axes=ok normal=ok dims=400x144 cells=8x6 src=tile
10:56:17.559 ℹ️ [SHEET-META] set sheet=sheet.qa.auditFindings center=ok axes=ok normal=ok dims=400x144 cells=8x8 src=tile
10:56:17.560 ℹ️ [SHEET-META] set sheet=sheet.qa.ncTracking center=ok axes=ok normal=ok dims=400x144 cells=6x8 src=tile
10:56:17.560 ℹ️ [SHEET-META] set sheet=sheet.qa.spcCharts center=ok axes=ok normal=ok dims=400x144 cells=6x6 src=tile
10:56:17.560 ℹ️ [SHEET-META] set sheet=sheet.mnt.workOrders center=ok axes=ok normal=ok dims=400x144 cells=8x8 src=tile
10:56:17.561 ℹ️ [SHEET-META] set sheet=sheet.mnt.assetRegistry center=ok axes=ok normal=ok dims=400x144 cells=6x8 src=tile
10:56:17.561 ℹ️ [SHEET-META] set sheet=sheet.mnt.sparePartsInventory center=ok axes=ok normal=ok dims=400x144 cells=6x6 src=tile
10:56:17.561 ℹ️ [SHEET-META] set sheet=sheet.it.systemUptime center=ok axes=ok normal=ok dims=400x144 cells=6x8 src=tile
10:56:17.562 ℹ️ [SHEET-META] set sheet=sheet.it.changeRequests center=ok axes=ok normal=ok dims=400x144 cells=8x8 src=tile
10:56:17.562 ℹ️ [SHEET-META] set sheet=sheet.it.projectTracker center=ok axes=ok normal=ok dims=400x144 cells=8x8 src=tile
10:56:17.563 ℹ️ [SHEET-META] set sheet=sheet.it.securityDashboard center=ok axes=ok normal=ok dims=400x144 cells=6x6 src=tile
10:56:17.563 ℹ️ [SHEET-META] set sheet=sheet.scm.inboundRequests center=ok axes=ok normal=ok dims=400x144 cells=8x10 src=tile
10:56:17.563 ℹ️ [SHEET-META] set sheet=sheet.scm.supplierScorecard center=ok axes=ok normal=ok dims=400x144 cells=6x8 src=tile
10:56:17.564 ℹ️ [SHEET-META] set sheet=P2P.RequisitionLines center=ok axes=ok normal=ok dims=400x144 cells=7x12 src=tile
10:56:17.564 ℹ️ [SHEET-META] set sheet=P2P.POLines center=ok axes=ok normal=ok dims=400x144 cells=7x13 src=tile
10:56:17.564 ℹ️ [SHEET-META] set sheet=P2P.GRLines center=ok axes=ok normal=ok dims=400x144 cells=6x10 src=tile
10:56:17.565 ℹ️ [SHEET-META] set sheet=P2P.InvoiceLines center=ok axes=ok normal=ok dims=400x144 cells=7x16 src=tile
10:56:17.565 ℹ️ [SHEET-META] set sheet=P2P.PaymentLines center=ok axes=ok normal=ok dims=400x144 cells=5x14 src=tile
10:56:17.566 ℹ️ [SHEET-META] set sheet=P2P.BankStatementLines center=ok axes=ok normal=ok dims=400x144 cells=1x7 src=tile
10:56:17.566 ℹ️ [SHEET-META] set sheet=P2P.GLPostingLines center=ok axes=ok normal=ok dims=400x144 cells=9x11 src=tile
10:56:17.567 ℹ️ [SHEET-META] set sheet=P2P.ThreeWayMatch center=ok axes=ok normal=ok dims=400x144 cells=8x14 src=tile
10:56:17.567 ℹ️ [SHEET-META] set sheet=P2P.InvoiceToGLMatch center=ok axes=ok normal=ok dims=400x144 cells=5x10 src=tile
10:56:17.567 ℹ️ [SHEET-META] set sheet=P2P.InvoiceToPaymentMatch center=ok axes=ok normal=ok dims=400x144 cells=5x11 src=tile
10:56:17.568 ℹ️ [SHEET-META] set sheet=P2P.AP_Aging center=ok axes=ok normal=ok dims=400x144 cells=14x2 src=tile
10:56:17.568 ℹ️ [SHEET-META] set sheet=P2P.MatchRateSummary center=ok axes=ok normal=ok dims=400x144 cells=8x2 src=tile
10:56:17.568 ℹ️ [SHEET-META] set sheet=P2P.SpendByCategory center=ok axes=ok normal=ok dims=400x144 cells=6x5 src=tile
10:56:17.569 ℹ️ [SHEET-META] set sheet=MFG.WorkOrders center=ok axes=ok normal=ok dims=400x144 cells=1x5 src=tile
10:56:17.569 ℹ️ [SHEET-META] set sheet=MFG.MaterialIssues center=ok axes=ok normal=ok dims=400x144 cells=1x5 src=tile
10:56:17.569 ℹ️ [SHEET-META] set sheet=MFG.ScrapEvents center=ok axes=ok normal=ok dims=400x144 cells=1x5 src=tile
10:56:17.570 ℹ️ [SHEET-META] set sheet=MFG.QualityChecks center=ok axes=ok normal=ok dims=400x144 cells=1x4 src=tile
10:56:17.570 ℹ️ [SHEET-META] set sheet=MFG.WOIssueMatch center=ok axes=ok normal=ok dims=400x144 cells=1x8 src=tile
10:56:17.570 ℹ️ [SHEET-META] set sheet=MFG.ProductionSummary center=ok axes=ok normal=ok dims=400x144 cells=5x2 src=tile
10:56:17.571 ℹ️ [VIS2] sheetTilesRendered count=39
10:56:17.571 ℹ️ [CANOPY] proxyCache preRender=PASS size=39
10:56:17.571 ℹ️ [CANOPY] proxyCache populated=PASS size=39
10:56:17.572 ℹ️ [SHEET-PLATFORM] rendered count=39 mode=overview normal=UP
10:56:17.572 ℹ️ [SHEET-PLATFORM] proxyCache updated=PASS sheets=39
10:56:17.572 ℹ️ [TEMPLATE] deptCount=27 sheetsTarget=39 applied=PASS
10:56:17.572 ℹ️ [TEMPLATE] sheetPlacement applied=PASS sheets=39 collisions=0
10:56:17.573 ℹ️ [TEMPLATE] fanLayout applied=PASS perDept=multi fanned=6
10:56:17.573 ℹ️ [CANOPY] placement function=computeCanopyPlacement version=1
10:56:17.573 ℹ️ [CANOPY] radialLayout applied=PASS depts=6 tiers=3 radii=220,280,340
10:56:17.573 ℹ️ [CANOPY] curvature applied=PASS
10:56:17.574 ℹ️ [CANOPY] gridLOD overview=MAJOR faceSheet=FULL
10:56:17.574 ℹ️ [CANOPY] labels policy=PASS overview=DEPTS_ONLY hover=LOCAL
10:56:17.574 ℹ️ [VIS2] exitSheet collapsed=PASS expanded=0 tiles=39
10:56:17.575 ℹ️ [VIS3] flowOverlay result=PASS edges=66 exceptions=11 scope=world lod=COMPANY
10:56:17.575 ℹ️ [VIS3] trafficBarsRendered count=8
10:56:17.576 ℹ️ [VIS3] gate-summary result=PASS
10:56:17.576 ℹ️ [TIMEBOX] input source=demoTimeboxes
10:56:17.578 ℹ️ [VIS4c] labelsRendered count=36 scope=company
10:56:17.578 ℹ️ [VIS4] slabsRendered scope=company objects=9 slabs=36 capped=false
10:56:17.578 ℹ️ [VIS4] companySlabs result=PASS deptBranches=8 trunkSlabs=6
10:56:17.579 ℹ️ [VIS4] gate-summary result=PASS
10:56:17.579 ℹ️ ✅ Tree rendered:
10:56:17.579 ℹ️   Primitives: 125 (trunk=6, branches=27, cell-filaments=0, spines=0, lane-polylines=0, lane-volumes=0, sheet-tiles=39, dept-spines=8, flow-bars=9, ex-overlays=0, route-highlights=0, slabs=36, vis6-pulses=0, presence-markers=0)
10:56:17.579 ℹ️   Entities: 97 (labels=6, cell-points=0, timebox-labels=91)
10:56:17.580 ℹ️ [LOD-BUDGET] frame sheetsDetailed=0 totalMarkers=0 totalPrims=125 totalEntities=97
10:56:17.580 ℹ️ [TOPOLOGY] sheetNormalCheck mode=skip reason=launch expandedSheetsAllowed=false suppressSheetDetail=true canopy=true
10:56:17.581 ℹ️ [FilamentRenderer] ✅ Turgor force animation started
10:56:18.624 ℹ️ [GLOBE] worldTrunks synced added=5 total=6
10:56:18.625 ℹ️ [GLOBE] datasetLoad anchors=6
10:56:18.626 ℹ️ [UX] multiCountrySmoke=PASS anchors=6
10:56:18.626 ℹ️ [LAUNCH-FIX] cameraFrame target=trunk.avgol result=PASS distM=750 horzM=1000 heading=355 pitch=-28 applied=PASS
10:56:18.627 ℹ️ 📷 Camera presets: Press 1=SheetTopDown, 2=SideProfile, 3=SheetFaceOn, 4=SpreadsheetProof, 5=SpineInspection
10:56:18.628 ℹ️ 🔒 LOD Lock: Press L to lock/unlock LOD at current level
10:56:18.628 ℹ️ 🎮 Free-fly pointer lock: Press ` (backquote) to toggle
10:56:18.630 ℹ️ [HUD] mode=FreeFly layer1=6 layer2=0
10:56:18.634 ℹ️ [HUD] consolidated rootCount=1 duplicates=0
10:56:18.637 ℹ️ [HUD] tier1 rows=6
10:56:18.637 ℹ️ [HUD] tier2 default=collapsed
10:56:18.638 ℹ️ [PRES] billboard=ON reason=launch-default
10:56:18.638 ℹ️ [UX] debugLogs=false (launch mode)
10:56:18.639 ℹ️ [LAUNCH-FIX] uiGating launch=true hiddenPanels=artifacts,ux3,p2p,topicLane,vote,workMode,logConsole applied=PASS
10:56:18.644 ℹ️ [LAUNCH-FIX] hud tier1=ON tier2=OFF default=collapsed
10:56:18.644 ℹ️ [LAUNCH-FIX] helpOverlay shown=true dismissed=false source=first
[BUILD] 2026-02-09T12:30Z ux-1.1-universal-object-contract
10:56:18.645 ℹ️ [UX-1.1-PROOF] type=trunk id=trunk.avgol scope=root actions=focusView,showKPIs,showTimeboxes,showBranches,cycleClusterLevel,focusNextRegion,loadGlobalCore
10:56:18.645 ℹ️ [UX-1.1-PROOF] type=branch id=branch.operations scope=trunk.avgol actions=focusView,showKPIs,showTimeboxes,showPressureSources,cycleClusterLevel,focusNextRegion,loadGlobalCore
10:56:18.646 ℹ️ [UX-1.1-PROOF] type=sheet id=sheet.packaging scope=branch.operations actions=focusView,showSchema,addColumn,addValidation,addSummaryBinding
10:56:18.646 ℹ️ [UX-1.1-PROOF] type=cell id=sheet.packaging.cell.0.0 scope=branch.operations actions=edit,viewDependencies,viewHistory,createValidation,lockScope
10:56:18.646 ℹ️ [UX-1.1-PROOF] type=match id=3WM-001 scope=branch.p2p.mc1 actions=inspectSources,viewVariance,setTolerance,markResolved
10:56:18.646 ℹ️ [UX-1.1-PROOF] type=route id=p2p.requisition scope=branch.p2p.fc1 actions=previewMapping,ingestTestRecord,showProvenance,editFieldMap
10:56:18.646 ℹ️ [UX-1.1-PROOF] type=module id=P2P scope=trunk.avgol actions=showAllSheets,showRoutes,showKPIBindings,showRecomputationChain
10:56:18.646 ℹ️ [UX-1.1] Universal Object Contract: 7 types resolved
10:56:18.647 ℹ️ [CAM] basin-proximity target=branch.maintenance type=branch radiusM=6000.0 distanceM=1584.3 assist=BLOCKED_LAUNCH
10:56:18.648 ℹ️ [VIS] sheetSelect resolved sheet=MFG.MaterialIssues reason=default
[VIS] sheetSelect resolved sheet=MFG.MaterialIssues reason=default
10:56:18.648 ℹ️ [VIS] enter sheet=MFG.MaterialIssues scope=sheet-only
[VIS] enter sheet=MFG.MaterialIssues scope=sheet-only
10:56:18.649 ℹ️ [DOCK] enterSheet target=MFG.MaterialIssues mode=FaceOn result=PASS distM=1196
10:56:18.649 ℹ️ [CAM] Face-on: instant snap (duration=0 method=setView)
10:56:18.649 ℹ️ [LOD] apply level=CELL sheetsDetailed=1 lanes=1 markers=1
10:56:18.650 ℹ️ [DOCK] dist=105 align=-1.00 preview=true edit=false overlay=0.00
10:56:18.650 ℹ️ [REFUSAL] reason=AUTO_ANCHOR_BLOCKED action=proximity-dock target=MFG.MaterialIssues dist=105
10:56:18.731 ℹ️ [GATE 4] Anchor marker rendered at (-122.4194, 37.7749) - independent of buildings/terrain
10:56:18.732 ℹ️ [GATE 4] Anchor marker rendered at (-0.1276, 51.5072) - independent of buildings/terrain
10:56:18.732 ℹ️ [GATE 4] Anchor marker rendered at (77.2090, 28.6139) - independent of buildings/terrain
10:56:18.733 ℹ️ [GATE 4] Anchor marker rendered at (139.6917, 35.6895) - independent of buildings/terrain
10:56:18.733 ℹ️ [GATE 4] Anchor marker rendered at (-46.6333, -23.5505) - independent of buildings/terrain
10:56:18.736 ℹ️ [UX] debugLogs=false gateSpamSuppressed=true
10:56:18.739 ℹ️ [VIS2] expandedSheetsAllowed=true scope=sheet
10:56:18.739 ℹ️ [VIS2] suppressSheetDetail=false expandedSheetsAllowed=true selectedSheet=MFG.MaterialIssues lod=CELL
10:56:18.742 ℹ️ [VIS] sheetOnlyRender sheetsDetailed=1 selected=MFG.MaterialIssues hidden=38
10:56:18.747 ℹ️ [VIS2] sheetTilesRendered count=38
10:56:18.748 ℹ️ [VIS2] enterSheet expanded=1 tiles=38
10:56:18.748 ℹ️ [VIS3.2] sheetOverlay begin sheet=MFG.MaterialIssues scope=sheet
10:56:18.748 ℹ️ [VIS3.2] exceptionRows result=PASS sheet=MFG.MaterialIssues count=0
10:56:18.748 ℹ️ [VIS3.2] routeHighlights result=PASS sheet=MFG.MaterialIssues edges=0
10:56:18.748 ℹ️ [VIS3.2] budget exceptionOverlays=0 routeHighlights=0 capped=false
10:56:18.748 ℹ️ [VIS3.2] gate-summary result=PASS
10:56:18.748 ℹ️ [VIS4c] labelsRendered count=1 scope=sheet
10:56:18.748 ℹ️ [VIS4] slabsRendered scope=sheet objects=1 slabs=1 capped=false
10:56:18.748 ℹ️ [VIS4] sheetSlabs result=PASS sheet=MFG.MaterialIssues slabs=1
10:56:18.748 ℹ️ [VIS4] gate-summary result=PASS
10:56:18.748 ℹ️ [LOD-BUDGET] frame sheetsDetailed=1 totalMarkers=5 totalPrims=88 totalEntities=92
10:56:18.749 ℹ️ [CAM] dockFaceOn applied=PASS sheet=MFG.MaterialIssues
[2D] gridShown sheet=MFG.MaterialIssues rows=1 cols=5 populated=5 result=PASS
10:56:18.749 ℹ️ [LOD] apply level=COMPANY requestedSheetsDetailed=1 effectiveSheetsDetailed=1 lanes=1 markers=0 reason=explicitEnter distKm=13.3
[BoundaryRenderer] ✅ BRA: Loaded 1/1 features
[BoundaryRenderer] Loading ARG from data/boundaries/countries/ARG-ADM0.geojson
10:56:19.337 ℹ️ [VIS2] expandedSheetsAllowed=true scope=sheet
10:56:19.337 ℹ️ [VIS2] suppressSheetDetail=false expandedSheetsAllowed=true selectedSheet=MFG.MaterialIssues lod=COMPANY
10:56:19.338 ℹ️ [VIS] basinRings anchor=trunk.avgol companies=11 mode=cluster
10:56:19.338 ℹ️ [LOD] COMPANY markersOverride=false MarkerCells=0
10:56:19.343 ℹ️ [VIS2] sheetTilesRendered count=38
10:56:19.343 ℹ️ [VIS2] enterSheet expanded=1 tiles=38
10:56:19.343 ℹ️ [LOD-BUDGET] frame sheetsDetailed=1 totalMarkers=0 totalPrims=82 totalEntities=82
10:56:19.344 ℹ️ [HUD] paramsLoaded version=HUD-PARAMS-v0 policyRef=local:HUD-PARAMS-v0
[BoundaryRenderer] ✅ ARG: Loaded 1/1 features
[BoundaryRenderer] Loading GBR from data/boundaries/countries/GBR-ADM0.geojson
10:56:19.705 ℹ️ [DOCK] dist=14425 align=0.10 preview=false edit=false overlay=0.95
10:56:20.307 ℹ️ [VIS] exit sheet=MFG.MaterialIssues restoreView=true
[VIS] exit sheet=MFG.MaterialIssues restoreView=true
[2D] gridHidden reason=exitSheet result=PASS
10:56:20.307 ℹ️ [VIS] enter company=trunk.avgol
[VIS] enter company=trunk.avgol
10:56:20.308 ℹ️ [CAM] focusLock target=trunk.avgol scope=company result=PASS
10:56:20.308 ℹ️ [INPUT] owner=CAMERA mode=FreeFly reason=focusLock
10:56:20.308 ℹ️ [LOD] lock level=COMPANY reason=basinFocus
10:56:20.309 ℹ️ [HUD] votes summary=PASS passed=4 pending=2 rejected=0
[HUD] votes summary=PASS passed=4 pending=2 rejected=0
[BoundaryRenderer] ✅ GBR: Loaded 1/1 features
[BoundaryRenderer] Loading FRA from data/boundaries/countries/FRA-ADM0.geojson
10:56:20.338 ℹ️ [VIS2] expandedSheetsAllowed=false scope=company
10:56:20.338 ℹ️ [VIS2] suppressSheetDetail=true expandedSheetsAllowed=false selectedSheet=none lod=COMPANY
10:56:20.339 ℹ️ [VIS] basinRings anchor=trunk.avgol companies=11 mode=cluster
10:56:20.339 ℹ️ [VIS2] deptSpinesRendered count=8
10:56:20.339 ℹ️ [VIS2] companyCollapsed result=PASS sheetsRendered=0 lod=COMPANY scope=company expandedSheetsAllowed=false
10:56:20.342 ℹ️ [VIS2] sheetTilesRendered count=39
10:56:20.343 ℹ️ [VIS2] exitSheet collapsed=PASS expanded=0 tiles=39
10:56:20.343 ℹ️ [VIS3] flowOverlay result=PASS edges=66 exceptions=11 scope=company lod=COMPANY
10:56:20.343 ℹ️ [VIS3] trafficBarsRendered count=8
10:56:20.343 ℹ️ [VIS3] gate-summary result=PASS
10:56:20.345 ℹ️ [VIS4c] labelsRendered count=51 scope=company
10:56:20.345 ℹ️ [VIS4] slabsRendered scope=company objects=14 slabs=51 capped=false
10:56:20.345 ℹ️ [VIS4] companySlabs result=PASS deptBranches=8 trunkSlabs=21
10:56:20.345 ℹ️ [VIS4] gate-summary result=PASS
10:56:20.345 ℹ️ [LOD-BUDGET] frame sheetsDetailed=0 totalMarkers=0 totalPrims=145 totalEntities=132
10:56:20.804 ℹ️ [DOCK] dist=3393 align=-0.08 preview=false edit=false overlay=0.00
10:56:20.988 ℹ️ [VIS2] expandedSheetsAllowed=false scope=company
10:56:20.988 ℹ️ [VIS2] suppressSheetDetail=true expandedSheetsAllowed=false selectedSheet=none lod=COMPANY
10:56:20.989 ℹ️ [VIS] basinRings anchor=trunk.avgol companies=11 mode=cluster
10:56:20.989 ℹ️ [VIS2] deptSpinesRendered count=8
10:56:20.989 ℹ️ [VIS2] companyCollapsed result=PASS sheetsRendered=0 lod=COMPANY scope=company expandedSheetsAllowed=false
10:56:20.997 ℹ️ [VIS2] sheetTilesRendered count=39
10:56:20.999 ℹ️ [LOD-BUDGET] frame sheetsDetailed=0 totalMarkers=0 totalPrims=145 totalEntities=132
[BoundaryRenderer] ✅ FRA: Loaded 1/1 features
[BoundaryRenderer] Loading DEU from data/boundaries/countries/DEU-ADM0.geojson
10:56:21.157 ℹ️ [HUD] mode=CompanyFocus
10:56:21.581 ℹ️ [CAM] basinFocus settled target=trunk.avgol distM=900 pitch=-55
10:56:21.956 ℹ️ [DOCK] dist=761 align=0.05 preview=false edit=false overlay=0.00
[BoundaryRenderer] ✅ DEU: Loaded 1/1 features
[BoundaryRenderer] Loading NLD from data/boundaries/countries/NLD-ADM0.geojson
10:56:23.023 ℹ️ [DOCK] dist=761 align=0.05 preview=false edit=false overlay=0.00
[BoundaryRenderer] ✅ NLD: Loaded 1/1 features
[BoundaryRenderer] Loading EGY from data/boundaries/countries/EGY-ADM0.geojson
10:56:23.554 ℹ️ [VIS] sheetSelect resolved sheet=sheet.packaging reason=explicit
[VIS] sheetSelect resolved sheet=sheet.packaging reason=explicit
10:56:23.554 ℹ️ [VIS] enter sheet=sheet.packaging scope=sheet-only
[VIS] enter sheet=sheet.packaging scope=sheet-only
10:56:23.554 ℹ️ [DOCK] enterSheet target=sheet.packaging mode=FaceOn result=PASS distM=915
10:56:23.554 ℹ️ [CAM] Face-on: instant snap (duration=0 method=setView)
10:56:23.595 ℹ️ [CAM] dockFaceOn applied=PASS sheet=sheet.packaging
[2D] gridShown sheet=sheet.packaging rows=10 cols=6 populated=26 result=PASS
[BoundaryRenderer] ✅ EGY: Loaded 1/1 features
[BoundaryRenderer] Loading SAU from data/boundaries/countries/SAU-ADM0.geojson
10:56:24.110 ℹ️ [DOCK] dist=105 align=0.85 preview=true edit=false overlay=0.95
10:56:25.211 ℹ️ [DOCK] dist=105 align=0.85 preview=true edit=false overlay=0.95
[BoundaryRenderer] ✅ SAU: Loaded 1/1 features
[BoundaryRenderer] Loading IND from data/boundaries/countries/IND-ADM0.geojson
[BoundaryRenderer] ✅ IND: Loaded 1/1 features
[BoundaryRenderer] Loading CHN from data/boundaries/countries/CHN-ADM0.geojson
10:56:26.284 ℹ️ [DOCK] dist=105 align=0.85 preview=true edit=false overlay=0.95
[BoundaryRenderer] ✅ CHN: Loaded 1/1 features
[BoundaryRenderer] Loading KOR from data/boundaries/countries/KOR-ADM0.geojson
[BoundaryRenderer] ✅ KOR: Loaded 1/1 features
[BoundaryRenderer] Loading ISR from data/boundaries/countries/ISR-ADM0.geojson
10:56:27.359 ℹ️ [DOCK] dist=105 align=0.85 preview=true edit=false overlay=0.95
10:56:27.779 ℹ️ [VIS] exit sheet=sheet.packaging restoreView=true
[VIS] exit sheet=sheet.packaging restoreView=true
[2D] gridHidden reason=exitSheet result=PASS
[BOUNDARY] reuse id=boundary-ISR-0-0050ba14
10:56:28.019 ℹ️ [GLOBE] country-set id=global-core loaded=26
[BoundaryRenderer] Loading USA from data/boundaries/countries/USA-ADM0.geojson
10:56:28.426 ℹ️ [DOCK] dist=105 align=0.85 preview=true edit=false overlay=0.00