--- Step 1: Fly to COMPANY view ---
--- Step 2: Verify presentation transform logs ---
  [PRES] launchTransform: PASS
  [PRES] tether rendered: PASS
  [PRES] buildingAnchorProxy: PASS
  [PRES] junctions rendered: PASS
  [GATE 2] Branch Length: PASS
  No dock refusal: PASS
--- Step 3: Enter sheet + verify docking ---
  Docking log: PASS
  Grid sizing log: PASS

[LAUNCH-FIX-1] gate-summary result=PASS failures=0

Full console:
[ENU] Coordinate system loaded - all geometry in meters
07:26:45.085 ℹ️ [Z] mode=DRAFT user=local target=none previous=INIT
07:26:45.102 ℹ️ 🚀 Relay Cesium World starting...
07:26:45.103 ℹ️ 🌍 Initializing Cesium Viewer...
07:26:45.104 ℹ️ ✅ Terrain provider created (Ellipsoid)
07:26:45.105 ℹ️ ✅ Imagery provider created (OpenStreetMap tiles loading...)
07:26:45.137 ℹ️ ✅ Viewer created
07:26:45.139 ℹ️ [GLOBE] imagery mode=osm provider=OpenStreetMap
07:26:45.139 ℹ️ [LAUNCH-THEME] postProcess fxaa=ON bloom=ON fog=0.00035 atmosphere=tuned hdr=ON
07:26:45.141 ℹ️ ℹ️ 3D Buildings skipped (no Cesium Ion token configured)
07:26:45.142 ⚠️ ⚠️ Buildings marked as DEGRADED
07:26:45.142 ℹ️ 🌍 Cesium Viewer initialized successfully
07:26:45.142 ℹ️ [GLOBE] services weatherBase=http://127.0.0.1:4020
07:26:45.143 ℹ️ [GLOBE] imagery registry enabled modes=local,clean-street,satellite,hybrid,osm,dark,minimalist
07:26:45.143 ℹ️ [CAM] restore-POV skipped for launch (deterministic frame)
07:26:45.143 ℹ️ [FilamentRenderer] Initialized (Phase 2.1 Primitives)
[RelationshipRenderer] Initialized
[RelationshipRenderer] Cleared all relationships
07:26:45.144 ℹ️ [F2] clearedEdges=0 clearedScars=0
07:26:45.144 ℹ️ 🧹 Filament renderer cleared
[BoundaryRenderer] DataSource created and added to viewer
[BoundaryRenderer] Initialized
07:26:45.145 ℹ️ 🌍 Loading boundaries (fail-soft)...
[BoundaryRenderer] Loading ISR from data/boundaries/countries/ISR-ADM0.geojson
[BoundaryRenderer] Loading USA from data/boundaries/countries/USA-ADM0.geojson
07:26:45.146 ℹ️ [BOUNDARY-EDITOR] Initialized
07:26:45.146 ℹ️ 🌲 Loading demo tree...
[GroupMarkerNotSet(crbug.com/242999)!:A0702400FC4F0000]Automatic fallback to software WebGL has been deprecated. Please use the --enable-unsafe-swiftshader (about:flags#enable-unsafe-swiftshader) flag to opt in to lower security guarantees for trusted content.
[.WebGL-0x68ac02605c00]GL Driver Message (OpenGL, Performance, GL_CLOSE_PATH_NV, High): GPU stall due to ReadPixels
[.WebGL-0x68ac02605c00]GL Driver Message (OpenGL, Performance, GL_CLOSE_PATH_NV, High): GPU stall due to ReadPixels
[BoundaryRenderer] ✅ ISR: Loaded 1/1 features
07:26:45.668 ℹ️ [B2-PROOF] threeWayMatch mismatch matchId=3WM-001 poLineId=POL-001 grLineId=GRL-001 invLineId=IL-001 status=MATCH qtyVar=0 priceVar=0
07:26:45.669 ℹ️ [B2-PROOF] threeWayMatch mismatch matchId=3WM-002 poLineId=POL-002 grLineId=GRL-002 invLineId=IL-002 status=MATCH qtyVar=0 priceVar=0
07:26:45.670 ℹ️ [B2-PROOF] threeWayMatch mismatch matchId=3WM-003 poLineId=POL-003 grLineId=GRL-003 invLineId=IL-003 status=PRICE_EXCEPTION qtyVar=0 priceVar=50
07:26:45.670 ℹ️ [B2-PROOF] threeWayMatch mismatch matchId=3WM-004 poLineId=POL-004 grLineId=GRL-004 invLineId=IL-004 status=PRICE_EXCEPTION qtyVar=0 priceVar=0.5
07:26:45.670 ℹ️ [B2-PROOF] threeWayMatch mismatch matchId=3WM-005 poLineId=POL-005 grLineId=GRL-005 invLineId=IL-005 status=QTY_EXCEPTION qtyVar=2 priceVar=2
07:26:45.671 ℹ️ [B2-PROOF] threeWayMatch mismatch matchId=3WM-006 poLineId=POL-006 grLineId= invLineId= status=UNMATCHED qtyVar=N/A priceVar=N/A
07:26:45.671 ℹ️ [B2-PROOF] threeWayMatch unmatched invoice matchId=3WM-007 invLineId=IL-006 (no PO link)
07:26:45.672 ℹ️ [B2-PROOF] buildMatches complete: 15 match rows, 9 exceptions/unmatched, rebuilt=P2P.ThreeWayMatch,P2P.InvoiceToGLMatch,P2P.InvoiceToPaymentMatch
07:26:45.672 ℹ️ [B3-PROOF] buildSummaryData: 3 summary sheets, 35 formula cells (zero JS aggregation)
07:26:45.673 ℹ️ [MODULE] P2P loaded: 13 sheets (7 fact + 3 match + 3 summary), 127 columns
07:26:45.673 ℹ️ [MODULE]   FC1: P2P.RequisitionLines (12 cols)
07:26:45.673 ℹ️ [MODULE]   FC2: P2P.POLines (13 cols)
07:26:45.674 ℹ️ [MODULE]   FC3: P2P.GRLines (10 cols)
07:26:45.674 ℹ️ [MODULE]   FC4: P2P.InvoiceLines (16 cols)
07:26:45.674 ℹ️ [MODULE]   FC5: P2P.PaymentLines (14 cols)
07:26:45.674 ℹ️ [MODULE]   FC7: P2P.BankStatementLines (7 cols)
07:26:45.674 ℹ️ [MODULE]   FC6: P2P.GLPostingLines (11 cols)
07:26:45.675 ℹ️ [MODULE]   MC1: P2P.ThreeWayMatch (14 cols, 7 match rows)
07:26:45.675 ℹ️ [MODULE]   MC2: P2P.InvoiceToGLMatch (10 cols, 4 match rows)
07:26:45.675 ℹ️ [MODULE]   MC3: P2P.InvoiceToPaymentMatch (11 cols, 4 match rows)
07:26:45.675 ℹ️ [MODULE]   SC1: P2P.AP_Aging (2 cols, 13 formula rows)
07:26:45.676 ℹ️ [MODULE]   SC2: P2P.MatchRateSummary (2 cols, 7 formula rows)
07:26:45.676 ℹ️ [MODULE]   SC3: P2P.SpendByCategory (5 cols, 5 formula rows)
07:26:45.676 ℹ️ [MODULE] KPI bindings: 3 metrics → branch.p2p
07:26:45.676 ℹ️ [MODULE]   matchRate: P2P.MatchRateSummary!B8 (%)
07:26:45.677 ℹ️ [MODULE]   dpo: P2P.AP_Aging!B13 (days)
07:26:45.677 ℹ️ [MODULE]   outstanding: P2P.AP_Aging!B4 (USD)
07:26:45.677 ℹ️ [MODULE] P2P merged into tree: +27 nodes, +27 edges
[.WebGL-0x68ac02605c00]GL Driver Message (OpenGL, Performance, GL_CLOSE_PATH_NV, High): GPU stall due to ReadPixels
[BoundaryRenderer] ✅ USA: Loaded 1/1 features
07:26:45.811 ℹ️ [BOUNDARY] containsll suite=PASS polygons=1 multipolygons=1 holes=0
07:26:45.812 ℹ️ [BOUNDARY] containsll hole-suite=PASS probes=3
07:26:45.812 ℹ️ [BOUNDARY] restore result=PASS renderer=BoundaryRenderer containsLL=PASS ISR=1 USA=1
07:26:45.813 ℹ️ [GATE] G3 status=PASS evidence=runtime-boundary-selftest
07:26:45.813 ℹ️ [UX] boundaries=ACTIVE mode=READ_ONLY
07:26:45.813 ℹ️ [BOUNDARY] voting-scope mode=BOUNDARY_ENABLED reason=boundary-pass
[.WebGL-0x68ac02605c00]GL Driver Message (OpenGL, Performance, GL_CLOSE_PATH_NV, High): GPU stall due to ReadPixels (this message will no longer repeat)
07:26:46.013 ℹ️ [B2-PROOF] threeWayMatch unmatched invoice matchId=3WM-001 invLineId=undefined (no PO link)
07:26:46.014 ℹ️ [B2-PROOF] threeWayMatch unmatched invoice matchId=3WM-002 invLineId=undefined (no PO link)
07:26:46.014 ℹ️ [B2-PROOF] threeWayMatch unmatched invoice matchId=3WM-003 invLineId=undefined (no PO link)
07:26:46.014 ℹ️ [B2-PROOF] threeWayMatch unmatched invoice matchId=3WM-004 invLineId=undefined (no PO link)
07:26:46.015 ℹ️ [B2-PROOF] threeWayMatch unmatched invoice matchId=3WM-005 invLineId=undefined (no PO link)
07:26:46.015 ℹ️ [B2-PROOF] threeWayMatch unmatched invoice matchId=3WM-006 invLineId=undefined (no PO link)
07:26:46.016 ℹ️ [B2-PROOF] buildMatches complete: 8 match rows, 8 exceptions/unmatched, rebuilt=P2P.ThreeWayMatch,P2P.InvoiceToGLMatch,P2P.InvoiceToPaymentMatch,MFG.WOIssueMatch
07:26:46.016 ℹ️ [B3-PROOF] buildSummaryData: 1 summary sheets, 4 formula cells (zero JS aggregation)
07:26:46.016 ℹ️ [MODULE] MFG loaded: 6 sheets (4 fact + 1 match + 1 summary), 29 columns
07:26:46.017 ℹ️ [MODULE]   FC1: MFG.WorkOrders (5 cols)
07:26:46.017 ℹ️ [MODULE]   FC2: MFG.MaterialIssues (5 cols)
07:26:46.018 ℹ️ [MODULE]   FC3: MFG.ScrapEvents (5 cols)
07:26:46.018 ℹ️ [MODULE]   FC4: MFG.QualityChecks (4 cols)
07:26:46.018 ℹ️ [MODULE]   MC1: MFG.WOIssueMatch (8 cols, 0 match rows)
07:26:46.019 ℹ️ [MODULE]   SC1: MFG.ProductionSummary (2 cols, 4 formula rows)
07:26:46.019 ℹ️ [MODULE] KPI bindings: 1 metrics → branch.mfg
07:26:46.019 ℹ️ [MODULE]   issueCoverage: MFG.ProductionSummary!B4 (%)
07:26:46.020 ℹ️ [MODULE] MFG merged into tree: +13 nodes, +13 edges
07:26:46.134 ℹ️ [BOUNDARY] manifestLoaded countries=27
[BoundaryRenderer] Loading USA from data/boundaries/countries/USA-ADM0.geojson
07:26:46.599 ℹ️ [ROUTE] loaded 12 routes from group "p2p" (module: P2P)
07:26:46.601 ℹ️ [ROUTE]   p2p.requisition → P2P.RequisitionLines (keys: reqId, reqLineId)
07:26:46.601 ℹ️ [ROUTE]   p2p.purchaseOrder → P2P.POLines (keys: poId, poLineId)
07:26:46.601 ℹ️ [ROUTE]   p2p.goodsReceipt → P2P.GRLines (keys: grId, grLineId)
07:26:46.602 ℹ️ [ROUTE]   p2p.invoice → P2P.InvoiceLines (keys: invId, invLineId)
07:26:46.602 ℹ️ [ROUTE]   p2p.payment → P2P.PaymentLines (keys: paymentId, payLineId)
07:26:46.602 ℹ️ [ROUTE]   p2p.pr → P2P.RequisitionLines (keys: reqId, reqLineId)
07:26:46.603 ℹ️ [ROUTE]   p2p.po → P2P.POLines (keys: poId, poLineId)
07:26:46.603 ℹ️ [ROUTE]   p2p.gr → P2P.GRLines (keys: grId, grLineId)
07:26:46.603 ℹ️ [ROUTE]   p2p.inv → P2P.InvoiceLines (keys: invId, invLineId)
07:26:46.603 ℹ️ [ROUTE]   p2p.pay → P2P.PaymentLines (keys: paymentId, payLineId)
07:26:46.604 ℹ️ [ROUTE]   p2p.bankStatement → P2P.BankStatementLines (keys: bankLineId)
07:26:46.604 ℹ️ [ROUTE]   p2p.glPosting → P2P.GLPostingLines (keys: glDocId, glLineId)
[BOUNDARY] reuse id=boundary-USA-0-6c62914d
07:26:46.890 ℹ️ [BOUNDARY] skipMissing country=CAN reason=not_in_manifest
07:26:46.891 ℹ️ [BOUNDARY] skipMissing country=MEX reason=not_in_manifest
[BoundaryRenderer] Loading BRA from data/boundaries/countries/BRA-ADM0.geojson
07:26:47.028 ℹ️ [ROUTE] loaded 4 routes from group "mfg" (module: MFG)
07:26:47.030 ℹ️ [ROUTE]   mfg.workOrder → MFG.WorkOrders (keys: workOrderId)
07:26:47.030 ℹ️ [ROUTE]   mfg.materialIssue → MFG.MaterialIssues (keys: issueId)
07:26:47.031 ℹ️ [ROUTE]   mfg.scrapEvent → MFG.ScrapEvents (keys: scrapId)
07:26:47.031 ℹ️ [ROUTE]   mfg.qualityCheck → MFG.QualityChecks (keys: qcId)
07:26:47.037 ℹ️ [D1-AGG] trunk=trunk.avgol metrics=4 hash=0x663fa7ee
07:26:47.040 ℹ️ ✅ Demo tree rendered: Avgol @ Tel Aviv
07:26:47.127 ℹ️ [F2] clearedEdges=0 clearedScars=0
07:26:47.130 ℹ️ 🧹 Filament renderer cleared
07:26:47.130 ℹ️ [PRES] launchTransform scale=0.04 uOffset=0 applied=PASS
07:26:47.131 ℹ️ [LAUNCH-FIX] visualHierarchy applied=PASS tilesAlpha=0.35 trunkAlpha=0.95
07:26:47.131 ℹ️ [LAUNCH-THEME] tokens loaded trunk=#4a7fb5 tile=glass filament=lightThread
07:26:47.132 ℹ️ 🌲 Rendering tree: 43 nodes, 42 edges
07:26:47.132 ℹ️ [THICKNESS] cell=1.00m spine=3.00m branch=24.00m trunk=30.00m root=12.00m
07:26:47.133 ℹ️ [GATE 4] Anchor marker rendered at (34.7818, 32.0853) - independent of buildings/terrain
07:26:47.134 ℹ️ [Phase 2.3] Root continuation: 1000m below anchor (aligned to ENU Up/Down)
07:26:47.137 ℹ️ [FilamentRenderer] ⏰ Timeboxes: 6 on trunk trunk.avgol
07:26:47.139 ℹ️ [PRES] tether rendered=PASS
07:26:47.140 ℹ️ [PRES] buildingAnchorProxy rendered=PASS reason=buildings-degraded
07:26:47.141 ℹ️ [GATE 2] Branch branch.operations:
07:26:47.141 ℹ️   Anchor: (34.7818, 32.0853)
07:26:47.142 ℹ️   ENU Start: (E=0, N=0, U=2000)
07:26:47.142 ℹ️   ENU End: (E=800, N=0, U=2000)
07:26:47.142 ℹ️   Branch Length: 800.0m (expected: 800m)
07:26:47.143 ℹ️   Length Error: 0.0m
07:26:47.144 ℹ️ [FilamentRenderer] ⏰ Timeboxes: 4 on branch branch.operations
07:26:47.145 ℹ️ [GATE 2] Branch branch.p2p:
07:26:47.145 ℹ️   Anchor: (34.7818, 32.0853)
07:26:47.146 ℹ️   ENU Start: (E=0, N=32, U=2000)
07:26:47.146 ℹ️   ENU End: (E=800, N=32, U=2000)
07:26:47.146 ℹ️   Branch Length: 800.0m (expected: 800m)
07:26:47.147 ℹ️   Length Error: 0.0m
07:26:47.147 ℹ️ [FilamentRenderer] ⏰ Timeboxes: 1 on branch branch.p2p
07:26:47.148 ℹ️ [GATE 2] Branch branch.p2p.fc1:
07:26:47.148 ℹ️   Anchor: (34.7818, 32.0853)
07:26:47.149 ℹ️   ENU Start: (E=0, N=64, U=2000)
07:26:47.149 ℹ️   ENU End: (E=800, N=64, U=2000)
07:26:47.149 ℹ️   Branch Length: 800.0m (expected: 800m)
07:26:47.150 ℹ️   Length Error: 0.0m
07:26:47.151 ℹ️ [FilamentRenderer] ⏰ Timeboxes: 1 on branch branch.p2p.fc1
07:26:47.151 ℹ️ [GATE 2] Branch branch.p2p.fc2:
07:26:47.152 ℹ️   Anchor: (34.7818, 32.0853)
07:26:47.152 ℹ️   ENU Start: (E=0, N=96, U=2000)
07:26:47.152 ℹ️   ENU End: (E=800, N=96, U=2000)
07:26:47.153 ℹ️   Branch Length: 800.0m (expected: 800m)
07:26:47.154 ℹ️   Length Error: 0.0m
07:26:47.154 ℹ️ [FilamentRenderer] ⏰ Timeboxes: 1 on branch branch.p2p.fc2
07:26:47.155 ℹ️ [GATE 2] Branch branch.p2p.fc3:
07:26:47.155 ℹ️   Anchor: (34.7818, 32.0853)
07:26:47.156 ℹ️   ENU Start: (E=0, N=128, U=2000)
07:26:47.156 ℹ️   ENU End: (E=800, N=128, U=2000)
07:26:47.156 ℹ️   Branch Length: 800.0m (expected: 800m)
07:26:47.157 ℹ️   Length Error: 0.0m
07:26:47.157 ℹ️ [FilamentRenderer] ⏰ Timeboxes: 1 on branch branch.p2p.fc3
07:26:47.158 ℹ️ [GATE 2] Branch branch.p2p.fc4:
07:26:47.158 ℹ️   Anchor: (34.7818, 32.0853)
07:26:47.159 ℹ️   ENU Start: (E=0, N=160, U=2000)
07:26:47.159 ℹ️   ENU End: (E=800, N=160, U=2000)
07:26:47.159 ℹ️   Branch Length: 800.0m (expected: 800m)
07:26:47.160 ℹ️   Length Error: 0.0m
07:26:47.160 ℹ️ [FilamentRenderer] ⏰ Timeboxes: 1 on branch branch.p2p.fc4
07:26:47.161 ℹ️ [GATE 2] Branch branch.p2p.fc5:
07:26:47.161 ℹ️   Anchor: (34.7818, 32.0853)
07:26:47.162 ℹ️   ENU Start: (E=0, N=192, U=2000)
07:26:47.162 ℹ️   ENU End: (E=800, N=192, U=2000)
07:26:47.162 ℹ️   Branch Length: 800.0m (expected: 800m)
07:26:47.163 ℹ️   Length Error: 0.0m
07:26:47.164 ℹ️ [FilamentRenderer] ⏰ Timeboxes: 1 on branch branch.p2p.fc5
07:26:47.165 ℹ️ [GATE 2] Branch branch.p2p.fc7:
07:26:47.165 ℹ️   Anchor: (34.7818, 32.0853)
07:26:47.166 ℹ️   ENU Start: (E=0, N=224, U=2000)
07:26:47.167 ℹ️   ENU End: (E=800, N=224, U=2000)
07:26:47.167 ℹ️   Branch Length: 800.0m (expected: 800m)
07:26:47.168 ℹ️   Length Error: 0.0m
07:26:47.169 ℹ️ [FilamentRenderer] ⏰ Timeboxes: 1 on branch branch.p2p.fc7
07:26:47.169 ℹ️ [GATE 2] Branch branch.p2p.fc6:
07:26:47.170 ℹ️   Anchor: (34.7818, 32.0853)
07:26:47.171 ℹ️   ENU Start: (E=0, N=256, U=2000)
07:26:47.171 ℹ️   ENU End: (E=800, N=256, U=2000)
07:26:47.172 ℹ️   Branch Length: 800.0m (expected: 800m)
07:26:47.172 ℹ️   Length Error: 0.0m
07:26:47.173 ℹ️ [FilamentRenderer] ⏰ Timeboxes: 1 on branch branch.p2p.fc6
07:26:47.173 ℹ️ [GATE 2] Branch branch.p2p.mc1:
07:26:47.173 ℹ️   Anchor: (34.7818, 32.0853)
07:26:47.174 ℹ️   ENU Start: (E=0, N=288, U=2000)
07:26:47.174 ℹ️   ENU End: (E=800, N=288, U=2000)
07:26:47.175 ℹ️   Branch Length: 800.0m (expected: 800m)
07:26:47.175 ℹ️   Length Error: 0.0m
07:26:47.176 ℹ️ [FilamentRenderer] ⏰ Timeboxes: 1 on branch branch.p2p.mc1
07:26:47.177 ℹ️ [GATE 2] Branch branch.p2p.mc2:
07:26:47.177 ℹ️   Anchor: (34.7818, 32.0853)
07:26:47.178 ℹ️   ENU Start: (E=0, N=320, U=2000)
07:26:47.178 ℹ️   ENU End: (E=800, N=320, U=2000)
07:26:47.179 ℹ️   Branch Length: 800.0m (expected: 800m)
07:26:47.180 ℹ️   Length Error: 0.0m
07:26:47.181 ℹ️ [FilamentRenderer] ⏰ Timeboxes: 1 on branch branch.p2p.mc2
07:26:47.181 ℹ️ [GATE 2] Branch branch.p2p.mc3:
07:26:47.182 ℹ️   Anchor: (34.7818, 32.0853)
07:26:47.182 ℹ️   ENU Start: (E=0, N=352, U=2000)
07:26:47.183 ℹ️   ENU End: (E=800, N=352, U=2000)
07:26:47.183 ℹ️   Branch Length: 800.0m (expected: 800m)
07:26:47.184 ℹ️   Length Error: 0.0m
07:26:47.185 ℹ️ [FilamentRenderer] ⏰ Timeboxes: 1 on branch branch.p2p.mc3
07:26:47.185 ℹ️ [GATE 2] Branch branch.p2p.sc1:
07:26:47.186 ℹ️   Anchor: (34.7818, 32.0853)
07:26:47.187 ℹ️   ENU Start: (E=0, N=384, U=2000)
07:26:47.187 ℹ️   ENU End: (E=800, N=384, U=2000)
07:26:47.188 ℹ️   Branch Length: 800.0m (expected: 800m)
07:26:47.188 ℹ️   Length Error: 0.0m
07:26:47.189 ℹ️ [FilamentRenderer] ⏰ Timeboxes: 1 on branch branch.p2p.sc1
07:26:47.190 ℹ️ [GATE 2] Branch branch.p2p.sc2:
07:26:47.190 ℹ️   Anchor: (34.7818, 32.0853)
07:26:47.191 ℹ️   ENU Start: (E=0, N=416, U=2000)
07:26:47.191 ℹ️   ENU End: (E=800, N=416, U=2000)
07:26:47.192 ℹ️   Branch Length: 800.0m (expected: 800m)
07:26:47.192 ℹ️   Length Error: 0.0m
07:26:47.193 ℹ️ [FilamentRenderer] ⏰ Timeboxes: 1 on branch branch.p2p.sc2
07:26:47.193 ℹ️ [GATE 2] Branch branch.p2p.sc3:
07:26:47.194 ℹ️   Anchor: (34.7818, 32.0853)
07:26:47.194 ℹ️   ENU Start: (E=0, N=448, U=2000)
07:26:47.194 ℹ️   ENU End: (E=800, N=448, U=2000)
07:26:47.195 ℹ️   Branch Length: 800.0m (expected: 800m)
07:26:47.195 ℹ️   Length Error: 0.0m
07:26:47.196 ℹ️ [FilamentRenderer] ⏰ Timeboxes: 1 on branch branch.p2p.sc3
07:26:47.196 ℹ️ [GATE 2] Branch branch.mfg:
07:26:47.197 ℹ️   Anchor: (34.7818, 32.0853)
07:26:47.197 ℹ️   ENU Start: (E=0, N=480, U=2000)
07:26:47.197 ℹ️   ENU End: (E=800, N=480, U=2000)
07:26:47.198 ℹ️   Branch Length: 800.0m (expected: 800m)
07:26:47.198 ℹ️   Length Error: 0.0m
07:26:47.199 ℹ️ [FilamentRenderer] ⏰ Timeboxes: 1 on branch branch.mfg
07:26:47.199 ℹ️ [GATE 2] Branch branch.mfg.fc1:
07:26:47.200 ℹ️   Anchor: (34.7818, 32.0853)
07:26:47.200 ℹ️   ENU Start: (E=0, N=512, U=2000)
07:26:47.201 ℹ️   ENU End: (E=800, N=512, U=2000)
07:26:47.201 ℹ️   Branch Length: 800.0m (expected: 800m)
07:26:47.202 ℹ️   Length Error: 0.0m
07:26:47.203 ℹ️ [FilamentRenderer] ⏰ Timeboxes: 1 on branch branch.mfg.fc1
07:26:47.203 ℹ️ [GATE 2] Branch branch.mfg.fc2:
07:26:47.204 ℹ️   Anchor: (34.7818, 32.0853)
07:26:47.204 ℹ️   ENU Start: (E=0, N=544, U=2000)
07:26:47.205 ℹ️   ENU End: (E=800, N=544, U=2000)
07:26:47.205 ℹ️   Branch Length: 800.0m (expected: 800m)
07:26:47.206 ℹ️   Length Error: 0.0m
07:26:47.207 ℹ️ [FilamentRenderer] ⏰ Timeboxes: 1 on branch branch.mfg.fc2
07:26:47.207 ℹ️ [GATE 2] Branch branch.mfg.fc3:
07:26:47.208 ℹ️   Anchor: (34.7818, 32.0853)
07:26:47.208 ℹ️   ENU Start: (E=0, N=576, U=2000)
07:26:47.209 ℹ️   ENU End: (E=800, N=576, U=2000)
07:26:47.209 ℹ️   Branch Length: 800.0m (expected: 800m)
07:26:47.210 ℹ️   Length Error: 0.0m
07:26:47.211 ℹ️ [FilamentRenderer] ⏰ Timeboxes: 1 on branch branch.mfg.fc3
07:26:47.212 ℹ️ [GATE 2] Branch branch.mfg.fc4:
07:26:47.213 ℹ️   Anchor: (34.7818, 32.0853)
07:26:47.213 ℹ️   ENU Start: (E=0, N=608, U=2000)
07:26:47.213 ℹ️   ENU End: (E=800, N=608, U=2000)
07:26:47.214 ℹ️   Branch Length: 800.0m (expected: 800m)
07:26:47.214 ℹ️   Length Error: 0.0m
07:26:47.215 ℹ️ [FilamentRenderer] ⏰ Timeboxes: 1 on branch branch.mfg.fc4
07:26:47.215 ℹ️ [GATE 2] Branch branch.mfg.mc1:
07:26:47.216 ℹ️   Anchor: (34.7818, 32.0853)
07:26:47.216 ℹ️   ENU Start: (E=0, N=640, U=2000)
07:26:47.217 ℹ️   ENU End: (E=800, N=640, U=2000)
07:26:47.217 ℹ️   Branch Length: 800.0m (expected: 800m)
07:26:47.218 ℹ️   Length Error: 0.0m
07:26:47.219 ℹ️ [FilamentRenderer] ⏰ Timeboxes: 1 on branch branch.mfg.mc1
07:26:47.219 ℹ️ [GATE 2] Branch branch.mfg.sc1:
07:26:47.220 ℹ️   Anchor: (34.7818, 32.0853)
07:26:47.220 ℹ️   ENU Start: (E=0, N=672, U=2000)
07:26:47.221 ℹ️   ENU End: (E=800, N=672, U=2000)
07:26:47.221 ℹ️   Branch Length: 800.0m (expected: 800m)
07:26:47.222 ℹ️   Length Error: 0.0m
07:26:47.223 ℹ️ [FilamentRenderer] ⏰ Timeboxes: 1 on branch branch.mfg.sc1
07:26:47.224 ℹ️ [PRES] junctions rendered=PASS count=3
07:26:47.225 ℹ️ [VIS2] expandedSheetsAllowed=false scope=world
07:26:47.225 ℹ️ [VIS2] deptSpinesRendered count=3
07:26:47.226 ℹ️ [S1] SheetsRendered=0 Expected=0
07:26:47.226 ℹ️ [VIS2] companyCollapsed result=PASS sheetsRendered=0 lod=COMPANY scope=world expandedSheetsAllowed=false
07:26:47.227 ℹ️ [SHEET-META] set sheet=sheet.packaging center=ok axes=ok normal=ok dims=400x144 cells=10x6 src=tile
07:26:47.228 ℹ️ [SHEET-META] set sheet=P2P.RequisitionLines center=ok axes=ok normal=ok dims=400x144 cells=7x12 src=tile
07:26:47.228 ℹ️ [SHEET-META] set sheet=P2P.POLines center=ok axes=ok normal=ok dims=400x144 cells=7x13 src=tile
07:26:47.229 ℹ️ [SHEET-META] set sheet=P2P.GRLines center=ok axes=ok normal=ok dims=400x144 cells=6x10 src=tile
07:26:47.229 ℹ️ [SHEET-META] set sheet=P2P.InvoiceLines center=ok axes=ok normal=ok dims=400x144 cells=7x16 src=tile
07:26:47.230 ℹ️ [SHEET-META] set sheet=P2P.PaymentLines center=ok axes=ok normal=ok dims=400x144 cells=5x14 src=tile
07:26:47.230 ℹ️ [SHEET-META] set sheet=P2P.BankStatementLines center=ok axes=ok normal=ok dims=400x144 cells=1x7 src=tile
07:26:47.230 ℹ️ [SHEET-META] set sheet=P2P.GLPostingLines center=ok axes=ok normal=ok dims=400x144 cells=9x11 src=tile
07:26:47.231 ℹ️ [SHEET-META] set sheet=P2P.ThreeWayMatch center=ok axes=ok normal=ok dims=400x144 cells=8x14 src=tile
07:26:47.231 ℹ️ [SHEET-META] set sheet=P2P.InvoiceToGLMatch center=ok axes=ok normal=ok dims=400x144 cells=5x10 src=tile
07:26:47.232 ℹ️ [SHEET-META] set sheet=P2P.InvoiceToPaymentMatch center=ok axes=ok normal=ok dims=400x144 cells=5x11 src=tile
07:26:47.232 ℹ️ [SHEET-META] set sheet=P2P.AP_Aging center=ok axes=ok normal=ok dims=400x144 cells=14x2 src=tile
07:26:47.233 ℹ️ [SHEET-META] set sheet=P2P.MatchRateSummary center=ok axes=ok normal=ok dims=400x144 cells=8x2 src=tile
07:26:47.233 ℹ️ [SHEET-META] set sheet=P2P.SpendByCategory center=ok axes=ok normal=ok dims=400x144 cells=6x5 src=tile
07:26:47.234 ℹ️ [SHEET-META] set sheet=MFG.WorkOrders center=ok axes=ok normal=ok dims=400x144 cells=1x5 src=tile
07:26:47.234 ℹ️ [SHEET-META] set sheet=MFG.MaterialIssues center=ok axes=ok normal=ok dims=400x144 cells=1x5 src=tile
07:26:47.235 ℹ️ [SHEET-META] set sheet=MFG.ScrapEvents center=ok axes=ok normal=ok dims=400x144 cells=1x5 src=tile
07:26:47.236 ℹ️ [SHEET-META] set sheet=MFG.QualityChecks center=ok axes=ok normal=ok dims=400x144 cells=1x4 src=tile
07:26:47.236 ℹ️ [SHEET-META] set sheet=MFG.WOIssueMatch center=ok axes=ok normal=ok dims=400x144 cells=1x8 src=tile
07:26:47.237 ℹ️ [SHEET-META] set sheet=MFG.ProductionSummary center=ok axes=ok normal=ok dims=400x144 cells=5x2 src=tile
07:26:47.237 ℹ️ [VIS2] sheetTilesRendered count=20
07:26:47.238 ℹ️ [VIS2] exitSheet collapsed=PASS expanded=0 tiles=20
07:26:47.239 ℹ️ [VIS3] flowOverlay result=PASS edges=42 exceptions=11 scope=world lod=COMPANY
07:26:47.240 ℹ️ [VIS3] trafficBarsRendered count=3
07:26:47.240 ℹ️ [VIS3] gate-summary result=PASS
07:26:47.242 ℹ️ [VIS4c] labelsRendered count=12 scope=company
07:26:47.242 ℹ️ [VIS4] slabsRendered scope=company objects=4 slabs=12 capped=false
07:26:47.243 ℹ️ [VIS4] companySlabs result=PASS deptBranches=3 trunkSlabs=6
07:26:47.243 ℹ️ [VIS4] gate-summary result=PASS
07:26:47.244 ℹ️ ✅ Tree rendered:
07:26:47.244 ℹ️   Primitives: 62 (trunk=1, branches=22, cell-filaments=0, spines=0, lane-polylines=0, lane-volumes=0, sheet-tiles=20, dept-spines=3, flow-bars=4, ex-overlays=0, route-highlights=0, slabs=12, vis6-pulses=0, presence-markers=0)
07:26:47.245 ℹ️   Entities: 44 (labels=1, cell-points=0, timebox-labels=43)
07:26:47.245 ℹ️ [LOD-BUDGET] frame sheetsDetailed=0 totalMarkers=0 totalPrims=62 totalEntities=44
07:26:47.246 ℹ️ [TOPOLOGY] ✅ All canonical invariants satisfied
07:26:47.246 ℹ️ [FilamentRenderer] ✅ Turgor force animation started
07:26:48.244 ℹ️ [GLOBE] worldTrunks synced added=5 total=6
07:26:48.245 ℹ️ [GLOBE] datasetLoad anchors=6
07:26:48.246 ℹ️ [UX] multiCountrySmoke=PASS anchors=6
07:26:48.246 ℹ️ [LAUNCH-FIX] cameraFrame target=trunk.avgol result=PASS distM=250 heading=30 pitch=-35 applied=PASS
07:26:48.247 ℹ️ 📷 Camera presets: Press 1=SheetTopDown, 2=SideProfile, 3=SheetFaceOn, 4=SpreadsheetProof, 5=SpineInspection
07:26:48.248 ℹ️ 🔒 LOD Lock: Press L to lock/unlock LOD at current level
07:26:48.248 ℹ️ 🎮 Free-fly pointer lock: Press ` (backquote) to toggle
07:26:48.251 ℹ️ [HUD] mode=FreeFly layer1=6 layer2=0
07:26:48.256 ℹ️ [PRES] billboard=ON reason=launch-default
07:26:48.259 ℹ️ [UX] debugLogs=false (launch mode)
07:26:48.259 ℹ️ [LAUNCH-FIX] uiGating launch=true hiddenPanels=artifacts,ux3,p2p,topicLane,vote,workMode,logConsole applied=PASS
07:26:48.265 ℹ️ [LAUNCH-FIX] hud tier1=ON tier2=OFF default=collapsed
07:26:48.265 ℹ️ [LAUNCH-FIX] helpOverlay shown=true dismissed=false source=first
[BUILD] 2026-02-09T12:30Z ux-1.1-universal-object-contract
07:26:48.266 ℹ️ [UX-1.1-PROOF] type=trunk id=trunk.avgol scope=root actions=focusView,showKPIs,showTimeboxes,showBranches,cycleClusterLevel,focusNextRegion,loadGlobalCore
07:26:48.268 ℹ️ [UX-1.1-PROOF] type=branch id=branch.operations scope=trunk.avgol actions=focusView,showKPIs,showTimeboxes,showPressureSources,cycleClusterLevel,focusNextRegion,loadGlobalCore
07:26:48.268 ℹ️ [UX-1.1-PROOF] type=sheet id=sheet.packaging scope=branch.operations actions=focusView,showSchema,addColumn,addValidation,addSummaryBinding
07:26:48.268 ℹ️ [UX-1.1-PROOF] type=cell id=sheet.packaging.cell.0.0 scope=branch.operations actions=edit,viewDependencies,viewHistory,createValidation,lockScope
07:26:48.268 ℹ️ [UX-1.1-PROOF] type=match id=3WM-001 scope=branch.p2p.mc1 actions=inspectSources,viewVariance,setTolerance,markResolved
07:26:48.268 ℹ️ [UX-1.1-PROOF] type=route id=p2p.requisition scope=branch.p2p.fc1 actions=previewMapping,ingestTestRecord,showProvenance,editFieldMap
07:26:48.269 ℹ️ [UX-1.1-PROOF] type=module id=P2P scope=trunk.avgol actions=showAllSheets,showRoutes,showKPIBindings,showRecomputationChain
07:26:48.269 ℹ️ [UX-1.1] Universal Object Contract: 7 types resolved
07:26:48.270 ℹ️ [CAM] basin-enter target=trunk.avgol type=trunk radiusM=20000.0 distanceM=1754.8
07:26:48.271 ℹ️ [VIS] sheetSelect resolved sheet=MFG.MaterialIssues reason=default
[VIS] sheetSelect resolved sheet=MFG.MaterialIssues reason=default
07:26:48.271 ℹ️ [VIS] enter sheet=MFG.MaterialIssues scope=sheet-only
[VIS] enter sheet=MFG.MaterialIssues scope=sheet-only
07:26:48.271 ℹ️ [LOD] apply level=CELL sheetsDetailed=1 lanes=1 markers=1
07:26:48.272 ℹ️ [LOD] editSheet override=ON level=SHEET
07:26:48.273 ℹ️ [CAM] Face-on: instant snap (duration=0 method=setView)
[BoundaryRenderer] ✅ BRA: Loaded 1/1 features
[BoundaryRenderer] Loading ARG from data/boundaries/countries/ARG-ADM0.geojson
07:26:48.344 ℹ️ [GATE 4] Anchor marker rendered at (34.7818, 32.0853) - independent of buildings/terrain
07:26:48.345 ℹ️ [GATE 4] Anchor marker rendered at (-122.4194, 37.7749) - independent of buildings/terrain
07:26:48.346 ℹ️ [GATE 4] Anchor marker rendered at (-0.1276, 51.5072) - independent of buildings/terrain
07:26:48.346 ℹ️ [GATE 4] Anchor marker rendered at (77.2090, 28.6139) - independent of buildings/terrain
07:26:48.347 ℹ️ [GATE 4] Anchor marker rendered at (139.6917, 35.6895) - independent of buildings/terrain
07:26:48.347 ℹ️ [GATE 4] Anchor marker rendered at (-46.6333, -23.5505) - independent of buildings/terrain
07:26:48.347 ℹ️ [UX] debugLogs=false gateSpamSuppressed=true
07:26:48.351 ℹ️ [VIS2] expandedSheetsAllowed=true scope=sheet
07:26:48.356 ℹ️ [VIS] sheetOnlyRender sheetsDetailed=1 selected=MFG.MaterialIssues hidden=19
07:26:48.358 ℹ️ [VIS2] sheetTilesRendered count=19
07:26:48.358 ℹ️ [VIS2] enterSheet expanded=1 tiles=19
07:26:48.358 ℹ️ [VIS3.2] sheetOverlay begin sheet=MFG.MaterialIssues scope=sheet
07:26:48.358 ℹ️ [VIS3.2] exceptionRows result=PASS sheet=MFG.MaterialIssues count=0
07:26:48.358 ℹ️ [VIS3.2] routeHighlights result=PASS sheet=MFG.MaterialIssues edges=0
07:26:48.358 ℹ️ [VIS3.2] budget exceptionOverlays=0 routeHighlights=0 capped=false
07:26:48.358 ℹ️ [VIS3.2] gate-summary result=PASS
07:26:48.358 ℹ️ [VIS4c] labelsRendered count=1 scope=sheet
07:26:48.359 ℹ️ [VIS4] slabsRendered scope=sheet objects=1 slabs=1 capped=false
07:26:48.359 ℹ️ [VIS4] sheetSlabs result=PASS sheet=MFG.MaterialIssues slabs=1
07:26:48.359 ℹ️ [VIS4] gate-summary result=PASS
07:26:48.359 ℹ️ [LOD-BUDGET] frame sheetsDetailed=1 totalMarkers=5 totalPrims=59 totalEntities=63
07:26:48.359 ℹ️ [LOD] apply level=SHEET sheetsDetailed=1 lanes=1 markers=1
07:26:48.359 ℹ️ [HUD] mode=SheetEdit tier=launch tier2=closed
07:26:48.627 ℹ️ [SHEET-2D] viewport anchor r=0 c=0
07:26:48.884 ℹ️ [GATE 4] Anchor marker rendered at (34.7818, 32.0853) - independent of buildings/terrain
07:26:48.885 ℹ️ [GATE 4] Anchor marker rendered at (-122.4194, 37.7749) - independent of buildings/terrain
07:26:48.886 ℹ️ [GATE 4] Anchor marker rendered at (-0.1276, 51.5072) - independent of buildings/terrain
07:26:48.886 ℹ️ [GATE 4] Anchor marker rendered at (77.2090, 28.6139) - independent of buildings/terrain
07:26:48.887 ℹ️ [GATE 4] Anchor marker rendered at (139.6917, 35.6895) - independent of buildings/terrain
07:26:48.887 ℹ️ [GATE 4] Anchor marker rendered at (-46.6333, -23.5505) - independent of buildings/terrain
07:26:48.891 ℹ️ [VIS2] expandedSheetsAllowed=true scope=sheet
07:26:48.893 ℹ️ [VIS] sheetOnlyRender sheetsDetailed=1 selected=MFG.MaterialIssues hidden=19
07:26:48.894 ℹ️ [VIS2] sheetTilesRendered count=19
07:26:48.894 ℹ️ [VIS2] enterSheet expanded=1 tiles=19
07:26:48.894 ℹ️ [LOD-BUDGET] frame sheetsDetailed=1 totalMarkers=5 totalPrims=59 totalEntities=63
07:26:48.895 ℹ️ [HUD] paramsLoaded version=HUD-PARAMS-v0 policyRef=local:HUD-PARAMS-v0
[BoundaryRenderer] ✅ ARG: Loaded 1/1 features
[BoundaryRenderer] Loading GBR from data/boundaries/countries/GBR-ADM0.geojson
[BoundaryRenderer] ✅ GBR: Loaded 1/1 features
[BoundaryRenderer] Loading FRA from data/boundaries/countries/FRA-ADM0.geojson
07:26:49.239 ℹ️ [SHEET-2D] grid px cell=64x20 rows=10 cols=6 zoom=1.0 (Excel standard)
07:26:49.240 ℹ️ [SHEET-2D] cellPx=64x20 rowHeaderPx=40 colHeaderPx=20
[BoundaryRenderer] ✅ FRA: Loaded 1/1 features
[BoundaryRenderer] Loading DEU from data/boundaries/countries/DEU-ADM0.geojson
[BoundaryRenderer] ✅ DEU: Loaded 1/1 features
[BoundaryRenderer] Loading NLD from data/boundaries/countries/NLD-ADM0.geojson
07:26:49.479 ℹ️ [GATE 4] Anchor marker rendered at (34.7818, 32.0853) - independent of buildings/terrain
07:26:49.480 ℹ️ [GATE 4] Anchor marker rendered at (-122.4194, 37.7749) - independent of buildings/terrain
07:26:49.481 ℹ️ [GATE 4] Anchor marker rendered at (-0.1276, 51.5072) - independent of buildings/terrain
07:26:49.481 ℹ️ [GATE 4] Anchor marker rendered at (77.2090, 28.6139) - independent of buildings/terrain
07:26:49.481 ℹ️ [GATE 4] Anchor marker rendered at (139.6917, 35.6895) - independent of buildings/terrain
07:26:49.482 ℹ️ [GATE 4] Anchor marker rendered at (-46.6333, -23.5505) - independent of buildings/terrain
07:26:49.486 ℹ️ [VIS2] expandedSheetsAllowed=true scope=sheet
07:26:49.489 ℹ️ [VIS2] sheetTilesRendered count=19
07:26:49.489 ℹ️ [VIS2] enterSheet expanded=1 tiles=19
07:26:49.489 ℹ️ [LOD-BUDGET] frame sheetsDetailed=1 totalMarkers=5 totalPrims=59 totalEntities=63
[BoundaryRenderer] ✅ NLD: Loaded 1/1 features
[BoundaryRenderer] Loading EGY from data/boundaries/countries/EGY-ADM0.geojson
[BoundaryRenderer] ✅ EGY: Loaded 1/1 features
[BoundaryRenderer] Loading SAU from data/boundaries/countries/SAU-ADM0.geojson
[BoundaryRenderer] ✅ SAU: Loaded 1/1 features
[BoundaryRenderer] Loading IND from data/boundaries/countries/IND-ADM0.geojson
[BoundaryRenderer] ✅ IND: Loaded 1/1 features
[BoundaryRenderer] Loading CHN from data/boundaries/countries/CHN-ADM0.geojson
[BoundaryRenderer] ✅ CHN: Loaded 1/1 features
[BoundaryRenderer] Loading KOR from data/boundaries/countries/KOR-ADM0.geojson
[BoundaryRenderer] ✅ KOR: Loaded 1/1 features
[BoundaryRenderer] Loading ISR from data/boundaries/countries/ISR-ADM0.geojson
[BOUNDARY] reuse id=boundary-ISR-0-0050ba14
07:26:50.095 ℹ️ [GLOBE] country-set id=global-core loaded=26
[BoundaryRenderer] Loading USA from data/boundaries/countries/USA-ADM0.geojson
[BoundaryRenderer] Loading USA from data/boundaries/countries/USA-ADM0.geojson
07:26:50.235 ℹ️ [GLOBE] focus country=USA
07:26:50.235 ℹ️ [GLOBE] focus region=north-america
07:26:50.236 ℹ️ [GLOBE] hierarchy init cluster=globe countries=11
[BoundaryRenderer] Loading USA from data/boundaries/countries/USA-ADM0.geojson
[BoundaryRenderer] Loading ISR from data/boundaries/countries/ISR-ADM0.geojson
07:26:50.350 ℹ️ [GLOBE] country-set id=global-core loaded=26
07:26:50.351 ℹ️ [GLOBE] cluster level=globe focusCountry=USA
07:26:50.512 ℹ️ [CAM] basin-exit target=trunk.avgol
07:26:55.781 ℹ️ [VIS] sheetSelect resolved sheet=sheet.packaging reason=explicit
[VIS] sheetSelect resolved sheet=sheet.packaging reason=explicit
07:26:55.781 ℹ️ [VIS] enter sheet=sheet.packaging scope=sheet-only
[VIS] enter sheet=sheet.packaging scope=sheet-only
[.WebGL-0x68ac02605c00]GL Driver Message (OpenGL, Performance, GL_CLOSE_PATH_NV, High): Running out of reserved outsideRenderPass queueSerial. ending renderPass now.
[.WebGL-0x68ac02605c00]GL Driver Message (OpenGL, Performance, GL_CLOSE_PATH_NV, High): Running out of reserved outsideRenderPass queueSerial. ending renderPass now.
[.WebGL-0x68ac02605c00]GL Driver Message (OpenGL, Performance, GL_CLOSE_PATH_NV, High): Running out of reserved outsideRenderPass queueSerial. ending renderPass now.