[GOV] state-transition from=INIT to=DRAFT proposalId=PROPOSAL-LCK3-001 scope=zone.avgol.ops
[GOV] state-transition from=DRAFT to=HOLD proposalId=PROPOSAL-LCK3-001 scope=zone.avgol.ops
[GOV] state-transition from=HOLD to=PROPOSE proposalId=PROPOSAL-LCK3-001 scope=zone.avgol.ops
[GOV] state-transition from=PROPOSE to=VOTE_WINDOW proposalId=PROPOSAL-LCK3-001 scope=zone.avgol.ops
[GOV] delegation-resolve proposalId=PROPOSAL-LCK3-001 directVotes=2 delegatedVotes=1
[GOV] quorum-eval proposalId=PROPOSAL-LCK3-001 eligible=3 participated=3 threshold=0.3 result=PASS
[GOV] state-transition from=VOTE_WINDOW to=PASS proposalId=PROPOSAL-LCK3-001 scope=zone.avgol.ops
[GOV] stage-unlock proposalId=PROPOSAL-LCK3-001 voteResult=PASS commitRequired=true commitId=commit.lck3.20260211
[GOV] scope-isolation proposalId=PROPOSAL-LCK3-001 proposalScope=zone.avgol.ops commitScope=zone.avgol.ops result=PASS
[GOV] state-transition from=PASS to=COMMIT proposalId=PROPOSAL-LCK3-001 scope=zone.avgol.ops
[GOV] state-transition from=INIT to=DRAFT proposalId=PROPOSAL-LCK3-002 scope=zone.avgol.ops
[GOV] state-transition from=DRAFT to=HOLD proposalId=PROPOSAL-LCK3-002 scope=zone.avgol.ops
[GOV] state-transition from=HOLD to=PROPOSE proposalId=PROPOSAL-LCK3-002 scope=zone.avgol.ops
[GOV] state-transition from=PROPOSE to=VOTE_WINDOW proposalId=PROPOSAL-LCK3-002 scope=zone.avgol.ops
[GOV] delegation-resolve proposalId=PROPOSAL-LCK3-002 directVotes=2 delegatedVotes=0
[GOV] quorum-eval proposalId=PROPOSAL-LCK3-002 eligible=3 participated=2 threshold=0.3 result=VETO
[GOV] state-transition from=VOTE_WINDOW to=VETO proposalId=PROPOSAL-LCK3-002 scope=zone.avgol.ops
[GOV] veto proposalId=PROPOSAL-LCK3-002 by=manager|user.manager1 action=HOLD_RECONCILE scope=zone.avgol.ops
[GOV] state-transition from=VETO to=HOLD proposalId=PROPOSAL-LCK3-002 scope=zone.avgol.ops
[LCK3] summary={"proposalId":"PROPOSAL-LCK3-001","pass":true,"voteResult":"PASS","eligible":3,"participated":3,"threshold":0.3,"snapshotHash":"c99b1790"}
