==============================================================
[MOCK-TREE] VIS-MOCK-TREE-HISTORY-1 proof starting
[MOCK-TREE] date=2026-02-14
==============================================================
[NAV] loading launch URL...
[NAV] waiting for Cesium + tree render...

-- STAGE 1: Three Department Branches --
[MOCK-TREE] deptBranches=5
[MOCK-TREE] stage=threeBranches result=PASS

-- STAGE 2: Timebox Slabs Rendered --
[MOCK-TREE] slabLog=true vis4Pass=true primCount=469
[MOCK-TREE] stage=slabsRendered result=PASS

-- STAGE 3: Platform Count >= 6 --
[MOCK-TREE] platformCount=25
[MOCK-TREE] stage=platformCount result=PASS

-- STAGE 4: Timebox Input Source (Tightening 2) --
[MOCK-TREE] timeboxSourceLog=false timeboxSourceProp=true
[MOCK-TREE] stage=timeboxSource result=PASS

-- Screenshot --
[MOCK-TREE] screenshot 01-mock-tree-overview.png (canvas)

==============================================================
[MOCK-TREE] gate-summary result=PASS stages=4 pass=4 fail=0
[MOCK-TREE]   threeBranches: PASS
[MOCK-TREE]   slabsRendered: PASS
[MOCK-TREE]   platformCount: PASS
[MOCK-TREE]   timeboxSource: PASS
[TIMEBOX] slabs rendered=PASS count=469 scope=company

-- Console [VIS4] + [TIMEBOX] + [SHEET-PLATFORM] lines --
  13:07:46.350 ℹ️ [VIS4] slabsRendered scope=company objects=6 slabs=22 capped=false
  13:07:46.350 ℹ️ [VIS4] companySlabs result=PASS deptBranches=5 trunkSlabs=6
  13:07:46.351 ℹ️ [VIS4] gate-summary result=PASS
  13:07:47.214 ℹ️ [VIS4] slabsRendered scope=sheet objects=1 slabs=1 capped=false
  13:07:47.214 ℹ️ [VIS4] sheetSlabs result=PASS sheet=MFG.MaterialIssues slabs=1
  13:07:47.214 ℹ️ [VIS4] gate-summary result=PASS
==============================================================