[ENU] Coordinate system loaded - all geometry in meters
20:06:29.502 ℹ️ [Z] mode=DRAFT user=local target=none previous=INIT
20:06:29.527 ℹ️ 🚀 Relay Cesium World starting...
20:06:29.529 ℹ️ 🌍 Initializing Cesium Viewer...
20:06:29.530 ℹ️ ✅ Terrain provider created (Ellipsoid)
20:06:29.531 ℹ️ ✅ Imagery provider created (OpenStreetMap tiles loading...)
20:06:29.574 ℹ️ ✅ Viewer created
20:06:29.576 ℹ️ [GLOBE] imagery mode=osm provider=OpenStreetMap
20:06:29.576 ℹ️ [PRES] colorCorrection added=PASS vignette=ON coolTone=ON
20:06:29.577 ℹ️ [PRES] postFX enabled=PASS fxaa=ON bloom=ON colorCorrect=ON
20:06:29.577 ℹ️ [PRES] fog enabled=PASS density=0.00048
20:06:29.579 ℹ️ ℹ️ 3D Buildings skipped (no Cesium Ion token configured)
20:06:29.579 ⚠️ ⚠️ Buildings marked as DEGRADED
20:06:29.580 ℹ️ 🌍 Cesium Viewer initialized successfully
20:06:29.580 ℹ️ [LAUNCH-FIX] basemapDim brightness=0.28 contrast=0.55 saturation=0.05 gamma=1.6 applied=PASS
20:06:29.581 ℹ️ [LAUNCH] visibilityMode enabled=PASS scale=0.25 trunkPrimitive=cylinder widthFloors=ON basemapDimming=ON
20:06:29.581 ℹ️ [PRES] environmentDeemphasis applied=PASS brightness=0.28 saturation=0.05 gamma=1.6
20:06:29.582 ℹ️ [GLOBE] services weatherBase=http://127.0.0.1:4020
20:06:29.582 ℹ️ [GLOBE] imagery registry enabled modes=local,clean-street,satellite,hybrid,osm,dark,minimalist
20:06:29.583 ℹ️ [CAM] restore-POV skipped for launch (deterministic frame)
20:06:29.583 ℹ️ [INPUT] owner=CAMERA mode=FreeFly reason=default
20:06:29.584 ℹ️ [FilamentRenderer] Initialized (Phase 2.1 Primitives)
[RelationshipRenderer] Initialized
[RelationshipRenderer] Cleared all relationships
20:06:29.584 ℹ️ [F2] clearedEdges=0 clearedScars=0
20:06:29.585 ℹ️ 🧹 Filament renderer cleared
[BoundaryRenderer] DataSource created and added to viewer
[BoundaryRenderer] Initialized
20:06:29.586 ℹ️ 🌍 Loading boundaries (fail-soft)...
[BoundaryRenderer] Loading ISR from data/boundaries/countries/ISR-ADM0.geojson
[BoundaryRenderer] Loading USA from data/boundaries/countries/USA-ADM0.geojson
20:06:29.587 ℹ️ [BOUNDARY-EDITOR] Initialized
20:06:29.587 ℹ️ 🌲 Loading demo tree...
[GroupMarkerNotSet(crbug.com/242999)!:A0702400245F0000]Automatic fallback to software WebGL has been deprecated. Please use the --enable-unsafe-swiftshader (about:flags#enable-unsafe-swiftshader) flag to opt in to lower security guarantees for trusted content.
[.WebGL-0x759402641c00]GL Driver Message (OpenGL, Performance, GL_CLOSE_PATH_NV, High): GPU stall due to ReadPixels
[.WebGL-0x759402641c00]GL Driver Message (OpenGL, Performance, GL_CLOSE_PATH_NV, High): GPU stall due to ReadPixels
[BoundaryRenderer] ✅ ISR: Loaded 1/1 features
20:06:30.264 ℹ️ [B2-PROOF] threeWayMatch mismatch matchId=3WM-001 poLineId=POL-001 grLineId=GRL-001 invLineId=IL-001 status=MATCH qtyVar=0 priceVar=0
20:06:30.265 ℹ️ [B2-PROOF] threeWayMatch mismatch matchId=3WM-002 poLineId=POL-002 grLineId=GRL-002 invLineId=IL-002 status=MATCH qtyVar=0 priceVar=0
20:06:30.265 ℹ️ [B2-PROOF] threeWayMatch mismatch matchId=3WM-003 poLineId=POL-003 grLineId=GRL-003 invLineId=IL-003 status=PRICE_EXCEPTION qtyVar=0 priceVar=50
20:06:30.266 ℹ️ [B2-PROOF] threeWayMatch mismatch matchId=3WM-004 poLineId=POL-004 grLineId=GRL-004 invLineId=IL-004 status=PRICE_EXCEPTION qtyVar=0 priceVar=0.5
20:06:30.266 ℹ️ [B2-PROOF] threeWayMatch mismatch matchId=3WM-005 poLineId=POL-005 grLineId=GRL-005 invLineId=IL-005 status=QTY_EXCEPTION qtyVar=2 priceVar=2
20:06:30.266 ℹ️ [B2-PROOF] threeWayMatch mismatch matchId=3WM-006 poLineId=POL-006 grLineId= invLineId= status=UNMATCHED qtyVar=N/A priceVar=N/A
20:06:30.267 ℹ️ [B2-PROOF] threeWayMatch unmatched invoice matchId=3WM-007 invLineId=IL-006 (no PO link)
20:06:30.267 ℹ️ [B2-PROOF] buildMatches complete: 15 match rows, 9 exceptions/unmatched, rebuilt=P2P.ThreeWayMatch,P2P.InvoiceToGLMatch,P2P.InvoiceToPaymentMatch
20:06:30.268 ℹ️ [B3-PROOF] buildSummaryData: 3 summary sheets, 35 formula cells (zero JS aggregation)
20:06:30.268 ℹ️ [MODULE] P2P loaded: 13 sheets (7 fact + 3 match + 3 summary), 127 columns
20:06:30.269 ℹ️ [MODULE]   FC1: P2P.RequisitionLines (12 cols)
20:06:30.269 ℹ️ [MODULE]   FC2: P2P.POLines (13 cols)
20:06:30.269 ℹ️ [MODULE]   FC3: P2P.GRLines (10 cols)
20:06:30.269 ℹ️ [MODULE]   FC4: P2P.InvoiceLines (16 cols)
20:06:30.270 ℹ️ [MODULE]   FC5: P2P.PaymentLines (14 cols)
20:06:30.270 ℹ️ [MODULE]   FC7: P2P.BankStatementLines (7 cols)
20:06:30.270 ℹ️ [MODULE]   FC6: P2P.GLPostingLines (11 cols)
20:06:30.270 ℹ️ [MODULE]   MC1: P2P.ThreeWayMatch (14 cols, 7 match rows)
20:06:30.271 ℹ️ [MODULE]   MC2: P2P.InvoiceToGLMatch (10 cols, 4 match rows)
20:06:30.271 ℹ️ [MODULE]   MC3: P2P.InvoiceToPaymentMatch (11 cols, 4 match rows)
20:06:30.271 ℹ️ [MODULE]   SC1: P2P.AP_Aging (2 cols, 13 formula rows)
20:06:30.271 ℹ️ [MODULE]   SC2: P2P.MatchRateSummary (2 cols, 7 formula rows)
20:06:30.272 ℹ️ [MODULE]   SC3: P2P.SpendByCategory (5 cols, 5 formula rows)
20:06:30.272 ℹ️ [MODULE] KPI bindings: 3 metrics → branch.p2p
20:06:30.272 ℹ️ [MODULE]   matchRate: P2P.MatchRateSummary!B8 (%)
20:06:30.272 ℹ️ [MODULE]   dpo: P2P.AP_Aging!B13 (days)
20:06:30.273 ℹ️ [MODULE]   outstanding: P2P.AP_Aging!B4 (USD)
20:06:30.273 ℹ️ [MODULE] P2P merged into tree: +27 nodes, +27 edges
[.WebGL-0x759402641c00]GL Driver Message (OpenGL, Performance, GL_CLOSE_PATH_NV, High): GPU stall due to ReadPixels
[BoundaryRenderer] ✅ USA: Loaded 1/1 features
20:06:30.436 ℹ️ [BOUNDARY] containsll suite=PASS polygons=1 multipolygons=1 holes=0
20:06:30.437 ℹ️ [BOUNDARY] containsll hole-suite=PASS probes=3
20:06:30.437 ℹ️ [BOUNDARY] restore result=PASS renderer=BoundaryRenderer containsLL=PASS ISR=1 USA=1
20:06:30.437 ℹ️ [GATE] G3 status=PASS evidence=runtime-boundary-selftest
20:06:30.438 ℹ️ [UX] boundaries=ACTIVE mode=READ_ONLY
20:06:30.438 ℹ️ [BOUNDARY] voting-scope mode=BOUNDARY_ENABLED reason=boundary-pass
[.WebGL-0x759402641c00]GL Driver Message (OpenGL, Performance, GL_CLOSE_PATH_NV, High): GPU stall due to ReadPixels (this message will no longer repeat)
20:06:30.678 ℹ️ [B2-PROOF] threeWayMatch unmatched invoice matchId=3WM-001 invLineId=undefined (no PO link)
20:06:30.679 ℹ️ [B2-PROOF] threeWayMatch unmatched invoice matchId=3WM-002 invLineId=undefined (no PO link)
20:06:30.679 ℹ️ [B2-PROOF] threeWayMatch unmatched invoice matchId=3WM-003 invLineId=undefined (no PO link)
20:06:30.679 ℹ️ [B2-PROOF] threeWayMatch unmatched invoice matchId=3WM-004 invLineId=undefined (no PO link)
20:06:30.680 ℹ️ [B2-PROOF] threeWayMatch unmatched invoice matchId=3WM-005 invLineId=undefined (no PO link)
20:06:30.680 ℹ️ [B2-PROOF] threeWayMatch unmatched invoice matchId=3WM-006 invLineId=undefined (no PO link)
20:06:30.680 ℹ️ [B2-PROOF] buildMatches complete: 8 match rows, 8 exceptions/unmatched, rebuilt=P2P.ThreeWayMatch,P2P.InvoiceToGLMatch,P2P.InvoiceToPaymentMatch,MFG.WOIssueMatch
20:06:30.681 ℹ️ [B3-PROOF] buildSummaryData: 1 summary sheets, 4 formula cells (zero JS aggregation)
20:06:30.681 ℹ️ [MODULE] MFG loaded: 6 sheets (4 fact + 1 match + 1 summary), 29 columns
20:06:30.681 ℹ️ [MODULE]   FC1: MFG.WorkOrders (5 cols)
20:06:30.682 ℹ️ [MODULE]   FC2: MFG.MaterialIssues (5 cols)
20:06:30.683 ℹ️ [MODULE]   FC3: MFG.ScrapEvents (5 cols)
20:06:30.683 ℹ️ [MODULE]   FC4: MFG.QualityChecks (4 cols)
20:06:30.684 ℹ️ [MODULE]   MC1: MFG.WOIssueMatch (8 cols, 0 match rows)
20:06:30.684 ℹ️ [MODULE]   SC1: MFG.ProductionSummary (2 cols, 4 formula rows)
20:06:30.684 ℹ️ [MODULE] KPI bindings: 1 metrics → branch.mfg
20:06:30.685 ℹ️ [MODULE]   issueCoverage: MFG.ProductionSummary!B4 (%)
20:06:30.685 ℹ️ [MODULE] MFG merged into tree: +13 nodes, +13 edges
20:06:30.805 ℹ️ [BOUNDARY] manifestLoaded countries=27
[BoundaryRenderer] Loading USA from data/boundaries/countries/USA-ADM0.geojson
20:06:31.286 ℹ️ [ROUTE] loaded 12 routes from group "p2p" (module: P2P)
20:06:31.286 ℹ️ [ROUTE]   p2p.requisition → P2P.RequisitionLines (keys: reqId, reqLineId)
20:06:31.287 ℹ️ [ROUTE]   p2p.purchaseOrder → P2P.POLines (keys: poId, poLineId)
20:06:31.287 ℹ️ [ROUTE]   p2p.goodsReceipt → P2P.GRLines (keys: grId, grLineId)
20:06:31.287 ℹ️ [ROUTE]   p2p.invoice → P2P.InvoiceLines (keys: invId, invLineId)
20:06:31.288 ℹ️ [ROUTE]   p2p.payment → P2P.PaymentLines (keys: paymentId, payLineId)
20:06:31.288 ℹ️ [ROUTE]   p2p.pr → P2P.RequisitionLines (keys: reqId, reqLineId)
20:06:31.288 ℹ️ [ROUTE]   p2p.po → P2P.POLines (keys: poId, poLineId)
20:06:31.288 ℹ️ [ROUTE]   p2p.gr → P2P.GRLines (keys: grId, grLineId)
20:06:31.289 ℹ️ [ROUTE]   p2p.inv → P2P.InvoiceLines (keys: invId, invLineId)
20:06:31.289 ℹ️ [ROUTE]   p2p.pay → P2P.PaymentLines (keys: paymentId, payLineId)
20:06:31.290 ℹ️ [ROUTE]   p2p.bankStatement → P2P.BankStatementLines (keys: bankLineId)
20:06:31.290 ℹ️ [ROUTE]   p2p.glPosting → P2P.GLPostingLines (keys: glDocId, glLineId)
[BOUNDARY] reuse id=boundary-USA-0-6c62914d
20:06:31.554 ℹ️ [BOUNDARY] skipMissing country=CAN reason=not_in_manifest
20:06:31.555 ℹ️ [BOUNDARY] skipMissing country=MEX reason=not_in_manifest
[BoundaryRenderer] Loading BRA from data/boundaries/countries/BRA-ADM0.geojson
20:06:31.701 ℹ️ [ROUTE] loaded 4 routes from group "mfg" (module: MFG)
20:06:31.702 ℹ️ [ROUTE]   mfg.workOrder → MFG.WorkOrders (keys: workOrderId)
20:06:31.702 ℹ️ [ROUTE]   mfg.materialIssue → MFG.MaterialIssues (keys: issueId)
20:06:31.702 ℹ️ [ROUTE]   mfg.scrapEvent → MFG.ScrapEvents (keys: scrapId)
20:06:31.703 ℹ️ [ROUTE]   mfg.qualityCheck → MFG.QualityChecks (keys: qcId)
20:06:31.708 ℹ️ [D1-AGG] trunk=trunk.avgol metrics=4 hash=0x663fa7ee
20:06:31.710 ℹ️ ✅ Demo tree rendered: Avgol @ Tel Aviv
20:06:31.779 ℹ️ [F2] clearedEdges=0 clearedScars=0
20:06:31.782 ℹ️ 🧹 Filament renderer cleared
20:06:31.782 ℹ️ [PRES] launchTransform scale=0.25 uOffset=0 applied=PASS
20:06:31.782 ℹ️ [LAUNCH-FIX] visualHierarchy applied=PASS tilesAlpha=0.05 trunkCore=0.85
20:06:31.783 ℹ️ [LAUNCH-THEME] tokens loaded trunk=thinPillar tile=horizontalPlatform filament=rain
20:06:31.783 ℹ️ [GATE] launchVisibility semantics=UNCHANGED enuChecks=RAW
20:06:31.783 ℹ️ [LAUNCH] widthFloors trunk=20m branches=13/10/6 tiles=120x70m rule=uniform
20:06:31.784 ℹ️ [PRES] trunkStyle applied=PASS mode=core+shell coreR=10 shellR=16
20:06:31.784 ℹ️ [PRES] branchStyle applied=PASS ribMode=ON ribScale=0.3 emissive=ON alpha=0.30
20:06:31.785 ℹ️ [SHEET-PLATFORM] layout=LANDSCAPE w=120 h=70 cols=12 rows=6 header=ON
20:06:31.785 ℹ️ [PRES] sheetPlatform grid=PASS majorLines=16 mode=overview normal=UP horizontal=ON landscape=120x70
20:06:31.785 ℹ️ [PRES] tileFloatMode=PASS supportFilaments=ON fillAlpha=0.05 borderAlpha=1.0
20:06:31.786 ℹ️ [PRES] filamentRain enabled=PASS density=5
20:06:31.786 ℹ️ [PRES] rootGlow enabled=PASS radius=80 alpha=0.10
20:06:31.787 ℹ️ [BUILD] renderer=filament VIS-RADIAL-CANOPY-1
20:06:31.787 ℹ️ 🌲 Rendering tree: 67 nodes, 66 edges
20:06:31.787 ℹ️ [THICKNESS] cell=1.00m spine=3.00m branch=24.00m trunk=30.00m root=12.00m
20:06:31.788 ℹ️ [CANOPY] launchTemplateOverride=PASS
20:06:31.788 ℹ️ [GATE 4] Anchor marker rendered at (34.7818, 32.0853) - independent of buildings/terrain
20:06:31.789 ℹ️ [Phase 2.3] Root continuation: 1000m below anchor (aligned to ENU Up/Down)
20:06:31.791 ℹ️ [FilamentRenderer] ⏰ Timeboxes: 6 on trunk trunk.avgol
20:06:31.793 ℹ️ [PRES] tether rendered=PASS
20:06:31.794 ℹ️ [PRES] buildingAnchorProxy rendered=PASS reason=buildings-degraded
20:06:31.794 ℹ️ [VIS] voteFilter LOD=COMPANY override=ALL
20:06:31.796 ℹ️ [FilamentRenderer] ⏰ Timeboxes: 5 on branch branch.operations
20:06:31.797 ℹ️ [FilamentRenderer] ⏰ Timeboxes: 4 on branch branch.finance
20:06:31.798 ℹ️ [FilamentRenderer] ⏰ Timeboxes: 5 on branch branch.supplychain
20:06:31.799 ℹ️ [FilamentRenderer] ⏰ Timeboxes: 5 on branch branch.quality
20:06:31.800 ℹ️ [FilamentRenderer] ⏰ Timeboxes: 4 on branch branch.maintenance
20:06:31.800 ℹ️ [FilamentRenderer] ⏰ Timeboxes: 5 on branch branch.it
20:06:31.801 ℹ️ [GATE 2] Branch branch.p2p:
20:06:31.802 ℹ️   ENU Start: (E=0, N=192, U=2000)
20:06:31.802 ℹ️   ENU End: (E=800, N=192, U=2000)
20:06:31.802 ℹ️   Branch Length: 800.0m
20:06:31.803 ℹ️ [FilamentRenderer] ⏰ Timeboxes: 1 on branch branch.p2p
20:06:31.803 ℹ️ [GATE 2] Branch branch.p2p.fc1:
20:06:31.803 ℹ️   ENU Start: (E=0, N=224, U=2000)
20:06:31.804 ℹ️   ENU End: (E=800, N=224, U=2000)
20:06:31.804 ℹ️   Branch Length: 800.0m
20:06:31.805 ℹ️ [FilamentRenderer] ⏰ Timeboxes: 1 on branch branch.p2p.fc1
20:06:31.805 ℹ️ [GATE 2] Branch branch.p2p.fc2:
20:06:31.805 ℹ️   ENU Start: (E=0, N=256, U=2000)
20:06:31.806 ℹ️   ENU End: (E=800, N=256, U=2000)
20:06:31.806 ℹ️   Branch Length: 800.0m
20:06:31.807 ℹ️ [FilamentRenderer] ⏰ Timeboxes: 1 on branch branch.p2p.fc2
20:06:31.807 ℹ️ [GATE 2] Branch branch.p2p.fc3:
20:06:31.807 ℹ️   ENU Start: (E=0, N=288, U=2000)
20:06:31.808 ℹ️   ENU End: (E=800, N=288, U=2000)
20:06:31.808 ℹ️   Branch Length: 800.0m
20:06:31.808 ℹ️ [FilamentRenderer] ⏰ Timeboxes: 1 on branch branch.p2p.fc3
20:06:31.809 ℹ️ [GATE 2] Branch branch.p2p.fc4:
20:06:31.809 ℹ️   ENU Start: (E=0, N=320, U=2000)
20:06:31.809 ℹ️   ENU End: (E=800, N=320, U=2000)
20:06:31.810 ℹ️   Branch Length: 800.0m
20:06:31.810 ℹ️ [FilamentRenderer] ⏰ Timeboxes: 1 on branch branch.p2p.fc4
20:06:31.811 ℹ️ [GATE 2] Branch branch.p2p.fc5:
20:06:31.811 ℹ️   ENU Start: (E=0, N=352, U=2000)
20:06:31.811 ℹ️   ENU End: (E=800, N=352, U=2000)
20:06:31.812 ℹ️   Branch Length: 800.0m
20:06:31.812 ℹ️ [FilamentRenderer] ⏰ Timeboxes: 1 on branch branch.p2p.fc5
20:06:31.813 ℹ️ [GATE 2] Branch branch.p2p.fc7:
20:06:31.813 ℹ️   ENU Start: (E=0, N=384, U=2000)
20:06:31.813 ℹ️   ENU End: (E=800, N=384, U=2000)
20:06:31.814 ℹ️   Branch Length: 800.0m
20:06:31.814 ℹ️ [FilamentRenderer] ⏰ Timeboxes: 1 on branch branch.p2p.fc7
20:06:31.814 ℹ️ [GATE 2] Branch branch.p2p.fc6:
20:06:31.815 ℹ️   ENU Start: (E=0, N=416, U=2000)
20:06:31.815 ℹ️   ENU End: (E=800, N=416, U=2000)
20:06:31.815 ℹ️   Branch Length: 800.0m
20:06:31.816 ℹ️ [FilamentRenderer] ⏰ Timeboxes: 1 on branch branch.p2p.fc6
20:06:31.817 ℹ️ [GATE 2] Branch branch.p2p.mc1:
20:06:31.817 ℹ️   ENU Start: (E=0, N=448, U=2000)
20:06:31.817 ℹ️   ENU End: (E=800, N=448, U=2000)
20:06:31.818 ℹ️   Branch Length: 800.0m
20:06:31.819 ℹ️ [FilamentRenderer] ⏰ Timeboxes: 1 on branch branch.p2p.mc1
20:06:31.819 ℹ️ [GATE 2] Branch branch.p2p.mc2:
20:06:31.820 ℹ️   ENU Start: (E=0, N=480, U=2000)
20:06:31.820 ℹ️   ENU End: (E=800, N=480, U=2000)
20:06:31.820 ℹ️   Branch Length: 800.0m
20:06:31.821 ℹ️ [FilamentRenderer] ⏰ Timeboxes: 1 on branch branch.p2p.mc2
20:06:31.822 ℹ️ [GATE 2] Branch branch.p2p.mc3:
20:06:31.822 ℹ️   ENU Start: (E=0, N=512, U=2000)
20:06:31.823 ℹ️   ENU End: (E=800, N=512, U=2000)
20:06:31.823 ℹ️   Branch Length: 800.0m
20:06:31.824 ℹ️ [FilamentRenderer] ⏰ Timeboxes: 1 on branch branch.p2p.mc3
20:06:31.824 ℹ️ [GATE 2] Branch branch.p2p.sc1:
20:06:31.825 ℹ️   ENU Start: (E=0, N=544, U=2000)
20:06:31.825 ℹ️   ENU End: (E=800, N=544, U=2000)
20:06:31.825 ℹ️   Branch Length: 800.0m
20:06:31.826 ℹ️ [FilamentRenderer] ⏰ Timeboxes: 1 on branch branch.p2p.sc1
20:06:31.826 ℹ️ [GATE 2] Branch branch.p2p.sc2:
20:06:31.826 ℹ️   ENU Start: (E=0, N=576, U=2000)
20:06:31.827 ℹ️   ENU End: (E=800, N=576, U=2000)
20:06:31.827 ℹ️   Branch Length: 800.0m
20:06:31.828 ℹ️ [FilamentRenderer] ⏰ Timeboxes: 1 on branch branch.p2p.sc2
20:06:31.828 ℹ️ [GATE 2] Branch branch.p2p.sc3:
20:06:31.828 ℹ️   ENU Start: (E=0, N=608, U=2000)
20:06:31.829 ℹ️   ENU End: (E=800, N=608, U=2000)
20:06:31.829 ℹ️   Branch Length: 800.0m
20:06:31.829 ℹ️ [FilamentRenderer] ⏰ Timeboxes: 1 on branch branch.p2p.sc3
20:06:31.830 ℹ️ [GATE 2] Branch branch.mfg:
20:06:31.830 ℹ️   ENU Start: (E=0, N=640, U=2000)
20:06:31.830 ℹ️   ENU End: (E=800, N=640, U=2000)
20:06:31.831 ℹ️   Branch Length: 800.0m
20:06:31.831 ℹ️ [FilamentRenderer] ⏰ Timeboxes: 1 on branch branch.mfg
20:06:31.832 ℹ️ [GATE 2] Branch branch.mfg.fc1:
20:06:31.832 ℹ️   ENU Start: (E=0, N=672, U=2000)
20:06:31.832 ℹ️   ENU End: (E=800, N=672, U=2000)
20:06:31.833 ℹ️   Branch Length: 800.0m
20:06:31.833 ℹ️ [FilamentRenderer] ⏰ Timeboxes: 1 on branch branch.mfg.fc1
20:06:31.833 ℹ️ [GATE 2] Branch branch.mfg.fc2:
20:06:31.834 ℹ️   ENU Start: (E=0, N=704, U=2000)
20:06:31.834 ℹ️   ENU End: (E=800, N=704, U=2000)
20:06:31.834 ℹ️   Branch Length: 800.0m
20:06:31.835 ℹ️ [FilamentRenderer] ⏰ Timeboxes: 1 on branch branch.mfg.fc2
20:06:31.835 ℹ️ [GATE 2] Branch branch.mfg.fc3:
20:06:31.835 ℹ️   ENU Start: (E=0, N=736, U=2000)
20:06:31.836 ℹ️   ENU End: (E=800, N=736, U=2000)
20:06:31.836 ℹ️   Branch Length: 800.0m
20:06:31.837 ℹ️ [FilamentRenderer] ⏰ Timeboxes: 1 on branch branch.mfg.fc3
20:06:31.837 ℹ️ [GATE 2] Branch branch.mfg.fc4:
20:06:31.837 ℹ️   ENU Start: (E=0, N=768, U=2000)
20:06:31.838 ℹ️   ENU End: (E=800, N=768, U=2000)
20:06:31.838 ℹ️   Branch Length: 800.0m
20:06:31.839 ℹ️ [FilamentRenderer] ⏰ Timeboxes: 1 on branch branch.mfg.fc4
20:06:31.839 ℹ️ [GATE 2] Branch branch.mfg.mc1:
20:06:31.839 ℹ️   ENU Start: (E=0, N=800, U=2000)
20:06:31.840 ℹ️   ENU End: (E=800, N=800, U=2000)
20:06:31.840 ℹ️   Branch Length: 800.0m
20:06:31.840 ℹ️ [FilamentRenderer] ⏰ Timeboxes: 1 on branch branch.mfg.mc1
20:06:31.841 ℹ️ [GATE 2] Branch branch.mfg.sc1:
20:06:31.841 ℹ️   ENU Start: (E=0, N=832, U=2000)
20:06:31.841 ℹ️   ENU End: (E=800, N=832, U=2000)
20:06:31.842 ℹ️   Branch Length: 800.0m
20:06:31.842 ℹ️ [FilamentRenderer] ⏰ Timeboxes: 1 on branch branch.mfg.sc1
20:06:31.843 ℹ️ [PRES] junctions rendered=PASS count=8
20:06:31.843 ℹ️ [VIS2] expandedSheetsAllowed=false scope=world
20:06:31.844 ℹ️ [VIS2] suppressSheetDetail=true expandedSheetsAllowed=false selectedSheet=none lod=COMPANY
20:06:31.845 ℹ️ [RING] applied=PASS nodes=9 scope=company lod=COMPANY
20:06:31.845 ℹ️ [RING] mapping thickness=pressure pulse=voteEnergy color=stateQuality
20:06:31.845 ℹ️ [VIS2] deptSpinesRendered count=8
20:06:31.846 ℹ️ [S1] SheetsRendered=0 Expected=0
20:06:31.846 ℹ️ [VIS2] companyCollapsed result=PASS sheetsRendered=0 lod=COMPANY scope=world expandedSheetsAllowed=false
20:06:31.847 ℹ️ [SHEET-META] set sheet=sheet.packaging center=ok axes=ok normal=ok dims=400x144 cells=10x6 src=tile
20:06:31.848 ℹ️ [SHEET-META] set sheet=sheet.mfg.materialIssues center=ok axes=ok normal=ok dims=400x144 cells=6x10 src=tile
20:06:31.849 ℹ️ [SHEET-META] set sheet=sheet.fin.apAging center=ok axes=ok normal=ok dims=400x144 cells=8x10 src=tile
20:06:31.850 ℹ️ [SHEET-META] set sheet=sheet.fin.cashForecast center=ok axes=ok normal=ok dims=400x144 cells=6x8 src=tile
20:06:31.850 ℹ️ [SHEET-META] set sheet=sheet.ops.productionSummary center=ok axes=ok normal=ok dims=400x144 cells=6x8 src=tile
20:06:31.851 ℹ️ [SHEET-META] set sheet=sheet.ops.shiftReport center=ok axes=ok normal=ok dims=400x144 cells=6x8 src=tile
20:06:31.851 ℹ️ [SHEET-META] set sheet=sheet.fin.budgetVariance center=ok axes=ok normal=ok dims=400x144 cells=6x6 src=tile
20:06:31.852 ℹ️ [SHEET-META] set sheet=sheet.scm.inventoryLevels center=ok axes=ok normal=ok dims=400x144 cells=8x6 src=tile
20:06:31.852 ℹ️ [SHEET-META] set sheet=sheet.qa.auditFindings center=ok axes=ok normal=ok dims=400x144 cells=8x8 src=tile
20:06:31.852 ℹ️ [SHEET-META] set sheet=sheet.qa.ncTracking center=ok axes=ok normal=ok dims=400x144 cells=6x8 src=tile
20:06:31.853 ℹ️ [SHEET-META] set sheet=sheet.qa.spcCharts center=ok axes=ok normal=ok dims=400x144 cells=6x6 src=tile
20:06:31.853 ℹ️ [SHEET-META] set sheet=sheet.mnt.workOrders center=ok axes=ok normal=ok dims=400x144 cells=8x8 src=tile
20:06:31.854 ℹ️ [SHEET-META] set sheet=sheet.mnt.assetRegistry center=ok axes=ok normal=ok dims=400x144 cells=6x8 src=tile
20:06:31.854 ℹ️ [SHEET-META] set sheet=sheet.mnt.sparePartsInventory center=ok axes=ok normal=ok dims=400x144 cells=6x6 src=tile
20:06:31.855 ℹ️ [SHEET-META] set sheet=sheet.it.systemUptime center=ok axes=ok normal=ok dims=400x144 cells=6x8 src=tile
20:06:31.855 ℹ️ [SHEET-META] set sheet=sheet.it.changeRequests center=ok axes=ok normal=ok dims=400x144 cells=8x8 src=tile
20:06:31.855 ℹ️ [SHEET-META] set sheet=sheet.it.projectTracker center=ok axes=ok normal=ok dims=400x144 cells=8x8 src=tile
20:06:31.856 ℹ️ [SHEET-META] set sheet=sheet.it.securityDashboard center=ok axes=ok normal=ok dims=400x144 cells=6x6 src=tile
20:06:31.856 ℹ️ [SHEET-META] set sheet=sheet.scm.inboundRequests center=ok axes=ok normal=ok dims=400x144 cells=8x10 src=tile
20:06:31.857 ℹ️ [SHEET-META] set sheet=sheet.scm.supplierScorecard center=ok axes=ok normal=ok dims=400x144 cells=6x8 src=tile
20:06:31.857 ℹ️ [SHEET-META] set sheet=P2P.RequisitionLines center=ok axes=ok normal=ok dims=400x144 cells=7x12 src=tile
20:06:31.858 ℹ️ [SHEET-META] set sheet=P2P.POLines center=ok axes=ok normal=ok dims=400x144 cells=7x13 src=tile
20:06:31.858 ℹ️ [SHEET-META] set sheet=P2P.GRLines center=ok axes=ok normal=ok dims=400x144 cells=6x10 src=tile
20:06:31.859 ℹ️ [SHEET-META] set sheet=P2P.InvoiceLines center=ok axes=ok normal=ok dims=400x144 cells=7x16 src=tile
20:06:31.859 ℹ️ [SHEET-META] set sheet=P2P.PaymentLines center=ok axes=ok normal=ok dims=400x144 cells=5x14 src=tile
20:06:31.859 ℹ️ [SHEET-META] set sheet=P2P.BankStatementLines center=ok axes=ok normal=ok dims=400x144 cells=1x7 src=tile
20:06:31.860 ℹ️ [SHEET-META] set sheet=P2P.GLPostingLines center=ok axes=ok normal=ok dims=400x144 cells=9x11 src=tile
20:06:31.860 ℹ️ [SHEET-META] set sheet=P2P.ThreeWayMatch center=ok axes=ok normal=ok dims=400x144 cells=8x14 src=tile
20:06:31.861 ℹ️ [SHEET-META] set sheet=P2P.InvoiceToGLMatch center=ok axes=ok normal=ok dims=400x144 cells=5x10 src=tile
20:06:31.861 ℹ️ [SHEET-META] set sheet=P2P.InvoiceToPaymentMatch center=ok axes=ok normal=ok dims=400x144 cells=5x11 src=tile
20:06:31.862 ℹ️ [SHEET-META] set sheet=P2P.AP_Aging center=ok axes=ok normal=ok dims=400x144 cells=14x2 src=tile
20:06:31.862 ℹ️ [SHEET-META] set sheet=P2P.MatchRateSummary center=ok axes=ok normal=ok dims=400x144 cells=8x2 src=tile
20:06:31.863 ℹ️ [SHEET-META] set sheet=P2P.SpendByCategory center=ok axes=ok normal=ok dims=400x144 cells=6x5 src=tile
20:06:31.863 ℹ️ [SHEET-META] set sheet=MFG.WorkOrders center=ok axes=ok normal=ok dims=400x144 cells=1x5 src=tile
20:06:31.864 ℹ️ [SHEET-META] set sheet=MFG.MaterialIssues center=ok axes=ok normal=ok dims=400x144 cells=1x5 src=tile
20:06:31.864 ℹ️ [SHEET-META] set sheet=MFG.ScrapEvents center=ok axes=ok normal=ok dims=400x144 cells=1x5 src=tile
20:06:31.864 ℹ️ [SHEET-META] set sheet=MFG.QualityChecks center=ok axes=ok normal=ok dims=400x144 cells=1x4 src=tile
20:06:31.865 ℹ️ [SHEET-META] set sheet=MFG.WOIssueMatch center=ok axes=ok normal=ok dims=400x144 cells=1x8 src=tile
20:06:31.865 ℹ️ [SHEET-META] set sheet=MFG.ProductionSummary center=ok axes=ok normal=ok dims=400x144 cells=5x2 src=tile
20:06:31.866 ℹ️ [VIS2] sheetTilesRendered count=39
20:06:31.866 ℹ️ [CANOPY] proxyCache preRender=PASS size=39
20:06:31.866 ℹ️ [CANOPY] proxyCache populated=PASS size=39
20:06:31.867 ℹ️ [SHEET-PLATFORM] rendered count=39 mode=overview normal=UP
20:06:31.867 ℹ️ [SHEET-PLATFORM] proxyCache updated=PASS sheets=39
20:06:31.867 ℹ️ [TEMPLATE] deptCount=27 sheetsTarget=39 applied=PASS
20:06:31.868 ℹ️ [TEMPLATE] sheetPlacement applied=PASS sheets=39 collisions=0
20:06:31.868 ℹ️ [TEMPLATE] fanLayout applied=PASS perDept=multi fanned=6
20:06:31.868 ℹ️ [CANOPY] placement function=computeCanopyPlacement version=1
20:06:31.869 ℹ️ [CANOPY] radialLayout applied=PASS depts=6 tiers=3 radii=220,280,340
20:06:31.869 ℹ️ [CANOPY] curvature applied=PASS
20:06:31.869 ℹ️ [CANOPY] gridLOD overview=MAJOR faceSheet=FULL
20:06:31.869 ℹ️ [CANOPY] labels policy=PASS overview=DEPTS_ONLY hover=LOCAL
20:06:31.870 ℹ️ [VIS2] exitSheet collapsed=PASS expanded=0 tiles=39
20:06:31.871 ℹ️ [VIS3] flowOverlay result=PASS edges=66 exceptions=11 scope=world lod=COMPANY
20:06:31.871 ℹ️ [VIS3] trafficBarsRendered count=8
20:06:31.872 ℹ️ [VIS3] gate-summary result=PASS
20:06:31.872 ℹ️ [TIMEBOX] input source=demoTimeboxes
20:06:31.874 ℹ️ [VIS4c] labelsRendered count=36 scope=company
20:06:31.875 ℹ️ [VIS4] slabsRendered scope=company objects=9 slabs=36 capped=false
20:06:31.875 ℹ️ [VIS4] companySlabs result=PASS deptBranches=8 trunkSlabs=6
20:06:31.875 ℹ️ [VIS4] gate-summary result=PASS
20:06:31.876 ℹ️ ✅ Tree rendered:
20:06:31.876 ℹ️   Primitives: 120 (trunk=1, branches=27, cell-filaments=0, spines=0, lane-polylines=0, lane-volumes=0, sheet-tiles=39, dept-spines=8, flow-bars=9, ex-overlays=0, route-highlights=0, slabs=36, vis6-pulses=0, presence-markers=0)
20:06:31.876 ℹ️   Entities: 92 (labels=1, cell-points=0, timebox-labels=91)
20:06:31.877 ℹ️ [LOD-BUDGET] frame sheetsDetailed=0 totalMarkers=0 totalPrims=120 totalEntities=92
20:06:31.877 ❌ [REFUSAL.SHEET_NORMAL_NOT_ANTI_TANGENT] sheet=sheet.packaging angleDeg=82.57 expected=0±5
20:06:31.878 ❌ [REFUSAL.SHEET_NORMAL_NOT_ANTI_TANGENT] sheet=sheet.mfg.materialIssues angleDeg=82.57 expected=0±5
20:06:31.878 ❌ [REFUSAL.SHEET_NORMAL_NOT_ANTI_TANGENT] sheet=sheet.fin.apAging angleDeg=51.74 expected=0±5
20:06:31.878 ❌ [REFUSAL.SHEET_NORMAL_NOT_ANTI_TANGENT] sheet=sheet.fin.cashForecast angleDeg=51.74 expected=0±5
20:06:31.878 ❌ [REFUSAL.SHEET_NORMAL_NOT_ANTI_TANGENT] sheet=sheet.ops.productionSummary angleDeg=82.57 expected=0±5
20:06:31.879 ❌ [REFUSAL.SHEET_NORMAL_NOT_ANTI_TANGENT] sheet=sheet.ops.shiftReport angleDeg=82.57 expected=0±5
20:06:31.879 ❌ [REFUSAL.SHEET_NORMAL_NOT_ANTI_TANGENT] sheet=sheet.fin.budgetVariance angleDeg=51.74 expected=0±5
20:06:31.879 ❌ [REFUSAL.SHEET_NORMAL_NOT_ANTI_TANGENT] sheet=sheet.scm.inventoryLevels angleDeg=51.74 expected=0±5
20:06:31.879 ❌ [REFUSAL.SHEET_NORMAL_NOT_ANTI_TANGENT] sheet=sheet.qa.auditFindings angleDeg=82.57 expected=0±5
20:06:31.879 ❌ [REFUSAL.SHEET_NORMAL_NOT_ANTI_TANGENT] sheet=sheet.qa.ncTracking angleDeg=82.57 expected=0±5
20:06:31.880 ❌ [REFUSAL.SHEET_NORMAL_NOT_ANTI_TANGENT] sheet=sheet.qa.spcCharts angleDeg=82.57 expected=0±5
20:06:31.880 ❌ [REFUSAL.SHEET_NORMAL_NOT_ANTI_TANGENT] sheet=sheet.mnt.workOrders angleDeg=106.46 expected=0±5
20:06:31.880 ❌ [REFUSAL.SHEET_NORMAL_NOT_ANTI_TANGENT] sheet=sheet.mnt.assetRegistry angleDeg=106.46 expected=0±5
20:06:31.880 ❌ [REFUSAL.SHEET_NORMAL_NOT_ANTI_TANGENT] sheet=sheet.mnt.sparePartsInventory angleDeg=106.46 expected=0±5
20:06:31.880 ❌ [REFUSAL.SHEET_NORMAL_NOT_ANTI_TANGENT] sheet=sheet.it.systemUptime angleDeg=106.46 expected=0±5
20:06:31.881 ❌ [REFUSAL.SHEET_NORMAL_NOT_ANTI_TANGENT] sheet=sheet.it.changeRequests angleDeg=106.46 expected=0±5
20:06:31.881 ❌ [REFUSAL.SHEET_NORMAL_NOT_ANTI_TANGENT] sheet=sheet.it.projectTracker angleDeg=106.46 expected=0±5
20:06:31.881 ❌ [REFUSAL.SHEET_NORMAL_NOT_ANTI_TANGENT] sheet=sheet.it.securityDashboard angleDeg=106.46 expected=0±5
20:06:31.881 ❌ [REFUSAL.SHEET_NORMAL_NOT_ANTI_TANGENT] sheet=sheet.scm.inboundRequests angleDeg=51.74 expected=0±5
20:06:31.881 ❌ [REFUSAL.SHEET_NORMAL_NOT_ANTI_TANGENT] sheet=sheet.scm.supplierScorecard angleDeg=51.74 expected=0±5
20:06:31.882 ❌ [TOPOLOGY VIOLATION] [Sheet sheet.packaging: normal not anti-parallel to branch tangent (angle=82.6°, expected=0°±5°), Sheet sheet.mfg.materialIssues: normal not anti-pa…l to branch tangent (angle=82.6°, expected=0°±5°), Sheet sheet.fin.apAging: normal not anti-parallel to branch tangent (angle=51.7°, expected=0°±5°), Sheet sheet.fin.cashForecast: normal not anti-para…l to branch tangent (angle=51.7°, expected=0°±5°), Sheet sheet.ops.productionSummary: normal not anti…l to branch tangent (angle=82.6°, expected=0°±5°), Sheet sheet.ops.shiftReport: normal not anti-paral…l to branch tangent (angle=82.6°, expected=0°±5°), Sheet sheet.fin.budgetVariance: normal not anti-pa…l to branch tangent (angle=51.7°, expected=0°±5°), Sheet sheet.scm.inventoryLevels: normal not anti-p…l to branch tangent (angle=51.7°, expected=0°±5°), Sheet sheet.qa.auditFindings: normal not anti-para…l to branch tangent (angle=82.6°, expected=0°±5°), Sheet sheet.qa.ncTracking: normal not anti-parallel to branch tangent (angle=82.6°, expected=0°±5°), Sheet sheet.qa.spcCharts: normal not anti-parallel to branch tangent (angle=82.6°, expected=0°±5°), Sheet sheet.mnt.workOrders: normal not anti-parall… to branch tangent (angle=106.5°, expected=0°±5°), Sheet sheet.mnt.assetRegistry: normal not anti-par… to branch tangent (angle=106.5°, expected=0°±5°), Sheet sheet.mnt.sparePartsInventory: normal not an… to branch tangent (angle=106.5°, expected=0°±5°), Sheet sheet.it.systemUptime: normal not anti-paral… to branch tangent (angle=106.5°, expected=0°±5°), Sheet sheet.it.changeRequests: normal not anti-par… to branch tangent (angle=106.5°, expected=0°±5°), Sheet sheet.it.projectTracker: normal not anti-par… to branch tangent (angle=106.5°, expected=0°±5°), Sheet sheet.it.securityDashboard: normal not anti-… to branch tangent (angle=106.5°, expected=0°±5°), Sheet sheet.scm.inboundRequests: normal not anti-p…l to branch tangent (angle=51.7°, expected=0°±5°), Sheet sheet.scm.supplierScorecard: normal not anti…l to branch tangent (angle=51.7°, expected=0°±5°)]
20:06:31.883 ❌ [TOPOLOGY] ❌ Validation failed: Error: Canonical topology violated: Sheet sheet.packaging: normal not anti-parallel to branch tangent (angle=82.6°, expected=0°±5°)
    at CesiumFilamentRenderer.validateTopology (http://127.0.0.1:3000/app/renderers/filament-renderer.js:1983:19)
    at CesiumFilamentRenderer.renderTree (http://127.0.0.1:3000/app/renderers/filament-renderer.js:1874:22)
    at http://127.0.0.1:3000/app/renderers/filament-renderer.js:1104:22
20:06:31.883 ℹ️ [FilamentRenderer] ✅ Turgor force animation started
20:06:32.348 ℹ️ [FilamentRenderer] ⏸️ Turgor force animation stopped
20:06:32.363 ℹ️ [F2] clearedEdges=0 clearedScars=0
20:06:32.366 ℹ️ 🧹 Filament renderer cleared
20:06:32.366 ℹ️ 🌲 Rendering tree: 67 nodes, 66 edges
20:06:32.367 ℹ️ [THICKNESS] cell=1.00m spine=3.00m branch=24.00m trunk=30.00m root=12.00m
20:06:32.367 ℹ️ [GATE 4] Anchor marker rendered at (34.7818, 32.0853) - independent of buildings/terrain
20:06:32.368 ℹ️ [Phase 2.3] Root continuation: 1000m below anchor (aligned to ENU Up/Down)
20:06:32.369 ℹ️ [FilamentRenderer] ⏰ Timeboxes: 6 on trunk trunk.avgol
20:06:32.369 ℹ️ [FilamentRenderer] ⏰ Timeboxes: 5 on branch branch.operations
20:06:32.370 ℹ️ [FilamentRenderer] ⏰ Timeboxes: 4 on branch branch.finance
20:06:32.371 ℹ️ [FilamentRenderer] ⏰ Timeboxes: 5 on branch branch.supplychain
20:06:32.372 ℹ️ [FilamentRenderer] ⏰ Timeboxes: 5 on branch branch.quality
20:06:32.372 ℹ️ [FilamentRenderer] ⏰ Timeboxes: 4 on branch branch.maintenance
20:06:32.373 ℹ️ [FilamentRenderer] ⏰ Timeboxes: 5 on branch branch.it
20:06:32.373 ℹ️ [GATE 2] Branch branch.p2p:
20:06:32.373 ℹ️   ENU Start: (E=0, N=192, U=2000)
20:06:32.374 ℹ️   ENU End: (E=800, N=192, U=2000)
20:06:32.374 ℹ️   Branch Length: 800.0m
20:06:32.375 ℹ️ [FilamentRenderer] ⏰ Timeboxes: 1 on branch branch.p2p
20:06:32.375 ℹ️ [GATE 2] Branch branch.p2p.fc1:
20:06:32.375 ℹ️   ENU Start: (E=0, N=224, U=2000)
20:06:32.376 ℹ️   ENU End: (E=800, N=224, U=2000)
20:06:32.376 ℹ️   Branch Length: 800.0m
20:06:32.376 ℹ️ [FilamentRenderer] ⏰ Timeboxes: 1 on branch branch.p2p.fc1
20:06:32.377 ℹ️ [GATE 2] Branch branch.p2p.fc2:
20:06:32.377 ℹ️   ENU Start: (E=0, N=256, U=2000)
20:06:32.377 ℹ️   ENU End: (E=800, N=256, U=2000)
20:06:32.378 ℹ️   Branch Length: 800.0m
20:06:32.378 ℹ️ [FilamentRenderer] ⏰ Timeboxes: 1 on branch branch.p2p.fc2
20:06:32.379 ℹ️ [GATE 2] Branch branch.p2p.fc3:
20:06:32.379 ℹ️   ENU Start: (E=0, N=288, U=2000)
20:06:32.379 ℹ️   ENU End: (E=800, N=288, U=2000)
20:06:32.380 ℹ️   Branch Length: 800.0m
20:06:32.380 ℹ️ [FilamentRenderer] ⏰ Timeboxes: 1 on branch branch.p2p.fc3
20:06:32.380 ℹ️ [GATE 2] Branch branch.p2p.fc4:
20:06:32.381 ℹ️   ENU Start: (E=0, N=320, U=2000)
20:06:32.381 ℹ️   ENU End: (E=800, N=320, U=2000)
20:06:32.381 ℹ️   Branch Length: 800.0m
20:06:32.382 ℹ️ [FilamentRenderer] ⏰ Timeboxes: 1 on branch branch.p2p.fc4
20:06:32.382 ℹ️ [GATE 2] Branch branch.p2p.fc5:
20:06:32.383 ℹ️   ENU Start: (E=0, N=352, U=2000)
20:06:32.383 ℹ️   ENU End: (E=800, N=352, U=2000)
20:06:32.383 ℹ️   Branch Length: 800.0m
20:06:32.384 ℹ️ [FilamentRenderer] ⏰ Timeboxes: 1 on branch branch.p2p.fc5
20:06:32.384 ℹ️ [GATE 2] Branch branch.p2p.fc7:
20:06:32.384 ℹ️   ENU Start: (E=0, N=384, U=2000)
20:06:32.385 ℹ️   ENU End: (E=800, N=384, U=2000)
20:06:32.385 ℹ️   Branch Length: 800.0m
20:06:32.386 ℹ️ [FilamentRenderer] ⏰ Timeboxes: 1 on branch branch.p2p.fc7
20:06:32.386 ℹ️ [GATE 2] Branch branch.p2p.fc6:
20:06:32.386 ℹ️   ENU Start: (E=0, N=416, U=2000)
20:06:32.387 ℹ️   ENU End: (E=800, N=416, U=2000)
20:06:32.387 ℹ️   Branch Length: 800.0m
20:06:32.387 ℹ️ [FilamentRenderer] ⏰ Timeboxes: 1 on branch branch.p2p.fc6
20:06:32.388 ℹ️ [GATE 2] Branch branch.p2p.mc1:
20:06:32.388 ℹ️   ENU Start: (E=0, N=448, U=2000)
20:06:32.388 ℹ️   ENU End: (E=800, N=448, U=2000)
20:06:32.389 ℹ️   Branch Length: 800.0m
20:06:32.389 ℹ️ [FilamentRenderer] ⏰ Timeboxes: 1 on branch branch.p2p.mc1
20:06:32.390 ℹ️ [GATE 2] Branch branch.p2p.mc2:
20:06:32.390 ℹ️   ENU Start: (E=0, N=480, U=2000)
20:06:32.390 ℹ️   ENU End: (E=800, N=480, U=2000)
20:06:32.391 ℹ️   Branch Length: 800.0m
20:06:32.391 ℹ️ [FilamentRenderer] ⏰ Timeboxes: 1 on branch branch.p2p.mc2
20:06:32.391 ℹ️ [GATE 2] Branch branch.p2p.mc3:
20:06:32.392 ℹ️   ENU Start: (E=0, N=512, U=2000)
20:06:32.392 ℹ️   ENU End: (E=800, N=512, U=2000)
20:06:32.392 ℹ️   Branch Length: 800.0m
20:06:32.393 ℹ️ [FilamentRenderer] ⏰ Timeboxes: 1 on branch branch.p2p.mc3
20:06:32.393 ℹ️ [GATE 2] Branch branch.p2p.sc1:
20:06:32.393 ℹ️   ENU Start: (E=0, N=544, U=2000)
20:06:32.394 ℹ️   ENU End: (E=800, N=544, U=2000)
20:06:32.394 ℹ️   Branch Length: 800.0m
20:06:32.395 ℹ️ [FilamentRenderer] ⏰ Timeboxes: 1 on branch branch.p2p.sc1
20:06:32.395 ℹ️ [GATE 2] Branch branch.p2p.sc2:
20:06:32.395 ℹ️   ENU Start: (E=0, N=576, U=2000)
20:06:32.396 ℹ️   ENU End: (E=800, N=576, U=2000)
20:06:32.396 ℹ️   Branch Length: 800.0m
20:06:32.396 ℹ️ [FilamentRenderer] ⏰ Timeboxes: 1 on branch branch.p2p.sc2
20:06:32.397 ℹ️ [GATE 2] Branch branch.p2p.sc3:
20:06:32.397 ℹ️   ENU Start: (E=0, N=608, U=2000)
20:06:32.397 ℹ️   ENU End: (E=800, N=608, U=2000)
20:06:32.398 ℹ️   Branch Length: 800.0m
20:06:32.398 ℹ️ [FilamentRenderer] ⏰ Timeboxes: 1 on branch branch.p2p.sc3
20:06:32.398 ℹ️ [GATE 2] Branch branch.mfg:
20:06:32.399 ℹ️   ENU Start: (E=0, N=640, U=2000)
20:06:32.399 ℹ️   ENU End: (E=800, N=640, U=2000)
20:06:32.399 ℹ️   Branch Length: 800.0m
20:06:32.400 ℹ️ [FilamentRenderer] ⏰ Timeboxes: 1 on branch branch.mfg
20:06:32.400 ℹ️ [GATE 2] Branch branch.mfg.fc1:
20:06:32.400 ℹ️   ENU Start: (E=0, N=672, U=2000)
20:06:32.401 ℹ️   ENU End: (E=800, N=672, U=2000)
20:06:32.401 ℹ️   Branch Length: 800.0m
20:06:32.401 ℹ️ [FilamentRenderer] ⏰ Timeboxes: 1 on branch branch.mfg.fc1
20:06:32.402 ℹ️ [GATE 2] Branch branch.mfg.fc2:
20:06:32.402 ℹ️   ENU Start: (E=0, N=704, U=2000)
20:06:32.402 ℹ️   ENU End: (E=800, N=704, U=2000)
20:06:32.403 ℹ️   Branch Length: 800.0m
20:06:32.403 ℹ️ [FilamentRenderer] ⏰ Timeboxes: 1 on branch branch.mfg.fc2
20:06:32.403 ℹ️ [GATE 2] Branch branch.mfg.fc3:
20:06:32.404 ℹ️   ENU Start: (E=0, N=736, U=2000)
20:06:32.404 ℹ️   ENU End: (E=800, N=736, U=2000)
20:06:32.404 ℹ️   Branch Length: 800.0m
20:06:32.405 ℹ️ [FilamentRenderer] ⏰ Timeboxes: 1 on branch branch.mfg.fc3
20:06:32.405 ℹ️ [GATE 2] Branch branch.mfg.fc4:
20:06:32.405 ℹ️   ENU Start: (E=0, N=768, U=2000)
20:06:32.406 ℹ️   ENU End: (E=800, N=768, U=2000)
20:06:32.406 ℹ️   Branch Length: 800.0m
20:06:32.407 ℹ️ [FilamentRenderer] ⏰ Timeboxes: 1 on branch branch.mfg.fc4
20:06:32.407 ℹ️ [GATE 2] Branch branch.mfg.mc1:
20:06:32.407 ℹ️   ENU Start: (E=0, N=800, U=2000)
20:06:32.407 ℹ️   ENU End: (E=800, N=800, U=2000)
20:06:32.408 ℹ️   Branch Length: 800.0m
20:06:32.408 ℹ️ [FilamentRenderer] ⏰ Timeboxes: 1 on branch branch.mfg.mc1
20:06:32.408 ℹ️ [GATE 2] Branch branch.mfg.sc1:
20:06:32.409 ℹ️   ENU Start: (E=0, N=832, U=2000)
20:06:32.409 ℹ️   ENU End: (E=800, N=832, U=2000)
20:06:32.409 ℹ️   Branch Length: 800.0m
20:06:32.410 ℹ️ [FilamentRenderer] ⏰ Timeboxes: 1 on branch branch.mfg.sc1
20:06:32.410 ℹ️ [VIS2] expandedSheetsAllowed=false scope=world
20:06:32.411 ℹ️ [VIS2] suppressSheetDetail=true expandedSheetsAllowed=false selectedSheet=none lod=COMPANY
20:06:32.411 ℹ️ [RING] applied=PASS nodes=9 scope=company lod=COMPANY
20:06:32.412 ℹ️ [VIS2] deptSpinesRendered count=8
20:06:32.412 ℹ️ [S1] SheetsRendered=0 Expected=0
20:06:32.412 ℹ️ [VIS2] companyCollapsed result=PASS sheetsRendered=0 lod=COMPANY scope=world expandedSheetsAllowed=false
20:06:32.416 ℹ️ [VIS2] sheetTilesRendered count=39
20:06:32.416 ℹ️ [CANOPY] proxyCache preRender=PASS size=39
20:06:32.416 ℹ️ [CANOPY] proxyCache populated=PASS size=39
20:06:32.419 ℹ️ ✅ Tree rendered:
20:06:32.419 ℹ️   Primitives: 120 (trunk=1, branches=27, cell-filaments=0, spines=0, lane-polylines=0, lane-volumes=0, sheet-tiles=39, dept-spines=8, flow-bars=9, ex-overlays=0, route-highlights=0, slabs=36, vis6-pulses=0, presence-markers=0)
20:06:32.419 ℹ️   Entities: 92 (labels=1, cell-points=0, timebox-labels=91)
20:06:32.420 ℹ️ [LOD-BUDGET] frame sheetsDetailed=0 totalMarkers=0 totalPrims=120 totalEntities=92
20:06:32.420 ❌ [REFUSAL.SHEET_NORMAL_NOT_ANTI_TANGENT] sheet=sheet.packaging angleDeg=82.57 expected=0±5
20:06:32.420 ❌ [REFUSAL.SHEET_NORMAL_NOT_ANTI_TANGENT] sheet=sheet.mfg.materialIssues angleDeg=82.57 expected=0±5
20:06:32.420 ❌ [REFUSAL.SHEET_NORMAL_NOT_ANTI_TANGENT] sheet=sheet.fin.apAging angleDeg=51.74 expected=0±5
20:06:32.421 ❌ [REFUSAL.SHEET_NORMAL_NOT_ANTI_TANGENT] sheet=sheet.fin.cashForecast angleDeg=51.74 expected=0±5
20:06:32.421 ❌ [REFUSAL.SHEET_NORMAL_NOT_ANTI_TANGENT] sheet=sheet.ops.productionSummary angleDeg=82.57 expected=0±5
20:06:32.421 ❌ [REFUSAL.SHEET_NORMAL_NOT_ANTI_TANGENT] sheet=sheet.ops.shiftReport angleDeg=82.57 expected=0±5
20:06:32.421 ❌ [REFUSAL.SHEET_NORMAL_NOT_ANTI_TANGENT] sheet=sheet.fin.budgetVariance angleDeg=51.74 expected=0±5
20:06:32.421 ❌ [REFUSAL.SHEET_NORMAL_NOT_ANTI_TANGENT] sheet=sheet.scm.inventoryLevels angleDeg=51.74 expected=0±5
20:06:32.422 ❌ [REFUSAL.SHEET_NORMAL_NOT_ANTI_TANGENT] sheet=sheet.qa.auditFindings angleDeg=82.57 expected=0±5
20:06:32.422 ❌ [REFUSAL.SHEET_NORMAL_NOT_ANTI_TANGENT] sheet=sheet.qa.ncTracking angleDeg=82.57 expected=0±5
20:06:32.422 ❌ [REFUSAL.SHEET_NORMAL_NOT_ANTI_TANGENT] sheet=sheet.qa.spcCharts angleDeg=82.57 expected=0±5
20:06:32.422 ❌ [REFUSAL.SHEET_NORMAL_NOT_ANTI_TANGENT] sheet=sheet.mnt.workOrders angleDeg=106.46 expected=0±5
20:06:32.422 ❌ [REFUSAL.SHEET_NORMAL_NOT_ANTI_TANGENT] sheet=sheet.mnt.assetRegistry angleDeg=106.46 expected=0±5
20:06:32.423 ❌ [REFUSAL.SHEET_NORMAL_NOT_ANTI_TANGENT] sheet=sheet.mnt.sparePartsInventory angleDeg=106.46 expected=0±5
20:06:32.423 ❌ [REFUSAL.SHEET_NORMAL_NOT_ANTI_TANGENT] sheet=sheet.it.systemUptime angleDeg=106.46 expected=0±5
20:06:32.423 ❌ [REFUSAL.SHEET_NORMAL_NOT_ANTI_TANGENT] sheet=sheet.it.changeRequests angleDeg=106.46 expected=0±5
20:06:32.423 ❌ [REFUSAL.SHEET_NORMAL_NOT_ANTI_TANGENT] sheet=sheet.it.projectTracker angleDeg=106.46 expected=0±5
20:06:32.423 ❌ [REFUSAL.SHEET_NORMAL_NOT_ANTI_TANGENT] sheet=sheet.it.securityDashboard angleDeg=106.46 expected=0±5
20:06:32.424 ❌ [REFUSAL.SHEET_NORMAL_NOT_ANTI_TANGENT] sheet=sheet.scm.inboundRequests angleDeg=51.74 expected=0±5
20:06:32.424 ❌ [REFUSAL.SHEET_NORMAL_NOT_ANTI_TANGENT] sheet=sheet.scm.supplierScorecard angleDeg=51.74 expected=0±5
20:06:32.424 ❌ [TOPOLOGY VIOLATION] [Sheet sheet.packaging: normal not anti-parallel to branch tangent (angle=82.6°, expected=0°±5°), Sheet sheet.mfg.materialIssues: normal not anti-pa…l to branch tangent (angle=82.6°, expected=0°±5°), Sheet sheet.fin.apAging: normal not anti-parallel to branch tangent (angle=51.7°, expected=0°±5°), Sheet sheet.fin.cashForecast: normal not anti-para…l to branch tangent (angle=51.7°, expected=0°±5°), Sheet sheet.ops.productionSummary: normal not anti…l to branch tangent (angle=82.6°, expected=0°±5°), Sheet sheet.ops.shiftReport: normal not anti-paral…l to branch tangent (angle=82.6°, expected=0°±5°), Sheet sheet.fin.budgetVariance: normal not anti-pa…l to branch tangent (angle=51.7°, expected=0°±5°), Sheet sheet.scm.inventoryLevels: normal not anti-p…l to branch tangent (angle=51.7°, expected=0°±5°), Sheet sheet.qa.auditFindings: normal not anti-para…l to branch tangent (angle=82.6°, expected=0°±5°), Sheet sheet.qa.ncTracking: normal not anti-parallel to branch tangent (angle=82.6°, expected=0°±5°), Sheet sheet.qa.spcCharts: normal not anti-parallel to branch tangent (angle=82.6°, expected=0°±5°), Sheet sheet.mnt.workOrders: normal not anti-parall… to branch tangent (angle=106.5°, expected=0°±5°), Sheet sheet.mnt.assetRegistry: normal not anti-par… to branch tangent (angle=106.5°, expected=0°±5°), Sheet sheet.mnt.sparePartsInventory: normal not an… to branch tangent (angle=106.5°, expected=0°±5°), Sheet sheet.it.systemUptime: normal not anti-paral… to branch tangent (angle=106.5°, expected=0°±5°), Sheet sheet.it.changeRequests: normal not anti-par… to branch tangent (angle=106.5°, expected=0°±5°), Sheet sheet.it.projectTracker: normal not anti-par… to branch tangent (angle=106.5°, expected=0°±5°), Sheet sheet.it.securityDashboard: normal not anti-… to branch tangent (angle=106.5°, expected=0°±5°), Sheet sheet.scm.inboundRequests: normal not anti-p…l to branch tangent (angle=51.7°, expected=0°±5°), Sheet sheet.scm.supplierScorecard: normal not anti…l to branch tangent (angle=51.7°, expected=0°±5°)]
20:06:32.425 ❌ [TOPOLOGY] ❌ Validation failed: Error: Canonical topology violated: Sheet sheet.packaging: normal not anti-parallel to branch tangent (angle=82.6°, expected=0°±5°)
    at CesiumFilamentRenderer.validateTopology (http://127.0.0.1:3000/app/renderers/filament-renderer.js:1983:19)
    at CesiumFilamentRenderer.renderTree (http://127.0.0.1:3000/app/renderers/filament-renderer.js:1874:22)
    at http://127.0.0.1:3000/app/renderers/filament-renderer.js:1104:22
20:06:32.425 ℹ️ [FilamentRenderer] ✅ Turgor force animation started
20:06:33.076 ℹ️ [GLOBE] worldTrunks synced added=5 total=6
20:06:33.077 ℹ️ [GLOBE] datasetLoad anchors=6
20:06:33.077 ℹ️ [UX] multiCountrySmoke=PASS anchors=6
20:06:33.078 ℹ️ [LAUNCH-FIX] cameraFrame target=trunk.avgol result=PASS distM=750 horzM=1000 heading=355 pitch=-28 applied=PASS
20:06:33.078 ℹ️ 📷 Camera presets: Press 1=SheetTopDown, 2=SideProfile, 3=SheetFaceOn, 4=SpreadsheetProof, 5=SpineInspection
20:06:33.079 ℹ️ 🔒 LOD Lock: Press L to lock/unlock LOD at current level
20:06:33.080 ℹ️ 🎮 Free-fly pointer lock: Press ` (backquote) to toggle
20:06:33.082 ℹ️ [HUD] mode=FreeFly layer1=6 layer2=0
20:06:33.086 ℹ️ [HUD] consolidated rootCount=1 duplicates=0
20:06:33.089 ℹ️ [HUD] tier1 rows=6
20:06:33.090 ℹ️ [HUD] tier2 default=collapsed
20:06:33.090 ℹ️ [PRES] billboard=ON reason=launch-default
20:06:33.091 ℹ️ [UX] debugLogs=false (launch mode)
20:06:33.091 ℹ️ [LAUNCH-FIX] uiGating launch=true hiddenPanels=artifacts,ux3,p2p,topicLane,vote,workMode,logConsole applied=PASS
20:06:33.097 ℹ️ [LAUNCH-FIX] hud tier1=ON tier2=OFF default=collapsed
20:06:33.097 ℹ️ [LAUNCH-FIX] helpOverlay shown=true dismissed=false source=first
[BUILD] 2026-02-09T12:30Z ux-1.1-universal-object-contract
20:06:33.098 ℹ️ [UX-1.1-PROOF] type=trunk id=trunk.avgol scope=root actions=focusView,showKPIs,showTimeboxes,showBranches,cycleClusterLevel,focusNextRegion,loadGlobalCore
20:06:33.099 ℹ️ [UX-1.1-PROOF] type=branch id=branch.operations scope=trunk.avgol actions=focusView,showKPIs,showTimeboxes,showPressureSources,cycleClusterLevel,focusNextRegion,loadGlobalCore
20:06:33.099 ℹ️ [UX-1.1-PROOF] type=sheet id=sheet.packaging scope=branch.operations actions=focusView,showSchema,addColumn,addValidation,addSummaryBinding
20:06:33.099 ℹ️ [UX-1.1-PROOF] type=cell id=sheet.packaging.cell.0.0 scope=branch.operations actions=edit,viewDependencies,viewHistory,createValidation,lockScope
20:06:33.099 ℹ️ [UX-1.1-PROOF] type=match id=3WM-001 scope=branch.p2p.mc1 actions=inspectSources,viewVariance,setTolerance,markResolved
20:06:33.099 ℹ️ [UX-1.1-PROOF] type=route id=p2p.requisition scope=branch.p2p.fc1 actions=previewMapping,ingestTestRecord,showProvenance,editFieldMap
20:06:33.100 ℹ️ [UX-1.1-PROOF] type=module id=P2P scope=trunk.avgol actions=showAllSheets,showRoutes,showKPIBindings,showRecomputationChain
20:06:33.100 ℹ️ [UX-1.1] Universal Object Contract: 7 types resolved
20:06:33.101 ℹ️ [CAM] basin-proximity target=branch.maintenance type=branch radiusM=6000.0 distanceM=1584.3 assist=BLOCKED_LAUNCH
20:06:33.102 ℹ️ [VIS] sheetSelect resolved sheet=MFG.MaterialIssues reason=default
[VIS] sheetSelect resolved sheet=MFG.MaterialIssues reason=default
20:06:33.102 ℹ️ [VIS] enter sheet=MFG.MaterialIssues scope=sheet-only
[VIS] enter sheet=MFG.MaterialIssues scope=sheet-only
20:06:33.102 ℹ️ [LOD] apply level=CELL sheetsDetailed=1 lanes=1 markers=1
20:06:33.103 ℹ️ [DOCK] dist=970 align=0.18 preview=false edit=false overlay=0.00
[BoundaryRenderer] ✅ BRA: Loaded 1/1 features
[BoundaryRenderer] Loading ARG from data/boundaries/countries/ARG-ADM0.geojson
20:06:33.226 ℹ️ [GATE 4] Anchor marker rendered at (34.7818, 32.0853) - independent of buildings/terrain
20:06:33.227 ℹ️ [GATE 4] Anchor marker rendered at (-122.4194, 37.7749) - independent of buildings/terrain
20:06:33.228 ℹ️ [GATE 4] Anchor marker rendered at (-0.1276, 51.5072) - independent of buildings/terrain
20:06:33.228 ℹ️ [GATE 4] Anchor marker rendered at (77.2090, 28.6139) - independent of buildings/terrain
20:06:33.229 ℹ️ [GATE 4] Anchor marker rendered at (139.6917, 35.6895) - independent of buildings/terrain
20:06:33.229 ℹ️ [GATE 4] Anchor marker rendered at (-46.6333, -23.5505) - independent of buildings/terrain
20:06:33.231 ℹ️ [UX] debugLogs=false gateSpamSuppressed=true
20:06:33.235 ℹ️ [VIS2] expandedSheetsAllowed=true scope=sheet
20:06:33.235 ℹ️ [VIS2] suppressSheetDetail=false expandedSheetsAllowed=true selectedSheet=MFG.MaterialIssues lod=CELL
20:06:33.239 ℹ️ [VIS] sheetOnlyRender sheetsDetailed=1 selected=MFG.MaterialIssues hidden=38
20:06:33.249 ℹ️ [VIS2] sheetTilesRendered count=38
20:06:33.249 ℹ️ [VIS2] enterSheet expanded=1 tiles=38
20:06:33.249 ℹ️ [VIS3.2] sheetOverlay begin sheet=MFG.MaterialIssues scope=sheet
20:06:33.249 ℹ️ [VIS3.2] exceptionRows result=PASS sheet=MFG.MaterialIssues count=0
20:06:33.249 ℹ️ [VIS3.2] routeHighlights result=PASS sheet=MFG.MaterialIssues edges=0
20:06:33.249 ℹ️ [VIS3.2] budget exceptionOverlays=0 routeHighlights=0 capped=false
20:06:33.250 ℹ️ [VIS3.2] gate-summary result=PASS
20:06:33.250 ℹ️ [VIS4c] labelsRendered count=1 scope=sheet
20:06:33.250 ℹ️ [VIS4] slabsRendered scope=sheet objects=1 slabs=1 capped=false
20:06:33.250 ℹ️ [VIS4] sheetSlabs result=PASS sheet=MFG.MaterialIssues slabs=1
20:06:33.250 ℹ️ [VIS4] gate-summary result=PASS
20:06:33.250 ℹ️ [LOD-BUDGET] frame sheetsDetailed=1 totalMarkers=5 totalPrims=83 totalEntities=87
20:06:33.250 ❌ [REFUSAL.SHEET_NORMAL_NOT_ANTI_TANGENT] sheet=sheet.packaging angleDeg=82.57 expected=0±5
20:06:33.250 ❌ [REFUSAL.SHEET_NORMAL_NOT_ANTI_TANGENT] sheet=sheet.mfg.materialIssues angleDeg=82.57 expected=0±5
20:06:33.250 ❌ [REFUSAL.SHEET_NORMAL_NOT_ANTI_TANGENT] sheet=sheet.fin.apAging angleDeg=51.74 expected=0±5
20:06:33.250 ❌ [REFUSAL.SHEET_NORMAL_NOT_ANTI_TANGENT] sheet=sheet.fin.cashForecast angleDeg=51.74 expected=0±5
20:06:33.250 ❌ [REFUSAL.SHEET_NORMAL_NOT_ANTI_TANGENT] sheet=sheet.ops.productionSummary angleDeg=82.57 expected=0±5
20:06:33.251 ❌ [REFUSAL.SHEET_NORMAL_NOT_ANTI_TANGENT] sheet=sheet.ops.shiftReport angleDeg=82.57 expected=0±5
20:06:33.251 ❌ [REFUSAL.SHEET_NORMAL_NOT_ANTI_TANGENT] sheet=sheet.fin.budgetVariance angleDeg=51.74 expected=0±5
20:06:33.251 ❌ [REFUSAL.SHEET_NORMAL_NOT_ANTI_TANGENT] sheet=sheet.scm.inventoryLevels angleDeg=51.74 expected=0±5
20:06:33.251 ❌ [REFUSAL.SHEET_NORMAL_NOT_ANTI_TANGENT] sheet=sheet.qa.auditFindings angleDeg=82.57 expected=0±5
20:06:33.251 ❌ [REFUSAL.SHEET_NORMAL_NOT_ANTI_TANGENT] sheet=sheet.qa.ncTracking angleDeg=82.57 expected=0±5
20:06:33.251 ❌ [REFUSAL.SHEET_NORMAL_NOT_ANTI_TANGENT] sheet=sheet.qa.spcCharts angleDeg=82.57 expected=0±5
20:06:33.251 ❌ [REFUSAL.SHEET_NORMAL_NOT_ANTI_TANGENT] sheet=sheet.mnt.workOrders angleDeg=106.46 expected=0±5
20:06:33.251 ❌ [REFUSAL.SHEET_NORMAL_NOT_ANTI_TANGENT] sheet=sheet.mnt.assetRegistry angleDeg=106.46 expected=0±5
20:06:33.251 ❌ [REFUSAL.SHEET_NORMAL_NOT_ANTI_TANGENT] sheet=sheet.mnt.sparePartsInventory angleDeg=106.46 expected=0±5
20:06:33.251 ❌ [REFUSAL.SHEET_NORMAL_NOT_ANTI_TANGENT] sheet=sheet.it.systemUptime angleDeg=106.46 expected=0±5
20:06:33.251 ❌ [REFUSAL.SHEET_NORMAL_NOT_ANTI_TANGENT] sheet=sheet.it.changeRequests angleDeg=106.46 expected=0±5
20:06:33.251 ❌ [REFUSAL.SHEET_NORMAL_NOT_ANTI_TANGENT] sheet=sheet.it.projectTracker angleDeg=106.46 expected=0±5
20:06:33.251 ❌ [REFUSAL.SHEET_NORMAL_NOT_ANTI_TANGENT] sheet=sheet.it.securityDashboard angleDeg=106.46 expected=0±5
20:06:33.251 ❌ [REFUSAL.SHEET_NORMAL_NOT_ANTI_TANGENT] sheet=sheet.scm.inboundRequests angleDeg=51.74 expected=0±5
20:06:33.251 ❌ [REFUSAL.SHEET_NORMAL_NOT_ANTI_TANGENT] sheet=sheet.scm.supplierScorecard angleDeg=51.74 expected=0±5
20:06:33.252 ❌ [TOPOLOGY VIOLATION] [Sheet sheet.packaging: normal not anti-parallel to branch tangent (angle=82.6°, expected=0°±5°), Sheet sheet.mfg.materialIssues: normal not anti-pa…l to branch tangent (angle=82.6°, expected=0°±5°), Sheet sheet.fin.apAging: normal not anti-parallel to branch tangent (angle=51.7°, expected=0°±5°), Sheet sheet.fin.cashForecast: normal not anti-para…l to branch tangent (angle=51.7°, expected=0°±5°), Sheet sheet.ops.productionSummary: normal not anti…l to branch tangent (angle=82.6°, expected=0°±5°), Sheet sheet.ops.shiftReport: normal not anti-paral…l to branch tangent (angle=82.6°, expected=0°±5°), Sheet sheet.fin.budgetVariance: normal not anti-pa…l to branch tangent (angle=51.7°, expected=0°±5°), Sheet sheet.scm.inventoryLevels: normal not anti-p…l to branch tangent (angle=51.7°, expected=0°±5°), Sheet sheet.qa.auditFindings: normal not anti-para…l to branch tangent (angle=82.6°, expected=0°±5°), Sheet sheet.qa.ncTracking: normal not anti-parallel to branch tangent (angle=82.6°, expected=0°±5°), Sheet sheet.qa.spcCharts: normal not anti-parallel to branch tangent (angle=82.6°, expected=0°±5°), Sheet sheet.mnt.workOrders: normal not anti-parall… to branch tangent (angle=106.5°, expected=0°±5°), Sheet sheet.mnt.assetRegistry: normal not anti-par… to branch tangent (angle=106.5°, expected=0°±5°), Sheet sheet.mnt.sparePartsInventory: normal not an… to branch tangent (angle=106.5°, expected=0°±5°), Sheet sheet.it.systemUptime: normal not anti-paral… to branch tangent (angle=106.5°, expected=0°±5°), Sheet sheet.it.changeRequests: normal not anti-par… to branch tangent (angle=106.5°, expected=0°±5°), Sheet sheet.it.projectTracker: normal not anti-par… to branch tangent (angle=106.5°, expected=0°±5°), Sheet sheet.it.securityDashboard: normal not anti-… to branch tangent (angle=106.5°, expected=0°±5°), Sheet sheet.scm.inboundRequests: normal not anti-p…l to branch tangent (angle=51.7°, expected=0°±5°), Sheet sheet.scm.supplierScorecard: normal not anti…l to branch tangent (angle=51.7°, expected=0°±5°)]
20:06:33.252 ❌ [TOPOLOGY] ❌ Validation failed: Error: Canonical topology violated: Sheet sheet.packaging: normal not anti-parallel to branch tangent (angle=82.6°, expected=0°±5°)
    at CesiumFilamentRenderer.validateTopology (http://127.0.0.1:3000/app/renderers/filament-renderer.js:1983:19)
    at CesiumFilamentRenderer.renderTree (http://127.0.0.1:3000/app/renderers/filament-renderer.js:1874:22)
    at http://127.0.0.1:3000/app/renderers/filament-renderer.js:1104:22
20:06:34.199 ℹ️ [HUD] paramsLoaded version=HUD-PARAMS-v0 policyRef=local:HUD-PARAMS-v0
[BoundaryRenderer] ✅ ARG: Loaded 1/1 features
[BoundaryRenderer] Loading GBR from data/boundaries/countries/GBR-ADM0.geojson
20:06:34.213 ℹ️ [DOCK] dist=970 align=0.18 preview=false edit=false overlay=0.00
20:06:34.692 ℹ️ [VIS] exit sheet=MFG.MaterialIssues restoreView=true
[VIS] exit sheet=MFG.MaterialIssues restoreView=true
20:06:34.692 ℹ️ [VIS] enter company=trunk.avgol
[VIS] enter company=trunk.avgol
20:06:34.692 ℹ️ [LOD] apply level=COMPANY requestedSheetsDetailed=0 effectiveSheetsDetailed=0 lanes=0 markers=0 reason=collapsedByPolicy distKm=1.6
20:06:34.693 ℹ️ [CAM] focusLock target=trunk.avgol scope=company result=PASS
20:06:34.693 ℹ️ [INPUT] owner=CAMERA mode=FreeFly reason=focusLock
20:06:34.693 ℹ️ [LOD] lock level=COMPANY reason=basinFocus
20:06:34.743 ℹ️ [GATE 4] Anchor marker rendered at (34.7818, 32.0853) - independent of buildings/terrain
20:06:34.744 ℹ️ [GATE 4] Anchor marker rendered at (-122.4194, 37.7749) - independent of buildings/terrain
20:06:34.744 ℹ️ [GATE 4] Anchor marker rendered at (-0.1276, 51.5072) - independent of buildings/terrain
20:06:34.745 ℹ️ [GATE 4] Anchor marker rendered at (77.2090, 28.6139) - independent of buildings/terrain
20:06:34.745 ℹ️ [GATE 4] Anchor marker rendered at (139.6917, 35.6895) - independent of buildings/terrain
20:06:34.745 ℹ️ [GATE 4] Anchor marker rendered at (-46.6333, -23.5505) - independent of buildings/terrain
20:06:34.752 ℹ️ [VIS2] expandedSheetsAllowed=false scope=company
20:06:34.752 ℹ️ [VIS2] suppressSheetDetail=true expandedSheetsAllowed=false selectedSheet=none lod=COMPANY
20:06:34.753 ℹ️ [VIS2] deptSpinesRendered count=8
20:06:34.753 ℹ️ [VIS2] companyCollapsed result=PASS sheetsRendered=0 lod=COMPANY scope=company expandedSheetsAllowed=false
20:06:34.758 ℹ️ [VIS2] sheetTilesRendered count=39
20:06:34.758 ℹ️ [VIS2] exitSheet collapsed=PASS expanded=0 tiles=39
20:06:34.759 ℹ️ [VIS3] flowOverlay result=PASS edges=66 exceptions=11 scope=company lod=COMPANY
20:06:34.759 ℹ️ [VIS3] trafficBarsRendered count=8
20:06:34.759 ℹ️ [VIS3] gate-summary result=PASS
20:06:34.760 ℹ️ [VIS4c] labelsRendered count=51 scope=company
20:06:34.760 ℹ️ [VIS4] slabsRendered scope=company objects=14 slabs=51 capped=false
20:06:34.761 ℹ️ [VIS4] companySlabs result=PASS deptBranches=8 trunkSlabs=21
20:06:34.761 ℹ️ [VIS4] gate-summary result=PASS
20:06:34.761 ℹ️ [LOD-BUDGET] frame sheetsDetailed=0 totalMarkers=0 totalPrims=140 totalEntities=127
20:06:34.761 ❌ [REFUSAL.SHEET_NORMAL_NOT_ANTI_TANGENT] sheet=sheet.packaging angleDeg=82.57 expected=0±5
20:06:34.761 ❌ [REFUSAL.SHEET_NORMAL_NOT_ANTI_TANGENT] sheet=sheet.mfg.materialIssues angleDeg=82.57 expected=0±5
20:06:34.761 ❌ [REFUSAL.SHEET_NORMAL_NOT_ANTI_TANGENT] sheet=sheet.fin.apAging angleDeg=51.74 expected=0±5
20:06:34.761 ❌ [REFUSAL.SHEET_NORMAL_NOT_ANTI_TANGENT] sheet=sheet.fin.cashForecast angleDeg=51.74 expected=0±5
20:06:34.761 ❌ [REFUSAL.SHEET_NORMAL_NOT_ANTI_TANGENT] sheet=sheet.ops.productionSummary angleDeg=82.57 expected=0±5
20:06:34.761 ❌ [REFUSAL.SHEET_NORMAL_NOT_ANTI_TANGENT] sheet=sheet.ops.shiftReport angleDeg=82.57 expected=0±5
20:06:34.761 ❌ [REFUSAL.SHEET_NORMAL_NOT_ANTI_TANGENT] sheet=sheet.fin.budgetVariance angleDeg=51.74 expected=0±5
20:06:34.761 ❌ [REFUSAL.SHEET_NORMAL_NOT_ANTI_TANGENT] sheet=sheet.scm.inventoryLevels angleDeg=51.74 expected=0±5
20:06:34.761 ❌ [REFUSAL.SHEET_NORMAL_NOT_ANTI_TANGENT] sheet=sheet.qa.auditFindings angleDeg=82.57 expected=0±5
20:06:34.761 ❌ [REFUSAL.SHEET_NORMAL_NOT_ANTI_TANGENT] sheet=sheet.qa.ncTracking angleDeg=82.57 expected=0±5
20:06:34.761 ❌ [REFUSAL.SHEET_NORMAL_NOT_ANTI_TANGENT] sheet=sheet.qa.spcCharts angleDeg=82.57 expected=0±5
20:06:34.761 ❌ [REFUSAL.SHEET_NORMAL_NOT_ANTI_TANGENT] sheet=sheet.mnt.workOrders angleDeg=106.46 expected=0±5
20:06:34.761 ❌ [REFUSAL.SHEET_NORMAL_NOT_ANTI_TANGENT] sheet=sheet.mnt.assetRegistry angleDeg=106.46 expected=0±5
20:06:34.761 ❌ [REFUSAL.SHEET_NORMAL_NOT_ANTI_TANGENT] sheet=sheet.mnt.sparePartsInventory angleDeg=106.46 expected=0±5
20:06:34.761 ❌ [REFUSAL.SHEET_NORMAL_NOT_ANTI_TANGENT] sheet=sheet.it.systemUptime angleDeg=106.46 expected=0±5
20:06:34.762 ❌ [REFUSAL.SHEET_NORMAL_NOT_ANTI_TANGENT] sheet=sheet.it.changeRequests angleDeg=106.46 expected=0±5
20:06:34.762 ❌ [REFUSAL.SHEET_NORMAL_NOT_ANTI_TANGENT] sheet=sheet.it.projectTracker angleDeg=106.46 expected=0±5
20:06:34.762 ❌ [REFUSAL.SHEET_NORMAL_NOT_ANTI_TANGENT] sheet=sheet.it.securityDashboard angleDeg=106.46 expected=0±5
20:06:34.762 ❌ [REFUSAL.SHEET_NORMAL_NOT_ANTI_TANGENT] sheet=sheet.scm.inboundRequests angleDeg=51.74 expected=0±5
20:06:34.762 ❌ [REFUSAL.SHEET_NORMAL_NOT_ANTI_TANGENT] sheet=sheet.scm.supplierScorecard angleDeg=51.74 expected=0±5
20:06:34.762 ❌ [TOPOLOGY VIOLATION] [Sheet sheet.packaging: normal not anti-parallel to branch tangent (angle=82.6°, expected=0°±5°), Sheet sheet.mfg.materialIssues: normal not anti-pa…l to branch tangent (angle=82.6°, expected=0°±5°), Sheet sheet.fin.apAging: normal not anti-parallel to branch tangent (angle=51.7°, expected=0°±5°), Sheet sheet.fin.cashForecast: normal not anti-para…l to branch tangent (angle=51.7°, expected=0°±5°), Sheet sheet.ops.productionSummary: normal not anti…l to branch tangent (angle=82.6°, expected=0°±5°), Sheet sheet.ops.shiftReport: normal not anti-paral…l to branch tangent (angle=82.6°, expected=0°±5°), Sheet sheet.fin.budgetVariance: normal not anti-pa…l to branch tangent (angle=51.7°, expected=0°±5°), Sheet sheet.scm.inventoryLevels: normal not anti-p…l to branch tangent (angle=51.7°, expected=0°±5°), Sheet sheet.qa.auditFindings: normal not anti-para…l to branch tangent (angle=82.6°, expected=0°±5°), Sheet sheet.qa.ncTracking: normal not anti-parallel to branch tangent (angle=82.6°, expected=0°±5°), Sheet sheet.qa.spcCharts: normal not anti-parallel to branch tangent (angle=82.6°, expected=0°±5°), Sheet sheet.mnt.workOrders: normal not anti-parall… to branch tangent (angle=106.5°, expected=0°±5°), Sheet sheet.mnt.assetRegistry: normal not anti-par… to branch tangent (angle=106.5°, expected=0°±5°), Sheet sheet.mnt.sparePartsInventory: normal not an… to branch tangent (angle=106.5°, expected=0°±5°), Sheet sheet.it.systemUptime: normal not anti-paral… to branch tangent (angle=106.5°, expected=0°±5°), Sheet sheet.it.changeRequests: normal not anti-par… to branch tangent (angle=106.5°, expected=0°±5°), Sheet sheet.it.projectTracker: normal not anti-par… to branch tangent (angle=106.5°, expected=0°±5°), Sheet sheet.it.securityDashboard: normal not anti-… to branch tangent (angle=106.5°, expected=0°±5°), Sheet sheet.scm.inboundRequests: normal not anti-p…l to branch tangent (angle=51.7°, expected=0°±5°), Sheet sheet.scm.supplierScorecard: normal not anti…l to branch tangent (angle=51.7°, expected=0°±5°)]
20:06:34.762 ❌ [TOPOLOGY] ❌ Validation failed: Error: Canonical topology violated: Sheet sheet.packaging: normal not anti-parallel to branch tangent (angle=82.6°, expected=0°±5°)
    at CesiumFilamentRenderer.validateTopology (http://127.0.0.1:3000/app/renderers/filament-renderer.js:1983:19)
    at CesiumFilamentRenderer.renderTree (http://127.0.0.1:3000/app/renderers/filament-renderer.js:1874:22)
    at http://127.0.0.1:3000/app/renderers/filament-renderer.js:1104:22
[BoundaryRenderer] ✅ GBR: Loaded 1/1 features
[BoundaryRenderer] Loading FRA from data/boundaries/countries/FRA-ADM0.geojson
20:06:35.302 ℹ️ [DOCK] dist=859 align=0.29 preview=false edit=false overlay=0.00
20:06:35.506 ℹ️ [HUD] mode=CompanyFocus

--- NODE-RING-RENDER-1 proof ---
[RING-PROOF] loading launch URL...
[RING-PROOF] stage1 applied log: PASS nodes=9
[RING-PROOF] stage2 mapping log: PASS
[RING-PROOF] stage3 screenshot 01-company.png captured
[RING-PROOF] stage4 screenshot 02-branch.png captured
[RING-PROOF] gate-summary result=PASS stages=5/5