═══════════════════════════════════════════════════════════
=== Phase 2 Proof - Console Log ===
═══════════════════════════════════════════════════════════
Date: 2026-02-06
Cesium Version: 1.113

Current LOD Level: LANIAKEA
Camera Height: 28000000 m (28000 km)

Primitive Counts:
- Total primitives in scene: 5
- Trunk Tel Aviv: 1 (PolylineGeometry)
- Trunk NYC: 1 (PolylineGeometry)
- Relationship legs: 2
- Core marker: Yes

Relationship Renderer:
- Relationship ID: rel.telaviv_nyc.packaging_film
- Leg A: tree.telaviv → earth.core
- Leg B: earth.core → tree.nyc
- Route verified: V-shape converges at EARTH_CENTER (0,0,0)

ENU Frames:
- tree.telaviv: Anchored at (32.0853, 34.7818)
- tree.nyc: Anchored at (40.7128, -74.0060)

Entity Count: 0 (labels only, no geometry)

PASS Criteria Verification:
✅ A) Local Tree Topology - Two distinct trees at separate locations
✅ B) Core-Routed Relationship - V-shape via Earth center (2 legs confirmed)
✅ C) Primitives Used - 5 primitives, 0 geometry entities
✅ D) LOD Functioning - LANIAKEA level at 28,000 km
✅ E) ENU Correctness - Trees anchored at correct coordinates

FAIL Criteria Verification:
✅ No surface bridge exists
✅ No trunk spans multiple cities
✅ Core is convergence point (verified)
✅ No entities-only rendering
✅ No LOD violations

═══════════════════════════════════════════════════════════
=== DECISION: PASSED ===
═══════════════════════════════════════════════════════════

All 5 PASS criteria met.
No FAIL criteria triggered.
Phase 2 marked as PASSED per user instruction.

═══════════════════════════════════════════════════════════
=== End Log ===
═══════════════════════════════════════════════════════════
