โโโโโโโโโโโโโโโโโโโโโโโโโโโโโโโโโโโโโโโโโโโโโโโโโโโโโโโโโโโ
=== Phase 2.1 Single-Branch Proof - Console Log ===
โโโโโโโโโโโโโโโโโโโโโโโโโโโโโโโโโโโโโโโโโโโโโโโโโโโโโโโโโโโ
Date: 2026-02-06
Test Mode: SINGLE_BRANCH_PROOF = true
Cesium Version: 1.113

[ENU] Coordinate system loaded - all geometry in meters

๐ Relay Cesium World starting...
๐ Initializing Cesium Viewer...
โ Terrain provider created (Ellipsoid)
โ Imagery provider created (OpenStreetMap tiles loading...)
โ Viewer created

โ๏ธ 3D Buildings unavailable (Ion 401 or network issue)
โ๏ธ Buildings marked as DEGRADED

๐ Cesium Viewer initialized successfully
[FilamentRenderer] Initialized (Phase 2.1 Primitives)
[RelationshipRenderer] Initialized
[RelationshipRenderer] Cleared all relationships
๐งน Filament renderer cleared
โ๏ธ Boundaries DISABLED (ENABLE_BOUNDARIES = false)

๐ฒ Loading demo tree...
๐งน Filament renderer cleared
๐ฒ Rendering tree: 5 nodes, 4 edges

โโโโโโโโโโโโโโโโโโโโโโโโโโโโโโโโโโโโโโโโโโโโโโโโโโโโโโโโโโโ
=== GATE 4: Anchor Marker ===
โโโโโโโโโโโโโโโโโโโโโโโโโโโโโโโโโโโโโโโโโโโโโโโโโโโโโโโโโโโ
[GATE 4] Anchor marker rendered at (34.7818, 32.0853) - independent of buildings/terrain

โ GATE 4 PASSED: Anchor visible despite Buildings: DEGRADED (Ion 401)

โโโโโโโโโโโโโโโโโโโโโโโโโโโโโโโโโโโโโโโโโโโโโโโโโโโโโโโโโโโ
=== GATE 2: ENUโWorld Conversion Validation ===
โโโโโโโโโโโโโโโโโโโโโโโโโโโโโโโโโโโโโโโโโโโโโโโโโโโโโโโโโโโ
[GATE 2] Branch branch.operations:
  Anchor: (34.7818, 32.0853)
  ENU Start: (E=0, N=0, U=2000)
  ENU End: (E=800, N=0, U=2000)
  Branch Length: 800.0m (expected: 800m)
  Length Error: 0.0m

โ GATE 2 PASSED: Branch length exactly 800m, error = 0.0m

โโโโโโโโโโโโโโโโโโโโโโโโโโโโโโโโโโโโโโโโโโโโโโโโโโโโโโโโโโโ
=== GATE 3: Camera Locked to Branch ===
โโโโโโโโโโโโโโโโโโโโโโโโโโโโโโโโโโโโโโโโโโโโโโโโโโโโโโโโโโโ
[GATE 3] Camera locked to branch bounding sphere (instant)

โ GATE 3 PASSED: Camera centered on tree immediately

โโโโโโโโโโโโโโโโโโโโโโโโโโโโโโโโโโโโโโโโโโโโโโโโโโโโโโโโโโโ
=== GATE 5: Staged Filaments Verification ===
โโโโโโโโโโโโโโโโโโโโโโโโโโโโโโโโโโโโโโโโโโโโโโโโโโโโโโโโโโโ
[FilamentRenderer] ๐ Cell grid rendered: 8 rows ร 6 cols
[FilamentRenderer] โ Sheet plane created: sheet.packaging

[GATE 5] Staged filaments for sheet.packaging:
  Stage 1 (CellโSpine): 48 primitives
  Stage 2 (SpineโBranch): 1 primitive
  Total: 49 filament primitives
  โ NO direct cellโbranch connections (staging enforced)

โ GATE 5 PASSED: Filaments staged correctly (CellโSpineโBranch)

โโโโโโโโโโโโโโโโโโโโโโโโโโโโโโโโโโโโโโโโโโโโโโโโโโโโโโโโโโโ
=== GATE 1: Single Branch Isolation ===
โโโโโโโโโโโโโโโโโโโโโโโโโโโโโโโโโโโโโโโโโโโโโโโโโโโโโโโโโโโ
โ Tree rendered:
  Primitives: 51 (trunk=1, branches=1, cell-filaments=48, spines=1)
  Entities: 107 (labels=49, cell-points=48, timebox-labels=10)

โ GATE 1 PASSED: Single branch isolated (branches=1, not 2)

โโโโโโโโโโโโโโโโโโโโโโโโโโโโโโโโโโโโโโโโโโโโโโโโโโโโโโโโโโโ
=== Additional System Status ===
โโโโโโโโโโโโโโโโโโโโโโโโโโโโโโโโโโโโโโโโโโโโโโโโโโโโโโโโโโโ
[FilamentRenderer] โ Turgor force animation started
โ Demo tree rendered: Avgol @ Tel Aviv
๐ท Camera presets: Press 1=TopDown, 2=SideProfile
๐ Drag-and-drop initialized
๐ LOD: NONE โ CELL
๐ LOD changed: SHEET โ CELL
โ Relay Cesium World initialized

LOD Transitions During Test:
  CELL โ SHEET
  SHEET โ COMPANY
  COMPANY โ REGION
  REGION โ COMPANY
  COMPANY โ SHEET

โโโโโโโโโโโโโโโโโโโโโโโโโโโโโโโโโโโโโโโโโโโโโโโโโโโโโโโโโโโ
=== FINAL VERIFICATION: ALL GATES PASSED ===
โโโโโโโโโโโโโโโโโโโโโโโโโโโโโโโโโโโโโโโโโโโโโโโโโโโโโโโโโโโ

โ GATE 0: Tree independent of buildings (Ion 401 did not block rendering)
โ GATE 1: Single branch isolation (branches=1)
โ GATE 2: ENUโWorld conversion (length error = 0.0m)
โ GATE 3: Camera locked to branch (instant centering)
โ GATE 4: Anchor marker (independent of buildings)
โ GATE 5: Staged filaments (CellโSpineโBranch)

โโโโโโโโโโโโโโโโโโโโโโโโโโโโโโโโโโโโโโโโโโโโโโโโโโโโโโโโโโโ
=== DECISION: PHASE 2.1 PASSED ===
โโโโโโโโโโโโโโโโโโโโโโโโโโโโโโโโโโโโโโโโโโโโโโโโโโโโโโโโโโโ

All 5 validation gates met.
No REFUSAL conditions triggered.
Phase 2.1 marked as PASSED.

Ready to proceed to Phase 2.2 (restore full tree).

โโโโโโโโโโโโโโโโโโโโโโโโโโโโโโโโโโโโโโโโโโโโโโโโโโโโโโโโโโโ
=== End Log ===
โโโโโโโโโโโโโโโโโโโโโโโโโโโโโโโโโโโโโโโโโโโโโโโโโโโโโโโโโโโ
