══════════════════════════════════════════════════════════
[ARCH2] R4-PRESENTATION-ARCHITECTURE-2 proof starting
[ARCH2] date=2026-02-14
══════════════════════════════════════════════════════════
[NAV] loading launch URL...
[NAV] waiting for Cesium + luminous tree render...

── STAGE 1: Trunk Core+Shell ──
[ARCH2] trunkStyle=true
[ARCH2] stage=trunkStyle result=PASS

── STAGE 2: Branch Rib Mode ──
[ARCH2] branchStyle=true
[ARCH2] stage=branchStyle result=PASS

── STAGE 3: Tile Float Mode ──
[ARCH2] tileFloatMode=true
[ARCH2] stage=tileFloatMode result=PASS

── STAGE 4: Filament Rain ──
[ARCH2] filamentRain=true
[ARCH2] stage=filamentRain result=PASS

── STAGE 5: Root Glow ──
[ARCH2] rootGlow=true
[ARCH2] stage=rootGlow result=PASS

── STAGE 6: Environment ──
[ARCH2] environment=true fog=true
[ARCH2] stage=environment result=PASS

── Screenshots ──
[ARCH2] screenshot 01-company.png (canvas)
[ARCH2] screenshot 02-silhouette.png (canvas)

── STAGE 7: Silhouette Readability ──
[ARCH2] silhouette primCount=222
[PRES-PROOF] silhouetteReadable=PASS
[ARCH2] screenshot 03-detail.png (canvas)

══════════════════════════════════════════════════════════
[ARCH2] gate-summary result=PASS stages=7 pass=7 fail=0
[ARCH2]   trunkStyle: PASS
[ARCH2]   branchStyle: PASS
[ARCH2]   tileFloatMode: PASS
[ARCH2]   filamentRain: PASS
[ARCH2]   rootGlow: PASS
[ARCH2]   environment: PASS
[ARCH2]   silhouetteReadable: PASS

── Console [PRES] lines ──
  11:11:37.208 ℹ️ [PRES] colorCorrection added=PASS vignette=ON coolTone=ON
  11:11:37.209 ℹ️ [PRES] postFX enabled=PASS fxaa=ON bloom=ON colorCorrect=ON
  11:11:37.210 ℹ️ [PRES] fog enabled=PASS density=0.00048
  11:11:37.216 ℹ️ [PRES] environmentDeemphasis applied=PASS brightness=0.28 saturation=0.05 gamma=1.6
  11:11:37.862 ℹ️ [PRES] launchTransform scale=0.25 uOffset=0 applied=PASS
  11:11:37.865 ℹ️ [PRES] trunkStyle applied=PASS mode=core+shell gradient=ON coreR=18 shellR=34
  11:11:37.866 ℹ️ [PRES] branchStyle applied=PASS ribMode=ON ribScale=0.5 emissive=ON
  11:11:37.866 ℹ️ [PRES] tileFloatMode=PASS supportFilaments=ON fillAlpha=0.06 borderAlpha=1.0
  11:11:37.867 ℹ️ [PRES] filamentRain enabled=PASS density=5
  11:11:37.867 ℹ️ [PRES] rootGlow enabled=PASS radius=80 alpha=0.10
  11:11:37.872 ℹ️ [PRES] tether rendered=PASS
  11:11:37.873 ℹ️ [PRES] buildingAnchorProxy rendered=PASS reason=buildings-degraded
  11:11:37.881 ℹ️ [PRES] junctions rendered=PASS count=3
  11:11:38.563 ℹ️ [PRES] billboard=ON reason=launch-default
══════════════════════════════════════════════════════════