[PRESENCE-COMMIT-BOUNDARY-1-PROOF] stage=1 label=boot-regressions-sanity result=PASS
[PRESENCE-COMMIT-BOUNDARY-1-PROOF] stage=2 label=join-room-2-users result=PASS
[PRESENCE-COMMIT-BOUNDARY-1-PROOF] stage=3 label=trigger-commit-collecting result=PASS
[PRESENCE-COMMIT-BOUNDARY-1-PROOF] stage=4 label=one-accept-still-collecting result=PASS
[PRESENCE-COMMIT-BOUNDARY-1-PROOF] stage=5 label=second-accept-granted result=PASS
[PRESENCE-COMMIT-BOUNDARY-1-PROOF] stage=6 label=propose-artifact-hashes result=PASS
[PRESENCE-COMMIT-BOUNDARY-1-PROOF] stage=7 label=timebox-event-appended result=PASS
[PRESENCE-COMMIT-BOUNDARY-1-PROOF] stage=8 label=authority-gate-path result=PASS
[PRESENCE-COMMIT-BOUNDARY-1-PROOF] stage=9 label=denial-path result=PASS
[PRESENCE-COMMIT-BOUNDARY-1-PROOF] gate-summary result=PASS stages=9/9
[ENU] Coordinate system loaded - all geometry in meters
17:12:30.891 ℹ️ [GLOBE] imagery mode=osm provider=OpenStreetMap
17:12:30.895 ℹ️ [PRES] colorCorrection added=PASS vignette=ON coolTone=ON
17:12:30.895 ℹ️ [PRES] postFX enabled=PASS fxaa=ON bloom=ON colorCorrect=ON
17:12:30.896 ℹ️ [PRES] fog enabled=PASS density=0.00048
17:12:30.897 ⚠️ ⚠️ Buildings marked as DEGRADED
17:12:30.898 ℹ️ [LAUNCH-FIX] basemapDim brightness=0.28 contrast=0.55 saturation=0.05 gamma=1.6 applied=PASS
17:12:30.899 ℹ️ [LAUNCH] visibilityMode enabled=PASS scale=0.25 trunkPrimitive=cylinder widthFloors=ON basemapDimming=ON
17:12:30.899 ℹ️ [PRES] environmentDeemphasis applied=PASS brightness=0.28 saturation=0.05 gamma=1.6
17:12:30.900 ℹ️ [GLOBE] services weatherBase=http://127.0.0.1:4020
17:12:30.900 ℹ️ [GLOBE] imagery registry enabled modes=local,clean-street,satellite,hybrid,osm,dark,minimalist
17:12:30.900 ℹ️ [CAM] restore-POV skipped for launch (deterministic frame)
17:12:30.901 ℹ️ [INPUT] owner=CAMERA mode=FreeFly reason=default
[RelationshipRenderer] Initialized
[RelationshipRenderer] Cleared all relationships
[BoundaryRenderer] DataSource created and added to viewer
[BoundaryRenderer] Initialized
[BoundaryRenderer] Loading ISR from data/boundaries/countries/ISR-ADM0.geojson
[BoundaryRenderer] Loading USA from data/boundaries/countries/USA-ADM0.geojson
17:12:30.902 ℹ️ [BOUNDARY-EDITOR] Initialized
[FILAMENT] registry initialized=PASS total=6
[DISCLOSURE] restore backend=localStorage loaded=0 result=PASS
[TIMEBOX] event type=DISCLOSURE_CHANGE id=FIL-003 applied=PASS target=trunk.avgol timeboxId=T6
[DISCLOSURE] id=FIL-003 from=PRIVATE to=WITNESSED reason=lifecycle_default result=PASS
[DISCLOSURE] persist backend=localStorage stored=6 result=PASS
[TIMEBOX] event type=DISCLOSURE_CHANGE id=FIL-004 applied=PASS target=trunk.avgol timeboxId=T6
[DISCLOSURE] id=FIL-004 from=PRIVATE to=PUBLIC_SUMMARY reason=lifecycle_default result=PASS
[DISCLOSURE] persist backend=localStorage stored=6 result=PASS
[TIMEBOX] event type=DISCLOSURE_CHANGE id=FIL-005 applied=PASS target=trunk.avgol timeboxId=T6
[DISCLOSURE] id=FIL-005 from=PRIVATE to=PUBLIC_SUMMARY reason=lifecycle_default result=PASS
[DISCLOSURE] persist backend=localStorage stored=6 result=PASS
[TIMEBOX] event type=DISCLOSURE_CHANGE id=FIL-006 applied=PASS target=trunk.avgol timeboxId=T6
[DISCLOSURE] id=FIL-006 from=PRIVATE to=WITNESSED reason=lifecycle_default result=PASS
[DISCLOSURE] persist backend=localStorage stored=6 result=PASS
[GroupMarkerNotSet(crbug.com/242999)!:A0F0230054260000]Automatic fallback to software WebGL has been deprecated. Please use the --enable-unsafe-swiftshader (about:flags#enable-unsafe-swiftshader) flag to opt in to lower security guarantees for trusted content.
[.WebGL-0x553c005e4700]GL Driver Message (OpenGL, Performance, GL_CLOSE_PATH_NV, High): GPU stall due to ReadPixels
[.WebGL-0x553c005e4700]GL Driver Message (OpenGL, Performance, GL_CLOSE_PATH_NV, High): GPU stall due to ReadPixels
[BoundaryRenderer] ✅ ISR: Loaded 1/1 features
[.WebGL-0x553c005e4700]GL Driver Message (OpenGL, Performance, GL_CLOSE_PATH_NV, High): GPU stall due to ReadPixels
[BoundaryRenderer] ✅ USA: Loaded 1/1 features
17:12:31.562 ℹ️ [BOUNDARY] containsll suite=PASS polygons=1 multipolygons=1 holes=0
17:12:31.562 ℹ️ [BOUNDARY] containsll hole-suite=PASS probes=3
17:12:31.562 ℹ️ [BOUNDARY] restore result=PASS renderer=BoundaryRenderer containsLL=PASS ISR=1 USA=1
17:12:31.563 ℹ️ [GATE] G3 status=PASS evidence=runtime-boundary-selftest
17:12:31.563 ℹ️ [UX] boundaries=ACTIVE mode=READ_ONLY
17:12:31.563 ℹ️ [BOUNDARY] voting-scope mode=BOUNDARY_ENABLED reason=boundary-pass
[.WebGL-0x553c005e4700]GL Driver Message (OpenGL, Performance, GL_CLOSE_PATH_NV, High): GPU stall due to ReadPixels (this message will no longer repeat)
17:12:31.885 ℹ️ [BOUNDARY] manifestLoaded countries=27
[BoundaryRenderer] Loading USA from data/boundaries/countries/USA-ADM0.geojson
[BOUNDARY] reuse id=boundary-USA-0-6c62914d
[BoundaryRenderer] Loading BRA from data/boundaries/countries/BRA-ADM0.geojson
17:12:32.730 ℹ️ [VOTE] restore backend=localStorage mode=demo loaded=0 result=PASS
[VOTE] restore backend=localStorage mode=demo loaded=0 result=PASS
[BACKING] id=branch.finance filaments=3 timeboxes=7 evidence=0 missing=0
[CONF] id=branch.finance conf=0.40 breakdown=tb:1,ev:0,disc:1,vote:0
[ATTN] id=branch.finance attn=0.20 lifecycle=SETTLING disclosure=WITNESSED vote=PENDING
[BACKING] id=branch.maintenance filaments=3 timeboxes=7 evidence=0 missing=0
[CONF] id=branch.maintenance conf=0.40 breakdown=tb:1,ev:0,disc:1,vote:0
[ATTN] id=branch.maintenance attn=0.36 lifecycle=REFUSAL disclosure=PUBLIC_SUMMARY vote=PENDING
[AC] aggregateAttention scope=company result=0.36 children=8
[AC] aggregateConfidence scope=company result=0.35 children=8
[AC] initialized=PASS functions=5 filaments=6
17:12:32.757 ℹ️ [PRES] launchTransform scale=0.25 uOffset=0 applied=PASS
17:12:32.759 ℹ️ [LAUNCH-FIX] visualHierarchy applied=PASS tilesAlpha=0.05 trunkCore=0.85
17:12:32.760 ℹ️ [LAUNCH-THEME] tokens loaded trunk=thinPillar tile=horizontalPlatform filament=rain
17:12:32.760 ℹ️ [GATE] launchVisibility semantics=UNCHANGED enuChecks=RAW
17:12:32.760 ℹ️ [LAUNCH] widthFloors trunk=20m branches=13/10/6 tiles=120x70m rule=uniform
17:12:32.761 ℹ️ [PRES] trunkStyle applied=PASS mode=core+shell coreR=10 shellR=16
17:12:32.761 ℹ️ [PRES] branchStyle applied=PASS ribMode=ON ribScale=0.3 emissive=ON alpha=0.30
17:12:32.762 ℹ️ [PRES] sheetPlatform grid=PASS majorLines=16 mode=overview normal=UP horizontal=ON landscape=120x70
17:12:32.762 ℹ️ [PRES] tileFloatMode=PASS supportFilaments=ON fillAlpha=0.05 borderAlpha=1.0
17:12:32.763 ℹ️ [PRES] filamentRain enabled=PASS density=5
17:12:32.763 ℹ️ [PRES] rootGlow enabled=PASS radius=80 alpha=0.10
17:12:32.764 ℹ️ [GATE 4] Anchor marker rendered at (34.7818, 32.0853) - independent of buildings/terrain
17:12:32.767 ℹ️ [PRES] tether rendered=PASS
17:12:32.768 ℹ️ [PRES] buildingAnchorProxy rendered=PASS reason=buildings-degraded
17:12:32.768 ℹ️ [GATE 4] Anchor marker rendered at (34.7818, 32.0853) - independent of buildings/terrain
17:12:32.769 ℹ️ [GATE 4] Anchor marker rendered at (34.7818, 32.0853) - independent of buildings/terrain
17:12:32.770 ℹ️ [GATE 4] Anchor marker rendered at (34.7818, 32.0853) - independent of buildings/terrain
17:12:32.770 ℹ️ [GATE 4] Anchor marker rendered at (34.7818, 32.0853) - independent of buildings/terrain
17:12:32.771 ℹ️ [GATE 4] Anchor marker rendered at (34.7818, 32.0853) - independent of buildings/terrain
17:12:32.772 ℹ️ [VIS] voteFilter LOD=COMPANY override=ALL
17:12:32.778 ℹ️ [UX] debugLogs=false gateSpamSuppressed=true
17:12:32.783 ℹ️ [PRES] junctions rendered=PASS count=8
17:12:32.784 ℹ️ [VIS2] expandedSheetsAllowed=false scope=world
17:12:32.784 ℹ️ [VIS2] suppressSheetDetail=true expandedSheetsAllowed=false selectedSheet=none lod=COMPANY
17:12:32.786 ℹ️ [VIS] basinRings anchor=trunk.avgol companies=6 mode=rings
[FILAMENT] bandSnap id=FIL-001 timeboxId=FIN-T4 deltaM=0 result=PASS
[FILAMENT] bandSnap id=FIL-002 timeboxId=FIN-T3 deltaM=0 result=PASS
[FILAMENT] bandSnap id=FIL-003 timeboxId=FIN-T1 deltaM=0 result=PASS
[FILAMENT] bandSnap id=FIL-004 timeboxId=MNT-T0 deltaM=0 result=PASS
[FILAMENT] bandSnap id=FIL-006 timeboxId=MNT-T1 deltaM=0 result=PASS
[FILAMENT] bandSnap source=vis4Registry
[DISCLOSURE] markersRendered count=5 tiers={PRIVATE:2,WITNESSED:2,PUBLIC_SUMMARY:1,FULL_PUBLIC:0}
17:12:32.787 ℹ️ [VIS2] deptSpinesRendered count=8
17:12:32.788 ℹ️ [VIS2] companyCollapsed result=PASS sheetsRendered=0 lod=COMPANY scope=world expandedSheetsAllowed=false
17:12:32.795 ℹ️ [VIS2] sheetTilesRendered count=39
17:12:32.796 ℹ️ [VIS2] exitSheet collapsed=PASS expanded=0 tiles=39
17:12:32.797 ℹ️ [VIS3] flowOverlay result=PASS edges=66 exceptions=11 scope=world lod=COMPANY
17:12:32.797 ℹ️ [VIS3] trafficBarsRendered count=8
17:12:32.797 ℹ️ [VIS3] gate-summary result=PASS
17:12:32.800 ℹ️ [VIS4c] labelsRendered count=36 scope=company
17:12:32.800 ℹ️ [VIS4] slabsRendered scope=company objects=9 slabs=36 capped=false
17:12:32.801 ℹ️ [VIS4] companySlabs result=PASS deptBranches=8 trunkSlabs=6
17:12:32.801 ℹ️ [VIS4] gate-summary result=PASS
17:12:32.801 ℹ️ [LOD-BUDGET] frame sheetsDetailed=0 totalMarkers=0 totalPrims=125 totalEntities=97
17:12:33.990 ℹ️ [GLOBE] worldTrunks synced added=5 total=6
17:12:33.991 ℹ️ [GLOBE] datasetLoad anchors=6
17:12:33.991 ℹ️ [UX] multiCountrySmoke=PASS anchors=6
17:12:33.991 ℹ️ [LAUNCH-FIX] cameraFrame target=trunk.avgol result=PASS distM=750 horzM=1000 heading=355 pitch=-28 applied=PASS
17:12:33.992 ℹ️ [HUD] mode=FreeFly layer1=6 layer2=0
17:12:33.997 ℹ️ [HUD] consolidated rootCount=1 duplicates=0
17:12:34.001 ℹ️ [HUD] tier1 rows=6
17:12:34.002 ℹ️ [HUD] tier2 default=collapsed
17:12:34.002 ℹ️ [PRES] billboard=ON reason=launch-default
17:12:34.003 ℹ️ [UX] debugLogs=false (launch mode)
17:12:34.003 ℹ️ [LAUNCH-FIX] uiGating launch=true hiddenPanels=artifacts,ux3,p2p,topicLane,vote,workMode,logConsole applied=PASS
17:12:34.009 ℹ️ [LAUNCH-FIX] hud tier1=ON tier2=OFF default=collapsed
17:12:34.010 ℹ️ [LAUNCH-FIX] helpOverlay shown=true dismissed=false source=first
[BUILD] 2026-02-09T12:30Z ux-1.1-universal-object-contract
17:12:34.011 ℹ️ [UX-1.1-PROOF] type=trunk id=trunk.avgol scope=root actions=focusView,showKPIs,showTimeboxes,showBranches,cycleClusterLevel,focusNextRegion,loadGlobalCore
17:12:34.011 ℹ️ [UX-1.1-PROOF] type=branch id=branch.operations scope=trunk.avgol actions=focusView,showKPIs,showTimeboxes,showPressureSources,cycleClusterLevel,focusNextRegion,loadGlobalCore
17:12:34.012 ℹ️ [UX-1.1-PROOF] type=sheet id=sheet.packaging scope=branch.operations actions=focusView,showSchema,addColumn,addValidation,addSummaryBinding
17:12:34.012 ℹ️ [UX-1.1-PROOF] type=cell id=sheet.packaging.cell.0.0 scope=branch.operations actions=edit,viewDependencies,viewHistory,createValidation,lockScope
17:12:34.012 ℹ️ [UX-1.1-PROOF] type=match id=3WM-001 scope=branch.p2p.mc1 actions=inspectSources,viewVariance,setTolerance,markResolved
17:12:34.012 ℹ️ [UX-1.1-PROOF] type=route id=p2p.requisition scope=branch.p2p.fc1 actions=previewMapping,ingestTestRecord,showProvenance,editFieldMap
17:12:34.013 ℹ️ [UX-1.1-PROOF] type=module id=P2P scope=trunk.avgol actions=showAllSheets,showRoutes,showKPIBindings,showRecomputationChain
17:12:34.013 ℹ️ [UX-1.1] Universal Object Contract: 7 types resolved
17:12:34.013 ℹ️ [PRESENCE] engine enabled=PASS ttlMs=15000 hbMs=3000
[PRESENCE] engine enabled=PASS ttlMs=15000 hbMs=3000
17:12:34.014 ℹ️ [PRESENCE] room resolve scope=trunk.avgol roomId=room.111ef3ac result=PASS
[PRESENCE] room resolve scope=trunk.avgol roomId=room.111ef3ac result=PASS
17:12:34.014 ℹ️ [PRESENCE] join user=user.local.mlo0700t room=room.111ef3ac members=1 result=PASS
[PRESENCE] join user=user.local.mlo0700t room=room.111ef3ac members=1 result=PASS
17:12:34.015 ℹ️ [VIS8] renderEngine enabled=PASS topology=mesh sfuReady=true
[VIS8] renderEngine enabled=PASS topology=mesh sfuReady=true
17:12:34.016 ℹ️ [VIS8] rtc join user=user.local.mlo0700t room=room.111ef3ac peers=0 result=PASS
[VIS8] rtc join user=user.local.mlo0700t room=room.111ef3ac peers=0 result=PASS
17:12:34.016 ℹ️ [PRESENCE] bind user=user.local.mlo0700t room=room.111ef3ac scope=unknown focus=null ride=off result=PASS
[PRESENCE] bind user=user.local.mlo0700t room=room.111ef3ac scope=unknown focus=null ride=off result=PASS
17:12:34.016 ℹ️ [PRESENCE] bind-change cause=scope result=PASS
[PRESENCE] bind-change cause=scope result=PASS
17:12:34.016 ℹ️ [PRESENCE] bind-change cause=scope result=PASS
[PRESENCE] bind-change cause=scope result=PASS
17:12:34.017 ℹ️ [VIS8] budget decode active=1 max=2 lod=COMPANY
[VIS8] budget decode active=1 max=2 lod=COMPANY
17:12:34.017 ℹ️ [VIS8] budget render active=1 max=4 lod=COMPANY
[VIS8] budget render active=1 max=4 lod=COMPANY
17:12:34.018 ℹ️ [VIS8] lodSwitch user=user.local.mlo0700t from=dot to=billboard trigger=scope
[VIS8] lodSwitch user=user.local.mlo0700t from=dot to=billboard trigger=scope
17:12:34.018 ℹ️ [VIS8] renderCard user=user.local.mlo0700t lod=billboard video=off reason=consent
[VIS8] renderCard user=user.local.mlo0700t lod=billboard video=off reason=consent
17:12:34.019 ℹ️ [CAM] basin-proximity target=branch.maintenance type=branch radiusM=6000.0 distanceM=1584.3 assist=BLOCKED_LAUNCH
17:12:34.021 ℹ️ [VIS] sheetSelect resolved sheet=MFG.MaterialIssues reason=default
[VIS] sheetSelect resolved sheet=MFG.MaterialIssues reason=default
17:12:34.022 ℹ️ [VIS] enter sheet=MFG.MaterialIssues scope=sheet-only
[VIS] enter sheet=MFG.MaterialIssues scope=sheet-only
17:12:34.022 ℹ️ [DOCK] enterSheet target=MFG.MaterialIssues mode=FaceOn result=PASS distM=1196
17:12:34.022 ℹ️ [CAM] Face-on: instant snap (duration=0 method=setView)
17:12:34.023 ℹ️ [LOD] apply level=CELL sheetsDetailed=1 lanes=1 markers=1
17:12:34.024 ℹ️ [DOCK] dist=105 align=-1.00 preview=true edit=false overlay=0.00
17:12:34.024 ℹ️ [DOCK] autoDock disabled=PASS reason=explicitEnter
17:12:34.142 ℹ️ [GATE 4] Anchor marker rendered at (-122.4194, 37.7749) - independent of buildings/terrain
17:12:34.142 ℹ️ [GATE 4] Anchor marker rendered at (-0.1276, 51.5072) - independent of buildings/terrain
17:12:34.143 ℹ️ [GATE 4] Anchor marker rendered at (77.2090, 28.6139) - independent of buildings/terrain
17:12:34.143 ℹ️ [GATE 4] Anchor marker rendered at (139.6917, 35.6895) - independent of buildings/terrain
17:12:34.144 ℹ️ [GATE 4] Anchor marker rendered at (-46.6333, -23.5505) - independent of buildings/terrain
17:12:34.149 ℹ️ [VIS2] expandedSheetsAllowed=true scope=sheet
17:12:34.149 ℹ️ [VIS2] suppressSheetDetail=false expandedSheetsAllowed=true selectedSheet=MFG.MaterialIssues lod=CELL
17:12:34.153 ℹ️ [VIS] sheetOnlyRender sheetsDetailed=1 selected=MFG.MaterialIssues hidden=38
17:12:34.159 ℹ️ [VIS2] sheetTilesRendered count=38
17:12:34.160 ℹ️ [VIS2] enterSheet expanded=1 tiles=38
17:12:34.160 ℹ️ [VIS3.2] sheetOverlay begin sheet=MFG.MaterialIssues scope=sheet
17:12:34.160 ℹ️ [VIS3.2] exceptionRows result=PASS sheet=MFG.MaterialIssues count=0
17:12:34.160 ℹ️ [VIS3.2] routeHighlights result=PASS sheet=MFG.MaterialIssues edges=0
17:12:34.160 ℹ️ [VIS3.2] budget exceptionOverlays=0 routeHighlights=0 capped=false
17:12:34.160 ℹ️ [VIS3.2] gate-summary result=PASS
17:12:34.160 ℹ️ [VIS4] sheetSlabGap enforced minGap=8m raw=2.5m effective=8.0m
17:12:34.160 ℹ️ [VIS4c] labelsRendered count=1 scope=sheet
17:12:34.160 ℹ️ [VIS4] slabsRendered scope=sheet objects=1 slabs=1 capped=false
17:12:34.160 ℹ️ [VIS4] sheetSlabs result=PASS sheet=MFG.MaterialIssues slabs=1
17:12:34.161 ℹ️ [VIS4] gate-summary result=PASS
17:12:34.161 ℹ️ [LOD-BUDGET] frame sheetsDetailed=1 totalMarkers=5 totalPrims=88 totalEntities=92
17:12:34.161 ℹ️ [CAM] dockFaceOn applied=PASS sheet=MFG.MaterialIssues
[2D] gridShown sheet=MFG.MaterialIssues rows=1 cols=5 populated=5 result=PASS
17:12:34.162 ℹ️ [LOD] apply level=COMPANY requestedSheetsDetailed=1 effectiveSheetsDetailed=1 lanes=1 markers=0 reason=explicitEnter distKm=13.0
[BoundaryRenderer] ✅ BRA: Loaded 1/1 features
[BoundaryRenderer] Loading ARG from data/boundaries/countries/ARG-ADM0.geojson
17:12:34.575 ℹ️ [VIS2] expandedSheetsAllowed=true scope=sheet
17:12:34.575 ℹ️ [VIS2] suppressSheetDetail=false expandedSheetsAllowed=true selectedSheet=MFG.MaterialIssues lod=COMPANY
17:12:34.576 ℹ️ [VIS] basinRings anchor=trunk.avgol companies=11 mode=cluster
17:12:34.576 ℹ️ [LOD] COMPANY markersOverride=false MarkerCells=0
17:12:34.583 ℹ️ [VIS2] sheetTilesRendered count=38
17:12:34.583 ℹ️ [VIS2] enterSheet expanded=1 tiles=38
17:12:34.583 ℹ️ [LOD-BUDGET] frame sheetsDetailed=1 totalMarkers=0 totalPrims=82 totalEntities=82
17:12:34.699 ℹ️ [VIS8] mediaPermissions cam=prompt mic=prompt
[VIS8] mediaPermissions cam=prompt mic=prompt
17:12:35.067 ℹ️ [HUD] paramsLoaded version=HUD-PARAMS-v0 policyRef=local:HUD-PARAMS-v0
17:12:35.090 ℹ️ [DOCK] dist=14425 align=0.10 preview=false edit=false overlay=0.95
[BoundaryRenderer] ✅ ARG: Loaded 1/1 features
[BoundaryRenderer] Loading GBR from data/boundaries/countries/GBR-ADM0.geojson
17:12:35.516 ℹ️ [VIS] exit sheet=MFG.MaterialIssues restoreView=true
[VIS] exit sheet=MFG.MaterialIssues restoreView=true
[2D] gridHidden reason=exitSheet result=PASS
[VIS] exitSheet cleanup=PASS cleared=sheetId,anchor,selection,forceCompanyScope,explicitEnter,autoDockFlags
17:12:35.517 ℹ️ [VIS] enter company=trunk.avgol
[VIS] enter company=trunk.avgol
17:12:35.518 ℹ️ [CAM] focusLock target=trunk.avgol scope=company result=PASS
17:12:35.518 ℹ️ [INPUT] owner=CAMERA mode=FreeFly reason=focusLock
17:12:35.518 ℹ️ [LOD] lock level=COMPANY reason=basinFocus
17:12:35.519 ℹ️ [HUD] votes summary=PASS passed=4 pending=2 rejected=0
[HUD] votes summary=PASS passed=4 pending=2 rejected=0
17:12:35.599 ℹ️ [VIS2] expandedSheetsAllowed=false scope=company
17:12:35.599 ℹ️ [VIS2] suppressSheetDetail=true expandedSheetsAllowed=false selectedSheet=none lod=COMPANY
17:12:35.600 ℹ️ [VIS] basinRings anchor=trunk.avgol companies=11 mode=cluster
17:12:35.600 ℹ️ [VIS2] deptSpinesRendered count=8
17:12:35.600 ℹ️ [VIS2] companyCollapsed result=PASS sheetsRendered=0 lod=COMPANY scope=company expandedSheetsAllowed=false
17:12:35.604 ℹ️ [VIS2] sheetTilesRendered count=39
17:12:35.605 ℹ️ [VIS2] exitSheet collapsed=PASS expanded=0 tiles=39
17:12:35.605 ℹ️ [VIS3] flowOverlay result=PASS edges=66 exceptions=11 scope=company lod=COMPANY
17:12:35.605 ℹ️ [VIS3] trafficBarsRendered count=8
17:12:35.605 ℹ️ [VIS3] gate-summary result=PASS
17:12:35.608 ℹ️ [VIS4c] labelsRendered count=51 scope=company
17:12:35.608 ℹ️ [VIS4] slabsRendered scope=company objects=14 slabs=51 capped=false
17:12:35.608 ℹ️ [VIS4] companySlabs result=PASS deptBranches=8 trunkSlabs=21
17:12:35.608 ℹ️ [VIS4] gate-summary result=PASS
17:12:35.608 ℹ️ [LOD-BUDGET] frame sheetsDetailed=0 totalMarkers=0 totalPrims=145 totalEntities=132
[BoundaryRenderer] ✅ GBR: Loaded 1/1 features
[BoundaryRenderer] Loading FRA from data/boundaries/countries/FRA-ADM0.geojson
17:12:36.157 ℹ️ [DOCK] dist=2133 align=-0.06 preview=false edit=false overlay=0.00
WebSocket connection to 'ws://127.0.0.1:4031/vis8' failed: Error in connection establishment: net::ERR_CONNECTION_REFUSED
[CALL] commitSummary requested room=room.111ef3ac scope=unknown by=user.local.mlo0700t result=PASS
[CALL] consent request sent room=room.111ef3ac participants=2 ttlMs=60000 result=PASS
17:12:36.421 ℹ️ [HUD] mode=CompanyFocus
[BoundaryRenderer] ✅ FRA: Loaded 1/1 features
[BoundaryRenderer] Loading DEU from data/boundaries/countries/DEU-ADM0.geojson
[CALL] consent vote user=user.local.mlo0700t value=accept result=PASS
[CALL] consent state=COLLECTING missing=1 result=PASS
17:12:36.826 ℹ️ [CAM] basinFocus settled target=trunk.avgol distM=900 pitch=-55
[CALL] consent vote user=user.remote.sim1 value=accept result=PASS
[CALL] consent state=GRANTED missing=0 result=PASS
17:12:37.213 ℹ️ [DOCK] dist=761 align=0.05 preview=false edit=false overlay=0.00
17:12:37.406 ℹ️ [PRESENCE] hb user=user.local.mlo0700t room=room.111ef3ac ageMs=3390 result=PASS
[PRESENCE] hb user=user.local.mlo0700t room=room.111ef3ac ageMs=3390 result=PASS
[CALL] summary hashes summary=17a190bb6b4c46e0 consent=7d59bef6f2997aa3 participants=a2e9bc168becad09 bindings=44136fa355b3678a
17:12:38.020 ⚠️ [REFUSAL] artifactMissingTarget reason=NO_TARGET_IN_CONTEXT
[W0] artifact propose type=CALL_SUMMARY id=call.room.111ef3ac.1771175557199 result=FAIL
[TIMEBOX] event type=CALL_SUMMARY id=undefined applied=PASS target=trunk.avgol timeboxId=T6
[TIMEBOX] event type=CALL_SUMMARY id=call.room.111ef3ac.1771175557199 applied=PASS target=trunk.avgol timeboxId=T6
17:12:38.021 ℹ️ [REFUSAL] reason=CALL_COMMIT_AUTHORITY_MISSING scope=unknown action=commitSummary
[REFUSAL] reason=CALL_COMMIT_AUTHORITY_MISSING scope=unknown action=commitSummary
[CALL] commit gate consent=GRANTED authority=missing result=PROPOSE_ONLY
[BoundaryRenderer] ✅ DEU: Loaded 1/1 features
[BoundaryRenderer] Loading NLD from data/boundaries/countries/NLD-ADM0.geojson
17:12:38.292 ℹ️ [DOCK] dist=761 align=0.05 preview=false edit=false overlay=0.00
[BoundaryRenderer] ✅ NLD: Loaded 1/1 features
[BoundaryRenderer] Loading EGY from data/boundaries/countries/EGY-ADM0.geojson
17:12:39.434 ℹ️ [DOCK] dist=761 align=0.05 preview=false edit=false overlay=0.00
[BoundaryRenderer] ✅ EGY: Loaded 1/1 features
[BoundaryRenderer] Loading SAU from data/boundaries/countries/SAU-ADM0.geojson
17:12:40.269 ℹ️ [PRESENCE] hb user=user.local.mlo0700t room=room.111ef3ac ageMs=2863 result=PASS
[PRESENCE] hb user=user.local.mlo0700t room=room.111ef3ac ageMs=2863 result=PASS
17:12:40.484 ℹ️ [DOCK] dist=761 align=0.05 preview=false edit=false overlay=0.00
[BoundaryRenderer] ✅ SAU: Loaded 1/1 features
[BoundaryRenderer] Loading IND from data/boundaries/countries/IND-ADM0.geojson
17:12:41.600 ℹ️ [DOCK] dist=761 align=0.05 preview=false edit=false overlay=0.00
[ENU] Coordinate system loaded - all geometry in meters
17:12:42.314 ℹ️ [GLOBE] imagery mode=osm provider=OpenStreetMap
17:12:42.315 ℹ️ [PRES] colorCorrection added=PASS vignette=ON coolTone=ON
17:12:42.315 ℹ️ [PRES] postFX enabled=PASS fxaa=ON bloom=ON colorCorrect=ON
17:12:42.315 ℹ️ [PRES] fog enabled=PASS density=0.00048
17:12:42.316 ⚠️ ⚠️ Buildings marked as DEGRADED
17:12:42.317 ℹ️ [LAUNCH-FIX] basemapDim brightness=0.28 contrast=0.55 saturation=0.05 gamma=1.6 applied=PASS
17:12:42.317 ℹ️ [LAUNCH] visibilityMode enabled=PASS scale=0.25 trunkPrimitive=cylinder widthFloors=ON basemapDimming=ON
17:12:42.317 ℹ️ [PRES] environmentDeemphasis applied=PASS brightness=0.28 saturation=0.05 gamma=1.6
17:12:42.317 ℹ️ [GLOBE] services weatherBase=http://127.0.0.1:4020
17:12:42.318 ℹ️ [GLOBE] imagery registry enabled modes=local,clean-street,satellite,hybrid,osm,dark,minimalist
17:12:42.318 ℹ️ [CAM] restore-POV skipped for launch (deterministic frame)
17:12:42.318 ℹ️ [INPUT] owner=CAMERA mode=FreeFly reason=default
[RelationshipRenderer] Initialized
[RelationshipRenderer] Cleared all relationships
[BoundaryRenderer] DataSource created and added to viewer
[BoundaryRenderer] Initialized
[BoundaryRenderer] Loading ISR from data/boundaries/countries/ISR-ADM0.geojson
[BoundaryRenderer] Loading USA from data/boundaries/countries/USA-ADM0.geojson
17:12:42.319 ℹ️ [BOUNDARY-EDITOR] Initialized
[FILAMENT] registry initialized=PASS total=6
[DISCLOSURE] restore backend=localStorage loaded=6 result=PASS
[GroupMarkerNotSet(crbug.com/242999)!:A0F0230054260000]Automatic fallback to software WebGL has been deprecated. Please use the --enable-unsafe-swiftshader (about:flags#enable-unsafe-swiftshader) flag to opt in to lower security guarantees for trusted content.
[BoundaryRenderer] ✅ ISR: Loaded 1/1 features
[BoundaryRenderer] ✅ USA: Loaded 1/1 features
17:12:42.989 ℹ️ [BOUNDARY] containsll suite=PASS polygons=1 multipolygons=1 holes=0
17:12:42.990 ℹ️ [BOUNDARY] containsll hole-suite=PASS probes=3
17:12:42.990 ℹ️ [BOUNDARY] restore result=PASS renderer=BoundaryRenderer containsLL=PASS ISR=1 USA=1
17:12:42.991 ℹ️ [GATE] G3 status=PASS evidence=runtime-boundary-selftest
17:12:42.991 ℹ️ [UX] boundaries=ACTIVE mode=READ_ONLY
17:12:42.991 ℹ️ [BOUNDARY] voting-scope mode=BOUNDARY_ENABLED reason=boundary-pass
17:12:43.332 ℹ️ [BOUNDARY] manifestLoaded countries=27
[BoundaryRenderer] Loading USA from data/boundaries/countries/USA-ADM0.geojson
[BOUNDARY] reuse id=boundary-USA-0-6c62914d
[BoundaryRenderer] Loading BRA from data/boundaries/countries/BRA-ADM0.geojson
17:12:44.319 ℹ️ [VOTE] restore backend=localStorage mode=demo loaded=0 result=PASS
[VOTE] restore backend=localStorage mode=demo loaded=0 result=PASS
[BACKING] id=branch.finance filaments=3 timeboxes=7 evidence=0 missing=0
[CONF] id=branch.finance conf=0.40 breakdown=tb:1,ev:0,disc:1,vote:0
[ATTN] id=branch.finance attn=0.20 lifecycle=SETTLING disclosure=WITNESSED vote=PENDING
[BACKING] id=branch.maintenance filaments=3 timeboxes=7 evidence=0 missing=0
[CONF] id=branch.maintenance conf=0.40 breakdown=tb:1,ev:0,disc:1,vote:0
[ATTN] id=branch.maintenance attn=0.36 lifecycle=REFUSAL disclosure=PUBLIC_SUMMARY vote=PENDING
[AC] aggregateAttention scope=company result=0.36 children=8
[AC] aggregateConfidence scope=company result=0.35 children=8
[AC] initialized=PASS functions=5 filaments=6
17:12:44.331 ℹ️ [PRES] launchTransform scale=0.25 uOffset=0 applied=PASS
17:12:44.332 ℹ️ [LAUNCH-FIX] visualHierarchy applied=PASS tilesAlpha=0.05 trunkCore=0.85
17:12:44.332 ℹ️ [LAUNCH-THEME] tokens loaded trunk=thinPillar tile=horizontalPlatform filament=rain
17:12:44.332 ℹ️ [GATE] launchVisibility semantics=UNCHANGED enuChecks=RAW
17:12:44.332 ℹ️ [LAUNCH] widthFloors trunk=20m branches=13/10/6 tiles=120x70m rule=uniform
17:12:44.333 ℹ️ [PRES] trunkStyle applied=PASS mode=core+shell coreR=10 shellR=16
17:12:44.333 ℹ️ [PRES] branchStyle applied=PASS ribMode=ON ribScale=0.3 emissive=ON alpha=0.30
17:12:44.333 ℹ️ [PRES] sheetPlatform grid=PASS majorLines=16 mode=overview normal=UP horizontal=ON landscape=120x70
17:12:44.333 ℹ️ [PRES] tileFloatMode=PASS supportFilaments=ON fillAlpha=0.05 borderAlpha=1.0
17:12:44.334 ℹ️ [PRES] filamentRain enabled=PASS density=5
17:12:44.334 ℹ️ [PRES] rootGlow enabled=PASS radius=80 alpha=0.10
17:12:44.334 ℹ️ [GATE 4] Anchor marker rendered at (34.7818, 32.0853) - independent of buildings/terrain
17:12:44.336 ℹ️ [PRES] tether rendered=PASS
17:12:44.336 ℹ️ [PRES] buildingAnchorProxy rendered=PASS reason=buildings-degraded
17:12:44.337 ℹ️ [GATE 4] Anchor marker rendered at (34.7818, 32.0853) - independent of buildings/terrain
17:12:44.337 ℹ️ [GATE 4] Anchor marker rendered at (34.7818, 32.0853) - independent of buildings/terrain
17:12:44.338 ℹ️ [GATE 4] Anchor marker rendered at (34.7818, 32.0853) - independent of buildings/terrain
17:12:44.338 ℹ️ [GATE 4] Anchor marker rendered at (34.7818, 32.0853) - independent of buildings/terrain
17:12:44.339 ℹ️ [GATE 4] Anchor marker rendered at (34.7818, 32.0853) - independent of buildings/terrain
17:12:44.339 ℹ️ [VIS] voteFilter LOD=COMPANY override=ALL
17:12:44.342 ℹ️ [UX] debugLogs=false gateSpamSuppressed=true
17:12:44.347 ℹ️ [PRES] junctions rendered=PASS count=8
17:12:44.347 ℹ️ [VIS2] expandedSheetsAllowed=false scope=world
17:12:44.348 ℹ️ [VIS2] suppressSheetDetail=true expandedSheetsAllowed=false selectedSheet=none lod=COMPANY
17:12:44.349 ℹ️ [VIS] basinRings anchor=trunk.avgol companies=6 mode=rings
[FILAMENT] bandSnap id=FIL-001 timeboxId=FIN-T4 deltaM=0 result=PASS
[FILAMENT] bandSnap id=FIL-002 timeboxId=FIN-T3 deltaM=0 result=PASS
[FILAMENT] bandSnap id=FIL-003 timeboxId=FIN-T1 deltaM=0 result=PASS
[FILAMENT] bandSnap id=FIL-004 timeboxId=MNT-T0 deltaM=0 result=PASS
[FILAMENT] bandSnap id=FIL-006 timeboxId=MNT-T1 deltaM=0 result=PASS
[FILAMENT] bandSnap source=vis4Registry
[DISCLOSURE] markersRendered count=5 tiers={PRIVATE:2,WITNESSED:2,PUBLIC_SUMMARY:1,FULL_PUBLIC:0}
17:12:44.350 ℹ️ [VIS2] deptSpinesRendered count=8
17:12:44.350 ℹ️ [VIS2] companyCollapsed result=PASS sheetsRendered=0 lod=COMPANY scope=world expandedSheetsAllowed=false
17:12:44.354 ℹ️ [VIS2] sheetTilesRendered count=39
17:12:44.354 ℹ️ [VIS2] exitSheet collapsed=PASS expanded=0 tiles=39
17:12:44.355 ℹ️ [VIS3] flowOverlay result=PASS edges=66 exceptions=11 scope=world lod=COMPANY
17:12:44.355 ℹ️ [VIS3] trafficBarsRendered count=8
17:12:44.356 ℹ️ [VIS3] gate-summary result=PASS
17:12:44.357 ℹ️ [VIS4c] labelsRendered count=36 scope=company
17:12:44.358 ℹ️ [VIS4] slabsRendered scope=company objects=9 slabs=36 capped=false
17:12:44.358 ℹ️ [VIS4] companySlabs result=PASS deptBranches=8 trunkSlabs=6
17:12:44.358 ℹ️ [VIS4] gate-summary result=PASS
17:12:44.359 ℹ️ [LOD-BUDGET] frame sheetsDetailed=0 totalMarkers=0 totalPrims=125 totalEntities=97
17:12:45.350 ℹ️ [GLOBE] worldTrunks synced added=5 total=6
17:12:45.351 ℹ️ [GLOBE] datasetLoad anchors=6
17:12:45.351 ℹ️ [UX] multiCountrySmoke=PASS anchors=6
17:12:45.352 ℹ️ [LAUNCH-FIX] cameraFrame target=trunk.avgol result=PASS distM=750 horzM=1000 heading=355 pitch=-28 applied=PASS
17:12:45.353 ℹ️ [HUD] mode=FreeFly layer1=6 layer2=0
17:12:45.354 ℹ️ [HUD] consolidated rootCount=1 duplicates=0
17:12:45.355 ℹ️ [HUD] tier1 rows=6
17:12:45.356 ℹ️ [HUD] tier2 default=collapsed
17:12:45.356 ℹ️ [PRES] billboard=ON reason=launch-default
17:12:45.357 ℹ️ [UX] debugLogs=false (launch mode)
17:12:45.357 ℹ️ [LAUNCH-FIX] uiGating launch=true hiddenPanels=artifacts,ux3,p2p,topicLane,vote,workMode,logConsole applied=PASS
17:12:45.358 ℹ️ [LAUNCH-FIX] hud tier1=ON tier2=OFF default=collapsed
17:12:45.358 ℹ️ [LAUNCH-FIX] helpOverlay shown=true dismissed=false source=first
[BUILD] 2026-02-09T12:30Z ux-1.1-universal-object-contract
17:12:45.359 ℹ️ [UX-1.1-PROOF] type=trunk id=trunk.avgol scope=root actions=focusView,showKPIs,showTimeboxes,showBranches,cycleClusterLevel,focusNextRegion,loadGlobalCore
17:12:45.359 ℹ️ [UX-1.1-PROOF] type=branch id=branch.operations scope=trunk.avgol actions=focusView,showKPIs,showTimeboxes,showPressureSources,cycleClusterLevel,focusNextRegion,loadGlobalCore
17:12:45.359 ℹ️ [UX-1.1-PROOF] type=sheet id=sheet.packaging scope=branch.operations actions=focusView,showSchema,addColumn,addValidation,addSummaryBinding
17:12:45.360 ℹ️ [UX-1.1-PROOF] type=cell id=sheet.packaging.cell.0.0 scope=branch.operations actions=edit,viewDependencies,viewHistory,createValidation,lockScope
17:12:45.360 ℹ️ [UX-1.1-PROOF] type=match id=3WM-001 scope=branch.p2p.mc1 actions=inspectSources,viewVariance,setTolerance,markResolved
17:12:45.360 ℹ️ [UX-1.1-PROOF] type=route id=p2p.requisition scope=branch.p2p.fc1 actions=previewMapping,ingestTestRecord,showProvenance,editFieldMap
17:12:45.360 ℹ️ [UX-1.1-PROOF] type=module id=P2P scope=trunk.avgol actions=showAllSheets,showRoutes,showKPIBindings,showRecomputationChain
17:12:45.360 ℹ️ [UX-1.1] Universal Object Contract: 7 types resolved
17:12:45.360 ℹ️ [PRESENCE] engine enabled=PASS ttlMs=15000 hbMs=3000
[PRESENCE] engine enabled=PASS ttlMs=15000 hbMs=3000
17:12:45.360 ℹ️ [PRESENCE] room resolve scope=trunk.avgol roomId=room.111ef3ac result=PASS
[PRESENCE] room resolve scope=trunk.avgol roomId=room.111ef3ac result=PASS
17:12:45.361 ℹ️ [PRESENCE] join user=user.local.mlo078s0 room=room.111ef3ac members=1 result=PASS
[PRESENCE] join user=user.local.mlo078s0 room=room.111ef3ac members=1 result=PASS
17:12:45.361 ℹ️ [VIS8] renderEngine enabled=PASS topology=mesh sfuReady=true
[VIS8] renderEngine enabled=PASS topology=mesh sfuReady=true
17:12:45.362 ℹ️ [VIS8] rtc join user=user.local.mlo078s0 room=room.111ef3ac peers=0 result=PASS
[VIS8] rtc join user=user.local.mlo078s0 room=room.111ef3ac peers=0 result=PASS
17:12:45.362 ℹ️ [PRESENCE] bind user=user.local.mlo078s0 room=room.111ef3ac scope=unknown focus=null ride=off result=PASS
[PRESENCE] bind user=user.local.mlo078s0 room=room.111ef3ac scope=unknown focus=null ride=off result=PASS
17:12:45.362 ℹ️ [PRESENCE] bind-change cause=scope result=PASS
[PRESENCE] bind-change cause=scope result=PASS
17:12:45.362 ℹ️ [PRESENCE] bind-change cause=scope result=PASS
[PRESENCE] bind-change cause=scope result=PASS
17:12:45.362 ℹ️ [VIS8] budget decode active=1 max=2 lod=COMPANY
[VIS8] budget decode active=1 max=2 lod=COMPANY
17:12:45.363 ℹ️ [VIS8] budget render active=1 max=4 lod=COMPANY
[VIS8] budget render active=1 max=4 lod=COMPANY
17:12:45.363 ℹ️ [VIS8] lodSwitch user=user.local.mlo078s0 from=dot to=billboard trigger=scope
[VIS8] lodSwitch user=user.local.mlo078s0 from=dot to=billboard trigger=scope
17:12:45.363 ℹ️ [VIS8] renderCard user=user.local.mlo078s0 lod=billboard video=off reason=consent
[VIS8] renderCard user=user.local.mlo078s0 lod=billboard video=off reason=consent
17:12:45.363 ℹ️ [CAM] basin-proximity target=branch.maintenance type=branch radiusM=6000.0 distanceM=1584.3 assist=BLOCKED_LAUNCH
17:12:45.364 ℹ️ [VIS] sheetSelect resolved sheet=MFG.MaterialIssues reason=default
[VIS] sheetSelect resolved sheet=MFG.MaterialIssues reason=default
17:12:45.364 ℹ️ [VIS] enter sheet=MFG.MaterialIssues scope=sheet-only
[VIS] enter sheet=MFG.MaterialIssues scope=sheet-only
17:12:45.364 ℹ️ [DOCK] enterSheet target=MFG.MaterialIssues mode=FaceOn result=PASS distM=1196
17:12:45.364 ℹ️ [CAM] Face-on: instant snap (duration=0 method=setView)
17:12:45.364 ℹ️ [LOD] apply level=CELL sheetsDetailed=1 lanes=1 markers=1
17:12:45.365 ℹ️ [DOCK] dist=105 align=-1.00 preview=true edit=false overlay=0.00
17:12:45.365 ℹ️ [DOCK] autoDock disabled=PASS reason=explicitEnter
17:12:45.462 ℹ️ [GATE 4] Anchor marker rendered at (-122.4194, 37.7749) - independent of buildings/terrain
17:12:45.463 ℹ️ [GATE 4] Anchor marker rendered at (-0.1276, 51.5072) - independent of buildings/terrain
17:12:45.463 ℹ️ [GATE 4] Anchor marker rendered at (77.2090, 28.6139) - independent of buildings/terrain
17:12:45.464 ℹ️ [GATE 4] Anchor marker rendered at (139.6917, 35.6895) - independent of buildings/terrain
17:12:45.464 ℹ️ [GATE 4] Anchor marker rendered at (-46.6333, -23.5505) - independent of buildings/terrain
17:12:45.478 ℹ️ [VIS2] expandedSheetsAllowed=true scope=sheet
17:12:45.478 ℹ️ [VIS2] suppressSheetDetail=false expandedSheetsAllowed=true selectedSheet=MFG.MaterialIssues lod=CELL
17:12:45.480 ℹ️ [VIS] sheetOnlyRender sheetsDetailed=1 selected=MFG.MaterialIssues hidden=38
17:12:45.485 ℹ️ [VIS2] sheetTilesRendered count=38
17:12:45.486 ℹ️ [VIS2] enterSheet expanded=1 tiles=38
17:12:45.486 ℹ️ [VIS3.2] sheetOverlay begin sheet=MFG.MaterialIssues scope=sheet
17:12:45.486 ℹ️ [VIS3.2] exceptionRows result=PASS sheet=MFG.MaterialIssues count=0
17:12:45.486 ℹ️ [VIS3.2] routeHighlights result=PASS sheet=MFG.MaterialIssues edges=0
17:12:45.486 ℹ️ [VIS3.2] budget exceptionOverlays=0 routeHighlights=0 capped=false
17:12:45.486 ℹ️ [VIS3.2] gate-summary result=PASS
17:12:45.486 ℹ️ [VIS4] sheetSlabGap enforced minGap=8m raw=2.5m effective=8.0m
17:12:45.486 ℹ️ [VIS4c] labelsRendered count=1 scope=sheet
17:12:45.486 ℹ️ [VIS4] slabsRendered scope=sheet objects=1 slabs=1 capped=false
17:12:45.486 ℹ️ [VIS4] sheetSlabs result=PASS sheet=MFG.MaterialIssues slabs=1
17:12:45.486 ℹ️ [VIS4] gate-summary result=PASS
17:12:45.487 ℹ️ [LOD-BUDGET] frame sheetsDetailed=1 totalMarkers=5 totalPrims=88 totalEntities=92
17:12:45.487 ℹ️ [CAM] dockFaceOn applied=PASS sheet=MFG.MaterialIssues
[2D] gridShown sheet=MFG.MaterialIssues rows=1 cols=5 populated=5 result=PASS
17:12:45.488 ℹ️ [LOD] apply level=COMPANY requestedSheetsDetailed=1 effectiveSheetsDetailed=1 lanes=1 markers=0 reason=explicitEnter distKm=13.0
[BoundaryRenderer] ✅ BRA: Loaded 1/1 features
[BoundaryRenderer] Loading ARG from data/boundaries/countries/ARG-ADM0.geojson
17:12:45.936 ℹ️ [VIS2] expandedSheetsAllowed=true scope=sheet
17:12:45.937 ℹ️ [VIS2] suppressSheetDetail=false expandedSheetsAllowed=true selectedSheet=MFG.MaterialIssues lod=COMPANY
17:12:45.937 ℹ️ [VIS] basinRings anchor=trunk.avgol companies=11 mode=cluster
17:12:45.938 ℹ️ [LOD] COMPANY markersOverride=false MarkerCells=0
17:12:45.944 ℹ️ [VIS2] sheetTilesRendered count=38
17:12:45.944 ℹ️ [VIS2] enterSheet expanded=1 tiles=38
17:12:45.944 ℹ️ [LOD-BUDGET] frame sheetsDetailed=1 totalMarkers=0 totalPrims=82 totalEntities=82
17:12:46.089 ℹ️ [VIS8] mediaPermissions cam=prompt mic=prompt
[VIS8] mediaPermissions cam=prompt mic=prompt
17:12:46.472 ℹ️ [HUD] paramsLoaded version=HUD-PARAMS-v0 policyRef=local:HUD-PARAMS-v0
17:12:46.489 ℹ️ [DOCK] dist=14425 align=0.10 preview=false edit=false overlay=0.95
[BoundaryRenderer] ✅ ARG: Loaded 1/1 features
[BoundaryRenderer] Loading GBR from data/boundaries/countries/GBR-ADM0.geojson
17:12:46.840 ℹ️ [VIS] exit sheet=MFG.MaterialIssues restoreView=true
[VIS] exit sheet=MFG.MaterialIssues restoreView=true
[2D] gridHidden reason=exitSheet result=PASS
[VIS] exitSheet cleanup=PASS cleared=sheetId,anchor,selection,forceCompanyScope,explicitEnter,autoDockFlags
17:12:46.840 ℹ️ [VIS] enter company=trunk.avgol
[VIS] enter company=trunk.avgol
17:12:46.841 ℹ️ [CAM] focusLock target=trunk.avgol scope=company result=PASS
17:12:46.841 ℹ️ [INPUT] owner=CAMERA mode=FreeFly reason=focusLock
17:12:46.841 ℹ️ [LOD] lock level=COMPANY reason=basinFocus
17:12:46.842 ℹ️ [HUD] votes summary=PASS passed=4 pending=2 rejected=0
[HUD] votes summary=PASS passed=4 pending=2 rejected=0
17:12:46.911 ℹ️ [VIS2] expandedSheetsAllowed=false scope=company
17:12:46.911 ℹ️ [VIS2] suppressSheetDetail=true expandedSheetsAllowed=false selectedSheet=none lod=COMPANY
17:12:46.912 ℹ️ [VIS] basinRings anchor=trunk.avgol companies=11 mode=cluster
17:12:46.912 ℹ️ [VIS2] deptSpinesRendered count=8
17:12:46.912 ℹ️ [VIS2] companyCollapsed result=PASS sheetsRendered=0 lod=COMPANY scope=company expandedSheetsAllowed=false
17:12:46.919 ℹ️ [VIS2] sheetTilesRendered count=39
17:12:46.919 ℹ️ [VIS2] exitSheet collapsed=PASS expanded=0 tiles=39
17:12:46.920 ℹ️ [VIS3] flowOverlay result=PASS edges=66 exceptions=11 scope=company lod=COMPANY
17:12:46.920 ℹ️ [VIS3] trafficBarsRendered count=8
17:12:46.920 ℹ️ [VIS3] gate-summary result=PASS
17:12:46.922 ℹ️ [VIS4c] labelsRendered count=51 scope=company
17:12:46.922 ℹ️ [VIS4] slabsRendered scope=company objects=14 slabs=51 capped=false
17:12:46.922 ℹ️ [VIS4] companySlabs result=PASS deptBranches=8 trunkSlabs=21
17:12:46.922 ℹ️ [VIS4] gate-summary result=PASS
17:12:46.922 ℹ️ [LOD-BUDGET] frame sheetsDetailed=0 totalMarkers=0 totalPrims=145 totalEntities=132
[CALL] commitSummary requested room=room.111ef3ac scope=unknown by=user.local.mlo078s0 result=PASS
[CALL] consent request sent room=room.111ef3ac participants=2 ttlMs=60000 result=PASS
[CALL] consent vote user=user.local.mlo078s0 value=accept result=PASS
[CALL] consent state=COLLECTING missing=1 result=PASS
[CALL] consent vote user=user.remote.deny1 value=deny result=PASS
[CALL] consent state=DENIED missing=0 result=PASS
17:12:47.099 ℹ️ [REFUSAL] reason=CALL_COMMIT_CONSENT_DENIED deniedBy=user.remote.deny1 room=room.111ef3ac
[REFUSAL] reason=CALL_COMMIT_CONSENT_DENIED deniedBy=user.remote.deny1 room=room.111ef3ac