[PRESENCE-RENDER-1-PROOF] stage=1 label=boot-stream-regression result=PASS
[PRESENCE-RENDER-1-PROOF] stage=2 label=webrtc-signaling-bringup result=PASS
[PRESENCE-RENDER-1-PROOF] stage=3 label=consent-default-off result=PASS
[PRESENCE-RENDER-1-PROOF] stage=4 label=mic-explicit-enable-or-degrade result=PASS
[PRESENCE-RENDER-1-PROOF] stage=5 label=cam-explicit-enable-or-degrade result=PASS
[PRESENCE-RENDER-1-PROOF] stage=6 label=billboard-rendering result=PASS
[PRESENCE-RENDER-1-PROOF] stage=7 label=stage-pin-behavior result=PASS
[PRESENCE-RENDER-1-PROOF] stage=8 label=decode-budget-enforcement result=PASS
[PRESENCE-RENDER-1-PROOF] stage=9 label=render-budget-enforcement result=PASS
[PRESENCE-RENDER-1-PROOF] stage=10 label=scope-bind-cam-integration result=PASS
[PRESENCE-RENDER-1-PROOF] gate-summary result=PASS stages=10/10
[ENU] Coordinate system loaded - all geometry in meters
15:01:10.603 ℹ️ [GLOBE] imagery mode=osm provider=OpenStreetMap
15:01:10.607 ℹ️ [PRES] colorCorrection added=PASS vignette=ON coolTone=ON
15:01:10.608 ℹ️ [PRES] postFX enabled=PASS fxaa=ON bloom=ON colorCorrect=ON
15:01:10.608 ℹ️ [PRES] fog enabled=PASS density=0.00048
15:01:10.610 ⚠️ ⚠️ Buildings marked as DEGRADED
15:01:10.611 ℹ️ [LAUNCH-FIX] basemapDim brightness=0.28 contrast=0.55 saturation=0.05 gamma=1.6 applied=PASS
15:01:10.612 ℹ️ [LAUNCH] visibilityMode enabled=PASS scale=0.25 trunkPrimitive=cylinder widthFloors=ON basemapDimming=ON
15:01:10.612 ℹ️ [PRES] environmentDeemphasis applied=PASS brightness=0.28 saturation=0.05 gamma=1.6
15:01:10.613 ℹ️ [GLOBE] services weatherBase=http://127.0.0.1:4020
15:01:10.613 ℹ️ [GLOBE] imagery registry enabled modes=local,clean-street,satellite,hybrid,osm,dark,minimalist
15:01:10.613 ℹ️ [CAM] restore-POV skipped for launch (deterministic frame)
15:01:10.614 ℹ️ [INPUT] owner=CAMERA mode=FreeFly reason=default
[RelationshipRenderer] Initialized
[RelationshipRenderer] Cleared all relationships
[BoundaryRenderer] DataSource created and added to viewer
[BoundaryRenderer] Initialized
[BoundaryRenderer] Loading ISR from data/boundaries/countries/ISR-ADM0.geojson
[BoundaryRenderer] Loading USA from data/boundaries/countries/USA-ADM0.geojson
15:01:10.615 ℹ️ [BOUNDARY-EDITOR] Initialized
[FILAMENT] registry initialized=PASS total=6
[DISCLOSURE] restore backend=localStorage loaded=0 result=PASS
[TIMEBOX] event type=DISCLOSURE_CHANGE id=FIL-003 applied=PASS target=trunk.avgol timeboxId=T6
[DISCLOSURE] id=FIL-003 from=PRIVATE to=WITNESSED reason=lifecycle_default result=PASS
[DISCLOSURE] persist backend=localStorage stored=6 result=PASS
[TIMEBOX] event type=DISCLOSURE_CHANGE id=FIL-004 applied=PASS target=trunk.avgol timeboxId=T6
[DISCLOSURE] id=FIL-004 from=PRIVATE to=PUBLIC_SUMMARY reason=lifecycle_default result=PASS
[DISCLOSURE] persist backend=localStorage stored=6 result=PASS
[TIMEBOX] event type=DISCLOSURE_CHANGE id=FIL-005 applied=PASS target=trunk.avgol timeboxId=T6
[DISCLOSURE] id=FIL-005 from=PRIVATE to=PUBLIC_SUMMARY reason=lifecycle_default result=PASS
[DISCLOSURE] persist backend=localStorage stored=6 result=PASS
[TIMEBOX] event type=DISCLOSURE_CHANGE id=FIL-006 applied=PASS target=trunk.avgol timeboxId=T6
[DISCLOSURE] id=FIL-006 from=PRIVATE to=WITNESSED reason=lifecycle_default result=PASS
[DISCLOSURE] persist backend=localStorage stored=6 result=PASS
[GroupMarkerNotSet(crbug.com/242999)!:A0F0230064300000]Automatic fallback to software WebGL has been deprecated. Please use the --enable-unsafe-swiftshader (about:flags#enable-unsafe-swiftshader) flag to opt in to lower security guarantees for trusted content.
[.WebGL-0x6de4005e8700]GL Driver Message (OpenGL, Performance, GL_CLOSE_PATH_NV, High): GPU stall due to ReadPixels
[.WebGL-0x6de4005e8700]GL Driver Message (OpenGL, Performance, GL_CLOSE_PATH_NV, High): GPU stall due to ReadPixels
[BoundaryRenderer] ✅ ISR: Loaded 1/1 features
[.WebGL-0x6de4005e8700]GL Driver Message (OpenGL, Performance, GL_CLOSE_PATH_NV, High): GPU stall due to ReadPixels
[BoundaryRenderer] ✅ USA: Loaded 1/1 features
15:01:11.320 ℹ️ [BOUNDARY] containsll suite=PASS polygons=1 multipolygons=1 holes=0
15:01:11.320 ℹ️ [BOUNDARY] containsll hole-suite=PASS probes=3
15:01:11.321 ℹ️ [BOUNDARY] restore result=PASS renderer=BoundaryRenderer containsLL=PASS ISR=1 USA=1
15:01:11.321 ℹ️ [GATE] G3 status=PASS evidence=runtime-boundary-selftest
15:01:11.321 ℹ️ [UX] boundaries=ACTIVE mode=READ_ONLY
15:01:11.321 ℹ️ [BOUNDARY] voting-scope mode=BOUNDARY_ENABLED reason=boundary-pass
[.WebGL-0x6de4005e8700]GL Driver Message (OpenGL, Performance, GL_CLOSE_PATH_NV, High): GPU stall due to ReadPixels (this message will no longer repeat)
15:01:11.674 ℹ️ [BOUNDARY] manifestLoaded countries=27
[BoundaryRenderer] Loading USA from data/boundaries/countries/USA-ADM0.geojson
[BOUNDARY] reuse id=boundary-USA-0-6c62914d
[BoundaryRenderer] Loading BRA from data/boundaries/countries/BRA-ADM0.geojson
15:01:12.539 ℹ️ [VOTE] restore backend=localStorage mode=demo loaded=0 result=PASS
[VOTE] restore backend=localStorage mode=demo loaded=0 result=PASS
[BACKING] id=branch.finance filaments=3 timeboxes=7 evidence=0 missing=0
[CONF] id=branch.finance conf=0.40 breakdown=tb:1,ev:0,disc:1,vote:0
[ATTN] id=branch.finance attn=0.20 lifecycle=SETTLING disclosure=WITNESSED vote=PENDING
[BACKING] id=branch.maintenance filaments=3 timeboxes=7 evidence=0 missing=0
[CONF] id=branch.maintenance conf=0.40 breakdown=tb:1,ev:0,disc:1,vote:0
[ATTN] id=branch.maintenance attn=0.36 lifecycle=REFUSAL disclosure=PUBLIC_SUMMARY vote=PENDING
[AC] aggregateAttention scope=company result=0.36 children=8
[AC] aggregateConfidence scope=company result=0.35 children=8
[AC] initialized=PASS functions=5 filaments=6
15:01:12.565 ℹ️ [PRES] launchTransform scale=0.25 uOffset=0 applied=PASS
15:01:12.567 ℹ️ [LAUNCH-FIX] visualHierarchy applied=PASS tilesAlpha=0.05 trunkCore=0.85
15:01:12.567 ℹ️ [LAUNCH-THEME] tokens loaded trunk=thinPillar tile=horizontalPlatform filament=rain
15:01:12.567 ℹ️ [GATE] launchVisibility semantics=UNCHANGED enuChecks=RAW
15:01:12.568 ℹ️ [LAUNCH] widthFloors trunk=20m branches=13/10/6 tiles=120x70m rule=uniform
15:01:12.568 ℹ️ [PRES] trunkStyle applied=PASS mode=core+shell coreR=10 shellR=16
15:01:12.568 ℹ️ [PRES] branchStyle applied=PASS ribMode=ON ribScale=0.3 emissive=ON alpha=0.30
15:01:12.569 ℹ️ [PRES] sheetPlatform grid=PASS majorLines=16 mode=overview normal=UP horizontal=ON landscape=120x70
15:01:12.569 ℹ️ [PRES] tileFloatMode=PASS supportFilaments=ON fillAlpha=0.05 borderAlpha=1.0
15:01:12.569 ℹ️ [PRES] filamentRain enabled=PASS density=5
15:01:12.569 ℹ️ [PRES] rootGlow enabled=PASS radius=80 alpha=0.10
15:01:12.570 ℹ️ [GATE 4] Anchor marker rendered at (34.7818, 32.0853) - independent of buildings/terrain
15:01:12.573 ℹ️ [PRES] tether rendered=PASS
15:01:12.574 ℹ️ [PRES] buildingAnchorProxy rendered=PASS reason=buildings-degraded
15:01:12.574 ℹ️ [GATE 4] Anchor marker rendered at (34.7818, 32.0853) - independent of buildings/terrain
15:01:12.575 ℹ️ [GATE 4] Anchor marker rendered at (34.7818, 32.0853) - independent of buildings/terrain
15:01:12.576 ℹ️ [GATE 4] Anchor marker rendered at (34.7818, 32.0853) - independent of buildings/terrain
15:01:12.576 ℹ️ [GATE 4] Anchor marker rendered at (34.7818, 32.0853) - independent of buildings/terrain
15:01:12.577 ℹ️ [GATE 4] Anchor marker rendered at (34.7818, 32.0853) - independent of buildings/terrain
15:01:12.578 ℹ️ [VIS] voteFilter LOD=COMPANY override=ALL
15:01:12.583 ℹ️ [UX] debugLogs=false gateSpamSuppressed=true
15:01:12.588 ℹ️ [PRES] junctions rendered=PASS count=8
15:01:12.589 ℹ️ [VIS2] expandedSheetsAllowed=false scope=world
15:01:12.589 ℹ️ [VIS2] suppressSheetDetail=true expandedSheetsAllowed=false selectedSheet=none lod=COMPANY
15:01:12.591 ℹ️ [VIS] basinRings anchor=trunk.avgol companies=6 mode=rings
[FILAMENT] bandSnap id=FIL-001 timeboxId=FIN-T4 deltaM=0 result=PASS
[FILAMENT] bandSnap id=FIL-002 timeboxId=FIN-T3 deltaM=0 result=PASS
[FILAMENT] bandSnap id=FIL-003 timeboxId=FIN-T1 deltaM=0 result=PASS
[FILAMENT] bandSnap id=FIL-004 timeboxId=MNT-T0 deltaM=0 result=PASS
[FILAMENT] bandSnap id=FIL-006 timeboxId=MNT-T1 deltaM=0 result=PASS
[FILAMENT] bandSnap source=vis4Registry
[DISCLOSURE] markersRendered count=5 tiers={PRIVATE:2,WITNESSED:2,PUBLIC_SUMMARY:1,FULL_PUBLIC:0}
15:01:12.592 ℹ️ [VIS2] deptSpinesRendered count=8
15:01:12.593 ℹ️ [VIS2] companyCollapsed result=PASS sheetsRendered=0 lod=COMPANY scope=world expandedSheetsAllowed=false
15:01:12.600 ℹ️ [VIS2] sheetTilesRendered count=39
15:01:12.601 ℹ️ [VIS2] exitSheet collapsed=PASS expanded=0 tiles=39
15:01:12.602 ℹ️ [VIS3] flowOverlay result=PASS edges=66 exceptions=11 scope=world lod=COMPANY
15:01:12.602 ℹ️ [VIS3] trafficBarsRendered count=8
15:01:12.603 ℹ️ [VIS3] gate-summary result=PASS
15:01:12.605 ℹ️ [VIS4c] labelsRendered count=36 scope=company
15:01:12.605 ℹ️ [VIS4] slabsRendered scope=company objects=9 slabs=36 capped=false
15:01:12.606 ℹ️ [VIS4] companySlabs result=PASS deptBranches=8 trunkSlabs=6
15:01:12.606 ℹ️ [VIS4] gate-summary result=PASS
15:01:12.606 ℹ️ [LOD-BUDGET] frame sheetsDetailed=0 totalMarkers=0 totalPrims=125 totalEntities=97
15:01:13.782 ℹ️ [GLOBE] worldTrunks synced added=5 total=6
15:01:13.783 ℹ️ [GLOBE] datasetLoad anchors=6
15:01:13.783 ℹ️ [UX] multiCountrySmoke=PASS anchors=6
15:01:13.783 ℹ️ [LAUNCH-FIX] cameraFrame target=trunk.avgol result=PASS distM=750 horzM=1000 heading=355 pitch=-28 applied=PASS
15:01:13.785 ℹ️ [HUD] mode=FreeFly layer1=6 layer2=0
15:01:13.789 ℹ️ [HUD] consolidated rootCount=1 duplicates=0
15:01:13.794 ℹ️ [HUD] tier1 rows=6
15:01:13.794 ℹ️ [HUD] tier2 default=collapsed
15:01:13.794 ℹ️ [PRES] billboard=ON reason=launch-default
15:01:13.795 ℹ️ [UX] debugLogs=false (launch mode)
15:01:13.795 ℹ️ [LAUNCH-FIX] uiGating launch=true hiddenPanels=artifacts,ux3,p2p,topicLane,vote,workMode,logConsole applied=PASS
15:01:13.802 ℹ️ [LAUNCH-FIX] hud tier1=ON tier2=OFF default=collapsed
15:01:13.802 ℹ️ [LAUNCH-FIX] helpOverlay shown=true dismissed=false source=first
[BUILD] 2026-02-09T12:30Z ux-1.1-universal-object-contract
15:01:13.803 ℹ️ [UX-1.1-PROOF] type=trunk id=trunk.avgol scope=root actions=focusView,showKPIs,showTimeboxes,showBranches,cycleClusterLevel,focusNextRegion,loadGlobalCore
15:01:13.804 ℹ️ [UX-1.1-PROOF] type=branch id=branch.operations scope=trunk.avgol actions=focusView,showKPIs,showTimeboxes,showPressureSources,cycleClusterLevel,focusNextRegion,loadGlobalCore
15:01:13.804 ℹ️ [UX-1.1-PROOF] type=sheet id=sheet.packaging scope=branch.operations actions=focusView,showSchema,addColumn,addValidation,addSummaryBinding
15:01:13.804 ℹ️ [UX-1.1-PROOF] type=cell id=sheet.packaging.cell.0.0 scope=branch.operations actions=edit,viewDependencies,viewHistory,createValidation,lockScope
15:01:13.804 ℹ️ [UX-1.1-PROOF] type=match id=3WM-001 scope=branch.p2p.mc1 actions=inspectSources,viewVariance,setTolerance,markResolved
15:01:13.805 ℹ️ [UX-1.1-PROOF] type=route id=p2p.requisition scope=branch.p2p.fc1 actions=previewMapping,ingestTestRecord,showProvenance,editFieldMap
15:01:13.805 ℹ️ [UX-1.1-PROOF] type=module id=P2P scope=trunk.avgol actions=showAllSheets,showRoutes,showKPIBindings,showRecomputationChain
15:01:13.805 ℹ️ [UX-1.1] Universal Object Contract: 7 types resolved
15:01:13.806 ℹ️ [PRESENCE] engine enabled=PASS ttlMs=15000 hbMs=3000
[PRESENCE] engine enabled=PASS ttlMs=15000 hbMs=3000
15:01:13.806 ℹ️ [PRESENCE] room resolve scope=trunk.avgol roomId=room.111ef3ac result=PASS
[PRESENCE] room resolve scope=trunk.avgol roomId=room.111ef3ac result=PASS
15:01:13.806 ℹ️ [PRESENCE] join user=user.local.mlnvi3m6 room=room.111ef3ac members=1 result=PASS
[PRESENCE] join user=user.local.mlnvi3m6 room=room.111ef3ac members=1 result=PASS
15:01:13.807 ℹ️ [VIS8] renderEngine enabled=PASS topology=mesh sfuReady=true
[VIS8] renderEngine enabled=PASS topology=mesh sfuReady=true
15:01:13.808 ℹ️ [VIS8] rtc join user=user.local.mlnvi3m6 room=room.111ef3ac peers=0 result=PASS
[VIS8] rtc join user=user.local.mlnvi3m6 room=room.111ef3ac peers=0 result=PASS
15:01:13.808 ℹ️ [PRESENCE] bind user=user.local.mlnvi3m6 room=room.111ef3ac scope=unknown focus=null ride=off result=PASS
[PRESENCE] bind user=user.local.mlnvi3m6 room=room.111ef3ac scope=unknown focus=null ride=off result=PASS
15:01:13.809 ℹ️ [PRESENCE] bind-change cause=scope result=PASS
[PRESENCE] bind-change cause=scope result=PASS
15:01:13.809 ℹ️ [PRESENCE] bind-change cause=scope result=PASS
[PRESENCE] bind-change cause=scope result=PASS
15:01:13.810 ℹ️ [VIS8] budget decode active=1 max=2 lod=COMPANY
[VIS8] budget decode active=1 max=2 lod=COMPANY
15:01:13.810 ℹ️ [VIS8] budget render active=1 max=4 lod=COMPANY
[VIS8] budget render active=1 max=4 lod=COMPANY
15:01:13.810 ℹ️ [VIS8] lodSwitch user=user.local.mlnvi3m6 from=dot to=billboard trigger=scope
[VIS8] lodSwitch user=user.local.mlnvi3m6 from=dot to=billboard trigger=scope
15:01:13.810 ℹ️ [VIS8] renderCard user=user.local.mlnvi3m6 lod=billboard video=off reason=consent
[VIS8] renderCard user=user.local.mlnvi3m6 lod=billboard video=off reason=consent
15:01:13.811 ℹ️ [CAM] basin-proximity target=branch.maintenance type=branch radiusM=6000.0 distanceM=1584.3 assist=BLOCKED_LAUNCH
15:01:13.815 ℹ️ [VIS] sheetSelect resolved sheet=MFG.MaterialIssues reason=default
[VIS] sheetSelect resolved sheet=MFG.MaterialIssues reason=default
15:01:13.815 ℹ️ [VIS] enter sheet=MFG.MaterialIssues scope=sheet-only
[VIS] enter sheet=MFG.MaterialIssues scope=sheet-only
15:01:13.815 ℹ️ [DOCK] enterSheet target=MFG.MaterialIssues mode=FaceOn result=PASS distM=1196
15:01:13.816 ℹ️ [CAM] Face-on: instant snap (duration=0 method=setView)
15:01:13.816 ℹ️ [LOD] apply level=CELL sheetsDetailed=1 lanes=1 markers=1
15:01:13.817 ℹ️ [DOCK] dist=105 align=-1.00 preview=true edit=false overlay=0.00
15:01:13.818 ℹ️ [DOCK] autoDock disabled=PASS reason=explicitEnter
15:01:13.927 ℹ️ [GATE 4] Anchor marker rendered at (-122.4194, 37.7749) - independent of buildings/terrain
15:01:13.928 ℹ️ [GATE 4] Anchor marker rendered at (-0.1276, 51.5072) - independent of buildings/terrain
15:01:13.929 ℹ️ [GATE 4] Anchor marker rendered at (77.2090, 28.6139) - independent of buildings/terrain
15:01:13.929 ℹ️ [GATE 4] Anchor marker rendered at (139.6917, 35.6895) - independent of buildings/terrain
15:01:13.930 ℹ️ [GATE 4] Anchor marker rendered at (-46.6333, -23.5505) - independent of buildings/terrain
15:01:13.934 ℹ️ [VIS2] expandedSheetsAllowed=true scope=sheet
15:01:13.935 ℹ️ [VIS2] suppressSheetDetail=false expandedSheetsAllowed=true selectedSheet=MFG.MaterialIssues lod=CELL
15:01:13.939 ℹ️ [VIS] sheetOnlyRender sheetsDetailed=1 selected=MFG.MaterialIssues hidden=38
15:01:13.945 ℹ️ [VIS2] sheetTilesRendered count=38
15:01:13.945 ℹ️ [VIS2] enterSheet expanded=1 tiles=38
15:01:13.945 ℹ️ [VIS3.2] sheetOverlay begin sheet=MFG.MaterialIssues scope=sheet
15:01:13.945 ℹ️ [VIS3.2] exceptionRows result=PASS sheet=MFG.MaterialIssues count=0
15:01:13.945 ℹ️ [VIS3.2] routeHighlights result=PASS sheet=MFG.MaterialIssues edges=0
15:01:13.945 ℹ️ [VIS3.2] budget exceptionOverlays=0 routeHighlights=0 capped=false
15:01:13.945 ℹ️ [VIS3.2] gate-summary result=PASS
15:01:13.946 ℹ️ [VIS4] sheetSlabGap enforced minGap=8m raw=2.5m effective=8.0m
15:01:13.946 ℹ️ [VIS4c] labelsRendered count=1 scope=sheet
15:01:13.946 ℹ️ [VIS4] slabsRendered scope=sheet objects=1 slabs=1 capped=false
15:01:13.946 ℹ️ [VIS4] sheetSlabs result=PASS sheet=MFG.MaterialIssues slabs=1
15:01:13.946 ℹ️ [VIS4] gate-summary result=PASS
15:01:13.946 ℹ️ [LOD-BUDGET] frame sheetsDetailed=1 totalMarkers=5 totalPrims=88 totalEntities=92
15:01:13.946 ℹ️ [CAM] dockFaceOn applied=PASS sheet=MFG.MaterialIssues
[2D] gridShown sheet=MFG.MaterialIssues rows=1 cols=5 populated=5 result=PASS
15:01:13.947 ℹ️ [LOD] apply level=COMPANY requestedSheetsDetailed=1 effectiveSheetsDetailed=1 lanes=1 markers=0 reason=explicitEnter distKm=13.0
[BoundaryRenderer] ✅ BRA: Loaded 1/1 features
[BoundaryRenderer] Loading ARG from data/boundaries/countries/ARG-ADM0.geojson
15:01:14.347 ℹ️ [VIS2] expandedSheetsAllowed=true scope=sheet
15:01:14.347 ℹ️ [VIS2] suppressSheetDetail=false expandedSheetsAllowed=true selectedSheet=MFG.MaterialIssues lod=COMPANY
15:01:14.348 ℹ️ [VIS] basinRings anchor=trunk.avgol companies=11 mode=cluster
15:01:14.349 ℹ️ [LOD] COMPANY markersOverride=false MarkerCells=0
15:01:14.355 ℹ️ [VIS2] sheetTilesRendered count=38
15:01:14.355 ℹ️ [VIS2] enterSheet expanded=1 tiles=38
15:01:14.355 ℹ️ [LOD-BUDGET] frame sheetsDetailed=1 totalMarkers=0 totalPrims=82 totalEntities=82
15:01:14.473 ℹ️ [VIS8] mediaPermissions cam=prompt mic=prompt
[VIS8] mediaPermissions cam=prompt mic=prompt
15:01:14.843 ℹ️ [HUD] paramsLoaded version=HUD-PARAMS-v0 policyRef=local:HUD-PARAMS-v0
15:01:14.880 ℹ️ [DOCK] dist=14425 align=0.10 preview=false edit=false overlay=0.95
[BoundaryRenderer] ✅ ARG: Loaded 1/1 features
[BoundaryRenderer] Loading GBR from data/boundaries/countries/GBR-ADM0.geojson
15:01:15.448 ℹ️ [VIS] exit sheet=MFG.MaterialIssues restoreView=true
[VIS] exit sheet=MFG.MaterialIssues restoreView=true
[2D] gridHidden reason=exitSheet result=PASS
[VIS] exitSheet cleanup=PASS cleared=sheetId,anchor,selection,forceCompanyScope,explicitEnter,autoDockFlags
15:01:15.449 ℹ️ [VIS] enter company=trunk.avgol
[VIS] enter company=trunk.avgol
15:01:15.451 ℹ️ [CAM] focusLock target=trunk.avgol scope=company result=PASS
15:01:15.451 ℹ️ [INPUT] owner=CAMERA mode=FreeFly reason=focusLock
15:01:15.451 ℹ️ [LOD] lock level=COMPANY reason=basinFocus
15:01:15.452 ℹ️ [HUD] votes summary=PASS passed=4 pending=2 rejected=0
[HUD] votes summary=PASS passed=4 pending=2 rejected=0
15:01:15.556 ℹ️ [VIS2] expandedSheetsAllowed=false scope=company
15:01:15.556 ℹ️ [VIS2] suppressSheetDetail=true expandedSheetsAllowed=false selectedSheet=none lod=COMPANY
15:01:15.557 ℹ️ [VIS] basinRings anchor=trunk.avgol companies=11 mode=cluster
15:01:15.557 ℹ️ [VIS2] deptSpinesRendered count=8
15:01:15.558 ℹ️ [VIS2] companyCollapsed result=PASS sheetsRendered=0 lod=COMPANY scope=company expandedSheetsAllowed=false
15:01:15.563 ℹ️ [VIS2] sheetTilesRendered count=39
15:01:15.564 ℹ️ [VIS2] exitSheet collapsed=PASS expanded=0 tiles=39
15:01:15.565 ℹ️ [VIS3] flowOverlay result=PASS edges=66 exceptions=11 scope=company lod=COMPANY
15:01:15.565 ℹ️ [VIS3] trafficBarsRendered count=8
15:01:15.565 ℹ️ [VIS3] gate-summary result=PASS
15:01:15.567 ℹ️ [VIS4c] labelsRendered count=51 scope=company
15:01:15.568 ℹ️ [VIS4] slabsRendered scope=company objects=14 slabs=51 capped=false
15:01:15.568 ℹ️ [VIS4] companySlabs result=PASS deptBranches=8 trunkSlabs=21
15:01:15.568 ℹ️ [VIS4] gate-summary result=PASS
15:01:15.568 ℹ️ [LOD-BUDGET] frame sheetsDetailed=0 totalMarkers=0 totalPrims=145 totalEntities=132
15:01:15.780 ℹ️ [VIS8] rtc offer from=user.local.mlnvi3m6 to=user.remote.1 result=PASS
[VIS8] rtc offer from=user.local.mlnvi3m6 to=user.remote.1 result=PASS
15:01:15.780 ℹ️ [VIS8] rtc answer from=user.remote.1 to=user.local.mlnvi3m6 result=PASS
[VIS8] rtc answer from=user.remote.1 to=user.local.mlnvi3m6 result=PASS
15:01:15.780 ℹ️ [VIS8] rtc ice from=user.local.mlnvi3m6 to=user.remote.1 count=1 result=PASS
[VIS8] rtc ice from=user.local.mlnvi3m6 to=user.remote.1 count=1 result=PASS
15:01:15.780 ℹ️ [VIS8] rtc connected peer=user.remote.1 tracks=none result=PASS
[VIS8] rtc connected peer=user.remote.1 tracks=none result=PASS
15:01:15.979 ℹ️ [DOCK] dist=5804 align=-0.09 preview=false edit=false overlay=0.00
[BoundaryRenderer] ✅ GBR: Loaded 1/1 features
[BoundaryRenderer] Loading FRA from data/boundaries/countries/FRA-ADM0.geojson
15:01:16.194 ℹ️ [HUD] mode=CompanyFocus
WebSocket connection to 'ws://127.0.0.1:4031/vis8' failed: Error in connection establishment: net::ERR_CONNECTION_REFUSED
15:01:16.699 ℹ️ [CAM] basinFocus settled target=trunk.avgol distM=900 pitch=-55
[BoundaryRenderer] ✅ FRA: Loaded 1/1 features
[BoundaryRenderer] Loading DEU from data/boundaries/countries/DEU-ADM0.geojson
15:01:17.113 ℹ️ [PRESENCE] hb user=user.local.mlnvi3m6 room=room.111ef3ac ageMs=3305 result=PASS
[PRESENCE] hb user=user.local.mlnvi3m6 room=room.111ef3ac ageMs=3305 result=PASS
15:01:17.117 ℹ️ [REFUSAL] reason=VIS8_AUDIO_PERMISSION_DENIED user=user.local.mlnvi3m6
[REFUSAL] reason=VIS8_AUDIO_PERMISSION_DENIED user=user.local.mlnvi3m6
15:01:17.117 ℹ️ [VIS8] mic state=OFF user=user.local.mlnvi3m6 reason=denied
[VIS8] mic state=OFF user=user.local.mlnvi3m6 reason=denied
15:01:17.126 ℹ️ [DOCK] dist=761 align=0.05 preview=false edit=false overlay=0.00
[BoundaryRenderer] ✅ DEU: Loaded 1/1 features
[BoundaryRenderer] Loading NLD from data/boundaries/countries/NLD-ADM0.geojson
15:01:18.234 ℹ️ [REFUSAL] reason=VIS8_CAMERA_PERMISSION_DENIED user=user.local.mlnvi3m6
[REFUSAL] reason=VIS8_CAMERA_PERMISSION_DENIED user=user.local.mlnvi3m6
15:01:18.234 ℹ️ [VIS8] cam state=OFF user=user.local.mlnvi3m6 reason=denied
[VIS8] cam state=OFF user=user.local.mlnvi3m6 reason=denied
15:01:18.248 ℹ️ [DOCK] dist=761 align=0.05 preview=false edit=false overlay=0.00
15:01:19.021 ℹ️ [VIS8] budget decode active=2 max=2 lod=BRANCH
[VIS8] budget decode active=2 max=2 lod=BRANCH
15:01:19.022 ℹ️ [VIS8] budget render active=4 max=4 lod=BRANCH
[VIS8] budget render active=4 max=4 lod=BRANCH
15:01:19.022 ℹ️ [REFUSAL] reason=VIS8_VIDEO_DECODE_BUDGET_EXCEEDED lod=BRANCH active=9 max=2
[REFUSAL] reason=VIS8_VIDEO_DECODE_BUDGET_EXCEEDED lod=BRANCH active=9 max=2
15:01:19.022 ℹ️ [REFUSAL] reason=VIS8_VIDEO_RENDER_BUDGET_EXCEEDED lod=BRANCH active=9 max=4
[REFUSAL] reason=VIS8_VIDEO_RENDER_BUDGET_EXCEEDED lod=BRANCH active=9 max=4
15:01:19.022 ℹ️ [VIS8] renderCard user=user.local.mlnvi3m6 lod=billboard video=off reason=consent
[VIS8] renderCard user=user.local.mlnvi3m6 lod=billboard video=off reason=consent
15:01:19.022 ℹ️ [VIS8] lodSwitch user=user.remote.2 from=dot to=billboard trigger=scope
[VIS8] lodSwitch user=user.remote.2 from=dot to=billboard trigger=scope
15:01:19.023 ℹ️ [VIS8] renderCard user=user.remote.2 lod=billboard video=off reason=consent
[VIS8] renderCard user=user.remote.2 lod=billboard video=off reason=consent
15:01:19.023 ℹ️ [VIS8] lodSwitch user=user.remote.3 from=dot to=billboard trigger=scope
[VIS8] lodSwitch user=user.remote.3 from=dot to=billboard trigger=scope
15:01:19.023 ℹ️ [VIS8] renderCard user=user.remote.3 lod=billboard video=off reason=consent
[VIS8] renderCard user=user.remote.3 lod=billboard video=off reason=consent
15:01:19.023 ℹ️ [VIS8] lodSwitch user=user.remote.4 from=dot to=billboard trigger=scope
[VIS8] lodSwitch user=user.remote.4 from=dot to=billboard trigger=scope
15:01:19.023 ℹ️ [VIS8] renderCard user=user.remote.4 lod=billboard video=off reason=consent
[VIS8] renderCard user=user.remote.4 lod=billboard video=off reason=consent
15:01:19.023 ℹ️ [VIS8] lodSwitch user=user.remote.5 from=dot to=billboard trigger=scope
[VIS8] lodSwitch user=user.remote.5 from=dot to=billboard trigger=scope
15:01:19.024 ℹ️ [VIS8] renderCard user=user.remote.5 lod=billboard video=off reason=consent
[VIS8] renderCard user=user.remote.5 lod=billboard video=off reason=consent
15:01:19.024 ℹ️ [VIS8] lodSwitch user=user.remote.6 from=dot to=billboard trigger=scope
[VIS8] lodSwitch user=user.remote.6 from=dot to=billboard trigger=scope
15:01:19.024 ℹ️ [VIS8] renderCard user=user.remote.6 lod=billboard video=off reason=consent
[VIS8] renderCard user=user.remote.6 lod=billboard video=off reason=consent
15:01:19.024 ℹ️ [VIS8] lodSwitch user=user.remote.7 from=dot to=billboard trigger=scope
[VIS8] lodSwitch user=user.remote.7 from=dot to=billboard trigger=scope
15:01:19.024 ℹ️ [VIS8] renderCard user=user.remote.7 lod=billboard video=off reason=consent
[VIS8] renderCard user=user.remote.7 lod=billboard video=off reason=consent
15:01:19.024 ℹ️ [VIS8] lodSwitch user=user.remote.8 from=dot to=billboard trigger=scope
[VIS8] lodSwitch user=user.remote.8 from=dot to=billboard trigger=scope
15:01:19.025 ℹ️ [VIS8] renderCard user=user.remote.8 lod=billboard video=off reason=consent
[VIS8] renderCard user=user.remote.8 lod=billboard video=off reason=consent
15:01:19.025 ℹ️ [VIS8] lodSwitch user=user.remote.9 from=dot to=billboard trigger=scope
[VIS8] lodSwitch user=user.remote.9 from=dot to=billboard trigger=scope
15:01:19.025 ℹ️ [VIS8] renderCard user=user.remote.9 lod=billboard video=off reason=consent
[VIS8] renderCard user=user.remote.9 lod=billboard video=off reason=consent
[BoundaryRenderer] ✅ NLD: Loaded 1/1 features
[BoundaryRenderer] Loading EGY from data/boundaries/countries/EGY-ADM0.geojson
15:01:19.256 ℹ️ [DOCK] dist=761 align=0.05 preview=false edit=false overlay=0.00
15:01:20.152 ℹ️ [PRESENCE] hb user=user.local.mlnvi3m6 room=room.111ef3ac ageMs=3039 result=PASS
[PRESENCE] hb user=user.local.mlnvi3m6 room=room.111ef3ac ageMs=3039 result=PASS
[BoundaryRenderer] ✅ EGY: Loaded 1/1 features
[BoundaryRenderer] Loading SAU from data/boundaries/countries/SAU-ADM0.geojson
15:01:20.410 ℹ️ [DOCK] dist=761 align=0.05 preview=false edit=false overlay=0.00
[BoundaryRenderer] ✅ SAU: Loaded 1/1 features
[BoundaryRenderer] Loading IND from data/boundaries/countries/IND-ADM0.geojson
15:01:21.619 ℹ️ [VIS8] budget decode active=4 max=4 lod=STAGE
[VIS8] budget decode active=4 max=4 lod=STAGE
15:01:21.619 ℹ️ [VIS8] budget render active=4 max=4 lod=STAGE
[VIS8] budget render active=4 max=4 lod=STAGE
15:01:21.619 ℹ️ [REFUSAL] reason=VIS8_VIDEO_DECODE_BUDGET_EXCEEDED lod=STAGE active=9 max=4
[REFUSAL] reason=VIS8_VIDEO_DECODE_BUDGET_EXCEEDED lod=STAGE active=9 max=4
15:01:21.619 ℹ️ [REFUSAL] reason=VIS8_VIDEO_RENDER_BUDGET_EXCEEDED lod=STAGE active=9 max=4
[REFUSAL] reason=VIS8_VIDEO_RENDER_BUDGET_EXCEEDED lod=STAGE active=9 max=4
15:01:21.619 ℹ️ [VIS8] renderCard user=user.local.mlnvi3m6 lod=billboard video=off reason=consent
[VIS8] renderCard user=user.local.mlnvi3m6 lod=billboard video=off reason=consent
15:01:21.620 ℹ️ [VIS8] lodSwitch user=user.remote.2 from=billboard to=stage trigger=pin
[VIS8] lodSwitch user=user.remote.2 from=billboard to=stage trigger=pin
15:01:21.620 ℹ️ [VIS8] renderCard user=user.remote.2 lod=stage video=off reason=consent
[VIS8] renderCard user=user.remote.2 lod=stage video=off reason=consent
15:01:21.620 ℹ️ [VIS8] renderCard user=user.remote.3 lod=billboard video=off reason=consent
[VIS8] renderCard user=user.remote.3 lod=billboard video=off reason=consent
15:01:21.622 ℹ️ [VIS8] renderCard user=user.remote.4 lod=billboard video=off reason=consent
[VIS8] renderCard user=user.remote.4 lod=billboard video=off reason=consent
15:01:21.622 ℹ️ [VIS8] renderCard user=user.remote.5 lod=billboard video=off reason=consent
[VIS8] renderCard user=user.remote.5 lod=billboard video=off reason=consent
15:01:21.622 ℹ️ [VIS8] renderCard user=user.remote.6 lod=billboard video=off reason=consent
[VIS8] renderCard user=user.remote.6 lod=billboard video=off reason=consent
15:01:21.622 ℹ️ [VIS8] renderCard user=user.remote.7 lod=billboard video=off reason=consent
[VIS8] renderCard user=user.remote.7 lod=billboard video=off reason=consent
15:01:21.623 ℹ️ [VIS8] renderCard user=user.remote.8 lod=billboard video=off reason=consent
[VIS8] renderCard user=user.remote.8 lod=billboard video=off reason=consent
15:01:21.623 ℹ️ [VIS8] renderCard user=user.remote.9 lod=billboard video=off reason=consent
[VIS8] renderCard user=user.remote.9 lod=billboard video=off reason=consent
15:01:21.634 ℹ️ [DOCK] dist=761 align=0.05 preview=false edit=false overlay=0.00
[BoundaryRenderer] ✅ IND: Loaded 1/1 features
[BoundaryRenderer] Loading CHN from data/boundaries/countries/CHN-ADM0.geojson
15:01:22.773 ℹ️ [DOCK] dist=761 align=0.05 preview=false edit=false overlay=0.00
[BoundaryRenderer] ✅ CHN: Loaded 1/1 features
[BoundaryRenderer] Loading KOR from data/boundaries/countries/KOR-ADM0.geojson
15:01:23.231 ℹ️ [PRESENCE] hb user=user.local.mlnvi3m6 room=room.111ef3ac ageMs=3079 result=PASS
[PRESENCE] hb user=user.local.mlnvi3m6 room=room.111ef3ac ageMs=3079 result=PASS
[BoundaryRenderer] ✅ KOR: Loaded 1/1 features
[BoundaryRenderer] Loading ISR from data/boundaries/countries/ISR-ADM0.geojson
15:01:23.799 ℹ️ [DOCK] dist=761 align=0.05 preview=false edit=false overlay=0.00
15:01:24.018 ℹ️ [VIS8] budget decode active=2 max=2 lod=BRANCH
[VIS8] budget decode active=2 max=2 lod=BRANCH
15:01:24.019 ℹ️ [VIS8] budget render active=4 max=4 lod=BRANCH
[VIS8] budget render active=4 max=4 lod=BRANCH
15:01:24.019 ℹ️ [REFUSAL] reason=VIS8_VIDEO_DECODE_BUDGET_EXCEEDED lod=BRANCH active=9 max=2
[REFUSAL] reason=VIS8_VIDEO_DECODE_BUDGET_EXCEEDED lod=BRANCH active=9 max=2
15:01:24.019 ℹ️ [REFUSAL] reason=VIS8_VIDEO_RENDER_BUDGET_EXCEEDED lod=BRANCH active=9 max=4
[REFUSAL] reason=VIS8_VIDEO_RENDER_BUDGET_EXCEEDED lod=BRANCH active=9 max=4
15:01:24.019 ℹ️ [VIS8] renderCard user=user.local.mlnvi3m6 lod=billboard video=off reason=consent
[VIS8] renderCard user=user.local.mlnvi3m6 lod=billboard video=off reason=consent
15:01:24.019 ℹ️ [VIS8] renderCard user=user.remote.2 lod=stage video=off reason=consent
[VIS8] renderCard user=user.remote.2 lod=stage video=off reason=consent
15:01:24.020 ℹ️ [VIS8] renderCard user=user.remote.3 lod=billboard video=off reason=consent
[VIS8] renderCard user=user.remote.3 lod=billboard video=off reason=consent
15:01:24.020 ℹ️ [VIS8] renderCard user=user.remote.4 lod=billboard video=off reason=consent
[VIS8] renderCard user=user.remote.4 lod=billboard video=off reason=consent
15:01:24.020 ℹ️ [VIS8] renderCard user=user.remote.5 lod=billboard video=off reason=consent
[VIS8] renderCard user=user.remote.5 lod=billboard video=off reason=consent
15:01:24.020 ℹ️ [VIS8] renderCard user=user.remote.6 lod=billboard video=off reason=consent
[VIS8] renderCard user=user.remote.6 lod=billboard video=off reason=consent
15:01:24.020 ℹ️ [VIS8] renderCard user=user.remote.7 lod=billboard video=off reason=consent
[VIS8] renderCard user=user.remote.7 lod=billboard video=off reason=consent
15:01:24.020 ℹ️ [VIS8] renderCard user=user.remote.8 lod=billboard video=off reason=consent
[VIS8] renderCard user=user.remote.8 lod=billboard video=off reason=consent
15:01:24.021 ℹ️ [VIS8] renderCard user=user.remote.9 lod=billboard video=off reason=consent
[VIS8] renderCard user=user.remote.9 lod=billboard video=off reason=consent
[BOUNDARY] reuse id=boundary-ISR-0-0050ba14
15:01:24.504 ℹ️ [GLOBE] country-set id=global-core loaded=26
[BoundaryRenderer] Loading USA from data/boundaries/countries/USA-ADM0.geojson
15:01:24.505 ℹ️ [VIS8] budget decode active=4 max=4 lod=CELL
[VIS8] budget decode active=4 max=4 lod=CELL
15:01:24.505 ℹ️ [VIS8] budget render active=4 max=4 lod=CELL
[VIS8] budget render active=4 max=4 lod=CELL
15:01:24.505 ℹ️ [REFUSAL] reason=VIS8_VIDEO_DECODE_BUDGET_EXCEEDED lod=CELL active=9 max=4
[REFUSAL] reason=VIS8_VIDEO_DECODE_BUDGET_EXCEEDED lod=CELL active=9 max=4
15:01:24.505 ℹ️ [REFUSAL] reason=VIS8_VIDEO_RENDER_BUDGET_EXCEEDED lod=CELL active=9 max=4
[REFUSAL] reason=VIS8_VIDEO_RENDER_BUDGET_EXCEEDED lod=CELL active=9 max=4
15:01:24.505 ℹ️ [VIS8] renderCard user=user.local.mlnvi3m6 lod=billboard video=off reason=consent
[VIS8] renderCard user=user.local.mlnvi3m6 lod=billboard video=off reason=consent
15:01:24.505 ℹ️ [VIS8] renderCard user=user.remote.2 lod=stage video=off reason=consent
[VIS8] renderCard user=user.remote.2 lod=stage video=off reason=consent
15:01:24.506 ℹ️ [VIS8] renderCard user=user.remote.3 lod=billboard video=off reason=consent
[VIS8] renderCard user=user.remote.3 lod=billboard video=off reason=consent
15:01:24.506 ℹ️ [VIS8] renderCard user=user.remote.4 lod=billboard video=off reason=consent
[VIS8] renderCard user=user.remote.4 lod=billboard video=off reason=consent
15:01:24.506 ℹ️ [VIS8] renderCard user=user.remote.5 lod=billboard video=off reason=consent
[VIS8] renderCard user=user.remote.5 lod=billboard video=off reason=consent
15:01:24.506 ℹ️ [VIS8] renderCard user=user.remote.6 lod=billboard video=off reason=consent
[VIS8] renderCard user=user.remote.6 lod=billboard video=off reason=consent
15:01:24.506 ℹ️ [VIS8] renderCard user=user.remote.7 lod=billboard video=off reason=consent
[VIS8] renderCard user=user.remote.7 lod=billboard video=off reason=consent
15:01:24.507 ℹ️ [VIS8] renderCard user=user.remote.8 lod=billboard video=off reason=consent
[VIS8] renderCard user=user.remote.8 lod=billboard video=off reason=consent
15:01:24.507 ℹ️ [VIS8] renderCard user=user.remote.9 lod=billboard video=off reason=consent
[VIS8] renderCard user=user.remote.9 lod=billboard video=off reason=consent
[DISCLOSURE] demo voteOverride branch=branch.finance voteStatus=PASSED reason=disclosure_demo
[DISCLOSURE] evidenceAppended id=FIL-001 count=1 result=PASS
[TIMEBOX] event type=DISCLOSURE_CHANGE id=FIL-001 applied=PASS target=trunk.avgol timeboxId=T6
[DISCLOSURE] id=FIL-001 from=PRIVATE to=WITNESSED reason=demo_manual result=PASS
[DISCLOSURE] persist backend=localStorage stored=6 result=PASS
[RIDE] resolve focusId=MFG.MaterialIssues.cell.0.0 kind=cell
[RIDE] cubeIds sample=[] unique=0
15:01:24.950 ℹ️ [REFUSAL] reason=RIDE_NO_FILAMENT_RESOLVED focus=MFG.MaterialIssues.cell.0.0 kind=cell cubes=0
[REFUSAL] reason=RIDE_NO_FILAMENT_RESOLVED focus=MFG.MaterialIssues.cell.0.0 kind=cell cubes=0
15:01:24.950 ℹ️ [PRESENCE] bind user=user.local.mlnvi3m6 room=room.111ef3ac scope=MFG.MaterialIssues.cell.0.0 focus=MFG.MaterialIssues.cell.0.0 ride=on result=PASS
[PRESENCE] bind user=user.local.mlnvi3m6 room=room.111ef3ac scope=MFG.MaterialIssues.cell.0.0 focus=MFG.MaterialIssues.cell.0.0 ride=on result=PASS
15:01:24.950 ℹ️ [PRESENCE] bind-change cause=scope result=PASS
[PRESENCE] bind-change cause=scope result=PASS
15:01:24.956 ℹ️ [DOCK] dist=761 align=0.05 preview=false edit=false overlay=0.00
[BoundaryRenderer] Loading USA from data/boundaries/countries/USA-ADM0.geojson