[ENU] Coordinate system loaded - all geometry in meters
20:25:33.653 ℹ️ [Z] mode=DRAFT user=local target=none previous=INIT
20:25:33.685 ℹ️ 🚀 Relay Cesium World starting...
20:25:33.688 ℹ️ 🌍 Initializing Cesium Viewer...
20:25:33.689 ℹ️ ✅ Terrain provider created (Ellipsoid)
20:25:33.690 ℹ️ ✅ Imagery provider created (OpenStreetMap tiles loading...)
20:25:33.741 ℹ️ ✅ Viewer created
20:25:33.744 ℹ️ [GLOBE] imagery mode=osm provider=OpenStreetMap
20:25:33.744 ℹ️ [PRES] colorCorrection added=PASS vignette=ON coolTone=ON
20:25:33.745 ℹ️ [PRES] postFX enabled=PASS fxaa=ON bloom=ON colorCorrect=ON
20:25:33.745 ℹ️ [PRES] fog enabled=PASS density=0.00048
20:25:33.747 ℹ️ ℹ️ 3D Buildings skipped (no Cesium Ion token configured)
20:25:33.747 ⚠️ ⚠️ Buildings marked as DEGRADED
20:25:33.748 ℹ️ 🌍 Cesium Viewer initialized successfully
20:25:33.748 ℹ️ [LAUNCH-FIX] basemapDim brightness=0.28 contrast=0.55 saturation=0.05 gamma=1.6 applied=PASS
20:25:33.749 ℹ️ [LAUNCH] visibilityMode enabled=PASS scale=0.25 trunkPrimitive=cylinder widthFloors=ON basemapDimming=ON
20:25:33.750 ℹ️ [PRES] environmentDeemphasis applied=PASS brightness=0.28 saturation=0.05 gamma=1.6
20:25:33.750 ℹ️ [GLOBE] services weatherBase=http://127.0.0.1:4020
20:25:33.751 ℹ️ [GLOBE] imagery registry enabled modes=local,clean-street,satellite,hybrid,osm,dark,minimalist
20:25:33.751 ℹ️ [CAM] restore-POV skipped for launch (deterministic frame)
20:25:33.752 ℹ️ [INPUT] owner=CAMERA mode=FreeFly reason=default
20:25:33.752 ℹ️ [FilamentRenderer] Initialized (Phase 2.1 Primitives)
[RelationshipRenderer] Initialized
[RelationshipRenderer] Cleared all relationships
20:25:33.753 ℹ️ [F2] clearedEdges=0 clearedScars=0
20:25:33.753 ℹ️ 🧹 Filament renderer cleared
[BoundaryRenderer] DataSource created and added to viewer
[BoundaryRenderer] Initialized
20:25:33.755 ℹ️ 🌍 Loading boundaries (fail-soft)...
[BoundaryRenderer] Loading ISR from data/boundaries/countries/ISR-ADM0.geojson source=REPO_FILE
[BoundaryRenderer] Loading USA from data/boundaries/countries/USA-ADM0.geojson source=REPO_FILE
20:25:33.756 ℹ️ [BOUNDARY-EDITOR] Initialized
20:25:33.757 ℹ️ 🌲 Loading demo tree...
20:25:33.759 ℹ️ [FILAMENT] registry initialized=PASS total=6
[FILAMENT] registry initialized=PASS total=6
20:25:33.760 ℹ️ [DISCLOSURE] restore backend=localStorage loaded=0 result=PASS
[DISCLOSURE] restore backend=localStorage loaded=0 result=PASS
20:25:33.761 ℹ️ [TIMEBOX] event type=DISCLOSURE_CHANGE id=FIL-003 applied=PASS target=trunk.avgol timeboxId=T6
[TIMEBOX] event type=DISCLOSURE_CHANGE id=FIL-003 applied=PASS target=trunk.avgol timeboxId=T6
20:25:33.761 ℹ️ [DISCLOSURE] id=FIL-003 from=PRIVATE to=WITNESSED reason=lifecycle_default result=PASS
[DISCLOSURE] id=FIL-003 from=PRIVATE to=WITNESSED reason=lifecycle_default result=PASS
20:25:33.762 ℹ️ [DISCLOSURE] persist backend=localStorage stored=6 result=PASS
[DISCLOSURE] persist backend=localStorage stored=6 result=PASS
20:25:33.762 ℹ️ [TIMEBOX] event type=DISCLOSURE_CHANGE id=FIL-004 applied=PASS target=trunk.avgol timeboxId=T6
[TIMEBOX] event type=DISCLOSURE_CHANGE id=FIL-004 applied=PASS target=trunk.avgol timeboxId=T6
20:25:33.763 ℹ️ [DISCLOSURE] id=FIL-004 from=PRIVATE to=PUBLIC_SUMMARY reason=lifecycle_default result=PASS
[DISCLOSURE] id=FIL-004 from=PRIVATE to=PUBLIC_SUMMARY reason=lifecycle_default result=PASS
20:25:33.763 ℹ️ [DISCLOSURE] persist backend=localStorage stored=6 result=PASS
[DISCLOSURE] persist backend=localStorage stored=6 result=PASS
20:25:33.764 ℹ️ [TIMEBOX] event type=DISCLOSURE_CHANGE id=FIL-005 applied=PASS target=trunk.avgol timeboxId=T6
[TIMEBOX] event type=DISCLOSURE_CHANGE id=FIL-005 applied=PASS target=trunk.avgol timeboxId=T6
20:25:33.764 ℹ️ [DISCLOSURE] id=FIL-005 from=PRIVATE to=PUBLIC_SUMMARY reason=lifecycle_default result=PASS
[DISCLOSURE] id=FIL-005 from=PRIVATE to=PUBLIC_SUMMARY reason=lifecycle_default result=PASS
20:25:33.765 ℹ️ [DISCLOSURE] persist backend=localStorage stored=6 result=PASS
[DISCLOSURE] persist backend=localStorage stored=6 result=PASS
20:25:33.765 ℹ️ [TIMEBOX] event type=DISCLOSURE_CHANGE id=FIL-006 applied=PASS target=trunk.avgol timeboxId=T6
[TIMEBOX] event type=DISCLOSURE_CHANGE id=FIL-006 applied=PASS target=trunk.avgol timeboxId=T6
20:25:33.765 ℹ️ [DISCLOSURE] id=FIL-006 from=PRIVATE to=WITNESSED reason=lifecycle_default result=PASS
[DISCLOSURE] id=FIL-006 from=PRIVATE to=WITNESSED reason=lifecycle_default result=PASS
20:25:33.766 ℹ️ [DISCLOSURE] persist backend=localStorage stored=6 result=PASS
[DISCLOSURE] persist backend=localStorage stored=6 result=PASS
[GroupMarkerNotSet(crbug.com/242999)!:A07024007C750000]Automatic fallback to software WebGL has been deprecated. Please use the --enable-unsafe-swiftshader (about:flags#enable-unsafe-swiftshader) flag to opt in to lower security guarantees for trusted content.
[.WebGL-0x593c005e5c00]GL Driver Message (OpenGL, Performance, GL_CLOSE_PATH_NV, High): GPU stall due to ReadPixels
[.WebGL-0x593c005e5c00]GL Driver Message (OpenGL, Performance, GL_CLOSE_PATH_NV, High): GPU stall due to ReadPixels
[BoundaryRenderer] ✅ ISR: Loaded 1/1 features
20:25:34.501 ℹ️ [B2-PROOF] threeWayMatch mismatch matchId=3WM-001 poLineId=POL-001 grLineId=GRL-001 invLineId=IL-001 status=MATCH qtyVar=0 priceVar=0
20:25:34.503 ℹ️ [B2-PROOF] threeWayMatch mismatch matchId=3WM-002 poLineId=POL-002 grLineId=GRL-002 invLineId=IL-002 status=MATCH qtyVar=0 priceVar=0
20:25:34.503 ℹ️ [B2-PROOF] threeWayMatch mismatch matchId=3WM-003 poLineId=POL-003 grLineId=GRL-003 invLineId=IL-003 status=PRICE_EXCEPTION qtyVar=0 priceVar=50
20:25:34.504 ℹ️ [B2-PROOF] threeWayMatch mismatch matchId=3WM-004 poLineId=POL-004 grLineId=GRL-004 invLineId=IL-004 status=PRICE_EXCEPTION qtyVar=0 priceVar=0.5
20:25:34.504 ℹ️ [B2-PROOF] threeWayMatch mismatch matchId=3WM-005 poLineId=POL-005 grLineId=GRL-005 invLineId=IL-005 status=QTY_EXCEPTION qtyVar=2 priceVar=2
20:25:34.504 ℹ️ [B2-PROOF] threeWayMatch mismatch matchId=3WM-006 poLineId=POL-006 grLineId= invLineId= status=UNMATCHED qtyVar=N/A priceVar=N/A
20:25:34.505 ℹ️ [B2-PROOF] threeWayMatch unmatched invoice matchId=3WM-007 invLineId=IL-006 (no PO link)
20:25:34.505 ℹ️ [B2-PROOF] buildMatches complete: 15 match rows, 9 exceptions/unmatched, rebuilt=P2P.ThreeWayMatch,P2P.InvoiceToGLMatch,P2P.InvoiceToPaymentMatch
20:25:34.506 ℹ️ [B3-PROOF] buildSummaryData: 3 summary sheets, 35 formula cells (zero JS aggregation)
20:25:34.506 ℹ️ [MODULE] P2P loaded: 13 sheets (7 fact + 3 match + 3 summary), 127 columns
20:25:34.507 ℹ️ [MODULE]   FC1: P2P.RequisitionLines (12 cols)
20:25:34.507 ℹ️ [MODULE]   FC2: P2P.POLines (13 cols)
20:25:34.507 ℹ️ [MODULE]   FC3: P2P.GRLines (10 cols)
20:25:34.508 ℹ️ [MODULE]   FC4: P2P.InvoiceLines (16 cols)
20:25:34.508 ℹ️ [MODULE]   FC5: P2P.PaymentLines (14 cols)
20:25:34.508 ℹ️ [MODULE]   FC7: P2P.BankStatementLines (7 cols)
20:25:34.508 ℹ️ [MODULE]   FC6: P2P.GLPostingLines (11 cols)
20:25:34.509 ℹ️ [MODULE]   MC1: P2P.ThreeWayMatch (14 cols, 7 match rows)
20:25:34.509 ℹ️ [MODULE]   MC2: P2P.InvoiceToGLMatch (10 cols, 4 match rows)
20:25:34.509 ℹ️ [MODULE]   MC3: P2P.InvoiceToPaymentMatch (11 cols, 4 match rows)
20:25:34.510 ℹ️ [MODULE]   SC1: P2P.AP_Aging (2 cols, 13 formula rows)
20:25:34.510 ℹ️ [MODULE]   SC2: P2P.MatchRateSummary (2 cols, 7 formula rows)
20:25:34.510 ℹ️ [MODULE]   SC3: P2P.SpendByCategory (5 cols, 5 formula rows)
20:25:34.510 ℹ️ [MODULE] KPI bindings: 3 metrics → branch.p2p
20:25:34.511 ℹ️ [MODULE]   matchRate: P2P.MatchRateSummary!B8 (%)
20:25:34.511 ℹ️ [MODULE]   dpo: P2P.AP_Aging!B13 (days)
20:25:34.511 ℹ️ [MODULE]   outstanding: P2P.AP_Aging!B4 (USD)
20:25:34.512 ℹ️ [MODULE] P2P merged into tree: +27 nodes, +27 edges
20:25:34.512 ℹ️ [FLOW] moduleLoaded=P2P result=PASS
[.WebGL-0x593c005e5c00]GL Driver Message (OpenGL, Performance, GL_CLOSE_PATH_NV, High): GPU stall due to ReadPixels
[BoundaryRenderer] ✅ USA: Loaded 1/1 features
20:25:34.711 ℹ️ [BOUNDARY] containsll suite=PASS polygons=1 multipolygons=1 holes=0
20:25:34.713 ℹ️ [BOUNDARY] containsll hole-suite=PASS probes=3
20:25:34.713 ℹ️ [BOUNDARY] restore result=PASS renderer=BoundaryRenderer containsLL=PASS ISR=1 USA=1
20:25:34.714 ℹ️ [GATE] G3 status=PASS evidence=runtime-boundary-selftest
20:25:34.714 ℹ️ [UX] boundaries=ACTIVE mode=READ_ONLY
20:25:34.715 ℹ️ [BOUNDARY] voting-scope mode=BOUNDARY_ENABLED reason=boundary-pass
[.WebGL-0x593c005e5c00]GL Driver Message (OpenGL, Performance, GL_CLOSE_PATH_NV, High): GPU stall due to ReadPixels (this message will no longer repeat)
20:25:34.972 ℹ️ [B2-PROOF] threeWayMatch unmatched invoice matchId=3WM-001 invLineId=undefined (no PO link)
20:25:34.973 ℹ️ [B2-PROOF] threeWayMatch unmatched invoice matchId=3WM-002 invLineId=undefined (no PO link)
20:25:34.973 ℹ️ [B2-PROOF] threeWayMatch unmatched invoice matchId=3WM-003 invLineId=undefined (no PO link)
20:25:34.974 ℹ️ [B2-PROOF] threeWayMatch unmatched invoice matchId=3WM-004 invLineId=undefined (no PO link)
20:25:34.974 ℹ️ [B2-PROOF] threeWayMatch unmatched invoice matchId=3WM-005 invLineId=undefined (no PO link)
20:25:34.974 ℹ️ [B2-PROOF] threeWayMatch unmatched invoice matchId=3WM-006 invLineId=undefined (no PO link)
20:25:34.975 ℹ️ [B2-PROOF] buildMatches complete: 8 match rows, 8 exceptions/unmatched, rebuilt=P2P.ThreeWayMatch,P2P.InvoiceToGLMatch,P2P.InvoiceToPaymentMatch,MFG.WOIssueMatch
20:25:34.976 ℹ️ [B3-PROOF] buildSummaryData: 1 summary sheets, 4 formula cells (zero JS aggregation)
20:25:34.976 ℹ️ [MODULE] MFG loaded: 6 sheets (4 fact + 1 match + 1 summary), 29 columns
20:25:34.976 ℹ️ [MODULE]   FC1: MFG.WorkOrders (5 cols)
20:25:34.977 ℹ️ [MODULE]   FC2: MFG.MaterialIssues (5 cols)
20:25:34.977 ℹ️ [MODULE]   FC3: MFG.ScrapEvents (5 cols)
20:25:34.977 ℹ️ [MODULE]   FC4: MFG.QualityChecks (4 cols)
20:25:34.978 ℹ️ [MODULE]   MC1: MFG.WOIssueMatch (8 cols, 0 match rows)
20:25:34.978 ℹ️ [MODULE]   SC1: MFG.ProductionSummary (2 cols, 4 formula rows)
20:25:34.979 ℹ️ [MODULE] KPI bindings: 1 metrics → branch.mfg
20:25:34.979 ℹ️ [MODULE]   issueCoverage: MFG.ProductionSummary!B4 (%)
20:25:34.979 ℹ️ [MODULE] MFG merged into tree: +13 nodes, +13 edges
20:25:35.128 ℹ️ [BOUNDARY] manifestLoaded countries=27
[BoundaryRenderer] Loading USA from data/boundaries/countries/USA-ADM0.geojson source=REPO_FILE
20:25:35.419 ℹ️ [ROUTE] loaded 12 routes from group "p2p" (module: P2P)
20:25:35.420 ℹ️ [ROUTE]   p2p.requisition → P2P.RequisitionLines (keys: reqId, reqLineId)
20:25:35.420 ℹ️ [ROUTE]   p2p.purchaseOrder → P2P.POLines (keys: poId, poLineId)
20:25:35.421 ℹ️ [ROUTE]   p2p.goodsReceipt → P2P.GRLines (keys: grId, grLineId)
20:25:35.421 ℹ️ [ROUTE]   p2p.invoice → P2P.InvoiceLines (keys: invId, invLineId)
20:25:35.421 ℹ️ [ROUTE]   p2p.payment → P2P.PaymentLines (keys: paymentId, payLineId)
20:25:35.422 ℹ️ [ROUTE]   p2p.pr → P2P.RequisitionLines (keys: reqId, reqLineId)
20:25:35.422 ℹ️ [ROUTE]   p2p.po → P2P.POLines (keys: poId, poLineId)
20:25:35.422 ℹ️ [ROUTE]   p2p.gr → P2P.GRLines (keys: grId, grLineId)
20:25:35.423 ℹ️ [ROUTE]   p2p.inv → P2P.InvoiceLines (keys: invId, invLineId)
20:25:35.423 ℹ️ [ROUTE]   p2p.pay → P2P.PaymentLines (keys: paymentId, payLineId)
20:25:35.423 ℹ️ [ROUTE]   p2p.bankStatement → P2P.BankStatementLines (keys: bankLineId)
20:25:35.424 ℹ️ [ROUTE]   p2p.glPosting → P2P.GLPostingLines (keys: glDocId, glLineId)
[BOUNDARY] reuse id=boundary-USA-0-6c62914d
20:25:35.766 ℹ️ [BOUNDARY] skipMissing country=CAN reason=not_in_manifest
20:25:35.767 ℹ️ [BOUNDARY] skipMissing country=MEX reason=not_in_manifest
[BoundaryRenderer] Loading BRA from data/boundaries/countries/BRA-ADM0.geojson source=REPO_FILE
20:25:35.896 ℹ️ [ROUTE] loaded 4 routes from group "mfg" (module: MFG)
20:25:35.897 ℹ️ [ROUTE]   mfg.workOrder → MFG.WorkOrders (keys: workOrderId)
20:25:35.897 ℹ️ [ROUTE]   mfg.materialIssue → MFG.MaterialIssues (keys: issueId)
20:25:35.898 ℹ️ [ROUTE]   mfg.scrapEvent → MFG.ScrapEvents (keys: scrapId)
20:25:35.898 ℹ️ [ROUTE]   mfg.qualityCheck → MFG.QualityChecks (keys: qcId)
20:25:35.900 ℹ️ [D1-AGG] trunk=trunk.avgol metrics=4 hash=0x663fa7ee
20:25:35.901 ℹ️ [VOTE] restore backend=localStorage mode=demo loaded=0 result=PASS
[VOTE] restore backend=localStorage mode=demo loaded=0 result=PASS
[BACKING] id=branch.finance filaments=3 timeboxes=7 evidence=0 missing=0
[CONF] id=branch.finance orgConf=0.57 globalConf=0.00 breakdown=tb:1,ev:0,disc:1,vote:0
[ATTN] id=branch.finance attn=0.20 lifecycle=SETTLING disclosure=WITNESSED vote=PENDING
[BACKING] id=branch.maintenance filaments=3 timeboxes=7 evidence=0 missing=0
[CONF] id=branch.maintenance orgConf=0.57 globalConf=0.00 breakdown=tb:1,ev:0,disc:1,vote:0
[ATTN] id=branch.maintenance attn=0.36 lifecycle=REFUSAL disclosure=PUBLIC_SUMMARY vote=PENDING
[AC] aggregateAttention scope=company result=0.36 children=8
[AC] aggregateOrgConfidence scope=company result=0.29 children=8
[AC] aggregateGlobalConfidence scope=company result=0.50 children=8
20:25:35.905 ℹ️ [AC] initialized=PASS functions=7 filaments=6
[AC] initialized=PASS functions=7 filaments=6
20:25:35.907 ℹ️ ✅ Demo tree rendered: Avgol @ Tel Aviv
20:25:35.911 ℹ️ [F2] clearedEdges=0 clearedScars=0
20:25:35.913 ℹ️ 🧹 Filament renderer cleared
20:25:35.913 ℹ️ [PRES] launchTransform scale=0.25 uOffset=0 applied=PASS
20:25:35.914 ℹ️ [LAUNCH-FIX] visualHierarchy applied=PASS tilesAlpha=0.018 trunkCore=0.96 branchAlpha=0.18
20:25:35.914 ℹ️ [LAUNCH-THEME] tokens loaded trunk=thinPillar tile=horizontalPlatform filament=rain
20:25:35.915 ℹ️ [GATE] launchVisibility semantics=UNCHANGED enuChecks=RAW
20:25:35.915 ℹ️ [LAUNCH] widthFloors trunk=20m branches=13/10/6 tiles=90x52m rule=uniform
20:25:35.915 ℹ️ [PRES] trunkStyle applied=PASS mode=core+shell coreR=12 shellR=20
20:25:35.916 ℹ️ [PRES] branchStyle applied=PASS ribMode=ON ribScale=0.18 emissive=ON alpha=0.18
20:25:35.916 ℹ️ [SHEET-PLATFORM] layout=LANDSCAPE w=120 h=70 cols=12 rows=6 header=ON
20:25:35.917 ℹ️ [PRES] sheetPlatform grid=PASS majorLines=16 mode=overview normal=UP horizontal=ON landscape=120x70
20:25:35.917 ℹ️ [PRES] tileFloatMode=PASS supportFilaments=ON fillAlpha=0.018 borderAlpha=1.0
20:25:35.918 ℹ️ [PRES] filamentRain enabled=PASS density=2
20:25:35.918 ℹ️ [PRES] rootGlow enabled=PASS radius=80 alpha=0.10
20:25:35.918 ℹ️ [BUILD] renderer=filament VIS-RADIAL-CANOPY-1
20:25:35.919 ℹ️ 🌲 Rendering tree: 72 nodes, 66 edges
20:25:35.919 ℹ️ [THICKNESS] cell=1.00m spine=3.00m branch=24.00m trunk=30.00m root=12.00m
20:25:35.920 ℹ️ [CANOPY] launchTemplateOverride=PASS
20:25:35.921 ℹ️ [GATE 4] Anchor marker rendered at (34.7818, 32.0853) - independent of buildings/terrain
20:25:35.922 ℹ️ [Phase 2.3] Root continuation: 1000m below anchor (aligned to ENU Up/Down)
20:25:35.925 ℹ️ [FilamentRenderer] ⏰ Timeboxes: 6 on trunk trunk.avgol
20:25:35.927 ℹ️ [PRES] tether rendered=PASS
20:25:35.928 ℹ️ [PRES] buildingAnchorProxy rendered=PASS reason=buildings-degraded
20:25:35.929 ℹ️ [GATE 4] Anchor marker rendered at (34.7818, 32.0853) - independent of buildings/terrain
20:25:35.931 ℹ️ [Phase 2.3] Root continuation: 1000m below anchor (aligned to ENU Up/Down)
20:25:35.932 ℹ️ [GATE 4] Anchor marker rendered at (34.7818, 32.0853) - independent of buildings/terrain
20:25:35.932 ℹ️ [Phase 2.3] Root continuation: 1000m below anchor (aligned to ENU Up/Down)
20:25:35.933 ℹ️ [GATE 4] Anchor marker rendered at (34.7818, 32.0853) - independent of buildings/terrain
20:25:35.934 ℹ️ [Phase 2.3] Root continuation: 1000m below anchor (aligned to ENU Up/Down)
20:25:35.935 ℹ️ [GATE 4] Anchor marker rendered at (34.7818, 32.0853) - independent of buildings/terrain
20:25:35.935 ℹ️ [Phase 2.3] Root continuation: 1000m below anchor (aligned to ENU Up/Down)
20:25:35.936 ℹ️ [GATE 4] Anchor marker rendered at (34.7818, 32.0853) - independent of buildings/terrain
20:25:35.937 ℹ️ [Phase 2.3] Root continuation: 1000m below anchor (aligned to ENU Up/Down)
20:25:35.937 ℹ️ [VIS] voteFilter LOD=COMPANY override=ALL
20:25:35.940 ℹ️ [FilamentRenderer] ⏰ Timeboxes: 5 on branch branch.operations
20:25:35.941 ℹ️ [FilamentRenderer] ⏰ Timeboxes: 4 on branch branch.finance
20:25:35.942 ℹ️ [FilamentRenderer] ⏰ Timeboxes: 5 on branch branch.supplychain
20:25:35.943 ℹ️ [FilamentRenderer] ⏰ Timeboxes: 5 on branch branch.quality
20:25:35.944 ℹ️ [FilamentRenderer] ⏰ Timeboxes: 4 on branch branch.maintenance
20:25:35.945 ℹ️ [FilamentRenderer] ⏰ Timeboxes: 5 on branch branch.it
20:25:35.946 ℹ️ [GATE 2] Branch branch.p2p:
20:25:35.947 ℹ️   ENU Start: (E=0, N=192, U=2000)
20:25:35.947 ℹ️   ENU End: (E=800, N=192, U=2000)
20:25:35.948 ℹ️   Branch Length: 800.0m
20:25:35.948 ℹ️ [FilamentRenderer] ⏰ Timeboxes: 1 on branch branch.p2p
20:25:35.949 ℹ️ [GATE 2] Branch branch.p2p.fc1:
20:25:35.949 ℹ️   ENU Start: (E=0, N=224, U=2000)
20:25:35.950 ℹ️   ENU End: (E=800, N=224, U=2000)
20:25:35.950 ℹ️   Branch Length: 800.0m
20:25:35.951 ℹ️ [FilamentRenderer] ⏰ Timeboxes: 1 on branch branch.p2p.fc1
20:25:35.951 ℹ️ [GATE 2] Branch branch.p2p.fc2:
20:25:35.952 ℹ️   ENU Start: (E=0, N=256, U=2000)
20:25:35.952 ℹ️   ENU End: (E=800, N=256, U=2000)
20:25:35.953 ℹ️   Branch Length: 800.0m
20:25:35.953 ℹ️ [FilamentRenderer] ⏰ Timeboxes: 1 on branch branch.p2p.fc2
20:25:35.954 ℹ️ [GATE 2] Branch branch.p2p.fc3:
20:25:35.954 ℹ️   ENU Start: (E=0, N=288, U=2000)
20:25:35.954 ℹ️   ENU End: (E=800, N=288, U=2000)
20:25:35.955 ℹ️   Branch Length: 800.0m
20:25:35.956 ℹ️ [FilamentRenderer] ⏰ Timeboxes: 1 on branch branch.p2p.fc3
20:25:35.956 ℹ️ [GATE 2] Branch branch.p2p.fc4:
20:25:35.956 ℹ️   ENU Start: (E=0, N=320, U=2000)
20:25:35.957 ℹ️   ENU End: (E=800, N=320, U=2000)
20:25:35.957 ℹ️   Branch Length: 800.0m
20:25:35.958 ℹ️ [FilamentRenderer] ⏰ Timeboxes: 1 on branch branch.p2p.fc4
20:25:35.959 ℹ️ [GATE 2] Branch branch.p2p.fc5:
20:25:35.959 ℹ️   ENU Start: (E=0, N=352, U=2000)
20:25:35.960 ℹ️   ENU End: (E=800, N=352, U=2000)
20:25:35.960 ℹ️   Branch Length: 800.0m
20:25:35.961 ℹ️ [FilamentRenderer] ⏰ Timeboxes: 1 on branch branch.p2p.fc5
20:25:35.961 ℹ️ [GATE 2] Branch branch.p2p.fc7:
20:25:35.961 ℹ️   ENU Start: (E=0, N=384, U=2000)
20:25:35.962 ℹ️   ENU End: (E=800, N=384, U=2000)
20:25:35.962 ℹ️   Branch Length: 800.0m
20:25:35.963 ℹ️ [FilamentRenderer] ⏰ Timeboxes: 1 on branch branch.p2p.fc7
20:25:35.963 ℹ️ [GATE 2] Branch branch.p2p.fc6:
20:25:35.963 ℹ️   ENU Start: (E=0, N=416, U=2000)
20:25:35.963 ℹ️   ENU End: (E=800, N=416, U=2000)
20:25:35.964 ℹ️   Branch Length: 800.0m
20:25:35.964 ℹ️ [FilamentRenderer] ⏰ Timeboxes: 1 on branch branch.p2p.fc6
20:25:35.965 ℹ️ [GATE 2] Branch branch.p2p.mc1:
20:25:35.965 ℹ️   ENU Start: (E=0, N=448, U=2000)
20:25:35.965 ℹ️   ENU End: (E=800, N=448, U=2000)
20:25:35.966 ℹ️   Branch Length: 800.0m
20:25:35.966 ℹ️ [FilamentRenderer] ⏰ Timeboxes: 1 on branch branch.p2p.mc1
20:25:35.967 ℹ️ [GATE 2] Branch branch.p2p.mc2:
20:25:35.967 ℹ️   ENU Start: (E=0, N=480, U=2000)
20:25:35.967 ℹ️   ENU End: (E=800, N=480, U=2000)
20:25:35.968 ℹ️   Branch Length: 800.0m
20:25:35.968 ℹ️ [FilamentRenderer] ⏰ Timeboxes: 1 on branch branch.p2p.mc2
20:25:35.969 ℹ️ [GATE 2] Branch branch.p2p.mc3:
20:25:35.969 ℹ️   ENU Start: (E=0, N=512, U=2000)
20:25:35.970 ℹ️   ENU End: (E=800, N=512, U=2000)
20:25:35.970 ℹ️   Branch Length: 800.0m
20:25:35.971 ℹ️ [FilamentRenderer] ⏰ Timeboxes: 1 on branch branch.p2p.mc3
20:25:35.971 ℹ️ [GATE 2] Branch branch.p2p.sc1:
20:25:35.972 ℹ️   ENU Start: (E=0, N=544, U=2000)
20:25:35.972 ℹ️   ENU End: (E=800, N=544, U=2000)
20:25:35.973 ℹ️   Branch Length: 800.0m
20:25:35.973 ℹ️ [FilamentRenderer] ⏰ Timeboxes: 1 on branch branch.p2p.sc1
20:25:35.974 ℹ️ [GATE 2] Branch branch.p2p.sc2:
20:25:35.974 ℹ️   ENU Start: (E=0, N=576, U=2000)
20:25:35.974 ℹ️   ENU End: (E=800, N=576, U=2000)
20:25:35.975 ℹ️   Branch Length: 800.0m
20:25:35.976 ℹ️ [FilamentRenderer] ⏰ Timeboxes: 1 on branch branch.p2p.sc2
20:25:35.976 ℹ️ [GATE 2] Branch branch.p2p.sc3:
20:25:35.977 ℹ️   ENU Start: (E=0, N=608, U=2000)
20:25:35.977 ℹ️   ENU End: (E=800, N=608, U=2000)
20:25:35.978 ℹ️   Branch Length: 800.0m
20:25:35.979 ℹ️ [FilamentRenderer] ⏰ Timeboxes: 1 on branch branch.p2p.sc3
20:25:35.979 ℹ️ [GATE 2] Branch branch.mfg:
20:25:35.980 ℹ️   ENU Start: (E=0, N=640, U=2000)
20:25:35.980 ℹ️   ENU End: (E=800, N=640, U=2000)
20:25:35.981 ℹ️   Branch Length: 800.0m
20:25:35.981 ℹ️ [FilamentRenderer] ⏰ Timeboxes: 1 on branch branch.mfg
20:25:35.982 ℹ️ [GATE 2] Branch branch.mfg.fc1:
20:25:35.982 ℹ️   ENU Start: (E=0, N=672, U=2000)
20:25:35.983 ℹ️   ENU End: (E=800, N=672, U=2000)
20:25:35.983 ℹ️   Branch Length: 800.0m
20:25:35.984 ℹ️ [FilamentRenderer] ⏰ Timeboxes: 1 on branch branch.mfg.fc1
20:25:35.985 ℹ️ [GATE 2] Branch branch.mfg.fc2:
20:25:35.985 ℹ️   ENU Start: (E=0, N=704, U=2000)
20:25:35.986 ℹ️   ENU End: (E=800, N=704, U=2000)
20:25:35.986 ℹ️   Branch Length: 800.0m
20:25:35.987 ℹ️ [FilamentRenderer] ⏰ Timeboxes: 1 on branch branch.mfg.fc2
20:25:35.987 ℹ️ [GATE 2] Branch branch.mfg.fc3:
20:25:35.988 ℹ️   ENU Start: (E=0, N=736, U=2000)
20:25:35.988 ℹ️   ENU End: (E=800, N=736, U=2000)
20:25:35.988 ℹ️   Branch Length: 800.0m
20:25:35.989 ℹ️ [FilamentRenderer] ⏰ Timeboxes: 1 on branch branch.mfg.fc3
20:25:35.989 ℹ️ [GATE 2] Branch branch.mfg.fc4:
20:25:35.990 ℹ️   ENU Start: (E=0, N=768, U=2000)
20:25:35.990 ℹ️   ENU End: (E=800, N=768, U=2000)
20:25:35.990 ℹ️   Branch Length: 800.0m
20:25:35.991 ℹ️ [FilamentRenderer] ⏰ Timeboxes: 1 on branch branch.mfg.fc4
20:25:35.991 ℹ️ [GATE 2] Branch branch.mfg.mc1:
20:25:35.991 ℹ️   ENU Start: (E=0, N=800, U=2000)
20:25:35.992 ℹ️   ENU End: (E=800, N=800, U=2000)
20:25:35.992 ℹ️   Branch Length: 800.0m
20:25:35.992 ℹ️ [FilamentRenderer] ⏰ Timeboxes: 1 on branch branch.mfg.mc1
20:25:35.993 ℹ️ [GATE 2] Branch branch.mfg.sc1:
20:25:35.993 ℹ️   ENU Start: (E=0, N=832, U=2000)
20:25:35.993 ℹ️   ENU End: (E=800, N=832, U=2000)
20:25:35.994 ℹ️   Branch Length: 800.0m
20:25:35.994 ℹ️ [FilamentRenderer] ⏰ Timeboxes: 1 on branch branch.mfg.sc1
20:25:35.995 ℹ️ [PRES] junctions rendered=PASS count=8
20:25:35.995 ℹ️ [SCOPE] effective=world source=entryState expanded=false
20:25:35.996 ℹ️ [VIS2] expandedSheetsAllowed=false scope=world
20:25:35.996 ℹ️ [VIS2] suppressSheetDetail=true expandedSheetsAllowed=false selectedSheet=none lod=COMPANY
20:25:35.997 ℹ️ [RING] applied=PASS nodes=14 scope=company lod=COMPANY
20:25:35.997 ℹ️ [RING] mapping thickness=pressure pulse=voteEnergy color=stateQuality
20:25:35.997 ℹ️ [VIS-LAUNCH] ringContainment mode=collapsed action=suppressNonFocused result=PASS
20:25:35.998 ℹ️ [FILAMENT] bandSnap id=FIL-001 timeboxId=FIN-T4 deltaM=0 result=PASS
[FILAMENT] bandSnap id=FIL-001 timeboxId=FIN-T4 deltaM=0 result=PASS
20:25:35.999 ℹ️ [FILAMENT] bandSnap id=FIL-002 timeboxId=FIN-T3 deltaM=0 result=PASS
[FILAMENT] bandSnap id=FIL-002 timeboxId=FIN-T3 deltaM=0 result=PASS
20:25:35.999 ℹ️ [FILAMENT] bandSnap id=FIL-003 timeboxId=FIN-T1 deltaM=0 result=PASS
[FILAMENT] bandSnap id=FIL-003 timeboxId=FIN-T1 deltaM=0 result=PASS
20:25:36.000 ℹ️ [FILAMENT] bandSnap id=FIL-004 timeboxId=MNT-T0 deltaM=0 result=PASS
[FILAMENT] bandSnap id=FIL-004 timeboxId=MNT-T0 deltaM=0 result=PASS
20:25:36.000 ℹ️ [FILAMENT] bandSnap id=FIL-006 timeboxId=MNT-T1 deltaM=0 result=PASS
[FILAMENT] bandSnap id=FIL-006 timeboxId=MNT-T1 deltaM=0 result=PASS
20:25:36.000 ℹ️ [FILAMENT] bandSnap source=vis4Registry
[FILAMENT] bandSnap source=vis4Registry
20:25:36.001 ℹ️ [DISCLOSURE] markersRendered count=5 tiers={PRIVATE:2,WITNESSED:2,PUBLIC_SUMMARY:1,FULL_PUBLIC:0}
[DISCLOSURE] markersRendered count=5 tiers={PRIVATE:2,WITNESSED:2,PUBLIC_SUMMARY:1,FULL_PUBLIC:0}
20:25:36.001 ℹ️ [VIS2] deptSpinesRendered count=8
20:25:36.002 ℹ️ [S1] SheetsRendered=0 Expected=0
20:25:36.002 ℹ️ [VIS2] companyCollapsed result=PASS sheetsRendered=0 lod=COMPANY scope=world expandedSheetsAllowed=false
20:25:36.003 ℹ️ [SHEET-META] set sheet=sheet.packaging center=ok axes=ok normal=ok dims=400x144 cells=10x6 src=tile
20:25:36.004 ℹ️ [SHEET-META] set sheet=sheet.mfg.materialIssues center=ok axes=ok normal=ok dims=400x144 cells=6x10 src=tile
20:25:36.005 ℹ️ [SHEET-META] set sheet=sheet.fin.apAging center=ok axes=ok normal=ok dims=400x144 cells=8x10 src=tile
20:25:36.007 ℹ️ [SHEET-META] set sheet=sheet.fin.cashForecast center=ok axes=ok normal=ok dims=400x144 cells=6x8 src=tile
20:25:36.008 ℹ️ [SHEET-META] set sheet=sheet.ops.productionSummary center=ok axes=ok normal=ok dims=400x144 cells=6x8 src=tile
20:25:36.009 ℹ️ [SHEET-META] set sheet=sheet.ops.shiftReport center=ok axes=ok normal=ok dims=400x144 cells=6x8 src=tile
20:25:36.010 ℹ️ [SHEET-META] set sheet=sheet.fin.budgetVariance center=ok axes=ok normal=ok dims=400x144 cells=6x6 src=tile
20:25:36.010 ℹ️ [SHEET-META] set sheet=sheet.scm.inventoryLevels center=ok axes=ok normal=ok dims=400x144 cells=8x6 src=tile
20:25:36.011 ℹ️ [SHEET-META] set sheet=sheet.qa.auditFindings center=ok axes=ok normal=ok dims=400x144 cells=8x8 src=tile
20:25:36.012 ℹ️ [SHEET-META] set sheet=sheet.qa.ncTracking center=ok axes=ok normal=ok dims=400x144 cells=6x8 src=tile
20:25:36.013 ℹ️ [SHEET-META] set sheet=sheet.qa.spcCharts center=ok axes=ok normal=ok dims=400x144 cells=6x6 src=tile
20:25:36.013 ℹ️ [SHEET-META] set sheet=sheet.mnt.workOrders center=ok axes=ok normal=ok dims=400x144 cells=8x8 src=tile
20:25:36.014 ℹ️ [SHEET-META] set sheet=sheet.mnt.assetRegistry center=ok axes=ok normal=ok dims=400x144 cells=6x8 src=tile
20:25:36.015 ℹ️ [SHEET-META] set sheet=sheet.mnt.sparePartsInventory center=ok axes=ok normal=ok dims=400x144 cells=6x6 src=tile
20:25:36.025 ℹ️ [SHEET-META] set sheet=sheet.it.systemUptime center=ok axes=ok normal=ok dims=400x144 cells=6x8 src=tile
20:25:36.027 ℹ️ [SHEET-META] set sheet=sheet.it.changeRequests center=ok axes=ok normal=ok dims=400x144 cells=8x8 src=tile
20:25:36.028 ℹ️ [SHEET-META] set sheet=sheet.it.projectTracker center=ok axes=ok normal=ok dims=400x144 cells=8x8 src=tile
20:25:36.028 ℹ️ [SHEET-META] set sheet=sheet.it.securityDashboard center=ok axes=ok normal=ok dims=400x144 cells=6x6 src=tile
20:25:36.029 ℹ️ [SHEET-META] set sheet=sheet.scm.inboundRequests center=ok axes=ok normal=ok dims=400x144 cells=8x10 src=tile
20:25:36.031 ℹ️ [SHEET-META] set sheet=sheet.scm.supplierScorecard center=ok axes=ok normal=ok dims=400x144 cells=6x8 src=tile
20:25:36.032 ℹ️ [SHEET-META] set sheet=P2P.RequisitionLines center=ok axes=ok normal=ok dims=400x144 cells=7x12 src=tile
20:25:36.032 ℹ️ [SHEET-META] set sheet=P2P.POLines center=ok axes=ok normal=ok dims=400x144 cells=7x13 src=tile
20:25:36.033 ℹ️ [SHEET-META] set sheet=P2P.GRLines center=ok axes=ok normal=ok dims=400x144 cells=6x10 src=tile
20:25:36.033 ℹ️ [SHEET-META] set sheet=P2P.InvoiceLines center=ok axes=ok normal=ok dims=400x144 cells=7x16 src=tile
20:25:36.034 ℹ️ [SHEET-META] set sheet=P2P.PaymentLines center=ok axes=ok normal=ok dims=400x144 cells=5x14 src=tile
20:25:36.034 ℹ️ [SHEET-META] set sheet=P2P.BankStatementLines center=ok axes=ok normal=ok dims=400x144 cells=1x7 src=tile
20:25:36.035 ℹ️ [SHEET-META] set sheet=P2P.GLPostingLines center=ok axes=ok normal=ok dims=400x144 cells=9x11 src=tile
20:25:36.036 ℹ️ [SHEET-META] set sheet=P2P.ThreeWayMatch center=ok axes=ok normal=ok dims=400x144 cells=8x14 src=tile
20:25:36.036 ℹ️ [SHEET-META] set sheet=P2P.InvoiceToGLMatch center=ok axes=ok normal=ok dims=400x144 cells=5x10 src=tile
20:25:36.037 ℹ️ [SHEET-META] set sheet=P2P.InvoiceToPaymentMatch center=ok axes=ok normal=ok dims=400x144 cells=5x11 src=tile
20:25:36.037 ℹ️ [SHEET-META] set sheet=P2P.AP_Aging center=ok axes=ok normal=ok dims=400x144 cells=14x2 src=tile
20:25:36.038 ℹ️ [SHEET-META] set sheet=P2P.MatchRateSummary center=ok axes=ok normal=ok dims=400x144 cells=8x2 src=tile
20:25:36.038 ℹ️ [SHEET-META] set sheet=P2P.SpendByCategory center=ok axes=ok normal=ok dims=400x144 cells=6x5 src=tile
20:25:36.039 ℹ️ [SHEET-META] set sheet=MFG.WorkOrders center=ok axes=ok normal=ok dims=400x144 cells=1x5 src=tile
20:25:36.039 ℹ️ [SHEET-META] set sheet=MFG.MaterialIssues center=ok axes=ok normal=ok dims=400x144 cells=1x5 src=tile
20:25:36.040 ℹ️ [SHEET-META] set sheet=MFG.ScrapEvents center=ok axes=ok normal=ok dims=400x144 cells=1x5 src=tile
20:25:36.040 ℹ️ [SHEET-META] set sheet=MFG.QualityChecks center=ok axes=ok normal=ok dims=400x144 cells=1x4 src=tile
20:25:36.041 ℹ️ [SHEET-META] set sheet=MFG.WOIssueMatch center=ok axes=ok normal=ok dims=400x144 cells=1x8 src=tile
20:25:36.041 ℹ️ [SHEET-META] set sheet=MFG.ProductionSummary center=ok axes=ok normal=ok dims=400x144 cells=5x2 src=tile
20:25:36.041 ℹ️ [VIS2] sheetTilesRendered count=39
20:25:36.042 ℹ️ [CANOPY] proxyCache preRender=PASS size=39
20:25:36.042 ℹ️ [CANOPY] proxyCache populated=PASS size=39
20:25:36.042 ℹ️ [SHEET-PLATFORM] rendered count=39 mode=overview normal=UP
20:25:36.043 ℹ️ [SHEET-PLATFORM] proxyCache updated=PASS sheets=39
20:25:36.044 ℹ️ [TEMPLATE] deptCount=27 sheetsTarget=39 applied=PASS
20:25:36.044 ℹ️ [TEMPLATE] sheetPlacement applied=PASS sheets=39 collisions=0
20:25:36.044 ℹ️ [TEMPLATE] fanLayout applied=PASS perDept=multi fanned=6
20:25:36.044 ℹ️ [CANOPY] placement function=computeCanopyPlacement version=1
20:25:36.045 ℹ️ [CANOPY] radialLayout applied=PASS depts=6 tiers=3 radii=220,280,340
20:25:36.045 ℹ️ [CANOPY] curvature applied=PASS
20:25:36.046 ℹ️ [CANOPY] gridLOD overview=MAJOR faceSheet=FULL
20:25:36.046 ℹ️ [CANOPY] labels policy=PASS overview=DEPTS_ONLY hover=LOCAL
20:25:36.046 ℹ️ [VIS2] exitSheet collapsed=PASS expanded=0 tiles=39
20:25:36.047 ℹ️ [VIS3] flowOverlay result=PASS edges=66 exceptions=11 scope=world lod=COMPANY
20:25:36.048 ℹ️ [VIS3] trafficBarsRendered count=8
20:25:36.048 ℹ️ [VIS3] gate-summary result=PASS
20:25:36.048 ℹ️ [TIMEBOX] input source=demoTimeboxes
20:25:36.051 ℹ️ [VIS4c] labelsRendered count=36 scope=company
20:25:36.051 ℹ️ [VIS4] slabsRendered scope=company objects=9 slabs=36 capped=false
20:25:36.051 ℹ️ [VIS4] companySlabs result=PASS deptBranches=8 trunkSlabs=6
20:25:36.052 ℹ️ [VIS4] gate-summary result=PASS
20:25:36.052 ℹ️ ✅ Tree rendered:
20:25:36.052 ℹ️   Primitives: 125 (trunk=6, branches=27, cell-filaments=0, spines=0, lane-polylines=0, lane-volumes=0, sheet-tiles=39, dept-spines=8, flow-bars=9, ex-overlays=0, route-highlights=0, slabs=36, vis6-pulses=0, presence-markers=0)
20:25:36.053 ℹ️   Entities: 97 (labels=6, cell-points=0, timebox-labels=91)
20:25:36.053 ℹ️ [LOD-BUDGET] frame sheetsDetailed=0 totalMarkers=0 totalPrims=125 totalEntities=97
20:25:36.053 ℹ️ [TOPOLOGY] sheetNormalCheck mode=skip reason=launch expandedSheetsAllowed=false suppressSheetDetail=true canopy=true
20:25:36.054 ℹ️ [FilamentRenderer] ✅ Turgor force animation started
[BoundaryRenderer] ✅ BRA: Loaded 1/1 features
[BoundaryRenderer] Loading ARG from data/boundaries/countries/ARG-ADM0.geojson source=REPO_FILE
20:25:37.904 ℹ️ [VIS] exit sheet=none restoreView=true
[VIS] exit sheet=none restoreView=true
[2D] gridHidden reason=exitSheet result=PASS
[VIS] exitSheet cleanup=PASS cleared=sheetId,anchor,selection,forceCompanyScope,explicitEnter,autoDockFlags
20:25:37.925 ℹ️ [FilamentRenderer] ⏸️ Turgor force animation stopped
20:25:37.949 ℹ️ [F2] clearedEdges=0 clearedScars=0
20:25:37.952 ℹ️ 🧹 Filament renderer cleared
20:25:37.952 ℹ️ 🌲 Rendering tree: 72 nodes, 66 edges
20:25:37.953 ℹ️ [THICKNESS] cell=1.00m spine=3.00m branch=24.00m trunk=30.00m root=12.00m
20:25:37.953 ℹ️ [Phase 2.3] Root continuation: 1000m below anchor (aligned to ENU Up/Down)
20:25:37.954 ℹ️ [FilamentRenderer] ⏰ Timeboxes: 6 on trunk trunk.avgol
20:25:37.955 ℹ️ [Phase 2.3] Root continuation: 1000m below anchor (aligned to ENU Up/Down)
20:25:37.955 ℹ️ [Phase 2.3] Root continuation: 1000m below anchor (aligned to ENU Up/Down)
20:25:37.956 ℹ️ [Phase 2.3] Root continuation: 1000m below anchor (aligned to ENU Up/Down)
20:25:37.957 ℹ️ [Phase 2.3] Root continuation: 1000m below anchor (aligned to ENU Up/Down)
20:25:37.958 ℹ️ [Phase 2.3] Root continuation: 1000m below anchor (aligned to ENU Up/Down)
20:25:37.959 ℹ️ [FilamentRenderer] ⏰ Timeboxes: 5 on branch branch.operations
20:25:37.961 ℹ️ [FilamentRenderer] ⏰ Timeboxes: 4 on branch branch.finance
20:25:37.962 ℹ️ [FilamentRenderer] ⏰ Timeboxes: 5 on branch branch.supplychain
20:25:37.963 ℹ️ [FilamentRenderer] ⏰ Timeboxes: 5 on branch branch.quality
20:25:37.963 ℹ️ [FilamentRenderer] ⏰ Timeboxes: 4 on branch branch.maintenance
20:25:37.965 ℹ️ [FilamentRenderer] ⏰ Timeboxes: 5 on branch branch.it
20:25:37.965 ℹ️ [GATE 2] Branch branch.p2p:
20:25:37.966 ℹ️   ENU Start: (E=0, N=192, U=2000)
20:25:37.966 ℹ️   ENU End: (E=800, N=192, U=2000)
20:25:37.967 ℹ️   Branch Length: 800.0m
20:25:37.968 ℹ️ [FilamentRenderer] ⏰ Timeboxes: 1 on branch branch.p2p
20:25:37.968 ℹ️ [GATE 2] Branch branch.p2p.fc1:
20:25:37.968 ℹ️   ENU Start: (E=0, N=224, U=2000)
20:25:37.969 ℹ️   ENU End: (E=800, N=224, U=2000)
20:25:37.969 ℹ️   Branch Length: 800.0m
20:25:37.970 ℹ️ [FilamentRenderer] ⏰ Timeboxes: 1 on branch branch.p2p.fc1
20:25:37.970 ℹ️ [GATE 2] Branch branch.p2p.fc2:
20:25:37.971 ℹ️   ENU Start: (E=0, N=256, U=2000)
20:25:37.971 ℹ️   ENU End: (E=800, N=256, U=2000)
20:25:37.972 ℹ️   Branch Length: 800.0m
20:25:37.973 ℹ️ [FilamentRenderer] ⏰ Timeboxes: 1 on branch branch.p2p.fc2
20:25:37.973 ℹ️ [GATE 2] Branch branch.p2p.fc3:
20:25:37.974 ℹ️   ENU Start: (E=0, N=288, U=2000)
20:25:37.974 ℹ️   ENU End: (E=800, N=288, U=2000)
20:25:37.975 ℹ️   Branch Length: 800.0m
20:25:37.975 ℹ️ [FilamentRenderer] ⏰ Timeboxes: 1 on branch branch.p2p.fc3
20:25:37.976 ℹ️ [GATE 2] Branch branch.p2p.fc4:
20:25:37.976 ℹ️   ENU Start: (E=0, N=320, U=2000)
20:25:37.977 ℹ️   ENU End: (E=800, N=320, U=2000)
20:25:37.977 ℹ️   Branch Length: 800.0m
20:25:37.978 ℹ️ [FilamentRenderer] ⏰ Timeboxes: 1 on branch branch.p2p.fc4
20:25:37.979 ℹ️ [GATE 2] Branch branch.p2p.fc5:
20:25:37.979 ℹ️   ENU Start: (E=0, N=352, U=2000)
20:25:37.980 ℹ️   ENU End: (E=800, N=352, U=2000)
20:25:37.980 ℹ️   Branch Length: 800.0m
20:25:37.981 ℹ️ [FilamentRenderer] ⏰ Timeboxes: 1 on branch branch.p2p.fc5
20:25:37.981 ℹ️ [GATE 2] Branch branch.p2p.fc7:
20:25:37.982 ℹ️   ENU Start: (E=0, N=384, U=2000)
20:25:37.982 ℹ️   ENU End: (E=800, N=384, U=2000)
20:25:37.983 ℹ️   Branch Length: 800.0m
20:25:37.984 ℹ️ [FilamentRenderer] ⏰ Timeboxes: 1 on branch branch.p2p.fc7
20:25:37.984 ℹ️ [GATE 2] Branch branch.p2p.fc6:
20:25:37.985 ℹ️   ENU Start: (E=0, N=416, U=2000)
20:25:37.985 ℹ️   ENU End: (E=800, N=416, U=2000)
20:25:37.985 ℹ️   Branch Length: 800.0m
20:25:37.986 ℹ️ [FilamentRenderer] ⏰ Timeboxes: 1 on branch branch.p2p.fc6
20:25:37.987 ℹ️ [GATE 2] Branch branch.p2p.mc1:
20:25:37.987 ℹ️   ENU Start: (E=0, N=448, U=2000)
20:25:37.988 ℹ️   ENU End: (E=800, N=448, U=2000)
20:25:37.988 ℹ️   Branch Length: 800.0m
20:25:37.989 ℹ️ [FilamentRenderer] ⏰ Timeboxes: 1 on branch branch.p2p.mc1
20:25:37.989 ℹ️ [GATE 2] Branch branch.p2p.mc2:
20:25:37.990 ℹ️   ENU Start: (E=0, N=480, U=2000)
20:25:37.990 ℹ️   ENU End: (E=800, N=480, U=2000)
20:25:37.991 ℹ️   Branch Length: 800.0m
20:25:37.992 ℹ️ [FilamentRenderer] ⏰ Timeboxes: 1 on branch branch.p2p.mc2
20:25:37.992 ℹ️ [GATE 2] Branch branch.p2p.mc3:
20:25:37.993 ℹ️   ENU Start: (E=0, N=512, U=2000)
20:25:37.993 ℹ️   ENU End: (E=800, N=512, U=2000)
20:25:37.993 ℹ️   Branch Length: 800.0m
20:25:37.994 ℹ️ [FilamentRenderer] ⏰ Timeboxes: 1 on branch branch.p2p.mc3
20:25:37.994 ℹ️ [GATE 2] Branch branch.p2p.sc1:
20:25:37.994 ℹ️   ENU Start: (E=0, N=544, U=2000)
20:25:37.995 ℹ️   ENU End: (E=800, N=544, U=2000)
20:25:37.995 ℹ️   Branch Length: 800.0m
20:25:37.995 ℹ️ [FilamentRenderer] ⏰ Timeboxes: 1 on branch branch.p2p.sc1
20:25:37.996 ℹ️ [GATE 2] Branch branch.p2p.sc2:
20:25:37.996 ℹ️   ENU Start: (E=0, N=576, U=2000)
20:25:37.996 ℹ️   ENU End: (E=800, N=576, U=2000)
20:25:37.997 ℹ️   Branch Length: 800.0m
20:25:37.997 ℹ️ [FilamentRenderer] ⏰ Timeboxes: 1 on branch branch.p2p.sc2
20:25:37.998 ℹ️ [GATE 2] Branch branch.p2p.sc3:
20:25:37.998 ℹ️   ENU Start: (E=0, N=608, U=2000)
20:25:37.998 ℹ️   ENU End: (E=800, N=608, U=2000)
20:25:37.998 ℹ️   Branch Length: 800.0m
20:25:37.999 ℹ️ [FilamentRenderer] ⏰ Timeboxes: 1 on branch branch.p2p.sc3
20:25:37.999 ℹ️ [GATE 2] Branch branch.mfg:
20:25:38.000 ℹ️   ENU Start: (E=0, N=640, U=2000)
20:25:38.000 ℹ️   ENU End: (E=800, N=640, U=2000)
20:25:38.000 ℹ️   Branch Length: 800.0m
20:25:38.001 ℹ️ [FilamentRenderer] ⏰ Timeboxes: 1 on branch branch.mfg
20:25:38.001 ℹ️ [GATE 2] Branch branch.mfg.fc1:
20:25:38.002 ℹ️   ENU Start: (E=0, N=672, U=2000)
20:25:38.002 ℹ️   ENU End: (E=800, N=672, U=2000)
20:25:38.003 ℹ️   Branch Length: 800.0m
20:25:38.003 ℹ️ [FilamentRenderer] ⏰ Timeboxes: 1 on branch branch.mfg.fc1
20:25:38.004 ℹ️ [GATE 2] Branch branch.mfg.fc2:
20:25:38.004 ℹ️   ENU Start: (E=0, N=704, U=2000)
20:25:38.004 ℹ️   ENU End: (E=800, N=704, U=2000)
20:25:38.005 ℹ️   Branch Length: 800.0m
20:25:38.005 ℹ️ [FilamentRenderer] ⏰ Timeboxes: 1 on branch branch.mfg.fc2
20:25:38.006 ℹ️ [GATE 2] Branch branch.mfg.fc3:
20:25:38.007 ℹ️   ENU Start: (E=0, N=736, U=2000)
20:25:38.008 ℹ️   ENU End: (E=800, N=736, U=2000)
20:25:38.008 ℹ️   Branch Length: 800.0m
20:25:38.009 ℹ️ [FilamentRenderer] ⏰ Timeboxes: 1 on branch branch.mfg.fc3
20:25:38.010 ℹ️ [GATE 2] Branch branch.mfg.fc4:
20:25:38.010 ℹ️   ENU Start: (E=0, N=768, U=2000)
20:25:38.010 ℹ️   ENU End: (E=800, N=768, U=2000)
20:25:38.011 ℹ️   Branch Length: 800.0m
20:25:38.011 ℹ️ [FilamentRenderer] ⏰ Timeboxes: 1 on branch branch.mfg.fc4
20:25:38.011 ℹ️ [GATE 2] Branch branch.mfg.mc1:
20:25:38.012 ℹ️   ENU Start: (E=0, N=800, U=2000)
20:25:38.012 ℹ️   ENU End: (E=800, N=800, U=2000)
20:25:38.013 ℹ️   Branch Length: 800.0m
20:25:38.013 ℹ️ [FilamentRenderer] ⏰ Timeboxes: 1 on branch branch.mfg.mc1
20:25:38.014 ℹ️ [GATE 2] Branch branch.mfg.sc1:
20:25:38.014 ℹ️   ENU Start: (E=0, N=832, U=2000)
20:25:38.015 ℹ️   ENU End: (E=800, N=832, U=2000)
20:25:38.015 ℹ️   Branch Length: 800.0m
20:25:38.016 ℹ️ [FilamentRenderer] ⏰ Timeboxes: 1 on branch branch.mfg.sc1
20:25:38.017 ℹ️ [VIS2] expandedSheetsAllowed=false scope=world
20:25:38.017 ℹ️ [VIS2] suppressSheetDetail=true expandedSheetsAllowed=false selectedSheet=none lod=COMPANY
20:25:38.018 ℹ️ [RING] applied=PASS nodes=14 scope=company lod=COMPANY
20:25:38.019 ℹ️ [VIS2] deptSpinesRendered count=8
20:25:38.019 ℹ️ [S1] SheetsRendered=0 Expected=0
20:25:38.019 ℹ️ [VIS2] companyCollapsed result=PASS sheetsRendered=0 lod=COMPANY scope=world expandedSheetsAllowed=false
20:25:38.022 ℹ️ [VIS2] sheetTilesRendered count=39
20:25:38.023 ℹ️ [CANOPY] proxyCache preRender=PASS size=39
20:25:38.023 ℹ️ [CANOPY] proxyCache populated=PASS size=39
20:25:38.026 ℹ️ ✅ Tree rendered:
20:25:38.026 ℹ️   Primitives: 125 (trunk=6, branches=27, cell-filaments=0, spines=0, lane-polylines=0, lane-volumes=0, sheet-tiles=39, dept-spines=8, flow-bars=9, ex-overlays=0, route-highlights=0, slabs=36, vis6-pulses=0, presence-markers=0)
20:25:38.027 ℹ️   Entities: 97 (labels=6, cell-points=0, timebox-labels=91)
20:25:38.027 ℹ️ [LOD-BUDGET] frame sheetsDetailed=0 totalMarkers=0 totalPrims=125 totalEntities=97
20:25:38.027 ℹ️ [FilamentRenderer] ✅ Turgor force animation started
20:25:38.205 ℹ️ [V93-SALVAGE] adapter source=demo-voting-data channels=10 votes=20 seeds=10
20:25:38.205 ℹ️ [V93-AGG] topicAgg topics=10 candidates=20
20:25:38.207 ℹ️ [V93-BRIDGE] seedValidation pass=10 refused=0
20:25:38.208 ℹ️ [V93-BRIDGE] trunkSeedSync generated=10 source=vote-bridge
20:25:38.209 ℹ️ [V93-BRIDGE] placeholderPhysics source=vote-bridge weight=0 result=PASS
20:25:38.210 ℹ️ [V93-AGG] trunkMetaApplied trunks=10 branches=10
20:25:38.210 ℹ️ [GLOBE] worldTrunks synced added=15 total=16
20:25:38.210 ℹ️ [GLOBE] datasetLoad anchors=6
20:25:38.211 ℹ️ [UX] multiCountrySmoke=PASS anchors=6
20:25:38.211 ℹ️ [LAUNCH-FIX] cameraFrame target=trunk.avgol result=PASS distM=750 horzM=1000 heading=355 pitch=-28 applied=PASS
20:25:38.212 ℹ️ 📷 Camera presets: Press 1=SheetTopDown, 2=SideProfile, 3=SheetFaceOn, 4=SpreadsheetProof, 5=SpineInspection
20:25:38.213 ℹ️ 🔒 LOD Lock: Press L to lock/unlock LOD at current level
20:25:38.213 ℹ️ 🎮 Free-fly pointer lock: Press ` (backquote) to toggle
20:25:38.216 ℹ️ [HUD] mode=FreeFly layer1=6 layer2=0
20:25:38.221 ℹ️ [HUD] consolidated rootCount=1 duplicates=0
20:25:38.230 ℹ️ [HUD] tier1 rows=6
20:25:38.231 ℹ️ [HUD] tier2 default=collapsed
20:25:38.232 ℹ️ [PRES] billboard=ON reason=launch-default
20:25:38.233 ℹ️ [UX] debugLogs=false (launch mode)
20:25:38.234 ℹ️ [LAUNCH-FIX] uiGating launch=true hiddenPanels=artifacts,ux3,p2p,topicLane,vote,workMode,logConsole applied=PASS
20:25:38.240 ℹ️ [LAUNCH-FIX] hud tier1=ON tier2=OFF default=collapsed
20:25:38.240 ℹ️ [LAUNCH-FIX] helpOverlay shown=true dismissed=false source=first
[BUILD] 2026-02-09T12:30Z ux-1.1-universal-object-contract
20:25:38.242 ℹ️ [UX-1.1-PROOF] type=trunk id=trunk.avgol scope=root actions=focusView,showKPIs,showTimeboxes,showBranches,cycleClusterLevel,focusNextRegion,loadGlobalCore
20:25:38.244 ℹ️ [UX-1.1-PROOF] type=branch id=branch.operations scope=trunk.avgol actions=focusView,showKPIs,showTimeboxes,showPressureSources,cycleClusterLevel,focusNextRegion,loadGlobalCore
20:25:38.244 ℹ️ [UX-1.1-PROOF] type=sheet id=sheet.packaging scope=branch.operations actions=focusView,showSchema,addColumn,addValidation,addSummaryBinding
20:25:38.245 ℹ️ [UX-1.1-PROOF] type=cell id=sheet.packaging.cell.0.0 scope=branch.operations actions=edit,viewDependencies,viewHistory,createValidation,lockScope
20:25:38.245 ℹ️ [UX-1.1-PROOF] type=match id=3WM-001 scope=branch.p2p.mc1 actions=inspectSources,viewVariance,setTolerance,markResolved
20:25:38.246 ℹ️ [UX-1.1-PROOF] type=route id=p2p.requisition scope=branch.p2p.fc1 actions=previewMapping,ingestTestRecord,showProvenance,editFieldMap
20:25:38.246 ℹ️ [UX-1.1-PROOF] type=module id=P2P scope=trunk.avgol actions=showAllSheets,showRoutes,showKPIBindings,showRecomputationChain
20:25:38.246 ℹ️ [UX-1.1] Universal Object Contract: 7 types resolved
20:25:38.247 ℹ️ [PRESENCE] engine enabled=PASS ttlMs=15000 hbMs=3000
[PRESENCE] engine enabled=PASS ttlMs=15000 hbMs=3000
20:25:38.248 ℹ️ [PRESENCE] room resolve scope=trunk.avgol roomId=room.111ef3ac result=PASS
[PRESENCE] room resolve scope=trunk.avgol roomId=room.111ef3ac result=PASS
20:25:38.248 ℹ️ [PRESENCE] join user=user.local.mlsheuh3 room=room.111ef3ac members=1 result=PASS
[PRESENCE] join user=user.local.mlsheuh3 room=room.111ef3ac members=1 result=PASS
20:25:38.249 ℹ️ [VIS8] renderEngine enabled=PASS topology=mesh sfuReady=true
[VIS8] renderEngine enabled=PASS topology=mesh sfuReady=true
20:25:38.250 ℹ️ [VIS8] rtc join user=user.local.mlsheuh3 room=room.111ef3ac peers=0 result=PASS
[VIS8] rtc join user=user.local.mlsheuh3 room=room.111ef3ac peers=0 result=PASS
20:25:38.250 ℹ️ [PRESENCE] bind deferred=PASS reason=scopeNotReady
[PRESENCE] bind deferred=PASS reason=scopeNotReady
20:25:38.251 ℹ️ [VIS8] budget decode active=1 max=2 lod=COMPANY
[VIS8] budget decode active=1 max=2 lod=COMPANY
20:25:38.251 ℹ️ [VIS8] budget render active=1 max=4 lod=COMPANY
[VIS8] budget render active=1 max=4 lod=COMPANY
20:25:38.251 ℹ️ [VIS8] lodSwitch user=user.local.mlsheuh3 from=dot to=billboard trigger=scope
[VIS8] lodSwitch user=user.local.mlsheuh3 from=dot to=billboard trigger=scope
20:25:38.251 ℹ️ [VIS8] renderCard user=user.local.mlsheuh3 lod=billboard video=off reason=consent
[VIS8] renderCard user=user.local.mlsheuh3 lod=billboard video=off reason=consent
[CRYPTO] chainInit global=PASS genesisHash=GENESIS commits=0
20:25:38.253 ℹ️ [CAM] basin-proximity target=branch.maintenance type=branch radiusM=6000.0 distanceM=1584.3 assist=BLOCKED_LAUNCH
20:25:38.256 ℹ️ [VIS] sheetSelect resolved sheet=MFG.MaterialIssues reason=default
[VIS] sheetSelect resolved sheet=MFG.MaterialIssues reason=default
20:25:38.256 ℹ️ [VIS] enter sheet=MFG.MaterialIssues scope=sheet-only
[VIS] enter sheet=MFG.MaterialIssues scope=sheet-only
20:25:38.256 ℹ️ [DOCK] enterSheet target=MFG.MaterialIssues mode=FaceOn result=PASS distM=1196
20:25:38.257 ℹ️ [CAM] Face-on: instant snap (duration=0 method=setView)
20:25:38.257 ℹ️ [LOD] apply level=CELL sheetsDetailed=1 lanes=1 markers=1
20:25:38.258 ℹ️ [DOCK] dist=105 align=-1.00 preview=true edit=false overlay=0.00
20:25:38.259 ℹ️ [DOCK] autoDock disabled=PASS reason=explicitEnter
[CRYPTO] chainInit sheets=PASS chains=0
[BoundaryRenderer] ✅ ARG: Loaded 1/1 features
[BoundaryRenderer] Loading GBR from data/boundaries/countries/GBR-ADM0.geojson source=REPO_FILE
20:25:38.546 ℹ️ [GATE 4] Anchor marker rendered at (-122.4194, 37.7749) - independent of buildings/terrain
20:25:38.547 ℹ️ [GATE 4] Anchor marker rendered at (-0.1276, 51.5072) - independent of buildings/terrain
20:25:38.548 ℹ️ [GATE 4] Anchor marker rendered at (77.2090, 28.6139) - independent of buildings/terrain
20:25:38.549 ℹ️ [GATE 4] Anchor marker rendered at (139.6917, 35.6895) - independent of buildings/terrain
20:25:38.549 ℹ️ [GATE 4] Anchor marker rendered at (-46.6333, -23.5505) - independent of buildings/terrain
20:25:38.550 ℹ️ [GATE 4] Anchor marker rendered at (-122.4194, 37.7749) - independent of buildings/terrain
20:25:38.551 ℹ️ [GATE 4] Anchor marker rendered at (-118.2437, 34.0522) - independent of buildings/terrain
20:25:38.552 ℹ️ [GATE 4] Anchor marker rendered at (-97.7431, 30.2672) - independent of buildings/terrain
20:25:38.552 ℹ️ [GATE 4] Anchor marker rendered at (9.1900, 45.4642) - independent of buildings/terrain
20:25:38.553 ℹ️ [GATE 4] Anchor marker rendered at (12.4964, 41.9028) - independent of buildings/terrain
20:25:38.554 ℹ️ [GATE 4] Anchor marker rendered at (11.5820, 48.1351) - independent of buildings/terrain
20:25:38.554 ℹ️ [GATE 4] Anchor marker rendered at (139.6503, 35.6762) - independent of buildings/terrain
20:25:38.555 ℹ️ [GATE 4] Anchor marker rendered at (-46.6333, -23.5505) - independent of buildings/terrain
20:25:38.555 ℹ️ [GATE 4] Anchor marker rendered at (151.2093, -33.8688) - independent of buildings/terrain
20:25:38.556 ℹ️ [GATE 4] Anchor marker rendered at (-79.3832, 43.6532) - independent of buildings/terrain
20:25:38.559 ℹ️ [UX] debugLogs=false gateSpamSuppressed=true
20:25:38.564 ℹ️ [VIS2] expandedSheetsAllowed=true scope=sheet
20:25:38.564 ℹ️ [VIS2] suppressSheetDetail=false expandedSheetsAllowed=true selectedSheet=MFG.MaterialIssues lod=CELL
20:25:38.570 ℹ️ [VIS] sheetOnlyRender sheetsDetailed=1 selected=MFG.MaterialIssues hidden=38
20:25:38.578 ℹ️ [VIS2] sheetTilesRendered count=38
20:25:38.579 ℹ️ [VIS2] enterSheet expanded=1 tiles=38
20:25:38.579 ℹ️ [VIS3.2] sheetOverlay begin sheet=MFG.MaterialIssues scope=sheet
20:25:38.579 ℹ️ [VIS3.2] exceptionRows result=PASS sheet=MFG.MaterialIssues count=0
20:25:38.579 ℹ️ [VIS3.2] routeHighlights result=PASS sheet=MFG.MaterialIssues edges=0
20:25:38.579 ℹ️ [VIS3.2] budget exceptionOverlays=0 routeHighlights=0 capped=false
20:25:38.579 ℹ️ [VIS3.2] gate-summary result=PASS
20:25:38.579 ℹ️ [VIS4] sheetSlabGap enforced minGap=8m raw=2.5m effective=8.0m
20:25:38.579 ℹ️ [VIS4c] labelsRendered count=1 scope=sheet
20:25:38.579 ℹ️ [VIS4] slabsRendered scope=sheet objects=1 slabs=1 capped=false
20:25:38.580 ℹ️ [VIS4] sheetSlabs result=PASS sheet=MFG.MaterialIssues slabs=1
20:25:38.580 ℹ️ [VIS4] gate-summary result=PASS
20:25:38.580 ℹ️ [LOD-BUDGET] frame sheetsDetailed=1 totalMarkers=5 totalPrims=98 totalEntities=132
20:25:38.580 ℹ️ [CAM] dockFaceOn applied=PASS sheet=MFG.MaterialIssues
[2D] gridShown sheet=MFG.MaterialIssues rows=1 cols=5 populated=5 result=PASS
20:25:39.423 ℹ️ [VIS8] mediaPermissions cam=prompt mic=prompt
[VIS8] mediaPermissions cam=prompt mic=prompt
20:25:39.459 ℹ️ [DOCK] dist=105 align=1.00 preview=true edit=false overlay=0.95
20:25:39.672 ℹ️ [HUD] paramsLoaded version=HUD-PARAMS-v0 policyRef=local:HUD-PARAMS-v0
20:25:39.673 ℹ️ [VIS] exit sheet=MFG.MaterialIssues restoreView=true
[VIS] exit sheet=MFG.MaterialIssues restoreView=true
[2D] gridHidden reason=exitSheet result=PASS
[VIS] exitSheet cleanup=PASS cleared=sheetId,anchor,selection,forceCompanyScope,explicitEnter,autoDockFlags
[BoundaryRenderer] ✅ GBR: Loaded 1/1 features
[BoundaryRenderer] Loading FRA from data/boundaries/countries/FRA-ADM0.geojson source=REPO_FILE
20:25:39.783 ℹ️ [DOCK] assistBlocked policy=launch target=MFG.MaterialIssues dist=105 status="Dock assist blocked by launch policy"
20:25:39.820 ℹ️ [VIS2] expandedSheetsAllowed=false scope=department
20:25:39.820 ℹ️ [VIS2] suppressSheetDetail=false expandedSheetsAllowed=false selectedSheet=none lod=CELL
20:25:39.820 ℹ️ [VIS] sheetOnlyRender sheetsDetailed=0 selected=none hidden=39
20:25:39.824 ℹ️ [VIS2] sheetTilesRendered count=39
20:25:39.825 ℹ️ [VIS2] exitSheet collapsed=PASS expanded=0 tiles=39
20:25:39.825 ℹ️ [LOD-BUDGET] frame sheetsDetailed=0 totalMarkers=0 totalPrims=87 totalEntities=121
20:25:40.127 ℹ️ [VIS] enter company=trunk.avgol
[VIS] enter company=trunk.avgol
20:25:40.127 ℹ️ [LOD] apply level=COMPANY requestedSheetsDetailed=0 effectiveSheetsDetailed=0 lanes=0 markers=0 reason=collapsedByPolicy distKm=1.5
20:25:40.127 ℹ️ [CAM] focusLock target=trunk.avgol scope=company result=PASS
20:25:40.127 ℹ️ [INPUT] owner=CAMERA mode=FreeFly reason=focusLock
20:25:40.127 ℹ️ [LOD] lock level=COMPANY reason=basinFocus
20:25:40.128 ℹ️ [HUD] votes summary=PASS passed=4 pending=2 rejected=0
[HUD] votes summary=PASS passed=4 pending=2 rejected=0
20:25:40.374 ℹ️ [VIS2] expandedSheetsAllowed=false scope=company
20:25:40.374 ℹ️ [VIS2] suppressSheetDetail=true expandedSheetsAllowed=false selectedSheet=none lod=COMPANY
20:25:40.375 ℹ️ [VIS2] deptSpinesRendered count=8
20:25:40.375 ℹ️ [VIS2] companyCollapsed result=PASS sheetsRendered=0 lod=COMPANY scope=company expandedSheetsAllowed=false
20:25:40.378 ℹ️ [VIS2] sheetTilesRendered count=39
20:25:40.378 ℹ️ [VIS3] flowOverlay result=PASS edges=66 exceptions=11 scope=company lod=COMPANY
20:25:40.378 ℹ️ [VIS3] trafficBarsRendered count=8
20:25:40.378 ℹ️ [VIS3] gate-summary result=PASS
20:25:40.380 ℹ️ [VIS4c] labelsRendered count=81 scope=company
20:25:40.381 ℹ️ [VIS4] slabsRendered scope=company objects=24 slabs=81 capped=false
20:25:40.381 ℹ️ [VIS4] companySlabs result=PASS deptBranches=8 trunkSlabs=51
20:25:40.381 ℹ️ [VIS4] gate-summary result=PASS
20:25:40.381 ℹ️ [LOD-BUDGET] frame sheetsDetailed=0 totalMarkers=0 totalPrims=185 totalEntities=202
20:25:40.774 ℹ️ [DOCK] dist=98 align=-0.59 preview=true edit=false overlay=0.00
20:25:40.807 ℹ️ [VIS2] expandedSheetsAllowed=false scope=company
20:25:40.808 ℹ️ [VIS2] suppressSheetDetail=true expandedSheetsAllowed=false selectedSheet=none lod=COMPANY
20:25:40.808 ℹ️ [VIS2] deptSpinesRendered count=8
20:25:40.808 ℹ️ [VIS2] companyCollapsed result=PASS sheetsRendered=0 lod=COMPANY scope=company expandedSheetsAllowed=false
20:25:40.812 ℹ️ [VIS2] sheetTilesRendered count=39
20:25:40.815 ℹ️ [LOD-BUDGET] frame sheetsDetailed=0 totalMarkers=0 totalPrims=185 totalEntities=202
[BoundaryRenderer] ✅ FRA: Loaded 1/1 features
[BoundaryRenderer] Loading DEU from data/boundaries/countries/DEU-ADM0.geojson source=REPO_FILE
WebSocket connection to 'ws://127.0.0.1:4031/vis8' failed: Error in connection establishment: net::ERR_CONNECTION_REFUSED
20:25:41.144 ℹ️ [HUD] mode=CompanyFocus
20:25:41.337 ℹ️ [PRESENCE] transport degraded=PASS mode=local-only reason=wsConnectFailed
[PRESENCE] transport degraded=PASS mode=local-only reason=wsConnectFailed
20:25:41.348 ℹ️ [CAM] basinFocus settled target=trunk.avgol distM=900 pitch=-55
20:25:41.530 ℹ️ [PRESENCE] hb user=user.local.mlsheuh3 room=room.111ef3ac ageMs=3282 result=PASS
[PRESENCE] hb user=user.local.mlsheuh3 room=room.111ef3ac ageMs=3282 result=PASS
20:25:41.793 ℹ️ [DOCK] dist=761 align=0.05 preview=false edit=false overlay=0.00
[BoundaryRenderer] ✅ DEU: Loaded 1/1 features
[BoundaryRenderer] Loading NLD from data/boundaries/countries/NLD-ADM0.geojson source=REPO_FILE
20:25:42.872 ℹ️ [DOCK] dist=761 align=0.05 preview=false edit=false overlay=0.00
[BoundaryRenderer] ✅ NLD: Loaded 1/1 features
[BoundaryRenderer] Loading EGY from data/boundaries/countries/EGY-ADM0.geojson source=REPO_FILE
[BoundaryRenderer] ✅ EGY: Loaded 1/1 features
[BoundaryRenderer] Loading SAU from data/boundaries/countries/SAU-ADM0.geojson source=REPO_FILE
20:25:44.048 ℹ️ [DOCK] dist=761 align=0.05 preview=false edit=false overlay=0.00
20:25:44.677 ℹ️ [PRESENCE] hb user=user.local.mlsheuh3 room=room.111ef3ac ageMs=3147 result=PASS
[PRESENCE] hb user=user.local.mlsheuh3 room=room.111ef3ac ageMs=3147 result=PASS
[CRYPTO] merkleInit timeboxes=PASS count=6 rollingRoot=879d4f090ced7cd8
[CRYPTO] chainStamp mode=derived commits=0 sheets=0 timeboxes=6
[BoundaryRenderer] ✅ SAU: Loaded 1/1 features
[BoundaryRenderer] Loading IND from data/boundaries/countries/IND-ADM0.geojson source=REPO_FILE
20:25:45.164 ℹ️ [DOCK] dist=761 align=0.05 preview=false edit=false overlay=0.00
[BoundaryRenderer] ✅ IND: Loaded 1/1 features
[BoundaryRenderer] Loading CHN from data/boundaries/countries/CHN-ADM0.geojson source=REPO_FILE
20:25:46.224 ℹ️ [DOCK] dist=761 align=0.05 preview=false edit=false overlay=0.00
[BoundaryRenderer] ✅ CHN: Loaded 1/1 features
[BoundaryRenderer] Loading KOR from data/boundaries/countries/KOR-ADM0.geojson source=REPO_FILE
[BoundaryRenderer] ✅ KOR: Loaded 1/1 features
[BoundaryRenderer] Loading ISR from data/boundaries/countries/ISR-ADM0.geojson source=REPO_FILE
20:25:47.270 ℹ️ [DOCK] dist=761 align=0.05 preview=false edit=false overlay=0.00
20:25:47.470 ℹ️ [PRESENCE] hb user=user.local.mlsheuh3 room=room.111ef3ac ageMs=2793 result=PASS
[PRESENCE] hb user=user.local.mlsheuh3 room=room.111ef3ac ageMs=2793 result=PASS
[BOUNDARY] reuse id=boundary-ISR-0-0050ba14
20:25:47.694 ℹ️ [GLOBE] country-set id=global-core loaded=26
[BoundaryRenderer] Loading USA from data/boundaries/countries/USA-ADM0.geojson source=REPO_FILE
20:25:47.695 ℹ️ [VIS] exit sheet=none restoreView=true
[VIS] exit sheet=none restoreView=true
[2D] gridHidden reason=exitSheet result=PASS
[VIS] exitSheet cleanup=PASS cleared=sheetId,anchor,selection,forceCompanyScope,explicitEnter,autoDockFlags
20:25:47.728 ℹ️ [VIS2] expandedSheetsAllowed=false scope=company
20:25:47.729 ℹ️ [VIS2] suppressSheetDetail=true expandedSheetsAllowed=false selectedSheet=none lod=COMPANY
20:25:47.729 ℹ️ [VIS2] deptSpinesRendered count=8
20:25:47.729 ℹ️ [VIS2] companyCollapsed result=PASS sheetsRendered=0 lod=COMPANY scope=company expandedSheetsAllowed=false
20:25:47.734 ℹ️ [VIS2] sheetTilesRendered count=39
20:25:47.738 ℹ️ [LOD-BUDGET] frame sheetsDetailed=0 totalMarkers=0 totalPrims=185 totalEntities=202
20:25:48.272 ℹ️ [DOCK] dist=1926 align=-0.03 preview=false edit=false overlay=0.00
20:25:48.301 ℹ️ [VIS2] expandedSheetsAllowed=false scope=company
20:25:48.301 ℹ️ [VIS2] suppressSheetDetail=true expandedSheetsAllowed=false selectedSheet=none lod=COMPANY
20:25:48.302 ℹ️ [VIS2] deptSpinesRendered count=8
20:25:48.302 ℹ️ [VIS2] companyCollapsed result=PASS sheetsRendered=0 lod=COMPANY scope=company expandedSheetsAllowed=false
20:25:48.306 ℹ️ [VIS2] sheetTilesRendered count=39
20:25:48.310 ℹ️ [LOD-BUDGET] frame sheetsDetailed=0 totalMarkers=0 totalPrims=185 totalEntities=202
[BoundaryRenderer] Loading USA from data/boundaries/countries/USA-ADM0.geojson source=REPO_FILE
20:25:49.422 ℹ️ [DOCK] dist=1926 align=-0.03 preview=false edit=false overlay=0.00
20:25:49.613 ℹ️ [GLOBE] focus country=USA
20:25:49.613 ℹ️ [GLOBE] focus region=north-america
20:25:49.613 ℹ️ [GLOBE] hierarchy init cluster=globe countries=11
[BoundaryRenderer] Loading USA from data/boundaries/countries/USA-ADM0.geojson source=REPO_FILE
20:25:49.803 ℹ️ [CAM] basin-exit target=trunk.avgol
20:25:50.566 ℹ️ [PRESENCE] hb user=user.local.mlsheuh3 room=room.111ef3ac ageMs=3096 result=PASS
[PRESENCE] hb user=user.local.mlsheuh3 room=room.111ef3ac ageMs=3096 result=PASS
[BoundaryRenderer] Loading ISR from data/boundaries/countries/ISR-ADM0.geojson source=REPO_FILE
20:25:50.583 ℹ️ [DOCK] dist=24475652 align=0.33 preview=false edit=false overlay=0.00
20:25:51.240 ℹ️ [GLOBE] country-set id=global-core loaded=26
20:25:51.240 ℹ️ [GLOBE] cluster level=globe focusCountry=USA
20:25:51.675 ℹ️ [DOCK] dist=24611023 align=0.33 preview=false edit=false overlay=0.00
20:25:52.769 ℹ️ [DOCK] dist=24611023 align=0.33 preview=false edit=false overlay=0.00
20:25:53.651 ℹ️ [PRESENCE] hb user=user.local.mlsheuh3 room=room.111ef3ac ageMs=3085 result=PASS
[PRESENCE] hb user=user.local.mlsheuh3 room=room.111ef3ac ageMs=3085 result=PASS
20:25:53.866 ℹ️ [DOCK] dist=24611023 align=0.33 preview=false edit=false overlay=0.00
20:25:54.772 ℹ️ [VIS] exit sheet=none restoreView=true
[VIS] exit sheet=none restoreView=true
[2D] gridHidden reason=exitSheet result=PASS
[VIS] exitSheet cleanup=PASS cleared=sheetId,anchor,selection,forceCompanyScope,explicitEnter,autoDockFlags
20:25:54.801 ℹ️ [VIS2] expandedSheetsAllowed=false scope=company
20:25:54.801 ℹ️ [VIS2] suppressSheetDetail=true expandedSheetsAllowed=false selectedSheet=none lod=COMPANY
20:25:54.802 ℹ️ [VIS2] deptSpinesRendered count=8
20:25:54.802 ℹ️ [VIS2] companyCollapsed result=PASS sheetsRendered=0 lod=COMPANY scope=company expandedSheetsAllowed=false
20:25:54.805 ℹ️ [VIS2] sheetTilesRendered count=39
20:25:54.817 ℹ️ [LOD-BUDGET] frame sheetsDetailed=0 totalMarkers=0 totalPrims=185 totalEntities=202
20:25:55.129 ℹ️ [DOCK] dist=24611023 align=0.33 preview=false edit=false overlay=0.00
20:25:56.283 ℹ️ [DOCK] dist=24425 align=-0.11 preview=false edit=false overlay=0.00
20:25:56.470 ℹ️ [PRESENCE] hb user=user.local.mlsheuh3 room=room.111ef3ac ageMs=2819 result=PASS
[PRESENCE] hb user=user.local.mlsheuh3 room=room.111ef3ac ageMs=2819 result=PASS
20:25:57.301 ℹ️ [DOCK] dist=24425 align=-0.11 preview=false edit=false overlay=0.00
20:25:58.473 ℹ️ [DOCK] dist=24425 align=-0.11 preview=false edit=false overlay=0.00
20:25:58.497 ℹ️ [VIS2] expandedSheetsAllowed=false scope=company
20:25:58.498 ℹ️ [VIS2] suppressSheetDetail=true expandedSheetsAllowed=false selectedSheet=none lod=COMPANY
20:25:58.498 ℹ️ [VIS2] deptSpinesRendered count=8
20:25:58.498 ℹ️ [VIS2] companyCollapsed result=PASS sheetsRendered=0 lod=COMPANY scope=company expandedSheetsAllowed=false
20:25:58.502 ℹ️ [VIS2] sheetTilesRendered count=39
20:25:58.507 ℹ️ [LOD-BUDGET] frame sheetsDetailed=0 totalMarkers=0 totalPrims=185 totalEntities=202
20:25:59.567 ℹ️ [PRESENCE] hb user=user.local.mlsheuh3 room=room.111ef3ac ageMs=3097 result=PASS
[PRESENCE] hb user=user.local.mlsheuh3 room=room.111ef3ac ageMs=3097 result=PASS
20:25:59.575 ℹ️ [DOCK] dist=24425 align=-0.11 preview=false edit=false overlay=0.00
20:26:00.767 ℹ️ [DOCK] dist=24425 align=-0.11 preview=false edit=false overlay=0.00
20:26:01.791 ℹ️ [DOCK] dist=24425 align=-0.11 preview=false edit=false overlay=0.00
20:26:02.670 ℹ️ [PRESENCE] hb user=user.local.mlsheuh3 room=room.111ef3ac ageMs=3103 result=PASS
[PRESENCE] hb user=user.local.mlsheuh3 room=room.111ef3ac ageMs=3103 result=PASS
20:26:02.881 ℹ️ [DOCK] dist=24425 align=-0.11 preview=false edit=false overlay=0.00
20:26:03.963 ℹ️ [DOCK] dist=24425 align=-0.11 preview=false edit=false overlay=0.00
20:26:04.165 ℹ️ [VIS] sheetSelect resolved sheet=sheet.packaging reason=explicit
[VIS] sheetSelect resolved sheet=sheet.packaging reason=explicit
20:26:04.165 ℹ️ [VIS] enter sheet=sheet.packaging scope=sheet-only
[VIS] enter sheet=sheet.packaging scope=sheet-only
20:26:04.166 ℹ️ [DOCK] enterSheet target=sheet.packaging mode=FaceOn result=PASS distM=24463
20:26:04.166 ℹ️ [CAM] Face-on: instant snap (duration=0 method=setView)
20:26:04.171 ℹ️ [CAM] basin-proximity target=trunk.avgol type=trunk radiusM=20000.0 distanceM=3000.4 assist=BLOCKED_LAUNCH
20:26:04.172 ℹ️ [CAM] dockFaceOn applied=PASS sheet=sheet.packaging
[2D] gridShown sheet=sheet.packaging rows=10 cols=6 populated=26 result=PASS
20:26:04.212 ℹ️ [VIS2] expandedSheetsAllowed=true scope=sheet
20:26:04.215 ℹ️ [VIS2] suppressSheetDetail=false expandedSheetsAllowed=true selectedSheet=sheet.packaging lod=COMPANY
20:26:04.216 ℹ️ [VIS] basinRings anchor=trunk.avgol companies=21 mode=cluster
20:26:04.219 ℹ️ [LOD] COMPANY markersOverride=false MarkerCells=0
20:26:04.243 ℹ️ [VIS2] sheetTilesRendered count=38
20:26:04.244 ℹ️ [VIS2] enterSheet expanded=1 tiles=38
20:26:04.244 ℹ️ [VIS3.2] sheetOverlay begin sheet=sheet.packaging scope=sheet
20:26:04.244 ℹ️ [VIS3.2] exceptionRows result=PASS sheet=sheet.packaging count=0
20:26:04.244 ℹ️ [VIS3.2] routeHighlights result=PASS sheet=sheet.packaging edges=0
20:26:04.245 ℹ️ [VIS3.2] budget exceptionOverlays=0 routeHighlights=0 capped=false
20:26:04.245 ℹ️ [VIS3.2] gate-summary result=PASS
20:26:04.245 ℹ️ [VIS4c] labelsRendered count=5 scope=sheet
20:26:04.245 ℹ️ [VIS4] slabsRendered scope=sheet objects=1 slabs=5 capped=false
20:26:04.245 ℹ️ [VIS4] sheetSlabs result=PASS sheet=sheet.packaging slabs=5
20:26:04.245 ℹ️ [VIS4] gate-summary result=PASS
20:26:04.245 ℹ️ [LOD-BUDGET] frame sheetsDetailed=1 totalMarkers=0 totalPrims=151 totalEntities=126
20:26:05.000 ℹ️ [DOCK] dist=4425 align=-0.07 preview=false edit=false overlay=0.95
20:26:05.599 ℹ️ [PRESENCE] hb user=user.local.mlsheuh3 room=room.111ef3ac ageMs=2929 result=PASS
[PRESENCE] hb user=user.local.mlsheuh3 room=room.111ef3ac ageMs=2929 result=PASS
20:26:06.023 ℹ️ [DOCK] dist=4425 align=-0.07 preview=false edit=false overlay=0.95
20:26:07.208 ℹ️ [DOCK] dist=4425 align=-0.07 preview=false edit=false overlay=0.95
20:26:08.219 ℹ️ [DOCK] dist=4425 align=-0.07 preview=false edit=false overlay=0.95
20:26:08.608 ℹ️ [PRESENCE] hb user=user.local.mlsheuh3 room=room.111ef3ac ageMs=3009 result=PASS
[PRESENCE] hb user=user.local.mlsheuh3 room=room.111ef3ac ageMs=3009 result=PASS
20:26:09.389 ℹ️ [DOCK] dist=4425 align=-0.07 preview=false edit=false overlay=0.95
20:26:10.585 ℹ️ [DOCK] dist=4425 align=-0.07 preview=false edit=false overlay=0.95
20:26:10.765 ℹ️ [MODE] enter EDIT_SHEET — docking from any angle
20:26:10.765 ℹ️ [INPUT] owner=GRID mode=SheetEdit reason=explicitEnter
20:26:10.765 ℹ️ [LOD] editSheet override=ON level=SHEET
20:26:10.766 ℹ️ [CAM] Face-on: instant snap (duration=0 method=setView)
20:26:10.766 ℹ️ [MODE] EDIT_SHEET inputOwner=GRID wheelCaptured=true keyCaptured=true
20:26:10.782 ℹ️ [LOD] apply level=SHEET sheetsDetailed=1 lanes=1 markers=1
20:26:10.782 ℹ️ [HUD] mode=SheetEdit
20:26:10.786 ℹ️ [MODE] Camera aligned — transitioning to 2D
20:26:11.129 ℹ️ [VIS2] expandedSheetsAllowed=true scope=sheet
20:26:11.130 ℹ️ [VIS2] suppressSheetDetail=false expandedSheetsAllowed=true selectedSheet=sheet.packaging lod=SHEET
20:26:11.136 ℹ️ [VIS] sheetOnlyRender sheetsDetailed=1 selected=sheet.packaging hidden=38
20:26:11.141 ℹ️ [VIS2] sheetTilesRendered count=38
20:26:11.141 ℹ️ [VIS2] enterSheet expanded=1 tiles=38
20:26:11.141 ℹ️ [LOD-BUDGET] frame sheetsDetailed=1 totalMarkers=60 totalPrims=212 totalEntities=246
20:26:11.142 ℹ️ [SHEET-2D] viewport anchor r=0 c=0
20:26:11.151 ℹ️ [MODE] EDIT_SHEET docking complete — 2D controls active
20:26:11.658 ℹ️ [DOCK] dist=105 align=0.84 preview=true edit=true overlay=0.95
20:26:11.919 ℹ️ [PRESENCE] hb user=user.local.mlsheuh3 room=room.111ef3ac ageMs=3311 result=PASS
[PRESENCE] hb user=user.local.mlsheuh3 room=room.111ef3ac ageMs=3311 result=PASS
20:26:12.341 ℹ️ [SHEET-2D] grid px cell=64x20 rows=1 cols=5 zoom=1.0 (Excel standard)
20:26:12.341 ℹ️ [SHEET-2D] cellPx=64x20 rowHeaderPx=40 colHeaderPx=20
[.WebGL-0x593c005e5c00]GL Driver Message (OpenGL, Performance, GL_CLOSE_PATH_NV, High): Running out of reserved outsideRenderPass queueSerial. ending renderPass now.
[.WebGL-0x593c005e5c00]GL Driver Message (OpenGL, Performance, GL_CLOSE_PATH_NV, High): Running out of reserved outsideRenderPass queueSerial. ending renderPass now.
[.WebGL-0x593c005e5c00]GL Driver Message (OpenGL, Performance, GL_CLOSE_PATH_NV, High): Running out of reserved outsideRenderPass queueSerial. ending renderPass now.
[.WebGL-0x593c005e5c00]GL Driver Message (OpenGL, Performance, GL_CLOSE_PATH_NV, High): Running out of reserved outsideRenderPass queueSerial. ending renderPass now. (this message will no longer repeat)
20:26:12.666 ℹ️ [DOCK] dist=105 align=0.84 preview=true edit=true overlay=1.00
20:26:13.747 ℹ️ [DOCK] dist=105 align=0.84 preview=true edit=true overlay=1.00
20:26:14.563 ℹ️ [PRESENCE] hb user=user.local.mlsheuh3 room=room.111ef3ac ageMs=2644 result=PASS
[PRESENCE] hb user=user.local.mlsheuh3 room=room.111ef3ac ageMs=2644 result=PASS
20:26:14.834 ℹ️ [DOCK] dist=105 align=0.84 preview=true edit=true overlay=1.00
20:26:15.920 ℹ️ [DOCK] dist=105 align=0.84 preview=true edit=true overlay=1.00
20:26:17.089 ℹ️ [DOCK] dist=105 align=0.84 preview=true edit=true overlay=1.00
20:26:17.207 ℹ️ [MODE] exit EDIT_SHEET — instant undock
[2D] gridHidden reason=exitSheet result=PASS
[VIS] exitSheet cleanup=PASS cleared=sheetId,anchor,selection,forceCompanyScope,explicitEnter,autoDockFlags
20:26:17.209 ℹ️ [MODE-RESTORE] overlayPointer=none ssc.enableInputs=true freeFlyBound=true pointerLocked=false activeElement=CANVAS canvasFocused=true isEditingCell=false
20:26:17.210 ℹ️ [INPUT] owner=CAMERA mode=FreeFly reason=exit
20:26:17.210 ℹ️ [FLIGHT] WASD controls active — press ` (backquote) to toggle pointer lock for mouse-look
20:26:17.210 ℹ️ [VIS] exit sheet=none restoreView=true
[VIS] exit sheet=none restoreView=true
[2D] gridHidden reason=exitSheet result=PASS
[VIS] exitSheet cleanup=PASS cleared=sheetId,anchor,selection,forceCompanyScope,explicitEnter,autoDockFlags
20:26:17.841 ℹ️ [VIS2] expandedSheetsAllowed=false scope=department
20:26:17.841 ℹ️ [VIS2] suppressSheetDetail=false expandedSheetsAllowed=false selectedSheet=none lod=SHEET
20:26:17.841 ℹ️ [VIS] sheetOnlyRender sheetsDetailed=0 selected=none hidden=39
20:26:17.845 ℹ️ [VIS2] sheetTilesRendered count=39
20:26:17.845 ℹ️ [VIS2] exitSheet collapsed=PASS expanded=0 tiles=39
20:26:17.845 ℹ️ [LOD-BUDGET] frame sheetsDetailed=0 totalMarkers=0 totalPrims=87 totalEntities=121
20:26:27.165 ℹ️ [DOCK] dist=105 align=-1.00 preview=true edit=false overlay=0.00
20:26:27.195 ℹ️ [VIS2] expandedSheetsAllowed=false scope=department
20:26:27.196 ℹ️ [VIS2] suppressSheetDetail=false expandedSheetsAllowed=false selectedSheet=none lod=SHEET
20:26:27.202 ℹ️ [VIS2] sheetTilesRendered count=39
20:26:27.202 ℹ️ [LOD-BUDGET] frame sheetsDetailed=0 totalMarkers=0 totalPrims=87 totalEntities=121
20:26:27.374 ℹ️ [PRESENCE] hb user=user.local.mlsheuh3 room=room.111ef3ac ageMs=12811 result=PASS
[PRESENCE] hb user=user.local.mlsheuh3 room=room.111ef3ac ageMs=12811 result=PASS
20:26:27.604 ℹ️ [HUD] mode=CompanyFocus
20:26:28.265 ℹ️ [DOCK] dist=105 align=-1.00 preview=true edit=false overlay=0.00

--- R0 Visibility Lock Proof ---
[R0] proof starting — loading launch profile
[R0] initial state cleaned: exitedEdit=false exitedSheet=true
[R0] === STAGE 1: Globe ===
[R0] stage=globe anchorsVisible=6 result=PASS
[R0] capture stage=globe uiMode=FreeFly scope=world
[R0] screenshot saved: r0-01-globe.png (canvas)
[R0] === STAGE 2: Building ===
[R0] stage=building trunkId=trunk.avgol basinFocus=PASS
[R0] capture stage=building uiMode=FreeFly scope=world
[R0] screenshot saved: r0-02-building.png (canvas)
[R0] === STAGE 3: Company ===
[R0] stage=company lod=COMPANY vis2Collapsed=PASS
[R0] capture stage=company uiMode=FreeFly scope=world
[R0] screenshot saved: r0-03-company.png (canvas)
[R0] === STAGE 4: Sheet ===
[R0] stage=sheet entered=true sheetId=sheet.packaging scope=unknown logPresent=true result=PASS
[R0] capture stage=sheet uiMode=FreeFly scope=sheet-only
[R0] screenshot saved: r0-04-sheet.png (canvas)
[R0] === STAGE 5: Edit ===
[R0] stage=edit entered=true cellPx=true viewportAnchor=true hudSheetEdit=true result=PASS
[R0] capture stage=edit uiMode=SheetEdit scope=sheet-only
[R0] screenshot saved: r0-05-edit.png (fullpage — edit overlay)
[R0] === STAGE 6: Exit ===
[R0] stage=exit exitSheetLog=true postExitFreeFly=true lastHudMode=20:26:27.604 ℹ️ [HUD] mode=CompanyFocus result=PASS
[R0] capture stage=exit uiMode=FreeFly scope=world

--- R0 Visibility Lock Summary ---
[R0] globe: PASS
[R0] building: PASS
[R0] company: PASS
[R0] sheet: PASS
[R0] edit: PASS
[R0] exit: PASS
[R0] gate-summary result=PASS stages=6/6