==============================================================
[PLATFORM] VIS-SHEET-PLATFORM-OVERVIEW-1 proof starting
[PLATFORM] date=2026-02-14
==============================================================
[NAV] loading launch URL...
[NAV] waiting for Cesium + tree render...

-- STAGE 1: Platform Rendering (horizontal UP-facing) --
[PLATFORM] count=20 mode=overview-horizontal-UP byProp=true byLog=false
[PLATFORM] stage=platformRendered result=PASS

-- STAGE 2: Grid Lines --
[PLATFORM] gridByProp=true gridByLog=true
[PLATFORM] stage=gridEnabled result=PASS

-- STAGE 3: Trunk Proportions (thin pillar) --
[PLATFORM] trunkStyle=true coreR10=true
[PLATFORM] stage=trunkProportions result=PASS

-- STAGE 4: Branch Proportions (narrow ribs) --
[PLATFORM] branchStyle=true ribScale03=true
[PLATFORM] stage=branchProportions result=PASS

-- STAGE 5: Support Filaments + Rain --
[PLATFORM] support=true rain=true
[PLATFORM] stage=supportAndRain result=PASS

-- Screenshots --
[PLATFORM] screenshot 01-company-platforms.png (canvas)
[PLATFORM] screenshot 02-silhouette.png (canvas)

-- STAGE 7: Silhouette Readability --
[PLATFORM] silhouette primCount=412
[PRES-PROOF] silhouetteReadable=PASS
[PLATFORM] screenshot 03-platform-detail.png (canvas)

-- STAGE 6: Truth Plane on Enter --
[PLATFORM] truthByProp=true truthByLog=false
[PLATFORM] stage=truthPlane result=PASS

==============================================================
[PLATFORM] gate-summary result=PASS stages=7 pass=7 fail=0
[PLATFORM]   platformRendered: PASS
[PLATFORM]   gridEnabled: PASS
[PLATFORM]   trunkProportions: PASS
[PLATFORM]   branchProportions: PASS
[PLATFORM]   supportAndRain: PASS
[PLATFORM]   silhouetteReadable: PASS
[PLATFORM]   truthPlane: PASS
[SHEET-PLATFORM] rendered count=20 mode=overview normal=UP
[SHEET-PLATFORM] grid enabled=PASS majorLines=8

-- Console [PRES] + [LAUNCH] + [SHEET] + [VIS2] lines --
  11:49:13.766 ℹ️ [PRES] colorCorrection added=PASS vignette=ON coolTone=ON
  11:49:13.767 ℹ️ [PRES] postFX enabled=PASS fxaa=ON bloom=ON colorCorrect=ON
  11:49:13.768 ℹ️ [PRES] fog enabled=PASS density=0.00048
  11:49:13.772 ℹ️ [LAUNCH] visibilityMode enabled=PASS scale=0.25 trunkPrimitive=cylinder widthFloors=ON basemapDimming=ON
  11:49:13.772 ℹ️ [PRES] environmentDeemphasis applied=PASS brightness=0.28 saturation=0.05 gamma=1.6
  11:49:14.379 ℹ️ [PRES] launchTransform scale=0.25 uOffset=0 applied=PASS
  11:49:14.383 ℹ️ [LAUNCH] widthFloors trunk=20m branches=13/10/6 tiles=70m rule=uniform
  11:49:14.383 ℹ️ [PRES] trunkStyle applied=PASS mode=core+shell coreR=10 shellR=16
  11:49:14.383 ℹ️ [PRES] branchStyle applied=PASS ribMode=ON ribScale=0.3 emissive=ON alpha=0.30
  11:49:14.384 ℹ️ [PRES] sheetPlatform grid=PASS majorLines=8 mode=overview normal=UP horizontal=ON
  11:49:14.384 ℹ️ [PRES] tileFloatMode=PASS supportFilaments=ON fillAlpha=0.05 borderAlpha=1.0
  11:49:14.385 ℹ️ [PRES] filamentRain enabled=PASS density=5
  11:49:14.385 ℹ️ [PRES] rootGlow enabled=PASS radius=80 alpha=0.10
  11:49:14.389 ℹ️ [PRES] tether rendered=PASS
  11:49:14.390 ℹ️ [PRES] buildingAnchorProxy rendered=PASS reason=buildings-degraded
  11:49:14.398 ℹ️ [PRES] junctions rendered=PASS count=3
  11:49:14.400 ℹ️ [VIS2] expandedSheetsAllowed=false scope=world
  11:49:14.401 ℹ️ [VIS2] deptSpinesRendered count=3
  11:49:14.401 ℹ️ [VIS2] companyCollapsed result=PASS sheetsRendered=0 lod=COMPANY scope=world expandedSheetsAllowed=false
  11:49:14.408 ℹ️ [VIS2] sheetTilesRendered count=20
  11:49:14.409 ℹ️ [VIS2] exitSheet collapsed=PASS expanded=0 tiles=20
  11:49:15.328 ℹ️ [PRES] billboard=ON reason=launch-default
  11:49:15.439 ℹ️ [VIS2] expandedSheetsAllowed=true scope=sheet
  11:49:15.447 ℹ️ [VIS2] sheetTilesRendered count=19
  11:49:15.447 ℹ️ [VIS2] enterSheet expanded=1 tiles=19
  11:49:15.967 ℹ️ [VIS2] expandedSheetsAllowed=true scope=sheet
  11:49:15.970 ℹ️ [VIS2] sheetTilesRendered count=19
  11:49:15.970 ℹ️ [VIS2] enterSheet expanded=1 tiles=19
  11:49:16.482 ℹ️ [VIS2] expandedSheetsAllowed=true scope=sheet
  11:49:16.485 ℹ️ [VIS2] sheetTilesRendered count=19
  11:49:16.485 ℹ️ [VIS2] enterSheet expanded=1 tiles=19
  11:49:16.862 ℹ️ [VIS2] expandedSheetsAllowed=true scope=sheet
  11:49:16.866 ℹ️ [VIS2] sheetTilesRendered count=19
  11:49:16.866 ℹ️ [VIS2] enterSheet expanded=1 tiles=19
  11:49:17.839 ℹ️ [VIS2] expandedSheetsAllowed=true scope=sheet
  11:49:17.841 ℹ️ [VIS2] sheetTilesRendered count=19
  11:49:17.841 ℹ️ [VIS2] enterSheet expanded=1 tiles=19
  11:49:18.493 ℹ️ [VIS2] expandedSheetsAllowed=true scope=sheet
  11:49:18.496 ℹ️ [VIS2] sheetTilesRendered count=19
  11:49:18.496 ℹ️ [VIS2] enterSheet expanded=1 tiles=19
  11:49:27.831 ℹ️ [VIS2] expandedSheetsAllowed=true scope=sheet
  11:49:27.835 ℹ️ [VIS2] sheetTilesRendered count=19
  11:49:27.835 ℹ️ [VIS2] enterSheet expanded=1 tiles=19
  11:49:32.384 ℹ️ [VIS2] expandedSheetsAllowed=true scope=sheet
  11:49:32.387 ℹ️ [VIS2] sheetTilesRendered count=19
  11:49:32.387 ℹ️ [VIS2] enterSheet expanded=1 tiles=19
  11:49:35.897 ℹ️ [VIS2] expandedSheetsAllowed=true scope=sheet
  11:49:35.901 ℹ️ [VIS2] sheetTilesRendered count=19
  11:49:35.901 ℹ️ [VIS2] enterSheet expanded=1 tiles=19
==============================================================