[ENU] Coordinate system loaded - all geometry in meters
05:26:19.873 ℹ️ [GLOBE] imagery mode=osm provider=OpenStreetMap
05:26:19.879 ℹ️ [PRES] colorCorrection added=PASS vignette=ON coolTone=ON
05:26:19.880 ℹ️ [PRES] postFX enabled=PASS fxaa=ON bloom=ON colorCorrect=ON
05:26:19.880 ℹ️ [PRES] fog enabled=PASS density=0.00048
05:26:19.882 ⚠️ ⚠️ Buildings marked as DEGRADED
05:26:19.883 ℹ️ [LAUNCH-FIX] basemapDim brightness=0.28 contrast=0.55 saturation=0.05 gamma=1.6 applied=PASS
05:26:19.883 ℹ️ [LAUNCH] visibilityMode enabled=PASS scale=0.25 trunkPrimitive=cylinder widthFloors=ON basemapDimming=ON
05:26:19.883 ℹ️ [PRES] environmentDeemphasis applied=PASS brightness=0.28 saturation=0.05 gamma=1.6
05:26:19.884 ℹ️ [GLOBE] services weatherBase=http://127.0.0.1:4020
05:26:19.884 ℹ️ [GLOBE] imagery registry enabled modes=local,clean-street,satellite,hybrid,osm,dark,minimalist
05:26:19.884 ℹ️ [CAM] restore-POV skipped for launch (deterministic frame)
05:26:19.885 ℹ️ [INPUT] owner=CAMERA mode=FreeFly reason=default
[RelationshipRenderer] Initialized
[RelationshipRenderer] Cleared all relationships
[BoundaryRenderer] DataSource created and added to viewer
[BoundaryRenderer] Initialized
[BoundaryRenderer] Loading ISR from data/boundaries/countries/ISR-ADM0.geojson
[BoundaryRenderer] Loading USA from data/boundaries/countries/USA-ADM0.geojson
05:26:19.886 ℹ️ [BOUNDARY-EDITOR] Initialized
[FILAMENT] registry initialized=PASS total=6
[DISCLOSURE] restore backend=localStorage loaded=0 result=PASS
[TIMEBOX] event type=DISCLOSURE_CHANGE id=FIL-003 applied=PASS target=trunk.avgol timeboxId=T6
[DISCLOSURE] id=FIL-003 from=PRIVATE to=WITNESSED reason=lifecycle_default result=PASS
[DISCLOSURE] persist backend=localStorage stored=6 result=PASS
[TIMEBOX] event type=DISCLOSURE_CHANGE id=FIL-004 applied=PASS target=trunk.avgol timeboxId=T6
[DISCLOSURE] id=FIL-004 from=PRIVATE to=PUBLIC_SUMMARY reason=lifecycle_default result=PASS
[DISCLOSURE] persist backend=localStorage stored=6 result=PASS
[TIMEBOX] event type=DISCLOSURE_CHANGE id=FIL-005 applied=PASS target=trunk.avgol timeboxId=T6
[DISCLOSURE] id=FIL-005 from=PRIVATE to=PUBLIC_SUMMARY reason=lifecycle_default result=PASS
[DISCLOSURE] persist backend=localStorage stored=6 result=PASS
[TIMEBOX] event type=DISCLOSURE_CHANGE id=FIL-006 applied=PASS target=trunk.avgol timeboxId=T6
[DISCLOSURE] id=FIL-006 from=PRIVATE to=WITNESSED reason=lifecycle_default result=PASS
[DISCLOSURE] persist backend=localStorage stored=6 result=PASS
[.WebGL-0x16e4024f4600]GL Driver Message (OpenGL, Performance, GL_CLOSE_PATH_NV, High): GPU stall due to ReadPixels
[.WebGL-0x16e4024f4600]GL Driver Message (OpenGL, Performance, GL_CLOSE_PATH_NV, High): GPU stall due to ReadPixels
[BoundaryRenderer] ✅ ISR: Loaded 1/1 features
[.WebGL-0x16e4024f4600]GL Driver Message (OpenGL, Performance, GL_CLOSE_PATH_NV, High): GPU stall due to ReadPixels
[BoundaryRenderer] ✅ USA: Loaded 1/1 features
05:26:20.638 ℹ️ [BOUNDARY] containsll suite=PASS polygons=1 multipolygons=1 holes=0
05:26:20.638 ℹ️ [BOUNDARY] containsll hole-suite=PASS probes=3
05:26:20.639 ℹ️ [BOUNDARY] restore result=PASS renderer=BoundaryRenderer containsLL=PASS ISR=1 USA=1
05:26:20.639 ℹ️ [GATE] G3 status=PASS evidence=runtime-boundary-selftest
05:26:20.639 ℹ️ [UX] boundaries=ACTIVE mode=READ_ONLY
05:26:20.639 ℹ️ [BOUNDARY] voting-scope mode=BOUNDARY_ENABLED reason=boundary-pass
[.WebGL-0x16e4024f4600]GL Driver Message (OpenGL, Performance, GL_CLOSE_PATH_NV, High): GPU stall due to ReadPixels (this message will no longer repeat)
05:26:21.027 ℹ️ [BOUNDARY] manifestLoaded countries=27
[BoundaryRenderer] Loading USA from data/boundaries/countries/USA-ADM0.geojson
[BOUNDARY] reuse id=boundary-USA-0-6c62914d
[BoundaryRenderer] Loading BRA from data/boundaries/countries/BRA-ADM0.geojson
05:26:21.687 ℹ️ [VOTE] restore backend=localStorage mode=demo loaded=0 result=PASS
[VOTE] restore backend=localStorage mode=demo loaded=0 result=PASS
[BACKING] id=branch.finance filaments=3 timeboxes=7 evidence=0 missing=0
[CONF] id=branch.finance conf=0.40 breakdown=tb:1,ev:0,disc:1,vote:0
[ATTN] id=branch.finance attn=0.20 lifecycle=SETTLING disclosure=WITNESSED vote=PENDING
[BACKING] id=branch.maintenance filaments=3 timeboxes=7 evidence=0 missing=0
[CONF] id=branch.maintenance conf=0.40 breakdown=tb:1,ev:0,disc:1,vote:0
[ATTN] id=branch.maintenance attn=0.36 lifecycle=REFUSAL disclosure=PUBLIC_SUMMARY vote=PENDING
[AC] aggregateAttention scope=company result=0.36 children=8
[AC] aggregateConfidence scope=company result=0.35 children=8
[AC] initialized=PASS functions=5 filaments=6
05:26:21.695 ℹ️ [PRES] launchTransform scale=0.25 uOffset=0 applied=PASS
05:26:21.697 ℹ️ [LAUNCH-FIX] visualHierarchy applied=PASS tilesAlpha=0.018 trunkCore=0.96 branchAlpha=0.18
05:26:21.697 ℹ️ [LAUNCH-THEME] tokens loaded trunk=thinPillar tile=horizontalPlatform filament=rain
05:26:21.697 ℹ️ [GATE] launchVisibility semantics=UNCHANGED enuChecks=RAW
05:26:21.697 ℹ️ [LAUNCH] widthFloors trunk=20m branches=13/10/6 tiles=90x52m rule=uniform
05:26:21.698 ℹ️ [PRES] trunkStyle applied=PASS mode=core+shell coreR=12 shellR=20
05:26:21.698 ℹ️ [PRES] branchStyle applied=PASS ribMode=ON ribScale=0.18 emissive=ON alpha=0.18
05:26:21.698 ℹ️ [PRES] sheetPlatform grid=PASS majorLines=16 mode=overview normal=UP horizontal=ON landscape=120x70
05:26:21.699 ℹ️ [PRES] tileFloatMode=PASS supportFilaments=ON fillAlpha=0.018 borderAlpha=1.0
05:26:21.699 ℹ️ [PRES] filamentRain enabled=PASS density=2
05:26:21.699 ℹ️ [PRES] rootGlow enabled=PASS radius=80 alpha=0.10
05:26:21.701 ℹ️ [GATE 4] Anchor marker rendered at (34.7818, 32.0853) - independent of buildings/terrain
05:26:21.705 ℹ️ [PRES] tether rendered=PASS
05:26:21.705 ℹ️ [PRES] buildingAnchorProxy rendered=PASS reason=buildings-degraded
05:26:21.706 ℹ️ [GATE 4] Anchor marker rendered at (34.7818, 32.0853) - independent of buildings/terrain
05:26:21.707 ℹ️ [GATE 4] Anchor marker rendered at (34.7818, 32.0853) - independent of buildings/terrain
05:26:21.707 ℹ️ [GATE 4] Anchor marker rendered at (34.7818, 32.0853) - independent of buildings/terrain
05:26:21.708 ℹ️ [GATE 4] Anchor marker rendered at (34.7818, 32.0853) - independent of buildings/terrain
05:26:21.709 ℹ️ [GATE 4] Anchor marker rendered at (34.7818, 32.0853) - independent of buildings/terrain
05:26:21.709 ℹ️ [VIS] voteFilter LOD=COMPANY override=ALL
05:26:21.713 ℹ️ [UX] debugLogs=false gateSpamSuppressed=true
05:26:21.718 ℹ️ [PRES] junctions rendered=PASS count=8
05:26:21.718 ℹ️ [VIS2] expandedSheetsAllowed=false scope=world
05:26:21.718 ℹ️ [VIS2] suppressSheetDetail=true expandedSheetsAllowed=false selectedSheet=none lod=COMPANY
05:26:21.719 ℹ️ [VIS-LAUNCH] ringContainment mode=collapsed action=suppressNonFocused result=PASS
[FILAMENT] bandSnap id=FIL-001 timeboxId=FIN-T4 deltaM=0 result=PASS
[FILAMENT] bandSnap id=FIL-002 timeboxId=FIN-T3 deltaM=0 result=PASS
[FILAMENT] bandSnap id=FIL-003 timeboxId=FIN-T1 deltaM=0 result=PASS
[FILAMENT] bandSnap id=FIL-004 timeboxId=MNT-T0 deltaM=0 result=PASS
[FILAMENT] bandSnap id=FIL-006 timeboxId=MNT-T1 deltaM=0 result=PASS
[FILAMENT] bandSnap source=vis4Registry
[DISCLOSURE] markersRendered count=5 tiers={PRIVATE:2,WITNESSED:2,PUBLIC_SUMMARY:1,FULL_PUBLIC:0}
05:26:21.721 ℹ️ [VIS2] deptSpinesRendered count=8
05:26:21.721 ℹ️ [VIS2] companyCollapsed result=PASS sheetsRendered=0 lod=COMPANY scope=world expandedSheetsAllowed=false
05:26:21.726 ℹ️ [VIS2] sheetTilesRendered count=39
05:26:21.726 ℹ️ [VIS2] exitSheet collapsed=PASS expanded=0 tiles=39
05:26:21.732 ℹ️ [VIS3] flowOverlay result=PASS edges=66 exceptions=11 scope=world lod=COMPANY
05:26:21.733 ℹ️ [VIS3] trafficBarsRendered count=8
05:26:21.734 ℹ️ [VIS3] gate-summary result=PASS
05:26:21.737 ℹ️ [VIS4c] labelsRendered count=36 scope=company
05:26:21.737 ℹ️ [VIS4] slabsRendered scope=company objects=9 slabs=36 capped=false
05:26:21.738 ℹ️ [VIS4] companySlabs result=PASS deptBranches=8 trunkSlabs=6
05:26:21.738 ℹ️ [VIS4] gate-summary result=PASS
05:26:21.738 ℹ️ [LOD-BUDGET] frame sheetsDetailed=0 totalMarkers=0 totalPrims=125 totalEntities=97
05:26:22.274 ℹ️ [GLOBE] worldTrunks synced added=5 total=6
05:26:22.275 ℹ️ [GLOBE] datasetLoad anchors=6
05:26:22.275 ℹ️ [UX] multiCountrySmoke=PASS anchors=6
05:26:22.275 ℹ️ [LAUNCH-FIX] cameraFrame target=trunk.avgol result=PASS distM=750 horzM=1000 heading=355 pitch=-28 applied=PASS
05:26:22.277 ℹ️ [HUD] mode=FreeFly layer1=6 layer2=0
05:26:22.281 ℹ️ [HUD] consolidated rootCount=1 duplicates=0
05:26:22.286 ℹ️ [HUD] tier1 rows=6
05:26:22.286 ℹ️ [HUD] tier2 default=collapsed
05:26:22.287 ℹ️ [PRES] billboard=ON reason=launch-default
05:26:22.289 ℹ️ [UX] debugLogs=false (launch mode)
05:26:22.290 ℹ️ [LAUNCH-FIX] uiGating launch=true hiddenPanels=artifacts,ux3,p2p,topicLane,vote,workMode,logConsole applied=PASS
05:26:22.301 ℹ️ [LAUNCH-FIX] hud tier1=ON tier2=OFF default=collapsed
05:26:22.301 ℹ️ [LAUNCH-FIX] helpOverlay shown=true dismissed=false source=first
[BUILD] 2026-02-09T12:30Z ux-1.1-universal-object-contract
05:26:22.303 ℹ️ [UX-1.1-PROOF] type=trunk id=trunk.avgol scope=root actions=focusView,showKPIs,showTimeboxes,showBranches,cycleClusterLevel,focusNextRegion,loadGlobalCore
05:26:22.304 ℹ️ [UX-1.1-PROOF] type=branch id=branch.operations scope=trunk.avgol actions=focusView,showKPIs,showTimeboxes,showPressureSources,cycleClusterLevel,focusNextRegion,loadGlobalCore
05:26:22.304 ℹ️ [UX-1.1-PROOF] type=sheet id=sheet.packaging scope=branch.operations actions=focusView,showSchema,addColumn,addValidation,addSummaryBinding
05:26:22.305 ℹ️ [UX-1.1-PROOF] type=cell id=sheet.packaging.cell.0.0 scope=branch.operations actions=edit,viewDependencies,viewHistory,createValidation,lockScope
05:26:22.305 ℹ️ [UX-1.1-PROOF] type=match id=3WM-001 scope=branch.p2p.mc1 actions=inspectSources,viewVariance,setTolerance,markResolved
05:26:22.305 ℹ️ [UX-1.1-PROOF] type=route id=p2p.requisition scope=branch.p2p.fc1 actions=previewMapping,ingestTestRecord,showProvenance,editFieldMap
05:26:22.305 ℹ️ [UX-1.1-PROOF] type=module id=P2P scope=trunk.avgol actions=showAllSheets,showRoutes,showKPIBindings,showRecomputationChain
05:26:22.305 ℹ️ [UX-1.1] Universal Object Contract: 7 types resolved
05:26:22.306 ℹ️ [PRESENCE] engine enabled=PASS ttlMs=15000 hbMs=3000
[PRESENCE] engine enabled=PASS ttlMs=15000 hbMs=3000
05:26:22.307 ℹ️ [PRESENCE] room resolve scope=trunk.avgol roomId=room.111ef3ac result=PASS
[PRESENCE] room resolve scope=trunk.avgol roomId=room.111ef3ac result=PASS
05:26:22.307 ℹ️ [PRESENCE] join user=user.local.mlq5uj4y room=room.111ef3ac members=1 result=PASS
[PRESENCE] join user=user.local.mlq5uj4y room=room.111ef3ac members=1 result=PASS
05:26:22.308 ℹ️ [VIS8] renderEngine enabled=PASS topology=mesh sfuReady=true
[VIS8] renderEngine enabled=PASS topology=mesh sfuReady=true
05:26:22.309 ℹ️ [VIS8] rtc join user=user.local.mlq5uj4y room=room.111ef3ac peers=0 result=PASS
[VIS8] rtc join user=user.local.mlq5uj4y room=room.111ef3ac peers=0 result=PASS
05:26:22.309 ℹ️ [PRESENCE] bind deferred=PASS reason=scopeNotReady
[PRESENCE] bind deferred=PASS reason=scopeNotReady
05:26:22.309 ℹ️ [VIS8] budget decode active=1 max=2 lod=COMPANY
[VIS8] budget decode active=1 max=2 lod=COMPANY
05:26:22.310 ℹ️ [VIS8] budget render active=1 max=4 lod=COMPANY
[VIS8] budget render active=1 max=4 lod=COMPANY
05:26:22.310 ℹ️ [VIS8] lodSwitch user=user.local.mlq5uj4y from=dot to=billboard trigger=scope
[VIS8] lodSwitch user=user.local.mlq5uj4y from=dot to=billboard trigger=scope
05:26:22.310 ℹ️ [VIS8] renderCard user=user.local.mlq5uj4y lod=billboard video=off reason=consent
[VIS8] renderCard user=user.local.mlq5uj4y lod=billboard video=off reason=consent
[CRYPTO] chainInit global=PASS genesisHash=GENESIS commits=0
05:26:22.311 ℹ️ [CAM] basin-proximity target=branch.maintenance type=branch radiusM=6000.0 distanceM=1584.3 assist=BLOCKED_LAUNCH
05:26:22.315 ℹ️ [VIS] sheetSelect resolved sheet=MFG.MaterialIssues reason=default
[VIS] sheetSelect resolved sheet=MFG.MaterialIssues reason=default
05:26:22.315 ℹ️ [VIS] enter sheet=MFG.MaterialIssues scope=sheet-only
[VIS] enter sheet=MFG.MaterialIssues scope=sheet-only
05:26:22.315 ℹ️ [DOCK] enterSheet target=MFG.MaterialIssues mode=FaceOn result=PASS distM=1196
05:26:22.315 ℹ️ [CAM] Face-on: instant snap (duration=0 method=setView)
05:26:22.316 ℹ️ [LOD] apply level=CELL sheetsDetailed=1 lanes=1 markers=1
05:26:22.317 ℹ️ [DOCK] dist=105 align=-1.00 preview=true edit=false overlay=0.00
05:26:22.317 ℹ️ [DOCK] autoDock disabled=PASS reason=explicitEnter
[CRYPTO] chainInit sheets=PASS chains=0
[CRYPTO] merkleInit timeboxes=PASS count=6 rollingRoot=879d4f090ced7cd8
[CRYPTO] chainStamp mode=derived commits=0 sheets=0 timeboxes=6
05:26:22.336 ℹ️ [GATE 4] Anchor marker rendered at (-122.4194, 37.7749) - independent of buildings/terrain
05:26:22.336 ℹ️ [GATE 4] Anchor marker rendered at (-0.1276, 51.5072) - independent of buildings/terrain
05:26:22.337 ℹ️ [GATE 4] Anchor marker rendered at (77.2090, 28.6139) - independent of buildings/terrain
05:26:22.337 ℹ️ [GATE 4] Anchor marker rendered at (139.6917, 35.6895) - independent of buildings/terrain
05:26:22.338 ℹ️ [GATE 4] Anchor marker rendered at (-46.6333, -23.5505) - independent of buildings/terrain
05:26:22.346 ℹ️ [VIS2] expandedSheetsAllowed=true scope=sheet
05:26:22.346 ℹ️ [VIS2] suppressSheetDetail=false expandedSheetsAllowed=true selectedSheet=MFG.MaterialIssues lod=CELL
05:26:22.351 ℹ️ [VIS] sheetOnlyRender sheetsDetailed=1 selected=MFG.MaterialIssues hidden=38
05:26:22.358 ℹ️ [VIS2] sheetTilesRendered count=38
05:26:22.358 ℹ️ [VIS2] enterSheet expanded=1 tiles=38
05:26:22.358 ℹ️ [VIS3.2] sheetOverlay begin sheet=MFG.MaterialIssues scope=sheet
05:26:22.358 ℹ️ [VIS3.2] exceptionRows result=PASS sheet=MFG.MaterialIssues count=0
05:26:22.358 ℹ️ [VIS3.2] routeHighlights result=PASS sheet=MFG.MaterialIssues edges=0
05:26:22.358 ℹ️ [VIS3.2] budget exceptionOverlays=0 routeHighlights=0 capped=false
05:26:22.358 ℹ️ [VIS3.2] gate-summary result=PASS
05:26:22.358 ℹ️ [VIS4] sheetSlabGap enforced minGap=8m raw=2.5m effective=8.0m
05:26:22.358 ℹ️ [VIS4c] labelsRendered count=1 scope=sheet
05:26:22.359 ℹ️ [VIS4] slabsRendered scope=sheet objects=1 slabs=1 capped=false
05:26:22.359 ℹ️ [VIS4] sheetSlabs result=PASS sheet=MFG.MaterialIssues slabs=1
05:26:22.359 ℹ️ [VIS4] gate-summary result=PASS
05:26:22.359 ℹ️ [LOD-BUDGET] frame sheetsDetailed=1 totalMarkers=5 totalPrims=88 totalEntities=92
05:26:22.359 ℹ️ [CAM] dockFaceOn applied=PASS sheet=MFG.MaterialIssues
[2D] gridShown sheet=MFG.MaterialIssues rows=1 cols=5 populated=5 result=PASS
05:26:22.360 ℹ️ [CAM] basin-exit target=branch.maintenance
05:26:22.362 ℹ️ [LOD] apply level=PLANETARY sheetsDetailed=0 lanes=0 markers=0
[BoundaryRenderer] ✅ BRA: Loaded 1/1 features
[BoundaryRenderer] Loading ARG from data/boundaries/countries/ARG-ADM0.geojson
05:26:22.665 ℹ️ [LOD] apply level=REGION sheetsDetailed=0 lanes=0 markers=0
05:26:22.807 ℹ️ [VIS8] mediaPermissions cam=prompt mic=prompt
[VIS8] mediaPermissions cam=prompt mic=prompt
05:26:23.178 ℹ️ [VIS] voteFilter LOD=REGION visible=4 hidden=23
05:26:23.180 ℹ️ [VIS2] expandedSheetsAllowed=true scope=sheet
05:26:23.180 ℹ️ [VIS2] suppressSheetDetail=false expandedSheetsAllowed=true selectedSheet=MFG.MaterialIssues lod=REGION
05:26:23.180 ℹ️ [VIS2] selectedSheet fallback=PASS sheetId=MFG.MaterialIssues
05:26:23.182 ℹ️ [VIS2] sheetTilesRendered count=14
05:26:23.182 ℹ️ [VIS2] enterSheet expanded=1 tiles=14
05:26:23.182 ℹ️ [LOD-BUDGET] frame sheetsDetailed=1 totalMarkers=0 totalPrims=30 totalEntities=53
05:26:23.183 ℹ️ [CAM] basin-proximity target=trunk.avgol type=trunk radiusM=20000.0 distanceM=13423.3 assist=BLOCKED_LAUNCH
05:26:23.183 ℹ️ [LOD] apply level=COMPANY requestedSheetsDetailed=1 effectiveSheetsDetailed=1 lanes=1 markers=0 reason=explicitEnter distKm=13.4
05:26:23.467 ℹ️ [HUD] paramsLoaded version=HUD-PARAMS-v0 policyRef=local:HUD-PARAMS-v0
05:26:23.724 ℹ️ [VIS] voteFilter LOD=COMPANY override=ALL
05:26:23.728 ℹ️ [VIS2] expandedSheetsAllowed=true scope=sheet
05:26:23.728 ℹ️ [VIS2] suppressSheetDetail=false expandedSheetsAllowed=true selectedSheet=MFG.MaterialIssues lod=COMPANY
05:26:23.729 ℹ️ [VIS] basinRings anchor=trunk.avgol companies=11 mode=cluster
05:26:23.729 ℹ️ [LOD] COMPANY markersOverride=false MarkerCells=0
05:26:23.735 ℹ️ [VIS2] sheetTilesRendered count=38
05:26:23.735 ℹ️ [VIS2] enterSheet expanded=1 tiles=38
05:26:23.735 ℹ️ [LOD-BUDGET] frame sheetsDetailed=1 totalMarkers=0 totalPrims=82 totalEntities=82
05:26:23.736 ℹ️ [DOCK] dist=14425 align=0.10 preview=false edit=false overlay=0.95
[BoundaryRenderer] ✅ ARG: Loaded 1/1 features
[BoundaryRenderer] Loading GBR from data/boundaries/countries/GBR-ADM0.geojson
05:26:24.447 ℹ️ [VIS] exit sheet=MFG.MaterialIssues restoreView=true
[VIS] exit sheet=MFG.MaterialIssues restoreView=true
[2D] gridHidden reason=exitSheet result=PASS
[VIS] exitSheet cleanup=PASS cleared=sheetId,anchor,selection,forceCompanyScope,explicitEnter,autoDockFlags
05:26:24.448 ℹ️ [VIS] enter company=trunk.avgol
[VIS] enter company=trunk.avgol
05:26:24.449 ℹ️ [CAM] focusLock target=trunk.avgol scope=company result=PASS
05:26:24.449 ℹ️ [INPUT] owner=CAMERA mode=FreeFly reason=focusLock
05:26:24.449 ℹ️ [LOD] lock level=COMPANY reason=basinFocus
05:26:24.450 ℹ️ [HUD] votes summary=PASS passed=4 pending=2 rejected=0
[HUD] votes summary=PASS passed=4 pending=2 rejected=0
05:26:24.489 ℹ️ [VIS2] expandedSheetsAllowed=false scope=company
05:26:24.490 ℹ️ [VIS2] suppressSheetDetail=true expandedSheetsAllowed=false selectedSheet=none lod=COMPANY
05:26:24.491 ℹ️ [VIS2] deptSpinesRendered count=8
05:26:24.491 ℹ️ [VIS2] companyCollapsed result=PASS sheetsRendered=0 lod=COMPANY scope=company expandedSheetsAllowed=false
05:26:24.496 ℹ️ [VIS2] sheetTilesRendered count=39
05:26:24.496 ℹ️ [VIS2] exitSheet collapsed=PASS expanded=0 tiles=39
05:26:24.496 ℹ️ [VIS3] flowOverlay result=PASS edges=66 exceptions=11 scope=company lod=COMPANY
05:26:24.497 ℹ️ [VIS3] trafficBarsRendered count=8
05:26:24.497 ℹ️ [VIS3] gate-summary result=PASS
05:26:24.498 ℹ️ [VIS4c] labelsRendered count=51 scope=company
05:26:24.498 ℹ️ [VIS4] slabsRendered scope=company objects=14 slabs=51 capped=false
05:26:24.498 ℹ️ [VIS4] companySlabs result=PASS deptBranches=8 trunkSlabs=21
05:26:24.498 ℹ️ [VIS4] gate-summary result=PASS
05:26:24.499 ℹ️ [LOD-BUDGET] frame sheetsDetailed=0 totalMarkers=0 totalPrims=145 totalEntities=132
WebSocket connection to 'ws://127.0.0.1:4031/vis8' failed: Error in connection establishment: net::ERR_CONNECTION_REFUSED
05:26:25.033 ℹ️ [DOCK] dist=5955 align=-0.10 preview=false edit=false overlay=0.00
[BoundaryRenderer] ✅ GBR: Loaded 1/1 features
[BoundaryRenderer] Loading FRA from data/boundaries/countries/FRA-ADM0.geojson
05:26:25.421 ℹ️ [PRESENCE] transport degraded=PASS mode=local-only reason=wsConnectFailed
[PRESENCE] transport degraded=PASS mode=local-only reason=wsConnectFailed
05:26:25.479 ℹ️ [HUD] mode=CompanyFocus
05:26:26.004 ℹ️ [PRESENCE] hb user=user.local.mlq5uj4y room=room.111ef3ac ageMs=3697 result=PASS
[PRESENCE] hb user=user.local.mlq5uj4y room=room.111ef3ac ageMs=3697 result=PASS
05:26:26.031 ℹ️ [CAM] basinFocus settled target=trunk.avgol distM=900 pitch=-55
05:26:26.037 ℹ️ [DOCK] dist=761 align=0.05 preview=false edit=false overlay=0.00
[BoundaryRenderer] ✅ FRA: Loaded 1/1 features
[BoundaryRenderer] Loading DEU from data/boundaries/countries/DEU-ADM0.geojson
05:26:27.438 ℹ️ [DOCK] dist=761 align=0.05 preview=false edit=false overlay=0.00
[BoundaryRenderer] ✅ DEU: Loaded 1/1 features
[BoundaryRenderer] Loading NLD from data/boundaries/countries/NLD-ADM0.geojson
05:26:28.744 ℹ️ [DOCK] dist=761 align=0.05 preview=false edit=false overlay=0.00
05:26:29.063 ℹ️ [PRESENCE] hb user=user.local.mlq5uj4y room=room.111ef3ac ageMs=3059 result=PASS
[PRESENCE] hb user=user.local.mlq5uj4y room=room.111ef3ac ageMs=3059 result=PASS
05:26:29.953 ℹ️ [DOCK] dist=761 align=0.05 preview=false edit=false overlay=0.00
05:26:31.474 ℹ️ [DOCK] dist=761 align=0.05 preview=false edit=false overlay=0.00
[BoundaryRenderer] ✅ NLD: Loaded 1/1 features
[BoundaryRenderer] Loading EGY from data/boundaries/countries/EGY-ADM0.geojson
[.WebGL-0x16e4024f4600]GL Driver Message (OpenGL, Performance, GL_CLOSE_PATH_NV, High): Running out of reserved outsideRenderPass queueSerial. ending renderPass now.
05:26:32.278 ℹ️ [PRESENCE] hb user=user.local.mlq5uj4y room=room.111ef3ac ageMs=3215 result=PASS
[PRESENCE] hb user=user.local.mlq5uj4y room=room.111ef3ac ageMs=3215 result=PASS
05:26:32.735 ℹ️ [DOCK] dist=761 align=0.05 preview=false edit=false overlay=0.00
[BoundaryRenderer] ✅ EGY: Loaded 1/1 features
[BoundaryRenderer] Loading SAU from data/boundaries/countries/SAU-ADM0.geojson
05:26:33.869 ℹ️ [DOCK] dist=761 align=0.05 preview=false edit=false overlay=0.00
[MODE] renderMode=MEGASHEET
[MODE] viewMode=MEGASHEET
[SCOPE] effective=company
[MEGA] enter seed=379924341 sheets=39
[MEGA] layout overlaps=0 minGapM=15 radiusM=305
[VIS-GRAMMAR] scaffold spacing depts=39 minGapM=15 overlapsResolved=SKIP
[MEGA] mapping tile=sheet.mnt.sparePartsInventory x=0 y=0 w=20 h=20 importance=1.27
[MEGA] mapping tile=sheet.fin.budgetVariance x=-41 y=33 w=20 h=20 importance=1.26
[MEGA] mapping tile=sheet.packaging x=-52 y=-5 w=20 h=20 importance=1.23
[MEGA] mapping tile=sheet.mfg.materialIssues x=-33 y=-41 w=20 h=20 importance=1.23
[MEGA] mapping tile=sheet.ops.productionSummary x=5 y=-52 w=20 h=20 importance=1.23
[MEGA] mapping tile=sheet.ops.shiftReport x=41 y=-33 w=20 h=20 importance=1.23
[MEGA] mapping tile=sheet.mnt.workOrders x=52 y=5 w=20 h=20 importance=1.22
[MEGA] mapping tile=sheet.fin.cashForecast x=33 y=41 w=20 h=20 importance=1.22
[MEGA] mapping tile=sheet.mnt.assetRegistry x=-102 y=53 w=20 h=20 importance=1.21
[MEGA] mapping tile=sheet.fin.apAging x=-110 y=-35 w=20 h=20 importance=1.21
[MEGA] mapping tile=sheet.scm.inventoryLevels x=-53 y=-102 w=20 h=20 importance=0.83
[MEGA] mapping tile=sheet.it.systemUptime x=35 y=-110 w=20 h=20 importance=0.83
[MEGA] mapping tile=sheet.it.changeRequests x=102 y=-53 w=20 h=20 importance=0.83
[MEGA] mapping tile=sheet.it.projectTracker x=110 y=35 w=20 h=20 importance=0.83
[MEGA] mapping tile=sheet.it.securityDashboard x=53 y=102 w=20 h=20 importance=0.83
[MEGA] mapping tile=sheet.scm.inboundRequests x=-35 y=110 w=20 h=20 importance=0.83
[MEGA] mapping tile=sheet.scm.supplierScorecard x=-166 y=64 w=20 h=20 importance=0.83
[MEGA] mapping tile=sheet.qa.auditFindings x=-163 y=-72 w=20 h=20 importance=0.63
[MEGA] mapping tile=sheet.qa.ncTracking x=-64 y=-166 w=20 h=20 importance=0.63
[MEGA] mapping tile=sheet.qa.spcCharts x=72 y=-163 w=20 h=20 importance=0.63
[MEGA] mapping tile=P2P.RequisitionLines x=166 y=-64 w=20 h=20 importance=0.03
[MEGA] mapping tile=P2P.POLines x=163 y=72 w=20 h=20 importance=0.03
[MEGA] mapping tile=P2P.GRLines x=64 y=166 w=20 h=20 importance=0.03
[MEGA] mapping tile=P2P.InvoiceLines x=-72 y=163 w=20 h=20 importance=0.03
[MEGA] mapping tile=P2P.PaymentLines x=-233 y=62 w=20 h=20 importance=0.03
[MEGA] mapping tile=P2P.BankStatementLines x=-209 y=-121 w=20 h=20 importance=0.03
[MEGA] mapping tile=P2P.GLPostingLines x=-62 y=-233 w=20 h=20 importance=0.03
[MEGA] mapping tile=P2P.ThreeWayMatch x=121 y=-209 w=20 h=20 importance=0.03
[MEGA] mapping tile=P2P.InvoiceToGLMatch x=233 y=-62 w=20 h=20 importance=0.03
[MEGA] mapping tile=P2P.InvoiceToPaymentMatch x=209 y=121 w=20 h=20 importance=0.03
[MEGA] mapping tile=P2P.AP_Aging x=62 y=233 w=20 h=20 importance=0.03
[MEGA] mapping tile=P2P.MatchRateSummary x=-121 y=209 w=20 h=20 importance=0.03
[MEGA] mapping tile=P2P.SpendByCategory x=-301 y=45 w=20 h=20 importance=0.03
[MEGA] mapping tile=MFG.WorkOrders x=-245 y=-181 w=20 h=20 importance=0.03
[MEGA] mapping tile=MFG.MaterialIssues x=-45 y=-301 w=20 h=20 importance=0.03
[MEGA] mapping tile=MFG.ScrapEvents x=181 y=-245 w=20 h=20 importance=0.03
[MEGA] mapping tile=MFG.QualityChecks x=301 y=-45 w=20 h=20 importance=0.03
[MEGA] mapping tile=MFG.WOIssueMatch x=245 y=181 w=20 h=20 importance=0.03
[MEGA] mapping tile=MFG.ProductionSummary x=45 y=301 w=20 h=20 importance=0.03
05:26:34.288 ℹ️ [VIS2] expandedSheetsAllowed=false scope=company
05:26:34.290 ℹ️ [VIS2] suppressSheetDetail=true expandedSheetsAllowed=false selectedSheet=none lod=COMPANY
05:26:34.291 ℹ️ [VIS2] deptSpinesRendered count=8
05:26:34.291 ℹ️ [VIS2] companyCollapsed result=PASS sheetsRendered=0 lod=COMPANY scope=company expandedSheetsAllowed=false
05:26:34.296 ℹ️ [VIS2] sheetTilesRendered count=39
05:26:34.298 ℹ️ [LOD-BUDGET] frame sheetsDetailed=0 totalMarkers=0 totalPrims=145 totalEntities=132
05:26:34.888 ℹ️ [DOCK] dist=761 align=0.05 preview=false edit=false overlay=0.00
05:26:35.294 ℹ️ [PRESENCE] hb user=user.local.mlq5uj4y room=room.111ef3ac ageMs=3016 result=PASS
[PRESENCE] hb user=user.local.mlq5uj4y room=room.111ef3ac ageMs=3016 result=PASS
05:26:36.141 ℹ️ [DOCK] dist=761 align=0.05 preview=false edit=false overlay=0.00
[BoundaryRenderer] ✅ SAU: Loaded 1/1 features
[BoundaryRenderer] Loading IND from data/boundaries/countries/IND-ADM0.geojson
05:26:37.507 ℹ️ [DOCK] dist=761 align=0.05 preview=false edit=false overlay=0.00
05:26:37.864 ℹ️ [PRESENCE] hb user=user.local.mlq5uj4y room=room.111ef3ac ageMs=2570 result=PASS
[PRESENCE] hb user=user.local.mlq5uj4y room=room.111ef3ac ageMs=2570 result=PASS
[BoundaryRenderer] ✅ IND: Loaded 1/1 features
[BoundaryRenderer] Loading CHN from data/boundaries/countries/CHN-ADM0.geojson
05:26:38.709 ℹ️ [DOCK] dist=761 align=0.05 preview=false edit=false overlay=0.00
[BoundaryRenderer] ✅ CHN: Loaded 1/1 features
[BoundaryRenderer] Loading KOR from data/boundaries/countries/KOR-ADM0.geojson
05:26:40.191 ℹ️ [DOCK] dist=761 align=0.05 preview=false edit=false overlay=0.00
[BoundaryRenderer] ✅ KOR: Loaded 1/1 features
[BoundaryRenderer] Loading ISR from data/boundaries/countries/ISR-ADM0.geojson
05:26:41.023 ℹ️ [PRESENCE] hb user=user.local.mlq5uj4y room=room.111ef3ac ageMs=3158 result=PASS
[PRESENCE] hb user=user.local.mlq5uj4y room=room.111ef3ac ageMs=3158 result=PASS
05:26:41.621 ℹ️ [DOCK] dist=761 align=0.05 preview=false edit=false overlay=0.00
[BOUNDARY] reuse id=boundary-ISR-0-0050ba14
05:26:42.093 ℹ️ [GLOBE] country-set id=global-core loaded=26
[BoundaryRenderer] Loading USA from data/boundaries/countries/USA-ADM0.geojson
[MODE] renderMode=LAUNCH_CANOPY
05:26:42.170 ℹ️ [VIS2] expandedSheetsAllowed=false scope=company
05:26:42.174 ℹ️ [VIS2] suppressSheetDetail=true expandedSheetsAllowed=false selectedSheet=none lod=COMPANY
05:26:42.176 ℹ️ [VIS2] deptSpinesRendered count=8
05:26:42.176 ℹ️ [VIS2] companyCollapsed result=PASS sheetsRendered=0 lod=COMPANY scope=company expandedSheetsAllowed=false
05:26:42.184 ℹ️ [VIS2] sheetTilesRendered count=39
05:26:42.189 ℹ️ [LOD-BUDGET] frame sheetsDetailed=0 totalMarkers=0 totalPrims=145 totalEntities=132
05:26:42.972 ℹ️ [DOCK] dist=761 align=0.05 preview=false edit=false overlay=0.00
05:26:43.881 ℹ️ [PRESENCE] hb user=user.local.mlq5uj4y room=room.111ef3ac ageMs=2859 result=PASS
[PRESENCE] hb user=user.local.mlq5uj4y room=room.111ef3ac ageMs=2859 result=PASS
[BoundaryRenderer] Loading USA from data/boundaries/countries/USA-ADM0.geojson
05:26:44.426 ℹ️ [DOCK] dist=761 align=0.05 preview=false edit=false overlay=0.00
05:26:45.706 ℹ️ [DOCK] dist=761 align=0.05 preview=false edit=false overlay=0.00
05:26:46.184 ℹ️ [GLOBE] focus country=USA
05:26:46.185 ℹ️ [GLOBE] focus region=north-america
05:26:46.186 ℹ️ [GLOBE] hierarchy init cluster=globe countries=11
[BoundaryRenderer] Loading USA from data/boundaries/countries/USA-ADM0.geojson
05:26:46.614 ℹ️ [CAM] basin-exit target=branch.maintenance
05:26:47.136 ℹ️ [PRESENCE] hb user=user.local.mlq5uj4y room=room.111ef3ac ageMs=3255 result=PASS
[PRESENCE] hb user=user.local.mlq5uj4y room=room.111ef3ac ageMs=3255 result=PASS