[ENU] Coordinate system loaded - all geometry in meters
11:08:37.318 ℹ️ [Z] mode=DRAFT user=local target=none previous=INIT
11:08:37.349 ℹ️ 🚀 Relay Cesium World starting...
11:08:37.351 ℹ️ 🌍 Initializing Cesium Viewer...
11:08:37.352 ℹ️ ✅ Terrain provider created (Ellipsoid)
11:08:37.353 ℹ️ ✅ Imagery provider created (OpenStreetMap tiles loading...)
11:08:37.398 ℹ️ ✅ Viewer created
11:08:37.401 ℹ️ [GLOBE] imagery mode=osm provider=OpenStreetMap
11:08:37.403 ℹ️ ℹ️ 3D Buildings skipped (no Cesium Ion token configured)
11:08:37.404 ⚠️ ⚠️ Buildings marked as DEGRADED
11:08:37.405 ℹ️ 🌍 Cesium Viewer initialized successfully
11:08:37.406 ℹ️ [GLOBE] services weatherBase=http://127.0.0.1:4020
11:08:37.406 ℹ️ [GLOBE] imagery registry enabled modes=local,clean-street,satellite,hybrid,osm,dark,minimalist
11:08:37.407 ℹ️ [CAM] restore-POV disabled for testing
11:08:37.407 ℹ️ [INPUT] owner=CAMERA mode=FreeFly reason=default
11:08:37.408 ℹ️ [FilamentRenderer] Initialized (Phase 2.1 Primitives)
[RelationshipRenderer] Initialized
[RelationshipRenderer] Cleared all relationships
11:08:37.408 ℹ️ [F2] clearedEdges=0 clearedScars=0
11:08:37.408 ℹ️ 🧹 Filament renderer cleared
[BoundaryRenderer] DataSource created and added to viewer
[BoundaryRenderer] Initialized
11:08:37.410 ℹ️ 🌍 Loading boundaries (fail-soft)...
[BoundaryRenderer] Loading ISR from data/boundaries/countries/ISR-ADM0.geojson
[BoundaryRenderer] Loading USA from data/boundaries/countries/USA-ADM0.geojson
11:08:37.410 ℹ️ [BOUNDARY-EDITOR] Initialized
11:08:37.411 ℹ️ 🌲 Loading demo tree...
11:08:37.412 ℹ️ [FILAMENT] registry initialized=PASS total=6
[FILAMENT] registry initialized=PASS total=6
11:08:37.412 ℹ️ [DISCLOSURE] restore backend=localStorage loaded=0 result=PASS
[DISCLOSURE] restore backend=localStorage loaded=0 result=PASS
11:08:37.413 ℹ️ [TIMEBOX] event type=DISCLOSURE_CHANGE id=FIL-003 applied=PASS target=trunk.avgol timeboxId=T6
[TIMEBOX] event type=DISCLOSURE_CHANGE id=FIL-003 applied=PASS target=trunk.avgol timeboxId=T6
11:08:37.413 ℹ️ [DISCLOSURE] id=FIL-003 from=PRIVATE to=WITNESSED reason=lifecycle_default result=PASS
[DISCLOSURE] id=FIL-003 from=PRIVATE to=WITNESSED reason=lifecycle_default result=PASS
11:08:37.414 ℹ️ [DISCLOSURE] persist backend=localStorage stored=6 result=PASS
[DISCLOSURE] persist backend=localStorage stored=6 result=PASS
11:08:37.414 ℹ️ [TIMEBOX] event type=DISCLOSURE_CHANGE id=FIL-004 applied=PASS target=trunk.avgol timeboxId=T6
[TIMEBOX] event type=DISCLOSURE_CHANGE id=FIL-004 applied=PASS target=trunk.avgol timeboxId=T6
11:08:37.414 ℹ️ [DISCLOSURE] id=FIL-004 from=PRIVATE to=PUBLIC_SUMMARY reason=lifecycle_default result=PASS
[DISCLOSURE] id=FIL-004 from=PRIVATE to=PUBLIC_SUMMARY reason=lifecycle_default result=PASS
11:08:37.415 ℹ️ [DISCLOSURE] persist backend=localStorage stored=6 result=PASS
[DISCLOSURE] persist backend=localStorage stored=6 result=PASS
11:08:37.415 ℹ️ [TIMEBOX] event type=DISCLOSURE_CHANGE id=FIL-005 applied=PASS target=trunk.avgol timeboxId=T6
[TIMEBOX] event type=DISCLOSURE_CHANGE id=FIL-005 applied=PASS target=trunk.avgol timeboxId=T6
11:08:37.415 ℹ️ [DISCLOSURE] id=FIL-005 from=PRIVATE to=PUBLIC_SUMMARY reason=lifecycle_default result=PASS
[DISCLOSURE] id=FIL-005 from=PRIVATE to=PUBLIC_SUMMARY reason=lifecycle_default result=PASS
11:08:37.415 ℹ️ [DISCLOSURE] persist backend=localStorage stored=6 result=PASS
[DISCLOSURE] persist backend=localStorage stored=6 result=PASS
11:08:37.416 ℹ️ [TIMEBOX] event type=DISCLOSURE_CHANGE id=FIL-006 applied=PASS target=trunk.avgol timeboxId=T6
[TIMEBOX] event type=DISCLOSURE_CHANGE id=FIL-006 applied=PASS target=trunk.avgol timeboxId=T6
11:08:37.416 ℹ️ [DISCLOSURE] id=FIL-006 from=PRIVATE to=WITNESSED reason=lifecycle_default result=PASS
[DISCLOSURE] id=FIL-006 from=PRIVATE to=WITNESSED reason=lifecycle_default result=PASS
11:08:37.416 ℹ️ [DISCLOSURE] persist backend=localStorage stored=6 result=PASS
[DISCLOSURE] persist backend=localStorage stored=6 result=PASS
[GroupMarkerNotSet(crbug.com/242999)!:A0302300C45C0000]Automatic fallback to software WebGL has been deprecated. Please use the --enable-unsafe-swiftshader (about:flags#enable-unsafe-swiftshader) flag to opt in to lower security guarantees for trusted content.
[.WebGL-0x51ec020a0700]GL Driver Message (OpenGL, Performance, GL_CLOSE_PATH_NV, High): GPU stall due to ReadPixels
[.WebGL-0x51ec020a0700]GL Driver Message (OpenGL, Performance, GL_CLOSE_PATH_NV, High): GPU stall due to ReadPixels
[BoundaryRenderer] ✅ ISR: Loaded 1/1 features
11:08:37.675 ℹ️ [B2-PROOF] threeWayMatch mismatch matchId=3WM-001 poLineId=POL-001 grLineId=GRL-001 invLineId=IL-001 status=MATCH qtyVar=0 priceVar=0
11:08:37.678 ℹ️ [B2-PROOF] threeWayMatch mismatch matchId=3WM-002 poLineId=POL-002 grLineId=GRL-002 invLineId=IL-002 status=MATCH qtyVar=0 priceVar=0
11:08:37.678 ℹ️ [B2-PROOF] threeWayMatch mismatch matchId=3WM-003 poLineId=POL-003 grLineId=GRL-003 invLineId=IL-003 status=PRICE_EXCEPTION qtyVar=0 priceVar=50
11:08:37.678 ℹ️ [B2-PROOF] threeWayMatch mismatch matchId=3WM-004 poLineId=POL-004 grLineId=GRL-004 invLineId=IL-004 status=PRICE_EXCEPTION qtyVar=0 priceVar=0.5
11:08:37.679 ℹ️ [B2-PROOF] threeWayMatch mismatch matchId=3WM-005 poLineId=POL-005 grLineId=GRL-005 invLineId=IL-005 status=QTY_EXCEPTION qtyVar=2 priceVar=2
11:08:37.679 ℹ️ [B2-PROOF] threeWayMatch mismatch matchId=3WM-006 poLineId=POL-006 grLineId= invLineId= status=UNMATCHED qtyVar=N/A priceVar=N/A
11:08:37.679 ℹ️ [B2-PROOF] threeWayMatch unmatched invoice matchId=3WM-007 invLineId=IL-006 (no PO link)
11:08:37.680 ℹ️ [B2-PROOF] buildMatches complete: 15 match rows, 9 exceptions/unmatched, rebuilt=P2P.ThreeWayMatch,P2P.InvoiceToGLMatch,P2P.InvoiceToPaymentMatch
11:08:37.681 ℹ️ [B3-PROOF] buildSummaryData: 3 summary sheets, 35 formula cells (zero JS aggregation)
11:08:37.681 ℹ️ [MODULE] P2P loaded: 13 sheets (7 fact + 3 match + 3 summary), 127 columns
11:08:37.682 ℹ️ [MODULE]   FC1: P2P.RequisitionLines (12 cols)
11:08:37.682 ℹ️ [MODULE]   FC2: P2P.POLines (13 cols)
11:08:37.683 ℹ️ [MODULE]   FC3: P2P.GRLines (10 cols)
11:08:37.683 ℹ️ [MODULE]   FC4: P2P.InvoiceLines (16 cols)
11:08:37.683 ℹ️ [MODULE]   FC5: P2P.PaymentLines (14 cols)
11:08:37.684 ℹ️ [MODULE]   FC7: P2P.BankStatementLines (7 cols)
11:08:37.684 ℹ️ [MODULE]   FC6: P2P.GLPostingLines (11 cols)
11:08:37.684 ℹ️ [MODULE]   MC1: P2P.ThreeWayMatch (14 cols, 7 match rows)
11:08:37.685 ℹ️ [MODULE]   MC2: P2P.InvoiceToGLMatch (10 cols, 4 match rows)
11:08:37.685 ℹ️ [MODULE]   MC3: P2P.InvoiceToPaymentMatch (11 cols, 4 match rows)
11:08:37.685 ℹ️ [MODULE]   SC1: P2P.AP_Aging (2 cols, 13 formula rows)
11:08:37.686 ℹ️ [MODULE]   SC2: P2P.MatchRateSummary (2 cols, 7 formula rows)
11:08:37.686 ℹ️ [MODULE]   SC3: P2P.SpendByCategory (5 cols, 5 formula rows)
11:08:37.686 ℹ️ [MODULE] KPI bindings: 3 metrics → branch.p2p
11:08:37.687 ℹ️ [MODULE]   matchRate: P2P.MatchRateSummary!B8 (%)
11:08:37.687 ℹ️ [MODULE]   dpo: P2P.AP_Aging!B13 (days)
11:08:37.688 ℹ️ [MODULE]   outstanding: P2P.AP_Aging!B4 (USD)
11:08:37.688 ℹ️ [MODULE] P2P merged into tree: +27 nodes, +27 edges
[.WebGL-0x51ec020a0700]GL Driver Message (OpenGL, Performance, GL_CLOSE_PATH_NV, High): GPU stall due to ReadPixels
[BoundaryRenderer] ✅ USA: Loaded 1/1 features
11:08:37.747 ℹ️ [BOUNDARY] containsll suite=PASS polygons=1 multipolygons=1 holes=0
11:08:37.748 ℹ️ [BOUNDARY] containsll hole-suite=PASS probes=3
11:08:37.748 ℹ️ [BOUNDARY] restore result=PASS renderer=BoundaryRenderer containsLL=PASS ISR=1 USA=1
11:08:37.748 ℹ️ [GATE] G3 status=PASS evidence=runtime-boundary-selftest
11:08:37.749 ℹ️ [UX] boundaries=ACTIVE mode=READ_ONLY
11:08:37.749 ℹ️ [BOUNDARY] voting-scope mode=BOUNDARY_ENABLED reason=boundary-pass
[.WebGL-0x51ec020a0700]GL Driver Message (OpenGL, Performance, GL_CLOSE_PATH_NV, High): GPU stall due to ReadPixels (this message will no longer repeat)
11:08:37.797 ℹ️ [B2-PROOF] threeWayMatch unmatched invoice matchId=3WM-001 invLineId=undefined (no PO link)
11:08:37.797 ℹ️ [B2-PROOF] threeWayMatch unmatched invoice matchId=3WM-002 invLineId=undefined (no PO link)
11:08:37.798 ℹ️ [B2-PROOF] threeWayMatch unmatched invoice matchId=3WM-003 invLineId=undefined (no PO link)
11:08:37.798 ℹ️ [B2-PROOF] threeWayMatch unmatched invoice matchId=3WM-004 invLineId=undefined (no PO link)
11:08:37.798 ℹ️ [B2-PROOF] threeWayMatch unmatched invoice matchId=3WM-005 invLineId=undefined (no PO link)
11:08:37.799 ℹ️ [B2-PROOF] threeWayMatch unmatched invoice matchId=3WM-006 invLineId=undefined (no PO link)
11:08:37.799 ℹ️ [B2-PROOF] buildMatches complete: 8 match rows, 8 exceptions/unmatched, rebuilt=P2P.ThreeWayMatch,P2P.InvoiceToGLMatch,P2P.InvoiceToPaymentMatch,MFG.WOIssueMatch
11:08:37.800 ℹ️ [B3-PROOF] buildSummaryData: 1 summary sheets, 4 formula cells (zero JS aggregation)
11:08:37.800 ℹ️ [MODULE] MFG loaded: 6 sheets (4 fact + 1 match + 1 summary), 29 columns
11:08:37.801 ℹ️ [MODULE]   FC1: MFG.WorkOrders (5 cols)
11:08:37.801 ℹ️ [MODULE]   FC2: MFG.MaterialIssues (5 cols)
11:08:37.801 ℹ️ [MODULE]   FC3: MFG.ScrapEvents (5 cols)
11:08:37.802 ℹ️ [MODULE]   FC4: MFG.QualityChecks (4 cols)
11:08:37.802 ℹ️ [MODULE]   MC1: MFG.WOIssueMatch (8 cols, 0 match rows)
11:08:37.802 ℹ️ [MODULE]   SC1: MFG.ProductionSummary (2 cols, 4 formula rows)
11:08:37.803 ℹ️ [MODULE] KPI bindings: 1 metrics → branch.mfg
11:08:37.803 ℹ️ [MODULE]   issueCoverage: MFG.ProductionSummary!B4 (%)
11:08:37.803 ℹ️ [MODULE] MFG merged into tree: +13 nodes, +13 edges
11:08:37.824 ℹ️ [BOUNDARY] manifestLoaded countries=27
[BoundaryRenderer] Loading USA from data/boundaries/countries/USA-ADM0.geojson
11:08:37.868 ℹ️ [ROUTE] loaded 12 routes from group "p2p" (module: P2P)
11:08:37.870 ℹ️ [ROUTE]   p2p.requisition → P2P.RequisitionLines (keys: reqId, reqLineId)
11:08:37.870 ℹ️ [ROUTE]   p2p.purchaseOrder → P2P.POLines (keys: poId, poLineId)
11:08:37.871 ℹ️ [ROUTE]   p2p.goodsReceipt → P2P.GRLines (keys: grId, grLineId)
11:08:37.871 ℹ️ [ROUTE]   p2p.invoice → P2P.InvoiceLines (keys: invId, invLineId)
11:08:37.872 ℹ️ [ROUTE]   p2p.payment → P2P.PaymentLines (keys: paymentId, payLineId)
11:08:37.872 ℹ️ [ROUTE]   p2p.pr → P2P.RequisitionLines (keys: reqId, reqLineId)
11:08:37.872 ℹ️ [ROUTE]   p2p.po → P2P.POLines (keys: poId, poLineId)
11:08:37.873 ℹ️ [ROUTE]   p2p.gr → P2P.GRLines (keys: grId, grLineId)
11:08:37.873 ℹ️ [ROUTE]   p2p.inv → P2P.InvoiceLines (keys: invId, invLineId)
11:08:37.873 ℹ️ [ROUTE]   p2p.pay → P2P.PaymentLines (keys: paymentId, payLineId)
11:08:37.874 ℹ️ [ROUTE]   p2p.bankStatement → P2P.BankStatementLines (keys: bankLineId)
11:08:37.874 ℹ️ [ROUTE]   p2p.glPosting → P2P.GLPostingLines (keys: glDocId, glLineId)
[BOUNDARY] reuse id=boundary-USA-0-6c62914d
11:08:37.940 ℹ️ [BOUNDARY] skipMissing country=CAN reason=not_in_manifest
11:08:37.941 ℹ️ [BOUNDARY] skipMissing country=MEX reason=not_in_manifest
[BoundaryRenderer] Loading BRA from data/boundaries/countries/BRA-ADM0.geojson
11:08:37.975 ℹ️ [ROUTE] loaded 4 routes from group "mfg" (module: MFG)
11:08:37.976 ℹ️ [ROUTE]   mfg.workOrder → MFG.WorkOrders (keys: workOrderId)
11:08:37.977 ℹ️ [ROUTE]   mfg.materialIssue → MFG.MaterialIssues (keys: issueId)
11:08:37.978 ℹ️ [ROUTE]   mfg.scrapEvent → MFG.ScrapEvents (keys: scrapId)
11:08:37.978 ℹ️ [ROUTE]   mfg.qualityCheck → MFG.QualityChecks (keys: qcId)
11:08:37.980 ℹ️ [D1-AGG] trunk=trunk.avgol metrics=4 hash=0x663fa7ee
11:08:37.982 ℹ️ ✅ Demo tree rendered: Avgol @ Tel Aviv
11:08:37.985 ℹ️ [F2] clearedEdges=0 clearedScars=0
11:08:37.986 ℹ️ 🧹 Filament renderer cleared
11:08:37.986 ℹ️ [BUILD] renderer=filament VIS-RADIAL-CANOPY-1
11:08:37.986 ℹ️ 🌲 Rendering tree: 72 nodes, 66 edges
11:08:37.987 ℹ️ [THICKNESS] cell=1.00m spine=3.00m branch=24.00m trunk=30.00m root=12.00m
11:08:37.988 ℹ️ [GATE 4] Anchor marker rendered at (34.7818, 32.0853) - independent of buildings/terrain
11:08:37.989 ℹ️ [Phase 2.3] Root continuation: 1000m below anchor (aligned to ENU Up/Down)
11:08:37.991 ℹ️ [FilamentRenderer] ⏰ Timeboxes: 6 on trunk trunk.avgol
11:08:37.993 ℹ️ [GATE 4] Anchor marker rendered at (34.7818, 32.0853) - independent of buildings/terrain
11:08:37.993 ℹ️ [Phase 2.3] Root continuation: 1000m below anchor (aligned to ENU Up/Down)
11:08:37.994 ℹ️ [GATE 4] Anchor marker rendered at (34.7818, 32.0853) - independent of buildings/terrain
11:08:37.994 ℹ️ [Phase 2.3] Root continuation: 1000m below anchor (aligned to ENU Up/Down)
11:08:37.996 ℹ️ [GATE 4] Anchor marker rendered at (34.7818, 32.0853) - independent of buildings/terrain
11:08:37.996 ℹ️ [Phase 2.3] Root continuation: 1000m below anchor (aligned to ENU Up/Down)
11:08:37.997 ℹ️ [GATE 4] Anchor marker rendered at (34.7818, 32.0853) - independent of buildings/terrain
11:08:37.997 ℹ️ [Phase 2.3] Root continuation: 1000m below anchor (aligned to ENU Up/Down)
11:08:37.998 ℹ️ [GATE 4] Anchor marker rendered at (34.7818, 32.0853) - independent of buildings/terrain
11:08:37.999 ℹ️ [Phase 2.3] Root continuation: 1000m below anchor (aligned to ENU Up/Down)
11:08:37.999 ℹ️ [VIS] voteFilter LOD=COMPANY override=ALL
11:08:38.000 ℹ️ [GATE 2] Branch branch.operations:
11:08:38.001 ℹ️   ENU Start: (E=0, N=0, U=2000)
11:08:38.001 ℹ️   ENU End: (E=800, N=0, U=2000)
11:08:38.001 ℹ️   Branch Length: 800.0m
11:08:38.003 ℹ️ [FilamentRenderer] ⏰ Timeboxes: 5 on branch branch.operations
11:08:38.004 ℹ️ [GATE 2] Branch branch.finance:
11:08:38.004 ℹ️   ENU Start: (E=0, N=32, U=2000)
11:08:38.005 ℹ️   ENU End: (E=800, N=32, U=2000)
11:08:38.005 ℹ️   Branch Length: 800.0m
11:08:38.006 ℹ️ [FilamentRenderer] ⏰ Timeboxes: 4 on branch branch.finance
11:08:38.007 ℹ️ [GATE 2] Branch branch.supplychain:
11:08:38.007 ℹ️   ENU Start: (E=0, N=64, U=2000)
11:08:38.008 ℹ️   ENU End: (E=800, N=64, U=2000)
11:08:38.008 ℹ️   Branch Length: 800.0m
11:08:38.010 ℹ️ [FilamentRenderer] ⏰ Timeboxes: 5 on branch branch.supplychain
11:08:38.010 ℹ️ [GATE 2] Branch branch.quality:
11:08:38.010 ℹ️   ENU Start: (E=0, N=96, U=2000)
11:08:38.011 ℹ️   ENU End: (E=800, N=96, U=2000)
11:08:38.011 ℹ️   Branch Length: 800.0m
11:08:38.013 ℹ️ [FilamentRenderer] ⏰ Timeboxes: 5 on branch branch.quality
11:08:38.013 ℹ️ [GATE 2] Branch branch.maintenance:
11:08:38.014 ℹ️   ENU Start: (E=0, N=128, U=2000)
11:08:38.014 ℹ️   ENU End: (E=800, N=128, U=2000)
11:08:38.015 ℹ️   Branch Length: 800.0m
11:08:38.018 ℹ️ [FilamentRenderer] ⏰ Timeboxes: 4 on branch branch.maintenance
11:08:38.018 ℹ️ [GATE 2] Branch branch.it:
11:08:38.019 ℹ️   ENU Start: (E=0, N=160, U=2000)
11:08:38.019 ℹ️   ENU End: (E=800, N=160, U=2000)
11:08:38.019 ℹ️   Branch Length: 800.0m
11:08:38.020 ℹ️ [FilamentRenderer] ⏰ Timeboxes: 5 on branch branch.it
11:08:38.021 ℹ️ [GATE 2] Branch branch.p2p:
11:08:38.021 ℹ️   ENU Start: (E=0, N=192, U=2000)
11:08:38.021 ℹ️   ENU End: (E=800, N=192, U=2000)
11:08:38.022 ℹ️   Branch Length: 800.0m
11:08:38.022 ℹ️ [FilamentRenderer] ⏰ Timeboxes: 1 on branch branch.p2p
11:08:38.023 ℹ️ [GATE 2] Branch branch.p2p.fc1:
11:08:38.023 ℹ️   ENU Start: (E=0, N=224, U=2000)
11:08:38.023 ℹ️   ENU End: (E=800, N=224, U=2000)
11:08:38.023 ℹ️   Branch Length: 800.0m
11:08:38.024 ℹ️ [FilamentRenderer] ⏰ Timeboxes: 1 on branch branch.p2p.fc1
11:08:38.024 ℹ️ [GATE 2] Branch branch.p2p.fc2:
11:08:38.025 ℹ️   ENU Start: (E=0, N=256, U=2000)
11:08:38.025 ℹ️   ENU End: (E=800, N=256, U=2000)
11:08:38.025 ℹ️   Branch Length: 800.0m
11:08:38.026 ℹ️ [FilamentRenderer] ⏰ Timeboxes: 1 on branch branch.p2p.fc2
11:08:38.026 ℹ️ [GATE 2] Branch branch.p2p.fc3:
11:08:38.026 ℹ️   ENU Start: (E=0, N=288, U=2000)
11:08:38.026 ℹ️   ENU End: (E=800, N=288, U=2000)
11:08:38.027 ℹ️   Branch Length: 800.0m
11:08:38.027 ℹ️ [FilamentRenderer] ⏰ Timeboxes: 1 on branch branch.p2p.fc3
11:08:38.027 ℹ️ [GATE 2] Branch branch.p2p.fc4:
11:08:38.028 ℹ️   ENU Start: (E=0, N=320, U=2000)
11:08:38.028 ℹ️   ENU End: (E=800, N=320, U=2000)
11:08:38.028 ℹ️   Branch Length: 800.0m
11:08:38.029 ℹ️ [FilamentRenderer] ⏰ Timeboxes: 1 on branch branch.p2p.fc4
11:08:38.029 ℹ️ [GATE 2] Branch branch.p2p.fc5:
11:08:38.029 ℹ️   ENU Start: (E=0, N=352, U=2000)
11:08:38.030 ℹ️   ENU End: (E=800, N=352, U=2000)
11:08:38.030 ℹ️   Branch Length: 800.0m
11:08:38.030 ℹ️ [FilamentRenderer] ⏰ Timeboxes: 1 on branch branch.p2p.fc5
11:08:38.031 ℹ️ [GATE 2] Branch branch.p2p.fc7:
11:08:38.031 ℹ️   ENU Start: (E=0, N=384, U=2000)
11:08:38.031 ℹ️   ENU End: (E=800, N=384, U=2000)
11:08:38.031 ℹ️   Branch Length: 800.0m
11:08:38.032 ℹ️ [FilamentRenderer] ⏰ Timeboxes: 1 on branch branch.p2p.fc7
11:08:38.032 ℹ️ [GATE 2] Branch branch.p2p.fc6:
11:08:38.032 ℹ️   ENU Start: (E=0, N=416, U=2000)
11:08:38.033 ℹ️   ENU End: (E=800, N=416, U=2000)
11:08:38.033 ℹ️   Branch Length: 800.0m
11:08:38.033 ℹ️ [FilamentRenderer] ⏰ Timeboxes: 1 on branch branch.p2p.fc6
11:08:38.034 ℹ️ [GATE 2] Branch branch.p2p.mc1:
11:08:38.034 ℹ️   ENU Start: (E=0, N=448, U=2000)
11:08:38.034 ℹ️   ENU End: (E=800, N=448, U=2000)
11:08:38.035 ℹ️   Branch Length: 800.0m
11:08:38.035 ℹ️ [FilamentRenderer] ⏰ Timeboxes: 1 on branch branch.p2p.mc1
11:08:38.036 ℹ️ [GATE 2] Branch branch.p2p.mc2:
11:08:38.036 ℹ️   ENU Start: (E=0, N=480, U=2000)
11:08:38.037 ℹ️   ENU End: (E=800, N=480, U=2000)
11:08:38.037 ℹ️   Branch Length: 800.0m
11:08:38.038 ℹ️ [FilamentRenderer] ⏰ Timeboxes: 1 on branch branch.p2p.mc2
11:08:38.038 ℹ️ [GATE 2] Branch branch.p2p.mc3:
11:08:38.039 ℹ️   ENU Start: (E=0, N=512, U=2000)
11:08:38.039 ℹ️   ENU End: (E=800, N=512, U=2000)
11:08:38.040 ℹ️   Branch Length: 800.0m
11:08:38.041 ℹ️ [FilamentRenderer] ⏰ Timeboxes: 1 on branch branch.p2p.mc3
11:08:38.041 ℹ️ [GATE 2] Branch branch.p2p.sc1:
11:08:38.042 ℹ️   ENU Start: (E=0, N=544, U=2000)
11:08:38.042 ℹ️   ENU End: (E=800, N=544, U=2000)
11:08:38.043 ℹ️   Branch Length: 800.0m
11:08:38.043 ℹ️ [FilamentRenderer] ⏰ Timeboxes: 1 on branch branch.p2p.sc1
11:08:38.044 ℹ️ [GATE 2] Branch branch.p2p.sc2:
11:08:38.044 ℹ️   ENU Start: (E=0, N=576, U=2000)
11:08:38.045 ℹ️   ENU End: (E=800, N=576, U=2000)
11:08:38.045 ℹ️   Branch Length: 800.0m
11:08:38.046 ℹ️ [FilamentRenderer] ⏰ Timeboxes: 1 on branch branch.p2p.sc2
11:08:38.046 ℹ️ [GATE 2] Branch branch.p2p.sc3:
11:08:38.046 ℹ️   ENU Start: (E=0, N=608, U=2000)
11:08:38.047 ℹ️   ENU End: (E=800, N=608, U=2000)
11:08:38.047 ℹ️   Branch Length: 800.0m
11:08:38.047 ℹ️ [FilamentRenderer] ⏰ Timeboxes: 1 on branch branch.p2p.sc3
11:08:38.048 ℹ️ [GATE 2] Branch branch.mfg:
11:08:38.048 ℹ️   ENU Start: (E=0, N=640, U=2000)
11:08:38.048 ℹ️   ENU End: (E=800, N=640, U=2000)
11:08:38.049 ℹ️   Branch Length: 800.0m
11:08:38.049 ℹ️ [FilamentRenderer] ⏰ Timeboxes: 1 on branch branch.mfg
11:08:38.050 ℹ️ [GATE 2] Branch branch.mfg.fc1:
11:08:38.050 ℹ️   ENU Start: (E=0, N=672, U=2000)
11:08:38.051 ℹ️   ENU End: (E=800, N=672, U=2000)
11:08:38.051 ℹ️   Branch Length: 800.0m
11:08:38.052 ℹ️ [FilamentRenderer] ⏰ Timeboxes: 1 on branch branch.mfg.fc1
11:08:38.052 ℹ️ [GATE 2] Branch branch.mfg.fc2:
11:08:38.052 ℹ️   ENU Start: (E=0, N=704, U=2000)
11:08:38.053 ℹ️   ENU End: (E=800, N=704, U=2000)
11:08:38.053 ℹ️   Branch Length: 800.0m
11:08:38.054 ℹ️ [FilamentRenderer] ⏰ Timeboxes: 1 on branch branch.mfg.fc2
11:08:38.055 ℹ️ [GATE 2] Branch branch.mfg.fc3:
11:08:38.055 ℹ️   ENU Start: (E=0, N=736, U=2000)
11:08:38.055 ℹ️   ENU End: (E=800, N=736, U=2000)
11:08:38.056 ℹ️   Branch Length: 800.0m
11:08:38.056 ℹ️ [FilamentRenderer] ⏰ Timeboxes: 1 on branch branch.mfg.fc3
11:08:38.056 ℹ️ [GATE 2] Branch branch.mfg.fc4:
11:08:38.057 ℹ️   ENU Start: (E=0, N=768, U=2000)
11:08:38.057 ℹ️   ENU End: (E=800, N=768, U=2000)
11:08:38.057 ℹ️   Branch Length: 800.0m
11:08:38.058 ℹ️ [FilamentRenderer] ⏰ Timeboxes: 1 on branch branch.mfg.fc4
11:08:38.058 ℹ️ [GATE 2] Branch branch.mfg.mc1:
11:08:38.059 ℹ️   ENU Start: (E=0, N=800, U=2000)
11:08:38.059 ℹ️   ENU End: (E=800, N=800, U=2000)
11:08:38.059 ℹ️   Branch Length: 800.0m
11:08:38.060 ℹ️ [FilamentRenderer] ⏰ Timeboxes: 1 on branch branch.mfg.mc1
11:08:38.060 ℹ️ [GATE 2] Branch branch.mfg.sc1:
11:08:38.060 ℹ️   ENU Start: (E=0, N=832, U=2000)
11:08:38.060 ℹ️   ENU End: (E=800, N=832, U=2000)
11:08:38.061 ℹ️   Branch Length: 800.0m
11:08:38.061 ℹ️ [FilamentRenderer] ⏰ Timeboxes: 1 on branch branch.mfg.sc1
11:08:38.062 ℹ️ [VIS2] expandedSheetsAllowed=false scope=world
11:08:38.062 ℹ️ [VIS2] suppressSheetDetail=true expandedSheetsAllowed=false selectedSheet=none lod=COMPANY
11:08:38.063 ℹ️ [VIS2] deptSpinesRendered count=8
11:08:38.063 ℹ️ [S1] SheetsRendered=0 Expected=0
11:08:38.063 ℹ️ [VIS2] companyCollapsed result=PASS sheetsRendered=0 lod=COMPANY scope=world expandedSheetsAllowed=false
11:08:38.065 ℹ️ [SHEET-META] set sheet=sheet.packaging center=ok axes=ok normal=ok dims=400x144 cells=10x6 src=tile
11:08:38.066 ℹ️ [SHEET-META] set sheet=sheet.mfg.materialIssues center=ok axes=ok normal=ok dims=400x144 cells=6x10 src=tile
11:08:38.066 ℹ️ [SHEET-META] set sheet=sheet.fin.apAging center=ok axes=ok normal=ok dims=400x144 cells=8x10 src=tile
11:08:38.067 ℹ️ [SHEET-META] set sheet=sheet.fin.cashForecast center=ok axes=ok normal=ok dims=400x144 cells=6x8 src=tile
11:08:38.067 ℹ️ [SHEET-META] set sheet=sheet.ops.productionSummary center=ok axes=ok normal=ok dims=400x144 cells=6x8 src=tile
11:08:38.068 ℹ️ [SHEET-META] set sheet=sheet.ops.shiftReport center=ok axes=ok normal=ok dims=400x144 cells=6x8 src=tile
11:08:38.068 ℹ️ [SHEET-META] set sheet=sheet.fin.budgetVariance center=ok axes=ok normal=ok dims=400x144 cells=6x6 src=tile
11:08:38.069 ℹ️ [SHEET-META] set sheet=sheet.scm.inventoryLevels center=ok axes=ok normal=ok dims=400x144 cells=8x6 src=tile
11:08:38.069 ℹ️ [SHEET-META] set sheet=sheet.qa.auditFindings center=ok axes=ok normal=ok dims=400x144 cells=8x8 src=tile
11:08:38.070 ℹ️ [SHEET-META] set sheet=sheet.qa.ncTracking center=ok axes=ok normal=ok dims=400x144 cells=6x8 src=tile
11:08:38.070 ℹ️ [SHEET-META] set sheet=sheet.qa.spcCharts center=ok axes=ok normal=ok dims=400x144 cells=6x6 src=tile
11:08:38.071 ℹ️ [SHEET-META] set sheet=sheet.mnt.workOrders center=ok axes=ok normal=ok dims=400x144 cells=8x8 src=tile
11:08:38.071 ℹ️ [SHEET-META] set sheet=sheet.mnt.assetRegistry center=ok axes=ok normal=ok dims=400x144 cells=6x8 src=tile
11:08:38.072 ℹ️ [SHEET-META] set sheet=sheet.mnt.sparePartsInventory center=ok axes=ok normal=ok dims=400x144 cells=6x6 src=tile
11:08:38.072 ℹ️ [SHEET-META] set sheet=sheet.it.systemUptime center=ok axes=ok normal=ok dims=400x144 cells=6x8 src=tile
11:08:38.073 ℹ️ [SHEET-META] set sheet=sheet.it.changeRequests center=ok axes=ok normal=ok dims=400x144 cells=8x8 src=tile
11:08:38.073 ℹ️ [SHEET-META] set sheet=sheet.it.projectTracker center=ok axes=ok normal=ok dims=400x144 cells=8x8 src=tile
11:08:38.074 ℹ️ [SHEET-META] set sheet=sheet.it.securityDashboard center=ok axes=ok normal=ok dims=400x144 cells=6x6 src=tile
11:08:38.074 ℹ️ [SHEET-META] set sheet=sheet.scm.inboundRequests center=ok axes=ok normal=ok dims=400x144 cells=8x10 src=tile
11:08:38.075 ℹ️ [SHEET-META] set sheet=sheet.scm.supplierScorecard center=ok axes=ok normal=ok dims=400x144 cells=6x8 src=tile
11:08:38.075 ℹ️ [SHEET-META] set sheet=P2P.RequisitionLines center=ok axes=ok normal=ok dims=400x144 cells=7x12 src=tile
11:08:38.076 ℹ️ [SHEET-META] set sheet=P2P.POLines center=ok axes=ok normal=ok dims=400x144 cells=7x13 src=tile
11:08:38.076 ℹ️ [SHEET-META] set sheet=P2P.GRLines center=ok axes=ok normal=ok dims=400x144 cells=6x10 src=tile
11:08:38.076 ℹ️ [SHEET-META] set sheet=P2P.InvoiceLines center=ok axes=ok normal=ok dims=400x144 cells=7x16 src=tile
11:08:38.077 ℹ️ [SHEET-META] set sheet=P2P.PaymentLines center=ok axes=ok normal=ok dims=400x144 cells=5x14 src=tile
11:08:38.077 ℹ️ [SHEET-META] set sheet=P2P.BankStatementLines center=ok axes=ok normal=ok dims=400x144 cells=1x7 src=tile
11:08:38.078 ℹ️ [SHEET-META] set sheet=P2P.GLPostingLines center=ok axes=ok normal=ok dims=400x144 cells=9x11 src=tile
11:08:38.078 ℹ️ [SHEET-META] set sheet=P2P.ThreeWayMatch center=ok axes=ok normal=ok dims=400x144 cells=8x14 src=tile
11:08:38.079 ℹ️ [SHEET-META] set sheet=P2P.InvoiceToGLMatch center=ok axes=ok normal=ok dims=400x144 cells=5x10 src=tile
11:08:38.079 ℹ️ [SHEET-META] set sheet=P2P.InvoiceToPaymentMatch center=ok axes=ok normal=ok dims=400x144 cells=5x11 src=tile
11:08:38.079 ℹ️ [SHEET-META] set sheet=P2P.AP_Aging center=ok axes=ok normal=ok dims=400x144 cells=14x2 src=tile
11:08:38.080 ℹ️ [SHEET-META] set sheet=P2P.MatchRateSummary center=ok axes=ok normal=ok dims=400x144 cells=8x2 src=tile
11:08:38.080 ℹ️ [SHEET-META] set sheet=P2P.SpendByCategory center=ok axes=ok normal=ok dims=400x144 cells=6x5 src=tile
11:08:38.081 ℹ️ [SHEET-META] set sheet=MFG.WorkOrders center=ok axes=ok normal=ok dims=400x144 cells=1x5 src=tile
11:08:38.081 ℹ️ [SHEET-META] set sheet=MFG.MaterialIssues center=ok axes=ok normal=ok dims=400x144 cells=1x5 src=tile
11:08:38.082 ℹ️ [SHEET-META] set sheet=MFG.ScrapEvents center=ok axes=ok normal=ok dims=400x144 cells=1x5 src=tile
11:08:38.082 ℹ️ [SHEET-META] set sheet=MFG.QualityChecks center=ok axes=ok normal=ok dims=400x144 cells=1x4 src=tile
11:08:38.083 ℹ️ [SHEET-META] set sheet=MFG.WOIssueMatch center=ok axes=ok normal=ok dims=400x144 cells=1x8 src=tile
11:08:38.083 ℹ️ [SHEET-META] set sheet=MFG.ProductionSummary center=ok axes=ok normal=ok dims=400x144 cells=5x2 src=tile
11:08:38.083 ℹ️ [VIS2] sheetTilesRendered count=39
11:08:38.084 ℹ️ [VIS2] exitSheet collapsed=PASS expanded=0 tiles=39
11:08:38.086 ℹ️ [VIS3] flowOverlay result=PASS edges=66 exceptions=11 scope=world lod=COMPANY
11:08:38.086 ℹ️ [VIS3] trafficBarsRendered count=8
11:08:38.087 ℹ️ [VIS3] gate-summary result=PASS
11:08:38.087 ℹ️ [TIMEBOX] input source=demoTimeboxes
11:08:38.090 ℹ️ [VIS4c] labelsRendered count=36 scope=company
11:08:38.091 ℹ️ [VIS4] slabsRendered scope=company objects=9 slabs=36 capped=false
11:08:38.091 ℹ️ [VIS4] companySlabs result=PASS deptBranches=8 trunkSlabs=6
11:08:38.092 ℹ️ [VIS4] gate-summary result=PASS
11:08:38.092 ℹ️ ✅ Tree rendered:
11:08:38.093 ℹ️   Primitives: 125 (trunk=6, branches=27, cell-filaments=0, spines=0, lane-polylines=0, lane-volumes=0, sheet-tiles=39, dept-spines=8, flow-bars=9, ex-overlays=0, route-highlights=0, slabs=36, vis6-pulses=0, presence-markers=0)
11:08:38.093 ℹ️   Entities: 97 (labels=6, cell-points=0, timebox-labels=91)
11:08:38.094 ℹ️ [LOD-BUDGET] frame sheetsDetailed=0 totalMarkers=0 totalPrims=125 totalEntities=97
11:08:38.094 ℹ️ [TOPOLOGY] sheetNormalCheck mode=skip reason=collapsed expandedSheetsAllowed=false suppressSheetDetail=true canopy=false
11:08:38.095 ℹ️ [FilamentRenderer] ✅ Turgor force animation started
11:08:38.238 ℹ️ [GLOBE] worldTrunks synced added=5 total=6
11:08:38.239 ℹ️ [GLOBE] datasetLoad anchors=6
11:08:38.240 ℹ️ [UX] multiCountrySmoke=PASS anchors=6
11:08:38.240 ℹ️ 📷 Camera presets: Press 1=SheetTopDown, 2=SideProfile, 3=SheetFaceOn, 4=SpreadsheetProof, 5=SpineInspection
11:08:38.242 ℹ️ 🔒 LOD Lock: Press L to lock/unlock LOD at current level
11:08:38.243 ℹ️ 🎮 Free-fly pointer lock: Press ` (backquote) to toggle
11:08:38.245 ℹ️ [HUD] mode=FreeFly layer1=6 layer2=0
11:08:38.250 ℹ️ [PRES] billboard=OFF reason=canonical
11:08:38.251 ℹ️ [UX] debugLogs=false
[BUILD] 2026-02-09T12:30Z ux-1.1-universal-object-contract
11:08:38.252 ℹ️ [UX-1.1-PROOF] type=trunk id=trunk.avgol scope=root actions=focusView,showKPIs,showTimeboxes,showBranches,cycleClusterLevel,focusNextRegion,loadGlobalCore
11:08:38.253 ℹ️ [UX-1.1-PROOF] type=branch id=branch.operations scope=trunk.avgol actions=focusView,showKPIs,showTimeboxes,showPressureSources,cycleClusterLevel,focusNextRegion,loadGlobalCore
11:08:38.254 ℹ️ [UX-1.1-PROOF] type=sheet id=sheet.packaging scope=branch.operations actions=focusView,showSchema,addColumn,addValidation,addSummaryBinding
11:08:38.254 ℹ️ [UX-1.1-PROOF] type=cell id=sheet.packaging.cell.0.0 scope=branch.operations actions=edit,viewDependencies,viewHistory,createValidation,lockScope
11:08:38.255 ℹ️ [UX-1.1-PROOF] type=match id=3WM-001 scope=branch.p2p.mc1 actions=inspectSources,viewVariance,setTolerance,markResolved
11:08:38.255 ℹ️ [UX-1.1-PROOF] type=route id=p2p.requisition scope=branch.p2p.fc1 actions=previewMapping,ingestTestRecord,showProvenance,editFieldMap
11:08:38.256 ℹ️ [UX-1.1-PROOF] type=module id=P2P scope=trunk.avgol actions=showAllSheets,showRoutes,showKPIBindings,showRecomputationChain
11:08:38.256 ℹ️ [UX-1.1] Universal Object Contract: 7 types resolved
11:08:38.258 ℹ️ [LOD] apply level=LANIAKEA sheetsDetailed=0 lanes=0 markers=0
11:08:38.260 ℹ️ [DOCK] dist=11350576 align=0.76 preview=false edit=false overlay=0.00
[BoundaryRenderer] ✅ BRA: Loaded 1/1 features
[BoundaryRenderer] Loading ARG from data/boundaries/countries/ARG-ADM0.geojson
11:08:38.384 ℹ️ [HUD] paramsLoaded version=HUD-PARAMS-v0 policyRef=local:HUD-PARAMS-v0
[BoundaryRenderer] ✅ ARG: Loaded 1/1 features
[BoundaryRenderer] Loading GBR from data/boundaries/countries/GBR-ADM0.geojson
11:08:38.679 ℹ️ [GATE 4] Anchor marker rendered at (-122.4194, 37.7749) - independent of buildings/terrain
11:08:38.681 ℹ️ [GATE 4] Anchor marker rendered at (-0.1276, 51.5072) - independent of buildings/terrain
11:08:38.682 ℹ️ [GATE 4] Anchor marker rendered at (77.2090, 28.6139) - independent of buildings/terrain
11:08:38.682 ℹ️ [GATE 4] Anchor marker rendered at (139.6917, 35.6895) - independent of buildings/terrain
11:08:38.683 ℹ️ [GATE 4] Anchor marker rendered at (-46.6333, -23.5505) - independent of buildings/terrain
11:08:38.684 ℹ️ [VIS] voteFilter LOD=LANIAKEA visible=4 hidden=23
11:08:38.685 ℹ️ [UX] debugLogs=false gateSpamSuppressed=true
11:08:38.687 ℹ️ [VIS2] expandedSheetsAllowed=false scope=world
11:08:38.687 ℹ️ [VIS2] suppressSheetDetail=true expandedSheetsAllowed=false selectedSheet=none lod=LANIAKEA
11:08:38.688 ℹ️ [VIS2] deptSpinesRendered count=4
11:08:38.689 ℹ️ [VIS2] sheetTilesRendered count=14
11:08:38.689 ℹ️ [VIS2] exitSheet collapsed=PASS expanded=0 tiles=14
11:08:38.690 ℹ️ [LOD-BUDGET] frame sheetsDetailed=0 totalMarkers=0 totalPrims=33 totalEntities=52
[BoundaryRenderer] ✅ GBR: Loaded 1/1 features
[BoundaryRenderer] Loading FRA from data/boundaries/countries/FRA-ADM0.geojson
[BoundaryRenderer] ✅ FRA: Loaded 1/1 features
[BoundaryRenderer] Loading DEU from data/boundaries/countries/DEU-ADM0.geojson
11:08:39.322 ℹ️ [DOCK] dist=1372673 align=0.39 preview=false edit=false overlay=0.00
11:08:39.733 ℹ️ [LOD] apply level=PLANETARY sheetsDetailed=0 lanes=0 markers=0
11:08:39.953 ℹ️ [VIS] voteFilter LOD=PLANETARY visible=4 hidden=23
11:08:39.959 ℹ️ [VIS2] expandedSheetsAllowed=false scope=world
11:08:39.960 ℹ️ [VIS2] suppressSheetDetail=true expandedSheetsAllowed=false selectedSheet=none lod=PLANETARY
11:08:39.961 ℹ️ [VIS2] deptSpinesRendered count=4
11:08:39.962 ℹ️ [VIS2] sheetTilesRendered count=14
11:08:39.963 ℹ️ [LOD-BUDGET] frame sheetsDetailed=0 totalMarkers=0 totalPrims=33 totalEntities=52
11:08:40.061 ℹ️ [LOD] apply level=REGION sheetsDetailed=0 lanes=0 markers=0
[BoundaryRenderer] ✅ DEU: Loaded 1/1 features
[BoundaryRenderer] Loading NLD from data/boundaries/countries/NLD-ADM0.geojson
11:08:40.317 ℹ️ [CAM] basin-enter target=trunk.avgol type=trunk radiusM=20000.0 distanceM=13974.6
11:08:40.319 ℹ️ [LOD] apply level=COMPANY requestedSheetsDetailed=0 effectiveSheetsDetailed=0 lanes=0 markers=0 reason=collapsedByPolicy distKm=14.0
11:08:40.461 ℹ️ [VIS] voteFilter LOD=COMPANY override=ALL
11:08:40.466 ℹ️ [VIS2] expandedSheetsAllowed=false scope=world
11:08:40.467 ℹ️ [VIS2] suppressSheetDetail=true expandedSheetsAllowed=false selectedSheet=none lod=COMPANY
11:08:40.467 ℹ️ [VIS2] deptSpinesRendered count=8
11:08:40.467 ℹ️ [VIS2] companyCollapsed result=PASS sheetsRendered=0 lod=COMPANY scope=world expandedSheetsAllowed=false
11:08:40.468 ℹ️ [VIS2] sheetTilesRendered count=39
11:08:40.468 ℹ️ [VIS2] exitSheet collapsed=PASS expanded=0 tiles=39
11:08:40.469 ℹ️ [VIS3] flowOverlay result=PASS edges=66 exceptions=11 scope=world lod=COMPANY
11:08:40.470 ℹ️ [VIS3] trafficBarsRendered count=8
11:08:40.470 ℹ️ [VIS3] gate-summary result=PASS
11:08:40.472 ℹ️ [VIS4c] labelsRendered count=51 scope=company
11:08:40.473 ℹ️ [VIS4] slabsRendered scope=company objects=14 slabs=51 capped=false
11:08:40.473 ℹ️ [VIS4] companySlabs result=PASS deptBranches=8 trunkSlabs=21
11:08:40.473 ℹ️ [VIS4] gate-summary result=PASS
11:08:40.474 ℹ️ [LOD-BUDGET] frame sheetsDetailed=0 totalMarkers=0 totalPrims=145 totalEntities=132
11:08:40.520 ℹ️ [DOCK] dist=12933 align=-0.04 preview=false edit=false overlay=0.00
[BoundaryRenderer] ✅ NLD: Loaded 1/1 features
[BoundaryRenderer] Loading EGY from data/boundaries/countries/EGY-ADM0.geojson
[BoundaryRenderer] ✅ EGY: Loaded 1/1 features
[BoundaryRenderer] Loading SAU from data/boundaries/countries/SAU-ADM0.geojson
11:08:41.425 ℹ️ [VIS] sheetSelect resolved sheet=sheet.packaging reason=explicit
[VIS] sheetSelect resolved sheet=sheet.packaging reason=explicit
11:08:41.426 ℹ️ [VIS] enter sheet=sheet.packaging scope=sheet-only
[VIS] enter sheet=sheet.packaging scope=sheet-only
11:08:41.427 ℹ️ [DOCK] enterSheet target=sheet.packaging mode=FaceOn result=PASS distM=12951
11:08:41.427 ℹ️ [CAM] Face-on docking: 1.5s flight to sheet (maxH=15750m dist=420.0m)
11:08:41.466 ℹ️ [VIS2] expandedSheetsAllowed=true scope=sheet
11:08:41.467 ℹ️ [VIS2] suppressSheetDetail=false expandedSheetsAllowed=true selectedSheet=sheet.packaging lod=COMPANY
11:08:41.470 ℹ️ [LOD] COMPANY markersOverride=false MarkerCells=0
11:08:41.479 ℹ️ [VIS2] sheetTilesRendered count=38
11:08:41.479 ℹ️ [VIS2] enterSheet expanded=1 tiles=38
11:08:41.480 ℹ️ [VIS3.2] sheetOverlay begin sheet=sheet.packaging scope=sheet
11:08:41.480 ℹ️ [VIS3.2] exceptionRows result=PASS sheet=sheet.packaging count=0
11:08:41.480 ℹ️ [VIS3.2] routeHighlights result=PASS sheet=sheet.packaging edges=0
11:08:41.481 ℹ️ [VIS3.2] budget exceptionOverlays=0 routeHighlights=0 capped=false
11:08:41.481 ℹ️ [VIS3.2] gate-summary result=PASS
11:08:41.482 ℹ️ [VIS4c] labelsRendered count=5 scope=sheet
11:08:41.482 ℹ️ [VIS4] slabsRendered scope=sheet objects=1 slabs=5 capped=false
11:08:41.482 ℹ️ [VIS4] sheetSlabs result=PASS sheet=sheet.packaging slabs=5
11:08:41.482 ℹ️ [VIS4] gate-summary result=PASS
11:08:41.483 ℹ️ [LOD-BUDGET] frame sheetsDetailed=1 totalMarkers=0 totalPrims=141 totalEntities=86
11:08:41.697 ℹ️ [DOCK] dist=12947 align=-0.04 preview=false edit=false overlay=0.00
[BoundaryRenderer] ✅ SAU: Loaded 1/1 features
[BoundaryRenderer] Loading IND from data/boundaries/countries/IND-ADM0.geojson
[BoundaryRenderer] ✅ IND: Loaded 1/1 features
[BoundaryRenderer] Loading CHN from data/boundaries/countries/CHN-ADM0.geojson
11:08:42.704 ℹ️ [DOCK] dist=2652 align=-0.27 preview=false edit=false overlay=0.00
11:08:43.183 ℹ️ [LOD] apply level=SHEET sheetsDetailed=1 lanes=1 markers=1
[BoundaryRenderer] ✅ CHN: Loaded 1/1 features
[BoundaryRenderer] Loading KOR from data/boundaries/countries/KOR-ADM0.geojson
11:08:43.447 ℹ️ [CAM] Docking complete — locked on sheet face-on
11:08:43.454 ℹ️ [CAM] dockFaceOn applied=PASS sheet=sheet.packaging
[2D] gridShown sheet=sheet.packaging rows=10 cols=6 populated=26 result=PASS
11:08:43.626 ℹ️ [VIS2] expandedSheetsAllowed=true scope=sheet
11:08:43.627 ℹ️ [VIS2] suppressSheetDetail=false expandedSheetsAllowed=true selectedSheet=sheet.packaging lod=SHEET
11:08:43.638 ℹ️ [VIS] sheetOnlyRender sheetsDetailed=1 selected=sheet.packaging hidden=38
11:08:43.643 ℹ️ [VIS2] sheetTilesRendered count=38
11:08:43.644 ℹ️ [VIS2] enterSheet expanded=1 tiles=38
11:08:43.646 ℹ️ [LOD-BUDGET] frame sheetsDetailed=1 totalMarkers=60 totalPrims=202 totalEntities=206
11:08:43.648 ℹ️ [MODE] enter EDIT_SHEET — docking from any angle
11:08:43.649 ℹ️ [INPUT] owner=GRID mode=SheetEdit reason=explicitEnter
11:08:43.649 ℹ️ [LOD] editSheet override=ON level=SHEET
11:08:43.650 ℹ️ [CAM] Face-on docking: 1.2s flight to sheet (maxH=2279m dist=420.0m)
11:08:43.651 ℹ️ [MODE] EDIT_SHEET inputOwner=GRID wheelCaptured=true keyCaptured=true
11:08:44.361 ℹ️ [VIS] exit sheet=sheet.packaging restoreView=true
[VIS] exit sheet=sheet.packaging restoreView=true
[2D] gridHidden reason=exitSheet result=PASS
[VIS] exitSheet cleanup=PASS cleared=anchor,explicitEnter
11:08:44.555 ℹ️ [HUD] mode=SheetEdit layer1=6 layer2=1
11:08:44.589 ℹ️ [VIS2] expandedSheetsAllowed=false scope=department
11:08:44.590 ℹ️ [VIS2] suppressSheetDetail=false expandedSheetsAllowed=false selectedSheet=none lod=SHEET
11:08:44.593 ℹ️ [VIS] sheetOnlyRender sheetsDetailed=0 selected=none hidden=39
11:08:44.595 ℹ️ [VIS2] sheetTilesRendered count=39
11:08:44.595 ℹ️ [VIS2] exitSheet collapsed=PASS expanded=0 tiles=39
11:08:44.600 ℹ️ [LOD-BUDGET] frame sheetsDetailed=0 totalMarkers=0 totalPrims=77 totalEntities=81
[BoundaryRenderer] ✅ KOR: Loaded 1/1 features
[BoundaryRenderer] Loading ISR from data/boundaries/countries/ISR-ADM0.geojson
11:08:45.125 ℹ️ [CAM] Docking complete — locked on sheet face-on
11:08:45.127 ℹ️ [MODE] Camera aligned — transitioning to 2D
11:08:45.307 ℹ️ [MODE] EDIT_SHEET docking complete — 2D controls active
[BOUNDARY] reuse id=boundary-ISR-0-0050ba14
11:08:45.489 ℹ️ [GLOBE] country-set id=global-core loaded=26
[BoundaryRenderer] Loading USA from data/boundaries/countries/USA-ADM0.geojson
11:08:46.003 ℹ️ [SHEET-2D] grid px cell=64x20 rows=6 cols=8 zoom=1.0 (Excel standard)
11:08:46.005 ℹ️ [SHEET-2D] cellPx=64x20 rowHeaderPx=40 colHeaderPx=20

--- VIS2 proof ---
[VIS2] enterCall ok=true scope=unknown sheetId=none
[VIS2] companyCollapsed result=PASS
[VIS2] sheetTilesRendered count=39
[VIS2] enterSheet expanded=1
[VIS2] exitSheet collapsed=PASS
[VIS2] gate-summary result=PASS