[ENU] Coordinate system loaded - all geometry in meters
18:07:23.076 ℹ️ [Z] mode=DRAFT user=local target=none previous=INIT
18:07:23.106 ℹ️ 🚀 Relay Cesium World starting...
18:07:23.108 ℹ️ 🌍 Initializing Cesium Viewer...
18:07:23.110 ℹ️ ✅ Terrain provider created (Ellipsoid)
18:07:23.111 ℹ️ ✅ Imagery provider created (OpenStreetMap tiles loading...)
18:07:23.163 ℹ️ ✅ Viewer created
18:07:23.167 ℹ️ [GLOBE] imagery mode=osm provider=OpenStreetMap
18:07:23.170 ℹ️ ℹ️ 3D Buildings skipped (no Cesium Ion token configured)
18:07:23.171 ⚠️ ⚠️ Buildings marked as DEGRADED
18:07:23.172 ℹ️ 🌍 Cesium Viewer initialized successfully
18:07:23.173 ℹ️ [GLOBE] services weatherBase=http://127.0.0.1:4020
18:07:23.174 ℹ️ [GLOBE] imagery registry enabled modes=local,clean-street,satellite,hybrid,osm,dark,minimalist
18:07:23.175 ℹ️ [CAM] restore-POV disabled for testing
18:07:23.176 ℹ️ [INPUT] owner=CAMERA mode=FreeFly reason=default
18:07:23.176 ℹ️ [FilamentRenderer] Initialized (Phase 2.1 Primitives)
[RelationshipRenderer] Initialized
[RelationshipRenderer] Cleared all relationships
18:07:23.177 ℹ️ [F2] clearedEdges=0 clearedScars=0
18:07:23.178 ℹ️ 🧹 Filament renderer cleared
[BoundaryRenderer] DataSource created and added to viewer
[BoundaryRenderer] Initialized
18:07:23.179 ℹ️ 🌍 Loading boundaries (fail-soft)...
[BoundaryRenderer] Loading ISR from data/boundaries/countries/ISR-ADM0.geojson
[BoundaryRenderer] Loading USA from data/boundaries/countries/USA-ADM0.geojson
18:07:23.181 ℹ️ [BOUNDARY-EDITOR] Initialized
18:07:23.181 ℹ️ 🌲 Loading demo tree...
[GroupMarkerNotSet(crbug.com/242999)!:A07024003C560000]Automatic fallback to software WebGL has been deprecated. Please use the --enable-unsafe-swiftshader (about:flags#enable-unsafe-swiftshader) flag to opt in to lower security guarantees for trusted content.
[.WebGL-0x4e9c02689500]GL Driver Message (OpenGL, Performance, GL_CLOSE_PATH_NV, High): GPU stall due to ReadPixels
[.WebGL-0x4e9c02689500]GL Driver Message (OpenGL, Performance, GL_CLOSE_PATH_NV, High): GPU stall due to ReadPixels
[BoundaryRenderer] ✅ ISR: Loaded 1/1 features
18:07:23.434 ℹ️ [B2-PROOF] threeWayMatch mismatch matchId=3WM-001 poLineId=POL-001 grLineId=GRL-001 invLineId=IL-001 status=MATCH qtyVar=0 priceVar=0
18:07:23.435 ℹ️ [B2-PROOF] threeWayMatch mismatch matchId=3WM-002 poLineId=POL-002 grLineId=GRL-002 invLineId=IL-002 status=MATCH qtyVar=0 priceVar=0
18:07:23.436 ℹ️ [B2-PROOF] threeWayMatch mismatch matchId=3WM-003 poLineId=POL-003 grLineId=GRL-003 invLineId=IL-003 status=PRICE_EXCEPTION qtyVar=0 priceVar=50
18:07:23.436 ℹ️ [B2-PROOF] threeWayMatch mismatch matchId=3WM-004 poLineId=POL-004 grLineId=GRL-004 invLineId=IL-004 status=PRICE_EXCEPTION qtyVar=0 priceVar=0.5
18:07:23.437 ℹ️ [B2-PROOF] threeWayMatch mismatch matchId=3WM-005 poLineId=POL-005 grLineId=GRL-005 invLineId=IL-005 status=QTY_EXCEPTION qtyVar=2 priceVar=2
18:07:23.437 ℹ️ [B2-PROOF] threeWayMatch mismatch matchId=3WM-006 poLineId=POL-006 grLineId= invLineId= status=UNMATCHED qtyVar=N/A priceVar=N/A
18:07:23.437 ℹ️ [B2-PROOF] threeWayMatch unmatched invoice matchId=3WM-007 invLineId=IL-006 (no PO link)
18:07:23.438 ℹ️ [B2-PROOF] buildMatches complete: 15 match rows, 9 exceptions/unmatched, rebuilt=P2P.ThreeWayMatch,P2P.InvoiceToGLMatch,P2P.InvoiceToPaymentMatch
18:07:23.439 ℹ️ [B3-PROOF] buildSummaryData: 3 summary sheets, 35 formula cells (zero JS aggregation)
18:07:23.440 ℹ️ [MODULE] P2P loaded: 13 sheets (7 fact + 3 match + 3 summary), 127 columns
18:07:23.440 ℹ️ [MODULE]   FC1: P2P.RequisitionLines (12 cols)
18:07:23.440 ℹ️ [MODULE]   FC2: P2P.POLines (13 cols)
18:07:23.441 ℹ️ [MODULE]   FC3: P2P.GRLines (10 cols)
18:07:23.441 ℹ️ [MODULE]   FC4: P2P.InvoiceLines (16 cols)
18:07:23.441 ℹ️ [MODULE]   FC5: P2P.PaymentLines (14 cols)
18:07:23.441 ℹ️ [MODULE]   FC7: P2P.BankStatementLines (7 cols)
18:07:23.442 ℹ️ [MODULE]   FC6: P2P.GLPostingLines (11 cols)
18:07:23.442 ℹ️ [MODULE]   MC1: P2P.ThreeWayMatch (14 cols, 7 match rows)
18:07:23.442 ℹ️ [MODULE]   MC2: P2P.InvoiceToGLMatch (10 cols, 4 match rows)
18:07:23.442 ℹ️ [MODULE]   MC3: P2P.InvoiceToPaymentMatch (11 cols, 4 match rows)
18:07:23.443 ℹ️ [MODULE]   SC1: P2P.AP_Aging (2 cols, 13 formula rows)
18:07:23.443 ℹ️ [MODULE]   SC2: P2P.MatchRateSummary (2 cols, 7 formula rows)
18:07:23.443 ℹ️ [MODULE]   SC3: P2P.SpendByCategory (5 cols, 5 formula rows)
18:07:23.443 ℹ️ [MODULE] KPI bindings: 3 metrics → branch.p2p
18:07:23.444 ℹ️ [MODULE]   matchRate: P2P.MatchRateSummary!B8 (%)
18:07:23.444 ℹ️ [MODULE]   dpo: P2P.AP_Aging!B13 (days)
18:07:23.445 ℹ️ [MODULE]   outstanding: P2P.AP_Aging!B4 (USD)
18:07:23.445 ℹ️ [MODULE] P2P merged into tree: +27 nodes, +27 edges
[.WebGL-0x4e9c02689500]GL Driver Message (OpenGL, Performance, GL_CLOSE_PATH_NV, High): GPU stall due to ReadPixels
[BoundaryRenderer] ✅ USA: Loaded 1/1 features
18:07:23.505 ℹ️ [BOUNDARY] containsll suite=PASS polygons=1 multipolygons=1 holes=0
18:07:23.507 ℹ️ [BOUNDARY] containsll hole-suite=PASS probes=3
18:07:23.507 ℹ️ [BOUNDARY] restore result=PASS renderer=BoundaryRenderer containsLL=PASS ISR=1 USA=1
18:07:23.507 ℹ️ [GATE] G3 status=PASS evidence=runtime-boundary-selftest
18:07:23.508 ℹ️ [UX] boundaries=ACTIVE mode=READ_ONLY
18:07:23.508 ℹ️ [BOUNDARY] voting-scope mode=BOUNDARY_ENABLED reason=boundary-pass
[.WebGL-0x4e9c02689500]GL Driver Message (OpenGL, Performance, GL_CLOSE_PATH_NV, High): GPU stall due to ReadPixels (this message will no longer repeat)
18:07:23.569 ℹ️ [B2-PROOF] threeWayMatch unmatched invoice matchId=3WM-001 invLineId=undefined (no PO link)
18:07:23.571 ℹ️ [B2-PROOF] threeWayMatch unmatched invoice matchId=3WM-002 invLineId=undefined (no PO link)
18:07:23.571 ℹ️ [B2-PROOF] threeWayMatch unmatched invoice matchId=3WM-003 invLineId=undefined (no PO link)
18:07:23.572 ℹ️ [B2-PROOF] threeWayMatch unmatched invoice matchId=3WM-004 invLineId=undefined (no PO link)
18:07:23.572 ℹ️ [B2-PROOF] threeWayMatch unmatched invoice matchId=3WM-005 invLineId=undefined (no PO link)
18:07:23.573 ℹ️ [B2-PROOF] threeWayMatch unmatched invoice matchId=3WM-006 invLineId=undefined (no PO link)
18:07:23.574 ℹ️ [B2-PROOF] buildMatches complete: 8 match rows, 8 exceptions/unmatched, rebuilt=P2P.ThreeWayMatch,P2P.InvoiceToGLMatch,P2P.InvoiceToPaymentMatch,MFG.WOIssueMatch
18:07:23.574 ℹ️ [B3-PROOF] buildSummaryData: 1 summary sheets, 4 formula cells (zero JS aggregation)
18:07:23.575 ℹ️ [MODULE] MFG loaded: 6 sheets (4 fact + 1 match + 1 summary), 29 columns
18:07:23.575 ℹ️ [MODULE]   FC1: MFG.WorkOrders (5 cols)
18:07:23.575 ℹ️ [MODULE]   FC2: MFG.MaterialIssues (5 cols)
18:07:23.576 ℹ️ [MODULE]   FC3: MFG.ScrapEvents (5 cols)
18:07:23.576 ℹ️ [MODULE]   FC4: MFG.QualityChecks (4 cols)
18:07:23.576 ℹ️ [MODULE]   MC1: MFG.WOIssueMatch (8 cols, 0 match rows)
18:07:23.577 ℹ️ [MODULE]   SC1: MFG.ProductionSummary (2 cols, 4 formula rows)
18:07:23.577 ℹ️ [MODULE] KPI bindings: 1 metrics → branch.mfg
18:07:23.577 ℹ️ [MODULE]   issueCoverage: MFG.ProductionSummary!B4 (%)
18:07:23.577 ℹ️ [MODULE] MFG merged into tree: +13 nodes, +13 edges
18:07:23.603 ℹ️ [BOUNDARY] manifestLoaded countries=27
[BoundaryRenderer] Loading USA from data/boundaries/countries/USA-ADM0.geojson
18:07:23.668 ℹ️ [ROUTE] loaded 12 routes from group "p2p" (module: P2P)
18:07:23.669 ℹ️ [ROUTE]   p2p.requisition → P2P.RequisitionLines (keys: reqId, reqLineId)
18:07:23.669 ℹ️ [ROUTE]   p2p.purchaseOrder → P2P.POLines (keys: poId, poLineId)
18:07:23.670 ℹ️ [ROUTE]   p2p.goodsReceipt → P2P.GRLines (keys: grId, grLineId)
18:07:23.670 ℹ️ [ROUTE]   p2p.invoice → P2P.InvoiceLines (keys: invId, invLineId)
18:07:23.670 ℹ️ [ROUTE]   p2p.payment → P2P.PaymentLines (keys: paymentId, payLineId)
18:07:23.671 ℹ️ [ROUTE]   p2p.pr → P2P.RequisitionLines (keys: reqId, reqLineId)
18:07:23.671 ℹ️ [ROUTE]   p2p.po → P2P.POLines (keys: poId, poLineId)
18:07:23.671 ℹ️ [ROUTE]   p2p.gr → P2P.GRLines (keys: grId, grLineId)
18:07:23.671 ℹ️ [ROUTE]   p2p.inv → P2P.InvoiceLines (keys: invId, invLineId)
18:07:23.672 ℹ️ [ROUTE]   p2p.pay → P2P.PaymentLines (keys: paymentId, payLineId)
18:07:23.672 ℹ️ [ROUTE]   p2p.bankStatement → P2P.BankStatementLines (keys: bankLineId)
18:07:23.672 ℹ️ [ROUTE]   p2p.glPosting → P2P.GLPostingLines (keys: glDocId, glLineId)
[BOUNDARY] reuse id=boundary-USA-0-6c62914d
18:07:23.776 ℹ️ [BOUNDARY] skipMissing country=CAN reason=not_in_manifest
18:07:23.776 ℹ️ [BOUNDARY] skipMissing country=MEX reason=not_in_manifest
[BoundaryRenderer] Loading BRA from data/boundaries/countries/BRA-ADM0.geojson
18:07:23.804 ℹ️ [ROUTE] loaded 4 routes from group "mfg" (module: MFG)
18:07:23.805 ℹ️ [ROUTE]   mfg.workOrder → MFG.WorkOrders (keys: workOrderId)
18:07:23.806 ℹ️ [ROUTE]   mfg.materialIssue → MFG.MaterialIssues (keys: issueId)
18:07:23.806 ℹ️ [ROUTE]   mfg.scrapEvent → MFG.ScrapEvents (keys: scrapId)
18:07:23.806 ℹ️ [ROUTE]   mfg.qualityCheck → MFG.QualityChecks (keys: qcId)
18:07:23.808 ℹ️ [D1-AGG] trunk=trunk.avgol metrics=4 hash=0x663fa7ee
18:07:23.810 ℹ️ ✅ Demo tree rendered: Avgol @ Tel Aviv
18:07:23.813 ℹ️ [F2] clearedEdges=0 clearedScars=0
18:07:23.815 ℹ️ 🧹 Filament renderer cleared
18:07:23.815 ℹ️ [BUILD] renderer=filament VIS-RADIAL-CANOPY-1
18:07:23.815 ℹ️ 🌲 Rendering tree: 67 nodes, 66 edges
18:07:23.816 ℹ️ [THICKNESS] cell=1.00m spine=3.00m branch=24.00m trunk=30.00m root=12.00m
18:07:23.817 ℹ️ [GATE 4] Anchor marker rendered at (34.7818, 32.0853) - independent of buildings/terrain
18:07:23.818 ℹ️ [Phase 2.3] Root continuation: 1000m below anchor (aligned to ENU Up/Down)
18:07:23.820 ℹ️ [FilamentRenderer] ⏰ Timeboxes: 6 on trunk trunk.avgol
18:07:23.821 ℹ️ [VIS] voteFilter LOD=COMPANY override=ALL
18:07:23.822 ℹ️ [GATE 2] Branch branch.operations:
18:07:23.823 ℹ️   ENU Start: (E=0, N=0, U=2000)
18:07:23.823 ℹ️   ENU End: (E=800, N=0, U=2000)
18:07:23.824 ℹ️   Branch Length: 800.0m
18:07:23.825 ℹ️ [FilamentRenderer] ⏰ Timeboxes: 5 on branch branch.operations
18:07:23.826 ℹ️ [GATE 2] Branch branch.finance:
18:07:23.826 ℹ️   ENU Start: (E=0, N=32, U=2000)
18:07:23.827 ℹ️   ENU End: (E=800, N=32, U=2000)
18:07:23.827 ℹ️   Branch Length: 800.0m
18:07:23.828 ℹ️ [FilamentRenderer] ⏰ Timeboxes: 4 on branch branch.finance
18:07:23.828 ℹ️ [GATE 2] Branch branch.supplychain:
18:07:23.829 ℹ️   ENU Start: (E=0, N=64, U=2000)
18:07:23.829 ℹ️   ENU End: (E=800, N=64, U=2000)
18:07:23.829 ℹ️   Branch Length: 800.0m
18:07:23.830 ℹ️ [FilamentRenderer] ⏰ Timeboxes: 5 on branch branch.supplychain
18:07:23.831 ℹ️ [GATE 2] Branch branch.quality:
18:07:23.831 ℹ️   ENU Start: (E=0, N=96, U=2000)
18:07:23.831 ℹ️   ENU End: (E=800, N=96, U=2000)
18:07:23.832 ℹ️   Branch Length: 800.0m
18:07:23.833 ℹ️ [FilamentRenderer] ⏰ Timeboxes: 5 on branch branch.quality
18:07:23.833 ℹ️ [GATE 2] Branch branch.maintenance:
18:07:23.833 ℹ️   ENU Start: (E=0, N=128, U=2000)
18:07:23.834 ℹ️   ENU End: (E=800, N=128, U=2000)
18:07:23.834 ℹ️   Branch Length: 800.0m
18:07:23.835 ℹ️ [FilamentRenderer] ⏰ Timeboxes: 4 on branch branch.maintenance
18:07:23.835 ℹ️ [GATE 2] Branch branch.it:
18:07:23.836 ℹ️   ENU Start: (E=0, N=160, U=2000)
18:07:23.836 ℹ️   ENU End: (E=800, N=160, U=2000)
18:07:23.836 ℹ️   Branch Length: 800.0m
18:07:23.837 ℹ️ [FilamentRenderer] ⏰ Timeboxes: 5 on branch branch.it
18:07:23.838 ℹ️ [GATE 2] Branch branch.p2p:
18:07:23.838 ℹ️   ENU Start: (E=0, N=192, U=2000)
18:07:23.838 ℹ️   ENU End: (E=800, N=192, U=2000)
18:07:23.839 ℹ️   Branch Length: 800.0m
18:07:23.839 ℹ️ [FilamentRenderer] ⏰ Timeboxes: 1 on branch branch.p2p
18:07:23.840 ℹ️ [GATE 2] Branch branch.p2p.fc1:
18:07:23.840 ℹ️   ENU Start: (E=0, N=224, U=2000)
18:07:23.841 ℹ️   ENU End: (E=800, N=224, U=2000)
18:07:23.841 ℹ️   Branch Length: 800.0m
18:07:23.841 ℹ️ [FilamentRenderer] ⏰ Timeboxes: 1 on branch branch.p2p.fc1
18:07:23.842 ℹ️ [GATE 2] Branch branch.p2p.fc2:
18:07:23.842 ℹ️   ENU Start: (E=0, N=256, U=2000)
18:07:23.843 ℹ️   ENU End: (E=800, N=256, U=2000)
18:07:23.843 ℹ️   Branch Length: 800.0m
18:07:23.844 ℹ️ [FilamentRenderer] ⏰ Timeboxes: 1 on branch branch.p2p.fc2
18:07:23.844 ℹ️ [GATE 2] Branch branch.p2p.fc3:
18:07:23.844 ℹ️   ENU Start: (E=0, N=288, U=2000)
18:07:23.845 ℹ️   ENU End: (E=800, N=288, U=2000)
18:07:23.845 ℹ️   Branch Length: 800.0m
18:07:23.847 ℹ️ [FilamentRenderer] ⏰ Timeboxes: 1 on branch branch.p2p.fc3
18:07:23.848 ℹ️ [GATE 2] Branch branch.p2p.fc4:
18:07:23.849 ℹ️   ENU Start: (E=0, N=320, U=2000)
18:07:23.850 ℹ️   ENU End: (E=800, N=320, U=2000)
18:07:23.851 ℹ️   Branch Length: 800.0m
18:07:23.852 ℹ️ [FilamentRenderer] ⏰ Timeboxes: 1 on branch branch.p2p.fc4
18:07:23.853 ℹ️ [GATE 2] Branch branch.p2p.fc5:
18:07:23.854 ℹ️   ENU Start: (E=0, N=352, U=2000)
18:07:23.856 ℹ️   ENU End: (E=800, N=352, U=2000)
18:07:23.857 ℹ️   Branch Length: 800.0m
18:07:23.858 ℹ️ [FilamentRenderer] ⏰ Timeboxes: 1 on branch branch.p2p.fc5
18:07:23.859 ℹ️ [GATE 2] Branch branch.p2p.fc7:
18:07:23.860 ℹ️   ENU Start: (E=0, N=384, U=2000)
18:07:23.860 ℹ️   ENU End: (E=800, N=384, U=2000)
18:07:23.861 ℹ️   Branch Length: 800.0m
18:07:23.861 ℹ️ [FilamentRenderer] ⏰ Timeboxes: 1 on branch branch.p2p.fc7
18:07:23.862 ℹ️ [GATE 2] Branch branch.p2p.fc6:
18:07:23.862 ℹ️   ENU Start: (E=0, N=416, U=2000)
18:07:23.863 ℹ️   ENU End: (E=800, N=416, U=2000)
18:07:23.863 ℹ️   Branch Length: 800.0m
18:07:23.863 ℹ️ [FilamentRenderer] ⏰ Timeboxes: 1 on branch branch.p2p.fc6
18:07:23.864 ℹ️ [GATE 2] Branch branch.p2p.mc1:
18:07:23.864 ℹ️   ENU Start: (E=0, N=448, U=2000)
18:07:23.864 ℹ️   ENU End: (E=800, N=448, U=2000)
18:07:23.865 ℹ️   Branch Length: 800.0m
18:07:23.865 ℹ️ [FilamentRenderer] ⏰ Timeboxes: 1 on branch branch.p2p.mc1
18:07:23.866 ℹ️ [GATE 2] Branch branch.p2p.mc2:
18:07:23.866 ℹ️   ENU Start: (E=0, N=480, U=2000)
18:07:23.866 ℹ️   ENU End: (E=800, N=480, U=2000)
18:07:23.867 ℹ️   Branch Length: 800.0m
18:07:23.867 ℹ️ [FilamentRenderer] ⏰ Timeboxes: 1 on branch branch.p2p.mc2
18:07:23.868 ℹ️ [GATE 2] Branch branch.p2p.mc3:
18:07:23.868 ℹ️   ENU Start: (E=0, N=512, U=2000)
18:07:23.868 ℹ️   ENU End: (E=800, N=512, U=2000)
18:07:23.869 ℹ️   Branch Length: 800.0m
18:07:23.869 ℹ️ [FilamentRenderer] ⏰ Timeboxes: 1 on branch branch.p2p.mc3
18:07:23.869 ℹ️ [GATE 2] Branch branch.p2p.sc1:
18:07:23.870 ℹ️   ENU Start: (E=0, N=544, U=2000)
18:07:23.870 ℹ️   ENU End: (E=800, N=544, U=2000)
18:07:23.870 ℹ️   Branch Length: 800.0m
18:07:23.871 ℹ️ [FilamentRenderer] ⏰ Timeboxes: 1 on branch branch.p2p.sc1
18:07:23.872 ℹ️ [GATE 2] Branch branch.p2p.sc2:
18:07:23.872 ℹ️   ENU Start: (E=0, N=576, U=2000)
18:07:23.873 ℹ️   ENU End: (E=800, N=576, U=2000)
18:07:23.873 ℹ️   Branch Length: 800.0m
18:07:23.874 ℹ️ [FilamentRenderer] ⏰ Timeboxes: 1 on branch branch.p2p.sc2
18:07:23.874 ℹ️ [GATE 2] Branch branch.p2p.sc3:
18:07:23.875 ℹ️   ENU Start: (E=0, N=608, U=2000)
18:07:23.875 ℹ️   ENU End: (E=800, N=608, U=2000)
18:07:23.875 ℹ️   Branch Length: 800.0m
18:07:23.876 ℹ️ [FilamentRenderer] ⏰ Timeboxes: 1 on branch branch.p2p.sc3
18:07:23.876 ℹ️ [GATE 2] Branch branch.mfg:
18:07:23.876 ℹ️   ENU Start: (E=0, N=640, U=2000)
18:07:23.877 ℹ️   ENU End: (E=800, N=640, U=2000)
18:07:23.877 ℹ️   Branch Length: 800.0m
18:07:23.878 ℹ️ [FilamentRenderer] ⏰ Timeboxes: 1 on branch branch.mfg
18:07:23.878 ℹ️ [GATE 2] Branch branch.mfg.fc1:
18:07:23.878 ℹ️   ENU Start: (E=0, N=672, U=2000)
18:07:23.879 ℹ️   ENU End: (E=800, N=672, U=2000)
18:07:23.879 ℹ️   Branch Length: 800.0m
18:07:23.880 ℹ️ [FilamentRenderer] ⏰ Timeboxes: 1 on branch branch.mfg.fc1
18:07:23.880 ℹ️ [GATE 2] Branch branch.mfg.fc2:
18:07:23.881 ℹ️   ENU Start: (E=0, N=704, U=2000)
18:07:23.881 ℹ️   ENU End: (E=800, N=704, U=2000)
18:07:23.881 ℹ️   Branch Length: 800.0m
18:07:23.882 ℹ️ [FilamentRenderer] ⏰ Timeboxes: 1 on branch branch.mfg.fc2
18:07:23.882 ℹ️ [GATE 2] Branch branch.mfg.fc3:
18:07:23.883 ℹ️   ENU Start: (E=0, N=736, U=2000)
18:07:23.883 ℹ️   ENU End: (E=800, N=736, U=2000)
18:07:23.883 ℹ️   Branch Length: 800.0m
18:07:23.884 ℹ️ [FilamentRenderer] ⏰ Timeboxes: 1 on branch branch.mfg.fc3
18:07:23.884 ℹ️ [GATE 2] Branch branch.mfg.fc4:
18:07:23.885 ℹ️   ENU Start: (E=0, N=768, U=2000)
18:07:23.885 ℹ️   ENU End: (E=800, N=768, U=2000)
18:07:23.885 ℹ️   Branch Length: 800.0m
18:07:23.886 ℹ️ [FilamentRenderer] ⏰ Timeboxes: 1 on branch branch.mfg.fc4
18:07:23.886 ℹ️ [GATE 2] Branch branch.mfg.mc1:
18:07:23.887 ℹ️   ENU Start: (E=0, N=800, U=2000)
18:07:23.887 ℹ️   ENU End: (E=800, N=800, U=2000)
18:07:23.887 ℹ️   Branch Length: 800.0m
18:07:23.888 ℹ️ [FilamentRenderer] ⏰ Timeboxes: 1 on branch branch.mfg.mc1
18:07:23.888 ℹ️ [GATE 2] Branch branch.mfg.sc1:
18:07:23.889 ℹ️   ENU Start: (E=0, N=832, U=2000)
18:07:23.889 ℹ️   ENU End: (E=800, N=832, U=2000)
18:07:23.890 ℹ️   Branch Length: 800.0m
18:07:23.890 ℹ️ [FilamentRenderer] ⏰ Timeboxes: 1 on branch branch.mfg.sc1
18:07:23.891 ℹ️ [VIS2] expandedSheetsAllowed=false scope=world
18:07:23.891 ℹ️ [VIS2] suppressSheetDetail=true expandedSheetsAllowed=false selectedSheet=none lod=COMPANY
18:07:23.892 ℹ️ [VIS2] deptSpinesRendered count=8
18:07:23.893 ℹ️ [S1] SheetsRendered=0 Expected=0
18:07:23.893 ℹ️ [VIS2] companyCollapsed result=PASS sheetsRendered=0 lod=COMPANY scope=world expandedSheetsAllowed=false
18:07:23.894 ℹ️ [SHEET-META] set sheet=sheet.packaging center=ok axes=ok normal=ok dims=400x144 cells=10x6 src=tile
18:07:23.895 ℹ️ [SHEET-META] set sheet=sheet.mfg.materialIssues center=ok axes=ok normal=ok dims=400x144 cells=6x10 src=tile
18:07:23.896 ℹ️ [SHEET-META] set sheet=sheet.fin.apAging center=ok axes=ok normal=ok dims=400x144 cells=8x10 src=tile
18:07:23.896 ℹ️ [SHEET-META] set sheet=sheet.fin.cashForecast center=ok axes=ok normal=ok dims=400x144 cells=6x8 src=tile
18:07:23.897 ℹ️ [SHEET-META] set sheet=sheet.ops.productionSummary center=ok axes=ok normal=ok dims=400x144 cells=6x8 src=tile
18:07:23.897 ℹ️ [SHEET-META] set sheet=sheet.ops.shiftReport center=ok axes=ok normal=ok dims=400x144 cells=6x8 src=tile
18:07:23.898 ℹ️ [SHEET-META] set sheet=sheet.fin.budgetVariance center=ok axes=ok normal=ok dims=400x144 cells=6x6 src=tile
18:07:23.898 ℹ️ [SHEET-META] set sheet=sheet.scm.inventoryLevels center=ok axes=ok normal=ok dims=400x144 cells=8x6 src=tile
18:07:23.899 ℹ️ [SHEET-META] set sheet=sheet.qa.auditFindings center=ok axes=ok normal=ok dims=400x144 cells=8x8 src=tile
18:07:23.899 ℹ️ [SHEET-META] set sheet=sheet.qa.ncTracking center=ok axes=ok normal=ok dims=400x144 cells=6x8 src=tile
18:07:23.899 ℹ️ [SHEET-META] set sheet=sheet.qa.spcCharts center=ok axes=ok normal=ok dims=400x144 cells=6x6 src=tile
18:07:23.900 ℹ️ [SHEET-META] set sheet=sheet.mnt.workOrders center=ok axes=ok normal=ok dims=400x144 cells=8x8 src=tile
18:07:23.900 ℹ️ [SHEET-META] set sheet=sheet.mnt.assetRegistry center=ok axes=ok normal=ok dims=400x144 cells=6x8 src=tile
18:07:23.901 ℹ️ [SHEET-META] set sheet=sheet.mnt.sparePartsInventory center=ok axes=ok normal=ok dims=400x144 cells=6x6 src=tile
18:07:23.901 ℹ️ [SHEET-META] set sheet=sheet.it.systemUptime center=ok axes=ok normal=ok dims=400x144 cells=6x8 src=tile
18:07:23.901 ℹ️ [SHEET-META] set sheet=sheet.it.changeRequests center=ok axes=ok normal=ok dims=400x144 cells=8x8 src=tile
18:07:23.902 ℹ️ [SHEET-META] set sheet=sheet.it.projectTracker center=ok axes=ok normal=ok dims=400x144 cells=8x8 src=tile
18:07:23.902 ℹ️ [SHEET-META] set sheet=sheet.it.securityDashboard center=ok axes=ok normal=ok dims=400x144 cells=6x6 src=tile
18:07:23.903 ℹ️ [SHEET-META] set sheet=sheet.scm.inboundRequests center=ok axes=ok normal=ok dims=400x144 cells=8x10 src=tile
18:07:23.903 ℹ️ [SHEET-META] set sheet=sheet.scm.supplierScorecard center=ok axes=ok normal=ok dims=400x144 cells=6x8 src=tile
18:07:23.904 ℹ️ [SHEET-META] set sheet=P2P.RequisitionLines center=ok axes=ok normal=ok dims=400x144 cells=7x12 src=tile
18:07:23.904 ℹ️ [SHEET-META] set sheet=P2P.POLines center=ok axes=ok normal=ok dims=400x144 cells=7x13 src=tile
18:07:23.904 ℹ️ [SHEET-META] set sheet=P2P.GRLines center=ok axes=ok normal=ok dims=400x144 cells=6x10 src=tile
18:07:23.905 ℹ️ [SHEET-META] set sheet=P2P.InvoiceLines center=ok axes=ok normal=ok dims=400x144 cells=7x16 src=tile
18:07:23.905 ℹ️ [SHEET-META] set sheet=P2P.PaymentLines center=ok axes=ok normal=ok dims=400x144 cells=5x14 src=tile
18:07:23.906 ℹ️ [SHEET-META] set sheet=P2P.BankStatementLines center=ok axes=ok normal=ok dims=400x144 cells=1x7 src=tile
18:07:23.906 ℹ️ [SHEET-META] set sheet=P2P.GLPostingLines center=ok axes=ok normal=ok dims=400x144 cells=9x11 src=tile
18:07:23.907 ℹ️ [SHEET-META] set sheet=P2P.ThreeWayMatch center=ok axes=ok normal=ok dims=400x144 cells=8x14 src=tile
18:07:23.907 ℹ️ [SHEET-META] set sheet=P2P.InvoiceToGLMatch center=ok axes=ok normal=ok dims=400x144 cells=5x10 src=tile
18:07:23.908 ℹ️ [SHEET-META] set sheet=P2P.InvoiceToPaymentMatch center=ok axes=ok normal=ok dims=400x144 cells=5x11 src=tile
18:07:23.908 ℹ️ [SHEET-META] set sheet=P2P.AP_Aging center=ok axes=ok normal=ok dims=400x144 cells=14x2 src=tile
18:07:23.908 ℹ️ [SHEET-META] set sheet=P2P.MatchRateSummary center=ok axes=ok normal=ok dims=400x144 cells=8x2 src=tile
18:07:23.909 ℹ️ [SHEET-META] set sheet=P2P.SpendByCategory center=ok axes=ok normal=ok dims=400x144 cells=6x5 src=tile
18:07:23.909 ℹ️ [SHEET-META] set sheet=MFG.WorkOrders center=ok axes=ok normal=ok dims=400x144 cells=1x5 src=tile
18:07:23.910 ℹ️ [SHEET-META] set sheet=MFG.MaterialIssues center=ok axes=ok normal=ok dims=400x144 cells=1x5 src=tile
18:07:23.910 ℹ️ [SHEET-META] set sheet=MFG.ScrapEvents center=ok axes=ok normal=ok dims=400x144 cells=1x5 src=tile
18:07:23.911 ℹ️ [SHEET-META] set sheet=MFG.QualityChecks center=ok axes=ok normal=ok dims=400x144 cells=1x4 src=tile
18:07:23.911 ℹ️ [SHEET-META] set sheet=MFG.WOIssueMatch center=ok axes=ok normal=ok dims=400x144 cells=1x8 src=tile
18:07:23.911 ℹ️ [SHEET-META] set sheet=MFG.ProductionSummary center=ok axes=ok normal=ok dims=400x144 cells=5x2 src=tile
18:07:23.912 ℹ️ [VIS2] sheetTilesRendered count=39
18:07:23.912 ℹ️ [VIS2] exitSheet collapsed=PASS expanded=0 tiles=39
18:07:23.914 ℹ️ [VIS3] flowOverlay result=PASS edges=66 exceptions=11 scope=world lod=COMPANY
18:07:23.915 ℹ️ [VIS3] trafficBarsRendered count=8
18:07:23.915 ℹ️ [VIS3] gate-summary result=PASS
18:07:23.915 ℹ️ [TIMEBOX] input source=demoTimeboxes
18:07:23.919 ℹ️ [VIS4c] labelsRendered count=36 scope=company
18:07:23.919 ℹ️ [VIS4] slabsRendered scope=company objects=9 slabs=36 capped=false
18:07:23.919 ℹ️ [VIS4] companySlabs result=PASS deptBranches=8 trunkSlabs=6
18:07:23.920 ℹ️ [VIS4] gate-summary result=PASS
18:07:23.920 ℹ️ ✅ Tree rendered:
18:07:23.921 ℹ️   Primitives: 120 (trunk=1, branches=27, cell-filaments=0, spines=0, lane-polylines=0, lane-volumes=0, sheet-tiles=39, dept-spines=8, flow-bars=9, ex-overlays=0, route-highlights=0, slabs=36, vis6-pulses=0, presence-markers=0)
18:07:23.921 ℹ️   Entities: 92 (labels=1, cell-points=0, timebox-labels=91)
18:07:23.922 ℹ️ [LOD-BUDGET] frame sheetsDetailed=0 totalMarkers=0 totalPrims=120 totalEntities=92
18:07:23.923 ℹ️ [TOPOLOGY] ✅ All canonical invariants satisfied
18:07:23.924 ℹ️ [FilamentRenderer] ✅ Turgor force animation started
[BoundaryRenderer] ✅ BRA: Loaded 1/1 features
[BoundaryRenderer] Loading ARG from data/boundaries/countries/ARG-ADM0.geojson
18:07:24.177 ℹ️ [GLOBE] worldTrunks synced added=5 total=6
18:07:24.178 ℹ️ [GLOBE] datasetLoad anchors=6
18:07:24.179 ℹ️ [UX] multiCountrySmoke=PASS anchors=6
18:07:24.179 ℹ️ 📷 Camera presets: Press 1=SheetTopDown, 2=SideProfile, 3=SheetFaceOn, 4=SpreadsheetProof, 5=SpineInspection
18:07:24.180 ℹ️ 🔒 LOD Lock: Press L to lock/unlock LOD at current level
18:07:24.181 ℹ️ 🎮 Free-fly pointer lock: Press ` (backquote) to toggle
18:07:24.183 ℹ️ [HUD] mode=FreeFly layer1=6 layer2=0
18:07:24.187 ℹ️ [PRES] billboard=OFF reason=canonical
18:07:24.188 ℹ️ [UX] debugLogs=false
[BUILD] 2026-02-09T12:30Z ux-1.1-universal-object-contract
18:07:24.189 ℹ️ [UX-1.1-PROOF] type=trunk id=trunk.avgol scope=root actions=focusView,showKPIs,showTimeboxes,showBranches,cycleClusterLevel,focusNextRegion,loadGlobalCore
18:07:24.190 ℹ️ [UX-1.1-PROOF] type=branch id=branch.operations scope=trunk.avgol actions=focusView,showKPIs,showTimeboxes,showPressureSources,cycleClusterLevel,focusNextRegion,loadGlobalCore
18:07:24.191 ℹ️ [UX-1.1-PROOF] type=sheet id=sheet.packaging scope=branch.operations actions=focusView,showSchema,addColumn,addValidation,addSummaryBinding
18:07:24.192 ℹ️ [UX-1.1-PROOF] type=cell id=sheet.packaging.cell.0.0 scope=branch.operations actions=edit,viewDependencies,viewHistory,createValidation,lockScope
18:07:24.192 ℹ️ [UX-1.1-PROOF] type=match id=3WM-001 scope=branch.p2p.mc1 actions=inspectSources,viewVariance,setTolerance,markResolved
18:07:24.193 ℹ️ [UX-1.1-PROOF] type=route id=p2p.requisition scope=branch.p2p.fc1 actions=previewMapping,ingestTestRecord,showProvenance,editFieldMap
18:07:24.193 ℹ️ [UX-1.1-PROOF] type=module id=P2P scope=trunk.avgol actions=showAllSheets,showRoutes,showKPIBindings,showRecomputationChain
18:07:24.194 ℹ️ [UX-1.1] Universal Object Contract: 7 types resolved
18:07:24.195 ℹ️ [LOD] apply level=LANIAKEA sheetsDetailed=0 lanes=0 markers=0
18:07:24.198 ℹ️ [DOCK] dist=8989889 align=0.70 preview=false edit=false overlay=0.00
[BoundaryRenderer] ✅ ARG: Loaded 1/1 features
[BoundaryRenderer] Loading GBR from data/boundaries/countries/GBR-ADM0.geojson
18:07:24.285 ℹ️ [HUD] paramsLoaded version=HUD-PARAMS-v0 policyRef=local:HUD-PARAMS-v0
18:07:24.316 ℹ️ [GATE 4] Anchor marker rendered at (34.7818, 32.0853) - independent of buildings/terrain
18:07:24.319 ℹ️ [GATE 4] Anchor marker rendered at (-122.4194, 37.7749) - independent of buildings/terrain
18:07:24.320 ℹ️ [GATE 4] Anchor marker rendered at (-0.1276, 51.5072) - independent of buildings/terrain
18:07:24.321 ℹ️ [GATE 4] Anchor marker rendered at (77.2090, 28.6139) - independent of buildings/terrain
18:07:24.322 ℹ️ [GATE 4] Anchor marker rendered at (139.6917, 35.6895) - independent of buildings/terrain
18:07:24.323 ℹ️ [GATE 4] Anchor marker rendered at (-46.6333, -23.5505) - independent of buildings/terrain
18:07:24.324 ℹ️ [VIS] voteFilter LOD=LANIAKEA visible=4 hidden=23
18:07:24.325 ℹ️ [UX] debugLogs=false gateSpamSuppressed=true
18:07:24.327 ℹ️ [VIS2] expandedSheetsAllowed=false scope=world
18:07:24.328 ℹ️ [VIS2] suppressSheetDetail=true expandedSheetsAllowed=false selectedSheet=none lod=LANIAKEA
18:07:24.328 ℹ️ [VIS2] deptSpinesRendered count=4
18:07:24.329 ℹ️ [VIS2] sheetTilesRendered count=14
18:07:24.330 ℹ️ [VIS2] exitSheet collapsed=PASS expanded=0 tiles=14
18:07:24.330 ℹ️ [LOD-BUDGET] frame sheetsDetailed=0 totalMarkers=0 totalPrims=28 totalEntities=47
[BoundaryRenderer] ✅ GBR: Loaded 1/1 features
[BoundaryRenderer] Loading FRA from data/boundaries/countries/FRA-ADM0.geojson
[BoundaryRenderer] ✅ FRA: Loaded 1/1 features
[BoundaryRenderer] Loading DEU from data/boundaries/countries/DEU-ADM0.geojson
[BoundaryRenderer] ✅ DEU: Loaded 1/1 features
[BoundaryRenderer] Loading NLD from data/boundaries/countries/NLD-ADM0.geojson
18:07:25.327 ℹ️ [DOCK] dist=1826615 align=0.41 preview=false edit=false overlay=0.00
18:07:25.739 ℹ️ [LOD] apply level=PLANETARY sheetsDetailed=0 lanes=0 markers=0
18:07:26.069 ℹ️ [GATE 4] Anchor marker rendered at (34.7818, 32.0853) - independent of buildings/terrain
18:07:26.074 ℹ️ [GATE 4] Anchor marker rendered at (-122.4194, 37.7749) - independent of buildings/terrain
18:07:26.076 ℹ️ [GATE 4] Anchor marker rendered at (-0.1276, 51.5072) - independent of buildings/terrain
18:07:26.077 ℹ️ [GATE 4] Anchor marker rendered at (77.2090, 28.6139) - independent of buildings/terrain
18:07:26.079 ℹ️ [GATE 4] Anchor marker rendered at (139.6917, 35.6895) - independent of buildings/terrain
18:07:26.080 ℹ️ [GATE 4] Anchor marker rendered at (-46.6333, -23.5505) - independent of buildings/terrain
18:07:26.081 ℹ️ [VIS] voteFilter LOD=PLANETARY visible=4 hidden=23
18:07:26.085 ℹ️ [VIS2] expandedSheetsAllowed=false scope=world
18:07:26.087 ℹ️ [VIS2] suppressSheetDetail=true expandedSheetsAllowed=false selectedSheet=none lod=PLANETARY
18:07:26.088 ℹ️ [VIS2] deptSpinesRendered count=4
18:07:26.090 ℹ️ [VIS2] sheetTilesRendered count=14
18:07:26.090 ℹ️ [LOD-BUDGET] frame sheetsDetailed=0 totalMarkers=0 totalPrims=28 totalEntities=47
18:07:26.092 ℹ️ [CAM] basin-enter target=trunk.avgol type=trunk radiusM=20000.0 distanceM=15831.1
18:07:26.093 ℹ️ [LOD] apply level=COMPANY requestedSheetsDetailed=0 effectiveSheetsDetailed=0 lanes=0 markers=0 reason=collapsedByPolicy distKm=15.8
[BoundaryRenderer] ✅ NLD: Loaded 1/1 features
[BoundaryRenderer] Loading EGY from data/boundaries/countries/EGY-ADM0.geojson
18:07:26.377 ℹ️ [DOCK] dist=12933 align=-0.04 preview=false edit=false overlay=0.00
18:07:26.555 ℹ️ [GATE 4] Anchor marker rendered at (34.7818, 32.0853) - independent of buildings/terrain
18:07:26.559 ℹ️ [GATE 4] Anchor marker rendered at (-122.4194, 37.7749) - independent of buildings/terrain
18:07:26.560 ℹ️ [GATE 4] Anchor marker rendered at (-0.1276, 51.5072) - independent of buildings/terrain
18:07:26.561 ℹ️ [GATE 4] Anchor marker rendered at (77.2090, 28.6139) - independent of buildings/terrain
18:07:26.563 ℹ️ [GATE 4] Anchor marker rendered at (139.6917, 35.6895) - independent of buildings/terrain
18:07:26.564 ℹ️ [GATE 4] Anchor marker rendered at (-46.6333, -23.5505) - independent of buildings/terrain
18:07:26.565 ℹ️ [VIS] voteFilter LOD=COMPANY override=ALL
18:07:26.572 ℹ️ [VIS2] expandedSheetsAllowed=false scope=world
18:07:26.573 ℹ️ [VIS2] suppressSheetDetail=true expandedSheetsAllowed=false selectedSheet=none lod=COMPANY
18:07:26.574 ℹ️ [VIS2] deptSpinesRendered count=8
18:07:26.574 ℹ️ [VIS2] companyCollapsed result=PASS sheetsRendered=0 lod=COMPANY scope=world expandedSheetsAllowed=false
18:07:26.576 ℹ️ [VIS2] sheetTilesRendered count=39
18:07:26.576 ℹ️ [VIS2] exitSheet collapsed=PASS expanded=0 tiles=39
18:07:26.577 ℹ️ [VIS3] flowOverlay result=PASS edges=66 exceptions=11 scope=world lod=COMPANY
18:07:26.578 ℹ️ [VIS3] trafficBarsRendered count=8
18:07:26.578 ℹ️ [VIS3] gate-summary result=PASS
18:07:26.581 ℹ️ [VIS4c] labelsRendered count=51 scope=company
18:07:26.581 ℹ️ [VIS4] slabsRendered scope=company objects=14 slabs=51 capped=false
18:07:26.582 ℹ️ [VIS4] companySlabs result=PASS deptBranches=8 trunkSlabs=21
18:07:26.582 ℹ️ [VIS4] gate-summary result=PASS
18:07:26.582 ℹ️ [LOD-BUDGET] frame sheetsDetailed=0 totalMarkers=0 totalPrims=140 totalEntities=127
[BoundaryRenderer] ✅ EGY: Loaded 1/1 features
[BoundaryRenderer] Loading SAU from data/boundaries/countries/SAU-ADM0.geojson
18:07:27.389 ℹ️ [DOCK] dist=12933 align=-0.04 preview=false edit=false overlay=0.00
18:07:27.908 ℹ️ [VIS] sheetSelect resolved sheet=sheet.packaging reason=explicit
[VIS] sheetSelect resolved sheet=sheet.packaging reason=explicit
18:07:27.910 ℹ️ [VIS] enter sheet=sheet.packaging scope=sheet-only
[VIS] enter sheet=sheet.packaging scope=sheet-only
18:07:27.932 ℹ️ [GATE 4] Anchor marker rendered at (34.7818, 32.0853) - independent of buildings/terrain
18:07:27.935 ℹ️ [GATE 4] Anchor marker rendered at (-122.4194, 37.7749) - independent of buildings/terrain
18:07:27.937 ℹ️ [GATE 4] Anchor marker rendered at (-0.1276, 51.5072) - independent of buildings/terrain
18:07:27.938 ℹ️ [GATE 4] Anchor marker rendered at (77.2090, 28.6139) - independent of buildings/terrain
18:07:27.939 ℹ️ [GATE 4] Anchor marker rendered at (139.6917, 35.6895) - independent of buildings/terrain
18:07:27.940 ℹ️ [GATE 4] Anchor marker rendered at (-46.6333, -23.5505) - independent of buildings/terrain
18:07:27.949 ℹ️ [VIS2] expandedSheetsAllowed=true scope=sheet
18:07:27.950 ℹ️ [VIS2] suppressSheetDetail=false expandedSheetsAllowed=true selectedSheet=sheet.packaging lod=COMPANY
18:07:27.953 ℹ️ [LOD] COMPANY markersOverride=false MarkerCells=0
18:07:27.970 ℹ️ [VIS2] sheetTilesRendered count=38
18:07:27.971 ℹ️ [VIS2] enterSheet expanded=1 tiles=38
18:07:27.972 ℹ️ [VIS3.2] sheetOverlay begin sheet=sheet.packaging scope=sheet
18:07:27.973 ℹ️ [VIS3.2] exceptionRows result=PASS sheet=sheet.packaging count=0
18:07:27.973 ℹ️ [VIS3.2] routeHighlights result=PASS sheet=sheet.packaging edges=0
18:07:27.974 ℹ️ [VIS3.2] budget exceptionOverlays=0 routeHighlights=0 capped=false
18:07:27.975 ℹ️ [VIS3.2] gate-summary result=PASS
18:07:27.977 ℹ️ [VIS4c] labelsRendered count=5 scope=sheet
18:07:27.977 ℹ️ [VIS4] slabsRendered scope=sheet objects=1 slabs=5 capped=false
18:07:27.978 ℹ️ [VIS4] sheetSlabs result=PASS sheet=sheet.packaging slabs=5
18:07:27.979 ℹ️ [VIS4] gate-summary result=PASS
18:07:27.980 ℹ️ [LOD-BUDGET] frame sheetsDetailed=1 totalMarkers=0 totalPrims=136 totalEntities=81
[BoundaryRenderer] ✅ SAU: Loaded 1/1 features
[BoundaryRenderer] Loading IND from data/boundaries/countries/IND-ADM0.geojson
18:07:28.415 ℹ️ [DOCK] dist=12933 align=-0.04 preview=false edit=false overlay=0.00
[BoundaryRenderer] ✅ IND: Loaded 1/1 features
[BoundaryRenderer] Loading CHN from data/boundaries/countries/CHN-ADM0.geojson
[BoundaryRenderer] ✅ CHN: Loaded 1/1 features
[BoundaryRenderer] Loading KOR from data/boundaries/countries/KOR-ADM0.geojson
18:07:29.439 ℹ️ [DOCK] dist=12933 align=-0.04 preview=false edit=false overlay=0.00
[BoundaryRenderer] ✅ KOR: Loaded 1/1 features
[BoundaryRenderer] Loading ISR from data/boundaries/countries/ISR-ADM0.geojson
[BOUNDARY] reuse id=boundary-ISR-0-0050ba14
18:07:30.033 ℹ️ [GLOBE] country-set id=global-core loaded=26
[BoundaryRenderer] Loading USA from data/boundaries/countries/USA-ADM0.geojson
18:07:30.571 ℹ️ [VIS] exit sheet=sheet.packaging restoreView=true
[VIS] exit sheet=sheet.packaging restoreView=true
[BoundaryRenderer] Loading USA from data/boundaries/countries/USA-ADM0.geojson
18:07:30.596 ℹ️ [DOCK] dist=12933 align=-0.04 preview=false edit=false overlay=0.00
18:07:30.630 ℹ️ [GATE 4] Anchor marker rendered at (34.7818, 32.0853) - independent of buildings/terrain
18:07:30.632 ℹ️ [GATE 4] Anchor marker rendered at (-122.4194, 37.7749) - independent of buildings/terrain
18:07:30.634 ℹ️ [GATE 4] Anchor marker rendered at (-0.1276, 51.5072) - independent of buildings/terrain
18:07:30.635 ℹ️ [GATE 4] Anchor marker rendered at (77.2090, 28.6139) - independent of buildings/terrain
18:07:30.636 ℹ️ [GATE 4] Anchor marker rendered at (139.6917, 35.6895) - independent of buildings/terrain
18:07:30.637 ℹ️ [GATE 4] Anchor marker rendered at (-46.6333, -23.5505) - independent of buildings/terrain
18:07:30.644 ℹ️ [VIS2] expandedSheetsAllowed=false scope=department
18:07:30.645 ℹ️ [VIS2] suppressSheetDetail=true expandedSheetsAllowed=false selectedSheet=none lod=COMPANY
18:07:30.646 ℹ️ [VIS2] deptSpinesRendered count=8
18:07:30.647 ℹ️ [VIS2] companyCollapsed result=PASS sheetsRendered=0 lod=COMPANY scope=department expandedSheetsAllowed=false
18:07:30.648 ℹ️ [VIS2] sheetTilesRendered count=39
18:07:30.649 ℹ️ [VIS2] exitSheet collapsed=PASS expanded=0 tiles=39
18:07:30.650 ℹ️ [VIS3] flowOverlay result=PASS edges=66 exceptions=11 scope=department lod=COMPANY
18:07:30.651 ℹ️ [VIS3] trafficBarsRendered count=8
18:07:30.652 ℹ️ [VIS3] gate-summary result=PASS
18:07:30.656 ℹ️ [LOD-BUDGET] frame sheetsDetailed=0 totalMarkers=0 totalPrims=140 totalEntities=127
18:07:31.193 ℹ️ [GLOBE] focus country=USA
18:07:31.194 ℹ️ [GLOBE] focus region=north-america
18:07:31.195 ℹ️ [GLOBE] hierarchy init cluster=globe countries=11
[BoundaryRenderer] Loading USA from data/boundaries/countries/USA-ADM0.geojson
18:07:31.484 ℹ️ [CAM] basin-exit target=trunk.avgol
18:07:31.485 ℹ️ [LOD] apply level=PLANETARY sheetsDetailed=0 lanes=0 markers=0
18:07:31.619 ℹ️ [GATE 4] Anchor marker rendered at (34.7818, 32.0853) - independent of buildings/terrain
18:07:31.620 ℹ️ [GATE 4] Anchor marker rendered at (-122.4194, 37.7749) - independent of buildings/terrain
18:07:31.621 ℹ️ [GATE 4] Anchor marker rendered at (-0.1276, 51.5072) - independent of buildings/terrain
18:07:31.621 ℹ️ [GATE 4] Anchor marker rendered at (77.2090, 28.6139) - independent of buildings/terrain
18:07:31.622 ℹ️ [GATE 4] Anchor marker rendered at (139.6917, 35.6895) - independent of buildings/terrain
18:07:31.623 ℹ️ [GATE 4] Anchor marker rendered at (-46.6333, -23.5505) - independent of buildings/terrain
18:07:31.623 ℹ️ [VIS] voteFilter LOD=PLANETARY visible=4 hidden=23
18:07:31.625 ℹ️ [VIS2] expandedSheetsAllowed=false scope=department
18:07:31.625 ℹ️ [VIS2] suppressSheetDetail=true expandedSheetsAllowed=false selectedSheet=none lod=PLANETARY
18:07:31.626 ℹ️ [VIS2] deptSpinesRendered count=4
18:07:31.626 ℹ️ [VIS2] sheetTilesRendered count=14
18:07:31.626 ℹ️ [VIS2] exitSheet collapsed=PASS expanded=0 tiles=14
18:07:31.627 ℹ️ [LOD-BUDGET] frame sheetsDetailed=0 totalMarkers=0 totalPrims=28 totalEntities=47
18:07:31.627 ℹ️ [LOD] apply level=LANIAKEA sheetsDetailed=0 lanes=0 markers=0
18:07:31.628 ℹ️ [DOCK] dist=1636365 align=-0.01 preview=false edit=false overlay=0.00
[BoundaryRenderer] Loading ISR from data/boundaries/countries/ISR-ADM0.geojson
18:07:32.204 ℹ️ [GATE 4] Anchor marker rendered at (34.7818, 32.0853) - independent of buildings/terrain
18:07:32.207 ℹ️ [GATE 4] Anchor marker rendered at (-122.4194, 37.7749) - independent of buildings/terrain
18:07:32.209 ℹ️ [GATE 4] Anchor marker rendered at (-0.1276, 51.5072) - independent of buildings/terrain
18:07:32.210 ℹ️ [GATE 4] Anchor marker rendered at (77.2090, 28.6139) - independent of buildings/terrain
18:07:32.210 ℹ️ [GATE 4] Anchor marker rendered at (139.6917, 35.6895) - independent of buildings/terrain
18:07:32.211 ℹ️ [GATE 4] Anchor marker rendered at (-46.6333, -23.5505) - independent of buildings/terrain
18:07:32.211 ℹ️ [VIS] voteFilter LOD=LANIAKEA visible=4 hidden=23
18:07:32.218 ℹ️ [VIS2] expandedSheetsAllowed=false scope=department
18:07:32.219 ℹ️ [VIS2] suppressSheetDetail=true expandedSheetsAllowed=false selectedSheet=none lod=LANIAKEA
18:07:32.219 ℹ️ [VIS2] deptSpinesRendered count=4
18:07:32.220 ℹ️ [VIS2] sheetTilesRendered count=14
18:07:32.220 ℹ️ [LOD-BUDGET] frame sheetsDetailed=0 totalMarkers=0 totalPrims=28 totalEntities=47
18:07:32.366 ℹ️ [GLOBE] country-set id=global-core loaded=26
18:07:32.367 ℹ️ [GLOBE] cluster level=globe focusCountry=USA

--- VIS2 proof ---
[VIS2] enterCall ok=true scope=unknown sheetId=none
[VIS2] companyCollapsed result=PASS
[VIS2] sheetTilesRendered count=39
[VIS2] enterSheet expanded=1
[VIS2] exitSheet collapsed=PASS
[VIS2] gate-summary result=PASS