[ENU] Coordinate system loaded - all geometry in meters
21:02:55.703 ℹ️ [Z] mode=DRAFT user=local target=none previous=INIT
21:02:55.721 ℹ️ 🚀 Relay Cesium World starting...
21:02:55.723 ℹ️ 🌍 Initializing Cesium Viewer...
21:02:55.723 ℹ️ ✅ Terrain provider created (Ellipsoid)
21:02:55.724 ℹ️ ✅ Imagery provider created (OpenStreetMap tiles loading...)
21:02:55.755 ℹ️ ✅ Viewer created
21:02:55.757 ℹ️ [GLOBE] imagery mode=osm provider=OpenStreetMap
21:02:55.758 ℹ️ ℹ️ 3D Buildings skipped (no Cesium Ion token configured)
21:02:55.759 ⚠️ ⚠️ Buildings marked as DEGRADED
21:02:55.759 ℹ️ 🌍 Cesium Viewer initialized successfully
21:02:55.760 ℹ️ [GLOBE] services weatherBase=http://127.0.0.1:4020
21:02:55.760 ℹ️ [GLOBE] imagery registry enabled modes=local,clean-street,satellite,hybrid,osm,dark,minimalist
21:02:55.760 ℹ️ [CAM] restore-POV disabled for testing
21:02:55.761 ℹ️ [FilamentRenderer] Initialized (Phase 2.1 Primitives)
[RelationshipRenderer] Initialized
[RelationshipRenderer] Cleared all relationships
21:02:55.761 ℹ️ [F2] clearedEdges=0 clearedScars=0
21:02:55.762 ℹ️ 🧹 Filament renderer cleared
[BoundaryRenderer] DataSource created and added to viewer
[BoundaryRenderer] Initialized
21:02:55.763 ℹ️ 🌍 Loading boundaries (fail-soft)...
[BoundaryRenderer] Loading ISR from data/boundaries/countries/ISR-ADM0.geojson
[BoundaryRenderer] Loading USA from data/boundaries/countries/USA-ADM0.geojson
21:02:55.763 ℹ️ [BOUNDARY-EDITOR] Initialized
21:02:55.764 ℹ️ 🌲 Loading demo tree...
[GroupMarkerNotSet(crbug.com/242999)!:A0702400F4580000]Automatic fallback to software WebGL has been deprecated. Please use the --enable-unsafe-swiftshader (about:flags#enable-unsafe-swiftshader) flag to opt in to lower security guarantees for trusted content.
[.WebGL-0x28b40227c700]GL Driver Message (OpenGL, Performance, GL_CLOSE_PATH_NV, High): GPU stall due to ReadPixels
[.WebGL-0x28b40227c700]GL Driver Message (OpenGL, Performance, GL_CLOSE_PATH_NV, High): GPU stall due to ReadPixels
[BoundaryRenderer] ✅ ISR: Loaded 1/1 features
21:02:55.936 ℹ️ [B2-PROOF] threeWayMatch mismatch matchId=3WM-001 poLineId=POL-001 grLineId=GRL-001 invLineId=IL-001 status=MATCH qtyVar=0 priceVar=0
21:02:55.937 ℹ️ [B2-PROOF] threeWayMatch mismatch matchId=3WM-002 poLineId=POL-002 grLineId=GRL-002 invLineId=IL-002 status=MATCH qtyVar=0 priceVar=0
21:02:55.938 ℹ️ [B2-PROOF] threeWayMatch mismatch matchId=3WM-003 poLineId=POL-003 grLineId=GRL-003 invLineId=IL-003 status=PRICE_EXCEPTION qtyVar=0 priceVar=50
21:02:55.938 ℹ️ [B2-PROOF] threeWayMatch mismatch matchId=3WM-004 poLineId=POL-004 grLineId=GRL-004 invLineId=IL-004 status=PRICE_EXCEPTION qtyVar=0 priceVar=0.5
21:02:55.939 ℹ️ [B2-PROOF] threeWayMatch mismatch matchId=3WM-005 poLineId=POL-005 grLineId=GRL-005 invLineId=IL-005 status=QTY_EXCEPTION qtyVar=2 priceVar=2
21:02:55.939 ℹ️ [B2-PROOF] threeWayMatch mismatch matchId=3WM-006 poLineId=POL-006 grLineId= invLineId= status=UNMATCHED qtyVar=N/A priceVar=N/A
21:02:55.939 ℹ️ [B2-PROOF] threeWayMatch unmatched invoice matchId=3WM-007 invLineId=IL-006 (no PO link)
21:02:55.940 ℹ️ [B2-PROOF] buildMatches complete: 15 match rows, 9 exceptions/unmatched, rebuilt=P2P.ThreeWayMatch,P2P.InvoiceToGLMatch,P2P.InvoiceToPaymentMatch
21:02:55.940 ℹ️ [B3-PROOF] buildSummaryData: 3 summary sheets, 35 formula cells (zero JS aggregation)
21:02:55.941 ℹ️ [MODULE] P2P loaded: 13 sheets (7 fact + 3 match + 3 summary), 127 columns
21:02:55.941 ℹ️ [MODULE]   FC1: P2P.RequisitionLines (12 cols)
21:02:55.941 ℹ️ [MODULE]   FC2: P2P.POLines (13 cols)
21:02:55.942 ℹ️ [MODULE]   FC3: P2P.GRLines (10 cols)
21:02:55.942 ℹ️ [MODULE]   FC4: P2P.InvoiceLines (16 cols)
21:02:55.942 ℹ️ [MODULE]   FC5: P2P.PaymentLines (14 cols)
21:02:55.942 ℹ️ [MODULE]   FC7: P2P.BankStatementLines (7 cols)
21:02:55.942 ℹ️ [MODULE]   FC6: P2P.GLPostingLines (11 cols)
21:02:55.943 ℹ️ [MODULE]   MC1: P2P.ThreeWayMatch (14 cols, 7 match rows)
21:02:55.943 ℹ️ [MODULE]   MC2: P2P.InvoiceToGLMatch (10 cols, 4 match rows)
21:02:55.943 ℹ️ [MODULE]   MC3: P2P.InvoiceToPaymentMatch (11 cols, 4 match rows)
21:02:55.943 ℹ️ [MODULE]   SC1: P2P.AP_Aging (2 cols, 13 formula rows)
21:02:55.944 ℹ️ [MODULE]   SC2: P2P.MatchRateSummary (2 cols, 7 formula rows)
21:02:55.944 ℹ️ [MODULE]   SC3: P2P.SpendByCategory (5 cols, 5 formula rows)
21:02:55.944 ℹ️ [MODULE] KPI bindings: 3 metrics → branch.p2p
21:02:55.945 ℹ️ [MODULE]   matchRate: P2P.MatchRateSummary!B8 (%)
21:02:55.945 ℹ️ [MODULE]   dpo: P2P.AP_Aging!B13 (days)
21:02:55.945 ℹ️ [MODULE]   outstanding: P2P.AP_Aging!B4 (USD)
21:02:55.945 ℹ️ [MODULE] P2P merged into tree: +27 nodes, +27 edges
[.WebGL-0x28b40227c700]GL Driver Message (OpenGL, Performance, GL_CLOSE_PATH_NV, High): GPU stall due to ReadPixels
[BoundaryRenderer] ✅ USA: Loaded 1/1 features
21:02:55.988 ℹ️ [BOUNDARY] containsll suite=PASS polygons=1 multipolygons=1 holes=0
21:02:55.988 ℹ️ [BOUNDARY] containsll hole-suite=PASS probes=3
21:02:55.989 ℹ️ [BOUNDARY] restore result=PASS renderer=BoundaryRenderer containsLL=PASS ISR=1 USA=1
21:02:55.989 ℹ️ [GATE] G3 status=PASS evidence=runtime-boundary-selftest
21:02:55.989 ℹ️ [UX] boundaries=ACTIVE mode=READ_ONLY
21:02:55.989 ℹ️ [BOUNDARY] voting-scope mode=BOUNDARY_ENABLED reason=boundary-pass
[.WebGL-0x28b40227c700]GL Driver Message (OpenGL, Performance, GL_CLOSE_PATH_NV, High): GPU stall due to ReadPixels (this message will no longer repeat)
21:02:56.028 ℹ️ [B2-PROOF] threeWayMatch unmatched invoice matchId=3WM-001 invLineId=undefined (no PO link)
21:02:56.029 ℹ️ [B2-PROOF] threeWayMatch unmatched invoice matchId=3WM-002 invLineId=undefined (no PO link)
21:02:56.029 ℹ️ [B2-PROOF] threeWayMatch unmatched invoice matchId=3WM-003 invLineId=undefined (no PO link)
21:02:56.029 ℹ️ [B2-PROOF] threeWayMatch unmatched invoice matchId=3WM-004 invLineId=undefined (no PO link)
21:02:56.029 ℹ️ [B2-PROOF] threeWayMatch unmatched invoice matchId=3WM-005 invLineId=undefined (no PO link)
21:02:56.030 ℹ️ [B2-PROOF] threeWayMatch unmatched invoice matchId=3WM-006 invLineId=undefined (no PO link)
21:02:56.030 ℹ️ [B2-PROOF] buildMatches complete: 8 match rows, 8 exceptions/unmatched, rebuilt=P2P.ThreeWayMatch,P2P.InvoiceToGLMatch,P2P.InvoiceToPaymentMatch,MFG.WOIssueMatch
21:02:56.031 ℹ️ [B3-PROOF] buildSummaryData: 1 summary sheets, 4 formula cells (zero JS aggregation)
21:02:56.031 ℹ️ [MODULE] MFG loaded: 6 sheets (4 fact + 1 match + 1 summary), 29 columns
21:02:56.031 ℹ️ [MODULE]   FC1: MFG.WorkOrders (5 cols)
21:02:56.031 ℹ️ [MODULE]   FC2: MFG.MaterialIssues (5 cols)
21:02:56.032 ℹ️ [MODULE]   FC3: MFG.ScrapEvents (5 cols)
21:02:56.032 ℹ️ [MODULE]   FC4: MFG.QualityChecks (4 cols)
21:02:56.033 ℹ️ [MODULE]   MC1: MFG.WOIssueMatch (8 cols, 0 match rows)
21:02:56.033 ℹ️ [MODULE]   SC1: MFG.ProductionSummary (2 cols, 4 formula rows)
21:02:56.033 ℹ️ [MODULE] KPI bindings: 1 metrics → branch.mfg
21:02:56.033 ℹ️ [MODULE]   issueCoverage: MFG.ProductionSummary!B4 (%)
21:02:56.034 ℹ️ [MODULE] MFG merged into tree: +13 nodes, +13 edges
21:02:56.056 ℹ️ [BOUNDARY] manifestLoaded countries=27
[BoundaryRenderer] Loading USA from data/boundaries/countries/USA-ADM0.geojson
21:02:56.106 ℹ️ [ROUTE] loaded 12 routes from group "p2p" (module: P2P)
21:02:56.108 ℹ️ [ROUTE]   p2p.requisition → P2P.RequisitionLines (keys: reqId, reqLineId)
21:02:56.108 ℹ️ [ROUTE]   p2p.purchaseOrder → P2P.POLines (keys: poId, poLineId)
21:02:56.108 ℹ️ [ROUTE]   p2p.goodsReceipt → P2P.GRLines (keys: grId, grLineId)
21:02:56.108 ℹ️ [ROUTE]   p2p.invoice → P2P.InvoiceLines (keys: invId, invLineId)
21:02:56.109 ℹ️ [ROUTE]   p2p.payment → P2P.PaymentLines (keys: paymentId, payLineId)
21:02:56.109 ℹ️ [ROUTE]   p2p.pr → P2P.RequisitionLines (keys: reqId, reqLineId)
21:02:56.109 ℹ️ [ROUTE]   p2p.po → P2P.POLines (keys: poId, poLineId)
21:02:56.109 ℹ️ [ROUTE]   p2p.gr → P2P.GRLines (keys: grId, grLineId)
21:02:56.109 ℹ️ [ROUTE]   p2p.inv → P2P.InvoiceLines (keys: invId, invLineId)
21:02:56.110 ℹ️ [ROUTE]   p2p.pay → P2P.PaymentLines (keys: paymentId, payLineId)
21:02:56.110 ℹ️ [ROUTE]   p2p.bankStatement → P2P.BankStatementLines (keys: bankLineId)
21:02:56.110 ℹ️ [ROUTE]   p2p.glPosting → P2P.GLPostingLines (keys: glDocId, glLineId)
[BOUNDARY] reuse id=boundary-USA-0-6c62914d
21:02:56.184 ℹ️ [BOUNDARY] skipMissing country=CAN reason=not_in_manifest
21:02:56.185 ℹ️ [BOUNDARY] skipMissing country=MEX reason=not_in_manifest
[BoundaryRenderer] Loading BRA from data/boundaries/countries/BRA-ADM0.geojson
21:02:56.204 ℹ️ [ROUTE] loaded 4 routes from group "mfg" (module: MFG)
21:02:56.205 ℹ️ [ROUTE]   mfg.workOrder → MFG.WorkOrders (keys: workOrderId)
21:02:56.205 ℹ️ [ROUTE]   mfg.materialIssue → MFG.MaterialIssues (keys: issueId)
21:02:56.205 ℹ️ [ROUTE]   mfg.scrapEvent → MFG.ScrapEvents (keys: scrapId)
21:02:56.205 ℹ️ [ROUTE]   mfg.qualityCheck → MFG.QualityChecks (keys: qcId)
21:02:56.206 ℹ️ [D1-AGG] trunk=trunk.avgol metrics=4 hash=0x663fa7ee
21:02:56.208 ℹ️ ✅ Demo tree rendered: Avgol @ Tel Aviv
21:02:56.213 ℹ️ [F2] clearedEdges=0 clearedScars=0
21:02:56.214 ℹ️ 🧹 Filament renderer cleared
21:02:56.214 ℹ️ 🌲 Rendering tree: 43 nodes, 42 edges
21:02:56.214 ℹ️ [THICKNESS] cell=1.00m spine=3.00m branch=24.00m trunk=30.00m root=12.00m
21:02:56.215 ℹ️ [GATE 4] Anchor marker rendered at (34.7818, 32.0853) - independent of buildings/terrain
21:02:56.216 ℹ️ [Phase 2.3] Root continuation: 1000m below anchor (aligned to ENU Up/Down)
21:02:56.217 ℹ️ [FilamentRenderer] ⏰ Timeboxes: 6 on trunk trunk.avgol
21:02:56.219 ℹ️ [GATE 2] Branch branch.operations:
21:02:56.220 ℹ️   Anchor: (34.7818, 32.0853)
21:02:56.220 ℹ️   ENU Start: (E=0, N=0, U=2000)
21:02:56.220 ℹ️   ENU End: (E=800, N=0, U=2000)
21:02:56.221 ℹ️   Branch Length: 800.0m (expected: 800m)
21:02:56.221 ℹ️   Length Error: 0.0m
21:02:56.222 ℹ️ [FilamentRenderer] ⏰ Timeboxes: 4 on branch branch.operations
21:02:56.223 ℹ️ [GATE 2] Branch branch.p2p:
21:02:56.223 ℹ️   Anchor: (34.7818, 32.0853)
21:02:56.223 ℹ️   ENU Start: (E=0, N=32, U=2000)
21:02:56.224 ℹ️   ENU End: (E=800, N=32, U=2000)
21:02:56.224 ℹ️   Branch Length: 800.0m (expected: 800m)
21:02:56.224 ℹ️   Length Error: 0.0m
21:02:56.225 ℹ️ [FilamentRenderer] ⏰ Timeboxes: 1 on branch branch.p2p
21:02:56.225 ℹ️ [GATE 2] Branch branch.p2p.fc1:
21:02:56.225 ℹ️   Anchor: (34.7818, 32.0853)
21:02:56.226 ℹ️   ENU Start: (E=0, N=64, U=2000)
21:02:56.226 ℹ️   ENU End: (E=800, N=64, U=2000)
21:02:56.226 ℹ️   Branch Length: 800.0m (expected: 800m)
21:02:56.227 ℹ️   Length Error: 0.0m
21:02:56.227 ℹ️ [FilamentRenderer] ⏰ Timeboxes: 1 on branch branch.p2p.fc1
21:02:56.227 ℹ️ [GATE 2] Branch branch.p2p.fc2:
21:02:56.228 ℹ️   Anchor: (34.7818, 32.0853)
21:02:56.228 ℹ️   ENU Start: (E=0, N=96, U=2000)
21:02:56.228 ℹ️   ENU End: (E=800, N=96, U=2000)
21:02:56.228 ℹ️   Branch Length: 800.0m (expected: 800m)
21:02:56.229 ℹ️   Length Error: 0.0m
21:02:56.229 ℹ️ [FilamentRenderer] ⏰ Timeboxes: 1 on branch branch.p2p.fc2
21:02:56.230 ℹ️ [GATE 2] Branch branch.p2p.fc3:
21:02:56.230 ℹ️   Anchor: (34.7818, 32.0853)
21:02:56.230 ℹ️   ENU Start: (E=0, N=128, U=2000)
21:02:56.230 ℹ️   ENU End: (E=800, N=128, U=2000)
21:02:56.231 ℹ️   Branch Length: 800.0m (expected: 800m)
21:02:56.231 ℹ️   Length Error: 0.0m
21:02:56.231 ℹ️ [FilamentRenderer] ⏰ Timeboxes: 1 on branch branch.p2p.fc3
21:02:56.232 ℹ️ [GATE 2] Branch branch.p2p.fc4:
21:02:56.232 ℹ️   Anchor: (34.7818, 32.0853)
21:02:56.232 ℹ️   ENU Start: (E=0, N=160, U=2000)
21:02:56.232 ℹ️   ENU End: (E=800, N=160, U=2000)
21:02:56.233 ℹ️   Branch Length: 800.0m (expected: 800m)
21:02:56.233 ℹ️   Length Error: 0.0m
21:02:56.233 ℹ️ [FilamentRenderer] ⏰ Timeboxes: 1 on branch branch.p2p.fc4
21:02:56.234 ℹ️ [GATE 2] Branch branch.p2p.fc5:
21:02:56.234 ℹ️   Anchor: (34.7818, 32.0853)
21:02:56.234 ℹ️   ENU Start: (E=0, N=192, U=2000)
21:02:56.234 ℹ️   ENU End: (E=800, N=192, U=2000)
21:02:56.235 ℹ️   Branch Length: 800.0m (expected: 800m)
21:02:56.235 ℹ️   Length Error: 0.0m
21:02:56.235 ℹ️ [FilamentRenderer] ⏰ Timeboxes: 1 on branch branch.p2p.fc5
21:02:56.236 ℹ️ [GATE 2] Branch branch.p2p.fc7:
21:02:56.236 ℹ️   Anchor: (34.7818, 32.0853)
21:02:56.236 ℹ️   ENU Start: (E=0, N=224, U=2000)
21:02:56.237 ℹ️   ENU End: (E=800, N=224, U=2000)
21:02:56.237 ℹ️   Branch Length: 800.0m (expected: 800m)
21:02:56.237 ℹ️   Length Error: 0.0m
21:02:56.238 ℹ️ [FilamentRenderer] ⏰ Timeboxes: 1 on branch branch.p2p.fc7
21:02:56.238 ℹ️ [GATE 2] Branch branch.p2p.fc6:
21:02:56.238 ℹ️   Anchor: (34.7818, 32.0853)
21:02:56.238 ℹ️   ENU Start: (E=0, N=256, U=2000)
21:02:56.239 ℹ️   ENU End: (E=800, N=256, U=2000)
21:02:56.239 ℹ️   Branch Length: 800.0m (expected: 800m)
21:02:56.239 ℹ️   Length Error: 0.0m
21:02:56.240 ℹ️ [FilamentRenderer] ⏰ Timeboxes: 1 on branch branch.p2p.fc6
21:02:56.240 ℹ️ [GATE 2] Branch branch.p2p.mc1:
21:02:56.240 ℹ️   Anchor: (34.7818, 32.0853)
21:02:56.240 ℹ️   ENU Start: (E=0, N=288, U=2000)
21:02:56.241 ℹ️   ENU End: (E=800, N=288, U=2000)
21:02:56.241 ℹ️   Branch Length: 800.0m (expected: 800m)
21:02:56.241 ℹ️   Length Error: 0.0m
21:02:56.242 ℹ️ [FilamentRenderer] ⏰ Timeboxes: 1 on branch branch.p2p.mc1
21:02:56.242 ℹ️ [GATE 2] Branch branch.p2p.mc2:
21:02:56.242 ℹ️   Anchor: (34.7818, 32.0853)
21:02:56.243 ℹ️   ENU Start: (E=0, N=320, U=2000)
21:02:56.243 ℹ️   ENU End: (E=800, N=320, U=2000)
21:02:56.243 ℹ️   Branch Length: 800.0m (expected: 800m)
21:02:56.243 ℹ️   Length Error: 0.0m
21:02:56.244 ℹ️ [FilamentRenderer] ⏰ Timeboxes: 1 on branch branch.p2p.mc2
21:02:56.244 ℹ️ [GATE 2] Branch branch.p2p.mc3:
21:02:56.244 ℹ️   Anchor: (34.7818, 32.0853)
21:02:56.245 ℹ️   ENU Start: (E=0, N=352, U=2000)
21:02:56.245 ℹ️   ENU End: (E=800, N=352, U=2000)
21:02:56.245 ℹ️   Branch Length: 800.0m (expected: 800m)
21:02:56.245 ℹ️   Length Error: 0.0m
21:02:56.246 ℹ️ [FilamentRenderer] ⏰ Timeboxes: 1 on branch branch.p2p.mc3
21:02:56.246 ℹ️ [GATE 2] Branch branch.p2p.sc1:
21:02:56.246 ℹ️   Anchor: (34.7818, 32.0853)
21:02:56.247 ℹ️   ENU Start: (E=0, N=384, U=2000)
21:02:56.247 ℹ️   ENU End: (E=800, N=384, U=2000)
21:02:56.247 ℹ️   Branch Length: 800.0m (expected: 800m)
21:02:56.247 ℹ️   Length Error: 0.0m
21:02:56.248 ℹ️ [FilamentRenderer] ⏰ Timeboxes: 1 on branch branch.p2p.sc1
21:02:56.248 ℹ️ [GATE 2] Branch branch.p2p.sc2:
21:02:56.248 ℹ️   Anchor: (34.7818, 32.0853)
21:02:56.249 ℹ️   ENU Start: (E=0, N=416, U=2000)
21:02:56.249 ℹ️   ENU End: (E=800, N=416, U=2000)
21:02:56.249 ℹ️   Branch Length: 800.0m (expected: 800m)
21:02:56.249 ℹ️   Length Error: 0.0m
21:02:56.250 ℹ️ [FilamentRenderer] ⏰ Timeboxes: 1 on branch branch.p2p.sc2
21:02:56.250 ℹ️ [GATE 2] Branch branch.p2p.sc3:
21:02:56.250 ℹ️   Anchor: (34.7818, 32.0853)
21:02:56.251 ℹ️   ENU Start: (E=0, N=448, U=2000)
21:02:56.251 ℹ️   ENU End: (E=800, N=448, U=2000)
21:02:56.251 ℹ️   Branch Length: 800.0m (expected: 800m)
21:02:56.251 ℹ️   Length Error: 0.0m
21:02:56.252 ℹ️ [FilamentRenderer] ⏰ Timeboxes: 1 on branch branch.p2p.sc3
21:02:56.252 ℹ️ [GATE 2] Branch branch.mfg:
21:02:56.252 ℹ️   Anchor: (34.7818, 32.0853)
21:02:56.253 ℹ️   ENU Start: (E=0, N=480, U=2000)
21:02:56.253 ℹ️   ENU End: (E=800, N=480, U=2000)
21:02:56.253 ℹ️   Branch Length: 800.0m (expected: 800m)
21:02:56.253 ℹ️   Length Error: 0.0m
21:02:56.254 ℹ️ [FilamentRenderer] ⏰ Timeboxes: 1 on branch branch.mfg
21:02:56.254 ℹ️ [GATE 2] Branch branch.mfg.fc1:
21:02:56.254 ℹ️   Anchor: (34.7818, 32.0853)
21:02:56.255 ℹ️   ENU Start: (E=0, N=512, U=2000)
21:02:56.255 ℹ️   ENU End: (E=800, N=512, U=2000)
21:02:56.255 ℹ️   Branch Length: 800.0m (expected: 800m)
21:02:56.255 ℹ️   Length Error: 0.0m
21:02:56.256 ℹ️ [FilamentRenderer] ⏰ Timeboxes: 1 on branch branch.mfg.fc1
21:02:56.256 ℹ️ [GATE 2] Branch branch.mfg.fc2:
21:02:56.256 ℹ️   Anchor: (34.7818, 32.0853)
21:02:56.257 ℹ️   ENU Start: (E=0, N=544, U=2000)
21:02:56.257 ℹ️   ENU End: (E=800, N=544, U=2000)
21:02:56.257 ℹ️   Branch Length: 800.0m (expected: 800m)
21:02:56.258 ℹ️   Length Error: 0.0m
21:02:56.258 ℹ️ [FilamentRenderer] ⏰ Timeboxes: 1 on branch branch.mfg.fc2
21:02:56.258 ℹ️ [GATE 2] Branch branch.mfg.fc3:
21:02:56.258 ℹ️   Anchor: (34.7818, 32.0853)
21:02:56.259 ℹ️   ENU Start: (E=0, N=576, U=2000)
21:02:56.259 ℹ️   ENU End: (E=800, N=576, U=2000)
21:02:56.259 ℹ️   Branch Length: 800.0m (expected: 800m)
21:02:56.259 ℹ️   Length Error: 0.0m
21:02:56.260 ℹ️ [FilamentRenderer] ⏰ Timeboxes: 1 on branch branch.mfg.fc3
21:02:56.260 ℹ️ [GATE 2] Branch branch.mfg.fc4:
21:02:56.260 ℹ️   Anchor: (34.7818, 32.0853)
21:02:56.261 ℹ️   ENU Start: (E=0, N=608, U=2000)
21:02:56.261 ℹ️   ENU End: (E=800, N=608, U=2000)
21:02:56.261 ℹ️   Branch Length: 800.0m (expected: 800m)
21:02:56.261 ℹ️   Length Error: 0.0m
21:02:56.262 ℹ️ [FilamentRenderer] ⏰ Timeboxes: 1 on branch branch.mfg.fc4
21:02:56.262 ℹ️ [GATE 2] Branch branch.mfg.mc1:
21:02:56.262 ℹ️   Anchor: (34.7818, 32.0853)
21:02:56.263 ℹ️   ENU Start: (E=0, N=640, U=2000)
21:02:56.263 ℹ️   ENU End: (E=800, N=640, U=2000)
21:02:56.263 ℹ️   Branch Length: 800.0m (expected: 800m)
21:02:56.264 ℹ️   Length Error: 0.0m
21:02:56.264 ℹ️ [FilamentRenderer] ⏰ Timeboxes: 1 on branch branch.mfg.mc1
21:02:56.264 ℹ️ [GATE 2] Branch branch.mfg.sc1:
21:02:56.264 ℹ️   Anchor: (34.7818, 32.0853)
21:02:56.265 ℹ️   ENU Start: (E=0, N=672, U=2000)
21:02:56.265 ℹ️   ENU End: (E=800, N=672, U=2000)
21:02:56.265 ℹ️   Branch Length: 800.0m (expected: 800m)
21:02:56.266 ℹ️   Length Error: 0.0m
21:02:56.266 ℹ️ [FilamentRenderer] ⏰ Timeboxes: 1 on branch branch.mfg.sc1
21:02:56.267 ℹ️ [VIS2] expandedSheetsAllowed=false scope=world
21:02:56.267 ℹ️ [VIS2] deptSpinesRendered count=3
21:02:56.267 ℹ️ [S1] SheetsRendered=0 Expected=0
21:02:56.268 ℹ️ [VIS2] companyCollapsed result=PASS sheetsRendered=0 lod=COMPANY scope=world expandedSheetsAllowed=false
21:02:56.268 ℹ️ [VIS2] sheetTilesRendered count=20
21:02:56.269 ℹ️ [VIS2] exitSheet collapsed=PASS expanded=0 tiles=20
21:02:56.269 ℹ️ [VIS3] flowOverlay result=PASS edges=42 exceptions=11 scope=world lod=COMPANY
21:02:56.270 ℹ️ [VIS3] trafficBarsRendered count=3
21:02:56.270 ℹ️ [VIS3] gate-summary result=PASS
21:02:56.271 ℹ️ [VIS4c] labelsRendered count=12 scope=company
21:02:56.272 ℹ️ [VIS4] slabsRendered scope=company objects=4 slabs=12 capped=false
21:02:56.272 ℹ️ [VIS4] companySlabs result=PASS deptBranches=3 trunkSlabs=6
21:02:56.272 ℹ️ [VIS4] gate-summary result=PASS
21:02:56.273 ℹ️ ✅ Tree rendered:
21:02:56.273 ℹ️   Primitives: 62 (trunk=1, branches=22, cell-filaments=0, spines=0, lane-polylines=0, lane-volumes=0, sheet-tiles=20, dept-spines=3, flow-bars=4, ex-overlays=0, route-highlights=0, slabs=12, vis6-pulses=0)
21:02:56.273 ℹ️   Entities: 44 (labels=1, cell-points=0, timebox-labels=43)
21:02:56.274 ℹ️ [LOD-BUDGET] frame sheetsDetailed=0 totalMarkers=0 totalPrims=62 totalEntities=44
21:02:56.274 ℹ️ [TOPOLOGY] ✅ All canonical invariants satisfied
21:02:56.275 ℹ️ [FilamentRenderer] ✅ Turgor force animation started
21:02:56.469 ℹ️ [GLOBE] worldTrunks synced added=5 total=6
21:02:56.470 ℹ️ [GLOBE] datasetLoad anchors=6
21:02:56.470 ℹ️ [UX] multiCountrySmoke=PASS anchors=6
21:02:56.471 ℹ️ 📷 Camera presets: Press 1=SheetTopDown, 2=SideProfile, 3=SheetFaceOn, 4=SpreadsheetProof, 5=SpineInspection
21:02:56.472 ℹ️ 🔒 LOD Lock: Press L to lock/unlock LOD at current level
21:02:56.472 ℹ️ 🎮 Free-fly pointer lock: Press ` (backquote) to toggle
21:02:56.474 ℹ️ [HUD] mode=FreeFly layer1=6 layer2=0
21:02:56.477 ℹ️ [UX] debugLogs=false
[BUILD] 2026-02-09T12:30Z ux-1.1-universal-object-contract
21:02:56.478 ℹ️ [UX-1.1-PROOF] type=trunk id=trunk.avgol scope=root actions=focusView,showKPIs,showTimeboxes,showBranches,cycleClusterLevel,focusNextRegion,loadGlobalCore
21:02:56.479 ℹ️ [UX-1.1-PROOF] type=branch id=branch.operations scope=trunk.avgol actions=focusView,showKPIs,showTimeboxes,showPressureSources,cycleClusterLevel,focusNextRegion,loadGlobalCore
21:02:56.480 ℹ️ [UX-1.1-PROOF] type=sheet id=sheet.packaging scope=branch.operations actions=focusView,showSchema,addColumn,addValidation,addSummaryBinding
21:02:56.480 ℹ️ [UX-1.1-PROOF] type=cell id=sheet.packaging.cell.0.0 scope=branch.operations actions=edit,viewDependencies,viewHistory,createValidation,lockScope
21:02:56.481 ℹ️ [UX-1.1-PROOF] type=match id=3WM-001 scope=branch.p2p.mc1 actions=inspectSources,viewVariance,setTolerance,markResolved
21:02:56.481 ℹ️ [UX-1.1-PROOF] type=route id=p2p.requisition scope=branch.p2p.fc1 actions=previewMapping,ingestTestRecord,showProvenance,editFieldMap
21:02:56.481 ℹ️ [UX-1.1-PROOF] type=module id=P2P scope=trunk.avgol actions=showAllSheets,showRoutes,showKPIBindings,showRecomputationChain
21:02:56.482 ℹ️ [UX-1.1] Universal Object Contract: 7 types resolved
21:02:56.483 ℹ️ [LOD] apply level=LANIAKEA sheetsDetailed=0 lanes=0 markers=0
[BoundaryRenderer] ✅ BRA: Loaded 1/1 features
[BoundaryRenderer] Loading ARG from data/boundaries/countries/ARG-ADM0.geojson
21:02:56.556 ℹ️ [HUD] paramsLoaded version=HUD-PARAMS-v0 policyRef=local:HUD-PARAMS-v0
[BoundaryRenderer] ✅ ARG: Loaded 1/1 features
[BoundaryRenderer] Loading GBR from data/boundaries/countries/GBR-ADM0.geojson
[BoundaryRenderer] ✅ GBR: Loaded 1/1 features
[BoundaryRenderer] Loading FRA from data/boundaries/countries/FRA-ADM0.geojson
21:02:56.650 ℹ️ [GATE 4] Anchor marker rendered at (34.7818, 32.0853) - independent of buildings/terrain
21:02:56.652 ℹ️ [GATE 4] Anchor marker rendered at (-122.4194, 37.7749) - independent of buildings/terrain
21:02:56.653 ℹ️ [GATE 4] Anchor marker rendered at (-0.1276, 51.5072) - independent of buildings/terrain
21:02:56.653 ℹ️ [GATE 4] Anchor marker rendered at (77.2090, 28.6139) - independent of buildings/terrain
21:02:56.654 ℹ️ [GATE 4] Anchor marker rendered at (139.6917, 35.6895) - independent of buildings/terrain
21:02:56.655 ℹ️ [GATE 4] Anchor marker rendered at (-46.6333, -23.5505) - independent of buildings/terrain
21:02:56.655 ℹ️ [UX] debugLogs=false gateSpamSuppressed=true
21:02:56.659 ℹ️ [VIS2] expandedSheetsAllowed=false scope=world
21:02:56.659 ℹ️ [VIS2] deptSpinesRendered count=3
21:02:56.659 ℹ️ [VIS2] sheetTilesRendered count=20
21:02:56.660 ℹ️ [LOD-BUDGET] frame sheetsDetailed=0 totalMarkers=0 totalPrims=51 totalEntities=52
[BoundaryRenderer] ✅ FRA: Loaded 1/1 features
[BoundaryRenderer] Loading DEU from data/boundaries/countries/DEU-ADM0.geojson
[BoundaryRenderer] ✅ DEU: Loaded 1/1 features
[BoundaryRenderer] Loading NLD from data/boundaries/countries/NLD-ADM0.geojson
21:02:58.137 ℹ️ [LOD] apply level=PLANETARY sheetsDetailed=0 lanes=0 markers=0
[BoundaryRenderer] ✅ NLD: Loaded 1/1 features
[BoundaryRenderer] Loading EGY from data/boundaries/countries/EGY-ADM0.geojson
21:02:58.253 ℹ️ [GATE 4] Anchor marker rendered at (34.7818, 32.0853) - independent of buildings/terrain
21:02:58.256 ℹ️ [GATE 4] Anchor marker rendered at (-122.4194, 37.7749) - independent of buildings/terrain
21:02:58.257 ℹ️ [GATE 4] Anchor marker rendered at (-0.1276, 51.5072) - independent of buildings/terrain
21:02:58.257 ℹ️ [GATE 4] Anchor marker rendered at (77.2090, 28.6139) - independent of buildings/terrain
21:02:58.258 ℹ️ [GATE 4] Anchor marker rendered at (139.6917, 35.6895) - independent of buildings/terrain
21:02:58.260 ℹ️ [GATE 4] Anchor marker rendered at (-46.6333, -23.5505) - independent of buildings/terrain
21:02:58.266 ℹ️ [VIS2] expandedSheetsAllowed=false scope=world
21:02:58.267 ℹ️ [VIS2] deptSpinesRendered count=3
21:02:58.269 ℹ️ [VIS2] sheetTilesRendered count=20
21:02:58.269 ℹ️ [LOD-BUDGET] frame sheetsDetailed=0 totalMarkers=0 totalPrims=51 totalEntities=52
21:02:58.368 ℹ️ [LOD] apply level=REGION sheetsDetailed=0 lanes=0 markers=0
[BoundaryRenderer] ✅ EGY: Loaded 1/1 features
[BoundaryRenderer] Loading SAU from data/boundaries/countries/SAU-ADM0.geojson
21:02:58.687 ℹ️ [LOD] apply level=COMPANY requestedSheetsDetailed=0 effectiveSheetsDetailed=0 lanes=0 markers=0 reason=collapsedByPolicy distKm=14.1
21:02:58.759 ℹ️ [GATE 4] Anchor marker rendered at (34.7818, 32.0853) - independent of buildings/terrain
21:02:58.761 ℹ️ [GATE 4] Anchor marker rendered at (-122.4194, 37.7749) - independent of buildings/terrain
21:02:58.762 ℹ️ [GATE 4] Anchor marker rendered at (-0.1276, 51.5072) - independent of buildings/terrain
21:02:58.763 ℹ️ [GATE 4] Anchor marker rendered at (77.2090, 28.6139) - independent of buildings/terrain
21:02:58.763 ℹ️ [GATE 4] Anchor marker rendered at (139.6917, 35.6895) - independent of buildings/terrain
21:02:58.764 ℹ️ [GATE 4] Anchor marker rendered at (-46.6333, -23.5505) - independent of buildings/terrain
21:02:58.766 ℹ️ [VIS2] expandedSheetsAllowed=false scope=world
21:02:58.767 ℹ️ [VIS2] deptSpinesRendered count=3
21:02:58.767 ℹ️ [VIS2] companyCollapsed result=PASS sheetsRendered=0 lod=COMPANY scope=world expandedSheetsAllowed=false
21:02:58.768 ℹ️ [VIS2] sheetTilesRendered count=20
21:02:58.768 ℹ️ [VIS3] flowOverlay result=PASS edges=42 exceptions=11 scope=world lod=COMPANY
21:02:58.768 ℹ️ [VIS3] trafficBarsRendered count=3
21:02:58.769 ℹ️ [VIS3] gate-summary result=PASS
21:02:58.770 ℹ️ [VIS4c] labelsRendered count=27 scope=company
21:02:58.770 ℹ️ [VIS4] slabsRendered scope=company objects=9 slabs=27 capped=false
21:02:58.770 ℹ️ [VIS4] companySlabs result=PASS deptBranches=3 trunkSlabs=21
21:02:58.771 ℹ️ [VIS4] gate-summary result=PASS
21:02:58.771 ℹ️ [LOD-BUDGET] frame sheetsDetailed=0 totalMarkers=0 totalPrims=82 totalEntities=79
[BoundaryRenderer] ✅ SAU: Loaded 1/1 features
[BoundaryRenderer] Loading IND from data/boundaries/countries/IND-ADM0.geojson
[BoundaryRenderer] ✅ IND: Loaded 1/1 features
[BoundaryRenderer] Loading CHN from data/boundaries/countries/CHN-ADM0.geojson
[BoundaryRenderer] ✅ CHN: Loaded 1/1 features
[BoundaryRenderer] Loading KOR from data/boundaries/countries/KOR-ADM0.geojson
[BoundaryRenderer] ✅ KOR: Loaded 1/1 features
[BoundaryRenderer] Loading ISR from data/boundaries/countries/ISR-ADM0.geojson
21:03:00.037 ℹ️ [VIS] sheetSelect resolved sheet=sheet.packaging reason=explicit
[VIS] sheetSelect resolved sheet=sheet.packaging reason=explicit
21:03:00.038 ℹ️ [VIS] enter sheet=sheet.packaging scope=sheet-only
[VIS] enter sheet=sheet.packaging scope=sheet-only
21:03:00.053 ℹ️ [GATE 4] Anchor marker rendered at (34.7818, 32.0853) - independent of buildings/terrain
21:03:00.056 ℹ️ [GATE 4] Anchor marker rendered at (-122.4194, 37.7749) - independent of buildings/terrain
21:03:00.056 ℹ️ [GATE 4] Anchor marker rendered at (-0.1276, 51.5072) - independent of buildings/terrain
21:03:00.057 ℹ️ [GATE 4] Anchor marker rendered at (77.2090, 28.6139) - independent of buildings/terrain
21:03:00.057 ℹ️ [GATE 4] Anchor marker rendered at (139.6917, 35.6895) - independent of buildings/terrain
21:03:00.058 ℹ️ [GATE 4] Anchor marker rendered at (-46.6333, -23.5505) - independent of buildings/terrain
21:03:00.061 ℹ️ [VIS2] expandedSheetsAllowed=true scope=sheet
21:03:00.064 ℹ️ [LOD] COMPANY markersOverride=false MarkerCells=0
21:03:00.076 ℹ️ [VIS2] sheetTilesRendered count=19
21:03:00.076 ℹ️ [VIS2] enterSheet expanded=1 tiles=19
21:03:00.077 ℹ️ [VIS3.2] sheetOverlay begin sheet=sheet.packaging scope=sheet
21:03:00.077 ℹ️ [VIS3.2] exceptionRows result=PASS sheet=sheet.packaging count=0
21:03:00.078 ℹ️ [VIS3.2] routeHighlights result=PASS sheet=sheet.packaging edges=0
21:03:00.078 ℹ️ [VIS3.2] budget exceptionOverlays=0 routeHighlights=0 capped=false
21:03:00.079 ℹ️ [VIS3.2] gate-summary result=PASS
21:03:00.080 ℹ️ [VIS4c] labelsRendered count=4 scope=sheet
21:03:00.080 ℹ️ [VIS4] slabsRendered scope=sheet objects=1 slabs=4 capped=false
21:03:00.081 ℹ️ [VIS4] sheetSlabs result=PASS sheet=sheet.packaging slabs=4
21:03:00.081 ℹ️ [VIS4] gate-summary result=PASS
21:03:00.082 ℹ️ [LOD-BUDGET] frame sheetsDetailed=1 totalMarkers=0 totalPrims=111 totalEntities=56
[BOUNDARY] reuse id=boundary-ISR-0-0050ba14
21:03:00.306 ℹ️ [GLOBE] country-set id=global-core loaded=26
[BoundaryRenderer] Loading USA from data/boundaries/countries/USA-ADM0.geojson
[BoundaryRenderer] Loading USA from data/boundaries/countries/USA-ADM0.geojson
21:03:01.052 ℹ️ [GLOBE] focus country=USA
21:03:01.053 ℹ️ [GLOBE] focus region=north-america
21:03:01.053 ℹ️ [GLOBE] hierarchy init cluster=globe countries=11
[BoundaryRenderer] Loading USA from data/boundaries/countries/USA-ADM0.geojson
21:03:01.270 ℹ️ [LOD] apply level=REGION sheetsDetailed=0 lanes=0 markers=0
21:03:01.394 ℹ️ [GATE 4] Anchor marker rendered at (34.7818, 32.0853) - independent of buildings/terrain
21:03:01.395 ℹ️ [GATE 4] Anchor marker rendered at (-122.4194, 37.7749) - independent of buildings/terrain
21:03:01.395 ℹ️ [GATE 4] Anchor marker rendered at (-0.1276, 51.5072) - independent of buildings/terrain
21:03:01.396 ℹ️ [GATE 4] Anchor marker rendered at (77.2090, 28.6139) - independent of buildings/terrain
21:03:01.397 ℹ️ [GATE 4] Anchor marker rendered at (139.6917, 35.6895) - independent of buildings/terrain
21:03:01.397 ℹ️ [GATE 4] Anchor marker rendered at (-46.6333, -23.5505) - independent of buildings/terrain
21:03:01.400 ℹ️ [VIS2] expandedSheetsAllowed=true scope=sheet
21:03:01.407 ℹ️ [VIS2] sheetTilesRendered count=19
21:03:01.407 ℹ️ [VIS2] enterSheet expanded=1 tiles=19
21:03:01.408 ℹ️ [LOD-BUDGET] frame sheetsDetailed=1 totalMarkers=0 totalPrims=51 totalEntities=56
21:03:01.408 ℹ️ [LOD] apply level=PLANETARY sheetsDetailed=0 lanes=0 markers=0
[BoundaryRenderer] Loading ISR from data/boundaries/countries/ISR-ADM0.geojson
21:03:01.584 ℹ️ [LOD] apply level=LANIAKEA sheetsDetailed=0 lanes=0 markers=0
21:03:01.879 ℹ️ [GATE 4] Anchor marker rendered at (34.7818, 32.0853) - independent of buildings/terrain
21:03:01.881 ℹ️ [GATE 4] Anchor marker rendered at (-122.4194, 37.7749) - independent of buildings/terrain
21:03:01.882 ℹ️ [GATE 4] Anchor marker rendered at (-0.1276, 51.5072) - independent of buildings/terrain
21:03:01.882 ℹ️ [GATE 4] Anchor marker rendered at (77.2090, 28.6139) - independent of buildings/terrain
21:03:01.883 ℹ️ [GATE 4] Anchor marker rendered at (139.6917, 35.6895) - independent of buildings/terrain
21:03:01.885 ℹ️ [GATE 4] Anchor marker rendered at (-46.6333, -23.5505) - independent of buildings/terrain
21:03:01.889 ℹ️ [VIS2] expandedSheetsAllowed=true scope=sheet
21:03:01.895 ℹ️ [VIS2] sheetTilesRendered count=19
21:03:01.896 ℹ️ [VIS2] enterSheet expanded=1 tiles=19
21:03:01.896 ℹ️ [LOD-BUDGET] frame sheetsDetailed=1 totalMarkers=0 totalPrims=51 totalEntities=56
21:03:02.477 ℹ️ [GLOBE] country-set id=global-core loaded=26
21:03:02.479 ℹ️ [GLOBE] cluster level=globe focusCountry=USA
21:03:02.703 ℹ️ [VIS] exit sheet=sheet.packaging restoreView=true
[VIS] exit sheet=sheet.packaging restoreView=true
21:03:02.741 ℹ️ [GATE 4] Anchor marker rendered at (34.7818, 32.0853) - independent of buildings/terrain
21:03:02.743 ℹ️ [GATE 4] Anchor marker rendered at (-122.4194, 37.7749) - independent of buildings/terrain
21:03:02.744 ℹ️ [GATE 4] Anchor marker rendered at (-0.1276, 51.5072) - independent of buildings/terrain
21:03:02.745 ℹ️ [GATE 4] Anchor marker rendered at (77.2090, 28.6139) - independent of buildings/terrain
21:03:02.746 ℹ️ [GATE 4] Anchor marker rendered at (139.6917, 35.6895) - independent of buildings/terrain
21:03:02.747 ℹ️ [GATE 4] Anchor marker rendered at (-46.6333, -23.5505) - independent of buildings/terrain
21:03:02.755 ℹ️ [VIS2] expandedSheetsAllowed=false scope=department
21:03:02.756 ℹ️ [VIS2] deptSpinesRendered count=3
21:03:02.756 ℹ️ [VIS2] sheetTilesRendered count=20
21:03:02.757 ℹ️ [VIS2] exitSheet collapsed=PASS expanded=0 tiles=20
21:03:02.757 ℹ️ [LOD-BUDGET] frame sheetsDetailed=0 totalMarkers=0 totalPrims=51 totalEntities=52

--- VIS2 proof ---
[VIS2] enterCall ok=true scope=unknown sheetId=none
[VIS2] companyCollapsed result=PASS
[VIS2] sheetTilesRendered count=20
[VIS2] enterSheet expanded=1
[VIS2] exitSheet collapsed=PASS
[VIS2] gate-summary result=PASS