[ENU] Coordinate system loaded - all geometry in meters
19:40:48.495 ℹ️ [Z] mode=DRAFT user=local target=none previous=INIT
19:40:48.513 ℹ️ 🚀 Relay Cesium World starting...
19:40:48.514 ℹ️ 🌍 Initializing Cesium Viewer...
19:40:48.515 ℹ️ ✅ Terrain provider created (Ellipsoid)
19:40:48.516 ℹ️ ✅ Imagery provider created (OpenStreetMap tiles loading...)
19:40:48.549 ℹ️ ✅ Viewer created
19:40:48.551 ℹ️ [GLOBE] imagery mode=osm provider=OpenStreetMap
19:40:48.553 ℹ️ ℹ️ 3D Buildings skipped (no Cesium Ion token configured)
19:40:48.553 ⚠️ ⚠️ Buildings marked as DEGRADED
19:40:48.554 ℹ️ 🌍 Cesium Viewer initialized successfully
19:40:48.554 ℹ️ [GLOBE] services weatherBase=http://127.0.0.1:4020
19:40:48.555 ℹ️ [GLOBE] imagery registry enabled modes=local,clean-street,satellite,hybrid,osm,dark,minimalist
19:40:48.555 ℹ️ [CAM] restore-POV disabled for testing
19:40:48.556 ℹ️ [FilamentRenderer] Initialized (Phase 2.1 Primitives)
[RelationshipRenderer] Initialized
[RelationshipRenderer] Cleared all relationships
19:40:48.556 ℹ️ [F2] clearedEdges=0 clearedScars=0
19:40:48.556 ℹ️ 🧹 Filament renderer cleared
[BoundaryRenderer] DataSource created and added to viewer
[BoundaryRenderer] Initialized
19:40:48.558 ℹ️ 🌍 Loading boundaries (fail-soft)...
[BoundaryRenderer] Loading ISR from data/boundaries/countries/ISR-ADM0.geojson
[BoundaryRenderer] Loading USA from data/boundaries/countries/USA-ADM0.geojson
19:40:48.559 ℹ️ [BOUNDARY-EDITOR] Initialized
19:40:48.559 ℹ️ 🌲 Loading demo tree...
[GroupMarkerNotSet(crbug.com/242999)!:A07024009C750000]Automatic fallback to software WebGL has been deprecated. Please use the --enable-unsafe-swiftshader (about:flags#enable-unsafe-swiftshader) flag to opt in to lower security guarantees for trusted content.
[.WebGL-0x6b1c00806300]GL Driver Message (OpenGL, Performance, GL_CLOSE_PATH_NV, High): GPU stall due to ReadPixels
[.WebGL-0x6b1c00806300]GL Driver Message (OpenGL, Performance, GL_CLOSE_PATH_NV, High): GPU stall due to ReadPixels
[BoundaryRenderer] ✅ ISR: Loaded 1/1 features
19:40:48.721 ℹ️ [B2-PROOF] threeWayMatch mismatch matchId=3WM-001 poLineId=POL-001 grLineId=GRL-001 invLineId=IL-001 status=MATCH qtyVar=0 priceVar=0
19:40:48.722 ℹ️ [B2-PROOF] threeWayMatch mismatch matchId=3WM-002 poLineId=POL-002 grLineId=GRL-002 invLineId=IL-002 status=MATCH qtyVar=0 priceVar=0
19:40:48.722 ℹ️ [B2-PROOF] threeWayMatch mismatch matchId=3WM-003 poLineId=POL-003 grLineId=GRL-003 invLineId=IL-003 status=PRICE_EXCEPTION qtyVar=0 priceVar=50
19:40:48.722 ℹ️ [B2-PROOF] threeWayMatch mismatch matchId=3WM-004 poLineId=POL-004 grLineId=GRL-004 invLineId=IL-004 status=PRICE_EXCEPTION qtyVar=0 priceVar=0.5
19:40:48.723 ℹ️ [B2-PROOF] threeWayMatch mismatch matchId=3WM-005 poLineId=POL-005 grLineId=GRL-005 invLineId=IL-005 status=QTY_EXCEPTION qtyVar=2 priceVar=2
19:40:48.723 ℹ️ [B2-PROOF] threeWayMatch mismatch matchId=3WM-006 poLineId=POL-006 grLineId= invLineId= status=UNMATCHED qtyVar=N/A priceVar=N/A
19:40:48.723 ℹ️ [B2-PROOF] threeWayMatch unmatched invoice matchId=3WM-007 invLineId=IL-006 (no PO link)
19:40:48.724 ℹ️ [B2-PROOF] buildMatches complete: 15 match rows, 9 exceptions/unmatched, rebuilt=P2P.ThreeWayMatch,P2P.InvoiceToGLMatch,P2P.InvoiceToPaymentMatch
19:40:48.724 ℹ️ [B3-PROOF] buildSummaryData: 3 summary sheets, 35 formula cells (zero JS aggregation)
19:40:48.725 ℹ️ [MODULE] P2P loaded: 13 sheets (7 fact + 3 match + 3 summary), 127 columns
19:40:48.725 ℹ️ [MODULE]   FC1: P2P.RequisitionLines (12 cols)
19:40:48.725 ℹ️ [MODULE]   FC2: P2P.POLines (13 cols)
19:40:48.725 ℹ️ [MODULE]   FC3: P2P.GRLines (10 cols)
19:40:48.726 ℹ️ [MODULE]   FC4: P2P.InvoiceLines (16 cols)
19:40:48.726 ℹ️ [MODULE]   FC5: P2P.PaymentLines (14 cols)
19:40:48.726 ℹ️ [MODULE]   FC7: P2P.BankStatementLines (7 cols)
19:40:48.726 ℹ️ [MODULE]   FC6: P2P.GLPostingLines (11 cols)
19:40:48.726 ℹ️ [MODULE]   MC1: P2P.ThreeWayMatch (14 cols, 7 match rows)
19:40:48.727 ℹ️ [MODULE]   MC2: P2P.InvoiceToGLMatch (10 cols, 4 match rows)
19:40:48.727 ℹ️ [MODULE]   MC3: P2P.InvoiceToPaymentMatch (11 cols, 4 match rows)
19:40:48.727 ℹ️ [MODULE]   SC1: P2P.AP_Aging (2 cols, 13 formula rows)
19:40:48.727 ℹ️ [MODULE]   SC2: P2P.MatchRateSummary (2 cols, 7 formula rows)
19:40:48.728 ℹ️ [MODULE]   SC3: P2P.SpendByCategory (5 cols, 5 formula rows)
19:40:48.728 ℹ️ [MODULE] KPI bindings: 3 metrics → branch.p2p
19:40:48.728 ℹ️ [MODULE]   matchRate: P2P.MatchRateSummary!B8 (%)
19:40:48.728 ℹ️ [MODULE]   dpo: P2P.AP_Aging!B13 (days)
19:40:48.729 ℹ️ [MODULE]   outstanding: P2P.AP_Aging!B4 (USD)
19:40:48.729 ℹ️ [MODULE] P2P merged into tree: +27 nodes, +27 edges
[.WebGL-0x6b1c00806300]GL Driver Message (OpenGL, Performance, GL_CLOSE_PATH_NV, High): GPU stall due to ReadPixels
[BoundaryRenderer] ✅ USA: Loaded 1/1 features
19:40:48.770 ℹ️ [BOUNDARY] containsll suite=PASS polygons=1 multipolygons=1 holes=0
19:40:48.771 ℹ️ [BOUNDARY] containsll hole-suite=PASS probes=3
19:40:48.771 ℹ️ [BOUNDARY] restore result=PASS renderer=BoundaryRenderer containsLL=PASS ISR=1 USA=1
19:40:48.771 ℹ️ [GATE] G3 status=PASS evidence=runtime-boundary-selftest
19:40:48.771 ℹ️ [UX] boundaries=ACTIVE mode=READ_ONLY
19:40:48.772 ℹ️ [BOUNDARY] voting-scope mode=BOUNDARY_ENABLED reason=boundary-pass
[.WebGL-0x6b1c00806300]GL Driver Message (OpenGL, Performance, GL_CLOSE_PATH_NV, High): GPU stall due to ReadPixels (this message will no longer repeat)
19:40:48.803 ℹ️ [B2-PROOF] threeWayMatch unmatched invoice matchId=3WM-001 invLineId=undefined (no PO link)
19:40:48.804 ℹ️ [B2-PROOF] threeWayMatch unmatched invoice matchId=3WM-002 invLineId=undefined (no PO link)
19:40:48.804 ℹ️ [B2-PROOF] threeWayMatch unmatched invoice matchId=3WM-003 invLineId=undefined (no PO link)
19:40:48.804 ℹ️ [B2-PROOF] threeWayMatch unmatched invoice matchId=3WM-004 invLineId=undefined (no PO link)
19:40:48.804 ℹ️ [B2-PROOF] threeWayMatch unmatched invoice matchId=3WM-005 invLineId=undefined (no PO link)
19:40:48.805 ℹ️ [B2-PROOF] threeWayMatch unmatched invoice matchId=3WM-006 invLineId=undefined (no PO link)
19:40:48.805 ℹ️ [B2-PROOF] buildMatches complete: 8 match rows, 8 exceptions/unmatched, rebuilt=P2P.ThreeWayMatch,P2P.InvoiceToGLMatch,P2P.InvoiceToPaymentMatch,MFG.WOIssueMatch
19:40:48.805 ℹ️ [B3-PROOF] buildSummaryData: 1 summary sheets, 4 formula cells (zero JS aggregation)
19:40:48.806 ℹ️ [MODULE] MFG loaded: 6 sheets (4 fact + 1 match + 1 summary), 29 columns
19:40:48.806 ℹ️ [MODULE]   FC1: MFG.WorkOrders (5 cols)
19:40:48.806 ℹ️ [MODULE]   FC2: MFG.MaterialIssues (5 cols)
19:40:48.806 ℹ️ [MODULE]   FC3: MFG.ScrapEvents (5 cols)
19:40:48.806 ℹ️ [MODULE]   FC4: MFG.QualityChecks (4 cols)
19:40:48.807 ℹ️ [MODULE]   MC1: MFG.WOIssueMatch (8 cols, 0 match rows)
19:40:48.807 ℹ️ [MODULE]   SC1: MFG.ProductionSummary (2 cols, 4 formula rows)
19:40:48.807 ℹ️ [MODULE] KPI bindings: 1 metrics → branch.mfg
19:40:48.807 ℹ️ [MODULE]   issueCoverage: MFG.ProductionSummary!B4 (%)
19:40:48.808 ℹ️ [MODULE] MFG merged into tree: +13 nodes, +13 edges
19:40:48.824 ℹ️ [BOUNDARY] manifestLoaded countries=27
[BoundaryRenderer] Loading USA from data/boundaries/countries/USA-ADM0.geojson
19:40:48.868 ℹ️ [ROUTE] loaded 12 routes from group "p2p" (module: P2P)
19:40:48.870 ℹ️ [ROUTE]   p2p.requisition → P2P.RequisitionLines (keys: reqId, reqLineId)
19:40:48.870 ℹ️ [ROUTE]   p2p.purchaseOrder → P2P.POLines (keys: poId, poLineId)
19:40:48.870 ℹ️ [ROUTE]   p2p.goodsReceipt → P2P.GRLines (keys: grId, grLineId)
19:40:48.870 ℹ️ [ROUTE]   p2p.invoice → P2P.InvoiceLines (keys: invId, invLineId)
19:40:48.871 ℹ️ [ROUTE]   p2p.payment → P2P.PaymentLines (keys: paymentId, payLineId)
19:40:48.871 ℹ️ [ROUTE]   p2p.pr → P2P.RequisitionLines (keys: reqId, reqLineId)
19:40:48.871 ℹ️ [ROUTE]   p2p.po → P2P.POLines (keys: poId, poLineId)
19:40:48.871 ℹ️ [ROUTE]   p2p.gr → P2P.GRLines (keys: grId, grLineId)
19:40:48.872 ℹ️ [ROUTE]   p2p.inv → P2P.InvoiceLines (keys: invId, invLineId)
19:40:48.872 ℹ️ [ROUTE]   p2p.pay → P2P.PaymentLines (keys: paymentId, payLineId)
19:40:48.872 ℹ️ [ROUTE]   p2p.bankStatement → P2P.BankStatementLines (keys: bankLineId)
19:40:48.873 ℹ️ [ROUTE]   p2p.glPosting → P2P.GLPostingLines (keys: glDocId, glLineId)
[BOUNDARY] reuse id=boundary-USA-0-6c62914d
19:40:48.928 ℹ️ [BOUNDARY] skipMissing country=CAN reason=not_in_manifest
19:40:48.929 ℹ️ [BOUNDARY] skipMissing country=MEX reason=not_in_manifest
[BoundaryRenderer] Loading BRA from data/boundaries/countries/BRA-ADM0.geojson
19:40:48.951 ℹ️ [ROUTE] loaded 4 routes from group "mfg" (module: MFG)
19:40:48.953 ℹ️ [ROUTE]   mfg.workOrder → MFG.WorkOrders (keys: workOrderId)
19:40:48.953 ℹ️ [ROUTE]   mfg.materialIssue → MFG.MaterialIssues (keys: issueId)
19:40:48.953 ℹ️ [ROUTE]   mfg.scrapEvent → MFG.ScrapEvents (keys: scrapId)
19:40:48.954 ℹ️ [ROUTE]   mfg.qualityCheck → MFG.QualityChecks (keys: qcId)
19:40:48.955 ℹ️ [D1-AGG] trunk=trunk.avgol metrics=4 hash=0x663fa7ee
19:40:48.957 ℹ️ ✅ Demo tree rendered: Avgol @ Tel Aviv
19:40:48.960 ℹ️ [F2] clearedEdges=0 clearedScars=0
19:40:48.961 ℹ️ 🧹 Filament renderer cleared
19:40:48.961 ℹ️ 🌲 Rendering tree: 43 nodes, 42 edges
19:40:48.961 ℹ️ [THICKNESS] cell=1.00m spine=3.00m branch=24.00m trunk=30.00m root=12.00m
19:40:48.962 ℹ️ [GATE 4] Anchor marker rendered at (34.7818, 32.0853) - independent of buildings/terrain
19:40:48.962 ℹ️ [Phase 2.3] Root continuation: 1000m below anchor (aligned to ENU Up/Down)
19:40:48.964 ℹ️ [FilamentRenderer] ⏰ Timeboxes: 6 on trunk trunk.avgol
19:40:48.965 ℹ️ [GATE 2] Branch branch.operations:
19:40:48.966 ℹ️   Anchor: (34.7818, 32.0853)
19:40:48.966 ℹ️   ENU Start: (E=0, N=0, U=2000)
19:40:48.966 ℹ️   ENU End: (E=800, N=0, U=2000)
19:40:48.966 ℹ️   Branch Length: 800.0m (expected: 800m)
19:40:48.967 ℹ️   Length Error: 0.0m
19:40:48.968 ℹ️ [FilamentRenderer] ⏰ Timeboxes: 4 on branch branch.operations
19:40:48.968 ℹ️ [GATE 2] Branch branch.p2p:
19:40:48.968 ℹ️   Anchor: (34.7818, 32.0853)
19:40:48.969 ℹ️   ENU Start: (E=0, N=32, U=2000)
19:40:48.969 ℹ️   ENU End: (E=800, N=32, U=2000)
19:40:48.969 ℹ️   Branch Length: 800.0m (expected: 800m)
19:40:48.969 ℹ️   Length Error: 0.0m
19:40:48.970 ℹ️ [FilamentRenderer] ⏰ Timeboxes: 1 on branch branch.p2p
19:40:48.970 ℹ️ [GATE 2] Branch branch.p2p.fc1:
19:40:48.970 ℹ️   Anchor: (34.7818, 32.0853)
19:40:48.971 ℹ️   ENU Start: (E=0, N=64, U=2000)
19:40:48.971 ℹ️   ENU End: (E=800, N=64, U=2000)
19:40:48.971 ℹ️   Branch Length: 800.0m (expected: 800m)
19:40:48.971 ℹ️   Length Error: 0.0m
19:40:48.972 ℹ️ [FilamentRenderer] ⏰ Timeboxes: 1 on branch branch.p2p.fc1
19:40:48.972 ℹ️ [GATE 2] Branch branch.p2p.fc2:
19:40:48.972 ℹ️   Anchor: (34.7818, 32.0853)
19:40:48.973 ℹ️   ENU Start: (E=0, N=96, U=2000)
19:40:48.973 ℹ️   ENU End: (E=800, N=96, U=2000)
19:40:48.973 ℹ️   Branch Length: 800.0m (expected: 800m)
19:40:48.973 ℹ️   Length Error: 0.0m
19:40:48.974 ℹ️ [FilamentRenderer] ⏰ Timeboxes: 1 on branch branch.p2p.fc2
19:40:48.974 ℹ️ [GATE 2] Branch branch.p2p.fc3:
19:40:48.974 ℹ️   Anchor: (34.7818, 32.0853)
19:40:48.975 ℹ️   ENU Start: (E=0, N=128, U=2000)
19:40:48.975 ℹ️   ENU End: (E=800, N=128, U=2000)
19:40:48.975 ℹ️   Branch Length: 800.0m (expected: 800m)
19:40:48.975 ℹ️   Length Error: 0.0m
19:40:48.976 ℹ️ [FilamentRenderer] ⏰ Timeboxes: 1 on branch branch.p2p.fc3
19:40:48.976 ℹ️ [GATE 2] Branch branch.p2p.fc4:
19:40:48.976 ℹ️   Anchor: (34.7818, 32.0853)
19:40:48.977 ℹ️   ENU Start: (E=0, N=160, U=2000)
19:40:48.977 ℹ️   ENU End: (E=800, N=160, U=2000)
19:40:48.977 ℹ️   Branch Length: 800.0m (expected: 800m)
19:40:48.977 ℹ️   Length Error: 0.0m
19:40:48.978 ℹ️ [FilamentRenderer] ⏰ Timeboxes: 1 on branch branch.p2p.fc4
19:40:48.978 ℹ️ [GATE 2] Branch branch.p2p.fc5:
19:40:48.978 ℹ️   Anchor: (34.7818, 32.0853)
19:40:48.979 ℹ️   ENU Start: (E=0, N=192, U=2000)
19:40:48.979 ℹ️   ENU End: (E=800, N=192, U=2000)
19:40:48.979 ℹ️   Branch Length: 800.0m (expected: 800m)
19:40:48.979 ℹ️   Length Error: 0.0m
19:40:48.980 ℹ️ [FilamentRenderer] ⏰ Timeboxes: 1 on branch branch.p2p.fc5
19:40:48.980 ℹ️ [GATE 2] Branch branch.p2p.fc7:
19:40:48.980 ℹ️   Anchor: (34.7818, 32.0853)
19:40:48.981 ℹ️   ENU Start: (E=0, N=224, U=2000)
19:40:48.981 ℹ️   ENU End: (E=800, N=224, U=2000)
19:40:48.981 ℹ️   Branch Length: 800.0m (expected: 800m)
19:40:48.981 ℹ️   Length Error: 0.0m
19:40:48.982 ℹ️ [FilamentRenderer] ⏰ Timeboxes: 1 on branch branch.p2p.fc7
19:40:48.982 ℹ️ [GATE 2] Branch branch.p2p.fc6:
19:40:48.982 ℹ️   Anchor: (34.7818, 32.0853)
19:40:48.983 ℹ️   ENU Start: (E=0, N=256, U=2000)
19:40:48.983 ℹ️   ENU End: (E=800, N=256, U=2000)
19:40:48.983 ℹ️   Branch Length: 800.0m (expected: 800m)
19:40:48.984 ℹ️   Length Error: 0.0m
19:40:48.984 ℹ️ [FilamentRenderer] ⏰ Timeboxes: 1 on branch branch.p2p.fc6
19:40:48.984 ℹ️ [GATE 2] Branch branch.p2p.mc1:
19:40:48.984 ℹ️   Anchor: (34.7818, 32.0853)
19:40:48.985 ℹ️   ENU Start: (E=0, N=288, U=2000)
19:40:48.985 ℹ️   ENU End: (E=800, N=288, U=2000)
19:40:48.985 ℹ️   Branch Length: 800.0m (expected: 800m)
19:40:48.985 ℹ️   Length Error: 0.0m
19:40:48.986 ℹ️ [FilamentRenderer] ⏰ Timeboxes: 1 on branch branch.p2p.mc1
19:40:48.986 ℹ️ [GATE 2] Branch branch.p2p.mc2:
19:40:48.986 ℹ️   Anchor: (34.7818, 32.0853)
19:40:48.987 ℹ️   ENU Start: (E=0, N=320, U=2000)
19:40:48.987 ℹ️   ENU End: (E=800, N=320, U=2000)
19:40:48.987 ℹ️   Branch Length: 800.0m (expected: 800m)
19:40:48.987 ℹ️   Length Error: 0.0m
19:40:48.988 ℹ️ [FilamentRenderer] ⏰ Timeboxes: 1 on branch branch.p2p.mc2
19:40:48.988 ℹ️ [GATE 2] Branch branch.p2p.mc3:
19:40:48.988 ℹ️   Anchor: (34.7818, 32.0853)
19:40:48.988 ℹ️   ENU Start: (E=0, N=352, U=2000)
19:40:48.989 ℹ️   ENU End: (E=800, N=352, U=2000)
19:40:48.989 ℹ️   Branch Length: 800.0m (expected: 800m)
19:40:48.989 ℹ️   Length Error: 0.0m
19:40:48.990 ℹ️ [FilamentRenderer] ⏰ Timeboxes: 1 on branch branch.p2p.mc3
19:40:48.990 ℹ️ [GATE 2] Branch branch.p2p.sc1:
19:40:48.990 ℹ️   Anchor: (34.7818, 32.0853)
19:40:48.990 ℹ️   ENU Start: (E=0, N=384, U=2000)
19:40:48.991 ℹ️   ENU End: (E=800, N=384, U=2000)
19:40:48.991 ℹ️   Branch Length: 800.0m (expected: 800m)
19:40:48.991 ℹ️   Length Error: 0.0m
19:40:48.991 ℹ️ [FilamentRenderer] ⏰ Timeboxes: 1 on branch branch.p2p.sc1
19:40:48.992 ℹ️ [GATE 2] Branch branch.p2p.sc2:
19:40:48.992 ℹ️   Anchor: (34.7818, 32.0853)
19:40:48.992 ℹ️   ENU Start: (E=0, N=416, U=2000)
19:40:48.993 ℹ️   ENU End: (E=800, N=416, U=2000)
19:40:48.993 ℹ️   Branch Length: 800.0m (expected: 800m)
19:40:48.993 ℹ️   Length Error: 0.0m
19:40:48.993 ℹ️ [FilamentRenderer] ⏰ Timeboxes: 1 on branch branch.p2p.sc2
19:40:48.994 ℹ️ [GATE 2] Branch branch.p2p.sc3:
19:40:48.994 ℹ️   Anchor: (34.7818, 32.0853)
19:40:48.994 ℹ️   ENU Start: (E=0, N=448, U=2000)
19:40:48.994 ℹ️   ENU End: (E=800, N=448, U=2000)
19:40:48.995 ℹ️   Branch Length: 800.0m (expected: 800m)
19:40:48.995 ℹ️   Length Error: 0.0m
19:40:48.995 ℹ️ [FilamentRenderer] ⏰ Timeboxes: 1 on branch branch.p2p.sc3
19:40:48.996 ℹ️ [GATE 2] Branch branch.mfg:
19:40:48.996 ℹ️   Anchor: (34.7818, 32.0853)
19:40:48.996 ℹ️   ENU Start: (E=0, N=480, U=2000)
19:40:48.996 ℹ️   ENU End: (E=800, N=480, U=2000)
19:40:48.997 ℹ️   Branch Length: 800.0m (expected: 800m)
19:40:48.997 ℹ️   Length Error: 0.0m
19:40:48.997 ℹ️ [FilamentRenderer] ⏰ Timeboxes: 1 on branch branch.mfg
19:40:48.998 ℹ️ [GATE 2] Branch branch.mfg.fc1:
19:40:48.998 ℹ️   Anchor: (34.7818, 32.0853)
19:40:48.998 ℹ️   ENU Start: (E=0, N=512, U=2000)
19:40:48.998 ℹ️   ENU End: (E=800, N=512, U=2000)
19:40:48.999 ℹ️   Branch Length: 800.0m (expected: 800m)
19:40:48.999 ℹ️   Length Error: 0.0m
19:40:48.999 ℹ️ [FilamentRenderer] ⏰ Timeboxes: 1 on branch branch.mfg.fc1
19:40:48.999 ℹ️ [GATE 2] Branch branch.mfg.fc2:
19:40:49.000 ℹ️   Anchor: (34.7818, 32.0853)
19:40:49.000 ℹ️   ENU Start: (E=0, N=544, U=2000)
19:40:49.000 ℹ️   ENU End: (E=800, N=544, U=2000)
19:40:49.000 ℹ️   Branch Length: 800.0m (expected: 800m)
19:40:49.001 ℹ️   Length Error: 0.0m
19:40:49.001 ℹ️ [FilamentRenderer] ⏰ Timeboxes: 1 on branch branch.mfg.fc2
19:40:49.001 ℹ️ [GATE 2] Branch branch.mfg.fc3:
19:40:49.002 ℹ️   Anchor: (34.7818, 32.0853)
19:40:49.002 ℹ️   ENU Start: (E=0, N=576, U=2000)
19:40:49.002 ℹ️   ENU End: (E=800, N=576, U=2000)
19:40:49.002 ℹ️   Branch Length: 800.0m (expected: 800m)
19:40:49.002 ℹ️   Length Error: 0.0m
19:40:49.003 ℹ️ [FilamentRenderer] ⏰ Timeboxes: 1 on branch branch.mfg.fc3
19:40:49.003 ℹ️ [GATE 2] Branch branch.mfg.fc4:
19:40:49.003 ℹ️   Anchor: (34.7818, 32.0853)
19:40:49.004 ℹ️   ENU Start: (E=0, N=608, U=2000)
19:40:49.004 ℹ️   ENU End: (E=800, N=608, U=2000)
19:40:49.004 ℹ️   Branch Length: 800.0m (expected: 800m)
19:40:49.004 ℹ️   Length Error: 0.0m
19:40:49.005 ℹ️ [FilamentRenderer] ⏰ Timeboxes: 1 on branch branch.mfg.fc4
19:40:49.005 ℹ️ [GATE 2] Branch branch.mfg.mc1:
19:40:49.005 ℹ️   Anchor: (34.7818, 32.0853)
19:40:49.006 ℹ️   ENU Start: (E=0, N=640, U=2000)
19:40:49.006 ℹ️   ENU End: (E=800, N=640, U=2000)
19:40:49.006 ℹ️   Branch Length: 800.0m (expected: 800m)
19:40:49.006 ℹ️   Length Error: 0.0m
19:40:49.007 ℹ️ [FilamentRenderer] ⏰ Timeboxes: 1 on branch branch.mfg.mc1
19:40:49.007 ℹ️ [GATE 2] Branch branch.mfg.sc1:
19:40:49.007 ℹ️   Anchor: (34.7818, 32.0853)
19:40:49.007 ℹ️   ENU Start: (E=0, N=672, U=2000)
19:40:49.008 ℹ️   ENU End: (E=800, N=672, U=2000)
19:40:49.008 ℹ️   Branch Length: 800.0m (expected: 800m)
19:40:49.008 ℹ️   Length Error: 0.0m
19:40:49.009 ℹ️ [FilamentRenderer] ⏰ Timeboxes: 1 on branch branch.mfg.sc1
19:40:49.009 ℹ️ [VIS2] expandedSheetsAllowed=false scope=world
19:40:49.009 ℹ️ [VIS2] deptSpinesRendered count=3
19:40:49.010 ℹ️ [S1] SheetsRendered=0 Expected=0
19:40:49.010 ℹ️ [VIS2] companyCollapsed result=PASS sheetsRendered=0 lod=COMPANY scope=world expandedSheetsAllowed=false
19:40:49.011 ℹ️ [VIS2] sheetTilesRendered count=20
19:40:49.011 ℹ️ [VIS2] exitSheet collapsed=PASS expanded=0 tiles=20
19:40:49.012 ℹ️ [VIS3] flowOverlay result=PASS edges=42 exceptions=11 scope=world lod=COMPANY
19:40:49.012 ℹ️ [VIS3] trafficBarsRendered count=3
19:40:49.012 ℹ️ [VIS3] gate-summary result=PASS
19:40:49.013 ℹ️ ✅ Tree rendered:
19:40:49.013 ℹ️   Primitives: 50 (trunk=1, branches=22, cell-filaments=0, spines=0, lane-polylines=0, lane-volumes=0, sheet-tiles=20, dept-spines=3, flow-bars=4, ex-overlays=0, route-highlights=0)
19:40:49.013 ℹ️   Entities: 32 (labels=1, cell-points=0, timebox-labels=31)
19:40:49.014 ℹ️ [LOD-BUDGET] frame sheetsDetailed=0 totalMarkers=0 totalPrims=50 totalEntities=32
19:40:49.014 ℹ️ [TOPOLOGY] ✅ All canonical invariants satisfied
19:40:49.014 ℹ️ [FilamentRenderer] ✅ Turgor force animation started
19:40:49.197 ℹ️ [GLOBE] worldTrunks synced added=5 total=6
19:40:49.198 ℹ️ [GLOBE] datasetLoad anchors=6
19:40:49.198 ℹ️ [UX] multiCountrySmoke=PASS anchors=6
19:40:49.199 ℹ️ 📷 Camera presets: Press 1=SheetTopDown, 2=SideProfile, 3=SheetFaceOn, 4=SpreadsheetProof, 5=SpineInspection
19:40:49.200 ℹ️ 🔒 LOD Lock: Press L to lock/unlock LOD at current level
19:40:49.200 ℹ️ 🎮 Free-fly pointer lock: Press ` (backquote) to toggle
19:40:49.202 ℹ️ [HUD] mode=FreeFly layer1=6 layer2=0
19:40:49.205 ℹ️ [UX] debugLogs=false
[BUILD] 2026-02-09T12:30Z ux-1.1-universal-object-contract
19:40:49.207 ℹ️ [UX-1.1-PROOF] type=trunk id=trunk.avgol scope=root actions=focusView,showKPIs,showTimeboxes,showBranches,cycleClusterLevel,focusNextRegion,loadGlobalCore
19:40:49.208 ℹ️ [UX-1.1-PROOF] type=branch id=branch.operations scope=trunk.avgol actions=focusView,showKPIs,showTimeboxes,showPressureSources,cycleClusterLevel,focusNextRegion,loadGlobalCore
19:40:49.208 ℹ️ [UX-1.1-PROOF] type=sheet id=sheet.packaging scope=branch.operations actions=focusView,showSchema,addColumn,addValidation,addSummaryBinding
19:40:49.209 ℹ️ [UX-1.1-PROOF] type=cell id=sheet.packaging.cell.0.0 scope=branch.operations actions=edit,viewDependencies,viewHistory,createValidation,lockScope
19:40:49.209 ℹ️ [UX-1.1-PROOF] type=match id=3WM-001 scope=branch.p2p.mc1 actions=inspectSources,viewVariance,setTolerance,markResolved
19:40:49.209 ℹ️ [UX-1.1-PROOF] type=route id=p2p.requisition scope=branch.p2p.fc1 actions=previewMapping,ingestTestRecord,showProvenance,editFieldMap
19:40:49.210 ℹ️ [UX-1.1-PROOF] type=module id=P2P scope=trunk.avgol actions=showAllSheets,showRoutes,showKPIBindings,showRecomputationChain
19:40:49.210 ℹ️ [UX-1.1] Universal Object Contract: 7 types resolved
19:40:49.211 ℹ️ [LOD] apply level=LANIAKEA sheetsDetailed=0 lanes=0 markers=0
[BoundaryRenderer] ✅ BRA: Loaded 1/1 features
[BoundaryRenderer] Loading ARG from data/boundaries/countries/ARG-ADM0.geojson
19:40:49.273 ℹ️ [HUD] paramsLoaded version=HUD-PARAMS-v0 policyRef=local:HUD-PARAMS-v0
[BoundaryRenderer] ✅ ARG: Loaded 1/1 features
[BoundaryRenderer] Loading GBR from data/boundaries/countries/GBR-ADM0.geojson
[BoundaryRenderer] ✅ GBR: Loaded 1/1 features
[BoundaryRenderer] Loading FRA from data/boundaries/countries/FRA-ADM0.geojson
19:40:49.386 ℹ️ [GATE 4] Anchor marker rendered at (34.7818, 32.0853) - independent of buildings/terrain
19:40:49.388 ℹ️ [GATE 4] Anchor marker rendered at (-122.4194, 37.7749) - independent of buildings/terrain
19:40:49.388 ℹ️ [GATE 4] Anchor marker rendered at (-0.1276, 51.5072) - independent of buildings/terrain
19:40:49.389 ℹ️ [GATE 4] Anchor marker rendered at (77.2090, 28.6139) - independent of buildings/terrain
19:40:49.390 ℹ️ [GATE 4] Anchor marker rendered at (139.6917, 35.6895) - independent of buildings/terrain
19:40:49.390 ℹ️ [GATE 4] Anchor marker rendered at (-46.6333, -23.5505) - independent of buildings/terrain
19:40:49.391 ℹ️ [UX] debugLogs=false gateSpamSuppressed=true
19:40:49.394 ℹ️ [VIS2] expandedSheetsAllowed=false scope=world
19:40:49.395 ℹ️ [VIS2] deptSpinesRendered count=3
19:40:49.395 ℹ️ [VIS2] sheetTilesRendered count=20
19:40:49.395 ℹ️ [LOD-BUDGET] frame sheetsDetailed=0 totalMarkers=0 totalPrims=51 totalEntities=52
[BoundaryRenderer] ✅ FRA: Loaded 1/1 features
[BoundaryRenderer] Loading DEU from data/boundaries/countries/DEU-ADM0.geojson
[BoundaryRenderer] ✅ DEU: Loaded 1/1 features
[BoundaryRenderer] Loading NLD from data/boundaries/countries/NLD-ADM0.geojson
[BoundaryRenderer] ✅ NLD: Loaded 1/1 features
[BoundaryRenderer] Loading EGY from data/boundaries/countries/EGY-ADM0.geojson
[BoundaryRenderer] ✅ EGY: Loaded 1/1 features
[BoundaryRenderer] Loading SAU from data/boundaries/countries/SAU-ADM0.geojson
[BoundaryRenderer] ✅ SAU: Loaded 1/1 features
[BoundaryRenderer] Loading IND from data/boundaries/countries/IND-ADM0.geojson
[BoundaryRenderer] ✅ IND: Loaded 1/1 features
[BoundaryRenderer] Loading CHN from data/boundaries/countries/CHN-ADM0.geojson
[BoundaryRenderer] ✅ CHN: Loaded 1/1 features
[BoundaryRenderer] Loading KOR from data/boundaries/countries/KOR-ADM0.geojson
19:40:51.212 ℹ️ [LOD] apply level=PLANETARY sheetsDetailed=0 lanes=0 markers=0
19:40:51.410 ℹ️ [GATE 4] Anchor marker rendered at (34.7818, 32.0853) - independent of buildings/terrain
19:40:51.415 ℹ️ [GATE 4] Anchor marker rendered at (-122.4194, 37.7749) - independent of buildings/terrain
19:40:51.416 ℹ️ [GATE 4] Anchor marker rendered at (-0.1276, 51.5072) - independent of buildings/terrain
19:40:51.417 ℹ️ [GATE 4] Anchor marker rendered at (77.2090, 28.6139) - independent of buildings/terrain
19:40:51.418 ℹ️ [GATE 4] Anchor marker rendered at (139.6917, 35.6895) - independent of buildings/terrain
19:40:51.419 ℹ️ [GATE 4] Anchor marker rendered at (-46.6333, -23.5505) - independent of buildings/terrain
19:40:51.426 ℹ️ [VIS2] expandedSheetsAllowed=false scope=world
19:40:51.426 ℹ️ [VIS2] deptSpinesRendered count=3
19:40:51.427 ℹ️ [VIS2] sheetTilesRendered count=20
19:40:51.428 ℹ️ [LOD-BUDGET] frame sheetsDetailed=0 totalMarkers=0 totalPrims=51 totalEntities=52
19:40:51.429 ℹ️ [LOD] apply level=REGION sheetsDetailed=0 lanes=0 markers=0
19:40:51.590 ℹ️ [LOD] apply level=COMPANY requestedSheetsDetailed=0 effectiveSheetsDetailed=0 lanes=0 markers=0 reason=collapsedByPolicy distKm=13.2
[BoundaryRenderer] ✅ KOR: Loaded 1/1 features
[BoundaryRenderer] Loading ISR from data/boundaries/countries/ISR-ADM0.geojson
19:40:51.981 ℹ️ [GATE 4] Anchor marker rendered at (34.7818, 32.0853) - independent of buildings/terrain
19:40:51.983 ℹ️ [GATE 4] Anchor marker rendered at (-122.4194, 37.7749) - independent of buildings/terrain
19:40:51.984 ℹ️ [GATE 4] Anchor marker rendered at (-0.1276, 51.5072) - independent of buildings/terrain
19:40:51.985 ℹ️ [GATE 4] Anchor marker rendered at (77.2090, 28.6139) - independent of buildings/terrain
19:40:51.985 ℹ️ [GATE 4] Anchor marker rendered at (139.6917, 35.6895) - independent of buildings/terrain
19:40:51.986 ℹ️ [GATE 4] Anchor marker rendered at (-46.6333, -23.5505) - independent of buildings/terrain
19:40:51.989 ℹ️ [VIS2] expandedSheetsAllowed=false scope=world
19:40:51.990 ℹ️ [VIS2] deptSpinesRendered count=3
19:40:51.991 ℹ️ [VIS2] companyCollapsed result=PASS sheetsRendered=0 lod=COMPANY scope=world expandedSheetsAllowed=false
19:40:51.991 ℹ️ [VIS2] sheetTilesRendered count=20
19:40:51.992 ℹ️ [VIS3] flowOverlay result=PASS edges=42 exceptions=11 scope=world lod=COMPANY
19:40:51.992 ℹ️ [VIS3] trafficBarsRendered count=3
19:40:51.993 ℹ️ [VIS3] gate-summary result=PASS
19:40:51.993 ℹ️ [LOD-BUDGET] frame sheetsDetailed=0 totalMarkers=0 totalPrims=55 totalEntities=52
[BOUNDARY] reuse id=boundary-ISR-0-0050ba14
19:40:52.133 ℹ️ [GLOBE] country-set id=global-core loaded=26
[BoundaryRenderer] Loading USA from data/boundaries/countries/USA-ADM0.geojson
[BoundaryRenderer] Loading USA from data/boundaries/countries/USA-ADM0.geojson
19:40:52.588 ℹ️ [GATE 4] Anchor marker rendered at (34.7818, 32.0853) - independent of buildings/terrain
19:40:52.590 ℹ️ [GATE 4] Anchor marker rendered at (-122.4194, 37.7749) - independent of buildings/terrain
19:40:52.591 ℹ️ [GATE 4] Anchor marker rendered at (-0.1276, 51.5072) - independent of buildings/terrain
19:40:52.592 ℹ️ [GATE 4] Anchor marker rendered at (77.2090, 28.6139) - independent of buildings/terrain
19:40:52.592 ℹ️ [GATE 4] Anchor marker rendered at (139.6917, 35.6895) - independent of buildings/terrain
19:40:52.593 ℹ️ [GATE 4] Anchor marker rendered at (-46.6333, -23.5505) - independent of buildings/terrain
19:40:52.596 ℹ️ [VIS2] expandedSheetsAllowed=false scope=world
19:40:52.596 ℹ️ [VIS2] deptSpinesRendered count=3
19:40:52.596 ℹ️ [VIS2] companyCollapsed result=PASS sheetsRendered=0 lod=COMPANY scope=world expandedSheetsAllowed=false
19:40:52.597 ℹ️ [VIS2] sheetTilesRendered count=20
19:40:52.598 ℹ️ [LOD-BUDGET] frame sheetsDetailed=0 totalMarkers=0 totalPrims=55 totalEntities=52
19:40:52.983 ℹ️ [GLOBE] focus country=USA
19:40:52.983 ℹ️ [GLOBE] focus region=north-america
19:40:52.984 ℹ️ [GLOBE] hierarchy init cluster=globe countries=11
[BoundaryRenderer] Loading USA from data/boundaries/countries/USA-ADM0.geojson
19:40:53.236 ℹ️ [LOD] apply level=PLANETARY sheetsDetailed=0 lanes=0 markers=0
19:40:53.367 ℹ️ [GATE 4] Anchor marker rendered at (34.7818, 32.0853) - independent of buildings/terrain
19:40:53.368 ℹ️ [GATE 4] Anchor marker rendered at (-122.4194, 37.7749) - independent of buildings/terrain
19:40:53.369 ℹ️ [GATE 4] Anchor marker rendered at (-0.1276, 51.5072) - independent of buildings/terrain
19:40:53.370 ℹ️ [GATE 4] Anchor marker rendered at (77.2090, 28.6139) - independent of buildings/terrain
19:40:53.370 ℹ️ [GATE 4] Anchor marker rendered at (139.6917, 35.6895) - independent of buildings/terrain
19:40:53.371 ℹ️ [GATE 4] Anchor marker rendered at (-46.6333, -23.5505) - independent of buildings/terrain
19:40:53.375 ℹ️ [VIS2] expandedSheetsAllowed=false scope=world
19:40:53.376 ℹ️ [VIS2] deptSpinesRendered count=3
19:40:53.377 ℹ️ [VIS2] sheetTilesRendered count=20
19:40:53.377 ℹ️ [LOD-BUDGET] frame sheetsDetailed=0 totalMarkers=0 totalPrims=51 totalEntities=52
19:40:53.378 ℹ️ [LOD] apply level=LANIAKEA sheetsDetailed=0 lanes=0 markers=0
[BoundaryRenderer] Loading ISR from data/boundaries/countries/ISR-ADM0.geojson
19:40:53.951 ℹ️ [GATE 4] Anchor marker rendered at (34.7818, 32.0853) - independent of buildings/terrain
19:40:53.952 ℹ️ [GATE 4] Anchor marker rendered at (-122.4194, 37.7749) - independent of buildings/terrain
19:40:53.953 ℹ️ [GATE 4] Anchor marker rendered at (-0.1276, 51.5072) - independent of buildings/terrain
19:40:53.954 ℹ️ [GATE 4] Anchor marker rendered at (77.2090, 28.6139) - independent of buildings/terrain
19:40:53.954 ℹ️ [GATE 4] Anchor marker rendered at (139.6917, 35.6895) - independent of buildings/terrain
19:40:53.955 ℹ️ [GATE 4] Anchor marker rendered at (-46.6333, -23.5505) - independent of buildings/terrain
19:40:53.958 ℹ️ [VIS2] expandedSheetsAllowed=false scope=world
19:40:53.958 ℹ️ [VIS2] deptSpinesRendered count=3
19:40:53.959 ℹ️ [VIS2] sheetTilesRendered count=20
19:40:53.959 ℹ️ [LOD-BUDGET] frame sheetsDetailed=0 totalMarkers=0 totalPrims=51 totalEntities=52
19:40:54.136 ℹ️ [GLOBE] country-set id=global-core loaded=26
19:40:54.137 ℹ️ [GLOBE] cluster level=globe focusCountry=USA
19:40:54.630 ℹ️ [VIS] sheetSelect resolved sheet=P2P.ThreeWayMatch reason=explicit
[VIS] sheetSelect resolved sheet=P2P.ThreeWayMatch reason=explicit
19:40:54.632 ℹ️ [VIS] enter sheet=P2P.ThreeWayMatch scope=sheet-only
[VIS] enter sheet=P2P.ThreeWayMatch scope=sheet-only
19:40:54.641 ℹ️ [GATE 4] Anchor marker rendered at (34.7818, 32.0853) - independent of buildings/terrain
19:40:54.642 ℹ️ [GATE 4] Anchor marker rendered at (-122.4194, 37.7749) - independent of buildings/terrain
19:40:54.643 ℹ️ [GATE 4] Anchor marker rendered at (-0.1276, 51.5072) - independent of buildings/terrain
19:40:54.643 ℹ️ [GATE 4] Anchor marker rendered at (77.2090, 28.6139) - independent of buildings/terrain
19:40:54.644 ℹ️ [GATE 4] Anchor marker rendered at (139.6917, 35.6895) - independent of buildings/terrain
19:40:54.644 ℹ️ [GATE 4] Anchor marker rendered at (-46.6333, -23.5505) - independent of buildings/terrain
19:40:54.647 ℹ️ [VIS2] expandedSheetsAllowed=true scope=sheet
19:40:54.657 ℹ️ [VIS2] sheetTilesRendered count=19
19:40:54.657 ℹ️ [VIS2] enterSheet expanded=1 tiles=19
19:40:54.658 ℹ️ [VIS3.2] sheetOverlay begin sheet=P2P.ThreeWayMatch scope=sheet
19:40:54.659 ℹ️ [VIS3.2] exceptionRows result=PASS sheet=P2P.ThreeWayMatch count=5
19:40:54.659 ℹ️ [VIS3.2] routeHighlights result=PASS sheet=P2P.ThreeWayMatch edges=3
19:40:54.659 ℹ️ [VIS3.2] budget exceptionOverlays=5 routeHighlights=3 capped=false
19:40:54.659 ℹ️ [VIS3.2] gate-summary result=PASS
19:40:54.660 ℹ️ [LOD-BUDGET] frame sheetsDetailed=1 totalMarkers=0 totalPrims=55 totalEntities=52
19:40:57.777 ℹ️ [GATE 4] Anchor marker rendered at (34.7818, 32.0853) - independent of buildings/terrain
19:40:57.778 ℹ️ [GATE 4] Anchor marker rendered at (-122.4194, 37.7749) - independent of buildings/terrain
19:40:57.780 ℹ️ [GATE 4] Anchor marker rendered at (-0.1276, 51.5072) - independent of buildings/terrain
19:40:57.781 ℹ️ [GATE 4] Anchor marker rendered at (77.2090, 28.6139) - independent of buildings/terrain
19:40:57.782 ℹ️ [GATE 4] Anchor marker rendered at (139.6917, 35.6895) - independent of buildings/terrain
19:40:57.783 ℹ️ [GATE 4] Anchor marker rendered at (-46.6333, -23.5505) - independent of buildings/terrain
19:40:57.795 ℹ️ [VIS2] expandedSheetsAllowed=true scope=sheet
19:40:57.807 ℹ️ [VIS2] sheetTilesRendered count=19
19:40:57.808 ℹ️ [VIS2] enterSheet expanded=1 tiles=19
19:40:57.808 ℹ️ [LOD-BUDGET] frame sheetsDetailed=1 totalMarkers=0 totalPrims=55 totalEntities=52

--- VIS3.2 proof ---
[VIS3.2] enterCall ok=true sheet=P2P.ThreeWayMatch
[VIS3.2] sheetOverlay begin PRESENT
[VIS3.2] exceptionRows count=5
[VIS3.2] routeHighlights edges=3
[VIS3.2] budget PRESENT
[VIS3.2] gate-summary result=PASS
[VIS2] sheetTiles PRESENT
[VIS3.2] proof-summary result=PASS