[ENU] Coordinate system loaded - all geometry in meters
19:40:28.193 ℹ️ [Z] mode=DRAFT user=local target=none previous=INIT
19:40:28.210 ℹ️ 🚀 Relay Cesium World starting...
19:40:28.211 ℹ️ 🌍 Initializing Cesium Viewer...
19:40:28.212 ℹ️ ✅ Terrain provider created (Ellipsoid)
19:40:28.213 ℹ️ ✅ Imagery provider created (OpenStreetMap tiles loading...)
19:40:28.242 ℹ️ ✅ Viewer created
19:40:28.243 ℹ️ [GLOBE] imagery mode=osm provider=OpenStreetMap
19:40:28.245 ℹ️ ℹ️ 3D Buildings skipped (no Cesium Ion token configured)
19:40:28.245 ⚠️ ⚠️ Buildings marked as DEGRADED
19:40:28.246 ℹ️ 🌍 Cesium Viewer initialized successfully
19:40:28.246 ℹ️ [GLOBE] services weatherBase=http://127.0.0.1:4020
19:40:28.247 ℹ️ [GLOBE] imagery registry enabled modes=local,clean-street,satellite,hybrid,osm,dark,minimalist
19:40:28.247 ℹ️ [CAM] restore-POV disabled for testing
19:40:28.247 ℹ️ [FilamentRenderer] Initialized (Phase 2.1 Primitives)
[RelationshipRenderer] Initialized
[RelationshipRenderer] Cleared all relationships
19:40:28.248 ℹ️ [F2] clearedEdges=0 clearedScars=0
19:40:28.248 ℹ️ 🧹 Filament renderer cleared
[BoundaryRenderer] DataSource created and added to viewer
[BoundaryRenderer] Initialized
19:40:28.249 ℹ️ 🌍 Loading boundaries (fail-soft)...
[BoundaryRenderer] Loading ISR from data/boundaries/countries/ISR-ADM0.geojson
[BoundaryRenderer] Loading USA from data/boundaries/countries/USA-ADM0.geojson
19:40:28.250 ℹ️ [BOUNDARY-EDITOR] Initialized
19:40:28.250 ℹ️ 🌲 Loading demo tree...
[GroupMarkerNotSet(crbug.com/242999)!:A0302300AC320000]Automatic fallback to software WebGL has been deprecated. Please use the --enable-unsafe-swiftshader (about:flags#enable-unsafe-swiftshader) flag to opt in to lower security guarantees for trusted content.
[.WebGL-0x403402276300]GL Driver Message (OpenGL, Performance, GL_CLOSE_PATH_NV, High): GPU stall due to ReadPixels
[.WebGL-0x403402276300]GL Driver Message (OpenGL, Performance, GL_CLOSE_PATH_NV, High): GPU stall due to ReadPixels
[BoundaryRenderer] ✅ ISR: Loaded 1/1 features
19:40:28.395 ℹ️ [B2-PROOF] threeWayMatch mismatch matchId=3WM-001 poLineId=POL-001 grLineId=GRL-001 invLineId=IL-001 status=MATCH qtyVar=0 priceVar=0
19:40:28.396 ℹ️ [B2-PROOF] threeWayMatch mismatch matchId=3WM-002 poLineId=POL-002 grLineId=GRL-002 invLineId=IL-002 status=MATCH qtyVar=0 priceVar=0
19:40:28.396 ℹ️ [B2-PROOF] threeWayMatch mismatch matchId=3WM-003 poLineId=POL-003 grLineId=GRL-003 invLineId=IL-003 status=PRICE_EXCEPTION qtyVar=0 priceVar=50
19:40:28.396 ℹ️ [B2-PROOF] threeWayMatch mismatch matchId=3WM-004 poLineId=POL-004 grLineId=GRL-004 invLineId=IL-004 status=PRICE_EXCEPTION qtyVar=0 priceVar=0.5
19:40:28.397 ℹ️ [B2-PROOF] threeWayMatch mismatch matchId=3WM-005 poLineId=POL-005 grLineId=GRL-005 invLineId=IL-005 status=QTY_EXCEPTION qtyVar=2 priceVar=2
19:40:28.397 ℹ️ [B2-PROOF] threeWayMatch mismatch matchId=3WM-006 poLineId=POL-006 grLineId= invLineId= status=UNMATCHED qtyVar=N/A priceVar=N/A
19:40:28.397 ℹ️ [B2-PROOF] threeWayMatch unmatched invoice matchId=3WM-007 invLineId=IL-006 (no PO link)
19:40:28.397 ℹ️ [B2-PROOF] buildMatches complete: 15 match rows, 9 exceptions/unmatched, rebuilt=P2P.ThreeWayMatch,P2P.InvoiceToGLMatch,P2P.InvoiceToPaymentMatch
19:40:28.398 ℹ️ [B3-PROOF] buildSummaryData: 3 summary sheets, 35 formula cells (zero JS aggregation)
19:40:28.399 ℹ️ [MODULE] P2P loaded: 13 sheets (7 fact + 3 match + 3 summary), 127 columns
19:40:28.399 ℹ️ [MODULE]   FC1: P2P.RequisitionLines (12 cols)
19:40:28.399 ℹ️ [MODULE]   FC2: P2P.POLines (13 cols)
19:40:28.400 ℹ️ [MODULE]   FC3: P2P.GRLines (10 cols)
19:40:28.400 ℹ️ [MODULE]   FC4: P2P.InvoiceLines (16 cols)
19:40:28.400 ℹ️ [MODULE]   FC5: P2P.PaymentLines (14 cols)
19:40:28.400 ℹ️ [MODULE]   FC7: P2P.BankStatementLines (7 cols)
19:40:28.400 ℹ️ [MODULE]   FC6: P2P.GLPostingLines (11 cols)
19:40:28.401 ℹ️ [MODULE]   MC1: P2P.ThreeWayMatch (14 cols, 7 match rows)
19:40:28.401 ℹ️ [MODULE]   MC2: P2P.InvoiceToGLMatch (10 cols, 4 match rows)
19:40:28.401 ℹ️ [MODULE]   MC3: P2P.InvoiceToPaymentMatch (11 cols, 4 match rows)
19:40:28.401 ℹ️ [MODULE]   SC1: P2P.AP_Aging (2 cols, 13 formula rows)
19:40:28.401 ℹ️ [MODULE]   SC2: P2P.MatchRateSummary (2 cols, 7 formula rows)
19:40:28.402 ℹ️ [MODULE]   SC3: P2P.SpendByCategory (5 cols, 5 formula rows)
19:40:28.402 ℹ️ [MODULE] KPI bindings: 3 metrics → branch.p2p
19:40:28.402 ℹ️ [MODULE]   matchRate: P2P.MatchRateSummary!B8 (%)
19:40:28.403 ℹ️ [MODULE]   dpo: P2P.AP_Aging!B13 (days)
19:40:28.403 ℹ️ [MODULE]   outstanding: P2P.AP_Aging!B4 (USD)
19:40:28.403 ℹ️ [MODULE] P2P merged into tree: +27 nodes, +27 edges
[.WebGL-0x403402276300]GL Driver Message (OpenGL, Performance, GL_CLOSE_PATH_NV, High): GPU stall due to ReadPixels
[BoundaryRenderer] ✅ USA: Loaded 1/1 features
19:40:28.443 ℹ️ [BOUNDARY] containsll suite=PASS polygons=1 multipolygons=1 holes=0
19:40:28.443 ℹ️ [BOUNDARY] containsll hole-suite=PASS probes=3
19:40:28.444 ℹ️ [BOUNDARY] restore result=PASS renderer=BoundaryRenderer containsLL=PASS ISR=1 USA=1
19:40:28.444 ℹ️ [GATE] G3 status=PASS evidence=runtime-boundary-selftest
19:40:28.444 ℹ️ [UX] boundaries=ACTIVE mode=READ_ONLY
19:40:28.444 ℹ️ [BOUNDARY] voting-scope mode=BOUNDARY_ENABLED reason=boundary-pass
[.WebGL-0x403402276300]GL Driver Message (OpenGL, Performance, GL_CLOSE_PATH_NV, High): GPU stall due to ReadPixels (this message will no longer repeat)
19:40:28.474 ℹ️ [B2-PROOF] threeWayMatch unmatched invoice matchId=3WM-001 invLineId=undefined (no PO link)
19:40:28.475 ℹ️ [B2-PROOF] threeWayMatch unmatched invoice matchId=3WM-002 invLineId=undefined (no PO link)
19:40:28.475 ℹ️ [B2-PROOF] threeWayMatch unmatched invoice matchId=3WM-003 invLineId=undefined (no PO link)
19:40:28.475 ℹ️ [B2-PROOF] threeWayMatch unmatched invoice matchId=3WM-004 invLineId=undefined (no PO link)
19:40:28.476 ℹ️ [B2-PROOF] threeWayMatch unmatched invoice matchId=3WM-005 invLineId=undefined (no PO link)
19:40:28.476 ℹ️ [B2-PROOF] threeWayMatch unmatched invoice matchId=3WM-006 invLineId=undefined (no PO link)
19:40:28.476 ℹ️ [B2-PROOF] buildMatches complete: 8 match rows, 8 exceptions/unmatched, rebuilt=P2P.ThreeWayMatch,P2P.InvoiceToGLMatch,P2P.InvoiceToPaymentMatch,MFG.WOIssueMatch
19:40:28.476 ℹ️ [B3-PROOF] buildSummaryData: 1 summary sheets, 4 formula cells (zero JS aggregation)
19:40:28.477 ℹ️ [MODULE] MFG loaded: 6 sheets (4 fact + 1 match + 1 summary), 29 columns
19:40:28.477 ℹ️ [MODULE]   FC1: MFG.WorkOrders (5 cols)
19:40:28.477 ℹ️ [MODULE]   FC2: MFG.MaterialIssues (5 cols)
19:40:28.477 ℹ️ [MODULE]   FC3: MFG.ScrapEvents (5 cols)
19:40:28.478 ℹ️ [MODULE]   FC4: MFG.QualityChecks (4 cols)
19:40:28.478 ℹ️ [MODULE]   MC1: MFG.WOIssueMatch (8 cols, 0 match rows)
19:40:28.478 ℹ️ [MODULE]   SC1: MFG.ProductionSummary (2 cols, 4 formula rows)
19:40:28.478 ℹ️ [MODULE] KPI bindings: 1 metrics → branch.mfg
19:40:28.478 ℹ️ [MODULE]   issueCoverage: MFG.ProductionSummary!B4 (%)
19:40:28.479 ℹ️ [MODULE] MFG merged into tree: +13 nodes, +13 edges
19:40:28.495 ℹ️ [BOUNDARY] manifestLoaded countries=27
[BoundaryRenderer] Loading USA from data/boundaries/countries/USA-ADM0.geojson
19:40:28.530 ℹ️ [ROUTE] loaded 12 routes from group "p2p" (module: P2P)
19:40:28.531 ℹ️ [ROUTE]   p2p.requisition → P2P.RequisitionLines (keys: reqId, reqLineId)
19:40:28.531 ℹ️ [ROUTE]   p2p.purchaseOrder → P2P.POLines (keys: poId, poLineId)
19:40:28.531 ℹ️ [ROUTE]   p2p.goodsReceipt → P2P.GRLines (keys: grId, grLineId)
19:40:28.531 ℹ️ [ROUTE]   p2p.invoice → P2P.InvoiceLines (keys: invId, invLineId)
19:40:28.532 ℹ️ [ROUTE]   p2p.payment → P2P.PaymentLines (keys: paymentId, payLineId)
19:40:28.532 ℹ️ [ROUTE]   p2p.pr → P2P.RequisitionLines (keys: reqId, reqLineId)
19:40:28.532 ℹ️ [ROUTE]   p2p.po → P2P.POLines (keys: poId, poLineId)
19:40:28.532 ℹ️ [ROUTE]   p2p.gr → P2P.GRLines (keys: grId, grLineId)
19:40:28.533 ℹ️ [ROUTE]   p2p.inv → P2P.InvoiceLines (keys: invId, invLineId)
19:40:28.533 ℹ️ [ROUTE]   p2p.pay → P2P.PaymentLines (keys: paymentId, payLineId)
19:40:28.533 ℹ️ [ROUTE]   p2p.bankStatement → P2P.BankStatementLines (keys: bankLineId)
19:40:28.533 ℹ️ [ROUTE]   p2p.glPosting → P2P.GLPostingLines (keys: glDocId, glLineId)
[BOUNDARY] reuse id=boundary-USA-0-6c62914d
19:40:28.740 ℹ️ [BOUNDARY] skipMissing country=CAN reason=not_in_manifest
19:40:28.741 ℹ️ [BOUNDARY] skipMissing country=MEX reason=not_in_manifest
[BoundaryRenderer] Loading BRA from data/boundaries/countries/BRA-ADM0.geojson
19:40:28.795 ℹ️ [ROUTE] loaded 4 routes from group "mfg" (module: MFG)
19:40:28.796 ℹ️ [ROUTE]   mfg.workOrder → MFG.WorkOrders (keys: workOrderId)
19:40:28.796 ℹ️ [ROUTE]   mfg.materialIssue → MFG.MaterialIssues (keys: issueId)
19:40:28.796 ℹ️ [ROUTE]   mfg.scrapEvent → MFG.ScrapEvents (keys: scrapId)
19:40:28.797 ℹ️ [ROUTE]   mfg.qualityCheck → MFG.QualityChecks (keys: qcId)
19:40:28.798 ℹ️ [D1-AGG] trunk=trunk.avgol metrics=4 hash=0x663fa7ee
19:40:28.799 ℹ️ ✅ Demo tree rendered: Avgol @ Tel Aviv
19:40:28.805 ℹ️ [F2] clearedEdges=0 clearedScars=0
19:40:28.806 ℹ️ 🧹 Filament renderer cleared
19:40:28.807 ℹ️ 🌲 Rendering tree: 43 nodes, 42 edges
19:40:28.807 ℹ️ [THICKNESS] cell=1.00m spine=3.00m branch=24.00m trunk=30.00m root=12.00m
19:40:28.808 ℹ️ [GATE 4] Anchor marker rendered at (34.7818, 32.0853) - independent of buildings/terrain
19:40:28.808 ℹ️ [Phase 2.3] Root continuation: 1000m below anchor (aligned to ENU Up/Down)
19:40:28.810 ℹ️ [FilamentRenderer] ⏰ Timeboxes: 6 on trunk trunk.avgol
19:40:28.811 ℹ️ [GATE 2] Branch branch.operations:
19:40:28.812 ℹ️   Anchor: (34.7818, 32.0853)
19:40:28.812 ℹ️   ENU Start: (E=0, N=0, U=2000)
19:40:28.812 ℹ️   ENU End: (E=800, N=0, U=2000)
19:40:28.813 ℹ️   Branch Length: 800.0m (expected: 800m)
19:40:28.813 ℹ️   Length Error: 0.0m
19:40:28.814 ℹ️ [FilamentRenderer] ⏰ Timeboxes: 4 on branch branch.operations
19:40:28.814 ℹ️ [GATE 2] Branch branch.p2p:
19:40:28.815 ℹ️   Anchor: (34.7818, 32.0853)
19:40:28.815 ℹ️   ENU Start: (E=0, N=32, U=2000)
19:40:28.815 ℹ️   ENU End: (E=800, N=32, U=2000)
19:40:28.815 ℹ️   Branch Length: 800.0m (expected: 800m)
19:40:28.816 ℹ️   Length Error: 0.0m
19:40:28.816 ℹ️ [FilamentRenderer] ⏰ Timeboxes: 1 on branch branch.p2p
19:40:28.816 ℹ️ [GATE 2] Branch branch.p2p.fc1:
19:40:28.817 ℹ️   Anchor: (34.7818, 32.0853)
19:40:28.817 ℹ️   ENU Start: (E=0, N=64, U=2000)
19:40:28.817 ℹ️   ENU End: (E=800, N=64, U=2000)
19:40:28.817 ℹ️   Branch Length: 800.0m (expected: 800m)
19:40:28.818 ℹ️   Length Error: 0.0m
19:40:28.818 ℹ️ [FilamentRenderer] ⏰ Timeboxes: 1 on branch branch.p2p.fc1
19:40:28.818 ℹ️ [GATE 2] Branch branch.p2p.fc2:
19:40:28.819 ℹ️   Anchor: (34.7818, 32.0853)
19:40:28.819 ℹ️   ENU Start: (E=0, N=96, U=2000)
19:40:28.819 ℹ️   ENU End: (E=800, N=96, U=2000)
19:40:28.820 ℹ️   Branch Length: 800.0m (expected: 800m)
19:40:28.820 ℹ️   Length Error: 0.0m
19:40:28.820 ℹ️ [FilamentRenderer] ⏰ Timeboxes: 1 on branch branch.p2p.fc2
19:40:28.821 ℹ️ [GATE 2] Branch branch.p2p.fc3:
19:40:28.821 ℹ️   Anchor: (34.7818, 32.0853)
19:40:28.821 ℹ️   ENU Start: (E=0, N=128, U=2000)
19:40:28.821 ℹ️   ENU End: (E=800, N=128, U=2000)
19:40:28.822 ℹ️   Branch Length: 800.0m (expected: 800m)
19:40:28.822 ℹ️   Length Error: 0.0m
19:40:28.822 ℹ️ [FilamentRenderer] ⏰ Timeboxes: 1 on branch branch.p2p.fc3
19:40:28.822 ℹ️ [GATE 2] Branch branch.p2p.fc4:
19:40:28.823 ℹ️   Anchor: (34.7818, 32.0853)
19:40:28.823 ℹ️   ENU Start: (E=0, N=160, U=2000)
19:40:28.823 ℹ️   ENU End: (E=800, N=160, U=2000)
19:40:28.824 ℹ️   Branch Length: 800.0m (expected: 800m)
19:40:28.824 ℹ️   Length Error: 0.0m
19:40:28.824 ℹ️ [FilamentRenderer] ⏰ Timeboxes: 1 on branch branch.p2p.fc4
19:40:28.825 ℹ️ [GATE 2] Branch branch.p2p.fc5:
19:40:28.825 ℹ️   Anchor: (34.7818, 32.0853)
19:40:28.825 ℹ️   ENU Start: (E=0, N=192, U=2000)
19:40:28.825 ℹ️   ENU End: (E=800, N=192, U=2000)
19:40:28.826 ℹ️   Branch Length: 800.0m (expected: 800m)
19:40:28.826 ℹ️   Length Error: 0.0m
19:40:28.826 ℹ️ [FilamentRenderer] ⏰ Timeboxes: 1 on branch branch.p2p.fc5
19:40:28.827 ℹ️ [GATE 2] Branch branch.p2p.fc7:
19:40:28.827 ℹ️   Anchor: (34.7818, 32.0853)
19:40:28.827 ℹ️   ENU Start: (E=0, N=224, U=2000)
19:40:28.827 ℹ️   ENU End: (E=800, N=224, U=2000)
19:40:28.828 ℹ️   Branch Length: 800.0m (expected: 800m)
19:40:28.828 ℹ️   Length Error: 0.0m
19:40:28.828 ℹ️ [FilamentRenderer] ⏰ Timeboxes: 1 on branch branch.p2p.fc7
19:40:28.829 ℹ️ [GATE 2] Branch branch.p2p.fc6:
19:40:28.829 ℹ️   Anchor: (34.7818, 32.0853)
19:40:28.829 ℹ️   ENU Start: (E=0, N=256, U=2000)
19:40:28.829 ℹ️   ENU End: (E=800, N=256, U=2000)
19:40:28.830 ℹ️   Branch Length: 800.0m (expected: 800m)
19:40:28.830 ℹ️   Length Error: 0.0m
19:40:28.830 ℹ️ [FilamentRenderer] ⏰ Timeboxes: 1 on branch branch.p2p.fc6
19:40:28.831 ℹ️ [GATE 2] Branch branch.p2p.mc1:
19:40:28.831 ℹ️   Anchor: (34.7818, 32.0853)
19:40:28.831 ℹ️   ENU Start: (E=0, N=288, U=2000)
19:40:28.831 ℹ️   ENU End: (E=800, N=288, U=2000)
19:40:28.831 ℹ️   Branch Length: 800.0m (expected: 800m)
19:40:28.832 ℹ️   Length Error: 0.0m
19:40:28.832 ℹ️ [FilamentRenderer] ⏰ Timeboxes: 1 on branch branch.p2p.mc1
19:40:28.832 ℹ️ [GATE 2] Branch branch.p2p.mc2:
19:40:28.833 ℹ️   Anchor: (34.7818, 32.0853)
19:40:28.833 ℹ️   ENU Start: (E=0, N=320, U=2000)
19:40:28.833 ℹ️   ENU End: (E=800, N=320, U=2000)
19:40:28.833 ℹ️   Branch Length: 800.0m (expected: 800m)
19:40:28.834 ℹ️   Length Error: 0.0m
19:40:28.834 ℹ️ [FilamentRenderer] ⏰ Timeboxes: 1 on branch branch.p2p.mc2
19:40:28.834 ℹ️ [GATE 2] Branch branch.p2p.mc3:
19:40:28.835 ℹ️   Anchor: (34.7818, 32.0853)
19:40:28.835 ℹ️   ENU Start: (E=0, N=352, U=2000)
19:40:28.835 ℹ️   ENU End: (E=800, N=352, U=2000)
19:40:28.835 ℹ️   Branch Length: 800.0m (expected: 800m)
19:40:28.835 ℹ️   Length Error: 0.0m
19:40:28.836 ℹ️ [FilamentRenderer] ⏰ Timeboxes: 1 on branch branch.p2p.mc3
19:40:28.836 ℹ️ [GATE 2] Branch branch.p2p.sc1:
19:40:28.837 ℹ️   Anchor: (34.7818, 32.0853)
19:40:28.837 ℹ️   ENU Start: (E=0, N=384, U=2000)
19:40:28.837 ℹ️   ENU End: (E=800, N=384, U=2000)
19:40:28.837 ℹ️   Branch Length: 800.0m (expected: 800m)
19:40:28.838 ℹ️   Length Error: 0.0m
19:40:28.838 ℹ️ [FilamentRenderer] ⏰ Timeboxes: 1 on branch branch.p2p.sc1
19:40:28.838 ℹ️ [GATE 2] Branch branch.p2p.sc2:
19:40:28.839 ℹ️   Anchor: (34.7818, 32.0853)
19:40:28.839 ℹ️   ENU Start: (E=0, N=416, U=2000)
19:40:28.839 ℹ️   ENU End: (E=800, N=416, U=2000)
19:40:28.839 ℹ️   Branch Length: 800.0m (expected: 800m)
19:40:28.840 ℹ️   Length Error: 0.0m
19:40:28.840 ℹ️ [FilamentRenderer] ⏰ Timeboxes: 1 on branch branch.p2p.sc2
19:40:28.840 ℹ️ [GATE 2] Branch branch.p2p.sc3:
19:40:28.841 ℹ️   Anchor: (34.7818, 32.0853)
19:40:28.841 ℹ️   ENU Start: (E=0, N=448, U=2000)
19:40:28.841 ℹ️   ENU End: (E=800, N=448, U=2000)
19:40:28.841 ℹ️   Branch Length: 800.0m (expected: 800m)
19:40:28.842 ℹ️   Length Error: 0.0m
19:40:28.842 ℹ️ [FilamentRenderer] ⏰ Timeboxes: 1 on branch branch.p2p.sc3
19:40:28.842 ℹ️ [GATE 2] Branch branch.mfg:
19:40:28.843 ℹ️   Anchor: (34.7818, 32.0853)
19:40:28.843 ℹ️   ENU Start: (E=0, N=480, U=2000)
19:40:28.843 ℹ️   ENU End: (E=800, N=480, U=2000)
19:40:28.843 ℹ️   Branch Length: 800.0m (expected: 800m)
19:40:28.844 ℹ️   Length Error: 0.0m
19:40:28.844 ℹ️ [FilamentRenderer] ⏰ Timeboxes: 1 on branch branch.mfg
19:40:28.844 ℹ️ [GATE 2] Branch branch.mfg.fc1:
19:40:28.845 ℹ️   Anchor: (34.7818, 32.0853)
19:40:28.845 ℹ️   ENU Start: (E=0, N=512, U=2000)
19:40:28.845 ℹ️   ENU End: (E=800, N=512, U=2000)
19:40:28.845 ℹ️   Branch Length: 800.0m (expected: 800m)
19:40:28.846 ℹ️   Length Error: 0.0m
19:40:28.847 ℹ️ [FilamentRenderer] ⏰ Timeboxes: 1 on branch branch.mfg.fc1
19:40:28.848 ℹ️ [GATE 2] Branch branch.mfg.fc2:
19:40:28.848 ℹ️   Anchor: (34.7818, 32.0853)
19:40:28.849 ℹ️   ENU Start: (E=0, N=544, U=2000)
19:40:28.850 ℹ️   ENU End: (E=800, N=544, U=2000)
19:40:28.851 ℹ️   Branch Length: 800.0m (expected: 800m)
19:40:28.852 ℹ️   Length Error: 0.0m
19:40:28.853 ℹ️ [FilamentRenderer] ⏰ Timeboxes: 1 on branch branch.mfg.fc2
19:40:28.853 ℹ️ [GATE 2] Branch branch.mfg.fc3:
19:40:28.854 ℹ️   Anchor: (34.7818, 32.0853)
19:40:28.854 ℹ️   ENU Start: (E=0, N=576, U=2000)
19:40:28.854 ℹ️   ENU End: (E=800, N=576, U=2000)
19:40:28.855 ℹ️   Branch Length: 800.0m (expected: 800m)
19:40:28.855 ℹ️   Length Error: 0.0m
19:40:28.855 ℹ️ [FilamentRenderer] ⏰ Timeboxes: 1 on branch branch.mfg.fc3
19:40:28.856 ℹ️ [GATE 2] Branch branch.mfg.fc4:
19:40:28.856 ℹ️   Anchor: (34.7818, 32.0853)
19:40:28.856 ℹ️   ENU Start: (E=0, N=608, U=2000)
19:40:28.856 ℹ️   ENU End: (E=800, N=608, U=2000)
19:40:28.857 ℹ️   Branch Length: 800.0m (expected: 800m)
19:40:28.857 ℹ️   Length Error: 0.0m
19:40:28.857 ℹ️ [FilamentRenderer] ⏰ Timeboxes: 1 on branch branch.mfg.fc4
19:40:28.858 ℹ️ [GATE 2] Branch branch.mfg.mc1:
19:40:28.858 ℹ️   Anchor: (34.7818, 32.0853)
19:40:28.858 ℹ️   ENU Start: (E=0, N=640, U=2000)
19:40:28.858 ℹ️   ENU End: (E=800, N=640, U=2000)
19:40:28.859 ℹ️   Branch Length: 800.0m (expected: 800m)
19:40:28.859 ℹ️   Length Error: 0.0m
19:40:28.859 ℹ️ [FilamentRenderer] ⏰ Timeboxes: 1 on branch branch.mfg.mc1
19:40:28.860 ℹ️ [GATE 2] Branch branch.mfg.sc1:
19:40:28.860 ℹ️   Anchor: (34.7818, 32.0853)
19:40:28.860 ℹ️   ENU Start: (E=0, N=672, U=2000)
19:40:28.860 ℹ️   ENU End: (E=800, N=672, U=2000)
19:40:28.861 ℹ️   Branch Length: 800.0m (expected: 800m)
19:40:28.861 ℹ️   Length Error: 0.0m
19:40:28.861 ℹ️ [FilamentRenderer] ⏰ Timeboxes: 1 on branch branch.mfg.sc1
19:40:28.862 ℹ️ [VIS2] expandedSheetsAllowed=false scope=world
19:40:28.862 ℹ️ [VIS2] deptSpinesRendered count=3
19:40:28.863 ℹ️ [S1] SheetsRendered=0 Expected=0
19:40:28.863 ℹ️ [VIS2] companyCollapsed result=PASS sheetsRendered=0 lod=COMPANY scope=world expandedSheetsAllowed=false
19:40:28.864 ℹ️ [VIS2] sheetTilesRendered count=20
19:40:28.864 ℹ️ [VIS2] exitSheet collapsed=PASS expanded=0 tiles=20
19:40:28.865 ℹ️ [VIS3] flowOverlay result=PASS edges=42 exceptions=11 scope=world lod=COMPANY
19:40:28.865 ℹ️ [VIS3] trafficBarsRendered count=3
19:40:28.866 ℹ️ [VIS3] gate-summary result=PASS
19:40:28.866 ℹ️ ✅ Tree rendered:
19:40:28.866 ℹ️   Primitives: 50 (trunk=1, branches=22, cell-filaments=0, spines=0, lane-polylines=0, lane-volumes=0, sheet-tiles=20, dept-spines=3, flow-bars=4, ex-overlays=0, route-highlights=0)
19:40:28.866 ℹ️   Entities: 32 (labels=1, cell-points=0, timebox-labels=31)
19:40:28.867 ℹ️ [LOD-BUDGET] frame sheetsDetailed=0 totalMarkers=0 totalPrims=50 totalEntities=32
19:40:28.867 ℹ️ [TOPOLOGY] ✅ All canonical invariants satisfied
19:40:28.868 ℹ️ [FilamentRenderer] ✅ Turgor force animation started
19:40:29.335 ℹ️ [GLOBE] worldTrunks synced added=5 total=6
19:40:29.336 ℹ️ [GLOBE] datasetLoad anchors=6
19:40:29.337 ℹ️ [UX] multiCountrySmoke=PASS anchors=6
19:40:29.337 ℹ️ 📷 Camera presets: Press 1=SheetTopDown, 2=SideProfile, 3=SheetFaceOn, 4=SpreadsheetProof, 5=SpineInspection
19:40:29.344 ℹ️ 🔒 LOD Lock: Press L to lock/unlock LOD at current level
19:40:29.345 ℹ️ 🎮 Free-fly pointer lock: Press ` (backquote) to toggle
19:40:29.346 ℹ️ [HUD] mode=FreeFly layer1=6 layer2=0
19:40:29.350 ℹ️ [UX] debugLogs=false
[BUILD] 2026-02-09T12:30Z ux-1.1-universal-object-contract
19:40:29.352 ℹ️ [UX-1.1-PROOF] type=trunk id=trunk.avgol scope=root actions=focusView,showKPIs,showTimeboxes,showBranches,cycleClusterLevel,focusNextRegion,loadGlobalCore
19:40:29.352 ℹ️ [UX-1.1-PROOF] type=branch id=branch.operations scope=trunk.avgol actions=focusView,showKPIs,showTimeboxes,showPressureSources,cycleClusterLevel,focusNextRegion,loadGlobalCore
19:40:29.353 ℹ️ [UX-1.1-PROOF] type=sheet id=sheet.packaging scope=branch.operations actions=focusView,showSchema,addColumn,addValidation,addSummaryBinding
19:40:29.353 ℹ️ [UX-1.1-PROOF] type=cell id=sheet.packaging.cell.0.0 scope=branch.operations actions=edit,viewDependencies,viewHistory,createValidation,lockScope
19:40:29.354 ℹ️ [UX-1.1-PROOF] type=match id=3WM-001 scope=branch.p2p.mc1 actions=inspectSources,viewVariance,setTolerance,markResolved
19:40:29.354 ℹ️ [UX-1.1-PROOF] type=route id=p2p.requisition scope=branch.p2p.fc1 actions=previewMapping,ingestTestRecord,showProvenance,editFieldMap
19:40:29.354 ℹ️ [UX-1.1-PROOF] type=module id=P2P scope=trunk.avgol actions=showAllSheets,showRoutes,showKPIBindings,showRecomputationChain
19:40:29.355 ℹ️ [UX-1.1] Universal Object Contract: 7 types resolved
19:40:29.356 ℹ️ [LOD] apply level=LANIAKEA sheetsDetailed=0 lanes=0 markers=0
[BoundaryRenderer] ✅ BRA: Loaded 1/1 features
[BoundaryRenderer] Loading ARG from data/boundaries/countries/ARG-ADM0.geojson
19:40:29.414 ℹ️ [GATE 4] Anchor marker rendered at (34.7818, 32.0853) - independent of buildings/terrain
19:40:29.416 ℹ️ [GATE 4] Anchor marker rendered at (-122.4194, 37.7749) - independent of buildings/terrain
19:40:29.417 ℹ️ [GATE 4] Anchor marker rendered at (-0.1276, 51.5072) - independent of buildings/terrain
19:40:29.417 ℹ️ [GATE 4] Anchor marker rendered at (77.2090, 28.6139) - independent of buildings/terrain
19:40:29.418 ℹ️ [GATE 4] Anchor marker rendered at (139.6917, 35.6895) - independent of buildings/terrain
19:40:29.419 ℹ️ [GATE 4] Anchor marker rendered at (-46.6333, -23.5505) - independent of buildings/terrain
19:40:29.419 ℹ️ [UX] debugLogs=false gateSpamSuppressed=true
19:40:29.423 ℹ️ [VIS2] expandedSheetsAllowed=false scope=world
19:40:29.423 ℹ️ [VIS2] deptSpinesRendered count=3
19:40:29.424 ℹ️ [VIS2] sheetTilesRendered count=20
19:40:29.424 ℹ️ [LOD-BUDGET] frame sheetsDetailed=0 totalMarkers=0 totalPrims=51 totalEntities=52
19:40:29.556 ℹ️ [HUD] paramsLoaded version=HUD-PARAMS-v0 policyRef=local:HUD-PARAMS-v0
[BoundaryRenderer] ✅ ARG: Loaded 1/1 features
[BoundaryRenderer] Loading GBR from data/boundaries/countries/GBR-ADM0.geojson
[BoundaryRenderer] ✅ GBR: Loaded 1/1 features
[BoundaryRenderer] Loading FRA from data/boundaries/countries/FRA-ADM0.geojson
[BoundaryRenderer] ✅ FRA: Loaded 1/1 features
[BoundaryRenderer] Loading DEU from data/boundaries/countries/DEU-ADM0.geojson
19:40:30.620 ℹ️ [LOD] apply level=PLANETARY sheetsDetailed=0 lanes=0 markers=0
[BoundaryRenderer] ✅ DEU: Loaded 1/1 features
[BoundaryRenderer] Loading NLD from data/boundaries/countries/NLD-ADM0.geojson
19:40:30.729 ℹ️ [GATE 4] Anchor marker rendered at (34.7818, 32.0853) - independent of buildings/terrain
19:40:30.732 ℹ️ [GATE 4] Anchor marker rendered at (-122.4194, 37.7749) - independent of buildings/terrain
19:40:30.733 ℹ️ [GATE 4] Anchor marker rendered at (-0.1276, 51.5072) - independent of buildings/terrain
19:40:30.734 ℹ️ [GATE 4] Anchor marker rendered at (77.2090, 28.6139) - independent of buildings/terrain
19:40:30.735 ℹ️ [GATE 4] Anchor marker rendered at (139.6917, 35.6895) - independent of buildings/terrain
19:40:30.735 ℹ️ [GATE 4] Anchor marker rendered at (-46.6333, -23.5505) - independent of buildings/terrain
19:40:30.740 ℹ️ [VIS2] expandedSheetsAllowed=false scope=world
19:40:30.740 ℹ️ [VIS2] deptSpinesRendered count=3
19:40:30.741 ℹ️ [VIS2] sheetTilesRendered count=20
19:40:30.742 ℹ️ [LOD-BUDGET] frame sheetsDetailed=0 totalMarkers=0 totalPrims=51 totalEntities=52
19:40:30.923 ℹ️ [LOD] apply level=REGION sheetsDetailed=0 lanes=0 markers=0
[BoundaryRenderer] ✅ NLD: Loaded 1/1 features
[BoundaryRenderer] Loading EGY from data/boundaries/countries/EGY-ADM0.geojson
19:40:31.093 ℹ️ [LOD] apply level=COMPANY requestedSheetsDetailed=0 effectiveSheetsDetailed=0 lanes=0 markers=0 reason=collapsedByPolicy distKm=17.1
19:40:31.165 ℹ️ [GATE 4] Anchor marker rendered at (34.7818, 32.0853) - independent of buildings/terrain
19:40:31.167 ℹ️ [GATE 4] Anchor marker rendered at (-122.4194, 37.7749) - independent of buildings/terrain
19:40:31.168 ℹ️ [GATE 4] Anchor marker rendered at (-0.1276, 51.5072) - independent of buildings/terrain
19:40:31.169 ℹ️ [GATE 4] Anchor marker rendered at (77.2090, 28.6139) - independent of buildings/terrain
19:40:31.170 ℹ️ [GATE 4] Anchor marker rendered at (139.6917, 35.6895) - independent of buildings/terrain
19:40:31.170 ℹ️ [GATE 4] Anchor marker rendered at (-46.6333, -23.5505) - independent of buildings/terrain
19:40:31.175 ℹ️ [VIS2] expandedSheetsAllowed=false scope=world
19:40:31.176 ℹ️ [VIS2] deptSpinesRendered count=3
19:40:31.176 ℹ️ [VIS2] companyCollapsed result=PASS sheetsRendered=0 lod=COMPANY scope=world expandedSheetsAllowed=false
19:40:31.177 ℹ️ [VIS2] sheetTilesRendered count=20
19:40:31.178 ℹ️ [VIS3] flowOverlay result=PASS edges=42 exceptions=11 scope=world lod=COMPANY
19:40:31.178 ℹ️ [VIS3] trafficBarsRendered count=3
19:40:31.178 ℹ️ [VIS3] gate-summary result=PASS
19:40:31.179 ℹ️ [LOD-BUDGET] frame sheetsDetailed=0 totalMarkers=0 totalPrims=55 totalEntities=52
[BoundaryRenderer] ✅ EGY: Loaded 1/1 features
[BoundaryRenderer] Loading SAU from data/boundaries/countries/SAU-ADM0.geojson
[BoundaryRenderer] ✅ SAU: Loaded 1/1 features
[BoundaryRenderer] Loading IND from data/boundaries/countries/IND-ADM0.geojson
[BoundaryRenderer] ✅ IND: Loaded 1/1 features
[BoundaryRenderer] Loading CHN from data/boundaries/countries/CHN-ADM0.geojson
19:40:32.055 ℹ️ [VIS] sheetSelect resolved sheet=P2P.ThreeWayMatch reason=explicit
[VIS] sheetSelect resolved sheet=P2P.ThreeWayMatch reason=explicit
19:40:32.056 ℹ️ [VIS] enter sheet=P2P.ThreeWayMatch scope=sheet-only
[VIS] enter sheet=P2P.ThreeWayMatch scope=sheet-only
19:40:32.067 ℹ️ [GATE 4] Anchor marker rendered at (34.7818, 32.0853) - independent of buildings/terrain
19:40:32.069 ℹ️ [GATE 4] Anchor marker rendered at (-122.4194, 37.7749) - independent of buildings/terrain
19:40:32.070 ℹ️ [GATE 4] Anchor marker rendered at (-0.1276, 51.5072) - independent of buildings/terrain
19:40:32.071 ℹ️ [GATE 4] Anchor marker rendered at (77.2090, 28.6139) - independent of buildings/terrain
19:40:32.072 ℹ️ [GATE 4] Anchor marker rendered at (139.6917, 35.6895) - independent of buildings/terrain
19:40:32.073 ℹ️ [GATE 4] Anchor marker rendered at (-46.6333, -23.5505) - independent of buildings/terrain
19:40:32.077 ℹ️ [VIS2] expandedSheetsAllowed=true scope=sheet
19:40:32.080 ℹ️ [LOD] COMPANY markersOverride=false MarkerCells=0
19:40:32.089 ℹ️ [VIS2] sheetTilesRendered count=19
19:40:32.089 ℹ️ [VIS2] enterSheet expanded=1 tiles=19
19:40:32.090 ℹ️ [VIS3.2] sheetOverlay begin sheet=P2P.ThreeWayMatch scope=sheet
19:40:32.091 ℹ️ [VIS3.2] exceptionRows result=PASS sheet=P2P.ThreeWayMatch count=5
19:40:32.091 ℹ️ [VIS3.2] routeHighlights result=PASS sheet=P2P.ThreeWayMatch edges=3
19:40:32.091 ℹ️ [VIS3.2] budget exceptionOverlays=5 routeHighlights=3 capped=false
19:40:32.091 ℹ️ [VIS3.2] gate-summary result=PASS
19:40:32.092 ℹ️ [LOD-BUDGET] frame sheetsDetailed=1 totalMarkers=0 totalPrims=167 totalEntities=52
[BoundaryRenderer] ✅ CHN: Loaded 1/1 features
[BoundaryRenderer] Loading KOR from data/boundaries/countries/KOR-ADM0.geojson
[BoundaryRenderer] ✅ KOR: Loaded 1/1 features
[BoundaryRenderer] Loading ISR from data/boundaries/countries/ISR-ADM0.geojson
[BOUNDARY] reuse id=boundary-ISR-0-0050ba14
19:40:32.765 ℹ️ [GLOBE] country-set id=global-core loaded=26
[BoundaryRenderer] Loading USA from data/boundaries/countries/USA-ADM0.geojson
[BoundaryRenderer] Loading USA from data/boundaries/countries/USA-ADM0.geojson
19:40:33.394 ℹ️ [GLOBE] focus country=USA
19:40:33.395 ℹ️ [GLOBE] focus region=north-america
19:40:33.396 ℹ️ [GLOBE] hierarchy init cluster=globe countries=11
[BoundaryRenderer] Loading USA from data/boundaries/countries/USA-ADM0.geojson
19:40:33.558 ℹ️ [LOD] apply level=REGION sheetsDetailed=0 lanes=0 markers=0
19:40:33.673 ℹ️ [GATE 4] Anchor marker rendered at (34.7818, 32.0853) - independent of buildings/terrain
19:40:33.674 ℹ️ [GATE 4] Anchor marker rendered at (-122.4194, 37.7749) - independent of buildings/terrain
19:40:33.675 ℹ️ [GATE 4] Anchor marker rendered at (-0.1276, 51.5072) - independent of buildings/terrain
19:40:33.675 ℹ️ [GATE 4] Anchor marker rendered at (77.2090, 28.6139) - independent of buildings/terrain
19:40:33.676 ℹ️ [GATE 4] Anchor marker rendered at (139.6917, 35.6895) - independent of buildings/terrain
19:40:33.676 ℹ️ [GATE 4] Anchor marker rendered at (-46.6333, -23.5505) - independent of buildings/terrain
19:40:33.679 ℹ️ [VIS2] expandedSheetsAllowed=true scope=sheet
19:40:33.682 ℹ️ [VIS2] sheetTilesRendered count=19
19:40:33.682 ℹ️ [VIS2] enterSheet expanded=1 tiles=19
19:40:33.683 ℹ️ [LOD-BUDGET] frame sheetsDetailed=1 totalMarkers=0 totalPrims=55 totalEntities=52
19:40:33.684 ℹ️ [LOD] apply level=PLANETARY sheetsDetailed=0 lanes=0 markers=0
[BoundaryRenderer] Loading ISR from data/boundaries/countries/ISR-ADM0.geojson
19:40:33.801 ℹ️ [LOD] apply level=LANIAKEA sheetsDetailed=0 lanes=0 markers=0
19:40:34.230 ℹ️ [GATE 4] Anchor marker rendered at (34.7818, 32.0853) - independent of buildings/terrain
19:40:34.232 ℹ️ [GATE 4] Anchor marker rendered at (-122.4194, 37.7749) - independent of buildings/terrain
19:40:34.232 ℹ️ [GATE 4] Anchor marker rendered at (-0.1276, 51.5072) - independent of buildings/terrain
19:40:34.233 ℹ️ [GATE 4] Anchor marker rendered at (77.2090, 28.6139) - independent of buildings/terrain
19:40:34.233 ℹ️ [GATE 4] Anchor marker rendered at (139.6917, 35.6895) - independent of buildings/terrain
19:40:34.234 ℹ️ [GATE 4] Anchor marker rendered at (-46.6333, -23.5505) - independent of buildings/terrain
19:40:34.236 ℹ️ [VIS2] expandedSheetsAllowed=true scope=sheet
19:40:34.240 ℹ️ [VIS2] sheetTilesRendered count=19
19:40:34.240 ℹ️ [VIS2] enterSheet expanded=1 tiles=19
19:40:34.241 ℹ️ [LOD-BUDGET] frame sheetsDetailed=1 totalMarkers=0 totalPrims=55 totalEntities=52
19:40:34.253 ℹ️ [GLOBE] country-set id=global-core loaded=26
19:40:34.254 ℹ️ [GLOBE] cluster level=globe focusCountry=USA
19:40:35.144 ℹ️ [VIS3.3] clickRow result=PASS sheet=P2P.ThreeWayMatch row=3 status=PRICE_EXCEPTION
19:40:36.688 ℹ️ [VIS3.3] clickConnector result=PASS from=P2P.POLines to=P2P.ThreeWayMatch
19:40:38.207 ℹ️ [VIS] sheetSelect resolved sheet=P2P.POLines reason=explicit
[VIS] sheetSelect resolved sheet=P2P.POLines reason=explicit
19:40:38.208 ℹ️ [VIS] enter sheet=P2P.POLines scope=sheet-only
[VIS] enter sheet=P2P.POLines scope=sheet-only
19:40:38.208 ℹ️ [VIS3.3] jumpToSource result=PASS sheet=P2P.POLines
19:40:38.224 ℹ️ [GATE 4] Anchor marker rendered at (34.7818, 32.0853) - independent of buildings/terrain
19:40:38.225 ℹ️ [GATE 4] Anchor marker rendered at (-122.4194, 37.7749) - independent of buildings/terrain
19:40:38.226 ℹ️ [GATE 4] Anchor marker rendered at (-0.1276, 51.5072) - independent of buildings/terrain
19:40:38.227 ℹ️ [GATE 4] Anchor marker rendered at (77.2090, 28.6139) - independent of buildings/terrain
19:40:38.227 ℹ️ [GATE 4] Anchor marker rendered at (139.6917, 35.6895) - independent of buildings/terrain
19:40:38.228 ℹ️ [GATE 4] Anchor marker rendered at (-46.6333, -23.5505) - independent of buildings/terrain
19:40:38.235 ℹ️ [VIS2] expandedSheetsAllowed=true scope=sheet
19:40:38.238 ℹ️ [VIS2] sheetTilesRendered count=19
19:40:38.238 ℹ️ [VIS2] enterSheet expanded=1 tiles=19
19:40:38.239 ℹ️ [VIS3.2] sheetOverlay begin sheet=P2P.POLines scope=sheet
19:40:38.239 ℹ️ [VIS3.2] exceptionRows result=PASS sheet=P2P.POLines count=0
19:40:38.239 ℹ️ [VIS3.2] routeHighlights result=PASS sheet=P2P.POLines edges=0
19:40:38.239 ℹ️ [VIS3.2] budget exceptionOverlays=0 routeHighlights=0 capped=false
19:40:38.240 ℹ️ [VIS3.2] gate-summary result=PASS
19:40:38.240 ℹ️ [LOD-BUDGET] frame sheetsDetailed=1 totalMarkers=0 totalPrims=47 totalEntities=52
[VIS3.3] gate-summary result=PASS

--- VIS3.3 proof ---
[VIS3.3] enterSheet ok=true sheet=P2P.ThreeWayMatch
[VIS3.3] clickRow ok=true row=3 status=PRICE_EXCEPTION
[VIS3.3] clickConnector ok=true from=P2P.POLines to=P2P.ThreeWayMatch
[VIS3.3] jumpToSource ok=true sheet=P2P.POLines
[VIS3.3] clickRow PRESENT
[VIS3.3] clickConnector PRESENT
[VIS3.3] jumpToSource PRESENT
[VIS3.3] noErrors PASS
[VIS3.3] gate-summary result=PASS
[VIS3.3] proof-summary result=PASS