[ENU] Coordinate system loaded - all geometry in meters
20:35:31.997 ℹ️ [Z] mode=DRAFT user=local target=none previous=INIT
20:35:32.027 ℹ️ 🚀 Relay Cesium World starting...
20:35:32.029 ℹ️ 🌍 Initializing Cesium Viewer...
20:35:32.030 ℹ️ ✅ Terrain provider created (Ellipsoid)
20:35:32.031 ℹ️ ✅ Imagery provider created (OpenStreetMap tiles loading...)
20:35:32.086 ℹ️ ✅ Viewer created
20:35:32.090 ℹ️ [GLOBE] imagery mode=osm provider=OpenStreetMap
20:35:32.093 ℹ️ ℹ️ 3D Buildings skipped (no Cesium Ion token configured)
20:35:32.093 ⚠️ ⚠️ Buildings marked as DEGRADED
20:35:32.094 ℹ️ 🌍 Cesium Viewer initialized successfully
20:35:32.095 ℹ️ [GLOBE] services weatherBase=http://127.0.0.1:4020
20:35:32.096 ℹ️ [GLOBE] imagery registry enabled modes=local,clean-street,satellite,hybrid,osm,dark,minimalist
20:35:32.096 ℹ️ [CAM] restore-POV disabled for testing
20:35:32.097 ℹ️ [FilamentRenderer] Initialized (Phase 2.1 Primitives)
[RelationshipRenderer] Initialized
[RelationshipRenderer] Cleared all relationships
20:35:32.098 ℹ️ [F2] clearedEdges=0 clearedScars=0
20:35:32.098 ℹ️ 🧹 Filament renderer cleared
[BoundaryRenderer] DataSource created and added to viewer
[BoundaryRenderer] Initialized
20:35:32.100 ℹ️ 🌍 Loading boundaries (fail-soft)...
[BoundaryRenderer] Loading ISR from data/boundaries/countries/ISR-ADM0.geojson
[BoundaryRenderer] Loading USA from data/boundaries/countries/USA-ADM0.geojson
20:35:32.102 ℹ️ [BOUNDARY-EDITOR] Initialized
20:35:32.103 ℹ️ 🌲 Loading demo tree...
[GroupMarkerNotSet(crbug.com/242999)!:A0702400EC270000]Automatic fallback to software WebGL has been deprecated. Please use the --enable-unsafe-swiftshader (about:flags#enable-unsafe-swiftshader) flag to opt in to lower security guarantees for trusted content.
[.WebGL-0xac0246a300]GL Driver Message (OpenGL, Performance, GL_CLOSE_PATH_NV, High): GPU stall due to ReadPixels
[BoundaryRenderer] ✅ ISR: Loaded 1/1 features
20:35:32.447 ℹ️ [B2-PROOF] threeWayMatch mismatch matchId=3WM-001 poLineId=POL-001 grLineId=GRL-001 invLineId=IL-001 status=MATCH qtyVar=0 priceVar=0
20:35:32.450 ℹ️ [B2-PROOF] threeWayMatch mismatch matchId=3WM-002 poLineId=POL-002 grLineId=GRL-002 invLineId=IL-002 status=MATCH qtyVar=0 priceVar=0
20:35:32.450 ℹ️ [B2-PROOF] threeWayMatch mismatch matchId=3WM-003 poLineId=POL-003 grLineId=GRL-003 invLineId=IL-003 status=PRICE_EXCEPTION qtyVar=0 priceVar=50
20:35:32.451 ℹ️ [B2-PROOF] threeWayMatch mismatch matchId=3WM-004 poLineId=POL-004 grLineId=GRL-004 invLineId=IL-004 status=PRICE_EXCEPTION qtyVar=0 priceVar=0.5
20:35:32.451 ℹ️ [B2-PROOF] threeWayMatch mismatch matchId=3WM-005 poLineId=POL-005 grLineId=GRL-005 invLineId=IL-005 status=QTY_EXCEPTION qtyVar=2 priceVar=2
20:35:32.452 ℹ️ [B2-PROOF] threeWayMatch mismatch matchId=3WM-006 poLineId=POL-006 grLineId= invLineId= status=UNMATCHED qtyVar=N/A priceVar=N/A
20:35:32.452 ℹ️ [B2-PROOF] threeWayMatch unmatched invoice matchId=3WM-007 invLineId=IL-006 (no PO link)
20:35:32.452 ℹ️ [B2-PROOF] buildMatches complete: 15 match rows, 9 exceptions/unmatched, rebuilt=P2P.ThreeWayMatch,P2P.InvoiceToGLMatch,P2P.InvoiceToPaymentMatch
20:35:32.453 ℹ️ [B3-PROOF] buildSummaryData: 3 summary sheets, 35 formula cells (zero JS aggregation)
20:35:32.455 ℹ️ [MODULE] P2P loaded: 13 sheets (7 fact + 3 match + 3 summary), 127 columns
20:35:32.456 ℹ️ [MODULE]   FC1: P2P.RequisitionLines (12 cols)
20:35:32.456 ℹ️ [MODULE]   FC2: P2P.POLines (13 cols)
20:35:32.456 ℹ️ [MODULE]   FC3: P2P.GRLines (10 cols)
20:35:32.457 ℹ️ [MODULE]   FC4: P2P.InvoiceLines (16 cols)
20:35:32.458 ℹ️ [MODULE]   FC5: P2P.PaymentLines (14 cols)
20:35:32.458 ℹ️ [MODULE]   FC7: P2P.BankStatementLines (7 cols)
20:35:32.458 ℹ️ [MODULE]   FC6: P2P.GLPostingLines (11 cols)
20:35:32.459 ℹ️ [MODULE]   MC1: P2P.ThreeWayMatch (14 cols, 7 match rows)
20:35:32.459 ℹ️ [MODULE]   MC2: P2P.InvoiceToGLMatch (10 cols, 4 match rows)
20:35:32.460 ℹ️ [MODULE]   MC3: P2P.InvoiceToPaymentMatch (11 cols, 4 match rows)
20:35:32.460 ℹ️ [MODULE]   SC1: P2P.AP_Aging (2 cols, 13 formula rows)
20:35:32.463 ℹ️ [MODULE]   SC2: P2P.MatchRateSummary (2 cols, 7 formula rows)
20:35:32.464 ℹ️ [MODULE]   SC3: P2P.SpendByCategory (5 cols, 5 formula rows)
20:35:32.464 ℹ️ [MODULE] KPI bindings: 3 metrics → branch.p2p
20:35:32.465 ℹ️ [MODULE]   matchRate: P2P.MatchRateSummary!B8 (%)
20:35:32.466 ℹ️ [MODULE]   dpo: P2P.AP_Aging!B13 (days)
20:35:32.467 ℹ️ [MODULE]   outstanding: P2P.AP_Aging!B4 (USD)
20:35:32.468 ℹ️ [MODULE] P2P merged into tree: +27 nodes, +27 edges
[.WebGL-0xac0246a300]GL Driver Message (OpenGL, Performance, GL_CLOSE_PATH_NV, High): GPU stall due to ReadPixels
[.WebGL-0xac0246a300]GL Driver Message (OpenGL, Performance, GL_CLOSE_PATH_NV, High): GPU stall due to ReadPixels
[BoundaryRenderer] ✅ USA: Loaded 1/1 features
20:35:32.654 ℹ️ [BOUNDARY] containsll suite=PASS polygons=1 multipolygons=1 holes=0
20:35:32.655 ℹ️ [BOUNDARY] containsll hole-suite=PASS probes=3
20:35:32.655 ℹ️ [BOUNDARY] restore result=PASS renderer=BoundaryRenderer containsLL=PASS ISR=1 USA=1
20:35:32.656 ℹ️ [GATE] G3 status=PASS evidence=runtime-boundary-selftest
20:35:32.656 ℹ️ [UX] boundaries=ACTIVE mode=READ_ONLY
20:35:32.656 ℹ️ [BOUNDARY] voting-scope mode=BOUNDARY_ENABLED reason=boundary-pass
[.WebGL-0xac0246a300]GL Driver Message (OpenGL, Performance, GL_CLOSE_PATH_NV, High): GPU stall due to ReadPixels (this message will no longer repeat)
20:35:32.694 ℹ️ [B2-PROOF] threeWayMatch unmatched invoice matchId=3WM-001 invLineId=undefined (no PO link)
20:35:32.696 ℹ️ [B2-PROOF] threeWayMatch unmatched invoice matchId=3WM-002 invLineId=undefined (no PO link)
20:35:32.697 ℹ️ [B2-PROOF] threeWayMatch unmatched invoice matchId=3WM-003 invLineId=undefined (no PO link)
20:35:32.697 ℹ️ [B2-PROOF] threeWayMatch unmatched invoice matchId=3WM-004 invLineId=undefined (no PO link)
20:35:32.698 ℹ️ [B2-PROOF] threeWayMatch unmatched invoice matchId=3WM-005 invLineId=undefined (no PO link)
20:35:32.698 ℹ️ [B2-PROOF] threeWayMatch unmatched invoice matchId=3WM-006 invLineId=undefined (no PO link)
20:35:32.699 ℹ️ [B2-PROOF] buildMatches complete: 8 match rows, 8 exceptions/unmatched, rebuilt=P2P.ThreeWayMatch,P2P.InvoiceToGLMatch,P2P.InvoiceToPaymentMatch,MFG.WOIssueMatch
20:35:32.700 ℹ️ [B3-PROOF] buildSummaryData: 1 summary sheets, 4 formula cells (zero JS aggregation)
20:35:32.700 ℹ️ [MODULE] MFG loaded: 6 sheets (4 fact + 1 match + 1 summary), 29 columns
20:35:32.701 ℹ️ [MODULE]   FC1: MFG.WorkOrders (5 cols)
20:35:32.701 ℹ️ [MODULE]   FC2: MFG.MaterialIssues (5 cols)
20:35:32.701 ℹ️ [MODULE]   FC3: MFG.ScrapEvents (5 cols)
20:35:32.702 ℹ️ [MODULE]   FC4: MFG.QualityChecks (4 cols)
20:35:32.702 ℹ️ [MODULE]   MC1: MFG.WOIssueMatch (8 cols, 0 match rows)
20:35:32.702 ℹ️ [MODULE]   SC1: MFG.ProductionSummary (2 cols, 4 formula rows)
20:35:32.702 ℹ️ [MODULE] KPI bindings: 1 metrics → branch.mfg
20:35:32.703 ℹ️ [MODULE]   issueCoverage: MFG.ProductionSummary!B4 (%)
20:35:32.703 ℹ️ [MODULE] MFG merged into tree: +13 nodes, +13 edges
20:35:32.786 ℹ️ [BOUNDARY] manifestLoaded countries=27
[BoundaryRenderer] Loading USA from data/boundaries/countries/USA-ADM0.geojson
20:35:33.134 ℹ️ [ROUTE] loaded 12 routes from group "p2p" (module: P2P)
20:35:33.137 ℹ️ [ROUTE]   p2p.requisition → P2P.RequisitionLines (keys: reqId, reqLineId)
20:35:33.138 ℹ️ [ROUTE]   p2p.purchaseOrder → P2P.POLines (keys: poId, poLineId)
20:35:33.138 ℹ️ [ROUTE]   p2p.goodsReceipt → P2P.GRLines (keys: grId, grLineId)
20:35:33.139 ℹ️ [ROUTE]   p2p.invoice → P2P.InvoiceLines (keys: invId, invLineId)
20:35:33.139 ℹ️ [ROUTE]   p2p.payment → P2P.PaymentLines (keys: paymentId, payLineId)
20:35:33.140 ℹ️ [ROUTE]   p2p.pr → P2P.RequisitionLines (keys: reqId, reqLineId)
20:35:33.140 ℹ️ [ROUTE]   p2p.po → P2P.POLines (keys: poId, poLineId)
20:35:33.141 ℹ️ [ROUTE]   p2p.gr → P2P.GRLines (keys: grId, grLineId)
20:35:33.141 ℹ️ [ROUTE]   p2p.inv → P2P.InvoiceLines (keys: invId, invLineId)
20:35:33.142 ℹ️ [ROUTE]   p2p.pay → P2P.PaymentLines (keys: paymentId, payLineId)
20:35:33.142 ℹ️ [ROUTE]   p2p.bankStatement → P2P.BankStatementLines (keys: bankLineId)
20:35:33.142 ℹ️ [ROUTE]   p2p.glPosting → P2P.GLPostingLines (keys: glDocId, glLineId)
[BOUNDARY] reuse id=boundary-USA-0-6c62914d
20:35:33.405 ℹ️ [BOUNDARY] skipMissing country=CAN reason=not_in_manifest
20:35:33.406 ℹ️ [BOUNDARY] skipMissing country=MEX reason=not_in_manifest
[BoundaryRenderer] Loading BRA from data/boundaries/countries/BRA-ADM0.geojson
20:35:33.406 ℹ️ [ROUTE] loaded 4 routes from group "mfg" (module: MFG)
20:35:33.407 ℹ️ [ROUTE]   mfg.workOrder → MFG.WorkOrders (keys: workOrderId)
20:35:33.407 ℹ️ [ROUTE]   mfg.materialIssue → MFG.MaterialIssues (keys: issueId)
20:35:33.408 ℹ️ [ROUTE]   mfg.scrapEvent → MFG.ScrapEvents (keys: scrapId)
20:35:33.408 ℹ️ [ROUTE]   mfg.qualityCheck → MFG.QualityChecks (keys: qcId)
20:35:33.410 ℹ️ [D1-AGG] trunk=trunk.avgol metrics=4 hash=0x663fa7ee
20:35:33.413 ℹ️ ✅ Demo tree rendered: Avgol @ Tel Aviv
20:35:33.420 ℹ️ [F2] clearedEdges=0 clearedScars=0
20:35:33.421 ℹ️ 🧹 Filament renderer cleared
20:35:33.422 ℹ️ 🌲 Rendering tree: 43 nodes, 42 edges
20:35:33.422 ℹ️ [THICKNESS] cell=1.00m spine=3.00m branch=24.00m trunk=30.00m root=12.00m
20:35:33.424 ℹ️ [GATE 4] Anchor marker rendered at (34.7818, 32.0853) - independent of buildings/terrain
20:35:33.424 ℹ️ [Phase 2.3] Root continuation: 1000m below anchor (aligned to ENU Up/Down)
20:35:33.426 ℹ️ [FilamentRenderer] ⏰ Timeboxes: 6 on trunk trunk.avgol
20:35:33.428 ℹ️ [GATE 2] Branch branch.operations:
20:35:33.429 ℹ️   Anchor: (34.7818, 32.0853)
20:35:33.429 ℹ️   ENU Start: (E=0, N=0, U=2000)
20:35:33.429 ℹ️   ENU End: (E=800, N=0, U=2000)
20:35:33.429 ℹ️   Branch Length: 800.0m (expected: 800m)
20:35:33.430 ℹ️   Length Error: 0.0m
20:35:33.434 ℹ️ [FilamentRenderer] ⏰ Timeboxes: 4 on branch branch.operations
20:35:33.435 ℹ️ [GATE 2] Branch branch.p2p:
20:35:33.436 ℹ️   Anchor: (34.7818, 32.0853)
20:35:33.437 ℹ️   ENU Start: (E=0, N=32, U=2000)
20:35:33.437 ℹ️   ENU End: (E=800, N=32, U=2000)
20:35:33.438 ℹ️   Branch Length: 800.0m (expected: 800m)
20:35:33.439 ℹ️   Length Error: 0.0m
20:35:33.440 ℹ️ [FilamentRenderer] ⏰ Timeboxes: 1 on branch branch.p2p
20:35:33.440 ℹ️ [GATE 2] Branch branch.p2p.fc1:
20:35:33.441 ℹ️   Anchor: (34.7818, 32.0853)
20:35:33.441 ℹ️   ENU Start: (E=0, N=64, U=2000)
20:35:33.441 ℹ️   ENU End: (E=800, N=64, U=2000)
20:35:33.442 ℹ️   Branch Length: 800.0m (expected: 800m)
20:35:33.442 ℹ️   Length Error: 0.0m
20:35:33.443 ℹ️ [FilamentRenderer] ⏰ Timeboxes: 1 on branch branch.p2p.fc1
20:35:33.443 ℹ️ [GATE 2] Branch branch.p2p.fc2:
20:35:33.444 ℹ️   Anchor: (34.7818, 32.0853)
20:35:33.444 ℹ️   ENU Start: (E=0, N=96, U=2000)
20:35:33.445 ℹ️   ENU End: (E=800, N=96, U=2000)
20:35:33.445 ℹ️   Branch Length: 800.0m (expected: 800m)
20:35:33.446 ℹ️   Length Error: 0.0m
20:35:33.447 ℹ️ [FilamentRenderer] ⏰ Timeboxes: 1 on branch branch.p2p.fc2
20:35:33.447 ℹ️ [GATE 2] Branch branch.p2p.fc3:
20:35:33.448 ℹ️   Anchor: (34.7818, 32.0853)
20:35:33.448 ℹ️   ENU Start: (E=0, N=128, U=2000)
20:35:33.449 ℹ️   ENU End: (E=800, N=128, U=2000)
20:35:33.449 ℹ️   Branch Length: 800.0m (expected: 800m)
20:35:33.450 ℹ️   Length Error: 0.0m
20:35:33.451 ℹ️ [FilamentRenderer] ⏰ Timeboxes: 1 on branch branch.p2p.fc3
20:35:33.451 ℹ️ [GATE 2] Branch branch.p2p.fc4:
20:35:33.452 ℹ️   Anchor: (34.7818, 32.0853)
20:35:33.452 ℹ️   ENU Start: (E=0, N=160, U=2000)
20:35:33.452 ℹ️   ENU End: (E=800, N=160, U=2000)
20:35:33.453 ℹ️   Branch Length: 800.0m (expected: 800m)
20:35:33.453 ℹ️   Length Error: 0.0m
20:35:33.454 ℹ️ [FilamentRenderer] ⏰ Timeboxes: 1 on branch branch.p2p.fc4
20:35:33.454 ℹ️ [GATE 2] Branch branch.p2p.fc5:
20:35:33.454 ℹ️   Anchor: (34.7818, 32.0853)
20:35:33.455 ℹ️   ENU Start: (E=0, N=192, U=2000)
20:35:33.455 ℹ️   ENU End: (E=800, N=192, U=2000)
20:35:33.456 ℹ️   Branch Length: 800.0m (expected: 800m)
20:35:33.456 ℹ️   Length Error: 0.0m
20:35:33.457 ℹ️ [FilamentRenderer] ⏰ Timeboxes: 1 on branch branch.p2p.fc5
20:35:33.457 ℹ️ [GATE 2] Branch branch.p2p.fc7:
20:35:33.458 ℹ️   Anchor: (34.7818, 32.0853)
20:35:33.458 ℹ️   ENU Start: (E=0, N=224, U=2000)
20:35:33.459 ℹ️   ENU End: (E=800, N=224, U=2000)
20:35:33.459 ℹ️   Branch Length: 800.0m (expected: 800m)
20:35:33.460 ℹ️   Length Error: 0.0m
20:35:33.461 ℹ️ [FilamentRenderer] ⏰ Timeboxes: 1 on branch branch.p2p.fc7
20:35:33.461 ℹ️ [GATE 2] Branch branch.p2p.fc6:
20:35:33.461 ℹ️   Anchor: (34.7818, 32.0853)
20:35:33.462 ℹ️   ENU Start: (E=0, N=256, U=2000)
20:35:33.463 ℹ️   ENU End: (E=800, N=256, U=2000)
20:35:33.463 ℹ️   Branch Length: 800.0m (expected: 800m)
20:35:33.464 ℹ️   Length Error: 0.0m
20:35:33.465 ℹ️ [FilamentRenderer] ⏰ Timeboxes: 1 on branch branch.p2p.fc6
20:35:33.465 ℹ️ [GATE 2] Branch branch.p2p.mc1:
20:35:33.466 ℹ️   Anchor: (34.7818, 32.0853)
20:35:33.466 ℹ️   ENU Start: (E=0, N=288, U=2000)
20:35:33.467 ℹ️   ENU End: (E=800, N=288, U=2000)
20:35:33.467 ℹ️   Branch Length: 800.0m (expected: 800m)
20:35:33.468 ℹ️   Length Error: 0.0m
20:35:33.469 ℹ️ [FilamentRenderer] ⏰ Timeboxes: 1 on branch branch.p2p.mc1
20:35:33.469 ℹ️ [GATE 2] Branch branch.p2p.mc2:
20:35:33.470 ℹ️   Anchor: (34.7818, 32.0853)
20:35:33.470 ℹ️   ENU Start: (E=0, N=320, U=2000)
20:35:33.471 ℹ️   ENU End: (E=800, N=320, U=2000)
20:35:33.471 ℹ️   Branch Length: 800.0m (expected: 800m)
20:35:33.471 ℹ️   Length Error: 0.0m
20:35:33.472 ℹ️ [FilamentRenderer] ⏰ Timeboxes: 1 on branch branch.p2p.mc2
20:35:33.473 ℹ️ [GATE 2] Branch branch.p2p.mc3:
20:35:33.473 ℹ️   Anchor: (34.7818, 32.0853)
20:35:33.473 ℹ️   ENU Start: (E=0, N=352, U=2000)
20:35:33.474 ℹ️   ENU End: (E=800, N=352, U=2000)
20:35:33.474 ℹ️   Branch Length: 800.0m (expected: 800m)
20:35:33.475 ℹ️   Length Error: 0.0m
20:35:33.475 ℹ️ [FilamentRenderer] ⏰ Timeboxes: 1 on branch branch.p2p.mc3
20:35:33.476 ℹ️ [GATE 2] Branch branch.p2p.sc1:
20:35:33.476 ℹ️   Anchor: (34.7818, 32.0853)
20:35:33.477 ℹ️   ENU Start: (E=0, N=384, U=2000)
20:35:33.477 ℹ️   ENU End: (E=800, N=384, U=2000)
20:35:33.478 ℹ️   Branch Length: 800.0m (expected: 800m)
20:35:33.479 ℹ️   Length Error: 0.0m
20:35:33.481 ℹ️ [FilamentRenderer] ⏰ Timeboxes: 1 on branch branch.p2p.sc1
20:35:33.481 ℹ️ [GATE 2] Branch branch.p2p.sc2:
20:35:33.482 ℹ️   Anchor: (34.7818, 32.0853)
20:35:33.482 ℹ️   ENU Start: (E=0, N=416, U=2000)
20:35:33.483 ℹ️   ENU End: (E=800, N=416, U=2000)
20:35:33.483 ℹ️   Branch Length: 800.0m (expected: 800m)
20:35:33.483 ℹ️   Length Error: 0.0m
20:35:33.484 ℹ️ [FilamentRenderer] ⏰ Timeboxes: 1 on branch branch.p2p.sc2
20:35:33.484 ℹ️ [GATE 2] Branch branch.p2p.sc3:
20:35:33.485 ℹ️   Anchor: (34.7818, 32.0853)
20:35:33.486 ℹ️   ENU Start: (E=0, N=448, U=2000)
20:35:33.487 ℹ️   ENU End: (E=800, N=448, U=2000)
20:35:33.487 ℹ️   Branch Length: 800.0m (expected: 800m)
20:35:33.488 ℹ️   Length Error: 0.0m
20:35:33.488 ℹ️ [FilamentRenderer] ⏰ Timeboxes: 1 on branch branch.p2p.sc3
20:35:33.489 ℹ️ [GATE 2] Branch branch.mfg:
20:35:33.489 ℹ️   Anchor: (34.7818, 32.0853)
20:35:33.490 ℹ️   ENU Start: (E=0, N=480, U=2000)
20:35:33.490 ℹ️   ENU End: (E=800, N=480, U=2000)
20:35:33.490 ℹ️   Branch Length: 800.0m (expected: 800m)
20:35:33.491 ℹ️   Length Error: 0.0m
20:35:33.491 ℹ️ [FilamentRenderer] ⏰ Timeboxes: 1 on branch branch.mfg
20:35:33.492 ℹ️ [GATE 2] Branch branch.mfg.fc1:
20:35:33.492 ℹ️   Anchor: (34.7818, 32.0853)
20:35:33.492 ℹ️   ENU Start: (E=0, N=512, U=2000)
20:35:33.493 ℹ️   ENU End: (E=800, N=512, U=2000)
20:35:33.493 ℹ️   Branch Length: 800.0m (expected: 800m)
20:35:33.493 ℹ️   Length Error: 0.0m
20:35:33.494 ℹ️ [FilamentRenderer] ⏰ Timeboxes: 1 on branch branch.mfg.fc1
20:35:33.494 ℹ️ [GATE 2] Branch branch.mfg.fc2:
20:35:33.494 ℹ️   Anchor: (34.7818, 32.0853)
20:35:33.495 ℹ️   ENU Start: (E=0, N=544, U=2000)
20:35:33.495 ℹ️   ENU End: (E=800, N=544, U=2000)
20:35:33.495 ℹ️   Branch Length: 800.0m (expected: 800m)
20:35:33.496 ℹ️   Length Error: 0.0m
20:35:33.496 ℹ️ [FilamentRenderer] ⏰ Timeboxes: 1 on branch branch.mfg.fc2
20:35:33.497 ℹ️ [GATE 2] Branch branch.mfg.fc3:
20:35:33.497 ℹ️   Anchor: (34.7818, 32.0853)
20:35:33.498 ℹ️   ENU Start: (E=0, N=576, U=2000)
20:35:33.498 ℹ️   ENU End: (E=800, N=576, U=2000)
20:35:33.499 ℹ️   Branch Length: 800.0m (expected: 800m)
20:35:33.500 ℹ️   Length Error: 0.0m
20:35:33.501 ℹ️ [FilamentRenderer] ⏰ Timeboxes: 1 on branch branch.mfg.fc3
20:35:33.501 ℹ️ [GATE 2] Branch branch.mfg.fc4:
20:35:33.502 ℹ️   Anchor: (34.7818, 32.0853)
20:35:33.502 ℹ️   ENU Start: (E=0, N=608, U=2000)
20:35:33.503 ℹ️   ENU End: (E=800, N=608, U=2000)
20:35:33.503 ℹ️   Branch Length: 800.0m (expected: 800m)
20:35:33.503 ℹ️   Length Error: 0.0m
20:35:33.504 ℹ️ [FilamentRenderer] ⏰ Timeboxes: 1 on branch branch.mfg.fc4
20:35:33.505 ℹ️ [GATE 2] Branch branch.mfg.mc1:
20:35:33.505 ℹ️   Anchor: (34.7818, 32.0853)
20:35:33.506 ℹ️   ENU Start: (E=0, N=640, U=2000)
20:35:33.506 ℹ️   ENU End: (E=800, N=640, U=2000)
20:35:33.507 ℹ️   Branch Length: 800.0m (expected: 800m)
20:35:33.507 ℹ️   Length Error: 0.0m
20:35:33.508 ℹ️ [FilamentRenderer] ⏰ Timeboxes: 1 on branch branch.mfg.mc1
20:35:33.508 ℹ️ [GATE 2] Branch branch.mfg.sc1:
20:35:33.509 ℹ️   Anchor: (34.7818, 32.0853)
20:35:33.509 ℹ️   ENU Start: (E=0, N=672, U=2000)
20:35:33.510 ℹ️   ENU End: (E=800, N=672, U=2000)
20:35:33.510 ℹ️   Branch Length: 800.0m (expected: 800m)
20:35:33.511 ℹ️   Length Error: 0.0m
20:35:33.512 ℹ️ [FilamentRenderer] ⏰ Timeboxes: 1 on branch branch.mfg.sc1
20:35:33.516 ℹ️ [VIS2] expandedSheetsAllowed=false scope=world
20:35:33.517 ℹ️ [VIS2] deptSpinesRendered count=3
20:35:33.517 ℹ️ [S1] SheetsRendered=0 Expected=0
20:35:33.518 ℹ️ [VIS2] companyCollapsed result=PASS sheetsRendered=0 lod=COMPANY scope=world expandedSheetsAllowed=false
20:35:33.522 ℹ️ [VIS2] sheetTilesRendered count=20
20:35:33.523 ℹ️ [VIS2] exitSheet collapsed=PASS expanded=0 tiles=20
20:35:33.525 ℹ️ [VIS3] flowOverlay result=PASS edges=42 exceptions=11 scope=world lod=COMPANY
20:35:33.525 ℹ️ [VIS3] trafficBarsRendered count=3
20:35:33.526 ℹ️ [VIS3] gate-summary result=PASS
20:35:33.529 ℹ️ [VIS4c] labelsRendered count=12 scope=company
20:35:33.530 ℹ️ [VIS4] slabsRendered scope=company objects=4 slabs=12 capped=false
20:35:33.531 ℹ️ [VIS4] companySlabs result=PASS deptBranches=3 trunkSlabs=6
20:35:33.531 ℹ️ [VIS4] gate-summary result=PASS
20:35:33.532 ℹ️ ✅ Tree rendered:
20:35:33.532 ℹ️   Primitives: 62 (trunk=1, branches=22, cell-filaments=0, spines=0, lane-polylines=0, lane-volumes=0, sheet-tiles=20, dept-spines=3, flow-bars=4, ex-overlays=0, route-highlights=0, slabs=12, vis6-pulses=0)
20:35:33.533 ℹ️   Entities: 44 (labels=1, cell-points=0, timebox-labels=43)
20:35:33.533 ℹ️ [LOD-BUDGET] frame sheetsDetailed=0 totalMarkers=0 totalPrims=62 totalEntities=44
20:35:33.534 ℹ️ [TOPOLOGY] ✅ All canonical invariants satisfied
20:35:33.535 ℹ️ [FilamentRenderer] ✅ Turgor force animation started
20:35:34.275 ℹ️ [GLOBE] worldTrunks synced added=5 total=6
20:35:34.276 ℹ️ [GLOBE] datasetLoad anchors=6
20:35:34.276 ℹ️ [UX] multiCountrySmoke=PASS anchors=6
20:35:34.276 ℹ️ 📷 Camera presets: Press 1=SheetTopDown, 2=SideProfile, 3=SheetFaceOn, 4=SpreadsheetProof, 5=SpineInspection
20:35:34.277 ℹ️ 🔒 LOD Lock: Press L to lock/unlock LOD at current level
20:35:34.278 ℹ️ 🎮 Free-fly pointer lock: Press ` (backquote) to toggle
20:35:34.280 ℹ️ [HUD] mode=FreeFly layer1=6 layer2=0
20:35:34.285 ℹ️ [UX] debugLogs=false
[BUILD] 2026-02-09T12:30Z ux-1.1-universal-object-contract
20:35:34.287 ℹ️ [UX-1.1-PROOF] type=trunk id=trunk.avgol scope=root actions=focusView,showKPIs,showTimeboxes,showBranches,cycleClusterLevel,focusNextRegion,loadGlobalCore
20:35:34.288 ℹ️ [UX-1.1-PROOF] type=branch id=branch.operations scope=trunk.avgol actions=focusView,showKPIs,showTimeboxes,showPressureSources,cycleClusterLevel,focusNextRegion,loadGlobalCore
20:35:34.289 ℹ️ [UX-1.1-PROOF] type=sheet id=sheet.packaging scope=branch.operations actions=focusView,showSchema,addColumn,addValidation,addSummaryBinding
20:35:34.290 ℹ️ [UX-1.1-PROOF] type=cell id=sheet.packaging.cell.0.0 scope=branch.operations actions=edit,viewDependencies,viewHistory,createValidation,lockScope
20:35:34.290 ℹ️ [UX-1.1-PROOF] type=match id=3WM-001 scope=branch.p2p.mc1 actions=inspectSources,viewVariance,setTolerance,markResolved
20:35:34.292 ℹ️ [UX-1.1-PROOF] type=route id=p2p.requisition scope=branch.p2p.fc1 actions=previewMapping,ingestTestRecord,showProvenance,editFieldMap
20:35:34.293 ℹ️ [UX-1.1-PROOF] type=module id=P2P scope=trunk.avgol actions=showAllSheets,showRoutes,showKPIBindings,showRecomputationChain
20:35:34.293 ℹ️ [UX-1.1] Universal Object Contract: 7 types resolved
20:35:34.295 ℹ️ [LOD] apply level=LANIAKEA sheetsDetailed=0 lanes=0 markers=0
20:35:34.412 ℹ️ [GATE 4] Anchor marker rendered at (34.7818, 32.0853) - independent of buildings/terrain
20:35:34.414 ℹ️ [GATE 4] Anchor marker rendered at (-122.4194, 37.7749) - independent of buildings/terrain
20:35:34.416 ℹ️ [GATE 4] Anchor marker rendered at (-0.1276, 51.5072) - independent of buildings/terrain
20:35:34.416 ℹ️ [GATE 4] Anchor marker rendered at (77.2090, 28.6139) - independent of buildings/terrain
20:35:34.417 ℹ️ [GATE 4] Anchor marker rendered at (139.6917, 35.6895) - independent of buildings/terrain
20:35:34.418 ℹ️ [GATE 4] Anchor marker rendered at (-46.6333, -23.5505) - independent of buildings/terrain
20:35:34.419 ℹ️ [UX] debugLogs=false gateSpamSuppressed=true
20:35:34.425 ℹ️ [VIS2] expandedSheetsAllowed=false scope=world
20:35:34.426 ℹ️ [VIS2] deptSpinesRendered count=3
20:35:34.427 ℹ️ [VIS2] sheetTilesRendered count=20
20:35:34.427 ℹ️ [LOD-BUDGET] frame sheetsDetailed=0 totalMarkers=0 totalPrims=51 totalEntities=52
20:35:34.428 ℹ️ [LOD] apply level=PLANETARY sheetsDetailed=0 lanes=0 markers=0
[BoundaryRenderer] ✅ BRA: Loaded 1/1 features
[BoundaryRenderer] Loading ARG from data/boundaries/countries/ARG-ADM0.geojson
20:35:34.685 ℹ️ [LOD] apply level=REGION sheetsDetailed=0 lanes=0 markers=0
20:35:34.724 ℹ️ [HUD] paramsLoaded version=HUD-PARAMS-v0 policyRef=local:HUD-PARAMS-v0
[BoundaryRenderer] ✅ ARG: Loaded 1/1 features
[BoundaryRenderer] Loading GBR from data/boundaries/countries/GBR-ADM0.geojson
20:35:34.965 ℹ️ [GATE 4] Anchor marker rendered at (34.7818, 32.0853) - independent of buildings/terrain
20:35:34.967 ℹ️ [GATE 4] Anchor marker rendered at (-122.4194, 37.7749) - independent of buildings/terrain
20:35:34.968 ℹ️ [GATE 4] Anchor marker rendered at (-0.1276, 51.5072) - independent of buildings/terrain
20:35:34.968 ℹ️ [GATE 4] Anchor marker rendered at (77.2090, 28.6139) - independent of buildings/terrain
20:35:34.969 ℹ️ [GATE 4] Anchor marker rendered at (139.6917, 35.6895) - independent of buildings/terrain
20:35:34.969 ℹ️ [GATE 4] Anchor marker rendered at (-46.6333, -23.5505) - independent of buildings/terrain
20:35:34.973 ℹ️ [VIS2] expandedSheetsAllowed=false scope=world
20:35:34.973 ℹ️ [VIS2] deptSpinesRendered count=3
20:35:34.974 ℹ️ [VIS2] sheetTilesRendered count=20
20:35:34.974 ℹ️ [LOD-BUDGET] frame sheetsDetailed=0 totalMarkers=0 totalPrims=51 totalEntities=52
20:35:35.052 ℹ️ [LOD] apply level=COMPANY requestedSheetsDetailed=0 effectiveSheetsDetailed=0 lanes=0 markers=0 reason=collapsedByPolicy distKm=14.9
[BoundaryRenderer] ✅ GBR: Loaded 1/1 features
[BoundaryRenderer] Loading FRA from data/boundaries/countries/FRA-ADM0.geojson
20:35:35.497 ℹ️ [GATE 4] Anchor marker rendered at (34.7818, 32.0853) - independent of buildings/terrain
20:35:35.499 ℹ️ [GATE 4] Anchor marker rendered at (-122.4194, 37.7749) - independent of buildings/terrain
20:35:35.500 ℹ️ [GATE 4] Anchor marker rendered at (-0.1276, 51.5072) - independent of buildings/terrain
20:35:35.501 ℹ️ [GATE 4] Anchor marker rendered at (77.2090, 28.6139) - independent of buildings/terrain
20:35:35.501 ℹ️ [GATE 4] Anchor marker rendered at (139.6917, 35.6895) - independent of buildings/terrain
20:35:35.502 ℹ️ [GATE 4] Anchor marker rendered at (-46.6333, -23.5505) - independent of buildings/terrain
20:35:35.505 ℹ️ [VIS2] expandedSheetsAllowed=false scope=world
20:35:35.506 ℹ️ [VIS2] deptSpinesRendered count=3
20:35:35.506 ℹ️ [VIS2] companyCollapsed result=PASS sheetsRendered=0 lod=COMPANY scope=world expandedSheetsAllowed=false
20:35:35.507 ℹ️ [VIS2] sheetTilesRendered count=20
20:35:35.508 ℹ️ [VIS3] flowOverlay result=PASS edges=42 exceptions=11 scope=world lod=COMPANY
20:35:35.508 ℹ️ [VIS3] trafficBarsRendered count=3
20:35:35.508 ℹ️ [VIS3] gate-summary result=PASS
20:35:35.510 ℹ️ [VIS4c] labelsRendered count=27 scope=company
20:35:35.510 ℹ️ [VIS4] slabsRendered scope=company objects=9 slabs=27 capped=false
20:35:35.511 ℹ️ [VIS4] companySlabs result=PASS deptBranches=3 trunkSlabs=21
20:35:35.511 ℹ️ [VIS4] gate-summary result=PASS
20:35:35.512 ℹ️ [LOD-BUDGET] frame sheetsDetailed=0 totalMarkers=0 totalPrims=82 totalEntities=79
[BoundaryRenderer] ✅ FRA: Loaded 1/1 features
[BoundaryRenderer] Loading DEU from data/boundaries/countries/DEU-ADM0.geojson
[BoundaryRenderer] ✅ DEU: Loaded 1/1 features
[BoundaryRenderer] Loading NLD from data/boundaries/countries/NLD-ADM0.geojson
[BoundaryRenderer] ✅ NLD: Loaded 1/1 features
[BoundaryRenderer] Loading EGY from data/boundaries/countries/EGY-ADM0.geojson
[BoundaryRenderer] ✅ EGY: Loaded 1/1 features
[BoundaryRenderer] Loading SAU from data/boundaries/countries/SAU-ADM0.geojson
[BoundaryRenderer] ✅ SAU: Loaded 1/1 features
[BoundaryRenderer] Loading IND from data/boundaries/countries/IND-ADM0.geojson
20:35:38.091 ℹ️ [GATE 4] Anchor marker rendered at (34.7818, 32.0853) - independent of buildings/terrain
20:35:38.093 ℹ️ [GATE 4] Anchor marker rendered at (-122.4194, 37.7749) - independent of buildings/terrain
20:35:38.094 ℹ️ [GATE 4] Anchor marker rendered at (-0.1276, 51.5072) - independent of buildings/terrain
20:35:38.094 ℹ️ [GATE 4] Anchor marker rendered at (77.2090, 28.6139) - independent of buildings/terrain
20:35:38.095 ℹ️ [GATE 4] Anchor marker rendered at (139.6917, 35.6895) - independent of buildings/terrain
20:35:38.096 ℹ️ [GATE 4] Anchor marker rendered at (-46.6333, -23.5505) - independent of buildings/terrain
20:35:38.100 ℹ️ [VIS2] expandedSheetsAllowed=false scope=world
20:35:38.101 ℹ️ [VIS2] deptSpinesRendered count=3
20:35:38.101 ℹ️ [VIS2] companyCollapsed result=PASS sheetsRendered=0 lod=COMPANY scope=world expandedSheetsAllowed=false
20:35:38.102 ℹ️ [VIS2] sheetTilesRendered count=20
20:35:38.105 ℹ️ [LOD-BUDGET] frame sheetsDetailed=0 totalMarkers=0 totalPrims=82 totalEntities=79
[BoundaryRenderer] ✅ IND: Loaded 1/1 features
[BoundaryRenderer] Loading CHN from data/boundaries/countries/CHN-ADM0.geojson
[BoundaryRenderer] ✅ CHN: Loaded 1/1 features
[BoundaryRenderer] Loading KOR from data/boundaries/countries/KOR-ADM0.geojson
[BoundaryRenderer] ✅ KOR: Loaded 1/1 features
[BoundaryRenderer] Loading ISR from data/boundaries/countries/ISR-ADM0.geojson
[BOUNDARY] reuse id=boundary-ISR-0-0050ba14
20:35:39.255 ℹ️ [GLOBE] country-set id=global-core loaded=26
[BoundaryRenderer] Loading USA from data/boundaries/countries/USA-ADM0.geojson
[BoundaryRenderer] Loading USA from data/boundaries/countries/USA-ADM0.geojson
20:35:40.198 ℹ️ [GLOBE] focus country=USA
20:35:40.199 ℹ️ [GLOBE] focus region=north-america
20:35:40.200 ℹ️ [GLOBE] hierarchy init cluster=globe countries=11
[BoundaryRenderer] Loading USA from data/boundaries/countries/USA-ADM0.geojson
20:35:40.312 ℹ️ [LOD] apply level=REGION sheetsDetailed=0 lanes=0 markers=0
20:35:40.453 ℹ️ [GATE 4] Anchor marker rendered at (34.7818, 32.0853) - independent of buildings/terrain
20:35:40.454 ℹ️ [GATE 4] Anchor marker rendered at (-122.4194, 37.7749) - independent of buildings/terrain
20:35:40.455 ℹ️ [GATE 4] Anchor marker rendered at (-0.1276, 51.5072) - independent of buildings/terrain
20:35:40.456 ℹ️ [GATE 4] Anchor marker rendered at (77.2090, 28.6139) - independent of buildings/terrain
20:35:40.457 ℹ️ [GATE 4] Anchor marker rendered at (139.6917, 35.6895) - independent of buildings/terrain
20:35:40.457 ℹ️ [GATE 4] Anchor marker rendered at (-46.6333, -23.5505) - independent of buildings/terrain
20:35:40.461 ℹ️ [VIS2] expandedSheetsAllowed=false scope=world
20:35:40.461 ℹ️ [VIS2] deptSpinesRendered count=3
20:35:40.462 ℹ️ [VIS2] sheetTilesRendered count=20
20:35:40.463 ℹ️ [LOD-BUDGET] frame sheetsDetailed=0 totalMarkers=0 totalPrims=51 totalEntities=52
20:35:40.464 ℹ️ [LOD] apply level=PLANETARY sheetsDetailed=0 lanes=0 markers=0
20:35:40.605 ℹ️ [LOD] apply level=LANIAKEA sheetsDetailed=0 lanes=0 markers=0
[BoundaryRenderer] Loading ISR from data/boundaries/countries/ISR-ADM0.geojson
20:35:40.903 ℹ️ [GATE 4] Anchor marker rendered at (34.7818, 32.0853) - independent of buildings/terrain
20:35:40.904 ℹ️ [GATE 4] Anchor marker rendered at (-122.4194, 37.7749) - independent of buildings/terrain
20:35:40.905 ℹ️ [GATE 4] Anchor marker rendered at (-0.1276, 51.5072) - independent of buildings/terrain
20:35:40.906 ℹ️ [GATE 4] Anchor marker rendered at (77.2090, 28.6139) - independent of buildings/terrain
20:35:40.906 ℹ️ [GATE 4] Anchor marker rendered at (139.6917, 35.6895) - independent of buildings/terrain
20:35:40.907 ℹ️ [GATE 4] Anchor marker rendered at (-46.6333, -23.5505) - independent of buildings/terrain
20:35:40.910 ℹ️ [VIS2] expandedSheetsAllowed=false scope=world
20:35:40.910 ℹ️ [VIS2] deptSpinesRendered count=3
20:35:40.911 ℹ️ [VIS2] sheetTilesRendered count=20
20:35:40.911 ℹ️ [LOD-BUDGET] frame sheetsDetailed=0 totalMarkers=0 totalPrims=51 totalEntities=52
20:35:41.157 ℹ️ [VIS4D] focusOwner result=PASS owner=trunk.avgol scope=company
20:35:41.553 ℹ️ [GLOBE] country-set id=global-core loaded=26
20:35:41.554 ℹ️ [GLOBE] cluster level=globe focusCountry=USA
20:35:42.776 ℹ️ [VIS4D] focusSlabStack result=PASS owner=trunk.avgol timeboxId=T1
20:35:43.401 ℹ️ [LOD] apply level=PLANETARY sheetsDetailed=0 lanes=0 markers=0
20:35:43.486 ℹ️ [GATE 4] Anchor marker rendered at (34.7818, 32.0853) - independent of buildings/terrain
20:35:43.488 ℹ️ [GATE 4] Anchor marker rendered at (-122.4194, 37.7749) - independent of buildings/terrain
20:35:43.489 ℹ️ [GATE 4] Anchor marker rendered at (-0.1276, 51.5072) - independent of buildings/terrain
20:35:43.489 ℹ️ [GATE 4] Anchor marker rendered at (77.2090, 28.6139) - independent of buildings/terrain
20:35:43.490 ℹ️ [GATE 4] Anchor marker rendered at (139.6917, 35.6895) - independent of buildings/terrain
20:35:43.491 ℹ️ [GATE 4] Anchor marker rendered at (-46.6333, -23.5505) - independent of buildings/terrain
20:35:43.494 ℹ️ [VIS2] expandedSheetsAllowed=false scope=world
20:35:43.494 ℹ️ [VIS2] deptSpinesRendered count=3
20:35:43.495 ℹ️ [VIS2] sheetTilesRendered count=20
20:35:43.495 ℹ️ [LOD-BUDGET] frame sheetsDetailed=0 totalMarkers=0 totalPrims=51 totalEntities=52
20:35:43.496 ℹ️ [LOD] apply level=REGION sheetsDetailed=0 lanes=0 markers=0
20:35:43.578 ℹ️ [LOD] apply level=COMPANY requestedSheetsDetailed=0 effectiveSheetsDetailed=0 lanes=0 markers=0 reason=collapsedByPolicy distKm=2.6
20:35:43.790 ℹ️ [VIS4D] focusClear result=PASS
20:35:43.935 ℹ️ [GATE 4] Anchor marker rendered at (34.7818, 32.0853) - independent of buildings/terrain
20:35:43.936 ℹ️ [GATE 4] Anchor marker rendered at (-122.4194, 37.7749) - independent of buildings/terrain
20:35:43.937 ℹ️ [GATE 4] Anchor marker rendered at (-0.1276, 51.5072) - independent of buildings/terrain
20:35:43.937 ℹ️ [GATE 4] Anchor marker rendered at (77.2090, 28.6139) - independent of buildings/terrain
20:35:43.938 ℹ️ [GATE 4] Anchor marker rendered at (139.6917, 35.6895) - independent of buildings/terrain
20:35:43.938 ℹ️ [GATE 4] Anchor marker rendered at (-46.6333, -23.5505) - independent of buildings/terrain
20:35:43.940 ℹ️ [VIS2] expandedSheetsAllowed=false scope=world
20:35:43.941 ℹ️ [VIS2] deptSpinesRendered count=3
20:35:43.941 ℹ️ [VIS2] companyCollapsed result=PASS sheetsRendered=0 lod=COMPANY scope=world expandedSheetsAllowed=false
20:35:43.941 ℹ️ [VIS2] sheetTilesRendered count=20
20:35:43.942 ℹ️ [VIS3] flowOverlay result=PASS edges=42 exceptions=11 scope=world lod=COMPANY
20:35:43.942 ℹ️ [VIS3] trafficBarsRendered count=3
20:35:43.942 ℹ️ [VIS3] gate-summary result=PASS
20:35:43.943 ℹ️ [VIS4] slabsRendered scope=company objects=9 slabs=27 capped=false
20:35:43.944 ℹ️ [VIS4] companySlabs result=PASS deptBranches=3 trunkSlabs=21
20:35:43.944 ℹ️ [VIS4] gate-summary result=PASS
20:35:43.944 ℹ️ [LOD-BUDGET] frame sheetsDetailed=0 totalMarkers=0 totalPrims=82 totalEntities=79
20:35:43.979 ℹ️ [LOD] apply level=REGION sheetsDetailed=0 lanes=0 markers=0
20:35:44.055 ℹ️ [LOD] apply level=LANIAKEA sheetsDetailed=0 lanes=0 markers=0
20:35:44.410 ℹ️ [GATE 4] Anchor marker rendered at (34.7818, 32.0853) - independent of buildings/terrain
20:35:44.411 ℹ️ [GATE 4] Anchor marker rendered at (-122.4194, 37.7749) - independent of buildings/terrain
20:35:44.411 ℹ️ [GATE 4] Anchor marker rendered at (-0.1276, 51.5072) - independent of buildings/terrain
20:35:44.412 ℹ️ [GATE 4] Anchor marker rendered at (77.2090, 28.6139) - independent of buildings/terrain
20:35:44.412 ℹ️ [GATE 4] Anchor marker rendered at (139.6917, 35.6895) - independent of buildings/terrain
20:35:44.412 ℹ️ [GATE 4] Anchor marker rendered at (-46.6333, -23.5505) - independent of buildings/terrain
20:35:44.415 ℹ️ [VIS2] expandedSheetsAllowed=false scope=world
20:35:44.415 ℹ️ [VIS2] deptSpinesRendered count=3
20:35:44.415 ℹ️ [VIS2] sheetTilesRendered count=20
20:35:44.416 ℹ️ [LOD-BUDGET] frame sheetsDetailed=0 totalMarkers=0 totalPrims=51 totalEntities=52
20:35:45.009 ℹ️ [VIS] sheetSelect resolved sheet=P2P.ThreeWayMatch reason=explicit
[VIS] sheetSelect resolved sheet=P2P.ThreeWayMatch reason=explicit
20:35:45.010 ℹ️ [VIS] enter sheet=P2P.ThreeWayMatch scope=sheet-only
[VIS] enter sheet=P2P.ThreeWayMatch scope=sheet-only
20:35:45.017 ℹ️ [GATE 4] Anchor marker rendered at (34.7818, 32.0853) - independent of buildings/terrain
20:35:45.018 ℹ️ [GATE 4] Anchor marker rendered at (-122.4194, 37.7749) - independent of buildings/terrain
20:35:45.018 ℹ️ [GATE 4] Anchor marker rendered at (-0.1276, 51.5072) - independent of buildings/terrain
20:35:45.019 ℹ️ [GATE 4] Anchor marker rendered at (77.2090, 28.6139) - independent of buildings/terrain
20:35:45.020 ℹ️ [GATE 4] Anchor marker rendered at (139.6917, 35.6895) - independent of buildings/terrain
20:35:45.020 ℹ️ [GATE 4] Anchor marker rendered at (-46.6333, -23.5505) - independent of buildings/terrain
20:35:45.023 ℹ️ [VIS2] expandedSheetsAllowed=true scope=sheet
20:35:45.033 ℹ️ [VIS2] sheetTilesRendered count=19
20:35:45.034 ℹ️ [VIS2] enterSheet expanded=1 tiles=19
20:35:45.035 ℹ️ [VIS3.2] sheetOverlay begin sheet=P2P.ThreeWayMatch scope=sheet
20:35:45.035 ℹ️ [VIS3.2] exceptionRows result=PASS sheet=P2P.ThreeWayMatch count=5
20:35:45.036 ℹ️ [VIS3.2] routeHighlights result=PASS sheet=P2P.ThreeWayMatch edges=3
20:35:45.036 ℹ️ [VIS3.2] budget exceptionOverlays=5 routeHighlights=3 capped=false
20:35:45.037 ℹ️ [VIS3.2] gate-summary result=PASS
20:35:45.037 ℹ️ [VIS4c] labelsRendered count=1 scope=sheet
20:35:45.038 ℹ️ [VIS4] slabsRendered scope=sheet objects=1 slabs=1 capped=false
20:35:45.038 ℹ️ [VIS4] sheetSlabs result=PASS sheet=P2P.ThreeWayMatch slabs=1
20:35:45.038 ℹ️ [VIS4] gate-summary result=PASS
20:35:45.039 ℹ️ [LOD-BUDGET] frame sheetsDetailed=1 totalMarkers=0 totalPrims=56 totalEntities=53
20:35:48.130 ℹ️ [GATE 4] Anchor marker rendered at (34.7818, 32.0853) - independent of buildings/terrain
20:35:48.133 ℹ️ [GATE 4] Anchor marker rendered at (-122.4194, 37.7749) - independent of buildings/terrain
20:35:48.133 ℹ️ [GATE 4] Anchor marker rendered at (-0.1276, 51.5072) - independent of buildings/terrain
20:35:48.134 ℹ️ [GATE 4] Anchor marker rendered at (77.2090, 28.6139) - independent of buildings/terrain
20:35:48.135 ℹ️ [GATE 4] Anchor marker rendered at (139.6917, 35.6895) - independent of buildings/terrain
20:35:48.135 ℹ️ [GATE 4] Anchor marker rendered at (-46.6333, -23.5505) - independent of buildings/terrain
20:35:48.139 ℹ️ [VIS2] expandedSheetsAllowed=true scope=sheet
20:35:48.148 ℹ️ [VIS2] sheetTilesRendered count=19
20:35:48.149 ℹ️ [VIS2] enterSheet expanded=1 tiles=19
20:35:48.150 ℹ️ [LOD-BUDGET] frame sheetsDetailed=1 totalMarkers=0 totalPrims=56 totalEntities=53
20:35:50.765 ℹ️ [VIS4D] focusOwner result=PASS owner=P2P.ThreeWayMatch scope=sheet
20:35:51.493 ℹ️ [LOD] apply level=PLANETARY sheetsDetailed=0 lanes=0 markers=0
20:35:51.584 ℹ️ [GATE 4] Anchor marker rendered at (34.7818, 32.0853) - independent of buildings/terrain
20:35:51.585 ℹ️ [GATE 4] Anchor marker rendered at (-122.4194, 37.7749) - independent of buildings/terrain
20:35:51.586 ℹ️ [GATE 4] Anchor marker rendered at (-0.1276, 51.5072) - independent of buildings/terrain
20:35:51.586 ℹ️ [GATE 4] Anchor marker rendered at (77.2090, 28.6139) - independent of buildings/terrain
20:35:51.587 ℹ️ [GATE 4] Anchor marker rendered at (139.6917, 35.6895) - independent of buildings/terrain
20:35:51.588 ℹ️ [GATE 4] Anchor marker rendered at (-46.6333, -23.5505) - independent of buildings/terrain
20:35:51.590 ℹ️ [VIS2] expandedSheetsAllowed=true scope=sheet
20:35:51.599 ℹ️ [VIS2] sheetTilesRendered count=19
20:35:51.600 ℹ️ [VIS2] enterSheet expanded=1 tiles=19
20:35:51.601 ℹ️ [LOD-BUDGET] frame sheetsDetailed=1 totalMarkers=0 totalPrims=56 totalEntities=53
20:35:51.602 ℹ️ [LOD] apply level=REGION sheetsDetailed=0 lanes=0 markers=0
20:35:51.777 ℹ️ [VIS4D] focusClear result=PASS
20:35:52.000 ℹ️ [LOD] apply level=PLANETARY sheetsDetailed=0 lanes=0 markers=0
20:35:52.089 ℹ️ [GATE 4] Anchor marker rendered at (34.7818, 32.0853) - independent of buildings/terrain
20:35:52.090 ℹ️ [GATE 4] Anchor marker rendered at (-122.4194, 37.7749) - independent of buildings/terrain
20:35:52.091 ℹ️ [GATE 4] Anchor marker rendered at (-0.1276, 51.5072) - independent of buildings/terrain
20:35:52.091 ℹ️ [GATE 4] Anchor marker rendered at (77.2090, 28.6139) - independent of buildings/terrain
20:35:52.091 ℹ️ [GATE 4] Anchor marker rendered at (139.6917, 35.6895) - independent of buildings/terrain
20:35:52.092 ℹ️ [GATE 4] Anchor marker rendered at (-46.6333, -23.5505) - independent of buildings/terrain
20:35:52.094 ℹ️ [VIS2] expandedSheetsAllowed=true scope=sheet
20:35:52.097 ℹ️ [VIS2] sheetTilesRendered count=19
20:35:52.097 ℹ️ [VIS2] enterSheet expanded=1 tiles=19
20:35:52.098 ℹ️ [LOD-BUDGET] frame sheetsDetailed=1 totalMarkers=0 totalPrims=56 totalEntities=53
20:35:52.154 ℹ️ [LOD] apply level=LANIAKEA sheetsDetailed=0 lanes=0 markers=0

--- VIS4D proof ---
[VIS4D] slabIds count=27
[VIS4D] focusOwner programmatic ok=true owner=trunk.avgol scope=company
[VIS4D] slabCount afterFocus=27 baseline=27 delta=0
[VIS4D] focusSlabStack programmatic ok=true owner=trunk.avgol timeboxId=T1
[VIS4D] focusClear programmatic ok=true
[VIS4D] slabCount afterClear=27
[VIS4D] lodAfterFocus=LANIAKEA
[VIS4D] enterSheet ok=true sheet=P2P.ThreeWayMatch
[VIS4D] sheetSlabIds count=1
[VIS4D] sheetFocusOwner ok=true owner=P2P.ThreeWayMatch scope=sheet
[VIS4D] focusOwner company PRESENT
[VIS4D] focusSlabStack PRESENT
[VIS4D] focusClear PRESENT
[VIS4D] focusOwner sheet PRESENT
[VIS4D] noSlabIncrease PASS
[VIS4D] noSlabChangeAfterClear PASS
[VIS4] gate-summary result=PASS
[VIS2] companyCollapsed PRESENT
[VIS2] sheetTiles PRESENT
[VIS4D] noErrors PASS
[VIS4D] gate-summary result=PASS