[ENU] Coordinate system loaded - all geometry in meters
21:03:01.410 ℹ️ [Z] mode=DRAFT user=local target=none previous=INIT
21:03:01.436 ℹ️ 🚀 Relay Cesium World starting...
21:03:01.438 ℹ️ 🌍 Initializing Cesium Viewer...
21:03:01.439 ℹ️ ✅ Terrain provider created (Ellipsoid)
21:03:01.440 ℹ️ ✅ Imagery provider created (OpenStreetMap tiles loading...)
21:03:01.483 ℹ️ ✅ Viewer created
21:03:01.485 ℹ️ [GLOBE] imagery mode=osm provider=OpenStreetMap
21:03:01.488 ℹ️ ℹ️ 3D Buildings skipped (no Cesium Ion token configured)
21:03:01.488 ⚠️ ⚠️ Buildings marked as DEGRADED
21:03:01.489 ℹ️ 🌍 Cesium Viewer initialized successfully
21:03:01.490 ℹ️ [GLOBE] services weatherBase=http://127.0.0.1:4020
21:03:01.490 ℹ️ [GLOBE] imagery registry enabled modes=local,clean-street,satellite,hybrid,osm,dark,minimalist
21:03:01.490 ℹ️ [CAM] restore-POV disabled for testing
21:03:01.491 ℹ️ [FilamentRenderer] Initialized (Phase 2.1 Primitives)
[RelationshipRenderer] Initialized
[RelationshipRenderer] Cleared all relationships
21:03:01.492 ℹ️ [F2] clearedEdges=0 clearedScars=0
21:03:01.492 ℹ️ 🧹 Filament renderer cleared
[BoundaryRenderer] DataSource created and added to viewer
[BoundaryRenderer] Initialized
21:03:01.493 ℹ️ 🌍 Loading boundaries (fail-soft)...
[BoundaryRenderer] Loading ISR from data/boundaries/countries/ISR-ADM0.geojson
[BoundaryRenderer] Loading USA from data/boundaries/countries/USA-ADM0.geojson
21:03:01.494 ℹ️ [BOUNDARY-EDITOR] Initialized
21:03:01.494 ℹ️ 🌲 Loading demo tree...
[GroupMarkerNotSet(crbug.com/242999)!:A070240094320000]Automatic fallback to software WebGL has been deprecated. Please use the --enable-unsafe-swiftshader (about:flags#enable-unsafe-swiftshader) flag to opt in to lower security guarantees for trusted content.
[.WebGL-0x732402485c00]GL Driver Message (OpenGL, Performance, GL_CLOSE_PATH_NV, High): GPU stall due to ReadPixels
[.WebGL-0x732402485c00]GL Driver Message (OpenGL, Performance, GL_CLOSE_PATH_NV, High): GPU stall due to ReadPixels
[BoundaryRenderer] ✅ ISR: Loaded 1/1 features
21:03:01.681 ℹ️ [B2-PROOF] threeWayMatch mismatch matchId=3WM-001 poLineId=POL-001 grLineId=GRL-001 invLineId=IL-001 status=MATCH qtyVar=0 priceVar=0
21:03:01.682 ℹ️ [B2-PROOF] threeWayMatch mismatch matchId=3WM-002 poLineId=POL-002 grLineId=GRL-002 invLineId=IL-002 status=MATCH qtyVar=0 priceVar=0
21:03:01.682 ℹ️ [B2-PROOF] threeWayMatch mismatch matchId=3WM-003 poLineId=POL-003 grLineId=GRL-003 invLineId=IL-003 status=PRICE_EXCEPTION qtyVar=0 priceVar=50
21:03:01.683 ℹ️ [B2-PROOF] threeWayMatch mismatch matchId=3WM-004 poLineId=POL-004 grLineId=GRL-004 invLineId=IL-004 status=PRICE_EXCEPTION qtyVar=0 priceVar=0.5
21:03:01.683 ℹ️ [B2-PROOF] threeWayMatch mismatch matchId=3WM-005 poLineId=POL-005 grLineId=GRL-005 invLineId=IL-005 status=QTY_EXCEPTION qtyVar=2 priceVar=2
21:03:01.684 ℹ️ [B2-PROOF] threeWayMatch mismatch matchId=3WM-006 poLineId=POL-006 grLineId= invLineId= status=UNMATCHED qtyVar=N/A priceVar=N/A
21:03:01.684 ℹ️ [B2-PROOF] threeWayMatch unmatched invoice matchId=3WM-007 invLineId=IL-006 (no PO link)
21:03:01.684 ℹ️ [B2-PROOF] buildMatches complete: 15 match rows, 9 exceptions/unmatched, rebuilt=P2P.ThreeWayMatch,P2P.InvoiceToGLMatch,P2P.InvoiceToPaymentMatch
21:03:01.685 ℹ️ [B3-PROOF] buildSummaryData: 3 summary sheets, 35 formula cells (zero JS aggregation)
21:03:01.686 ℹ️ [MODULE] P2P loaded: 13 sheets (7 fact + 3 match + 3 summary), 127 columns
21:03:01.686 ℹ️ [MODULE]   FC1: P2P.RequisitionLines (12 cols)
21:03:01.686 ℹ️ [MODULE]   FC2: P2P.POLines (13 cols)
21:03:01.686 ℹ️ [MODULE]   FC3: P2P.GRLines (10 cols)
21:03:01.687 ℹ️ [MODULE]   FC4: P2P.InvoiceLines (16 cols)
21:03:01.687 ℹ️ [MODULE]   FC5: P2P.PaymentLines (14 cols)
21:03:01.687 ℹ️ [MODULE]   FC7: P2P.BankStatementLines (7 cols)
21:03:01.688 ℹ️ [MODULE]   FC6: P2P.GLPostingLines (11 cols)
21:03:01.688 ℹ️ [MODULE]   MC1: P2P.ThreeWayMatch (14 cols, 7 match rows)
21:03:01.688 ℹ️ [MODULE]   MC2: P2P.InvoiceToGLMatch (10 cols, 4 match rows)
21:03:01.689 ℹ️ [MODULE]   MC3: P2P.InvoiceToPaymentMatch (11 cols, 4 match rows)
21:03:01.689 ℹ️ [MODULE]   SC1: P2P.AP_Aging (2 cols, 13 formula rows)
21:03:01.689 ℹ️ [MODULE]   SC2: P2P.MatchRateSummary (2 cols, 7 formula rows)
21:03:01.690 ℹ️ [MODULE]   SC3: P2P.SpendByCategory (5 cols, 5 formula rows)
21:03:01.690 ℹ️ [MODULE] KPI bindings: 3 metrics → branch.p2p
21:03:01.690 ℹ️ [MODULE]   matchRate: P2P.MatchRateSummary!B8 (%)
21:03:01.691 ℹ️ [MODULE]   dpo: P2P.AP_Aging!B13 (days)
21:03:01.691 ℹ️ [MODULE]   outstanding: P2P.AP_Aging!B4 (USD)
21:03:01.692 ℹ️ [MODULE] P2P merged into tree: +27 nodes, +27 edges
[.WebGL-0x732402485c00]GL Driver Message (OpenGL, Performance, GL_CLOSE_PATH_NV, High): GPU stall due to ReadPixels
[BoundaryRenderer] ✅ USA: Loaded 1/1 features
21:03:01.756 ℹ️ [BOUNDARY] containsll suite=PASS polygons=1 multipolygons=1 holes=0
21:03:01.757 ℹ️ [BOUNDARY] containsll hole-suite=PASS probes=3
21:03:01.757 ℹ️ [BOUNDARY] restore result=PASS renderer=BoundaryRenderer containsLL=PASS ISR=1 USA=1
21:03:01.757 ℹ️ [GATE] G3 status=PASS evidence=runtime-boundary-selftest
21:03:01.757 ℹ️ [UX] boundaries=ACTIVE mode=READ_ONLY
21:03:01.758 ℹ️ [BOUNDARY] voting-scope mode=BOUNDARY_ENABLED reason=boundary-pass
[.WebGL-0x732402485c00]GL Driver Message (OpenGL, Performance, GL_CLOSE_PATH_NV, High): GPU stall due to ReadPixels (this message will no longer repeat)
21:03:01.811 ℹ️ [B2-PROOF] threeWayMatch unmatched invoice matchId=3WM-001 invLineId=undefined (no PO link)
21:03:01.812 ℹ️ [B2-PROOF] threeWayMatch unmatched invoice matchId=3WM-002 invLineId=undefined (no PO link)
21:03:01.812 ℹ️ [B2-PROOF] threeWayMatch unmatched invoice matchId=3WM-003 invLineId=undefined (no PO link)
21:03:01.812 ℹ️ [B2-PROOF] threeWayMatch unmatched invoice matchId=3WM-004 invLineId=undefined (no PO link)
21:03:01.813 ℹ️ [B2-PROOF] threeWayMatch unmatched invoice matchId=3WM-005 invLineId=undefined (no PO link)
21:03:01.813 ℹ️ [B2-PROOF] threeWayMatch unmatched invoice matchId=3WM-006 invLineId=undefined (no PO link)
21:03:01.813 ℹ️ [B2-PROOF] buildMatches complete: 8 match rows, 8 exceptions/unmatched, rebuilt=P2P.ThreeWayMatch,P2P.InvoiceToGLMatch,P2P.InvoiceToPaymentMatch,MFG.WOIssueMatch
21:03:01.813 ℹ️ [B3-PROOF] buildSummaryData: 1 summary sheets, 4 formula cells (zero JS aggregation)
21:03:01.814 ℹ️ [MODULE] MFG loaded: 6 sheets (4 fact + 1 match + 1 summary), 29 columns
21:03:01.814 ℹ️ [MODULE]   FC1: MFG.WorkOrders (5 cols)
21:03:01.814 ℹ️ [MODULE]   FC2: MFG.MaterialIssues (5 cols)
21:03:01.814 ℹ️ [MODULE]   FC3: MFG.ScrapEvents (5 cols)
21:03:01.815 ℹ️ [MODULE]   FC4: MFG.QualityChecks (4 cols)
21:03:01.815 ℹ️ [MODULE]   MC1: MFG.WOIssueMatch (8 cols, 0 match rows)
21:03:01.815 ℹ️ [MODULE]   SC1: MFG.ProductionSummary (2 cols, 4 formula rows)
21:03:01.815 ℹ️ [MODULE] KPI bindings: 1 metrics → branch.mfg
21:03:01.816 ℹ️ [MODULE]   issueCoverage: MFG.ProductionSummary!B4 (%)
21:03:01.816 ℹ️ [MODULE] MFG merged into tree: +13 nodes, +13 edges
21:03:01.835 ℹ️ [BOUNDARY] manifestLoaded countries=27
[BoundaryRenderer] Loading USA from data/boundaries/countries/USA-ADM0.geojson
21:03:01.894 ℹ️ [ROUTE] loaded 12 routes from group "p2p" (module: P2P)
21:03:01.895 ℹ️ [ROUTE]   p2p.requisition → P2P.RequisitionLines (keys: reqId, reqLineId)
21:03:01.895 ℹ️ [ROUTE]   p2p.purchaseOrder → P2P.POLines (keys: poId, poLineId)
21:03:01.895 ℹ️ [ROUTE]   p2p.goodsReceipt → P2P.GRLines (keys: grId, grLineId)
21:03:01.896 ℹ️ [ROUTE]   p2p.invoice → P2P.InvoiceLines (keys: invId, invLineId)
21:03:01.896 ℹ️ [ROUTE]   p2p.payment → P2P.PaymentLines (keys: paymentId, payLineId)
21:03:01.896 ℹ️ [ROUTE]   p2p.pr → P2P.RequisitionLines (keys: reqId, reqLineId)
21:03:01.897 ℹ️ [ROUTE]   p2p.po → P2P.POLines (keys: poId, poLineId)
21:03:01.897 ℹ️ [ROUTE]   p2p.gr → P2P.GRLines (keys: grId, grLineId)
21:03:01.897 ℹ️ [ROUTE]   p2p.inv → P2P.InvoiceLines (keys: invId, invLineId)
21:03:01.897 ℹ️ [ROUTE]   p2p.pay → P2P.PaymentLines (keys: paymentId, payLineId)
21:03:01.898 ℹ️ [ROUTE]   p2p.bankStatement → P2P.BankStatementLines (keys: bankLineId)
21:03:01.898 ℹ️ [ROUTE]   p2p.glPosting → P2P.GLPostingLines (keys: glDocId, glLineId)
[BOUNDARY] reuse id=boundary-USA-0-6c62914d
21:03:01.973 ℹ️ [BOUNDARY] skipMissing country=CAN reason=not_in_manifest
21:03:01.974 ℹ️ [BOUNDARY] skipMissing country=MEX reason=not_in_manifest
[BoundaryRenderer] Loading BRA from data/boundaries/countries/BRA-ADM0.geojson
21:03:02.010 ℹ️ [ROUTE] loaded 4 routes from group "mfg" (module: MFG)
21:03:02.011 ℹ️ [ROUTE]   mfg.workOrder → MFG.WorkOrders (keys: workOrderId)
21:03:02.011 ℹ️ [ROUTE]   mfg.materialIssue → MFG.MaterialIssues (keys: issueId)
21:03:02.012 ℹ️ [ROUTE]   mfg.scrapEvent → MFG.ScrapEvents (keys: scrapId)
21:03:02.012 ℹ️ [ROUTE]   mfg.qualityCheck → MFG.QualityChecks (keys: qcId)
21:03:02.013 ℹ️ [D1-AGG] trunk=trunk.avgol metrics=4 hash=0x663fa7ee
21:03:02.015 ℹ️ ✅ Demo tree rendered: Avgol @ Tel Aviv
21:03:02.020 ℹ️ [F2] clearedEdges=0 clearedScars=0
21:03:02.022 ℹ️ 🧹 Filament renderer cleared
21:03:02.022 ℹ️ 🌲 Rendering tree: 43 nodes, 42 edges
21:03:02.022 ℹ️ [THICKNESS] cell=1.00m spine=3.00m branch=24.00m trunk=30.00m root=12.00m
21:03:02.024 ℹ️ [GATE 4] Anchor marker rendered at (34.7818, 32.0853) - independent of buildings/terrain
21:03:02.024 ℹ️ [Phase 2.3] Root continuation: 1000m below anchor (aligned to ENU Up/Down)
21:03:02.026 ℹ️ [FilamentRenderer] ⏰ Timeboxes: 6 on trunk trunk.avgol
21:03:02.028 ℹ️ [GATE 2] Branch branch.operations:
21:03:02.028 ℹ️   Anchor: (34.7818, 32.0853)
21:03:02.029 ℹ️   ENU Start: (E=0, N=0, U=2000)
21:03:02.029 ℹ️   ENU End: (E=800, N=0, U=2000)
21:03:02.029 ℹ️   Branch Length: 800.0m (expected: 800m)
21:03:02.030 ℹ️   Length Error: 0.0m
21:03:02.031 ℹ️ [FilamentRenderer] ⏰ Timeboxes: 4 on branch branch.operations
21:03:02.031 ℹ️ [GATE 2] Branch branch.p2p:
21:03:02.032 ℹ️   Anchor: (34.7818, 32.0853)
21:03:02.032 ℹ️   ENU Start: (E=0, N=32, U=2000)
21:03:02.032 ℹ️   ENU End: (E=800, N=32, U=2000)
21:03:02.033 ℹ️   Branch Length: 800.0m (expected: 800m)
21:03:02.033 ℹ️   Length Error: 0.0m
21:03:02.033 ℹ️ [FilamentRenderer] ⏰ Timeboxes: 1 on branch branch.p2p
21:03:02.034 ℹ️ [GATE 2] Branch branch.p2p.fc1:
21:03:02.034 ℹ️   Anchor: (34.7818, 32.0853)
21:03:02.034 ℹ️   ENU Start: (E=0, N=64, U=2000)
21:03:02.035 ℹ️   ENU End: (E=800, N=64, U=2000)
21:03:02.035 ℹ️   Branch Length: 800.0m (expected: 800m)
21:03:02.035 ℹ️   Length Error: 0.0m
21:03:02.036 ℹ️ [FilamentRenderer] ⏰ Timeboxes: 1 on branch branch.p2p.fc1
21:03:02.036 ℹ️ [GATE 2] Branch branch.p2p.fc2:
21:03:02.036 ℹ️   Anchor: (34.7818, 32.0853)
21:03:02.037 ℹ️   ENU Start: (E=0, N=96, U=2000)
21:03:02.037 ℹ️   ENU End: (E=800, N=96, U=2000)
21:03:02.037 ℹ️   Branch Length: 800.0m (expected: 800m)
21:03:02.038 ℹ️   Length Error: 0.0m
21:03:02.038 ℹ️ [FilamentRenderer] ⏰ Timeboxes: 1 on branch branch.p2p.fc2
21:03:02.039 ℹ️ [GATE 2] Branch branch.p2p.fc3:
21:03:02.039 ℹ️   Anchor: (34.7818, 32.0853)
21:03:02.039 ℹ️   ENU Start: (E=0, N=128, U=2000)
21:03:02.039 ℹ️   ENU End: (E=800, N=128, U=2000)
21:03:02.040 ℹ️   Branch Length: 800.0m (expected: 800m)
21:03:02.040 ℹ️   Length Error: 0.0m
21:03:02.041 ℹ️ [FilamentRenderer] ⏰ Timeboxes: 1 on branch branch.p2p.fc3
21:03:02.041 ℹ️ [GATE 2] Branch branch.p2p.fc4:
21:03:02.041 ℹ️   Anchor: (34.7818, 32.0853)
21:03:02.041 ℹ️   ENU Start: (E=0, N=160, U=2000)
21:03:02.042 ℹ️   ENU End: (E=800, N=160, U=2000)
21:03:02.042 ℹ️   Branch Length: 800.0m (expected: 800m)
21:03:02.042 ℹ️   Length Error: 0.0m
21:03:02.043 ℹ️ [FilamentRenderer] ⏰ Timeboxes: 1 on branch branch.p2p.fc4
21:03:02.043 ℹ️ [GATE 2] Branch branch.p2p.fc5:
21:03:02.044 ℹ️   Anchor: (34.7818, 32.0853)
21:03:02.044 ℹ️   ENU Start: (E=0, N=192, U=2000)
21:03:02.044 ℹ️   ENU End: (E=800, N=192, U=2000)
21:03:02.044 ℹ️   Branch Length: 800.0m (expected: 800m)
21:03:02.045 ℹ️   Length Error: 0.0m
21:03:02.045 ℹ️ [FilamentRenderer] ⏰ Timeboxes: 1 on branch branch.p2p.fc5
21:03:02.046 ℹ️ [GATE 2] Branch branch.p2p.fc7:
21:03:02.046 ℹ️   Anchor: (34.7818, 32.0853)
21:03:02.046 ℹ️   ENU Start: (E=0, N=224, U=2000)
21:03:02.046 ℹ️   ENU End: (E=800, N=224, U=2000)
21:03:02.047 ℹ️   Branch Length: 800.0m (expected: 800m)
21:03:02.047 ℹ️   Length Error: 0.0m
21:03:02.047 ℹ️ [FilamentRenderer] ⏰ Timeboxes: 1 on branch branch.p2p.fc7
21:03:02.048 ℹ️ [GATE 2] Branch branch.p2p.fc6:
21:03:02.048 ℹ️   Anchor: (34.7818, 32.0853)
21:03:02.048 ℹ️   ENU Start: (E=0, N=256, U=2000)
21:03:02.048 ℹ️   ENU End: (E=800, N=256, U=2000)
21:03:02.049 ℹ️   Branch Length: 800.0m (expected: 800m)
21:03:02.049 ℹ️   Length Error: 0.0m
21:03:02.050 ℹ️ [FilamentRenderer] ⏰ Timeboxes: 1 on branch branch.p2p.fc6
21:03:02.050 ℹ️ [GATE 2] Branch branch.p2p.mc1:
21:03:02.051 ℹ️   Anchor: (34.7818, 32.0853)
21:03:02.051 ℹ️   ENU Start: (E=0, N=288, U=2000)
21:03:02.051 ℹ️   ENU End: (E=800, N=288, U=2000)
21:03:02.052 ℹ️   Branch Length: 800.0m (expected: 800m)
21:03:02.052 ℹ️   Length Error: 0.0m
21:03:02.053 ℹ️ [FilamentRenderer] ⏰ Timeboxes: 1 on branch branch.p2p.mc1
21:03:02.053 ℹ️ [GATE 2] Branch branch.p2p.mc2:
21:03:02.054 ℹ️   Anchor: (34.7818, 32.0853)
21:03:02.054 ℹ️   ENU Start: (E=0, N=320, U=2000)
21:03:02.054 ℹ️   ENU End: (E=800, N=320, U=2000)
21:03:02.055 ℹ️   Branch Length: 800.0m (expected: 800m)
21:03:02.055 ℹ️   Length Error: 0.0m
21:03:02.056 ℹ️ [FilamentRenderer] ⏰ Timeboxes: 1 on branch branch.p2p.mc2
21:03:02.057 ℹ️ [GATE 2] Branch branch.p2p.mc3:
21:03:02.057 ℹ️   Anchor: (34.7818, 32.0853)
21:03:02.058 ℹ️   ENU Start: (E=0, N=352, U=2000)
21:03:02.058 ℹ️   ENU End: (E=800, N=352, U=2000)
21:03:02.058 ℹ️   Branch Length: 800.0m (expected: 800m)
21:03:02.059 ℹ️   Length Error: 0.0m
21:03:02.059 ℹ️ [FilamentRenderer] ⏰ Timeboxes: 1 on branch branch.p2p.mc3
21:03:02.060 ℹ️ [GATE 2] Branch branch.p2p.sc1:
21:03:02.060 ℹ️   Anchor: (34.7818, 32.0853)
21:03:02.061 ℹ️   ENU Start: (E=0, N=384, U=2000)
21:03:02.061 ℹ️   ENU End: (E=800, N=384, U=2000)
21:03:02.062 ℹ️   Branch Length: 800.0m (expected: 800m)
21:03:02.062 ℹ️   Length Error: 0.0m
21:03:02.063 ℹ️ [FilamentRenderer] ⏰ Timeboxes: 1 on branch branch.p2p.sc1
21:03:02.063 ℹ️ [GATE 2] Branch branch.p2p.sc2:
21:03:02.064 ℹ️   Anchor: (34.7818, 32.0853)
21:03:02.064 ℹ️   ENU Start: (E=0, N=416, U=2000)
21:03:02.065 ℹ️   ENU End: (E=800, N=416, U=2000)
21:03:02.065 ℹ️   Branch Length: 800.0m (expected: 800m)
21:03:02.065 ℹ️   Length Error: 0.0m
21:03:02.066 ℹ️ [FilamentRenderer] ⏰ Timeboxes: 1 on branch branch.p2p.sc2
21:03:02.067 ℹ️ [GATE 2] Branch branch.p2p.sc3:
21:03:02.067 ℹ️   Anchor: (34.7818, 32.0853)
21:03:02.068 ℹ️   ENU Start: (E=0, N=448, U=2000)
21:03:02.068 ℹ️   ENU End: (E=800, N=448, U=2000)
21:03:02.068 ℹ️   Branch Length: 800.0m (expected: 800m)
21:03:02.069 ℹ️   Length Error: 0.0m
21:03:02.070 ℹ️ [FilamentRenderer] ⏰ Timeboxes: 1 on branch branch.p2p.sc3
21:03:02.070 ℹ️ [GATE 2] Branch branch.mfg:
21:03:02.071 ℹ️   Anchor: (34.7818, 32.0853)
21:03:02.071 ℹ️   ENU Start: (E=0, N=480, U=2000)
21:03:02.072 ℹ️   ENU End: (E=800, N=480, U=2000)
21:03:02.072 ℹ️   Branch Length: 800.0m (expected: 800m)
21:03:02.073 ℹ️   Length Error: 0.0m
21:03:02.073 ℹ️ [FilamentRenderer] ⏰ Timeboxes: 1 on branch branch.mfg
21:03:02.074 ℹ️ [GATE 2] Branch branch.mfg.fc1:
21:03:02.074 ℹ️   Anchor: (34.7818, 32.0853)
21:03:02.075 ℹ️   ENU Start: (E=0, N=512, U=2000)
21:03:02.075 ℹ️   ENU End: (E=800, N=512, U=2000)
21:03:02.075 ℹ️   Branch Length: 800.0m (expected: 800m)
21:03:02.076 ℹ️   Length Error: 0.0m
21:03:02.076 ℹ️ [FilamentRenderer] ⏰ Timeboxes: 1 on branch branch.mfg.fc1
21:03:02.077 ℹ️ [GATE 2] Branch branch.mfg.fc2:
21:03:02.077 ℹ️   Anchor: (34.7818, 32.0853)
21:03:02.077 ℹ️   ENU Start: (E=0, N=544, U=2000)
21:03:02.078 ℹ️   ENU End: (E=800, N=544, U=2000)
21:03:02.078 ℹ️   Branch Length: 800.0m (expected: 800m)
21:03:02.078 ℹ️   Length Error: 0.0m
21:03:02.079 ℹ️ [FilamentRenderer] ⏰ Timeboxes: 1 on branch branch.mfg.fc2
21:03:02.079 ℹ️ [GATE 2] Branch branch.mfg.fc3:
21:03:02.079 ℹ️   Anchor: (34.7818, 32.0853)
21:03:02.080 ℹ️   ENU Start: (E=0, N=576, U=2000)
21:03:02.080 ℹ️   ENU End: (E=800, N=576, U=2000)
21:03:02.080 ℹ️   Branch Length: 800.0m (expected: 800m)
21:03:02.080 ℹ️   Length Error: 0.0m
21:03:02.081 ℹ️ [FilamentRenderer] ⏰ Timeboxes: 1 on branch branch.mfg.fc3
21:03:02.081 ℹ️ [GATE 2] Branch branch.mfg.fc4:
21:03:02.082 ℹ️   Anchor: (34.7818, 32.0853)
21:03:02.082 ℹ️   ENU Start: (E=0, N=608, U=2000)
21:03:02.082 ℹ️   ENU End: (E=800, N=608, U=2000)
21:03:02.083 ℹ️   Branch Length: 800.0m (expected: 800m)
21:03:02.083 ℹ️   Length Error: 0.0m
21:03:02.085 ℹ️ [FilamentRenderer] ⏰ Timeboxes: 1 on branch branch.mfg.fc4
21:03:02.085 ℹ️ [GATE 2] Branch branch.mfg.mc1:
21:03:02.086 ℹ️   Anchor: (34.7818, 32.0853)
21:03:02.086 ℹ️   ENU Start: (E=0, N=640, U=2000)
21:03:02.086 ℹ️   ENU End: (E=800, N=640, U=2000)
21:03:02.087 ℹ️   Branch Length: 800.0m (expected: 800m)
21:03:02.087 ℹ️   Length Error: 0.0m
21:03:02.087 ℹ️ [FilamentRenderer] ⏰ Timeboxes: 1 on branch branch.mfg.mc1
21:03:02.088 ℹ️ [GATE 2] Branch branch.mfg.sc1:
21:03:02.088 ℹ️   Anchor: (34.7818, 32.0853)
21:03:02.088 ℹ️   ENU Start: (E=0, N=672, U=2000)
21:03:02.089 ℹ️   ENU End: (E=800, N=672, U=2000)
21:03:02.089 ℹ️   Branch Length: 800.0m (expected: 800m)
21:03:02.089 ℹ️   Length Error: 0.0m
21:03:02.091 ℹ️ [FilamentRenderer] ⏰ Timeboxes: 1 on branch branch.mfg.sc1
21:03:02.093 ℹ️ [VIS2] expandedSheetsAllowed=false scope=world
21:03:02.093 ℹ️ [VIS2] deptSpinesRendered count=3
21:03:02.094 ℹ️ [S1] SheetsRendered=0 Expected=0
21:03:02.094 ℹ️ [VIS2] companyCollapsed result=PASS sheetsRendered=0 lod=COMPANY scope=world expandedSheetsAllowed=false
21:03:02.096 ℹ️ [VIS2] sheetTilesRendered count=20
21:03:02.096 ℹ️ [VIS2] exitSheet collapsed=PASS expanded=0 tiles=20
21:03:02.098 ℹ️ [VIS3] flowOverlay result=PASS edges=42 exceptions=11 scope=world lod=COMPANY
21:03:02.098 ℹ️ [VIS3] trafficBarsRendered count=3
21:03:02.099 ℹ️ [VIS3] gate-summary result=PASS
21:03:02.107 ℹ️ [VIS4c] labelsRendered count=12 scope=company
21:03:02.108 ℹ️ [VIS4] slabsRendered scope=company objects=4 slabs=12 capped=false
21:03:02.108 ℹ️ [VIS4] companySlabs result=PASS deptBranches=3 trunkSlabs=6
21:03:02.109 ℹ️ [VIS4] gate-summary result=PASS
21:03:02.109 ℹ️ ✅ Tree rendered:
21:03:02.109 ℹ️   Primitives: 62 (trunk=1, branches=22, cell-filaments=0, spines=0, lane-polylines=0, lane-volumes=0, sheet-tiles=20, dept-spines=3, flow-bars=4, ex-overlays=0, route-highlights=0, slabs=12, vis6-pulses=0)
21:03:02.110 ℹ️   Entities: 44 (labels=1, cell-points=0, timebox-labels=43)
21:03:02.110 ℹ️ [LOD-BUDGET] frame sheetsDetailed=0 totalMarkers=0 totalPrims=62 totalEntities=44
21:03:02.110 ℹ️ [TOPOLOGY] ✅ All canonical invariants satisfied
21:03:02.111 ℹ️ [FilamentRenderer] ✅ Turgor force animation started
[BoundaryRenderer] ✅ BRA: Loaded 1/1 features
[BoundaryRenderer] Loading ARG from data/boundaries/countries/ARG-ADM0.geojson
21:03:02.328 ℹ️ [GLOBE] worldTrunks synced added=5 total=6
21:03:02.330 ℹ️ [GLOBE] datasetLoad anchors=6
21:03:02.331 ℹ️ [UX] multiCountrySmoke=PASS anchors=6
21:03:02.332 ℹ️ 📷 Camera presets: Press 1=SheetTopDown, 2=SideProfile, 3=SheetFaceOn, 4=SpreadsheetProof, 5=SpineInspection
21:03:02.334 ℹ️ 🔒 LOD Lock: Press L to lock/unlock LOD at current level
21:03:02.335 ℹ️ 🎮 Free-fly pointer lock: Press ` (backquote) to toggle
21:03:02.340 ℹ️ [HUD] mode=FreeFly layer1=6 layer2=0
21:03:02.347 ℹ️ [UX] debugLogs=false
[BUILD] 2026-02-09T12:30Z ux-1.1-universal-object-contract
21:03:02.349 ℹ️ [UX-1.1-PROOF] type=trunk id=trunk.avgol scope=root actions=focusView,showKPIs,showTimeboxes,showBranches,cycleClusterLevel,focusNextRegion,loadGlobalCore
21:03:02.351 ℹ️ [UX-1.1-PROOF] type=branch id=branch.operations scope=trunk.avgol actions=focusView,showKPIs,showTimeboxes,showPressureSources,cycleClusterLevel,focusNextRegion,loadGlobalCore
21:03:02.352 ℹ️ [UX-1.1-PROOF] type=sheet id=sheet.packaging scope=branch.operations actions=focusView,showSchema,addColumn,addValidation,addSummaryBinding
21:03:02.352 ℹ️ [UX-1.1-PROOF] type=cell id=sheet.packaging.cell.0.0 scope=branch.operations actions=edit,viewDependencies,viewHistory,createValidation,lockScope
21:03:02.353 ℹ️ [UX-1.1-PROOF] type=match id=3WM-001 scope=branch.p2p.mc1 actions=inspectSources,viewVariance,setTolerance,markResolved
21:03:02.354 ℹ️ [UX-1.1-PROOF] type=route id=p2p.requisition scope=branch.p2p.fc1 actions=previewMapping,ingestTestRecord,showProvenance,editFieldMap
21:03:02.354 ℹ️ [UX-1.1-PROOF] type=module id=P2P scope=trunk.avgol actions=showAllSheets,showRoutes,showKPIBindings,showRecomputationChain
21:03:02.355 ℹ️ [UX-1.1] Universal Object Contract: 7 types resolved
21:03:02.357 ℹ️ [LOD] apply level=LANIAKEA sheetsDetailed=0 lanes=0 markers=0
[BoundaryRenderer] ✅ ARG: Loaded 1/1 features
[BoundaryRenderer] Loading GBR from data/boundaries/countries/GBR-ADM0.geojson
21:03:02.484 ℹ️ [HUD] paramsLoaded version=HUD-PARAMS-v0 policyRef=local:HUD-PARAMS-v0
21:03:02.541 ℹ️ [GATE 4] Anchor marker rendered at (34.7818, 32.0853) - independent of buildings/terrain
21:03:02.544 ℹ️ [GATE 4] Anchor marker rendered at (-122.4194, 37.7749) - independent of buildings/terrain
21:03:02.545 ℹ️ [GATE 4] Anchor marker rendered at (-0.1276, 51.5072) - independent of buildings/terrain
21:03:02.546 ℹ️ [GATE 4] Anchor marker rendered at (77.2090, 28.6139) - independent of buildings/terrain
21:03:02.547 ℹ️ [GATE 4] Anchor marker rendered at (139.6917, 35.6895) - independent of buildings/terrain
21:03:02.548 ℹ️ [GATE 4] Anchor marker rendered at (-46.6333, -23.5505) - independent of buildings/terrain
21:03:02.548 ℹ️ [UX] debugLogs=false gateSpamSuppressed=true
21:03:02.556 ℹ️ [VIS2] expandedSheetsAllowed=false scope=world
21:03:02.557 ℹ️ [VIS2] deptSpinesRendered count=3
21:03:02.558 ℹ️ [VIS2] sheetTilesRendered count=20
21:03:02.558 ℹ️ [LOD-BUDGET] frame sheetsDetailed=0 totalMarkers=0 totalPrims=51 totalEntities=52
[BoundaryRenderer] ✅ GBR: Loaded 1/1 features
[BoundaryRenderer] Loading FRA from data/boundaries/countries/FRA-ADM0.geojson
21:03:03.791 ℹ️ [LOD] apply level=PLANETARY sheetsDetailed=0 lanes=0 markers=0
[BoundaryRenderer] ✅ FRA: Loaded 1/1 features
[BoundaryRenderer] Loading DEU from data/boundaries/countries/DEU-ADM0.geojson
21:03:04.050 ℹ️ [GATE 4] Anchor marker rendered at (34.7818, 32.0853) - independent of buildings/terrain
21:03:04.067 ℹ️ [GATE 4] Anchor marker rendered at (-122.4194, 37.7749) - independent of buildings/terrain
21:03:04.068 ℹ️ [GATE 4] Anchor marker rendered at (-0.1276, 51.5072) - independent of buildings/terrain
21:03:04.073 ℹ️ [GATE 4] Anchor marker rendered at (77.2090, 28.6139) - independent of buildings/terrain
21:03:04.074 ℹ️ [GATE 4] Anchor marker rendered at (139.6917, 35.6895) - independent of buildings/terrain
21:03:04.075 ℹ️ [GATE 4] Anchor marker rendered at (-46.6333, -23.5505) - independent of buildings/terrain
21:03:04.080 ℹ️ [VIS2] expandedSheetsAllowed=false scope=world
21:03:04.081 ℹ️ [VIS2] deptSpinesRendered count=3
21:03:04.082 ℹ️ [VIS2] sheetTilesRendered count=20
21:03:04.082 ℹ️ [LOD-BUDGET] frame sheetsDetailed=0 totalMarkers=0 totalPrims=51 totalEntities=52
21:03:04.338 ℹ️ [LOD] apply level=REGION sheetsDetailed=0 lanes=0 markers=0
21:03:04.575 ℹ️ [GATE 4] Anchor marker rendered at (34.7818, 32.0853) - independent of buildings/terrain
21:03:04.578 ℹ️ [GATE 4] Anchor marker rendered at (-122.4194, 37.7749) - independent of buildings/terrain
21:03:04.579 ℹ️ [GATE 4] Anchor marker rendered at (-0.1276, 51.5072) - independent of buildings/terrain
21:03:04.580 ℹ️ [GATE 4] Anchor marker rendered at (77.2090, 28.6139) - independent of buildings/terrain
21:03:04.581 ℹ️ [GATE 4] Anchor marker rendered at (139.6917, 35.6895) - independent of buildings/terrain
21:03:04.582 ℹ️ [GATE 4] Anchor marker rendered at (-46.6333, -23.5505) - independent of buildings/terrain
21:03:04.586 ℹ️ [VIS2] expandedSheetsAllowed=false scope=world
21:03:04.587 ℹ️ [VIS2] deptSpinesRendered count=3
21:03:04.589 ℹ️ [VIS2] sheetTilesRendered count=20
21:03:04.590 ℹ️ [LOD-BUDGET] frame sheetsDetailed=0 totalMarkers=0 totalPrims=51 totalEntities=52
21:03:04.591 ℹ️ [LOD] apply level=COMPANY requestedSheetsDetailed=0 effectiveSheetsDetailed=0 lanes=0 markers=0 reason=collapsedByPolicy distKm=13.0
[BoundaryRenderer] ✅ DEU: Loaded 1/1 features
[BoundaryRenderer] Loading NLD from data/boundaries/countries/NLD-ADM0.geojson
21:03:05.093 ℹ️ [GATE 4] Anchor marker rendered at (34.7818, 32.0853) - independent of buildings/terrain
21:03:05.095 ℹ️ [GATE 4] Anchor marker rendered at (-122.4194, 37.7749) - independent of buildings/terrain
21:03:05.095 ℹ️ [GATE 4] Anchor marker rendered at (-0.1276, 51.5072) - independent of buildings/terrain
21:03:05.096 ℹ️ [GATE 4] Anchor marker rendered at (77.2090, 28.6139) - independent of buildings/terrain
21:03:05.097 ℹ️ [GATE 4] Anchor marker rendered at (139.6917, 35.6895) - independent of buildings/terrain
21:03:05.097 ℹ️ [GATE 4] Anchor marker rendered at (-46.6333, -23.5505) - independent of buildings/terrain
21:03:05.101 ℹ️ [VIS2] expandedSheetsAllowed=false scope=world
21:03:05.102 ℹ️ [VIS2] deptSpinesRendered count=3
21:03:05.102 ℹ️ [VIS2] companyCollapsed result=PASS sheetsRendered=0 lod=COMPANY scope=world expandedSheetsAllowed=false
21:03:05.103 ℹ️ [VIS2] sheetTilesRendered count=20
21:03:05.104 ℹ️ [VIS3] flowOverlay result=PASS edges=42 exceptions=11 scope=world lod=COMPANY
21:03:05.104 ℹ️ [VIS3] trafficBarsRendered count=3
21:03:05.104 ℹ️ [VIS3] gate-summary result=PASS
21:03:05.106 ℹ️ [VIS4c] labelsRendered count=27 scope=company
21:03:05.107 ℹ️ [VIS4] slabsRendered scope=company objects=9 slabs=27 capped=false
21:03:05.107 ℹ️ [VIS4] companySlabs result=PASS deptBranches=3 trunkSlabs=21
21:03:05.107 ℹ️ [VIS4] gate-summary result=PASS
21:03:05.108 ℹ️ [LOD-BUDGET] frame sheetsDetailed=0 totalMarkers=0 totalPrims=82 totalEntities=79
[BoundaryRenderer] ✅ NLD: Loaded 1/1 features
[BoundaryRenderer] Loading EGY from data/boundaries/countries/EGY-ADM0.geojson
21:03:05.705 ℹ️ [GATE 4] Anchor marker rendered at (34.7818, 32.0853) - independent of buildings/terrain
21:03:05.708 ℹ️ [GATE 4] Anchor marker rendered at (-122.4194, 37.7749) - independent of buildings/terrain
21:03:05.709 ℹ️ [GATE 4] Anchor marker rendered at (-0.1276, 51.5072) - independent of buildings/terrain
21:03:05.710 ℹ️ [GATE 4] Anchor marker rendered at (77.2090, 28.6139) - independent of buildings/terrain
21:03:05.711 ℹ️ [GATE 4] Anchor marker rendered at (139.6917, 35.6895) - independent of buildings/terrain
21:03:05.712 ℹ️ [GATE 4] Anchor marker rendered at (-46.6333, -23.5505) - independent of buildings/terrain
21:03:05.719 ℹ️ [VIS2] expandedSheetsAllowed=false scope=world
21:03:05.721 ℹ️ [VIS2] deptSpinesRendered count=3
21:03:05.722 ℹ️ [VIS2] companyCollapsed result=PASS sheetsRendered=0 lod=COMPANY scope=world expandedSheetsAllowed=false
21:03:05.723 ℹ️ [VIS2] sheetTilesRendered count=20
21:03:05.726 ℹ️ [LOD-BUDGET] frame sheetsDetailed=0 totalMarkers=0 totalPrims=82 totalEntities=79
[BoundaryRenderer] ✅ EGY: Loaded 1/1 features
[BoundaryRenderer] Loading SAU from data/boundaries/countries/SAU-ADM0.geojson
[BoundaryRenderer] ✅ SAU: Loaded 1/1 features
[BoundaryRenderer] Loading IND from data/boundaries/countries/IND-ADM0.geojson
[BoundaryRenderer] ✅ IND: Loaded 1/1 features
[BoundaryRenderer] Loading CHN from data/boundaries/countries/CHN-ADM0.geojson
[BoundaryRenderer] ✅ CHN: Loaded 1/1 features
[BoundaryRenderer] Loading KOR from data/boundaries/countries/KOR-ADM0.geojson
[BoundaryRenderer] ✅ KOR: Loaded 1/1 features
[BoundaryRenderer] Loading ISR from data/boundaries/countries/ISR-ADM0.geojson
21:03:08.220 ℹ️ [VIS] sheetSelect resolved sheet=P2P.ThreeWayMatch reason=explicit
[VIS] sheetSelect resolved sheet=P2P.ThreeWayMatch reason=explicit
21:03:08.222 ℹ️ [VIS] enter sheet=P2P.ThreeWayMatch scope=sheet-only
[VIS] enter sheet=P2P.ThreeWayMatch scope=sheet-only
21:03:08.243 ℹ️ [GATE 4] Anchor marker rendered at (34.7818, 32.0853) - independent of buildings/terrain
21:03:08.247 ℹ️ [GATE 4] Anchor marker rendered at (-122.4194, 37.7749) - independent of buildings/terrain
21:03:08.248 ℹ️ [GATE 4] Anchor marker rendered at (-0.1276, 51.5072) - independent of buildings/terrain
21:03:08.249 ℹ️ [GATE 4] Anchor marker rendered at (77.2090, 28.6139) - independent of buildings/terrain
21:03:08.251 ℹ️ [GATE 4] Anchor marker rendered at (139.6917, 35.6895) - independent of buildings/terrain
21:03:08.252 ℹ️ [GATE 4] Anchor marker rendered at (-46.6333, -23.5505) - independent of buildings/terrain
21:03:08.258 ℹ️ [VIS2] expandedSheetsAllowed=true scope=sheet
21:03:08.261 ℹ️ [LOD] COMPANY markersOverride=false MarkerCells=0
21:03:08.273 ℹ️ [VIS2] sheetTilesRendered count=19
21:03:08.274 ℹ️ [VIS2] enterSheet expanded=1 tiles=19
21:03:08.275 ℹ️ [VIS3.2] sheetOverlay begin sheet=P2P.ThreeWayMatch scope=sheet
21:03:08.276 ℹ️ [VIS3.2] exceptionRows result=PASS sheet=P2P.ThreeWayMatch count=5
21:03:08.276 ℹ️ [VIS3.2] routeHighlights result=PASS sheet=P2P.ThreeWayMatch edges=3
21:03:08.277 ℹ️ [VIS3.2] budget exceptionOverlays=5 routeHighlights=3 capped=false
21:03:08.277 ℹ️ [VIS3.2] gate-summary result=PASS
21:03:08.278 ℹ️ [VIS4c] labelsRendered count=1 scope=sheet
21:03:08.279 ℹ️ [VIS4] slabsRendered scope=sheet objects=1 slabs=1 capped=false
21:03:08.279 ℹ️ [VIS4] sheetSlabs result=PASS sheet=P2P.ThreeWayMatch slabs=1
21:03:08.280 ℹ️ [VIS4] gate-summary result=PASS
21:03:08.280 ℹ️ [LOD-BUDGET] frame sheetsDetailed=1 totalMarkers=0 totalPrims=168 totalEntities=53
[BOUNDARY] reuse id=boundary-ISR-0-0050ba14
21:03:08.388 ℹ️ [GLOBE] country-set id=global-core loaded=26
[BoundaryRenderer] Loading USA from data/boundaries/countries/USA-ADM0.geojson
[BoundaryRenderer] Loading USA from data/boundaries/countries/USA-ADM0.geojson
21:03:09.554 ℹ️ [GLOBE] focus country=USA
21:03:09.555 ℹ️ [GLOBE] focus region=north-america
21:03:09.555 ℹ️ [GLOBE] hierarchy init cluster=globe countries=11
[BoundaryRenderer] Loading USA from data/boundaries/countries/USA-ADM0.geojson
21:03:09.819 ℹ️ [LOD] apply level=PLANETARY sheetsDetailed=0 lanes=0 markers=0
21:03:09.944 ℹ️ [GATE 4] Anchor marker rendered at (34.7818, 32.0853) - independent of buildings/terrain
21:03:09.946 ℹ️ [GATE 4] Anchor marker rendered at (-122.4194, 37.7749) - independent of buildings/terrain
21:03:09.947 ℹ️ [GATE 4] Anchor marker rendered at (-0.1276, 51.5072) - independent of buildings/terrain
21:03:09.948 ℹ️ [GATE 4] Anchor marker rendered at (77.2090, 28.6139) - independent of buildings/terrain
21:03:09.948 ℹ️ [GATE 4] Anchor marker rendered at (139.6917, 35.6895) - independent of buildings/terrain
21:03:09.949 ℹ️ [GATE 4] Anchor marker rendered at (-46.6333, -23.5505) - independent of buildings/terrain
21:03:09.953 ℹ️ [VIS2] expandedSheetsAllowed=true scope=sheet
21:03:09.959 ℹ️ [VIS2] sheetTilesRendered count=19
21:03:09.959 ℹ️ [VIS2] enterSheet expanded=1 tiles=19
21:03:09.960 ℹ️ [LOD-BUDGET] frame sheetsDetailed=1 totalMarkers=0 totalPrims=56 totalEntities=53
21:03:09.962 ℹ️ [LOD] apply level=LANIAKEA sheetsDetailed=0 lanes=0 markers=0
[BoundaryRenderer] Loading ISR from data/boundaries/countries/ISR-ADM0.geojson
21:03:10.484 ℹ️ [GATE 4] Anchor marker rendered at (34.7818, 32.0853) - independent of buildings/terrain
21:03:10.485 ℹ️ [GATE 4] Anchor marker rendered at (-122.4194, 37.7749) - independent of buildings/terrain
21:03:10.486 ℹ️ [GATE 4] Anchor marker rendered at (-0.1276, 51.5072) - independent of buildings/terrain
21:03:10.486 ℹ️ [GATE 4] Anchor marker rendered at (77.2090, 28.6139) - independent of buildings/terrain
21:03:10.487 ℹ️ [GATE 4] Anchor marker rendered at (139.6917, 35.6895) - independent of buildings/terrain
21:03:10.487 ℹ️ [GATE 4] Anchor marker rendered at (-46.6333, -23.5505) - independent of buildings/terrain
21:03:10.490 ℹ️ [VIS2] expandedSheetsAllowed=true scope=sheet
21:03:10.493 ℹ️ [VIS2] sheetTilesRendered count=19
21:03:10.494 ℹ️ [VIS2] enterSheet expanded=1 tiles=19
21:03:10.494 ℹ️ [LOD-BUDGET] frame sheetsDetailed=1 totalMarkers=0 totalPrims=56 totalEntities=53
21:03:10.693 ℹ️ [GLOBE] country-set id=global-core loaded=26
21:03:10.694 ℹ️ [GLOBE] cluster level=globe focusCountry=USA
21:03:11.269 ℹ️ [GATE 4] Anchor marker rendered at (34.7818, 32.0853) - independent of buildings/terrain
21:03:11.271 ℹ️ [GATE 4] Anchor marker rendered at (-122.4194, 37.7749) - independent of buildings/terrain
21:03:11.272 ℹ️ [GATE 4] Anchor marker rendered at (-0.1276, 51.5072) - independent of buildings/terrain
21:03:11.272 ℹ️ [GATE 4] Anchor marker rendered at (77.2090, 28.6139) - independent of buildings/terrain
21:03:11.273 ℹ️ [GATE 4] Anchor marker rendered at (139.6917, 35.6895) - independent of buildings/terrain
21:03:11.275 ℹ️ [GATE 4] Anchor marker rendered at (-46.6333, -23.5505) - independent of buildings/terrain
21:03:11.278 ℹ️ [VIS2] expandedSheetsAllowed=true scope=sheet
21:03:11.286 ℹ️ [VIS2] sheetTilesRendered count=19
21:03:11.287 ℹ️ [VIS2] enterSheet expanded=1 tiles=19
21:03:11.288 ℹ️ [LOD-BUDGET] frame sheetsDetailed=1 totalMarkers=0 totalPrims=56 totalEntities=53
21:03:13.808 ℹ️ [VIS] exit sheet=P2P.ThreeWayMatch restoreView=true
[VIS] exit sheet=P2P.ThreeWayMatch restoreView=true
21:03:13.826 ℹ️ [GATE 4] Anchor marker rendered at (34.7818, 32.0853) - independent of buildings/terrain
21:03:13.827 ℹ️ [GATE 4] Anchor marker rendered at (-122.4194, 37.7749) - independent of buildings/terrain
21:03:13.828 ℹ️ [GATE 4] Anchor marker rendered at (-0.1276, 51.5072) - independent of buildings/terrain
21:03:13.829 ℹ️ [GATE 4] Anchor marker rendered at (77.2090, 28.6139) - independent of buildings/terrain
21:03:13.829 ℹ️ [GATE 4] Anchor marker rendered at (139.6917, 35.6895) - independent of buildings/terrain
21:03:13.830 ℹ️ [GATE 4] Anchor marker rendered at (-46.6333, -23.5505) - independent of buildings/terrain
21:03:13.834 ℹ️ [VIS2] expandedSheetsAllowed=false scope=department
21:03:13.834 ℹ️ [VIS2] deptSpinesRendered count=3
21:03:13.835 ℹ️ [VIS2] sheetTilesRendered count=20
21:03:13.835 ℹ️ [VIS2] exitSheet collapsed=PASS expanded=0 tiles=20
21:03:13.836 ℹ️ [LOD-BUDGET] frame sheetsDetailed=0 totalMarkers=0 totalPrims=51 totalEntities=52

--- VIS4 proof ---
[VIS4] enterSheet ok=true sheet=P2P.ThreeWayMatch
[VIS4] companySlabs PRESENT
[VIS4] sheetSlabs PRESENT
[VIS4] slabsRendered scope=company PRESENT
[VIS4] slabsRendered scope=sheet PRESENT
[VIS4] gate-summary result=PASS
[VIS2] companyCollapsed PRESENT
[VIS2] sheetTiles PRESENT
[VIS3] trafficBars PRESENT
[VIS4] noErrors PASS
[VIS4] proof-summary result=PASS