[ENU] Coordinate system loaded - all geometry in meters
21:02:35.449 ℹ️ [Z] mode=DRAFT user=local target=none previous=INIT
21:02:35.466 ℹ️ 🚀 Relay Cesium World starting...
21:02:35.468 ℹ️ 🌍 Initializing Cesium Viewer...
21:02:35.468 ℹ️ ✅ Terrain provider created (Ellipsoid)
21:02:35.469 ℹ️ ✅ Imagery provider created (OpenStreetMap tiles loading...)
21:02:35.501 ℹ️ ✅ Viewer created
21:02:35.503 ℹ️ [GLOBE] imagery mode=osm provider=OpenStreetMap
21:02:35.504 ℹ️ ℹ️ 3D Buildings skipped (no Cesium Ion token configured)
21:02:35.505 ⚠️ ⚠️ Buildings marked as DEGRADED
21:02:35.505 ℹ️ 🌍 Cesium Viewer initialized successfully
21:02:35.506 ℹ️ [GLOBE] services weatherBase=http://127.0.0.1:4020
21:02:35.506 ℹ️ [GLOBE] imagery registry enabled modes=local,clean-street,satellite,hybrid,osm,dark,minimalist
21:02:35.506 ℹ️ [CAM] restore-POV disabled for testing
21:02:35.507 ℹ️ [FilamentRenderer] Initialized (Phase 2.1 Primitives)
[RelationshipRenderer] Initialized
[RelationshipRenderer] Cleared all relationships
21:02:35.507 ℹ️ [F2] clearedEdges=0 clearedScars=0
21:02:35.507 ℹ️ 🧹 Filament renderer cleared
[BoundaryRenderer] DataSource created and added to viewer
[BoundaryRenderer] Initialized
21:02:35.508 ℹ️ 🌍 Loading boundaries (fail-soft)...
[BoundaryRenderer] Loading ISR from data/boundaries/countries/ISR-ADM0.geojson
[BoundaryRenderer] Loading USA from data/boundaries/countries/USA-ADM0.geojson
21:02:35.509 ℹ️ [BOUNDARY-EDITOR] Initialized
21:02:35.509 ℹ️ 🌲 Loading demo tree...
[GroupMarkerNotSet(crbug.com/242999)!:A07024007C1B0000]Automatic fallback to software WebGL has been deprecated. Please use the --enable-unsafe-swiftshader (about:flags#enable-unsafe-swiftshader) flag to opt in to lower security guarantees for trusted content.
[.WebGL-0x93c02485c00]GL Driver Message (OpenGL, Performance, GL_CLOSE_PATH_NV, High): GPU stall due to ReadPixels
[.WebGL-0x93c02485c00]GL Driver Message (OpenGL, Performance, GL_CLOSE_PATH_NV, High): GPU stall due to ReadPixels
[BoundaryRenderer] ✅ ISR: Loaded 1/1 features
21:02:35.656 ℹ️ [B2-PROOF] threeWayMatch mismatch matchId=3WM-001 poLineId=POL-001 grLineId=GRL-001 invLineId=IL-001 status=MATCH qtyVar=0 priceVar=0
21:02:35.657 ℹ️ [B2-PROOF] threeWayMatch mismatch matchId=3WM-002 poLineId=POL-002 grLineId=GRL-002 invLineId=IL-002 status=MATCH qtyVar=0 priceVar=0
21:02:35.658 ℹ️ [B2-PROOF] threeWayMatch mismatch matchId=3WM-003 poLineId=POL-003 grLineId=GRL-003 invLineId=IL-003 status=PRICE_EXCEPTION qtyVar=0 priceVar=50
21:02:35.658 ℹ️ [B2-PROOF] threeWayMatch mismatch matchId=3WM-004 poLineId=POL-004 grLineId=GRL-004 invLineId=IL-004 status=PRICE_EXCEPTION qtyVar=0 priceVar=0.5
21:02:35.658 ℹ️ [B2-PROOF] threeWayMatch mismatch matchId=3WM-005 poLineId=POL-005 grLineId=GRL-005 invLineId=IL-005 status=QTY_EXCEPTION qtyVar=2 priceVar=2
21:02:35.659 ℹ️ [B2-PROOF] threeWayMatch mismatch matchId=3WM-006 poLineId=POL-006 grLineId= invLineId= status=UNMATCHED qtyVar=N/A priceVar=N/A
21:02:35.659 ℹ️ [B2-PROOF] threeWayMatch unmatched invoice matchId=3WM-007 invLineId=IL-006 (no PO link)
21:02:35.659 ℹ️ [B2-PROOF] buildMatches complete: 15 match rows, 9 exceptions/unmatched, rebuilt=P2P.ThreeWayMatch,P2P.InvoiceToGLMatch,P2P.InvoiceToPaymentMatch
21:02:35.660 ℹ️ [B3-PROOF] buildSummaryData: 3 summary sheets, 35 formula cells (zero JS aggregation)
21:02:35.660 ℹ️ [MODULE] P2P loaded: 13 sheets (7 fact + 3 match + 3 summary), 127 columns
21:02:35.661 ℹ️ [MODULE]   FC1: P2P.RequisitionLines (12 cols)
21:02:35.661 ℹ️ [MODULE]   FC2: P2P.POLines (13 cols)
21:02:35.661 ℹ️ [MODULE]   FC3: P2P.GRLines (10 cols)
21:02:35.661 ℹ️ [MODULE]   FC4: P2P.InvoiceLines (16 cols)
21:02:35.661 ℹ️ [MODULE]   FC5: P2P.PaymentLines (14 cols)
21:02:35.662 ℹ️ [MODULE]   FC7: P2P.BankStatementLines (7 cols)
21:02:35.662 ℹ️ [MODULE]   FC6: P2P.GLPostingLines (11 cols)
21:02:35.662 ℹ️ [MODULE]   MC1: P2P.ThreeWayMatch (14 cols, 7 match rows)
21:02:35.662 ℹ️ [MODULE]   MC2: P2P.InvoiceToGLMatch (10 cols, 4 match rows)
21:02:35.662 ℹ️ [MODULE]   MC3: P2P.InvoiceToPaymentMatch (11 cols, 4 match rows)
21:02:35.663 ℹ️ [MODULE]   SC1: P2P.AP_Aging (2 cols, 13 formula rows)
21:02:35.663 ℹ️ [MODULE]   SC2: P2P.MatchRateSummary (2 cols, 7 formula rows)
21:02:35.663 ℹ️ [MODULE]   SC3: P2P.SpendByCategory (5 cols, 5 formula rows)
21:02:35.663 ℹ️ [MODULE] KPI bindings: 3 metrics → branch.p2p
21:02:35.664 ℹ️ [MODULE]   matchRate: P2P.MatchRateSummary!B8 (%)
21:02:35.664 ℹ️ [MODULE]   dpo: P2P.AP_Aging!B13 (days)
21:02:35.664 ℹ️ [MODULE]   outstanding: P2P.AP_Aging!B4 (USD)
21:02:35.664 ℹ️ [MODULE] P2P merged into tree: +27 nodes, +27 edges
[.WebGL-0x93c02485c00]GL Driver Message (OpenGL, Performance, GL_CLOSE_PATH_NV, High): GPU stall due to ReadPixels
[BoundaryRenderer] ✅ USA: Loaded 1/1 features
21:02:35.702 ℹ️ [BOUNDARY] containsll suite=PASS polygons=1 multipolygons=1 holes=0
21:02:35.703 ℹ️ [BOUNDARY] containsll hole-suite=PASS probes=3
21:02:35.703 ℹ️ [BOUNDARY] restore result=PASS renderer=BoundaryRenderer containsLL=PASS ISR=1 USA=1
21:02:35.703 ℹ️ [GATE] G3 status=PASS evidence=runtime-boundary-selftest
21:02:35.703 ℹ️ [UX] boundaries=ACTIVE mode=READ_ONLY
21:02:35.704 ℹ️ [BOUNDARY] voting-scope mode=BOUNDARY_ENABLED reason=boundary-pass
[.WebGL-0x93c02485c00]GL Driver Message (OpenGL, Performance, GL_CLOSE_PATH_NV, High): GPU stall due to ReadPixels (this message will no longer repeat)
21:02:35.734 ℹ️ [B2-PROOF] threeWayMatch unmatched invoice matchId=3WM-001 invLineId=undefined (no PO link)
21:02:35.735 ℹ️ [B2-PROOF] threeWayMatch unmatched invoice matchId=3WM-002 invLineId=undefined (no PO link)
21:02:35.735 ℹ️ [B2-PROOF] threeWayMatch unmatched invoice matchId=3WM-003 invLineId=undefined (no PO link)
21:02:35.736 ℹ️ [B2-PROOF] threeWayMatch unmatched invoice matchId=3WM-004 invLineId=undefined (no PO link)
21:02:35.736 ℹ️ [B2-PROOF] threeWayMatch unmatched invoice matchId=3WM-005 invLineId=undefined (no PO link)
21:02:35.736 ℹ️ [B2-PROOF] threeWayMatch unmatched invoice matchId=3WM-006 invLineId=undefined (no PO link)
21:02:35.737 ℹ️ [B2-PROOF] buildMatches complete: 8 match rows, 8 exceptions/unmatched, rebuilt=P2P.ThreeWayMatch,P2P.InvoiceToGLMatch,P2P.InvoiceToPaymentMatch,MFG.WOIssueMatch
21:02:35.737 ℹ️ [B3-PROOF] buildSummaryData: 1 summary sheets, 4 formula cells (zero JS aggregation)
21:02:35.737 ℹ️ [MODULE] MFG loaded: 6 sheets (4 fact + 1 match + 1 summary), 29 columns
21:02:35.737 ℹ️ [MODULE]   FC1: MFG.WorkOrders (5 cols)
21:02:35.738 ℹ️ [MODULE]   FC2: MFG.MaterialIssues (5 cols)
21:02:35.738 ℹ️ [MODULE]   FC3: MFG.ScrapEvents (5 cols)
21:02:35.738 ℹ️ [MODULE]   FC4: MFG.QualityChecks (4 cols)
21:02:35.738 ℹ️ [MODULE]   MC1: MFG.WOIssueMatch (8 cols, 0 match rows)
21:02:35.739 ℹ️ [MODULE]   SC1: MFG.ProductionSummary (2 cols, 4 formula rows)
21:02:35.739 ℹ️ [MODULE] KPI bindings: 1 metrics → branch.mfg
21:02:35.739 ℹ️ [MODULE]   issueCoverage: MFG.ProductionSummary!B4 (%)
21:02:35.739 ℹ️ [MODULE] MFG merged into tree: +13 nodes, +13 edges
21:02:35.755 ℹ️ [BOUNDARY] manifestLoaded countries=27
[BoundaryRenderer] Loading USA from data/boundaries/countries/USA-ADM0.geojson
21:02:35.791 ℹ️ [ROUTE] loaded 12 routes from group "p2p" (module: P2P)
21:02:35.792 ℹ️ [ROUTE]   p2p.requisition → P2P.RequisitionLines (keys: reqId, reqLineId)
21:02:35.792 ℹ️ [ROUTE]   p2p.purchaseOrder → P2P.POLines (keys: poId, poLineId)
21:02:35.792 ℹ️ [ROUTE]   p2p.goodsReceipt → P2P.GRLines (keys: grId, grLineId)
21:02:35.792 ℹ️ [ROUTE]   p2p.invoice → P2P.InvoiceLines (keys: invId, invLineId)
21:02:35.793 ℹ️ [ROUTE]   p2p.payment → P2P.PaymentLines (keys: paymentId, payLineId)
21:02:35.793 ℹ️ [ROUTE]   p2p.pr → P2P.RequisitionLines (keys: reqId, reqLineId)
21:02:35.793 ℹ️ [ROUTE]   p2p.po → P2P.POLines (keys: poId, poLineId)
21:02:35.793 ℹ️ [ROUTE]   p2p.gr → P2P.GRLines (keys: grId, grLineId)
21:02:35.794 ℹ️ [ROUTE]   p2p.inv → P2P.InvoiceLines (keys: invId, invLineId)
21:02:35.794 ℹ️ [ROUTE]   p2p.pay → P2P.PaymentLines (keys: paymentId, payLineId)
21:02:35.794 ℹ️ [ROUTE]   p2p.bankStatement → P2P.BankStatementLines (keys: bankLineId)
21:02:35.794 ℹ️ [ROUTE]   p2p.glPosting → P2P.GLPostingLines (keys: glDocId, glLineId)
[BOUNDARY] reuse id=boundary-USA-0-6c62914d
21:02:36.016 ℹ️ [BOUNDARY] skipMissing country=CAN reason=not_in_manifest
21:02:36.017 ℹ️ [BOUNDARY] skipMissing country=MEX reason=not_in_manifest
[BoundaryRenderer] Loading BRA from data/boundaries/countries/BRA-ADM0.geojson
21:02:36.073 ℹ️ [ROUTE] loaded 4 routes from group "mfg" (module: MFG)
21:02:36.073 ℹ️ [ROUTE]   mfg.workOrder → MFG.WorkOrders (keys: workOrderId)
21:02:36.074 ℹ️ [ROUTE]   mfg.materialIssue → MFG.MaterialIssues (keys: issueId)
21:02:36.074 ℹ️ [ROUTE]   mfg.scrapEvent → MFG.ScrapEvents (keys: scrapId)
21:02:36.074 ℹ️ [ROUTE]   mfg.qualityCheck → MFG.QualityChecks (keys: qcId)
21:02:36.075 ℹ️ [D1-AGG] trunk=trunk.avgol metrics=4 hash=0x663fa7ee
21:02:36.077 ℹ️ ✅ Demo tree rendered: Avgol @ Tel Aviv
21:02:36.084 ℹ️ [F2] clearedEdges=0 clearedScars=0
21:02:36.086 ℹ️ 🧹 Filament renderer cleared
21:02:36.086 ℹ️ 🌲 Rendering tree: 43 nodes, 42 edges
21:02:36.087 ℹ️ [THICKNESS] cell=1.00m spine=3.00m branch=24.00m trunk=30.00m root=12.00m
21:02:36.088 ℹ️ [GATE 4] Anchor marker rendered at (34.7818, 32.0853) - independent of buildings/terrain
21:02:36.088 ℹ️ [Phase 2.3] Root continuation: 1000m below anchor (aligned to ENU Up/Down)
21:02:36.091 ℹ️ [FilamentRenderer] ⏰ Timeboxes: 6 on trunk trunk.avgol
21:02:36.092 ℹ️ [GATE 2] Branch branch.operations:
21:02:36.092 ℹ️   Anchor: (34.7818, 32.0853)
21:02:36.093 ℹ️   ENU Start: (E=0, N=0, U=2000)
21:02:36.093 ℹ️   ENU End: (E=800, N=0, U=2000)
21:02:36.097 ℹ️   Branch Length: 800.0m (expected: 800m)
21:02:36.097 ℹ️   Length Error: 0.0m
21:02:36.099 ℹ️ [FilamentRenderer] ⏰ Timeboxes: 4 on branch branch.operations
21:02:36.099 ℹ️ [GATE 2] Branch branch.p2p:
21:02:36.099 ℹ️   Anchor: (34.7818, 32.0853)
21:02:36.099 ℹ️   ENU Start: (E=0, N=32, U=2000)
21:02:36.100 ℹ️   ENU End: (E=800, N=32, U=2000)
21:02:36.100 ℹ️   Branch Length: 800.0m (expected: 800m)
21:02:36.100 ℹ️   Length Error: 0.0m
21:02:36.101 ℹ️ [FilamentRenderer] ⏰ Timeboxes: 1 on branch branch.p2p
21:02:36.101 ℹ️ [GATE 2] Branch branch.p2p.fc1:
21:02:36.101 ℹ️   Anchor: (34.7818, 32.0853)
21:02:36.102 ℹ️   ENU Start: (E=0, N=64, U=2000)
21:02:36.102 ℹ️   ENU End: (E=800, N=64, U=2000)
21:02:36.102 ℹ️   Branch Length: 800.0m (expected: 800m)
21:02:36.103 ℹ️   Length Error: 0.0m
21:02:36.103 ℹ️ [FilamentRenderer] ⏰ Timeboxes: 1 on branch branch.p2p.fc1
21:02:36.104 ℹ️ [GATE 2] Branch branch.p2p.fc2:
21:02:36.105 ℹ️   Anchor: (34.7818, 32.0853)
21:02:36.105 ℹ️   ENU Start: (E=0, N=96, U=2000)
21:02:36.105 ℹ️   ENU End: (E=800, N=96, U=2000)
21:02:36.105 ℹ️   Branch Length: 800.0m (expected: 800m)
21:02:36.106 ℹ️   Length Error: 0.0m
21:02:36.106 ℹ️ [FilamentRenderer] ⏰ Timeboxes: 1 on branch branch.p2p.fc2
21:02:36.106 ℹ️ [GATE 2] Branch branch.p2p.fc3:
21:02:36.106 ℹ️   Anchor: (34.7818, 32.0853)
21:02:36.107 ℹ️   ENU Start: (E=0, N=128, U=2000)
21:02:36.107 ℹ️   ENU End: (E=800, N=128, U=2000)
21:02:36.107 ℹ️   Branch Length: 800.0m (expected: 800m)
21:02:36.108 ℹ️   Length Error: 0.0m
21:02:36.108 ℹ️ [FilamentRenderer] ⏰ Timeboxes: 1 on branch branch.p2p.fc3
21:02:36.108 ℹ️ [GATE 2] Branch branch.p2p.fc4:
21:02:36.109 ℹ️   Anchor: (34.7818, 32.0853)
21:02:36.109 ℹ️   ENU Start: (E=0, N=160, U=2000)
21:02:36.109 ℹ️   ENU End: (E=800, N=160, U=2000)
21:02:36.110 ℹ️   Branch Length: 800.0m (expected: 800m)
21:02:36.110 ℹ️   Length Error: 0.0m
21:02:36.110 ℹ️ [FilamentRenderer] ⏰ Timeboxes: 1 on branch branch.p2p.fc4
21:02:36.111 ℹ️ [GATE 2] Branch branch.p2p.fc5:
21:02:36.111 ℹ️   Anchor: (34.7818, 32.0853)
21:02:36.111 ℹ️   ENU Start: (E=0, N=192, U=2000)
21:02:36.111 ℹ️   ENU End: (E=800, N=192, U=2000)
21:02:36.112 ℹ️   Branch Length: 800.0m (expected: 800m)
21:02:36.112 ℹ️   Length Error: 0.0m
21:02:36.112 ℹ️ [FilamentRenderer] ⏰ Timeboxes: 1 on branch branch.p2p.fc5
21:02:36.113 ℹ️ [GATE 2] Branch branch.p2p.fc7:
21:02:36.113 ℹ️   Anchor: (34.7818, 32.0853)
21:02:36.113 ℹ️   ENU Start: (E=0, N=224, U=2000)
21:02:36.113 ℹ️   ENU End: (E=800, N=224, U=2000)
21:02:36.114 ℹ️   Branch Length: 800.0m (expected: 800m)
21:02:36.114 ℹ️   Length Error: 0.0m
21:02:36.114 ℹ️ [FilamentRenderer] ⏰ Timeboxes: 1 on branch branch.p2p.fc7
21:02:36.114 ℹ️ [GATE 2] Branch branch.p2p.fc6:
21:02:36.115 ℹ️   Anchor: (34.7818, 32.0853)
21:02:36.115 ℹ️   ENU Start: (E=0, N=256, U=2000)
21:02:36.115 ℹ️   ENU End: (E=800, N=256, U=2000)
21:02:36.115 ℹ️   Branch Length: 800.0m (expected: 800m)
21:02:36.116 ℹ️   Length Error: 0.0m
21:02:36.116 ℹ️ [FilamentRenderer] ⏰ Timeboxes: 1 on branch branch.p2p.fc6
21:02:36.116 ℹ️ [GATE 2] Branch branch.p2p.mc1:
21:02:36.117 ℹ️   Anchor: (34.7818, 32.0853)
21:02:36.117 ℹ️   ENU Start: (E=0, N=288, U=2000)
21:02:36.117 ℹ️   ENU End: (E=800, N=288, U=2000)
21:02:36.117 ℹ️   Branch Length: 800.0m (expected: 800m)
21:02:36.118 ℹ️   Length Error: 0.0m
21:02:36.118 ℹ️ [FilamentRenderer] ⏰ Timeboxes: 1 on branch branch.p2p.mc1
21:02:36.118 ℹ️ [GATE 2] Branch branch.p2p.mc2:
21:02:36.118 ℹ️   Anchor: (34.7818, 32.0853)
21:02:36.119 ℹ️   ENU Start: (E=0, N=320, U=2000)
21:02:36.119 ℹ️   ENU End: (E=800, N=320, U=2000)
21:02:36.119 ℹ️   Branch Length: 800.0m (expected: 800m)
21:02:36.119 ℹ️   Length Error: 0.0m
21:02:36.120 ℹ️ [FilamentRenderer] ⏰ Timeboxes: 1 on branch branch.p2p.mc2
21:02:36.120 ℹ️ [GATE 2] Branch branch.p2p.mc3:
21:02:36.120 ℹ️   Anchor: (34.7818, 32.0853)
21:02:36.121 ℹ️   ENU Start: (E=0, N=352, U=2000)
21:02:36.121 ℹ️   ENU End: (E=800, N=352, U=2000)
21:02:36.121 ℹ️   Branch Length: 800.0m (expected: 800m)
21:02:36.121 ℹ️   Length Error: 0.0m
21:02:36.122 ℹ️ [FilamentRenderer] ⏰ Timeboxes: 1 on branch branch.p2p.mc3
21:02:36.122 ℹ️ [GATE 2] Branch branch.p2p.sc1:
21:02:36.122 ℹ️   Anchor: (34.7818, 32.0853)
21:02:36.122 ℹ️   ENU Start: (E=0, N=384, U=2000)
21:02:36.123 ℹ️   ENU End: (E=800, N=384, U=2000)
21:02:36.123 ℹ️   Branch Length: 800.0m (expected: 800m)
21:02:36.123 ℹ️   Length Error: 0.0m
21:02:36.124 ℹ️ [FilamentRenderer] ⏰ Timeboxes: 1 on branch branch.p2p.sc1
21:02:36.124 ℹ️ [GATE 2] Branch branch.p2p.sc2:
21:02:36.124 ℹ️   Anchor: (34.7818, 32.0853)
21:02:36.125 ℹ️   ENU Start: (E=0, N=416, U=2000)
21:02:36.125 ℹ️   ENU End: (E=800, N=416, U=2000)
21:02:36.125 ℹ️   Branch Length: 800.0m (expected: 800m)
21:02:36.125 ℹ️   Length Error: 0.0m
21:02:36.126 ℹ️ [FilamentRenderer] ⏰ Timeboxes: 1 on branch branch.p2p.sc2
21:02:36.126 ℹ️ [GATE 2] Branch branch.p2p.sc3:
21:02:36.126 ℹ️   Anchor: (34.7818, 32.0853)
21:02:36.126 ℹ️   ENU Start: (E=0, N=448, U=2000)
21:02:36.127 ℹ️   ENU End: (E=800, N=448, U=2000)
21:02:36.127 ℹ️   Branch Length: 800.0m (expected: 800m)
21:02:36.127 ℹ️   Length Error: 0.0m
21:02:36.128 ℹ️ [FilamentRenderer] ⏰ Timeboxes: 1 on branch branch.p2p.sc3
21:02:36.128 ℹ️ [GATE 2] Branch branch.mfg:
21:02:36.128 ℹ️   Anchor: (34.7818, 32.0853)
21:02:36.128 ℹ️   ENU Start: (E=0, N=480, U=2000)
21:02:36.129 ℹ️   ENU End: (E=800, N=480, U=2000)
21:02:36.129 ℹ️   Branch Length: 800.0m (expected: 800m)
21:02:36.129 ℹ️   Length Error: 0.0m
21:02:36.130 ℹ️ [FilamentRenderer] ⏰ Timeboxes: 1 on branch branch.mfg
21:02:36.130 ℹ️ [GATE 2] Branch branch.mfg.fc1:
21:02:36.130 ℹ️   Anchor: (34.7818, 32.0853)
21:02:36.130 ℹ️   ENU Start: (E=0, N=512, U=2000)
21:02:36.131 ℹ️   ENU End: (E=800, N=512, U=2000)
21:02:36.131 ℹ️   Branch Length: 800.0m (expected: 800m)
21:02:36.131 ℹ️   Length Error: 0.0m
21:02:36.131 ℹ️ [FilamentRenderer] ⏰ Timeboxes: 1 on branch branch.mfg.fc1
21:02:36.132 ℹ️ [GATE 2] Branch branch.mfg.fc2:
21:02:36.132 ℹ️   Anchor: (34.7818, 32.0853)
21:02:36.132 ℹ️   ENU Start: (E=0, N=544, U=2000)
21:02:36.132 ℹ️   ENU End: (E=800, N=544, U=2000)
21:02:36.133 ℹ️   Branch Length: 800.0m (expected: 800m)
21:02:36.133 ℹ️   Length Error: 0.0m
21:02:36.134 ℹ️ [FilamentRenderer] ⏰ Timeboxes: 1 on branch branch.mfg.fc2
21:02:36.134 ℹ️ [GATE 2] Branch branch.mfg.fc3:
21:02:36.134 ℹ️   Anchor: (34.7818, 32.0853)
21:02:36.134 ℹ️   ENU Start: (E=0, N=576, U=2000)
21:02:36.135 ℹ️   ENU End: (E=800, N=576, U=2000)
21:02:36.135 ℹ️   Branch Length: 800.0m (expected: 800m)
21:02:36.135 ℹ️   Length Error: 0.0m
21:02:36.136 ℹ️ [FilamentRenderer] ⏰ Timeboxes: 1 on branch branch.mfg.fc3
21:02:36.136 ℹ️ [GATE 2] Branch branch.mfg.fc4:
21:02:36.136 ℹ️   Anchor: (34.7818, 32.0853)
21:02:36.136 ℹ️   ENU Start: (E=0, N=608, U=2000)
21:02:36.137 ℹ️   ENU End: (E=800, N=608, U=2000)
21:02:36.137 ℹ️   Branch Length: 800.0m (expected: 800m)
21:02:36.137 ℹ️   Length Error: 0.0m
21:02:36.137 ℹ️ [FilamentRenderer] ⏰ Timeboxes: 1 on branch branch.mfg.fc4
21:02:36.138 ℹ️ [GATE 2] Branch branch.mfg.mc1:
21:02:36.138 ℹ️   Anchor: (34.7818, 32.0853)
21:02:36.138 ℹ️   ENU Start: (E=0, N=640, U=2000)
21:02:36.138 ℹ️   ENU End: (E=800, N=640, U=2000)
21:02:36.139 ℹ️   Branch Length: 800.0m (expected: 800m)
21:02:36.139 ℹ️   Length Error: 0.0m
21:02:36.139 ℹ️ [FilamentRenderer] ⏰ Timeboxes: 1 on branch branch.mfg.mc1
21:02:36.139 ℹ️ [GATE 2] Branch branch.mfg.sc1:
21:02:36.140 ℹ️   Anchor: (34.7818, 32.0853)
21:02:36.140 ℹ️   ENU Start: (E=0, N=672, U=2000)
21:02:36.140 ℹ️   ENU End: (E=800, N=672, U=2000)
21:02:36.140 ℹ️   Branch Length: 800.0m (expected: 800m)
21:02:36.141 ℹ️   Length Error: 0.0m
21:02:36.141 ℹ️ [FilamentRenderer] ⏰ Timeboxes: 1 on branch branch.mfg.sc1
21:02:36.142 ℹ️ [VIS2] expandedSheetsAllowed=false scope=world
21:02:36.142 ℹ️ [VIS2] deptSpinesRendered count=3
21:02:36.143 ℹ️ [S1] SheetsRendered=0 Expected=0
21:02:36.143 ℹ️ [VIS2] companyCollapsed result=PASS sheetsRendered=0 lod=COMPANY scope=world expandedSheetsAllowed=false
21:02:36.144 ℹ️ [VIS2] sheetTilesRendered count=20
21:02:36.144 ℹ️ [VIS2] exitSheet collapsed=PASS expanded=0 tiles=20
21:02:36.145 ℹ️ [VIS3] flowOverlay result=PASS edges=42 exceptions=11 scope=world lod=COMPANY
21:02:36.145 ℹ️ [VIS3] trafficBarsRendered count=3
21:02:36.145 ℹ️ [VIS3] gate-summary result=PASS
21:02:36.146 ℹ️ [VIS4c] labelsRendered count=12 scope=company
21:02:36.147 ℹ️ [VIS4] slabsRendered scope=company objects=4 slabs=12 capped=false
21:02:36.147 ℹ️ [VIS4] companySlabs result=PASS deptBranches=3 trunkSlabs=6
21:02:36.147 ℹ️ [VIS4] gate-summary result=PASS
21:02:36.148 ℹ️ ✅ Tree rendered:
21:02:36.148 ℹ️   Primitives: 62 (trunk=1, branches=22, cell-filaments=0, spines=0, lane-polylines=0, lane-volumes=0, sheet-tiles=20, dept-spines=3, flow-bars=4, ex-overlays=0, route-highlights=0, slabs=12, vis6-pulses=0)
21:02:36.148 ℹ️   Entities: 44 (labels=1, cell-points=0, timebox-labels=43)
21:02:36.149 ℹ️ [LOD-BUDGET] frame sheetsDetailed=0 totalMarkers=0 totalPrims=62 totalEntities=44
21:02:36.149 ℹ️ [TOPOLOGY] ✅ All canonical invariants satisfied
21:02:36.149 ℹ️ [FilamentRenderer] ✅ Turgor force animation started
21:02:36.546 ℹ️ [GLOBE] worldTrunks synced added=5 total=6
21:02:36.548 ℹ️ [GLOBE] datasetLoad anchors=6
21:02:36.549 ℹ️ [UX] multiCountrySmoke=PASS anchors=6
21:02:36.549 ℹ️ 📷 Camera presets: Press 1=SheetTopDown, 2=SideProfile, 3=SheetFaceOn, 4=SpreadsheetProof, 5=SpineInspection
21:02:36.551 ℹ️ 🔒 LOD Lock: Press L to lock/unlock LOD at current level
21:02:36.552 ℹ️ 🎮 Free-fly pointer lock: Press ` (backquote) to toggle
21:02:36.553 ℹ️ [HUD] mode=FreeFly layer1=6 layer2=0
21:02:36.557 ℹ️ [UX] debugLogs=false
[BUILD] 2026-02-09T12:30Z ux-1.1-universal-object-contract
21:02:36.559 ℹ️ [UX-1.1-PROOF] type=trunk id=trunk.avgol scope=root actions=focusView,showKPIs,showTimeboxes,showBranches,cycleClusterLevel,focusNextRegion,loadGlobalCore
21:02:36.559 ℹ️ [UX-1.1-PROOF] type=branch id=branch.operations scope=trunk.avgol actions=focusView,showKPIs,showTimeboxes,showPressureSources,cycleClusterLevel,focusNextRegion,loadGlobalCore
21:02:36.560 ℹ️ [UX-1.1-PROOF] type=sheet id=sheet.packaging scope=branch.operations actions=focusView,showSchema,addColumn,addValidation,addSummaryBinding
21:02:36.560 ℹ️ [UX-1.1-PROOF] type=cell id=sheet.packaging.cell.0.0 scope=branch.operations actions=edit,viewDependencies,viewHistory,createValidation,lockScope
21:02:36.561 ℹ️ [UX-1.1-PROOF] type=match id=3WM-001 scope=branch.p2p.mc1 actions=inspectSources,viewVariance,setTolerance,markResolved
21:02:36.561 ℹ️ [UX-1.1-PROOF] type=route id=p2p.requisition scope=branch.p2p.fc1 actions=previewMapping,ingestTestRecord,showProvenance,editFieldMap
21:02:36.562 ℹ️ [UX-1.1-PROOF] type=module id=P2P scope=trunk.avgol actions=showAllSheets,showRoutes,showKPIBindings,showRecomputationChain
21:02:36.562 ℹ️ [UX-1.1] Universal Object Contract: 7 types resolved
21:02:36.563 ℹ️ [LOD] apply level=LANIAKEA sheetsDetailed=0 lanes=0 markers=0
21:02:36.611 ℹ️ [GATE 4] Anchor marker rendered at (34.7818, 32.0853) - independent of buildings/terrain
21:02:36.612 ℹ️ [GATE 4] Anchor marker rendered at (-122.4194, 37.7749) - independent of buildings/terrain
21:02:36.612 ℹ️ [GATE 4] Anchor marker rendered at (-0.1276, 51.5072) - independent of buildings/terrain
21:02:36.613 ℹ️ [GATE 4] Anchor marker rendered at (77.2090, 28.6139) - independent of buildings/terrain
21:02:36.613 ℹ️ [GATE 4] Anchor marker rendered at (139.6917, 35.6895) - independent of buildings/terrain
21:02:36.614 ℹ️ [GATE 4] Anchor marker rendered at (-46.6333, -23.5505) - independent of buildings/terrain
21:02:36.615 ℹ️ [UX] debugLogs=false gateSpamSuppressed=true
21:02:36.618 ℹ️ [VIS2] expandedSheetsAllowed=false scope=world
21:02:36.618 ℹ️ [VIS2] deptSpinesRendered count=3
21:02:36.619 ℹ️ [VIS2] sheetTilesRendered count=20
21:02:36.619 ℹ️ [LOD-BUDGET] frame sheetsDetailed=0 totalMarkers=0 totalPrims=51 totalEntities=52
[BoundaryRenderer] ✅ BRA: Loaded 1/1 features
[BoundaryRenderer] Loading ARG from data/boundaries/countries/ARG-ADM0.geojson
21:02:36.840 ℹ️ [HUD] paramsLoaded version=HUD-PARAMS-v0 policyRef=local:HUD-PARAMS-v0
[BoundaryRenderer] ✅ ARG: Loaded 1/1 features
[BoundaryRenderer] Loading GBR from data/boundaries/countries/GBR-ADM0.geojson
[VIS6C] wsConnect url=ws://127.0.0.1:4030/vis6
[BoundaryRenderer] ✅ GBR: Loaded 1/1 features
[BoundaryRenderer] Loading FRA from data/boundaries/countries/FRA-ADM0.geojson
[BoundaryRenderer] ✅ FRA: Loaded 1/1 features
[BoundaryRenderer] Loading DEU from data/boundaries/countries/DEU-ADM0.geojson
21:02:37.808 ℹ️ [LOD] apply level=PLANETARY sheetsDetailed=0 lanes=0 markers=0
21:02:37.973 ℹ️ [GATE 4] Anchor marker rendered at (34.7818, 32.0853) - independent of buildings/terrain
21:02:37.975 ℹ️ [GATE 4] Anchor marker rendered at (-122.4194, 37.7749) - independent of buildings/terrain
21:02:37.976 ℹ️ [GATE 4] Anchor marker rendered at (-0.1276, 51.5072) - independent of buildings/terrain
21:02:37.977 ℹ️ [GATE 4] Anchor marker rendered at (77.2090, 28.6139) - independent of buildings/terrain
21:02:37.978 ℹ️ [GATE 4] Anchor marker rendered at (139.6917, 35.6895) - independent of buildings/terrain
21:02:37.979 ℹ️ [GATE 4] Anchor marker rendered at (-46.6333, -23.5505) - independent of buildings/terrain
21:02:37.983 ℹ️ [VIS2] expandedSheetsAllowed=false scope=world
21:02:37.984 ℹ️ [VIS2] deptSpinesRendered count=3
21:02:37.985 ℹ️ [VIS2] sheetTilesRendered count=20
21:02:37.985 ℹ️ [LOD-BUDGET] frame sheetsDetailed=0 totalMarkers=0 totalPrims=51 totalEntities=52
21:02:38.138 ℹ️ [LOD] apply level=REGION sheetsDetailed=0 lanes=0 markers=0
[BoundaryRenderer] ✅ DEU: Loaded 1/1 features
[BoundaryRenderer] Loading NLD from data/boundaries/countries/NLD-ADM0.geojson
21:02:38.338 ℹ️ [LOD] apply level=COMPANY requestedSheetsDetailed=0 effectiveSheetsDetailed=0 lanes=0 markers=0 reason=collapsedByPolicy distKm=17.9
21:02:38.429 ℹ️ [GATE 4] Anchor marker rendered at (34.7818, 32.0853) - independent of buildings/terrain
21:02:38.431 ℹ️ [GATE 4] Anchor marker rendered at (-122.4194, 37.7749) - independent of buildings/terrain
21:02:38.432 ℹ️ [GATE 4] Anchor marker rendered at (-0.1276, 51.5072) - independent of buildings/terrain
21:02:38.433 ℹ️ [GATE 4] Anchor marker rendered at (77.2090, 28.6139) - independent of buildings/terrain
21:02:38.434 ℹ️ [GATE 4] Anchor marker rendered at (139.6917, 35.6895) - independent of buildings/terrain
21:02:38.435 ℹ️ [GATE 4] Anchor marker rendered at (-46.6333, -23.5505) - independent of buildings/terrain
21:02:38.439 ℹ️ [VIS2] expandedSheetsAllowed=false scope=world
21:02:38.440 ℹ️ [VIS2] deptSpinesRendered count=3
21:02:38.440 ℹ️ [VIS2] companyCollapsed result=PASS sheetsRendered=0 lod=COMPANY scope=world expandedSheetsAllowed=false
21:02:38.441 ℹ️ [VIS2] sheetTilesRendered count=20
21:02:38.442 ℹ️ [VIS3] flowOverlay result=PASS edges=42 exceptions=11 scope=world lod=COMPANY
21:02:38.442 ℹ️ [VIS3] trafficBarsRendered count=3
21:02:38.443 ℹ️ [VIS3] gate-summary result=PASS
21:02:38.444 ℹ️ [VIS4c] labelsRendered count=27 scope=company
21:02:38.444 ℹ️ [VIS4] slabsRendered scope=company objects=9 slabs=27 capped=false
21:02:38.445 ℹ️ [VIS4] companySlabs result=PASS deptBranches=3 trunkSlabs=21
21:02:38.445 ℹ️ [VIS4] gate-summary result=PASS
21:02:38.445 ℹ️ [LOD-BUDGET] frame sheetsDetailed=0 totalMarkers=0 totalPrims=82 totalEntities=79
[BoundaryRenderer] ✅ NLD: Loaded 1/1 features
[BoundaryRenderer] Loading EGY from data/boundaries/countries/EGY-ADM0.geojson
[BoundaryRenderer] ✅ EGY: Loaded 1/1 features
[BoundaryRenderer] Loading SAU from data/boundaries/countries/SAU-ADM0.geojson
[BoundaryRenderer] ✅ SAU: Loaded 1/1 features
[BoundaryRenderer] Loading IND from data/boundaries/countries/IND-ADM0.geojson
WebSocket connection to 'ws://127.0.0.1:4030/vis6' failed: Error in connection establishment: net::ERR_CONNECTION_REFUSED
[VIS6C] wsClose code=1006 reason=none
[BoundaryRenderer] ✅ IND: Loaded 1/1 features
[BoundaryRenderer] Loading CHN from data/boundaries/countries/CHN-ADM0.geojson
[BoundaryRenderer] ✅ CHN: Loaded 1/1 features
[BoundaryRenderer] Loading KOR from data/boundaries/countries/KOR-ADM0.geojson
[BoundaryRenderer] ✅ KOR: Loaded 1/1 features
[BoundaryRenderer] Loading ISR from data/boundaries/countries/ISR-ADM0.geojson
21:02:40.318 ℹ️ [GATE 4] Anchor marker rendered at (34.7818, 32.0853) - independent of buildings/terrain
21:02:40.320 ℹ️ [GATE 4] Anchor marker rendered at (-122.4194, 37.7749) - independent of buildings/terrain
21:02:40.320 ℹ️ [GATE 4] Anchor marker rendered at (-0.1276, 51.5072) - independent of buildings/terrain
21:02:40.321 ℹ️ [GATE 4] Anchor marker rendered at (77.2090, 28.6139) - independent of buildings/terrain
21:02:40.322 ℹ️ [GATE 4] Anchor marker rendered at (139.6917, 35.6895) - independent of buildings/terrain
21:02:40.322 ℹ️ [GATE 4] Anchor marker rendered at (-46.6333, -23.5505) - independent of buildings/terrain
21:02:40.326 ℹ️ [VIS2] expandedSheetsAllowed=false scope=world
21:02:40.327 ℹ️ [VIS2] deptSpinesRendered count=3
21:02:40.327 ℹ️ [VIS2] companyCollapsed result=PASS sheetsRendered=0 lod=COMPANY scope=world expandedSheetsAllowed=false
21:02:40.328 ℹ️ [VIS2] sheetTilesRendered count=20
21:02:40.331 ℹ️ [LOD-BUDGET] frame sheetsDetailed=0 totalMarkers=0 totalPrims=82 totalEntities=79
[BOUNDARY] reuse id=boundary-ISR-0-0050ba14
21:02:40.392 ℹ️ [GLOBE] country-set id=global-core loaded=26
[BoundaryRenderer] Loading USA from data/boundaries/countries/USA-ADM0.geojson
[BoundaryRenderer] Loading USA from data/boundaries/countries/USA-ADM0.geojson
21:02:41.094 ℹ️ [GLOBE] focus country=USA
21:02:41.095 ℹ️ [GLOBE] focus region=north-america
21:02:41.095 ℹ️ [GLOBE] hierarchy init cluster=globe countries=11
[BoundaryRenderer] Loading USA from data/boundaries/countries/USA-ADM0.geojson
21:02:41.260 ℹ️ [LOD] apply level=REGION sheetsDetailed=0 lanes=0 markers=0
21:02:41.376 ℹ️ [GATE 4] Anchor marker rendered at (34.7818, 32.0853) - independent of buildings/terrain
21:02:41.377 ℹ️ [GATE 4] Anchor marker rendered at (-122.4194, 37.7749) - independent of buildings/terrain
21:02:41.378 ℹ️ [GATE 4] Anchor marker rendered at (-0.1276, 51.5072) - independent of buildings/terrain
21:02:41.379 ℹ️ [GATE 4] Anchor marker rendered at (77.2090, 28.6139) - independent of buildings/terrain
21:02:41.379 ℹ️ [GATE 4] Anchor marker rendered at (139.6917, 35.6895) - independent of buildings/terrain
21:02:41.380 ℹ️ [GATE 4] Anchor marker rendered at (-46.6333, -23.5505) - independent of buildings/terrain
21:02:41.383 ℹ️ [VIS2] expandedSheetsAllowed=false scope=world
21:02:41.384 ℹ️ [VIS2] deptSpinesRendered count=3
21:02:41.385 ℹ️ [VIS2] sheetTilesRendered count=20
21:02:41.385 ℹ️ [LOD-BUDGET] frame sheetsDetailed=0 totalMarkers=0 totalPrims=51 totalEntities=52
21:02:41.386 ℹ️ [LOD] apply level=PLANETARY sheetsDetailed=0 lanes=0 markers=0
[BoundaryRenderer] Loading ISR from data/boundaries/countries/ISR-ADM0.geojson
21:02:41.492 ℹ️ [LOD] apply level=LANIAKEA sheetsDetailed=0 lanes=0 markers=0
21:02:41.974 ℹ️ [GATE 4] Anchor marker rendered at (34.7818, 32.0853) - independent of buildings/terrain
21:02:41.975 ℹ️ [GATE 4] Anchor marker rendered at (-122.4194, 37.7749) - independent of buildings/terrain
21:02:41.976 ℹ️ [GATE 4] Anchor marker rendered at (-0.1276, 51.5072) - independent of buildings/terrain
21:02:41.977 ℹ️ [GATE 4] Anchor marker rendered at (77.2090, 28.6139) - independent of buildings/terrain
21:02:41.977 ℹ️ [GATE 4] Anchor marker rendered at (139.6917, 35.6895) - independent of buildings/terrain
21:02:41.977 ℹ️ [GATE 4] Anchor marker rendered at (-46.6333, -23.5505) - independent of buildings/terrain
21:02:41.980 ℹ️ [VIS2] expandedSheetsAllowed=false scope=world
21:02:41.980 ℹ️ [VIS2] deptSpinesRendered count=3
21:02:41.981 ℹ️ [VIS2] sheetTilesRendered count=20
21:02:41.981 ℹ️ [LOD-BUDGET] frame sheetsDetailed=0 totalMarkers=0 totalPrims=51 totalEntities=52
21:02:41.988 ℹ️ [GLOBE] country-set id=global-core loaded=26
21:02:41.988 ℹ️ [GLOBE] cluster level=globe focusCountry=USA
[VIS6C] wsConnect url=ws://127.0.0.1:4030/vis6
[VIS6C] wsOpen url=ws://127.0.0.1:4030/vis6
21:02:43.431 ℹ️ [VIS6B] eventAccepted id=ws-evt-1 type=TIMEBOX_APPEARED owner=trunk.avgol dept=none sheet=none timebox=T-WS-1
21:02:43.432 ℹ️ [VIS6] timeboxPulse owner=trunk.avgol timeboxId=T-WS-1 scope=company
21:02:43.433 ℹ️ [VIS6B] pulseTriggered id=ws-evt-1 owner=trunk.avgol timebox=T-WS-1 scope=company
[VIS6C] wsMessage accepted=1 dropped=0
21:02:43.536 ℹ️ [VIS6B] eventAccepted id=ws-evt-2 type=TIMEBOX_APPEARED owner=trunk.world.anchor-us dept=trunk.world.anchor-us sheet=none timebox=T-WS-2
21:02:43.537 ℹ️ [VIS6] timeboxPulse owner=trunk.world.anchor-us timeboxId=T-WS-2 scope=company
21:02:43.537 ℹ️ [VIS6B] pulseTriggered id=ws-evt-2 owner=trunk.world.anchor-us timebox=T-WS-2 scope=company
21:02:43.538 ℹ️ [VIS6B] eventAccepted id=ws-evt-3 type=TIMEBOX_APPEARED owner=trunk.world.anchor-gb dept=trunk.world.anchor-gb sheet=none timebox=T-WS-3
21:02:43.538 ℹ️ [VIS6] timeboxPulse owner=trunk.world.anchor-gb timeboxId=T-WS-3 scope=company
21:02:43.539 ℹ️ [VIS6B] pulseTriggered id=ws-evt-3 owner=trunk.world.anchor-gb timebox=T-WS-3 scope=company
21:02:43.539 ℹ️ [VIS6B] eventAccepted id=ws-evt-4 type=TIMEBOX_APPEARED owner=trunk.world.anchor-gb dept=trunk.world.anchor-gb sheet=none timebox=T-WS-3
21:02:43.539 ℹ️ [VIS6B] pulseCoalesced owner=trunk.world.anchor-gb timebox=T-WS-3 merged=2
21:02:43.539 ℹ️ [VIS6B] eventAccepted id=ws-evt-5 type=TIMEBOX_APPEARED owner=trunk.avgol dept=none sheet=none timebox=T-WS-5
21:02:43.540 ℹ️ [VIS6] timeboxPulse owner=trunk.avgol timeboxId=T-WS-5 scope=company
21:02:43.540 ℹ️ [VIS6B] pulseTriggered id=ws-evt-5 owner=trunk.avgol timebox=T-WS-5 scope=company
[VIS6C] drop reason=bad_json
[VIS6C] drop reason=missing_fields
[VIS6C] drop reason=bad_ts
[VIS6C] wsClose code=1000 reason=proof-sequence-complete
21:02:44.330 ℹ️ [VIS6] pulseComplete owner=trunk.avgol timeboxId=T-WS-1
21:02:44.500 ℹ️ [VIS6] pulseComplete owner=trunk.world.anchor-us timeboxId=T-WS-2
21:02:44.501 ℹ️ [VIS6] pulseComplete owner=trunk.world.anchor-gb timeboxId=T-WS-3
21:02:44.501 ℹ️ [VIS6] pulseComplete owner=trunk.avgol timeboxId=T-WS-5

--- VIS-6c proof ---
[VIS6C] baseline slabCount=27
[VIS6C] ownerIds=["trunk.avgol","trunk.world.anchor-us","trunk.world.anchor-gb"]
[WS-SERVER] listening on ws://127.0.0.1:4030/vis6
[VIS6C] connect ok=true reason=none
[WS-SERVER] client connected, sending test sequence
[VIS6C] disconnect ok=true
[VIS6C] transportState connected=false accepted=5 dropped=3
[VIS6C] vis6bState seen=5 stats={"accepted":5,"triggered":4,"coalesced":1,"dropped":1} dropped={"unknownOwner":0,"unknownDept":0,"capDrops":0,"dupDrops":1}
--- VIS-6c Proof Checklist ---
[VIS6C] wsConnect PRESENT
[VIS6C] wsOpen PRESENT
[VIS6C] wsClose PRESENT
[VIS6C] drop bad_json PRESENT
[VIS6C] drop missing_fields PRESENT
[VIS6C] drop bad_ts PRESENT
[VIS6B] eventAccepted PRESENT
[VIS6B] pulseTriggered PRESENT
[VIS2] companyCollapsed PRESENT
[VIS2] sheetTiles PRESENT
[VIS4] gate-summary result=PASS
[VIS6C] noErrors PASS
[VIS6C] gate-summary result=PASS