[ENU] Coordinate system loaded - all geometry in meters
04:30:53.603 ℹ️ [Z] mode=DRAFT user=local target=none previous=INIT
04:30:53.633 ℹ️ 🚀 Relay Cesium World starting...
04:30:53.635 ℹ️ 🌍 Initializing Cesium Viewer...
04:30:53.636 ℹ️ ✅ Terrain provider created (Ellipsoid)
04:30:53.637 ℹ️ ✅ Imagery provider created (OpenStreetMap tiles loading...)
04:30:53.679 ℹ️ ✅ Viewer created
04:30:53.682 ℹ️ [GLOBE] imagery mode=osm provider=OpenStreetMap
04:30:53.684 ℹ️ ℹ️ 3D Buildings skipped (no Cesium Ion token configured)
04:30:53.685 ⚠️ ⚠️ Buildings marked as DEGRADED
04:30:53.685 ℹ️ 🌍 Cesium Viewer initialized successfully
04:30:53.686 ℹ️ [GLOBE] services weatherBase=http://127.0.0.1:4020
04:30:53.686 ℹ️ [GLOBE] imagery registry enabled modes=local,clean-street,satellite,hybrid,osm,dark,minimalist
04:30:53.686 ℹ️ [CAM] restore-POV disabled for testing
04:30:53.687 ℹ️ [FilamentRenderer] Initialized (Phase 2.1 Primitives)
[RelationshipRenderer] Initialized
[RelationshipRenderer] Cleared all relationships
04:30:53.687 ℹ️ [F2] clearedEdges=0 clearedScars=0
04:30:53.688 ℹ️ 🧹 Filament renderer cleared
[BoundaryRenderer] DataSource created and added to viewer
[BoundaryRenderer] Initialized
04:30:53.689 ℹ️ 🌍 Loading boundaries (fail-soft)...
[BoundaryRenderer] Loading ISR from data/boundaries/countries/ISR-ADM0.geojson
[BoundaryRenderer] Loading USA from data/boundaries/countries/USA-ADM0.geojson
04:30:53.690 ℹ️ [BOUNDARY-EDITOR] Initialized
04:30:53.690 ℹ️ 🌲 Loading demo tree...
[GroupMarkerNotSet(crbug.com/242999)!:A07024008C780000]Automatic fallback to software WebGL has been deprecated. Please use the --enable-unsafe-swiftshader (about:flags#enable-unsafe-swiftshader) flag to opt in to lower security guarantees for trusted content.
[.WebGL-0x61440267ea00]GL Driver Message (OpenGL, Performance, GL_CLOSE_PATH_NV, High): GPU stall due to ReadPixels
[.WebGL-0x61440267ea00]GL Driver Message (OpenGL, Performance, GL_CLOSE_PATH_NV, High): GPU stall due to ReadPixels
[BoundaryRenderer] ✅ ISR: Loaded 1/1 features
04:30:54.211 ℹ️ [B2-PROOF] threeWayMatch mismatch matchId=3WM-001 poLineId=POL-001 grLineId=GRL-001 invLineId=IL-001 status=MATCH qtyVar=0 priceVar=0
04:30:54.213 ℹ️ [B2-PROOF] threeWayMatch mismatch matchId=3WM-002 poLineId=POL-002 grLineId=GRL-002 invLineId=IL-002 status=MATCH qtyVar=0 priceVar=0
04:30:54.213 ℹ️ [B2-PROOF] threeWayMatch mismatch matchId=3WM-003 poLineId=POL-003 grLineId=GRL-003 invLineId=IL-003 status=PRICE_EXCEPTION qtyVar=0 priceVar=50
04:30:54.214 ℹ️ [B2-PROOF] threeWayMatch mismatch matchId=3WM-004 poLineId=POL-004 grLineId=GRL-004 invLineId=IL-004 status=PRICE_EXCEPTION qtyVar=0 priceVar=0.5
04:30:54.215 ℹ️ [B2-PROOF] threeWayMatch mismatch matchId=3WM-005 poLineId=POL-005 grLineId=GRL-005 invLineId=IL-005 status=QTY_EXCEPTION qtyVar=2 priceVar=2
04:30:54.215 ℹ️ [B2-PROOF] threeWayMatch mismatch matchId=3WM-006 poLineId=POL-006 grLineId= invLineId= status=UNMATCHED qtyVar=N/A priceVar=N/A
04:30:54.216 ℹ️ [B2-PROOF] threeWayMatch unmatched invoice matchId=3WM-007 invLineId=IL-006 (no PO link)
04:30:54.216 ℹ️ [B2-PROOF] buildMatches complete: 15 match rows, 9 exceptions/unmatched, rebuilt=P2P.ThreeWayMatch,P2P.InvoiceToGLMatch,P2P.InvoiceToPaymentMatch
04:30:54.217 ℹ️ [B3-PROOF] buildSummaryData: 3 summary sheets, 35 formula cells (zero JS aggregation)
04:30:54.218 ℹ️ [MODULE] P2P loaded: 13 sheets (7 fact + 3 match + 3 summary), 127 columns
04:30:54.219 ℹ️ [MODULE]   FC1: P2P.RequisitionLines (12 cols)
04:30:54.219 ℹ️ [MODULE]   FC2: P2P.POLines (13 cols)
04:30:54.219 ℹ️ [MODULE]   FC3: P2P.GRLines (10 cols)
04:30:54.220 ℹ️ [MODULE]   FC4: P2P.InvoiceLines (16 cols)
04:30:54.220 ℹ️ [MODULE]   FC5: P2P.PaymentLines (14 cols)
04:30:54.220 ℹ️ [MODULE]   FC7: P2P.BankStatementLines (7 cols)
04:30:54.221 ℹ️ [MODULE]   FC6: P2P.GLPostingLines (11 cols)
04:30:54.221 ℹ️ [MODULE]   MC1: P2P.ThreeWayMatch (14 cols, 7 match rows)
04:30:54.222 ℹ️ [MODULE]   MC2: P2P.InvoiceToGLMatch (10 cols, 4 match rows)
04:30:54.222 ℹ️ [MODULE]   MC3: P2P.InvoiceToPaymentMatch (11 cols, 4 match rows)
04:30:54.222 ℹ️ [MODULE]   SC1: P2P.AP_Aging (2 cols, 13 formula rows)
04:30:54.223 ℹ️ [MODULE]   SC2: P2P.MatchRateSummary (2 cols, 7 formula rows)
04:30:54.223 ℹ️ [MODULE]   SC3: P2P.SpendByCategory (5 cols, 5 formula rows)
04:30:54.223 ℹ️ [MODULE] KPI bindings: 3 metrics → branch.p2p
04:30:54.224 ℹ️ [MODULE]   matchRate: P2P.MatchRateSummary!B8 (%)
04:30:54.224 ℹ️ [MODULE]   dpo: P2P.AP_Aging!B13 (days)
04:30:54.225 ℹ️ [MODULE]   outstanding: P2P.AP_Aging!B4 (USD)
04:30:54.225 ℹ️ [MODULE] P2P merged into tree: +27 nodes, +27 edges
[.WebGL-0x61440267ea00]GL Driver Message (OpenGL, Performance, GL_CLOSE_PATH_NV, High): GPU stall due to ReadPixels
[BoundaryRenderer] ✅ USA: Loaded 1/1 features
04:30:54.306 ℹ️ [BOUNDARY] containsll suite=PASS polygons=1 multipolygons=1 holes=0
04:30:54.307 ℹ️ [BOUNDARY] containsll hole-suite=PASS probes=3
04:30:54.308 ℹ️ [BOUNDARY] restore result=PASS renderer=BoundaryRenderer containsLL=PASS ISR=1 USA=1
04:30:54.308 ℹ️ [GATE] G3 status=PASS evidence=runtime-boundary-selftest
04:30:54.308 ℹ️ [UX] boundaries=ACTIVE mode=READ_ONLY
04:30:54.308 ℹ️ [BOUNDARY] voting-scope mode=BOUNDARY_ENABLED reason=boundary-pass
[.WebGL-0x61440267ea00]GL Driver Message (OpenGL, Performance, GL_CLOSE_PATH_NV, High): GPU stall due to ReadPixels (this message will no longer repeat)
04:30:54.370 ℹ️ [B2-PROOF] threeWayMatch unmatched invoice matchId=3WM-001 invLineId=undefined (no PO link)
04:30:54.371 ℹ️ [B2-PROOF] threeWayMatch unmatched invoice matchId=3WM-002 invLineId=undefined (no PO link)
04:30:54.371 ℹ️ [B2-PROOF] threeWayMatch unmatched invoice matchId=3WM-003 invLineId=undefined (no PO link)
04:30:54.372 ℹ️ [B2-PROOF] threeWayMatch unmatched invoice matchId=3WM-004 invLineId=undefined (no PO link)
04:30:54.372 ℹ️ [B2-PROOF] threeWayMatch unmatched invoice matchId=3WM-005 invLineId=undefined (no PO link)
04:30:54.373 ℹ️ [B2-PROOF] threeWayMatch unmatched invoice matchId=3WM-006 invLineId=undefined (no PO link)
04:30:54.374 ℹ️ [B2-PROOF] buildMatches complete: 8 match rows, 8 exceptions/unmatched, rebuilt=P2P.ThreeWayMatch,P2P.InvoiceToGLMatch,P2P.InvoiceToPaymentMatch,MFG.WOIssueMatch
04:30:54.374 ℹ️ [B3-PROOF] buildSummaryData: 1 summary sheets, 4 formula cells (zero JS aggregation)
04:30:54.375 ℹ️ [MODULE] MFG loaded: 6 sheets (4 fact + 1 match + 1 summary), 29 columns
04:30:54.375 ℹ️ [MODULE]   FC1: MFG.WorkOrders (5 cols)
04:30:54.376 ℹ️ [MODULE]   FC2: MFG.MaterialIssues (5 cols)
04:30:54.376 ℹ️ [MODULE]   FC3: MFG.ScrapEvents (5 cols)
04:30:54.376 ℹ️ [MODULE]   FC4: MFG.QualityChecks (4 cols)
04:30:54.377 ℹ️ [MODULE]   MC1: MFG.WOIssueMatch (8 cols, 0 match rows)
04:30:54.377 ℹ️ [MODULE]   SC1: MFG.ProductionSummary (2 cols, 4 formula rows)
04:30:54.378 ℹ️ [MODULE] KPI bindings: 1 metrics → branch.mfg
04:30:54.378 ℹ️ [MODULE]   issueCoverage: MFG.ProductionSummary!B4 (%)
04:30:54.378 ℹ️ [MODULE] MFG merged into tree: +13 nodes, +13 edges
04:30:54.433 ℹ️ [BOUNDARY] manifestLoaded countries=27
[BoundaryRenderer] Loading USA from data/boundaries/countries/USA-ADM0.geojson
04:30:54.785 ℹ️ [ROUTE] loaded 12 routes from group "p2p" (module: P2P)
04:30:54.787 ℹ️ [ROUTE]   p2p.requisition → P2P.RequisitionLines (keys: reqId, reqLineId)
04:30:54.787 ℹ️ [ROUTE]   p2p.purchaseOrder → P2P.POLines (keys: poId, poLineId)
04:30:54.787 ℹ️ [ROUTE]   p2p.goodsReceipt → P2P.GRLines (keys: grId, grLineId)
04:30:54.787 ℹ️ [ROUTE]   p2p.invoice → P2P.InvoiceLines (keys: invId, invLineId)
04:30:54.788 ℹ️ [ROUTE]   p2p.payment → P2P.PaymentLines (keys: paymentId, payLineId)
04:30:54.788 ℹ️ [ROUTE]   p2p.pr → P2P.RequisitionLines (keys: reqId, reqLineId)
04:30:54.788 ℹ️ [ROUTE]   p2p.po → P2P.POLines (keys: poId, poLineId)
04:30:54.788 ℹ️ [ROUTE]   p2p.gr → P2P.GRLines (keys: grId, grLineId)
04:30:54.789 ℹ️ [ROUTE]   p2p.inv → P2P.InvoiceLines (keys: invId, invLineId)
04:30:54.789 ℹ️ [ROUTE]   p2p.pay → P2P.PaymentLines (keys: paymentId, payLineId)
04:30:54.790 ℹ️ [ROUTE]   p2p.bankStatement → P2P.BankStatementLines (keys: bankLineId)
04:30:54.790 ℹ️ [ROUTE]   p2p.glPosting → P2P.GLPostingLines (keys: glDocId, glLineId)
[BOUNDARY] reuse id=boundary-USA-0-6c62914d
04:30:54.929 ℹ️ [BOUNDARY] skipMissing country=CAN reason=not_in_manifest
04:30:54.930 ℹ️ [BOUNDARY] skipMissing country=MEX reason=not_in_manifest
[BoundaryRenderer] Loading BRA from data/boundaries/countries/BRA-ADM0.geojson
04:30:54.992 ℹ️ [ROUTE] loaded 4 routes from group "mfg" (module: MFG)
04:30:54.993 ℹ️ [ROUTE]   mfg.workOrder → MFG.WorkOrders (keys: workOrderId)
04:30:54.993 ℹ️ [ROUTE]   mfg.materialIssue → MFG.MaterialIssues (keys: issueId)
04:30:54.994 ℹ️ [ROUTE]   mfg.scrapEvent → MFG.ScrapEvents (keys: scrapId)
04:30:54.994 ℹ️ [ROUTE]   mfg.qualityCheck → MFG.QualityChecks (keys: qcId)
04:30:54.996 ℹ️ [D1-AGG] trunk=trunk.avgol metrics=4 hash=0x663fa7ee
04:30:54.998 ℹ️ ✅ Demo tree rendered: Avgol @ Tel Aviv
04:30:55.003 ℹ️ [F2] clearedEdges=0 clearedScars=0
04:30:55.005 ℹ️ 🧹 Filament renderer cleared
04:30:55.005 ℹ️ 🌲 Rendering tree: 43 nodes, 42 edges
04:30:55.005 ℹ️ [THICKNESS] cell=1.00m spine=3.00m branch=24.00m trunk=30.00m root=12.00m
04:30:55.006 ℹ️ [GATE 4] Anchor marker rendered at (34.7818, 32.0853) - independent of buildings/terrain
04:30:55.007 ℹ️ [Phase 2.3] Root continuation: 1000m below anchor (aligned to ENU Up/Down)
04:30:55.011 ℹ️ [FilamentRenderer] ⏰ Timeboxes: 6 on trunk trunk.avgol
04:30:55.013 ℹ️ [GATE 2] Branch branch.operations:
04:30:55.014 ℹ️   Anchor: (34.7818, 32.0853)
04:30:55.015 ℹ️   ENU Start: (E=0, N=0, U=2000)
04:30:55.015 ℹ️   ENU End: (E=800, N=0, U=2000)
04:30:55.015 ℹ️   Branch Length: 800.0m (expected: 800m)
04:30:55.016 ℹ️   Length Error: 0.0m
04:30:55.019 ℹ️ [FilamentRenderer] ⏰ Timeboxes: 4 on branch branch.operations
04:30:55.020 ℹ️ [GATE 2] Branch branch.p2p:
04:30:55.020 ℹ️   Anchor: (34.7818, 32.0853)
04:30:55.020 ℹ️   ENU Start: (E=0, N=32, U=2000)
04:30:55.021 ℹ️   ENU End: (E=800, N=32, U=2000)
04:30:55.021 ℹ️   Branch Length: 800.0m (expected: 800m)
04:30:55.021 ℹ️   Length Error: 0.0m
04:30:55.022 ℹ️ [FilamentRenderer] ⏰ Timeboxes: 1 on branch branch.p2p
04:30:55.022 ℹ️ [GATE 2] Branch branch.p2p.fc1:
04:30:55.023 ℹ️   Anchor: (34.7818, 32.0853)
04:30:55.023 ℹ️   ENU Start: (E=0, N=64, U=2000)
04:30:55.023 ℹ️   ENU End: (E=800, N=64, U=2000)
04:30:55.024 ℹ️   Branch Length: 800.0m (expected: 800m)
04:30:55.024 ℹ️   Length Error: 0.0m
04:30:55.025 ℹ️ [FilamentRenderer] ⏰ Timeboxes: 1 on branch branch.p2p.fc1
04:30:55.025 ℹ️ [GATE 2] Branch branch.p2p.fc2:
04:30:55.026 ℹ️   Anchor: (34.7818, 32.0853)
04:30:55.026 ℹ️   ENU Start: (E=0, N=96, U=2000)
04:30:55.026 ℹ️   ENU End: (E=800, N=96, U=2000)
04:30:55.027 ℹ️   Branch Length: 800.0m (expected: 800m)
04:30:55.027 ℹ️   Length Error: 0.0m
04:30:55.028 ℹ️ [FilamentRenderer] ⏰ Timeboxes: 1 on branch branch.p2p.fc2
04:30:55.029 ℹ️ [GATE 2] Branch branch.p2p.fc3:
04:30:55.029 ℹ️   Anchor: (34.7818, 32.0853)
04:30:55.029 ℹ️   ENU Start: (E=0, N=128, U=2000)
04:30:55.030 ℹ️   ENU End: (E=800, N=128, U=2000)
04:30:55.030 ℹ️   Branch Length: 800.0m (expected: 800m)
04:30:55.030 ℹ️   Length Error: 0.0m
04:30:55.031 ℹ️ [FilamentRenderer] ⏰ Timeboxes: 1 on branch branch.p2p.fc3
04:30:55.031 ℹ️ [GATE 2] Branch branch.p2p.fc4:
04:30:55.032 ℹ️   Anchor: (34.7818, 32.0853)
04:30:55.032 ℹ️   ENU Start: (E=0, N=160, U=2000)
04:30:55.032 ℹ️   ENU End: (E=800, N=160, U=2000)
04:30:55.033 ℹ️   Branch Length: 800.0m (expected: 800m)
04:30:55.033 ℹ️   Length Error: 0.0m
04:30:55.034 ℹ️ [FilamentRenderer] ⏰ Timeboxes: 1 on branch branch.p2p.fc4
04:30:55.034 ℹ️ [GATE 2] Branch branch.p2p.fc5:
04:30:55.034 ℹ️   Anchor: (34.7818, 32.0853)
04:30:55.035 ℹ️   ENU Start: (E=0, N=192, U=2000)
04:30:55.035 ℹ️   ENU End: (E=800, N=192, U=2000)
04:30:55.035 ℹ️   Branch Length: 800.0m (expected: 800m)
04:30:55.035 ℹ️   Length Error: 0.0m
04:30:55.036 ℹ️ [FilamentRenderer] ⏰ Timeboxes: 1 on branch branch.p2p.fc5
04:30:55.036 ℹ️ [GATE 2] Branch branch.p2p.fc7:
04:30:55.037 ℹ️   Anchor: (34.7818, 32.0853)
04:30:55.037 ℹ️   ENU Start: (E=0, N=224, U=2000)
04:30:55.037 ℹ️   ENU End: (E=800, N=224, U=2000)
04:30:55.038 ℹ️   Branch Length: 800.0m (expected: 800m)
04:30:55.038 ℹ️   Length Error: 0.0m
04:30:55.039 ℹ️ [FilamentRenderer] ⏰ Timeboxes: 1 on branch branch.p2p.fc7
04:30:55.039 ℹ️ [GATE 2] Branch branch.p2p.fc6:
04:30:55.039 ℹ️   Anchor: (34.7818, 32.0853)
04:30:55.040 ℹ️   ENU Start: (E=0, N=256, U=2000)
04:30:55.040 ℹ️   ENU End: (E=800, N=256, U=2000)
04:30:55.040 ℹ️   Branch Length: 800.0m (expected: 800m)
04:30:55.041 ℹ️   Length Error: 0.0m
04:30:55.041 ℹ️ [FilamentRenderer] ⏰ Timeboxes: 1 on branch branch.p2p.fc6
04:30:55.041 ℹ️ [GATE 2] Branch branch.p2p.mc1:
04:30:55.042 ℹ️   Anchor: (34.7818, 32.0853)
04:30:55.042 ℹ️   ENU Start: (E=0, N=288, U=2000)
04:30:55.042 ℹ️   ENU End: (E=800, N=288, U=2000)
04:30:55.043 ℹ️   Branch Length: 800.0m (expected: 800m)
04:30:55.043 ℹ️   Length Error: 0.0m
04:30:55.043 ℹ️ [FilamentRenderer] ⏰ Timeboxes: 1 on branch branch.p2p.mc1
04:30:55.044 ℹ️ [GATE 2] Branch branch.p2p.mc2:
04:30:55.044 ℹ️   Anchor: (34.7818, 32.0853)
04:30:55.044 ℹ️   ENU Start: (E=0, N=320, U=2000)
04:30:55.045 ℹ️   ENU End: (E=800, N=320, U=2000)
04:30:55.045 ℹ️   Branch Length: 800.0m (expected: 800m)
04:30:55.046 ℹ️   Length Error: 0.0m
04:30:55.046 ℹ️ [FilamentRenderer] ⏰ Timeboxes: 1 on branch branch.p2p.mc2
04:30:55.047 ℹ️ [GATE 2] Branch branch.p2p.mc3:
04:30:55.047 ℹ️   Anchor: (34.7818, 32.0853)
04:30:55.047 ℹ️   ENU Start: (E=0, N=352, U=2000)
04:30:55.048 ℹ️   ENU End: (E=800, N=352, U=2000)
04:30:55.048 ℹ️   Branch Length: 800.0m (expected: 800m)
04:30:55.048 ℹ️   Length Error: 0.0m
04:30:55.049 ℹ️ [FilamentRenderer] ⏰ Timeboxes: 1 on branch branch.p2p.mc3
04:30:55.049 ℹ️ [GATE 2] Branch branch.p2p.sc1:
04:30:55.050 ℹ️   Anchor: (34.7818, 32.0853)
04:30:55.050 ℹ️   ENU Start: (E=0, N=384, U=2000)
04:30:55.050 ℹ️   ENU End: (E=800, N=384, U=2000)
04:30:55.051 ℹ️   Branch Length: 800.0m (expected: 800m)
04:30:55.051 ℹ️   Length Error: 0.0m
04:30:55.052 ℹ️ [FilamentRenderer] ⏰ Timeboxes: 1 on branch branch.p2p.sc1
04:30:55.052 ℹ️ [GATE 2] Branch branch.p2p.sc2:
04:30:55.052 ℹ️   Anchor: (34.7818, 32.0853)
04:30:55.053 ℹ️   ENU Start: (E=0, N=416, U=2000)
04:30:55.053 ℹ️   ENU End: (E=800, N=416, U=2000)
04:30:55.053 ℹ️   Branch Length: 800.0m (expected: 800m)
04:30:55.054 ℹ️   Length Error: 0.0m
04:30:55.055 ℹ️ [FilamentRenderer] ⏰ Timeboxes: 1 on branch branch.p2p.sc2
04:30:55.055 ℹ️ [GATE 2] Branch branch.p2p.sc3:
04:30:55.056 ℹ️   Anchor: (34.7818, 32.0853)
04:30:55.056 ℹ️   ENU Start: (E=0, N=448, U=2000)
04:30:55.057 ℹ️   ENU End: (E=800, N=448, U=2000)
04:30:55.057 ℹ️   Branch Length: 800.0m (expected: 800m)
04:30:55.057 ℹ️   Length Error: 0.0m
04:30:55.058 ℹ️ [FilamentRenderer] ⏰ Timeboxes: 1 on branch branch.p2p.sc3
04:30:55.058 ℹ️ [GATE 2] Branch branch.mfg:
04:30:55.059 ℹ️   Anchor: (34.7818, 32.0853)
04:30:55.059 ℹ️   ENU Start: (E=0, N=480, U=2000)
04:30:55.059 ℹ️   ENU End: (E=800, N=480, U=2000)
04:30:55.060 ℹ️   Branch Length: 800.0m (expected: 800m)
04:30:55.060 ℹ️   Length Error: 0.0m
04:30:55.061 ℹ️ [FilamentRenderer] ⏰ Timeboxes: 1 on branch branch.mfg
04:30:55.061 ℹ️ [GATE 2] Branch branch.mfg.fc1:
04:30:55.062 ℹ️   Anchor: (34.7818, 32.0853)
04:30:55.062 ℹ️   ENU Start: (E=0, N=512, U=2000)
04:30:55.062 ℹ️   ENU End: (E=800, N=512, U=2000)
04:30:55.063 ℹ️   Branch Length: 800.0m (expected: 800m)
04:30:55.063 ℹ️   Length Error: 0.0m
04:30:55.064 ℹ️ [FilamentRenderer] ⏰ Timeboxes: 1 on branch branch.mfg.fc1
04:30:55.064 ℹ️ [GATE 2] Branch branch.mfg.fc2:
04:30:55.065 ℹ️   Anchor: (34.7818, 32.0853)
04:30:55.065 ℹ️   ENU Start: (E=0, N=544, U=2000)
04:30:55.065 ℹ️   ENU End: (E=800, N=544, U=2000)
04:30:55.066 ℹ️   Branch Length: 800.0m (expected: 800m)
04:30:55.066 ℹ️   Length Error: 0.0m
04:30:55.067 ℹ️ [FilamentRenderer] ⏰ Timeboxes: 1 on branch branch.mfg.fc2
04:30:55.067 ℹ️ [GATE 2] Branch branch.mfg.fc3:
04:30:55.068 ℹ️   Anchor: (34.7818, 32.0853)
04:30:55.068 ℹ️   ENU Start: (E=0, N=576, U=2000)
04:30:55.068 ℹ️   ENU End: (E=800, N=576, U=2000)
04:30:55.069 ℹ️   Branch Length: 800.0m (expected: 800m)
04:30:55.069 ℹ️   Length Error: 0.0m
04:30:55.069 ℹ️ [FilamentRenderer] ⏰ Timeboxes: 1 on branch branch.mfg.fc3
04:30:55.070 ℹ️ [GATE 2] Branch branch.mfg.fc4:
04:30:55.070 ℹ️   Anchor: (34.7818, 32.0853)
04:30:55.070 ℹ️   ENU Start: (E=0, N=608, U=2000)
04:30:55.071 ℹ️   ENU End: (E=800, N=608, U=2000)
04:30:55.071 ℹ️   Branch Length: 800.0m (expected: 800m)
04:30:55.071 ℹ️   Length Error: 0.0m
04:30:55.072 ℹ️ [FilamentRenderer] ⏰ Timeboxes: 1 on branch branch.mfg.fc4
04:30:55.072 ℹ️ [GATE 2] Branch branch.mfg.mc1:
04:30:55.072 ℹ️   Anchor: (34.7818, 32.0853)
04:30:55.073 ℹ️   ENU Start: (E=0, N=640, U=2000)
04:30:55.073 ℹ️   ENU End: (E=800, N=640, U=2000)
04:30:55.073 ℹ️   Branch Length: 800.0m (expected: 800m)
04:30:55.074 ℹ️   Length Error: 0.0m
04:30:55.074 ℹ️ [FilamentRenderer] ⏰ Timeboxes: 1 on branch branch.mfg.mc1
04:30:55.074 ℹ️ [GATE 2] Branch branch.mfg.sc1:
04:30:55.075 ℹ️   Anchor: (34.7818, 32.0853)
04:30:55.075 ℹ️   ENU Start: (E=0, N=672, U=2000)
04:30:55.075 ℹ️   ENU End: (E=800, N=672, U=2000)
04:30:55.076 ℹ️   Branch Length: 800.0m (expected: 800m)
04:30:55.076 ℹ️   Length Error: 0.0m
04:30:55.077 ℹ️ [FilamentRenderer] ⏰ Timeboxes: 1 on branch branch.mfg.sc1
04:30:55.078 ℹ️ [VIS2] expandedSheetsAllowed=false scope=world
04:30:55.078 ℹ️ [VIS2] deptSpinesRendered count=3
04:30:55.079 ℹ️ [S1] SheetsRendered=0 Expected=0
04:30:55.079 ℹ️ [VIS2] companyCollapsed result=PASS sheetsRendered=0 lod=COMPANY scope=world expandedSheetsAllowed=false
04:30:55.080 ℹ️ [VIS2] sheetTilesRendered count=20
04:30:55.081 ℹ️ [VIS2] exitSheet collapsed=PASS expanded=0 tiles=20
04:30:55.082 ℹ️ [VIS3] flowOverlay result=PASS edges=42 exceptions=11 scope=world lod=COMPANY
04:30:55.082 ℹ️ [VIS3] trafficBarsRendered count=3
04:30:55.083 ℹ️ [VIS3] gate-summary result=PASS
04:30:55.084 ℹ️ [VIS4c] labelsRendered count=12 scope=company
04:30:55.085 ℹ️ [VIS4] slabsRendered scope=company objects=4 slabs=12 capped=false
04:30:55.086 ℹ️ [VIS4] companySlabs result=PASS deptBranches=3 trunkSlabs=6
04:30:55.086 ℹ️ [VIS4] gate-summary result=PASS
04:30:55.087 ℹ️ ✅ Tree rendered:
04:30:55.087 ℹ️   Primitives: 62 (trunk=1, branches=22, cell-filaments=0, spines=0, lane-polylines=0, lane-volumes=0, sheet-tiles=20, dept-spines=3, flow-bars=4, ex-overlays=0, route-highlights=0, slabs=12, vis6-pulses=0, presence-markers=0)
04:30:55.087 ℹ️   Entities: 44 (labels=1, cell-points=0, timebox-labels=43)
04:30:55.088 ℹ️ [LOD-BUDGET] frame sheetsDetailed=0 totalMarkers=0 totalPrims=62 totalEntities=44
04:30:55.088 ℹ️ [TOPOLOGY] ✅ All canonical invariants satisfied
04:30:55.089 ℹ️ [FilamentRenderer] ✅ Turgor force animation started
04:30:55.811 ℹ️ [GLOBE] worldTrunks synced added=5 total=6
04:30:55.813 ℹ️ [GLOBE] datasetLoad anchors=6
04:30:55.813 ℹ️ [UX] multiCountrySmoke=PASS anchors=6
04:30:55.814 ℹ️ 📷 Camera presets: Press 1=SheetTopDown, 2=SideProfile, 3=SheetFaceOn, 4=SpreadsheetProof, 5=SpineInspection
04:30:55.815 ℹ️ 🔒 LOD Lock: Press L to lock/unlock LOD at current level
04:30:55.816 ℹ️ 🎮 Free-fly pointer lock: Press ` (backquote) to toggle
04:30:55.819 ℹ️ [HUD] mode=FreeFly layer1=6 layer2=0
04:30:55.824 ℹ️ [UX] debugLogs=false
[BUILD] 2026-02-09T12:30Z ux-1.1-universal-object-contract
04:30:55.825 ℹ️ [UX-1.1-PROOF] type=trunk id=trunk.avgol scope=root actions=focusView,showKPIs,showTimeboxes,showBranches,cycleClusterLevel,focusNextRegion,loadGlobalCore
04:30:55.827 ℹ️ [UX-1.1-PROOF] type=branch id=branch.operations scope=trunk.avgol actions=focusView,showKPIs,showTimeboxes,showPressureSources,cycleClusterLevel,focusNextRegion,loadGlobalCore
04:30:55.827 ℹ️ [UX-1.1-PROOF] type=sheet id=sheet.packaging scope=branch.operations actions=focusView,showSchema,addColumn,addValidation,addSummaryBinding
04:30:55.828 ℹ️ [UX-1.1-PROOF] type=cell id=sheet.packaging.cell.0.0 scope=branch.operations actions=edit,viewDependencies,viewHistory,createValidation,lockScope
04:30:55.828 ℹ️ [UX-1.1-PROOF] type=match id=3WM-001 scope=branch.p2p.mc1 actions=inspectSources,viewVariance,setTolerance,markResolved
04:30:55.829 ℹ️ [UX-1.1-PROOF] type=route id=p2p.requisition scope=branch.p2p.fc1 actions=previewMapping,ingestTestRecord,showProvenance,editFieldMap
04:30:55.829 ℹ️ [UX-1.1-PROOF] type=module id=P2P scope=trunk.avgol actions=showAllSheets,showRoutes,showKPIBindings,showRecomputationChain
04:30:55.830 ℹ️ [UX-1.1] Universal Object Contract: 7 types resolved
04:30:55.831 ℹ️ [LOD] apply level=LANIAKEA sheetsDetailed=0 lanes=0 markers=0
[BoundaryRenderer] ✅ BRA: Loaded 1/1 features
[BoundaryRenderer] Loading ARG from data/boundaries/countries/ARG-ADM0.geojson
04:30:55.906 ℹ️ [GATE 4] Anchor marker rendered at (34.7818, 32.0853) - independent of buildings/terrain
04:30:55.909 ℹ️ [GATE 4] Anchor marker rendered at (-122.4194, 37.7749) - independent of buildings/terrain
04:30:55.910 ℹ️ [GATE 4] Anchor marker rendered at (-0.1276, 51.5072) - independent of buildings/terrain
04:30:55.911 ℹ️ [GATE 4] Anchor marker rendered at (77.2090, 28.6139) - independent of buildings/terrain
04:30:55.912 ℹ️ [GATE 4] Anchor marker rendered at (139.6917, 35.6895) - independent of buildings/terrain
04:30:55.913 ℹ️ [GATE 4] Anchor marker rendered at (-46.6333, -23.5505) - independent of buildings/terrain
04:30:55.913 ℹ️ [UX] debugLogs=false gateSpamSuppressed=true
04:30:55.919 ℹ️ [VIS2] expandedSheetsAllowed=false scope=world
04:30:55.920 ℹ️ [VIS2] deptSpinesRendered count=3
04:30:55.921 ℹ️ [VIS2] sheetTilesRendered count=20
04:30:55.922 ℹ️ [LOD-BUDGET] frame sheetsDetailed=0 totalMarkers=0 totalPrims=51 totalEntities=52
04:30:56.046 ℹ️ [LOD] apply level=PLANETARY sheetsDetailed=0 lanes=0 markers=0
04:30:56.174 ℹ️ [HUD] paramsLoaded version=HUD-PARAMS-v0 policyRef=local:HUD-PARAMS-v0
[BoundaryRenderer] ✅ ARG: Loaded 1/1 features
[BoundaryRenderer] Loading GBR from data/boundaries/countries/GBR-ADM0.geojson
04:30:56.320 ℹ️ [LOD] apply level=REGION sheetsDetailed=0 lanes=0 markers=0
04:30:56.496 ℹ️ [GATE 4] Anchor marker rendered at (34.7818, 32.0853) - independent of buildings/terrain
04:30:56.498 ℹ️ [GATE 4] Anchor marker rendered at (-122.4194, 37.7749) - independent of buildings/terrain
04:30:56.499 ℹ️ [GATE 4] Anchor marker rendered at (-0.1276, 51.5072) - independent of buildings/terrain
04:30:56.499 ℹ️ [GATE 4] Anchor marker rendered at (77.2090, 28.6139) - independent of buildings/terrain
04:30:56.500 ℹ️ [GATE 4] Anchor marker rendered at (139.6917, 35.6895) - independent of buildings/terrain
04:30:56.500 ℹ️ [GATE 4] Anchor marker rendered at (-46.6333, -23.5505) - independent of buildings/terrain
04:30:56.504 ℹ️ [VIS2] expandedSheetsAllowed=false scope=world
04:30:56.505 ℹ️ [VIS2] deptSpinesRendered count=3
04:30:56.506 ℹ️ [VIS2] sheetTilesRendered count=20
04:30:56.507 ℹ️ [LOD-BUDGET] frame sheetsDetailed=0 totalMarkers=0 totalPrims=51 totalEntities=52
[VIS6C] wsConnect url=ws://127.0.0.1:4030/vis6
[BoundaryRenderer] ✅ GBR: Loaded 1/1 features
[BoundaryRenderer] Loading FRA from data/boundaries/countries/FRA-ADM0.geojson
04:30:56.717 ℹ️ [LOD] apply level=COMPANY requestedSheetsDetailed=0 effectiveSheetsDetailed=0 lanes=0 markers=0 reason=collapsedByPolicy distKm=13.0
04:30:57.239 ℹ️ [GATE 4] Anchor marker rendered at (34.7818, 32.0853) - independent of buildings/terrain
04:30:57.242 ℹ️ [GATE 4] Anchor marker rendered at (-122.4194, 37.7749) - independent of buildings/terrain
04:30:57.243 ℹ️ [GATE 4] Anchor marker rendered at (-0.1276, 51.5072) - independent of buildings/terrain
04:30:57.244 ℹ️ [GATE 4] Anchor marker rendered at (77.2090, 28.6139) - independent of buildings/terrain
04:30:57.245 ℹ️ [GATE 4] Anchor marker rendered at (139.6917, 35.6895) - independent of buildings/terrain
04:30:57.246 ℹ️ [GATE 4] Anchor marker rendered at (-46.6333, -23.5505) - independent of buildings/terrain
04:30:57.252 ℹ️ [VIS2] expandedSheetsAllowed=false scope=world
04:30:57.253 ℹ️ [VIS2] deptSpinesRendered count=3
04:30:57.253 ℹ️ [VIS2] companyCollapsed result=PASS sheetsRendered=0 lod=COMPANY scope=world expandedSheetsAllowed=false
04:30:57.254 ℹ️ [VIS2] sheetTilesRendered count=20
04:30:57.255 ℹ️ [VIS3] flowOverlay result=PASS edges=42 exceptions=11 scope=world lod=COMPANY
04:30:57.256 ℹ️ [VIS3] trafficBarsRendered count=3
04:30:57.256 ℹ️ [VIS3] gate-summary result=PASS
04:30:57.259 ℹ️ [VIS4c] labelsRendered count=27 scope=company
04:30:57.260 ℹ️ [VIS4] slabsRendered scope=company objects=9 slabs=27 capped=false
04:30:57.260 ℹ️ [VIS4] companySlabs result=PASS deptBranches=3 trunkSlabs=21
04:30:57.261 ℹ️ [VIS4] gate-summary result=PASS
04:30:57.261 ℹ️ [LOD-BUDGET] frame sheetsDetailed=0 totalMarkers=0 totalPrims=82 totalEntities=79
[BoundaryRenderer] ✅ FRA: Loaded 1/1 features
[BoundaryRenderer] Loading DEU from data/boundaries/countries/DEU-ADM0.geojson
[BoundaryRenderer] ✅ DEU: Loaded 1/1 features
[BoundaryRenderer] Loading NLD from data/boundaries/countries/NLD-ADM0.geojson
[BoundaryRenderer] ✅ NLD: Loaded 1/1 features
[BoundaryRenderer] Loading EGY from data/boundaries/countries/EGY-ADM0.geojson
WebSocket connection to 'ws://127.0.0.1:4030/vis6' failed: Error in connection establishment: net::ERR_CONNECTION_REFUSED
[VIS6C] wsClose code=1006 reason=none
[BoundaryRenderer] ✅ EGY: Loaded 1/1 features
[BoundaryRenderer] Loading SAU from data/boundaries/countries/SAU-ADM0.geojson
04:30:59.619 ℹ️ [GATE 4] Anchor marker rendered at (34.7818, 32.0853) - independent of buildings/terrain
04:30:59.621 ℹ️ [GATE 4] Anchor marker rendered at (-122.4194, 37.7749) - independent of buildings/terrain
04:30:59.623 ℹ️ [GATE 4] Anchor marker rendered at (-0.1276, 51.5072) - independent of buildings/terrain
04:30:59.625 ℹ️ [GATE 4] Anchor marker rendered at (77.2090, 28.6139) - independent of buildings/terrain
04:30:59.626 ℹ️ [GATE 4] Anchor marker rendered at (139.6917, 35.6895) - independent of buildings/terrain
04:30:59.627 ℹ️ [GATE 4] Anchor marker rendered at (-46.6333, -23.5505) - independent of buildings/terrain
04:30:59.642 ℹ️ [VIS2] expandedSheetsAllowed=false scope=world
04:30:59.644 ℹ️ [VIS2] deptSpinesRendered count=3
04:30:59.645 ℹ️ [VIS2] companyCollapsed result=PASS sheetsRendered=0 lod=COMPANY scope=world expandedSheetsAllowed=false
04:30:59.646 ℹ️ [VIS2] sheetTilesRendered count=20
04:30:59.649 ℹ️ [LOD-BUDGET] frame sheetsDetailed=0 totalMarkers=0 totalPrims=82 totalEntities=79
[BoundaryRenderer] ✅ SAU: Loaded 1/1 features
[BoundaryRenderer] Loading IND from data/boundaries/countries/IND-ADM0.geojson
[BoundaryRenderer] ✅ IND: Loaded 1/1 features
[BoundaryRenderer] Loading CHN from data/boundaries/countries/CHN-ADM0.geojson
[BoundaryRenderer] ✅ CHN: Loaded 1/1 features
[BoundaryRenderer] Loading KOR from data/boundaries/countries/KOR-ADM0.geojson
[BoundaryRenderer] ✅ KOR: Loaded 1/1 features
[BoundaryRenderer] Loading ISR from data/boundaries/countries/ISR-ADM0.geojson
[BOUNDARY] reuse id=boundary-ISR-0-0050ba14
04:31:01.951 ℹ️ [GLOBE] country-set id=global-core loaded=26
[BoundaryRenderer] Loading USA from data/boundaries/countries/USA-ADM0.geojson
[BoundaryRenderer] Loading USA from data/boundaries/countries/USA-ADM0.geojson
[VIS6C] wsConnect url=ws://127.0.0.1:4030/vis6
[VIS6C] wsOpen url=ws://127.0.0.1:4030/vis6
04:31:02.986 ℹ️ [GLOBE] focus country=USA
04:31:02.987 ℹ️ [GLOBE] focus region=north-america
04:31:02.988 ℹ️ [GLOBE] hierarchy init cluster=globe countries=11
[BoundaryRenderer] Loading USA from data/boundaries/countries/USA-ADM0.geojson
04:31:02.990 ℹ️ [VIS6B] eventAccepted id=ws-evt-1 type=TIMEBOX_APPEARED owner=trunk.avgol dept=none sheet=none timebox=T-WS-1
04:31:02.991 ℹ️ [VIS6] timeboxPulse owner=trunk.avgol timeboxId=T-WS-1 scope=company
04:31:02.992 ℹ️ [VIS6B] pulseTriggered id=ws-evt-1 owner=trunk.avgol timebox=T-WS-1 scope=company
[VIS6C] wsMessage accepted=1 dropped=0
04:31:03.096 ℹ️ [VIS6B] eventAccepted id=ws-evt-2 type=TIMEBOX_APPEARED owner=trunk.world.anchor-us dept=trunk.world.anchor-us sheet=none timebox=T-WS-2
04:31:03.098 ℹ️ [VIS6] timeboxPulse owner=trunk.world.anchor-us timeboxId=T-WS-2 scope=company
04:31:03.098 ℹ️ [VIS6B] pulseTriggered id=ws-evt-2 owner=trunk.world.anchor-us timebox=T-WS-2 scope=company
04:31:03.099 ℹ️ [VIS6B] eventAccepted id=ws-evt-3 type=TIMEBOX_APPEARED owner=trunk.world.anchor-gb dept=trunk.world.anchor-gb sheet=none timebox=T-WS-3
04:31:03.099 ℹ️ [VIS6] timeboxPulse owner=trunk.world.anchor-gb timeboxId=T-WS-3 scope=company
04:31:03.100 ℹ️ [VIS6B] pulseTriggered id=ws-evt-3 owner=trunk.world.anchor-gb timebox=T-WS-3 scope=company
04:31:03.100 ℹ️ [VIS6B] eventAccepted id=ws-evt-4 type=TIMEBOX_APPEARED owner=trunk.world.anchor-gb dept=trunk.world.anchor-gb sheet=none timebox=T-WS-3
04:31:03.100 ℹ️ [VIS6B] pulseCoalesced owner=trunk.world.anchor-gb timebox=T-WS-3 merged=2
04:31:03.101 ℹ️ [VIS6B] eventAccepted id=ws-evt-5 type=TIMEBOX_APPEARED owner=trunk.avgol dept=none sheet=none timebox=T-WS-5
04:31:03.102 ℹ️ [VIS6] timeboxPulse owner=trunk.avgol timeboxId=T-WS-5 scope=company
04:31:03.102 ℹ️ [VIS6B] pulseTriggered id=ws-evt-5 owner=trunk.avgol timebox=T-WS-5 scope=company
[VIS6C] drop reason=bad_json
[VIS6C] drop reason=missing_fields
[VIS6C] drop reason=bad_ts
04:31:03.110 ℹ️ [LOD] apply level=REGION sheetsDetailed=0 lanes=0 markers=0
04:31:03.271 ℹ️ [GATE 4] Anchor marker rendered at (34.7818, 32.0853) - independent of buildings/terrain
04:31:03.273 ℹ️ [GATE 4] Anchor marker rendered at (-122.4194, 37.7749) - independent of buildings/terrain
04:31:03.274 ℹ️ [GATE 4] Anchor marker rendered at (-0.1276, 51.5072) - independent of buildings/terrain
04:31:03.275 ℹ️ [GATE 4] Anchor marker rendered at (77.2090, 28.6139) - independent of buildings/terrain
04:31:03.275 ℹ️ [GATE 4] Anchor marker rendered at (139.6917, 35.6895) - independent of buildings/terrain
04:31:03.276 ℹ️ [GATE 4] Anchor marker rendered at (-46.6333, -23.5505) - independent of buildings/terrain
04:31:03.281 ℹ️ [VIS2] expandedSheetsAllowed=false scope=world
04:31:03.281 ℹ️ [VIS2] deptSpinesRendered count=3
04:31:03.282 ℹ️ [VIS2] sheetTilesRendered count=20
04:31:03.282 ℹ️ [LOD-BUDGET] frame sheetsDetailed=0 totalMarkers=0 totalPrims=51 totalEntities=52
04:31:03.283 ℹ️ [LOD] apply level=PLANETARY sheetsDetailed=0 lanes=0 markers=0
[VIS6C] wsClose code=1000 reason=proof-sequence-complete
04:31:03.453 ℹ️ [LOD] apply level=LANIAKEA sheetsDetailed=0 lanes=0 markers=0
[BoundaryRenderer] Loading ISR from data/boundaries/countries/ISR-ADM0.geojson
04:31:03.715 ℹ️ [GATE 4] Anchor marker rendered at (34.7818, 32.0853) - independent of buildings/terrain
04:31:03.718 ℹ️ [GATE 4] Anchor marker rendered at (-122.4194, 37.7749) - independent of buildings/terrain
04:31:03.719 ℹ️ [GATE 4] Anchor marker rendered at (-0.1276, 51.5072) - independent of buildings/terrain
04:31:03.720 ℹ️ [GATE 4] Anchor marker rendered at (77.2090, 28.6139) - independent of buildings/terrain
04:31:03.720 ℹ️ [GATE 4] Anchor marker rendered at (139.6917, 35.6895) - independent of buildings/terrain
04:31:03.721 ℹ️ [GATE 4] Anchor marker rendered at (-46.6333, -23.5505) - independent of buildings/terrain
04:31:03.726 ℹ️ [VIS2] expandedSheetsAllowed=false scope=world
04:31:03.727 ℹ️ [VIS2] deptSpinesRendered count=3
04:31:03.727 ℹ️ [VIS2] sheetTilesRendered count=20
04:31:03.728 ℹ️ [LOD-BUDGET] frame sheetsDetailed=0 totalMarkers=0 totalPrims=51 totalEntities=52
04:31:04.086 ℹ️ [VIS6] pulseComplete owner=trunk.avgol timeboxId=T-WS-1
04:31:04.087 ℹ️ [VIS6] pulseComplete owner=trunk.world.anchor-us timeboxId=T-WS-2
04:31:04.088 ℹ️ [VIS6] pulseComplete owner=trunk.world.anchor-gb timeboxId=T-WS-3
04:31:04.088 ℹ️ [VIS6] pulseComplete owner=trunk.avgol timeboxId=T-WS-5
04:31:04.239 ℹ️ [GLOBE] country-set id=global-core loaded=26
04:31:04.241 ℹ️ [GLOBE] cluster level=globe focusCountry=USA

--- VIS-6c proof ---
[VIS6C] baseline slabCount=27
[VIS6C] ownerIds=["trunk.avgol","trunk.world.anchor-us","trunk.world.anchor-gb"]
[WS-SERVER] listening on ws://127.0.0.1:4030/vis6
[WS-SERVER] client connected, sending test sequence
[VIS6C] connect ok=true reason=none
[VIS6C] disconnect ok=true
[VIS6C] transportState connected=false accepted=5 dropped=3
[VIS6C] vis6bState seen=5 stats={"accepted":5,"triggered":4,"coalesced":1,"dropped":1} dropped={"unknownOwner":0,"unknownDept":0,"capDrops":0,"dupDrops":1}
--- VIS-6c Proof Checklist ---
[VIS6C] wsConnect PRESENT
[VIS6C] wsOpen PRESENT
[VIS6C] wsClose PRESENT
[VIS6C] drop bad_json PRESENT
[VIS6C] drop missing_fields PRESENT
[VIS6C] drop bad_ts PRESENT
[VIS6B] eventAccepted PRESENT
[VIS6B] pulseTriggered PRESENT
[VIS2] companyCollapsed PRESENT
[VIS2] sheetTiles PRESENT
[VIS4] gate-summary result=PASS
[VIS6C] noErrors PASS
[VIS6C] gate-summary result=PASS