[ENU] Coordinate system loaded - all geometry in meters
20:47:54.506 â„¹ï¸ [Z] mode=DRAFT user=local target=none previous=INIT
20:47:54.523 â„¹ï¸ ðŸš€ Relay Cesium World starting...
20:47:54.525 â„¹ï¸ ðŸŒ Initializing Cesium Viewer...
20:47:54.525 â„¹ï¸ âœ… Terrain provider created (Ellipsoid)
20:47:54.526 â„¹ï¸ âœ… Imagery provider created (OpenStreetMap tiles loading...)
20:47:54.556 â„¹ï¸ âœ… Viewer created
20:47:54.558 â„¹ï¸ [GLOBE] imagery mode=osm provider=OpenStreetMap
20:47:54.559 â„¹ï¸ â„¹ï¸ 3D Buildings skipped (no Cesium Ion token configured)
20:47:54.560 âš ï¸ âš ï¸ Buildings marked as DEGRADED
20:47:54.560 â„¹ï¸ ðŸŒ Cesium Viewer initialized successfully
20:47:54.561 â„¹ï¸ [GLOBE] services weatherBase=http://127.0.0.1:4020
20:47:54.561 â„¹ï¸ [GLOBE] imagery registry enabled modes=local,clean-street,satellite,hybrid,osm,dark,minimalist
20:47:54.561 â„¹ï¸ [CAM] restore-POV disabled for testing
20:47:54.562 â„¹ï¸ [FilamentRenderer] Initialized (Phase 2.1 Primitives)
[RelationshipRenderer] Initialized
[RelationshipRenderer] Cleared all relationships
20:47:54.562 â„¹ï¸ [F2] clearedEdges=0 clearedScars=0
20:47:54.563 â„¹ï¸ ðŸ§¹ Filament renderer cleared
[BoundaryRenderer] DataSource created and added to viewer
[BoundaryRenderer] Initialized
20:47:54.563 â„¹ï¸ ðŸŒ Loading boundaries (fail-soft)...
[BoundaryRenderer] Loading ISR from data/boundaries/countries/ISR-ADM0.geojson
[BoundaryRenderer] Loading USA from data/boundaries/countries/USA-ADM0.geojson
20:47:54.564 â„¹ï¸ [BOUNDARY-EDITOR] Initialized
20:47:54.565 â„¹ï¸ ðŸŒ² Loading demo tree...
[GroupMarkerNotSet(crbug.com/242999)!:A0702400E4360000]Automatic fallback to software WebGL has been deprecated. Please use the --enable-unsafe-swiftshader (about:flags#enable-unsafe-swiftshader) flag to opt in to lower security guarantees for trusted content.
[.WebGL-0x5d402272300]GL Driver Message (OpenGL, Performance, GL_CLOSE_PATH_NV, High): GPU stall due to ReadPixels
[.WebGL-0x5d402272300]GL Driver Message (OpenGL, Performance, GL_CLOSE_PATH_NV, High): GPU stall due to ReadPixels
[BoundaryRenderer] âœ… ISR: Loaded 1/1 features
20:47:54.715 â„¹ï¸ [B2-PROOF] threeWayMatch mismatch matchId=3WM-001 poLineId=POL-001 grLineId=GRL-001 invLineId=IL-001 status=MATCH qtyVar=0 priceVar=0
20:47:54.716 â„¹ï¸ [B2-PROOF] threeWayMatch mismatch matchId=3WM-002 poLineId=POL-002 grLineId=GRL-002 invLineId=IL-002 status=MATCH qtyVar=0 priceVar=0
20:47:54.716 â„¹ï¸ [B2-PROOF] threeWayMatch mismatch matchId=3WM-003 poLineId=POL-003 grLineId=GRL-003 invLineId=IL-003 status=PRICE_EXCEPTION qtyVar=0 priceVar=50
20:47:54.716 â„¹ï¸ [B2-PROOF] threeWayMatch mismatch matchId=3WM-004 poLineId=POL-004 grLineId=GRL-004 invLineId=IL-004 status=PRICE_EXCEPTION qtyVar=0 priceVar=0.5
20:47:54.716 â„¹ï¸ [B2-PROOF] threeWayMatch mismatch matchId=3WM-005 poLineId=POL-005 grLineId=GRL-005 invLineId=IL-005 status=QTY_EXCEPTION qtyVar=2 priceVar=2
20:47:54.717 â„¹ï¸ [B2-PROOF] threeWayMatch mismatch matchId=3WM-006 poLineId=POL-006 grLineId= invLineId= status=UNMATCHED qtyVar=N/A priceVar=N/A
20:47:54.717 â„¹ï¸ [B2-PROOF] threeWayMatch unmatched invoice matchId=3WM-007 invLineId=IL-006 (no PO link)
20:47:54.717 â„¹ï¸ [B2-PROOF] buildMatches complete: 15 match rows, 9 exceptions/unmatched, rebuilt=P2P.ThreeWayMatch,P2P.InvoiceToGLMatch,P2P.InvoiceToPaymentMatch
20:47:54.718 â„¹ï¸ [B3-PROOF] buildSummaryData: 3 summary sheets, 35 formula cells (zero JS aggregation)
20:47:54.719 â„¹ï¸ [MODULE] P2P loaded: 13 sheets (7 fact + 3 match + 3 summary), 127 columns
20:47:54.719 â„¹ï¸ [MODULE]   FC1: P2P.RequisitionLines (12 cols)
20:47:54.719 â„¹ï¸ [MODULE]   FC2: P2P.POLines (13 cols)
20:47:54.720 â„¹ï¸ [MODULE]   FC3: P2P.GRLines (10 cols)
20:47:54.720 â„¹ï¸ [MODULE]   FC4: P2P.InvoiceLines (16 cols)
20:47:54.720 â„¹ï¸ [MODULE]   FC5: P2P.PaymentLines (14 cols)
20:47:54.720 â„¹ï¸ [MODULE]   FC7: P2P.BankStatementLines (7 cols)
20:47:54.720 â„¹ï¸ [MODULE]   FC6: P2P.GLPostingLines (11 cols)
20:47:54.721 â„¹ï¸ [MODULE]   MC1: P2P.ThreeWayMatch (14 cols, 7 match rows)
20:47:54.721 â„¹ï¸ [MODULE]   MC2: P2P.InvoiceToGLMatch (10 cols, 4 match rows)
20:47:54.721 â„¹ï¸ [MODULE]   MC3: P2P.InvoiceToPaymentMatch (11 cols, 4 match rows)
20:47:54.721 â„¹ï¸ [MODULE]   SC1: P2P.AP_Aging (2 cols, 13 formula rows)
20:47:54.721 â„¹ï¸ [MODULE]   SC2: P2P.MatchRateSummary (2 cols, 7 formula rows)
20:47:54.722 â„¹ï¸ [MODULE]   SC3: P2P.SpendByCategory (5 cols, 5 formula rows)
20:47:54.722 â„¹ï¸ [MODULE] KPI bindings: 3 metrics â†’ branch.p2p
20:47:54.722 â„¹ï¸ [MODULE]   matchRate: P2P.MatchRateSummary!B8 (%)
20:47:54.722 â„¹ï¸ [MODULE]   dpo: P2P.AP_Aging!B13 (days)
20:47:54.723 â„¹ï¸ [MODULE]   outstanding: P2P.AP_Aging!B4 (USD)
20:47:54.723 â„¹ï¸ [MODULE] P2P merged into tree: +27 nodes, +27 edges
[.WebGL-0x5d402272300]GL Driver Message (OpenGL, Performance, GL_CLOSE_PATH_NV, High): GPU stall due to ReadPixels
[BoundaryRenderer] âœ… USA: Loaded 1/1 features
20:47:54.768 â„¹ï¸ [BOUNDARY] containsll suite=PASS polygons=1 multipolygons=1 holes=0
20:47:54.769 â„¹ï¸ [BOUNDARY] containsll hole-suite=PASS probes=3
20:47:54.769 â„¹ï¸ [BOUNDARY] restore result=PASS renderer=BoundaryRenderer containsLL=PASS ISR=1 USA=1
20:47:54.769 â„¹ï¸ [GATE] G3 status=PASS evidence=runtime-boundary-selftest
20:47:54.770 â„¹ï¸ [UX] boundaries=ACTIVE mode=READ_ONLY
20:47:54.770 â„¹ï¸ [BOUNDARY] voting-scope mode=BOUNDARY_ENABLED reason=boundary-pass
[.WebGL-0x5d402272300]GL Driver Message (OpenGL, Performance, GL_CLOSE_PATH_NV, High): GPU stall due to ReadPixels (this message will no longer repeat)
20:47:54.811 â„¹ï¸ [B2-PROOF] threeWayMatch unmatched invoice matchId=3WM-001 invLineId=undefined (no PO link)
20:47:54.812 â„¹ï¸ [B2-PROOF] threeWayMatch unmatched invoice matchId=3WM-002 invLineId=undefined (no PO link)
20:47:54.813 â„¹ï¸ [B2-PROOF] threeWayMatch unmatched invoice matchId=3WM-003 invLineId=undefined (no PO link)
20:47:54.813 â„¹ï¸ [B2-PROOF] threeWayMatch unmatched invoice matchId=3WM-004 invLineId=undefined (no PO link)
20:47:54.813 â„¹ï¸ [B2-PROOF] threeWayMatch unmatched invoice matchId=3WM-005 invLineId=undefined (no PO link)
20:47:54.813 â„¹ï¸ [B2-PROOF] threeWayMatch unmatched invoice matchId=3WM-006 invLineId=undefined (no PO link)
20:47:54.814 â„¹ï¸ [B2-PROOF] buildMatches complete: 8 match rows, 8 exceptions/unmatched, rebuilt=P2P.ThreeWayMatch,P2P.InvoiceToGLMatch,P2P.InvoiceToPaymentMatch,MFG.WOIssueMatch
20:47:54.814 â„¹ï¸ [B3-PROOF] buildSummaryData: 1 summary sheets, 4 formula cells (zero JS aggregation)
20:47:54.814 â„¹ï¸ [MODULE] MFG loaded: 6 sheets (4 fact + 1 match + 1 summary), 29 columns
20:47:54.814 â„¹ï¸ [MODULE]   FC1: MFG.WorkOrders (5 cols)
20:47:54.815 â„¹ï¸ [MODULE]   FC2: MFG.MaterialIssues (5 cols)
20:47:54.815 â„¹ï¸ [MODULE]   FC3: MFG.ScrapEvents (5 cols)
20:47:54.815 â„¹ï¸ [MODULE]   FC4: MFG.QualityChecks (4 cols)
20:47:54.815 â„¹ï¸ [MODULE]   MC1: MFG.WOIssueMatch (8 cols, 0 match rows)
20:47:54.816 â„¹ï¸ [MODULE]   SC1: MFG.ProductionSummary (2 cols, 4 formula rows)
20:47:54.816 â„¹ï¸ [MODULE] KPI bindings: 1 metrics â†’ branch.mfg
20:47:54.816 â„¹ï¸ [MODULE]   issueCoverage: MFG.ProductionSummary!B4 (%)
20:47:54.816 â„¹ï¸ [MODULE] MFG merged into tree: +13 nodes, +13 edges
20:47:54.836 â„¹ï¸ [BOUNDARY] manifestLoaded countries=27
[BoundaryRenderer] Loading USA from data/boundaries/countries/USA-ADM0.geojson
20:47:54.874 â„¹ï¸ [ROUTE] loaded 12 routes from group "p2p" (module: P2P)
20:47:54.874 â„¹ï¸ [ROUTE]   p2p.requisition â†’ P2P.RequisitionLines (keys: reqId, reqLineId)
20:47:54.875 â„¹ï¸ [ROUTE]   p2p.purchaseOrder â†’ P2P.POLines (keys: poId, poLineId)
20:47:54.875 â„¹ï¸ [ROUTE]   p2p.goodsReceipt â†’ P2P.GRLines (keys: grId, grLineId)
20:47:54.875 â„¹ï¸ [ROUTE]   p2p.invoice â†’ P2P.InvoiceLines (keys: invId, invLineId)
20:47:54.875 â„¹ï¸ [ROUTE]   p2p.payment â†’ P2P.PaymentLines (keys: paymentId, payLineId)
20:47:54.876 â„¹ï¸ [ROUTE]   p2p.pr â†’ P2P.RequisitionLines (keys: reqId, reqLineId)
20:47:54.876 â„¹ï¸ [ROUTE]   p2p.po â†’ P2P.POLines (keys: poId, poLineId)
20:47:54.876 â„¹ï¸ [ROUTE]   p2p.gr â†’ P2P.GRLines (keys: grId, grLineId)
20:47:54.876 â„¹ï¸ [ROUTE]   p2p.inv â†’ P2P.InvoiceLines (keys: invId, invLineId)
20:47:54.877 â„¹ï¸ [ROUTE]   p2p.pay â†’ P2P.PaymentLines (keys: paymentId, payLineId)
20:47:54.877 â„¹ï¸ [ROUTE]   p2p.bankStatement â†’ P2P.BankStatementLines (keys: bankLineId)
20:47:54.877 â„¹ï¸ [ROUTE]   p2p.glPosting â†’ P2P.GLPostingLines (keys: glDocId, glLineId)
[BOUNDARY] reuse id=boundary-USA-0-6c62914d
20:47:54.930 â„¹ï¸ [BOUNDARY] skipMissing country=CAN reason=not_in_manifest
20:47:54.930 â„¹ï¸ [BOUNDARY] skipMissing country=MEX reason=not_in_manifest
[BoundaryRenderer] Loading BRA from data/boundaries/countries/BRA-ADM0.geojson
20:47:54.949 â„¹ï¸ [ROUTE] loaded 4 routes from group "mfg" (module: MFG)
20:47:54.949 â„¹ï¸ [ROUTE]   mfg.workOrder â†’ MFG.WorkOrders (keys: workOrderId)
20:47:54.949 â„¹ï¸ [ROUTE]   mfg.materialIssue â†’ MFG.MaterialIssues (keys: issueId)
20:47:54.950 â„¹ï¸ [ROUTE]   mfg.scrapEvent â†’ MFG.ScrapEvents (keys: scrapId)
20:47:54.950 â„¹ï¸ [ROUTE]   mfg.qualityCheck â†’ MFG.QualityChecks (keys: qcId)
20:47:54.951 â„¹ï¸ [D1-AGG] trunk=trunk.avgol metrics=4 hash=0x663fa7ee
20:47:54.952 â„¹ï¸ âœ… Demo tree rendered: Avgol @ Tel Aviv
20:47:54.955 â„¹ï¸ [F2] clearedEdges=0 clearedScars=0
20:47:54.956 â„¹ï¸ ðŸ§¹ Filament renderer cleared
20:47:54.956 â„¹ï¸ ðŸŒ² Rendering tree: 43 nodes, 42 edges
20:47:54.956 â„¹ï¸ [THICKNESS] cell=1.00m spine=3.00m branch=24.00m trunk=30.00m root=12.00m
20:47:54.957 â„¹ï¸ [GATE 4] Anchor marker rendered at (34.7818, 32.0853) - independent of buildings/terrain
20:47:54.958 â„¹ï¸ [Phase 2.3] Root continuation: 1000m below anchor (aligned to ENU Up/Down)
20:47:54.959 â„¹ï¸ [FilamentRenderer] â° Timeboxes: 6 on trunk trunk.avgol
20:47:54.961 â„¹ï¸ [GATE 2] Branch branch.operations:
20:47:54.961 â„¹ï¸   Anchor: (34.7818, 32.0853)
20:47:54.961 â„¹ï¸   ENU Start: (E=0, N=0, U=2000)
20:47:54.962 â„¹ï¸   ENU End: (E=800, N=0, U=2000)
20:47:54.962 â„¹ï¸   Branch Length: 800.0m (expected: 800m)
20:47:54.962 â„¹ï¸   Length Error: 0.0m
20:47:54.963 â„¹ï¸ [FilamentRenderer] â° Timeboxes: 4 on branch branch.operations
20:47:54.964 â„¹ï¸ [GATE 2] Branch branch.p2p:
20:47:54.964 â„¹ï¸   Anchor: (34.7818, 32.0853)
20:47:54.964 â„¹ï¸   ENU Start: (E=0, N=32, U=2000)
20:47:54.964 â„¹ï¸   ENU End: (E=800, N=32, U=2000)
20:47:54.965 â„¹ï¸   Branch Length: 800.0m (expected: 800m)
20:47:54.965 â„¹ï¸   Length Error: 0.0m
20:47:54.966 â„¹ï¸ [FilamentRenderer] â° Timeboxes: 1 on branch branch.p2p
20:47:54.966 â„¹ï¸ [GATE 2] Branch branch.p2p.fc1:
20:47:54.966 â„¹ï¸   Anchor: (34.7818, 32.0853)
20:47:54.966 â„¹ï¸   ENU Start: (E=0, N=64, U=2000)
20:47:54.967 â„¹ï¸   ENU End: (E=800, N=64, U=2000)
20:47:54.967 â„¹ï¸   Branch Length: 800.0m (expected: 800m)
20:47:54.967 â„¹ï¸   Length Error: 0.0m
20:47:54.968 â„¹ï¸ [FilamentRenderer] â° Timeboxes: 1 on branch branch.p2p.fc1
20:47:54.968 â„¹ï¸ [GATE 2] Branch branch.p2p.fc2:
20:47:54.968 â„¹ï¸   Anchor: (34.7818, 32.0853)
20:47:54.968 â„¹ï¸   ENU Start: (E=0, N=96, U=2000)
20:47:54.969 â„¹ï¸   ENU End: (E=800, N=96, U=2000)
20:47:54.969 â„¹ï¸   Branch Length: 800.0m (expected: 800m)
20:47:54.969 â„¹ï¸   Length Error: 0.0m
20:47:54.970 â„¹ï¸ [FilamentRenderer] â° Timeboxes: 1 on branch branch.p2p.fc2
20:47:54.970 â„¹ï¸ [GATE 2] Branch branch.p2p.fc3:
20:47:54.970 â„¹ï¸   Anchor: (34.7818, 32.0853)
20:47:54.970 â„¹ï¸   ENU Start: (E=0, N=128, U=2000)
20:47:54.971 â„¹ï¸   ENU End: (E=800, N=128, U=2000)
20:47:54.971 â„¹ï¸   Branch Length: 800.0m (expected: 800m)
20:47:54.971 â„¹ï¸   Length Error: 0.0m
20:47:54.972 â„¹ï¸ [FilamentRenderer] â° Timeboxes: 1 on branch branch.p2p.fc3
20:47:54.972 â„¹ï¸ [GATE 2] Branch branch.p2p.fc4:
20:47:54.972 â„¹ï¸   Anchor: (34.7818, 32.0853)
20:47:54.972 â„¹ï¸   ENU Start: (E=0, N=160, U=2000)
20:47:54.973 â„¹ï¸   ENU End: (E=800, N=160, U=2000)
20:47:54.973 â„¹ï¸   Branch Length: 800.0m (expected: 800m)
20:47:54.973 â„¹ï¸   Length Error: 0.0m
20:47:54.974 â„¹ï¸ [FilamentRenderer] â° Timeboxes: 1 on branch branch.p2p.fc4
20:47:54.974 â„¹ï¸ [GATE 2] Branch branch.p2p.fc5:
20:47:54.974 â„¹ï¸   Anchor: (34.7818, 32.0853)
20:47:54.974 â„¹ï¸   ENU Start: (E=0, N=192, U=2000)
20:47:54.975 â„¹ï¸   ENU End: (E=800, N=192, U=2000)
20:47:54.975 â„¹ï¸   Branch Length: 800.0m (expected: 800m)
20:47:54.975 â„¹ï¸   Length Error: 0.0m
20:47:54.976 â„¹ï¸ [FilamentRenderer] â° Timeboxes: 1 on branch branch.p2p.fc5
20:47:54.976 â„¹ï¸ [GATE 2] Branch branch.p2p.fc7:
20:47:54.976 â„¹ï¸   Anchor: (34.7818, 32.0853)
20:47:54.977 â„¹ï¸   ENU Start: (E=0, N=224, U=2000)
20:47:54.977 â„¹ï¸   ENU End: (E=800, N=224, U=2000)
20:47:54.977 â„¹ï¸   Branch Length: 800.0m (expected: 800m)
20:47:54.977 â„¹ï¸   Length Error: 0.0m
20:47:54.978 â„¹ï¸ [FilamentRenderer] â° Timeboxes: 1 on branch branch.p2p.fc7
20:47:54.978 â„¹ï¸ [GATE 2] Branch branch.p2p.fc6:
20:47:54.978 â„¹ï¸   Anchor: (34.7818, 32.0853)
20:47:54.979 â„¹ï¸   ENU Start: (E=0, N=256, U=2000)
20:47:54.979 â„¹ï¸   ENU End: (E=800, N=256, U=2000)
20:47:54.979 â„¹ï¸   Branch Length: 800.0m (expected: 800m)
20:47:54.979 â„¹ï¸   Length Error: 0.0m
20:47:54.980 â„¹ï¸ [FilamentRenderer] â° Timeboxes: 1 on branch branch.p2p.fc6
20:47:54.980 â„¹ï¸ [GATE 2] Branch branch.p2p.mc1:
20:47:54.980 â„¹ï¸   Anchor: (34.7818, 32.0853)
20:47:54.980 â„¹ï¸   ENU Start: (E=0, N=288, U=2000)
20:47:54.981 â„¹ï¸   ENU End: (E=800, N=288, U=2000)
20:47:54.981 â„¹ï¸   Branch Length: 800.0m (expected: 800m)
20:47:54.981 â„¹ï¸   Length Error: 0.0m
20:47:54.982 â„¹ï¸ [FilamentRenderer] â° Timeboxes: 1 on branch branch.p2p.mc1
20:47:54.982 â„¹ï¸ [GATE 2] Branch branch.p2p.mc2:
20:47:54.982 â„¹ï¸   Anchor: (34.7818, 32.0853)
20:47:54.982 â„¹ï¸   ENU Start: (E=0, N=320, U=2000)
20:47:54.983 â„¹ï¸   ENU End: (E=800, N=320, U=2000)
20:47:54.983 â„¹ï¸   Branch Length: 800.0m (expected: 800m)
20:47:54.983 â„¹ï¸   Length Error: 0.0m
20:47:54.984 â„¹ï¸ [FilamentRenderer] â° Timeboxes: 1 on branch branch.p2p.mc2
20:47:54.984 â„¹ï¸ [GATE 2] Branch branch.p2p.mc3:
20:47:54.984 â„¹ï¸   Anchor: (34.7818, 32.0853)
20:47:54.984 â„¹ï¸   ENU Start: (E=0, N=352, U=2000)
20:47:54.985 â„¹ï¸   ENU End: (E=800, N=352, U=2000)
20:47:54.985 â„¹ï¸   Branch Length: 800.0m (expected: 800m)
20:47:54.985 â„¹ï¸   Length Error: 0.0m
20:47:54.985 â„¹ï¸ [FilamentRenderer] â° Timeboxes: 1 on branch branch.p2p.mc3
20:47:54.986 â„¹ï¸ [GATE 2] Branch branch.p2p.sc1:
20:47:54.986 â„¹ï¸   Anchor: (34.7818, 32.0853)
20:47:54.986 â„¹ï¸   ENU Start: (E=0, N=384, U=2000)
20:47:54.986 â„¹ï¸   ENU End: (E=800, N=384, U=2000)
20:47:54.987 â„¹ï¸   Branch Length: 800.0m (expected: 800m)
20:47:54.987 â„¹ï¸   Length Error: 0.0m
20:47:54.987 â„¹ï¸ [FilamentRenderer] â° Timeboxes: 1 on branch branch.p2p.sc1
20:47:54.988 â„¹ï¸ [GATE 2] Branch branch.p2p.sc2:
20:47:54.988 â„¹ï¸   Anchor: (34.7818, 32.0853)
20:47:54.988 â„¹ï¸   ENU Start: (E=0, N=416, U=2000)
20:47:54.988 â„¹ï¸   ENU End: (E=800, N=416, U=2000)
20:47:54.989 â„¹ï¸   Branch Length: 800.0m (expected: 800m)
20:47:54.989 â„¹ï¸   Length Error: 0.0m
20:47:54.989 â„¹ï¸ [FilamentRenderer] â° Timeboxes: 1 on branch branch.p2p.sc2
20:47:54.989 â„¹ï¸ [GATE 2] Branch branch.p2p.sc3:
20:47:54.990 â„¹ï¸   Anchor: (34.7818, 32.0853)
20:47:54.990 â„¹ï¸   ENU Start: (E=0, N=448, U=2000)
20:47:54.990 â„¹ï¸   ENU End: (E=800, N=448, U=2000)
20:47:54.990 â„¹ï¸   Branch Length: 800.0m (expected: 800m)
20:47:54.991 â„¹ï¸   Length Error: 0.0m
20:47:54.991 â„¹ï¸ [FilamentRenderer] â° Timeboxes: 1 on branch branch.p2p.sc3
20:47:54.991 â„¹ï¸ [GATE 2] Branch branch.mfg:
20:47:54.992 â„¹ï¸   Anchor: (34.7818, 32.0853)
20:47:54.992 â„¹ï¸   ENU Start: (E=0, N=480, U=2000)
20:47:54.992 â„¹ï¸   ENU End: (E=800, N=480, U=2000)
20:47:54.992 â„¹ï¸   Branch Length: 800.0m (expected: 800m)
20:47:54.993 â„¹ï¸   Length Error: 0.0m
20:47:54.993 â„¹ï¸ [FilamentRenderer] â° Timeboxes: 1 on branch branch.mfg
20:47:54.993 â„¹ï¸ [GATE 2] Branch branch.mfg.fc1:
20:47:54.994 â„¹ï¸   Anchor: (34.7818, 32.0853)
20:47:54.994 â„¹ï¸   ENU Start: (E=0, N=512, U=2000)
20:47:54.994 â„¹ï¸   ENU End: (E=800, N=512, U=2000)
20:47:54.994 â„¹ï¸   Branch Length: 800.0m (expected: 800m)
20:47:54.995 â„¹ï¸   Length Error: 0.0m
20:47:54.995 â„¹ï¸ [FilamentRenderer] â° Timeboxes: 1 on branch branch.mfg.fc1
20:47:54.995 â„¹ï¸ [GATE 2] Branch branch.mfg.fc2:
20:47:54.995 â„¹ï¸   Anchor: (34.7818, 32.0853)
20:47:54.996 â„¹ï¸   ENU Start: (E=0, N=544, U=2000)
20:47:54.996 â„¹ï¸   ENU End: (E=800, N=544, U=2000)
20:47:54.996 â„¹ï¸   Branch Length: 800.0m (expected: 800m)
20:47:54.996 â„¹ï¸   Length Error: 0.0m
20:47:54.997 â„¹ï¸ [FilamentRenderer] â° Timeboxes: 1 on branch branch.mfg.fc2
20:47:54.997 â„¹ï¸ [GATE 2] Branch branch.mfg.fc3:
20:47:54.997 â„¹ï¸   Anchor: (34.7818, 32.0853)
20:47:54.998 â„¹ï¸   ENU Start: (E=0, N=576, U=2000)
20:47:54.998 â„¹ï¸   ENU End: (E=800, N=576, U=2000)
20:47:54.998 â„¹ï¸   Branch Length: 800.0m (expected: 800m)
20:47:54.998 â„¹ï¸   Length Error: 0.0m
20:47:54.999 â„¹ï¸ [FilamentRenderer] â° Timeboxes: 1 on branch branch.mfg.fc3
20:47:54.999 â„¹ï¸ [GATE 2] Branch branch.mfg.fc4:
20:47:54.999 â„¹ï¸   Anchor: (34.7818, 32.0853)
20:47:54.999 â„¹ï¸   ENU Start: (E=0, N=608, U=2000)
20:47:55.000 â„¹ï¸   ENU End: (E=800, N=608, U=2000)
20:47:55.000 â„¹ï¸   Branch Length: 800.0m (expected: 800m)
20:47:55.000 â„¹ï¸   Length Error: 0.0m
20:47:55.001 â„¹ï¸ [FilamentRenderer] â° Timeboxes: 1 on branch branch.mfg.fc4
20:47:55.001 â„¹ï¸ [GATE 2] Branch branch.mfg.mc1:
20:47:55.001 â„¹ï¸   Anchor: (34.7818, 32.0853)
20:47:55.001 â„¹ï¸   ENU Start: (E=0, N=640, U=2000)
20:47:55.002 â„¹ï¸   ENU End: (E=800, N=640, U=2000)
20:47:55.002 â„¹ï¸   Branch Length: 800.0m (expected: 800m)
20:47:55.002 â„¹ï¸   Length Error: 0.0m
20:47:55.002 â„¹ï¸ [FilamentRenderer] â° Timeboxes: 1 on branch branch.mfg.mc1
20:47:55.003 â„¹ï¸ [GATE 2] Branch branch.mfg.sc1:
20:47:55.003 â„¹ï¸   Anchor: (34.7818, 32.0853)
20:47:55.003 â„¹ï¸   ENU Start: (E=0, N=672, U=2000)
20:47:55.003 â„¹ï¸   ENU End: (E=800, N=672, U=2000)
20:47:55.004 â„¹ï¸   Branch Length: 800.0m (expected: 800m)
20:47:55.004 â„¹ï¸   Length Error: 0.0m
20:47:55.004 â„¹ï¸ [FilamentRenderer] â° Timeboxes: 1 on branch branch.mfg.sc1
20:47:55.005 â„¹ï¸ [VIS2] expandedSheetsAllowed=false scope=world
20:47:55.005 â„¹ï¸ [VIS2] deptSpinesRendered count=3
20:47:55.005 â„¹ï¸ [S1] SheetsRendered=0 Expected=0
20:47:55.006 â„¹ï¸ [VIS2] companyCollapsed result=PASS sheetsRendered=0 lod=COMPANY scope=world expandedSheetsAllowed=false
20:47:55.007 â„¹ï¸ [VIS2] sheetTilesRendered count=20
20:47:55.007 â„¹ï¸ [VIS2] exitSheet collapsed=PASS expanded=0 tiles=20
20:47:55.008 â„¹ï¸ [VIS3] flowOverlay result=PASS edges=42 exceptions=11 scope=world lod=COMPANY
20:47:55.008 â„¹ï¸ [VIS3] trafficBarsRendered count=3
20:47:55.008 â„¹ï¸ [VIS3] gate-summary result=PASS
20:47:55.010 â„¹ï¸ [VIS4c] labelsRendered count=12 scope=company
20:47:55.010 â„¹ï¸ [VIS4] slabsRendered scope=company objects=4 slabs=12 capped=false
20:47:55.010 â„¹ï¸ [VIS4] companySlabs result=PASS deptBranches=3 trunkSlabs=6
20:47:55.010 â„¹ï¸ [VIS4] gate-summary result=PASS
20:47:55.011 â„¹ï¸ âœ… Tree rendered:
20:47:55.011 â„¹ï¸   Primitives: 62 (trunk=1, branches=22, cell-filaments=0, spines=0, lane-polylines=0, lane-volumes=0, sheet-tiles=20, dept-spines=3, flow-bars=4, ex-overlays=0, route-highlights=0, slabs=12, vis6-pulses=0)
20:47:55.011 â„¹ï¸   Entities: 44 (labels=1, cell-points=0, timebox-labels=43)
20:47:55.012 â„¹ï¸ [LOD-BUDGET] frame sheetsDetailed=0 totalMarkers=0 totalPrims=62 totalEntities=44
20:47:55.012 â„¹ï¸ [TOPOLOGY] âœ… All canonical invariants satisfied
20:47:55.012 â„¹ï¸ [FilamentRenderer] âœ… Turgor force animation started
20:47:55.205 â„¹ï¸ [GLOBE] worldTrunks synced added=5 total=6
20:47:55.206 â„¹ï¸ [GLOBE] datasetLoad anchors=6
20:47:55.206 â„¹ï¸ [UX] multiCountrySmoke=PASS anchors=6
20:47:55.207 â„¹ï¸ ðŸ“· Camera presets: Press 1=SheetTopDown, 2=SideProfile, 3=SheetFaceOn, 4=SpreadsheetProof, 5=SpineInspection
20:47:55.207 â„¹ï¸ ðŸ”’ LOD Lock: Press L to lock/unlock LOD at current level
20:47:55.208 â„¹ï¸ ðŸŽ® Free-fly pointer lock: Press ` (backquote) to toggle
20:47:55.209 â„¹ï¸ [HUD] mode=FreeFly layer1=6 layer2=0
20:47:55.213 â„¹ï¸ [UX] debugLogs=false
[BUILD] 2026-02-09T12:30Z ux-1.1-universal-object-contract
20:47:55.214 â„¹ï¸ [UX-1.1-PROOF] type=trunk id=trunk.avgol scope=root actions=focusView,showKPIs,showTimeboxes,showBranches,cycleClusterLevel,focusNextRegion,loadGlobalCore
20:47:55.215 â„¹ï¸ [UX-1.1-PROOF] type=branch id=branch.operations scope=trunk.avgol actions=focusView,showKPIs,showTimeboxes,showPressureSources,cycleClusterLevel,focusNextRegion,loadGlobalCore
20:47:55.215 â„¹ï¸ [UX-1.1-PROOF] type=sheet id=sheet.packaging scope=branch.operations actions=focusView,showSchema,addColumn,addValidation,addSummaryBinding
20:47:55.216 â„¹ï¸ [UX-1.1-PROOF] type=cell id=sheet.packaging.cell.0.0 scope=branch.operations actions=edit,viewDependencies,viewHistory,createValidation,lockScope
20:47:55.216 â„¹ï¸ [UX-1.1-PROOF] type=match id=3WM-001 scope=branch.p2p.mc1 actions=inspectSources,viewVariance,setTolerance,markResolved
20:47:55.217 â„¹ï¸ [UX-1.1-PROOF] type=route id=p2p.requisition scope=branch.p2p.fc1 actions=previewMapping,ingestTestRecord,showProvenance,editFieldMap
20:47:55.217 â„¹ï¸ [UX-1.1-PROOF] type=module id=P2P scope=trunk.avgol actions=showAllSheets,showRoutes,showKPIBindings,showRecomputationChain
20:47:55.217 â„¹ï¸ [UX-1.1] Universal Object Contract: 7 types resolved
20:47:55.218 â„¹ï¸ [LOD] apply level=LANIAKEA sheetsDetailed=0 lanes=0 markers=0
[BoundaryRenderer] âœ… BRA: Loaded 1/1 features
[BoundaryRenderer] Loading ARG from data/boundaries/countries/ARG-ADM0.geojson
20:47:55.280 â„¹ï¸ [HUD] paramsLoaded version=HUD-PARAMS-v0 policyRef=local:HUD-PARAMS-v0
[BoundaryRenderer] âœ… ARG: Loaded 1/1 features
[BoundaryRenderer] Loading GBR from data/boundaries/countries/GBR-ADM0.geojson
[BoundaryRenderer] âœ… GBR: Loaded 1/1 features
[BoundaryRenderer] Loading FRA from data/boundaries/countries/FRA-ADM0.geojson
20:47:55.488 â„¹ï¸ [GATE 4] Anchor marker rendered at (34.7818, 32.0853) - independent of buildings/terrain
20:47:55.489 â„¹ï¸ [GATE 4] Anchor marker rendered at (-122.4194, 37.7749) - independent of buildings/terrain
20:47:55.490 â„¹ï¸ [GATE 4] Anchor marker rendered at (-0.1276, 51.5072) - independent of buildings/terrain
20:47:55.491 â„¹ï¸ [GATE 4] Anchor marker rendered at (77.2090, 28.6139) - independent of buildings/terrain
20:47:55.491 â„¹ï¸ [GATE 4] Anchor marker rendered at (139.6917, 35.6895) - independent of buildings/terrain
20:47:55.492 â„¹ï¸ [GATE 4] Anchor marker rendered at (-46.6333, -23.5505) - independent of buildings/terrain
20:47:55.492 â„¹ï¸ [UX] debugLogs=false gateSpamSuppressed=true
20:47:55.495 â„¹ï¸ [VIS2] expandedSheetsAllowed=false scope=world
20:47:55.496 â„¹ï¸ [VIS2] deptSpinesRendered count=3
20:47:55.496 â„¹ï¸ [VIS2] sheetTilesRendered count=20
20:47:55.496 â„¹ï¸ [LOD-BUDGET] frame sheetsDetailed=0 totalMarkers=0 totalPrims=51 totalEntities=52
[BoundaryRenderer] âœ… FRA: Loaded 1/1 features
[BoundaryRenderer] Loading DEU from data/boundaries/countries/DEU-ADM0.geojson
[BoundaryRenderer] âœ… DEU: Loaded 1/1 features
[BoundaryRenderer] Loading NLD from data/boundaries/countries/NLD-ADM0.geojson
20:47:56.830 â„¹ï¸ [LOD] apply level=PLANETARY sheetsDetailed=0 lanes=0 markers=0
[BoundaryRenderer] âœ… NLD: Loaded 1/1 features
[BoundaryRenderer] Loading EGY from data/boundaries/countries/EGY-ADM0.geojson
20:47:56.999 â„¹ï¸ [GATE 4] Anchor marker rendered at (34.7818, 32.0853) - independent of buildings/terrain
20:47:57.002 â„¹ï¸ [GATE 4] Anchor marker rendered at (-122.4194, 37.7749) - independent of buildings/terrain
20:47:57.003 â„¹ï¸ [GATE 4] Anchor marker rendered at (-0.1276, 51.5072) - independent of buildings/terrain
20:47:57.004 â„¹ï¸ [GATE 4] Anchor marker rendered at (77.2090, 28.6139) - independent of buildings/terrain
20:47:57.005 â„¹ï¸ [GATE 4] Anchor marker rendered at (139.6917, 35.6895) - independent of buildings/terrain
20:47:57.005 â„¹ï¸ [GATE 4] Anchor marker rendered at (-46.6333, -23.5505) - independent of buildings/terrain
20:47:57.010 â„¹ï¸ [VIS2] expandedSheetsAllowed=false scope=world
20:47:57.011 â„¹ï¸ [VIS2] deptSpinesRendered count=3
20:47:57.012 â„¹ï¸ [VIS2] sheetTilesRendered count=20
20:47:57.012 â„¹ï¸ [LOD-BUDGET] frame sheetsDetailed=0 totalMarkers=0 totalPrims=51 totalEntities=52
20:47:57.176 â„¹ï¸ [LOD] apply level=REGION sheetsDetailed=0 lanes=0 markers=0
[BoundaryRenderer] âœ… EGY: Loaded 1/1 features
[BoundaryRenderer] Loading SAU from data/boundaries/countries/SAU-ADM0.geojson
20:47:57.476 â„¹ï¸ [GATE 4] Anchor marker rendered at (34.7818, 32.0853) - independent of buildings/terrain
20:47:57.477 â„¹ï¸ [GATE 4] Anchor marker rendered at (-122.4194, 37.7749) - independent of buildings/terrain
20:47:57.478 â„¹ï¸ [GATE 4] Anchor marker rendered at (-0.1276, 51.5072) - independent of buildings/terrain
20:47:57.478 â„¹ï¸ [GATE 4] Anchor marker rendered at (77.2090, 28.6139) - independent of buildings/terrain
20:47:57.479 â„¹ï¸ [GATE 4] Anchor marker rendered at (139.6917, 35.6895) - independent of buildings/terrain
20:47:57.479 â„¹ï¸ [GATE 4] Anchor marker rendered at (-46.6333, -23.5505) - independent of buildings/terrain
20:47:57.482 â„¹ï¸ [VIS2] expandedSheetsAllowed=false scope=world
20:47:57.482 â„¹ï¸ [VIS2] deptSpinesRendered count=3
20:47:57.483 â„¹ï¸ [VIS2] sheetTilesRendered count=20
20:47:57.483 â„¹ï¸ [LOD-BUDGET] frame sheetsDetailed=0 totalMarkers=0 totalPrims=51 totalEntities=52
20:47:57.521 â„¹ï¸ [LOD] apply level=COMPANY requestedSheetsDetailed=0 effectiveSheetsDetailed=0 lanes=0 markers=0 reason=collapsedByPolicy distKm=13.4
[BoundaryRenderer] âœ… SAU: Loaded 1/1 features
[BoundaryRenderer] Loading IND from data/boundaries/countries/IND-ADM0.geojson
20:47:57.923 â„¹ï¸ [GATE 4] Anchor marker rendered at (34.7818, 32.0853) - independent of buildings/terrain
20:47:57.925 â„¹ï¸ [GATE 4] Anchor marker rendered at (-122.4194, 37.7749) - independent of buildings/terrain
20:47:57.926 â„¹ï¸ [GATE 4] Anchor marker rendered at (-0.1276, 51.5072) - independent of buildings/terrain
20:47:57.926 â„¹ï¸ [GATE 4] Anchor marker rendered at (77.2090, 28.6139) - independent of buildings/terrain
20:47:57.927 â„¹ï¸ [GATE 4] Anchor marker rendered at (139.6917, 35.6895) - independent of buildings/terrain
20:47:57.927 â„¹ï¸ [GATE 4] Anchor marker rendered at (-46.6333, -23.5505) - independent of buildings/terrain
20:47:57.930 â„¹ï¸ [VIS2] expandedSheetsAllowed=false scope=world
20:47:57.931 â„¹ï¸ [VIS2] deptSpinesRendered count=3
20:47:57.931 â„¹ï¸ [VIS2] companyCollapsed result=PASS sheetsRendered=0 lod=COMPANY scope=world expandedSheetsAllowed=false
20:47:57.931 â„¹ï¸ [VIS2] sheetTilesRendered count=20
20:47:57.932 â„¹ï¸ [VIS3] flowOverlay result=PASS edges=42 exceptions=11 scope=world lod=COMPANY
20:47:57.932 â„¹ï¸ [VIS3] trafficBarsRendered count=3
20:47:57.932 â„¹ï¸ [VIS3] gate-summary result=PASS
20:47:57.934 â„¹ï¸ [VIS4c] labelsRendered count=27 scope=company
20:47:57.934 â„¹ï¸ [VIS4] slabsRendered scope=company objects=9 slabs=27 capped=false
20:47:57.934 â„¹ï¸ [VIS4] companySlabs result=PASS deptBranches=3 trunkSlabs=21
20:47:57.934 â„¹ï¸ [VIS4] gate-summary result=PASS
20:47:57.935 â„¹ï¸ [LOD-BUDGET] frame sheetsDetailed=0 totalMarkers=0 totalPrims=82 totalEntities=79
[BoundaryRenderer] âœ… IND: Loaded 1/1 features
[BoundaryRenderer] Loading CHN from data/boundaries/countries/CHN-ADM0.geojson
[BoundaryRenderer] âœ… CHN: Loaded 1/1 features
[BoundaryRenderer] Loading KOR from data/boundaries/countries/KOR-ADM0.geojson
[BoundaryRenderer] âœ… KOR: Loaded 1/1 features
[BoundaryRenderer] Loading ISR from data/boundaries/countries/ISR-ADM0.geojson
[BOUNDARY] reuse id=boundary-ISR-0-0050ba14
20:47:58.845 â„¹ï¸ [GLOBE] country-set id=global-core loaded=26
[BoundaryRenderer] Loading USA from data/boundaries/countries/USA-ADM0.geojson
20:47:58.857 â„¹ï¸ [GATE 4] Anchor marker rendered at (34.7818, 32.0853) - independent of buildings/terrain
20:47:58.858 â„¹ï¸ [GATE 4] Anchor marker rendered at (-122.4194, 37.7749) - independent of buildings/terrain
20:47:58.859 â„¹ï¸ [GATE 4] Anchor marker rendered at (-0.1276, 51.5072) - independent of buildings/terrain
20:47:58.860 â„¹ï¸ [GATE 4] Anchor marker rendered at (77.2090, 28.6139) - independent of buildings/terrain
20:47:58.860 â„¹ï¸ [GATE 4] Anchor marker rendered at (139.6917, 35.6895) - independent of buildings/terrain
20:47:58.861 â„¹ï¸ [GATE 4] Anchor marker rendered at (-46.6333, -23.5505) - independent of buildings/terrain
20:47:58.865 â„¹ï¸ [VIS2] expandedSheetsAllowed=false scope=world
20:47:58.865 â„¹ï¸ [VIS2] deptSpinesRendered count=3
20:47:58.866 â„¹ï¸ [VIS2] companyCollapsed result=PASS sheetsRendered=0 lod=COMPANY scope=world expandedSheetsAllowed=false
20:47:58.866 â„¹ï¸ [VIS2] sheetTilesRendered count=20
20:47:58.869 â„¹ï¸ [LOD-BUDGET] frame sheetsDetailed=0 totalMarkers=0 totalPrims=82 totalEntities=79
[BoundaryRenderer] Loading USA from data/boundaries/countries/USA-ADM0.geojson
20:47:59.535 â„¹ï¸ [GLOBE] focus country=USA
20:47:59.535 â„¹ï¸ [GLOBE] focus region=north-america
20:47:59.536 â„¹ï¸ [GLOBE] hierarchy init cluster=globe countries=11
[BoundaryRenderer] Loading USA from data/boundaries/countries/USA-ADM0.geojson
20:47:59.707 â„¹ï¸ [LOD] apply level=REGION sheetsDetailed=0 lanes=0 markers=0
20:47:59.832 â„¹ï¸ [GATE 4] Anchor marker rendered at (34.7818, 32.0853) - independent of buildings/terrain
20:47:59.834 â„¹ï¸ [GATE 4] Anchor marker rendered at (-122.4194, 37.7749) - independent of buildings/terrain
20:47:59.834 â„¹ï¸ [GATE 4] Anchor marker rendered at (-0.1276, 51.5072) - independent of buildings/terrain
20:47:59.835 â„¹ï¸ [GATE 4] Anchor marker rendered at (77.2090, 28.6139) - independent of buildings/terrain
20:47:59.836 â„¹ï¸ [GATE 4] Anchor marker rendered at (139.6917, 35.6895) - independent of buildings/terrain
20:47:59.836 â„¹ï¸ [GATE 4] Anchor marker rendered at (-46.6333, -23.5505) - independent of buildings/terrain
20:47:59.839 â„¹ï¸ [VIS2] expandedSheetsAllowed=false scope=world
20:47:59.840 â„¹ï¸ [VIS2] deptSpinesRendered count=3
20:47:59.840 â„¹ï¸ [VIS2] sheetTilesRendered count=20
20:47:59.840 â„¹ï¸ [LOD-BUDGET] frame sheetsDetailed=0 totalMarkers=0 totalPrims=51 totalEntities=52
20:47:59.841 â„¹ï¸ [LOD] apply level=PLANETARY sheetsDetailed=0 lanes=0 markers=0
[BoundaryRenderer] Loading ISR from data/boundaries/countries/ISR-ADM0.geojson
20:47:59.949 â„¹ï¸ [LOD] apply level=LANIAKEA sheetsDetailed=0 lanes=0 markers=0
20:48:00.323 â„¹ï¸ [GATE 4] Anchor marker rendered at (34.7818, 32.0853) - independent of buildings/terrain
20:48:00.324 â„¹ï¸ [GATE 4] Anchor marker rendered at (-122.4194, 37.7749) - independent of buildings/terrain
20:48:00.325 â„¹ï¸ [GATE 4] Anchor marker rendered at (-0.1276, 51.5072) - independent of buildings/terrain
20:48:00.326 â„¹ï¸ [GATE 4] Anchor marker rendered at (77.2090, 28.6139) - independent of buildings/terrain
20:48:00.326 â„¹ï¸ [GATE 4] Anchor marker rendered at (139.6917, 35.6895) - independent of buildings/terrain
20:48:00.327 â„¹ï¸ [GATE 4] Anchor marker rendered at (-46.6333, -23.5505) - independent of buildings/terrain
20:48:00.329 â„¹ï¸ [VIS2] expandedSheetsAllowed=false scope=world
20:48:00.329 â„¹ï¸ [VIS2] deptSpinesRendered count=3
20:48:00.329 â„¹ï¸ [VIS2] sheetTilesRendered count=20
20:48:00.330 â„¹ï¸ [LOD-BUDGET] frame sheetsDetailed=0 totalMarkers=0 totalPrims=51 totalEntities=52
20:48:00.335 â„¹ï¸ [GLOBE] country-set id=global-core loaded=26
20:48:00.336 â„¹ï¸ [GLOBE] cluster level=globe focusCountry=USA
20:48:01.627 â„¹ï¸ [VIS6B] eventAccepted id=evt-tb-1 type=TIMEBOX_APPEARED owner=trunk.avgol dept=none sheet=none timebox=T-BATCH-1
20:48:01.628 â„¹ï¸ [VIS6] timeboxPulse owner=trunk.avgol timeboxId=T-BATCH-1 scope=company
20:48:01.629 â„¹ï¸ [VIS6B] pulseTriggered id=evt-tb-1 owner=trunk.avgol timebox=T-BATCH-1 scope=company
20:48:01.629 â„¹ï¸ [VIS6B] eventAccepted id=evt-tb-2 type=TIMEBOX_APPEARED owner=trunk.world.anchor-us dept=trunk.world.anchor-us sheet=none timebox=T-BATCH-2
20:48:01.630 â„¹ï¸ [VIS6] timeboxPulse owner=trunk.world.anchor-us timeboxId=T-BATCH-2 scope=company
20:48:01.630 â„¹ï¸ [VIS6B] pulseTriggered id=evt-tb-2 owner=trunk.world.anchor-us timebox=T-BATCH-2 scope=company
20:48:01.630 â„¹ï¸ [VIS6B] eventAccepted id=evt-tb-3 type=TIMEBOX_APPEARED owner=trunk.world.anchor-gb dept=trunk.world.anchor-gb sheet=none timebox=T-BATCH-3
20:48:01.630 â„¹ï¸ [VIS6] timeboxPulse owner=trunk.world.anchor-gb timeboxId=T-BATCH-3 scope=company
20:48:01.631 â„¹ï¸ [VIS6B] pulseTriggered id=evt-tb-3 owner=trunk.world.anchor-gb timebox=T-BATCH-3 scope=company
20:48:01.631 â„¹ï¸ [VIS6B] eventAccepted id=evt-coal-0 type=TIMEBOX_APPEARED owner=trunk.avgol dept=none sheet=none timebox=T-COAL-X
20:48:01.631 â„¹ï¸ [VIS6] timeboxPulse owner=trunk.avgol timeboxId=T-COAL-X scope=company
20:48:01.632 â„¹ï¸ [VIS6B] pulseTriggered id=evt-coal-0 owner=trunk.avgol timebox=T-COAL-X scope=company
20:48:01.632 â„¹ï¸ [VIS6B] eventAccepted id=evt-coal-1 type=TIMEBOX_APPEARED owner=trunk.avgol dept=none sheet=none timebox=T-COAL-X
20:48:01.632 â„¹ï¸ [VIS6B] pulseCoalesced owner=trunk.avgol timebox=T-COAL-X merged=2
20:48:01.632 â„¹ï¸ [VIS6B] eventAccepted id=evt-coal-2 type=TIMEBOX_APPEARED owner=trunk.avgol dept=none sheet=none timebox=T-COAL-X
20:48:01.633 â„¹ï¸ [VIS6B] pulseCoalesced owner=trunk.avgol timebox=T-COAL-X merged=3
20:48:01.633 â„¹ï¸ [VIS6B] eventAccepted id=evt-coal-3 type=TIMEBOX_APPEARED owner=trunk.avgol dept=none sheet=none timebox=T-COAL-X
20:48:01.633 â„¹ï¸ [VIS6B] pulseCoalesced owner=trunk.avgol timebox=T-COAL-X merged=4
20:48:01.633 â„¹ï¸ [VIS6B] eventAccepted id=evt-coal-4 type=TIMEBOX_APPEARED owner=trunk.avgol dept=none sheet=none timebox=T-COAL-X
20:48:01.634 â„¹ï¸ [VIS6B] pulseCoalesced owner=trunk.avgol timebox=T-COAL-X merged=5
20:48:01.634 â„¹ï¸ [VIS6B] eventAccepted id=evt-cap-0 type=TIMEBOX_APPEARED owner=trunk.avgol dept=none sheet=none timebox=T-CAP-0
20:48:01.634 â„¹ï¸ [VIS6] timeboxPulse owner=trunk.avgol timeboxId=T-CAP-0 scope=company
20:48:01.634 â„¹ï¸ [VIS6B] pulseTriggered id=evt-cap-0 owner=trunk.avgol timebox=T-CAP-0 scope=company
20:48:01.635 â„¹ï¸ [VIS6B] eventAccepted id=evt-cap-1 type=TIMEBOX_APPEARED owner=trunk.world.anchor-us dept=none sheet=none timebox=T-CAP-1
20:48:01.635 â„¹ï¸ [VIS6] timeboxPulse owner=trunk.world.anchor-us timeboxId=T-CAP-1 scope=company
20:48:01.635 â„¹ï¸ [VIS6B] pulseTriggered id=evt-cap-1 owner=trunk.world.anchor-us timebox=T-CAP-1 scope=company
20:48:01.635 â„¹ï¸ [VIS6B] eventAccepted id=evt-cap-2 type=TIMEBOX_APPEARED owner=trunk.world.anchor-gb dept=none sheet=none timebox=T-CAP-2
20:48:01.636 â„¹ï¸ [VIS6] timeboxPulse owner=trunk.world.anchor-gb timeboxId=T-CAP-2 scope=company
20:48:01.636 â„¹ï¸ [VIS6B] pulseTriggered id=evt-cap-2 owner=trunk.world.anchor-gb timebox=T-CAP-2 scope=company
20:48:01.636 â„¹ï¸ [VIS6B] eventAccepted id=evt-cap-3 type=TIMEBOX_APPEARED owner=trunk.world.anchor-in dept=none sheet=none timebox=T-CAP-3
20:48:01.636 â„¹ï¸ [VIS6] timeboxPulse owner=trunk.world.anchor-in timeboxId=T-CAP-3 scope=company
20:48:01.637 â„¹ï¸ [VIS6B] pulseTriggered id=evt-cap-3 owner=trunk.world.anchor-in timebox=T-CAP-3 scope=company
20:48:01.637 â„¹ï¸ [VIS6B] eventAccepted id=evt-cap-4 type=TIMEBOX_APPEARED owner=trunk.avgol dept=none sheet=none timebox=T-CAP-4
20:48:01.637 â„¹ï¸ [VIS6] timeboxPulse owner=trunk.avgol timeboxId=T-CAP-4 scope=company
20:48:01.638 â„¹ï¸ [VIS6B] pulseTriggered id=evt-cap-4 owner=trunk.avgol timebox=T-CAP-4 scope=company
20:48:01.638 â„¹ï¸ [VIS6B] eventAccepted id=evt-cap-5 type=TIMEBOX_APPEARED owner=trunk.world.anchor-us dept=none sheet=none timebox=T-CAP-5
20:48:01.638 â„¹ï¸ [VIS6] timeboxPulse owner=trunk.world.anchor-us timeboxId=T-CAP-5 scope=company
20:48:01.638 â„¹ï¸ [VIS6B] pulseTriggered id=evt-cap-5 owner=trunk.world.anchor-us timebox=T-CAP-5 scope=company
20:48:01.639 â„¹ï¸ [VIS6B] eventAccepted id=evt-cap-6 type=TIMEBOX_APPEARED owner=trunk.world.anchor-gb dept=none sheet=none timebox=T-CAP-6
20:48:01.639 â„¹ï¸ [VIS6] timeboxPulse owner=trunk.world.anchor-gb timeboxId=T-CAP-6 scope=company
20:48:01.639 â„¹ï¸ [VIS6B] pulseTriggered id=evt-cap-6 owner=trunk.world.anchor-gb timebox=T-CAP-6 scope=company
20:48:01.640 â„¹ï¸ [VIS6B] eventAccepted id=evt-cap-7 type=TIMEBOX_APPEARED owner=trunk.world.anchor-in dept=none sheet=none timebox=T-CAP-7
20:48:01.640 â„¹ï¸ [VIS6] timeboxPulse owner=trunk.world.anchor-in timeboxId=T-CAP-7 scope=company
20:48:01.640 â„¹ï¸ [VIS6B] pulseTriggered id=evt-cap-7 owner=trunk.world.anchor-in timebox=T-CAP-7 scope=company
20:48:01.640 â„¹ï¸ [VIS6B] eventAccepted id=evt-cap-8 type=TIMEBOX_APPEARED owner=trunk.avgol dept=none sheet=none timebox=T-CAP-8
20:48:01.641 â„¹ï¸ [VIS6] timeboxPulse owner=trunk.avgol timeboxId=T-CAP-8 scope=company
20:48:01.641 â„¹ï¸ [VIS6B] pulseTriggered id=evt-cap-8 owner=trunk.avgol timebox=T-CAP-8 scope=company
20:48:01.641 â„¹ï¸ [VIS6B] eventAccepted id=evt-cap-9 type=TIMEBOX_APPEARED owner=trunk.world.anchor-us dept=none sheet=none timebox=T-CAP-9
20:48:01.641 â„¹ï¸ [VIS6] timeboxPulse owner=trunk.world.anchor-us timeboxId=T-CAP-9 scope=company
20:48:01.642 â„¹ï¸ [VIS6B] pulseTriggered id=evt-cap-9 owner=trunk.world.anchor-us timebox=T-CAP-9 scope=company
20:48:01.642 â„¹ï¸ [VIS6B] eventAccepted id=evt-cap-10 type=TIMEBOX_APPEARED owner=trunk.world.anchor-gb dept=none sheet=none timebox=T-CAP-10
20:48:01.642 â„¹ï¸ [VIS6] timeboxPulse owner=trunk.world.anchor-gb timeboxId=T-CAP-10 scope=company
20:48:01.642 â„¹ï¸ [VIS6B] pulseTriggered id=evt-cap-10 owner=trunk.world.anchor-gb timebox=T-CAP-10 scope=company
20:48:01.643 â„¹ï¸ [VIS6B] eventAccepted id=evt-cap-11 type=TIMEBOX_APPEARED owner=trunk.world.anchor-in dept=none sheet=none timebox=T-CAP-11
20:48:01.643 â„¹ï¸ [VIS6] timeboxPulse owner=trunk.world.anchor-in timeboxId=T-CAP-11 scope=company
20:48:01.643 â„¹ï¸ [VIS6B] pulseTriggered id=evt-cap-11 owner=trunk.world.anchor-in timebox=T-CAP-11 scope=company
20:48:01.644 â„¹ï¸ [VIS6B] eventAccepted id=evt-cap-12 type=TIMEBOX_APPEARED owner=trunk.avgol dept=none sheet=none timebox=T-CAP-12
20:48:01.644 â„¹ï¸ [VIS6] timeboxPulse owner=trunk.avgol timeboxId=T-CAP-12 scope=company
20:48:01.644 â„¹ï¸ [VIS6B] pulseTriggered id=evt-cap-12 owner=trunk.avgol timebox=T-CAP-12 scope=company
20:48:01.644 â„¹ï¸ [VIS6B] eventAccepted id=evt-cap-13 type=TIMEBOX_APPEARED owner=trunk.world.anchor-us dept=none sheet=none timebox=T-CAP-13
20:48:01.645 â„¹ï¸ [VIS6] timeboxPulse owner=trunk.world.anchor-us timeboxId=T-CAP-13 scope=company
20:48:01.645 â„¹ï¸ [VIS6B] pulseTriggered id=evt-cap-13 owner=trunk.world.anchor-us timebox=T-CAP-13 scope=company
20:48:01.645 â„¹ï¸ [VIS6B] eventAccepted id=evt-cap-14 type=TIMEBOX_APPEARED owner=trunk.world.anchor-gb dept=none sheet=none timebox=T-CAP-14
20:48:01.645 â„¹ï¸ [VIS6] timeboxPulse owner=trunk.world.anchor-gb timeboxId=T-CAP-14 scope=company
20:48:01.646 â„¹ï¸ [VIS6B] pulseTriggered id=evt-cap-14 owner=trunk.world.anchor-gb timebox=T-CAP-14 scope=company
20:48:01.646 â„¹ï¸ [VIS6B] eventAccepted id=evt-cap-15 type=TIMEBOX_APPEARED owner=trunk.world.anchor-in dept=none sheet=none timebox=T-CAP-15
20:48:01.646 â„¹ï¸ [VIS6] timeboxPulse owner=trunk.world.anchor-in timeboxId=T-CAP-15 scope=company
20:48:01.646 â„¹ï¸ [VIS6B] pulseTriggered id=evt-cap-15 owner=trunk.world.anchor-in timebox=T-CAP-15 scope=company
20:48:01.647 â„¹ï¸ [VIS6B] eventAccepted id=evt-cap-16 type=TIMEBOX_APPEARED owner=trunk.avgol dept=none sheet=none timebox=T-CAP-16
20:48:01.647 â„¹ï¸ [REFUSAL] reason=VIS6B_PULSE_CAP_EXCEEDED active=20 cap=20 droppedEvent=evt-cap-16
20:48:01.647 â„¹ï¸ [VIS6B] eventAccepted id=evt-cap-17 type=TIMEBOX_APPEARED owner=trunk.world.anchor-us dept=none sheet=none timebox=T-CAP-17
20:48:01.647 â„¹ï¸ [REFUSAL] reason=VIS6B_PULSE_CAP_EXCEEDED active=20 cap=20 droppedEvent=evt-cap-17
20:48:01.648 â„¹ï¸ [VIS6B] eventAccepted id=evt-cap-18 type=TIMEBOX_APPEARED owner=trunk.world.anchor-gb dept=none sheet=none timebox=T-CAP-18
20:48:01.648 â„¹ï¸ [REFUSAL] reason=VIS6B_PULSE_CAP_EXCEEDED active=20 cap=20 droppedEvent=evt-cap-18
20:48:01.648 â„¹ï¸ [VIS6B] eventAccepted id=evt-cap-19 type=TIMEBOX_APPEARED owner=trunk.world.anchor-in dept=none sheet=none timebox=T-CAP-19
20:48:01.649 â„¹ï¸ [REFUSAL] reason=VIS6B_PULSE_CAP_EXCEEDED active=20 cap=20 droppedEvent=evt-cap-19
20:48:01.649 â„¹ï¸ [VIS6B] eventAccepted id=evt-cap-20 type=TIMEBOX_APPEARED owner=trunk.avgol dept=none sheet=none timebox=T-CAP-20
20:48:01.649 â„¹ï¸ [REFUSAL] reason=VIS6B_PULSE_CAP_EXCEEDED active=20 cap=20 droppedEvent=evt-cap-20
20:48:01.649 â„¹ï¸ [VIS6B] eventAccepted id=evt-cap-21 type=TIMEBOX_APPEARED owner=trunk.world.anchor-us dept=none sheet=none timebox=T-CAP-21
20:48:01.650 â„¹ï¸ [REFUSAL] reason=VIS6B_PULSE_CAP_EXCEEDED active=20 cap=20 droppedEvent=evt-cap-21
20:48:01.650 â„¹ï¸ [VIS6B] eventAccepted id=evt-cap-22 type=TIMEBOX_APPEARED owner=trunk.world.anchor-gb dept=none sheet=none timebox=T-CAP-22
20:48:01.650 â„¹ï¸ [REFUSAL] reason=VIS6B_PULSE_CAP_EXCEEDED active=20 cap=20 droppedEvent=evt-cap-22
20:48:01.651 â„¹ï¸ [VIS6B] eventAccepted id=evt-cap-23 type=TIMEBOX_APPEARED owner=trunk.world.anchor-in dept=none sheet=none timebox=T-CAP-23
20:48:01.651 â„¹ï¸ [REFUSAL] reason=VIS6B_PULSE_CAP_EXCEEDED active=20 cap=20 droppedEvent=evt-cap-23
20:48:01.651 â„¹ï¸ [VIS6B] eventAccepted id=evt-cap-24 type=TIMEBOX_APPEARED owner=trunk.avgol dept=none sheet=none timebox=T-CAP-24
20:48:01.651 â„¹ï¸ [REFUSAL] reason=VIS6B_PULSE_CAP_EXCEEDED active=20 cap=20 droppedEvent=evt-cap-24
20:48:01.652 â„¹ï¸ [VIS6B] summary accepted=33 triggered=20 coalesced=4 dropped=11
20:48:02.553 â„¹ï¸ [VIS6] pulseComplete owner=trunk.avgol timeboxId=T-BATCH-1
20:48:02.553 â„¹ï¸ [VIS6] pulseComplete owner=trunk.world.anchor-us timeboxId=T-BATCH-2
20:48:02.554 â„¹ï¸ [VIS6] pulseComplete owner=trunk.world.anchor-gb timeboxId=T-BATCH-3
20:48:02.554 â„¹ï¸ [VIS6] pulseComplete owner=trunk.avgol timeboxId=T-COAL-X
20:48:02.554 â„¹ï¸ [VIS6] pulseComplete owner=trunk.avgol timeboxId=T-CAP-0
20:48:02.555 â„¹ï¸ [VIS6] pulseComplete owner=trunk.world.anchor-us timeboxId=T-CAP-1
20:48:02.555 â„¹ï¸ [VIS6] pulseComplete owner=trunk.world.anchor-gb timeboxId=T-CAP-2
20:48:02.555 â„¹ï¸ [VIS6] pulseComplete owner=trunk.world.anchor-in timeboxId=T-CAP-3
20:48:02.556 â„¹ï¸ [VIS6] pulseComplete owner=trunk.avgol timeboxId=T-CAP-4
20:48:02.556 â„¹ï¸ [VIS6] pulseComplete owner=trunk.world.anchor-us timeboxId=T-CAP-5
20:48:02.556 â„¹ï¸ [VIS6] pulseComplete owner=trunk.world.anchor-gb timeboxId=T-CAP-6
20:48:02.556 â„¹ï¸ [VIS6] pulseComplete owner=trunk.world.anchor-in timeboxId=T-CAP-7
20:48:02.557 â„¹ï¸ [VIS6] pulseComplete owner=trunk.avgol timeboxId=T-CAP-8
20:48:02.557 â„¹ï¸ [VIS6] pulseComplete owner=trunk.world.anchor-us timeboxId=T-CAP-9
20:48:02.558 â„¹ï¸ [VIS6] pulseComplete owner=trunk.world.anchor-gb timeboxId=T-CAP-10
20:48:02.644 â„¹ï¸ [VIS6] pulseComplete owner=trunk.world.anchor-in timeboxId=T-CAP-11
20:48:02.644 â„¹ï¸ [VIS6] pulseComplete owner=trunk.avgol timeboxId=T-CAP-12
20:48:02.645 â„¹ï¸ [VIS6] pulseComplete owner=trunk.world.anchor-us timeboxId=T-CAP-13
20:48:02.645 â„¹ï¸ [VIS6] pulseComplete owner=trunk.world.anchor-gb timeboxId=T-CAP-14
20:48:02.645 â„¹ï¸ [VIS6] pulseComplete owner=trunk.world.anchor-in timeboxId=T-CAP-15
20:48:03.172 â„¹ï¸ [VIS6B] eventAccepted id=evt-single-test type=TIMEBOX_APPEARED owner=trunk.avgol dept=none sheet=none timebox=T-SINGLE-TEST
20:48:03.173 â„¹ï¸ [VIS6] timeboxPulse owner=trunk.avgol timeboxId=T-SINGLE-TEST scope=company
20:48:03.173 â„¹ï¸ [VIS6B] pulseTriggered id=evt-single-test owner=trunk.avgol timebox=T-SINGLE-TEST scope=company
20:48:04.122 â„¹ï¸ [VIS6] pulseComplete owner=trunk.avgol timeboxId=T-SINGLE-TEST

--- VIS-6b proof ---
[VIS6B] baseline slabCount=27
[VIS6B] state reset
[VIS6B] simulateBatch ok=true accepted=24 dropped=11
[VIS6B] state seen=33 activePulses=20
[VIS6B] dropped unknownOwner=0 dupDrops=2 capDrops=9
[VIS6B] stats accepted=33 triggered=20 coalesced=4 dropped=11
[VIS6B] singlePush ok=true pulsed=true
[VIS6B] dupPush ok=false reason=DUPLICATE
[VIS6B] unknownOwnerPush ok=false reason=UNKNOWN_OWNER
[VIS6B] finalState seen=35 activePulses=0
[VIS6B] finalDropped dupDrops=3 capDrops=9 unknownOwner=1
--- VIS-6b Proof Checklist ---
[VIS6B] eventAccepted (>=3) PRESENT
[VIS6B] pulseTriggered (>=3) PRESENT
[VIS6B] pulseCoalesced PRESENT
[REFUSAL] VIS6B_PULSE_CAP_EXCEEDED PRESENT (expected)
[VIS6B] summary PRESENT
[VIS6B] dedup PASS
[VIS6B] unknownOwner PASS
[VIS6B] capDrops PASS (count=9)
[VIS2] companyCollapsed PRESENT
[VIS2] sheetTiles PRESENT
[VIS4] gate-summary result=PASS
[VIS6B] noErrors PASS
[VIS6B] gate-summary result=PASS