[ENU] Coordinate system loaded - all geometry in meters
04:30:56.960 ℹ️ [Z] mode=DRAFT user=local target=none previous=INIT
04:30:57.001 ℹ️ 🚀 Relay Cesium World starting...
04:30:57.004 ℹ️ 🌍 Initializing Cesium Viewer...
04:30:57.005 ℹ️ ✅ Terrain provider created (Ellipsoid)
04:30:57.007 ℹ️ ✅ Imagery provider created (OpenStreetMap tiles loading...)
04:30:57.070 ℹ️ ✅ Viewer created
04:30:57.075 ℹ️ [GLOBE] imagery mode=osm provider=OpenStreetMap
04:30:57.078 ℹ️ ℹ️ 3D Buildings skipped (no Cesium Ion token configured)
04:30:57.079 ⚠️ ⚠️ Buildings marked as DEGRADED
04:30:57.079 ℹ️ 🌍 Cesium Viewer initialized successfully
04:30:57.080 ℹ️ [GLOBE] services weatherBase=http://127.0.0.1:4020
04:30:57.081 ℹ️ [GLOBE] imagery registry enabled modes=local,clean-street,satellite,hybrid,osm,dark,minimalist
04:30:57.081 ℹ️ [CAM] restore-POV disabled for testing
04:30:57.082 ℹ️ [FilamentRenderer] Initialized (Phase 2.1 Primitives)
[RelationshipRenderer] Initialized
[RelationshipRenderer] Cleared all relationships
04:30:57.083 ℹ️ [F2] clearedEdges=0 clearedScars=0
04:30:57.083 ℹ️ 🧹 Filament renderer cleared
[BoundaryRenderer] DataSource created and added to viewer
[BoundaryRenderer] Initialized
04:30:57.085 ℹ️ 🌍 Loading boundaries (fail-soft)...
[BoundaryRenderer] Loading ISR from data/boundaries/countries/ISR-ADM0.geojson
[BoundaryRenderer] Loading USA from data/boundaries/countries/USA-ADM0.geojson
04:30:57.087 ℹ️ [BOUNDARY-EDITOR] Initialized
04:30:57.088 ℹ️ 🌲 Loading demo tree...
[GroupMarkerNotSet(crbug.com/242999)!:A07024003C2F0000]Automatic fallback to software WebGL has been deprecated. Please use the --enable-unsafe-swiftshader (about:flags#enable-unsafe-swiftshader) flag to opt in to lower security guarantees for trusted content.
[.WebGL-0x66bc0247c700]GL Driver Message (OpenGL, Performance, GL_CLOSE_PATH_NV, High): GPU stall due to ReadPixels
[.WebGL-0x66bc0247c700]GL Driver Message (OpenGL, Performance, GL_CLOSE_PATH_NV, High): GPU stall due to ReadPixels
04:30:57.643 ℹ️ [B2-PROOF] threeWayMatch mismatch matchId=3WM-001 poLineId=POL-001 grLineId=GRL-001 invLineId=IL-001 status=MATCH qtyVar=0 priceVar=0
04:30:57.645 ℹ️ [B2-PROOF] threeWayMatch mismatch matchId=3WM-002 poLineId=POL-002 grLineId=GRL-002 invLineId=IL-002 status=MATCH qtyVar=0 priceVar=0
04:30:57.646 ℹ️ [B2-PROOF] threeWayMatch mismatch matchId=3WM-003 poLineId=POL-003 grLineId=GRL-003 invLineId=IL-003 status=PRICE_EXCEPTION qtyVar=0 priceVar=50
04:30:57.646 ℹ️ [B2-PROOF] threeWayMatch mismatch matchId=3WM-004 poLineId=POL-004 grLineId=GRL-004 invLineId=IL-004 status=PRICE_EXCEPTION qtyVar=0 priceVar=0.5
04:30:57.646 ℹ️ [B2-PROOF] threeWayMatch mismatch matchId=3WM-005 poLineId=POL-005 grLineId=GRL-005 invLineId=IL-005 status=QTY_EXCEPTION qtyVar=2 priceVar=2
04:30:57.647 ℹ️ [B2-PROOF] threeWayMatch mismatch matchId=3WM-006 poLineId=POL-006 grLineId= invLineId= status=UNMATCHED qtyVar=N/A priceVar=N/A
04:30:57.647 ℹ️ [B2-PROOF] threeWayMatch unmatched invoice matchId=3WM-007 invLineId=IL-006 (no PO link)
04:30:57.648 ℹ️ [B2-PROOF] buildMatches complete: 15 match rows, 9 exceptions/unmatched, rebuilt=P2P.ThreeWayMatch,P2P.InvoiceToGLMatch,P2P.InvoiceToPaymentMatch
04:30:57.649 ℹ️ [B3-PROOF] buildSummaryData: 3 summary sheets, 35 formula cells (zero JS aggregation)
04:30:57.650 ℹ️ [MODULE] P2P loaded: 13 sheets (7 fact + 3 match + 3 summary), 127 columns
04:30:57.650 ℹ️ [MODULE]   FC1: P2P.RequisitionLines (12 cols)
04:30:57.651 ℹ️ [MODULE]   FC2: P2P.POLines (13 cols)
04:30:57.651 ℹ️ [MODULE]   FC3: P2P.GRLines (10 cols)
04:30:57.652 ℹ️ [MODULE]   FC4: P2P.InvoiceLines (16 cols)
04:30:57.652 ℹ️ [MODULE]   FC5: P2P.PaymentLines (14 cols)
04:30:57.652 ℹ️ [MODULE]   FC7: P2P.BankStatementLines (7 cols)
04:30:57.653 ℹ️ [MODULE]   FC6: P2P.GLPostingLines (11 cols)
04:30:57.653 ℹ️ [MODULE]   MC1: P2P.ThreeWayMatch (14 cols, 7 match rows)
04:30:57.654 ℹ️ [MODULE]   MC2: P2P.InvoiceToGLMatch (10 cols, 4 match rows)
04:30:57.654 ℹ️ [MODULE]   MC3: P2P.InvoiceToPaymentMatch (11 cols, 4 match rows)
04:30:57.654 ℹ️ [MODULE]   SC1: P2P.AP_Aging (2 cols, 13 formula rows)
04:30:57.655 ℹ️ [MODULE]   SC2: P2P.MatchRateSummary (2 cols, 7 formula rows)
04:30:57.655 ℹ️ [MODULE]   SC3: P2P.SpendByCategory (5 cols, 5 formula rows)
04:30:57.655 ℹ️ [MODULE] KPI bindings: 3 metrics → branch.p2p
04:30:57.656 ℹ️ [MODULE]   matchRate: P2P.MatchRateSummary!B8 (%)
04:30:57.657 ℹ️ [MODULE]   dpo: P2P.AP_Aging!B13 (days)
04:30:57.657 ℹ️ [MODULE]   outstanding: P2P.AP_Aging!B4 (USD)
04:30:57.657 ℹ️ [MODULE] P2P merged into tree: +27 nodes, +27 edges
[BoundaryRenderer] ✅ ISR: Loaded 1/1 features
[.WebGL-0x66bc0247c700]GL Driver Message (OpenGL, Performance, GL_CLOSE_PATH_NV, High): GPU stall due to ReadPixels
[BoundaryRenderer] ✅ USA: Loaded 1/1 features
04:30:57.799 ℹ️ [BOUNDARY] containsll suite=PASS polygons=1 multipolygons=1 holes=0
04:30:57.800 ℹ️ [BOUNDARY] containsll hole-suite=PASS probes=3
04:30:57.800 ℹ️ [BOUNDARY] restore result=PASS renderer=BoundaryRenderer containsLL=PASS ISR=1 USA=1
04:30:57.801 ℹ️ [GATE] G3 status=PASS evidence=runtime-boundary-selftest
04:30:57.801 ℹ️ [UX] boundaries=ACTIVE mode=READ_ONLY
04:30:57.801 ℹ️ [BOUNDARY] voting-scope mode=BOUNDARY_ENABLED reason=boundary-pass
[.WebGL-0x66bc0247c700]GL Driver Message (OpenGL, Performance, GL_CLOSE_PATH_NV, High): GPU stall due to ReadPixels (this message will no longer repeat)
04:30:57.918 ℹ️ [B2-PROOF] threeWayMatch unmatched invoice matchId=3WM-001 invLineId=undefined (no PO link)
04:30:57.920 ℹ️ [B2-PROOF] threeWayMatch unmatched invoice matchId=3WM-002 invLineId=undefined (no PO link)
04:30:57.921 ℹ️ [B2-PROOF] threeWayMatch unmatched invoice matchId=3WM-003 invLineId=undefined (no PO link)
04:30:57.921 ℹ️ [B2-PROOF] threeWayMatch unmatched invoice matchId=3WM-004 invLineId=undefined (no PO link)
04:30:57.921 ℹ️ [B2-PROOF] threeWayMatch unmatched invoice matchId=3WM-005 invLineId=undefined (no PO link)
04:30:57.922 ℹ️ [B2-PROOF] threeWayMatch unmatched invoice matchId=3WM-006 invLineId=undefined (no PO link)
04:30:57.923 ℹ️ [B2-PROOF] buildMatches complete: 8 match rows, 8 exceptions/unmatched, rebuilt=P2P.ThreeWayMatch,P2P.InvoiceToGLMatch,P2P.InvoiceToPaymentMatch,MFG.WOIssueMatch
04:30:57.924 ℹ️ [B3-PROOF] buildSummaryData: 1 summary sheets, 4 formula cells (zero JS aggregation)
04:30:57.924 ℹ️ [MODULE] MFG loaded: 6 sheets (4 fact + 1 match + 1 summary), 29 columns
04:30:57.925 ℹ️ [MODULE]   FC1: MFG.WorkOrders (5 cols)
04:30:57.925 ℹ️ [MODULE]   FC2: MFG.MaterialIssues (5 cols)
04:30:57.925 ℹ️ [MODULE]   FC3: MFG.ScrapEvents (5 cols)
04:30:57.926 ℹ️ [MODULE]   FC4: MFG.QualityChecks (4 cols)
04:30:57.926 ℹ️ [MODULE]   MC1: MFG.WOIssueMatch (8 cols, 0 match rows)
04:30:57.926 ℹ️ [MODULE]   SC1: MFG.ProductionSummary (2 cols, 4 formula rows)
04:30:57.927 ℹ️ [MODULE] KPI bindings: 1 metrics → branch.mfg
04:30:57.927 ℹ️ [MODULE]   issueCoverage: MFG.ProductionSummary!B4 (%)
04:30:57.928 ℹ️ [MODULE] MFG merged into tree: +13 nodes, +13 edges
04:30:58.001 ℹ️ [BOUNDARY] manifestLoaded countries=27
[BoundaryRenderer] Loading USA from data/boundaries/countries/USA-ADM0.geojson
04:30:58.398 ℹ️ [ROUTE] loaded 12 routes from group "p2p" (module: P2P)
04:30:58.399 ℹ️ [ROUTE]   p2p.requisition → P2P.RequisitionLines (keys: reqId, reqLineId)
04:30:58.401 ℹ️ [ROUTE]   p2p.purchaseOrder → P2P.POLines (keys: poId, poLineId)
04:30:58.401 ℹ️ [ROUTE]   p2p.goodsReceipt → P2P.GRLines (keys: grId, grLineId)
04:30:58.401 ℹ️ [ROUTE]   p2p.invoice → P2P.InvoiceLines (keys: invId, invLineId)
04:30:58.402 ℹ️ [ROUTE]   p2p.payment → P2P.PaymentLines (keys: paymentId, payLineId)
04:30:58.402 ℹ️ [ROUTE]   p2p.pr → P2P.RequisitionLines (keys: reqId, reqLineId)
04:30:58.403 ℹ️ [ROUTE]   p2p.po → P2P.POLines (keys: poId, poLineId)
04:30:58.403 ℹ️ [ROUTE]   p2p.gr → P2P.GRLines (keys: grId, grLineId)
04:30:58.404 ℹ️ [ROUTE]   p2p.inv → P2P.InvoiceLines (keys: invId, invLineId)
04:30:58.404 ℹ️ [ROUTE]   p2p.pay → P2P.PaymentLines (keys: paymentId, payLineId)
04:30:58.405 ℹ️ [ROUTE]   p2p.bankStatement → P2P.BankStatementLines (keys: bankLineId)
04:30:58.405 ℹ️ [ROUTE]   p2p.glPosting → P2P.GLPostingLines (keys: glDocId, glLineId)
[BOUNDARY] reuse id=boundary-USA-0-6c62914d
04:30:58.578 ℹ️ [BOUNDARY] skipMissing country=CAN reason=not_in_manifest
04:30:58.579 ℹ️ [BOUNDARY] skipMissing country=MEX reason=not_in_manifest
[BoundaryRenderer] Loading BRA from data/boundaries/countries/BRA-ADM0.geojson
04:30:58.636 ℹ️ [ROUTE] loaded 4 routes from group "mfg" (module: MFG)
04:30:58.638 ℹ️ [ROUTE]   mfg.workOrder → MFG.WorkOrders (keys: workOrderId)
04:30:58.638 ℹ️ [ROUTE]   mfg.materialIssue → MFG.MaterialIssues (keys: issueId)
04:30:58.639 ℹ️ [ROUTE]   mfg.scrapEvent → MFG.ScrapEvents (keys: scrapId)
04:30:58.639 ℹ️ [ROUTE]   mfg.qualityCheck → MFG.QualityChecks (keys: qcId)
04:30:58.641 ℹ️ [D1-AGG] trunk=trunk.avgol metrics=4 hash=0x663fa7ee
04:30:58.644 ℹ️ ✅ Demo tree rendered: Avgol @ Tel Aviv
04:30:58.654 ℹ️ [F2] clearedEdges=0 clearedScars=0
04:30:58.656 ℹ️ 🧹 Filament renderer cleared
04:30:58.657 ℹ️ 🌲 Rendering tree: 43 nodes, 42 edges
04:30:58.657 ℹ️ [THICKNESS] cell=1.00m spine=3.00m branch=24.00m trunk=30.00m root=12.00m
04:30:58.659 ℹ️ [GATE 4] Anchor marker rendered at (34.7818, 32.0853) - independent of buildings/terrain
04:30:58.660 ℹ️ [Phase 2.3] Root continuation: 1000m below anchor (aligned to ENU Up/Down)
04:30:58.665 ℹ️ [FilamentRenderer] ⏰ Timeboxes: 6 on trunk trunk.avgol
04:30:58.673 ℹ️ [GATE 2] Branch branch.operations:
04:30:58.675 ℹ️   Anchor: (34.7818, 32.0853)
04:30:58.675 ℹ️   ENU Start: (E=0, N=0, U=2000)
04:30:58.678 ℹ️   ENU End: (E=800, N=0, U=2000)
04:30:58.679 ℹ️   Branch Length: 800.0m (expected: 800m)
04:30:58.679 ℹ️   Length Error: 0.0m
04:30:58.682 ℹ️ [FilamentRenderer] ⏰ Timeboxes: 4 on branch branch.operations
04:30:58.682 ℹ️ [GATE 2] Branch branch.p2p:
04:30:58.683 ℹ️   Anchor: (34.7818, 32.0853)
04:30:58.683 ℹ️   ENU Start: (E=0, N=32, U=2000)
04:30:58.683 ℹ️   ENU End: (E=800, N=32, U=2000)
04:30:58.684 ℹ️   Branch Length: 800.0m (expected: 800m)
04:30:58.685 ℹ️   Length Error: 0.0m
04:30:58.686 ℹ️ [FilamentRenderer] ⏰ Timeboxes: 1 on branch branch.p2p
04:30:58.686 ℹ️ [GATE 2] Branch branch.p2p.fc1:
04:30:58.687 ℹ️   Anchor: (34.7818, 32.0853)
04:30:58.687 ℹ️   ENU Start: (E=0, N=64, U=2000)
04:30:58.689 ℹ️   ENU End: (E=800, N=64, U=2000)
04:30:58.689 ℹ️   Branch Length: 800.0m (expected: 800m)
04:30:58.690 ℹ️   Length Error: 0.0m
04:30:58.691 ℹ️ [FilamentRenderer] ⏰ Timeboxes: 1 on branch branch.p2p.fc1
04:30:58.691 ℹ️ [GATE 2] Branch branch.p2p.fc2:
04:30:58.692 ℹ️   Anchor: (34.7818, 32.0853)
04:30:58.692 ℹ️   ENU Start: (E=0, N=96, U=2000)
04:30:58.692 ℹ️   ENU End: (E=800, N=96, U=2000)
04:30:58.693 ℹ️   Branch Length: 800.0m (expected: 800m)
04:30:58.694 ℹ️   Length Error: 0.0m
04:30:58.697 ℹ️ [FilamentRenderer] ⏰ Timeboxes: 1 on branch branch.p2p.fc2
04:30:58.698 ℹ️ [GATE 2] Branch branch.p2p.fc3:
04:30:58.698 ℹ️   Anchor: (34.7818, 32.0853)
04:30:58.699 ℹ️   ENU Start: (E=0, N=128, U=2000)
04:30:58.699 ℹ️   ENU End: (E=800, N=128, U=2000)
04:30:58.699 ℹ️   Branch Length: 800.0m (expected: 800m)
04:30:58.700 ℹ️   Length Error: 0.0m
04:30:58.701 ℹ️ [FilamentRenderer] ⏰ Timeboxes: 1 on branch branch.p2p.fc3
04:30:58.701 ℹ️ [GATE 2] Branch branch.p2p.fc4:
04:30:58.702 ℹ️   Anchor: (34.7818, 32.0853)
04:30:58.702 ℹ️   ENU Start: (E=0, N=160, U=2000)
04:30:58.702 ℹ️   ENU End: (E=800, N=160, U=2000)
04:30:58.703 ℹ️   Branch Length: 800.0m (expected: 800m)
04:30:58.703 ℹ️   Length Error: 0.0m
04:30:58.704 ℹ️ [FilamentRenderer] ⏰ Timeboxes: 1 on branch branch.p2p.fc4
04:30:58.704 ℹ️ [GATE 2] Branch branch.p2p.fc5:
04:30:58.705 ℹ️   Anchor: (34.7818, 32.0853)
04:30:58.705 ℹ️   ENU Start: (E=0, N=192, U=2000)
04:30:58.705 ℹ️   ENU End: (E=800, N=192, U=2000)
04:30:58.706 ℹ️   Branch Length: 800.0m (expected: 800m)
04:30:58.706 ℹ️   Length Error: 0.0m
04:30:58.707 ℹ️ [FilamentRenderer] ⏰ Timeboxes: 1 on branch branch.p2p.fc5
04:30:58.707 ℹ️ [GATE 2] Branch branch.p2p.fc7:
04:30:58.708 ℹ️   Anchor: (34.7818, 32.0853)
04:30:58.708 ℹ️   ENU Start: (E=0, N=224, U=2000)
04:30:58.708 ℹ️   ENU End: (E=800, N=224, U=2000)
04:30:58.709 ℹ️   Branch Length: 800.0m (expected: 800m)
04:30:58.709 ℹ️   Length Error: 0.0m
04:30:58.710 ℹ️ [FilamentRenderer] ⏰ Timeboxes: 1 on branch branch.p2p.fc7
04:30:58.711 ℹ️ [GATE 2] Branch branch.p2p.fc6:
04:30:58.712 ℹ️   Anchor: (34.7818, 32.0853)
04:30:58.712 ℹ️   ENU Start: (E=0, N=256, U=2000)
04:30:58.713 ℹ️   ENU End: (E=800, N=256, U=2000)
04:30:58.713 ℹ️   Branch Length: 800.0m (expected: 800m)
04:30:58.714 ℹ️   Length Error: 0.0m
04:30:58.715 ℹ️ [FilamentRenderer] ⏰ Timeboxes: 1 on branch branch.p2p.fc6
04:30:58.716 ℹ️ [GATE 2] Branch branch.p2p.mc1:
04:30:58.716 ℹ️   Anchor: (34.7818, 32.0853)
04:30:58.717 ℹ️   ENU Start: (E=0, N=288, U=2000)
04:30:58.718 ℹ️   ENU End: (E=800, N=288, U=2000)
04:30:58.719 ℹ️   Branch Length: 800.0m (expected: 800m)
04:30:58.719 ℹ️   Length Error: 0.0m
04:30:58.720 ℹ️ [FilamentRenderer] ⏰ Timeboxes: 1 on branch branch.p2p.mc1
04:30:58.721 ℹ️ [GATE 2] Branch branch.p2p.mc2:
04:30:58.721 ℹ️   Anchor: (34.7818, 32.0853)
04:30:58.722 ℹ️   ENU Start: (E=0, N=320, U=2000)
04:30:58.723 ℹ️   ENU End: (E=800, N=320, U=2000)
04:30:58.723 ℹ️   Branch Length: 800.0m (expected: 800m)
04:30:58.723 ℹ️   Length Error: 0.0m
04:30:58.724 ℹ️ [FilamentRenderer] ⏰ Timeboxes: 1 on branch branch.p2p.mc2
04:30:58.725 ℹ️ [GATE 2] Branch branch.p2p.mc3:
04:30:58.726 ℹ️   Anchor: (34.7818, 32.0853)
04:30:58.726 ℹ️   ENU Start: (E=0, N=352, U=2000)
04:30:58.727 ℹ️   ENU End: (E=800, N=352, U=2000)
04:30:58.727 ℹ️   Branch Length: 800.0m (expected: 800m)
04:30:58.727 ℹ️   Length Error: 0.0m
04:30:58.729 ℹ️ [FilamentRenderer] ⏰ Timeboxes: 1 on branch branch.p2p.mc3
04:30:58.729 ℹ️ [GATE 2] Branch branch.p2p.sc1:
04:30:58.729 ℹ️   Anchor: (34.7818, 32.0853)
04:30:58.730 ℹ️   ENU Start: (E=0, N=384, U=2000)
04:30:58.730 ℹ️   ENU End: (E=800, N=384, U=2000)
04:30:58.731 ℹ️   Branch Length: 800.0m (expected: 800m)
04:30:58.731 ℹ️   Length Error: 0.0m
04:30:58.732 ℹ️ [FilamentRenderer] ⏰ Timeboxes: 1 on branch branch.p2p.sc1
04:30:58.732 ℹ️ [GATE 2] Branch branch.p2p.sc2:
04:30:58.733 ℹ️   Anchor: (34.7818, 32.0853)
04:30:58.733 ℹ️   ENU Start: (E=0, N=416, U=2000)
04:30:58.733 ℹ️   ENU End: (E=800, N=416, U=2000)
04:30:58.734 ℹ️   Branch Length: 800.0m (expected: 800m)
04:30:58.734 ℹ️   Length Error: 0.0m
04:30:58.736 ℹ️ [FilamentRenderer] ⏰ Timeboxes: 1 on branch branch.p2p.sc2
04:30:58.737 ℹ️ [GATE 2] Branch branch.p2p.sc3:
04:30:58.737 ℹ️   Anchor: (34.7818, 32.0853)
04:30:58.738 ℹ️   ENU Start: (E=0, N=448, U=2000)
04:30:58.738 ℹ️   ENU End: (E=800, N=448, U=2000)
04:30:58.738 ℹ️   Branch Length: 800.0m (expected: 800m)
04:30:58.739 ℹ️   Length Error: 0.0m
04:30:58.739 ℹ️ [FilamentRenderer] ⏰ Timeboxes: 1 on branch branch.p2p.sc3
04:30:58.740 ℹ️ [GATE 2] Branch branch.mfg:
04:30:58.740 ℹ️   Anchor: (34.7818, 32.0853)
04:30:58.741 ℹ️   ENU Start: (E=0, N=480, U=2000)
04:30:58.741 ℹ️   ENU End: (E=800, N=480, U=2000)
04:30:58.741 ℹ️   Branch Length: 800.0m (expected: 800m)
04:30:58.742 ℹ️   Length Error: 0.0m
04:30:58.743 ℹ️ [FilamentRenderer] ⏰ Timeboxes: 1 on branch branch.mfg
04:30:58.743 ℹ️ [GATE 2] Branch branch.mfg.fc1:
04:30:58.744 ℹ️   Anchor: (34.7818, 32.0853)
04:30:58.745 ℹ️   ENU Start: (E=0, N=512, U=2000)
04:30:58.745 ℹ️   ENU End: (E=800, N=512, U=2000)
04:30:58.746 ℹ️   Branch Length: 800.0m (expected: 800m)
04:30:58.746 ℹ️   Length Error: 0.0m
04:30:58.747 ℹ️ [FilamentRenderer] ⏰ Timeboxes: 1 on branch branch.mfg.fc1
04:30:58.748 ℹ️ [GATE 2] Branch branch.mfg.fc2:
04:30:58.748 ℹ️   Anchor: (34.7818, 32.0853)
04:30:58.749 ℹ️   ENU Start: (E=0, N=544, U=2000)
04:30:58.750 ℹ️   ENU End: (E=800, N=544, U=2000)
04:30:58.750 ℹ️   Branch Length: 800.0m (expected: 800m)
04:30:58.751 ℹ️   Length Error: 0.0m
04:30:58.752 ℹ️ [FilamentRenderer] ⏰ Timeboxes: 1 on branch branch.mfg.fc2
04:30:58.753 ℹ️ [GATE 2] Branch branch.mfg.fc3:
04:30:58.753 ℹ️   Anchor: (34.7818, 32.0853)
04:30:58.754 ℹ️   ENU Start: (E=0, N=576, U=2000)
04:30:58.754 ℹ️   ENU End: (E=800, N=576, U=2000)
04:30:58.755 ℹ️   Branch Length: 800.0m (expected: 800m)
04:30:58.755 ℹ️   Length Error: 0.0m
04:30:58.756 ℹ️ [FilamentRenderer] ⏰ Timeboxes: 1 on branch branch.mfg.fc3
04:30:58.757 ℹ️ [GATE 2] Branch branch.mfg.fc4:
04:30:58.757 ℹ️   Anchor: (34.7818, 32.0853)
04:30:58.758 ℹ️   ENU Start: (E=0, N=608, U=2000)
04:30:58.758 ℹ️   ENU End: (E=800, N=608, U=2000)
04:30:58.758 ℹ️   Branch Length: 800.0m (expected: 800m)
04:30:58.759 ℹ️   Length Error: 0.0m
04:30:58.761 ℹ️ [FilamentRenderer] ⏰ Timeboxes: 1 on branch branch.mfg.fc4
04:30:58.761 ℹ️ [GATE 2] Branch branch.mfg.mc1:
04:30:58.762 ℹ️   Anchor: (34.7818, 32.0853)
04:30:58.762 ℹ️   ENU Start: (E=0, N=640, U=2000)
04:30:58.763 ℹ️   ENU End: (E=800, N=640, U=2000)
04:30:58.763 ℹ️   Branch Length: 800.0m (expected: 800m)
04:30:58.764 ℹ️   Length Error: 0.0m
04:30:58.765 ℹ️ [FilamentRenderer] ⏰ Timeboxes: 1 on branch branch.mfg.mc1
04:30:58.765 ℹ️ [GATE 2] Branch branch.mfg.sc1:
04:30:58.766 ℹ️   Anchor: (34.7818, 32.0853)
04:30:58.766 ℹ️   ENU Start: (E=0, N=672, U=2000)
04:30:58.767 ℹ️   ENU End: (E=800, N=672, U=2000)
04:30:58.767 ℹ️   Branch Length: 800.0m (expected: 800m)
04:30:58.768 ℹ️   Length Error: 0.0m
04:30:58.768 ℹ️ [FilamentRenderer] ⏰ Timeboxes: 1 on branch branch.mfg.sc1
04:30:58.769 ℹ️ [VIS2] expandedSheetsAllowed=false scope=world
04:30:58.770 ℹ️ [VIS2] deptSpinesRendered count=3
04:30:58.771 ℹ️ [S1] SheetsRendered=0 Expected=0
04:30:58.771 ℹ️ [VIS2] companyCollapsed result=PASS sheetsRendered=0 lod=COMPANY scope=world expandedSheetsAllowed=false
04:30:58.773 ℹ️ [VIS2] sheetTilesRendered count=20
04:30:58.773 ℹ️ [VIS2] exitSheet collapsed=PASS expanded=0 tiles=20
04:30:58.775 ℹ️ [VIS3] flowOverlay result=PASS edges=42 exceptions=11 scope=world lod=COMPANY
04:30:58.775 ℹ️ [VIS3] trafficBarsRendered count=3
04:30:58.776 ℹ️ [VIS3] gate-summary result=PASS
04:30:58.778 ℹ️ [VIS4c] labelsRendered count=12 scope=company
04:30:58.779 ℹ️ [VIS4] slabsRendered scope=company objects=4 slabs=12 capped=false
04:30:58.779 ℹ️ [VIS4] companySlabs result=PASS deptBranches=3 trunkSlabs=6
04:30:58.780 ℹ️ [VIS4] gate-summary result=PASS
04:30:58.780 ℹ️ ✅ Tree rendered:
04:30:58.781 ℹ️   Primitives: 62 (trunk=1, branches=22, cell-filaments=0, spines=0, lane-polylines=0, lane-volumes=0, sheet-tiles=20, dept-spines=3, flow-bars=4, ex-overlays=0, route-highlights=0, slabs=12, vis6-pulses=0, presence-markers=0)
04:30:58.781 ℹ️   Entities: 44 (labels=1, cell-points=0, timebox-labels=43)
04:30:58.782 ℹ️ [LOD-BUDGET] frame sheetsDetailed=0 totalMarkers=0 totalPrims=62 totalEntities=44
04:30:58.782 ℹ️ [TOPOLOGY] ✅ All canonical invariants satisfied
04:30:58.783 ℹ️ [FilamentRenderer] ✅ Turgor force animation started
04:30:59.712 ℹ️ [GLOBE] worldTrunks synced added=5 total=6
04:30:59.715 ℹ️ [GLOBE] datasetLoad anchors=6
04:30:59.717 ℹ️ [UX] multiCountrySmoke=PASS anchors=6
04:30:59.718 ℹ️ 📷 Camera presets: Press 1=SheetTopDown, 2=SideProfile, 3=SheetFaceOn, 4=SpreadsheetProof, 5=SpineInspection
04:30:59.720 ℹ️ 🔒 LOD Lock: Press L to lock/unlock LOD at current level
04:30:59.722 ℹ️ 🎮 Free-fly pointer lock: Press ` (backquote) to toggle
04:30:59.728 ℹ️ [HUD] mode=FreeFly layer1=6 layer2=0
04:30:59.735 ℹ️ [UX] debugLogs=false
[BUILD] 2026-02-09T12:30Z ux-1.1-universal-object-contract
04:30:59.740 ℹ️ [UX-1.1-PROOF] type=trunk id=trunk.avgol scope=root actions=focusView,showKPIs,showTimeboxes,showBranches,cycleClusterLevel,focusNextRegion,loadGlobalCore
04:30:59.742 ℹ️ [UX-1.1-PROOF] type=branch id=branch.operations scope=trunk.avgol actions=focusView,showKPIs,showTimeboxes,showPressureSources,cycleClusterLevel,focusNextRegion,loadGlobalCore
04:30:59.744 ℹ️ [UX-1.1-PROOF] type=sheet id=sheet.packaging scope=branch.operations actions=focusView,showSchema,addColumn,addValidation,addSummaryBinding
04:30:59.745 ℹ️ [UX-1.1-PROOF] type=cell id=sheet.packaging.cell.0.0 scope=branch.operations actions=edit,viewDependencies,viewHistory,createValidation,lockScope
04:30:59.746 ℹ️ [UX-1.1-PROOF] type=match id=3WM-001 scope=branch.p2p.mc1 actions=inspectSources,viewVariance,setTolerance,markResolved
04:30:59.747 ℹ️ [UX-1.1-PROOF] type=route id=p2p.requisition scope=branch.p2p.fc1 actions=previewMapping,ingestTestRecord,showProvenance,editFieldMap
04:30:59.750 ℹ️ [UX-1.1-PROOF] type=module id=P2P scope=trunk.avgol actions=showAllSheets,showRoutes,showKPIBindings,showRecomputationChain
04:30:59.751 ℹ️ [UX-1.1] Universal Object Contract: 7 types resolved
04:30:59.753 ℹ️ [LOD] apply level=PLANETARY sheetsDetailed=0 lanes=0 markers=0
[BoundaryRenderer] ✅ BRA: Loaded 1/1 features
[BoundaryRenderer] Loading ARG from data/boundaries/countries/ARG-ADM0.geojson
04:30:59.841 ℹ️ [GATE 4] Anchor marker rendered at (34.7818, 32.0853) - independent of buildings/terrain
04:30:59.844 ℹ️ [GATE 4] Anchor marker rendered at (-122.4194, 37.7749) - independent of buildings/terrain
04:30:59.845 ℹ️ [GATE 4] Anchor marker rendered at (-0.1276, 51.5072) - independent of buildings/terrain
04:30:59.846 ℹ️ [GATE 4] Anchor marker rendered at (77.2090, 28.6139) - independent of buildings/terrain
04:30:59.847 ℹ️ [GATE 4] Anchor marker rendered at (139.6917, 35.6895) - independent of buildings/terrain
04:30:59.848 ℹ️ [GATE 4] Anchor marker rendered at (-46.6333, -23.5505) - independent of buildings/terrain
04:30:59.848 ℹ️ [UX] debugLogs=false gateSpamSuppressed=true
04:30:59.854 ℹ️ [VIS2] expandedSheetsAllowed=false scope=world
04:30:59.855 ℹ️ [VIS2] deptSpinesRendered count=3
04:30:59.856 ℹ️ [VIS2] sheetTilesRendered count=20
04:30:59.857 ℹ️ [LOD-BUDGET] frame sheetsDetailed=0 totalMarkers=0 totalPrims=51 totalEntities=52
04:30:59.858 ℹ️ [LOD] apply level=REGION sheetsDetailed=0 lanes=0 markers=0
04:31:00.031 ℹ️ [LOD] apply level=COMPANY requestedSheetsDetailed=0 effectiveSheetsDetailed=0 lanes=0 markers=0 reason=collapsedByPolicy distKm=17.2
04:31:00.189 ℹ️ [HUD] paramsLoaded version=HUD-PARAMS-v0 policyRef=local:HUD-PARAMS-v0
[BoundaryRenderer] ✅ ARG: Loaded 1/1 features
[BoundaryRenderer] Loading GBR from data/boundaries/countries/GBR-ADM0.geojson
04:31:00.354 ℹ️ [GATE 4] Anchor marker rendered at (34.7818, 32.0853) - independent of buildings/terrain
04:31:00.357 ℹ️ [GATE 4] Anchor marker rendered at (-122.4194, 37.7749) - independent of buildings/terrain
04:31:00.358 ℹ️ [GATE 4] Anchor marker rendered at (-0.1276, 51.5072) - independent of buildings/terrain
04:31:00.359 ℹ️ [GATE 4] Anchor marker rendered at (77.2090, 28.6139) - independent of buildings/terrain
04:31:00.361 ℹ️ [GATE 4] Anchor marker rendered at (139.6917, 35.6895) - independent of buildings/terrain
04:31:00.362 ℹ️ [GATE 4] Anchor marker rendered at (-46.6333, -23.5505) - independent of buildings/terrain
04:31:00.368 ℹ️ [VIS2] expandedSheetsAllowed=false scope=world
04:31:00.369 ℹ️ [VIS2] deptSpinesRendered count=3
04:31:00.370 ℹ️ [VIS2] companyCollapsed result=PASS sheetsRendered=0 lod=COMPANY scope=world expandedSheetsAllowed=false
04:31:00.370 ℹ️ [VIS2] sheetTilesRendered count=20
04:31:00.371 ℹ️ [VIS3] flowOverlay result=PASS edges=42 exceptions=11 scope=world lod=COMPANY
04:31:00.372 ℹ️ [VIS3] trafficBarsRendered count=3
04:31:00.372 ℹ️ [VIS3] gate-summary result=PASS
04:31:00.374 ℹ️ [VIS4c] labelsRendered count=27 scope=company
04:31:00.375 ℹ️ [VIS4] slabsRendered scope=company objects=9 slabs=27 capped=false
04:31:00.375 ℹ️ [VIS4] companySlabs result=PASS deptBranches=3 trunkSlabs=21
04:31:00.376 ℹ️ [VIS4] gate-summary result=PASS
04:31:00.376 ℹ️ [LOD-BUDGET] frame sheetsDetailed=0 totalMarkers=0 totalPrims=82 totalEntities=79
[BoundaryRenderer] ✅ GBR: Loaded 1/1 features
[BoundaryRenderer] Loading FRA from data/boundaries/countries/FRA-ADM0.geojson
[BoundaryRenderer] ✅ FRA: Loaded 1/1 features
[BoundaryRenderer] Loading DEU from data/boundaries/countries/DEU-ADM0.geojson
[BoundaryRenderer] ✅ DEU: Loaded 1/1 features
[BoundaryRenderer] Loading NLD from data/boundaries/countries/NLD-ADM0.geojson
[BoundaryRenderer] ✅ NLD: Loaded 1/1 features
[BoundaryRenderer] Loading EGY from data/boundaries/countries/EGY-ADM0.geojson
[BoundaryRenderer] ✅ EGY: Loaded 1/1 features
[BoundaryRenderer] Loading SAU from data/boundaries/countries/SAU-ADM0.geojson
[BoundaryRenderer] ✅ SAU: Loaded 1/1 features
[BoundaryRenderer] Loading IND from data/boundaries/countries/IND-ADM0.geojson
04:31:03.617 ℹ️ [GATE 4] Anchor marker rendered at (34.7818, 32.0853) - independent of buildings/terrain
04:31:03.620 ℹ️ [GATE 4] Anchor marker rendered at (-122.4194, 37.7749) - independent of buildings/terrain
04:31:03.622 ℹ️ [GATE 4] Anchor marker rendered at (-0.1276, 51.5072) - independent of buildings/terrain
04:31:03.623 ℹ️ [GATE 4] Anchor marker rendered at (77.2090, 28.6139) - independent of buildings/terrain
04:31:03.624 ℹ️ [GATE 4] Anchor marker rendered at (139.6917, 35.6895) - independent of buildings/terrain
04:31:03.625 ℹ️ [GATE 4] Anchor marker rendered at (-46.6333, -23.5505) - independent of buildings/terrain
04:31:03.629 ℹ️ [VIS2] expandedSheetsAllowed=false scope=world
04:31:03.630 ℹ️ [VIS2] deptSpinesRendered count=3
04:31:03.631 ℹ️ [VIS2] companyCollapsed result=PASS sheetsRendered=0 lod=COMPANY scope=world expandedSheetsAllowed=false
04:31:03.631 ℹ️ [VIS2] sheetTilesRendered count=20
04:31:03.634 ℹ️ [LOD-BUDGET] frame sheetsDetailed=0 totalMarkers=0 totalPrims=82 totalEntities=79
[BoundaryRenderer] ✅ IND: Loaded 1/1 features
[BoundaryRenderer] Loading CHN from data/boundaries/countries/CHN-ADM0.geojson
[BoundaryRenderer] ✅ CHN: Loaded 1/1 features
[BoundaryRenderer] Loading KOR from data/boundaries/countries/KOR-ADM0.geojson
[BoundaryRenderer] ✅ KOR: Loaded 1/1 features
[BoundaryRenderer] Loading ISR from data/boundaries/countries/ISR-ADM0.geojson
[BOUNDARY] reuse id=boundary-ISR-0-0050ba14
04:31:05.114 ℹ️ [GLOBE] country-set id=global-core loaded=26
[BoundaryRenderer] Loading USA from data/boundaries/countries/USA-ADM0.geojson
[BoundaryRenderer] Loading USA from data/boundaries/countries/USA-ADM0.geojson
04:31:06.085 ℹ️ [GLOBE] focus country=USA
04:31:06.086 ℹ️ [GLOBE] focus region=north-america
04:31:06.087 ℹ️ [GLOBE] hierarchy init cluster=globe countries=11
[BoundaryRenderer] Loading USA from data/boundaries/countries/USA-ADM0.geojson
04:31:06.219 ℹ️ [LOD] apply level=REGION sheetsDetailed=0 lanes=0 markers=0
04:31:06.389 ℹ️ [GATE 4] Anchor marker rendered at (34.7818, 32.0853) - independent of buildings/terrain
04:31:06.392 ℹ️ [GATE 4] Anchor marker rendered at (-122.4194, 37.7749) - independent of buildings/terrain
04:31:06.393 ℹ️ [GATE 4] Anchor marker rendered at (-0.1276, 51.5072) - independent of buildings/terrain
04:31:06.393 ℹ️ [GATE 4] Anchor marker rendered at (77.2090, 28.6139) - independent of buildings/terrain
04:31:06.394 ℹ️ [GATE 4] Anchor marker rendered at (139.6917, 35.6895) - independent of buildings/terrain
04:31:06.395 ℹ️ [GATE 4] Anchor marker rendered at (-46.6333, -23.5505) - independent of buildings/terrain
04:31:06.400 ℹ️ [VIS2] expandedSheetsAllowed=false scope=world
04:31:06.400 ℹ️ [VIS2] deptSpinesRendered count=3
04:31:06.401 ℹ️ [VIS2] sheetTilesRendered count=20
04:31:06.402 ℹ️ [LOD-BUDGET] frame sheetsDetailed=0 totalMarkers=0 totalPrims=51 totalEntities=52
04:31:06.402 ℹ️ [LOD] apply level=PLANETARY sheetsDetailed=0 lanes=0 markers=0
04:31:06.569 ℹ️ [LOD] apply level=LANIAKEA sheetsDetailed=0 lanes=0 markers=0
[BoundaryRenderer] Loading ISR from data/boundaries/countries/ISR-ADM0.geojson
04:31:06.745 ℹ️ [VIS7A] presenceEngine enabled ttlMs=15000 cap=50 coalesceMs=250
04:31:06.748 ℹ️ [VIS7A] batchApplied accepted=3 coalesced=0 dupDropped=0 dropped=0 active=3
04:31:06.748 ℹ️ [VIS7A] rendered scope=company markers=3 labels=3 capped=false
04:31:06.859 ℹ️ [GATE 4] Anchor marker rendered at (34.7818, 32.0853) - independent of buildings/terrain
04:31:06.861 ℹ️ [GATE 4] Anchor marker rendered at (-122.4194, 37.7749) - independent of buildings/terrain
04:31:06.862 ℹ️ [GATE 4] Anchor marker rendered at (-0.1276, 51.5072) - independent of buildings/terrain
04:31:06.863 ℹ️ [GATE 4] Anchor marker rendered at (77.2090, 28.6139) - independent of buildings/terrain
04:31:06.863 ℹ️ [GATE 4] Anchor marker rendered at (139.6917, 35.6895) - independent of buildings/terrain
04:31:06.864 ℹ️ [GATE 4] Anchor marker rendered at (-46.6333, -23.5505) - independent of buildings/terrain
04:31:06.868 ℹ️ [VIS2] expandedSheetsAllowed=false scope=world
04:31:06.869 ℹ️ [VIS2] deptSpinesRendered count=3
04:31:06.869 ℹ️ [VIS2] sheetTilesRendered count=20
04:31:06.873 ℹ️ [LOD-BUDGET] frame sheetsDetailed=0 totalMarkers=0 totalPrims=51 totalEntities=52
04:31:07.371 ℹ️ [GLOBE] country-set id=global-core loaded=26
04:31:07.372 ℹ️ [GLOBE] cluster level=globe focusCountry=USA
04:31:07.373 ℹ️ [VIS] sheetSelect resolved sheet=P2P.ThreeWayMatch reason=explicit
[VIS] sheetSelect resolved sheet=P2P.ThreeWayMatch reason=explicit
04:31:07.374 ℹ️ [VIS] enter sheet=P2P.ThreeWayMatch scope=sheet-only
[VIS] enter sheet=P2P.ThreeWayMatch scope=sheet-only
04:31:07.382 ℹ️ [GATE 4] Anchor marker rendered at (34.7818, 32.0853) - independent of buildings/terrain
04:31:07.383 ℹ️ [GATE 4] Anchor marker rendered at (-122.4194, 37.7749) - independent of buildings/terrain
04:31:07.384 ℹ️ [GATE 4] Anchor marker rendered at (-0.1276, 51.5072) - independent of buildings/terrain
04:31:07.385 ℹ️ [GATE 4] Anchor marker rendered at (77.2090, 28.6139) - independent of buildings/terrain
04:31:07.386 ℹ️ [GATE 4] Anchor marker rendered at (139.6917, 35.6895) - independent of buildings/terrain
04:31:07.387 ℹ️ [GATE 4] Anchor marker rendered at (-46.6333, -23.5505) - independent of buildings/terrain
04:31:07.392 ℹ️ [VIS2] expandedSheetsAllowed=true scope=sheet
04:31:07.407 ℹ️ [VIS2] sheetTilesRendered count=19
04:31:07.409 ℹ️ [VIS2] enterSheet expanded=1 tiles=19
04:31:07.410 ℹ️ [VIS3.2] sheetOverlay begin sheet=P2P.ThreeWayMatch scope=sheet
04:31:07.411 ℹ️ [VIS3.2] exceptionRows result=PASS sheet=P2P.ThreeWayMatch count=5
04:31:07.411 ℹ️ [VIS3.2] routeHighlights result=PASS sheet=P2P.ThreeWayMatch edges=3
04:31:07.412 ℹ️ [VIS3.2] budget exceptionOverlays=5 routeHighlights=3 capped=false
04:31:07.412 ℹ️ [VIS3.2] gate-summary result=PASS
04:31:07.413 ℹ️ [VIS4c] labelsRendered count=1 scope=sheet
04:31:07.414 ℹ️ [VIS4] slabsRendered scope=sheet objects=1 slabs=1 capped=false
04:31:07.414 ℹ️ [VIS4] sheetSlabs result=PASS sheet=P2P.ThreeWayMatch slabs=1
04:31:07.415 ℹ️ [VIS4] gate-summary result=PASS
04:31:07.415 ℹ️ [LOD-BUDGET] frame sheetsDetailed=1 totalMarkers=0 totalPrims=56 totalEntities=53
04:31:10.469 ℹ️ [GATE 4] Anchor marker rendered at (34.7818, 32.0853) - independent of buildings/terrain
04:31:10.470 ℹ️ [GATE 4] Anchor marker rendered at (-122.4194, 37.7749) - independent of buildings/terrain
04:31:10.471 ℹ️ [GATE 4] Anchor marker rendered at (-0.1276, 51.5072) - independent of buildings/terrain
04:31:10.472 ℹ️ [GATE 4] Anchor marker rendered at (77.2090, 28.6139) - independent of buildings/terrain
04:31:10.472 ℹ️ [GATE 4] Anchor marker rendered at (139.6917, 35.6895) - independent of buildings/terrain
04:31:10.473 ℹ️ [GATE 4] Anchor marker rendered at (-46.6333, -23.5505) - independent of buildings/terrain
04:31:10.475 ℹ️ [VIS2] expandedSheetsAllowed=true scope=sheet
04:31:10.481 ℹ️ [VIS2] sheetTilesRendered count=19
04:31:10.482 ℹ️ [VIS2] enterSheet expanded=1 tiles=19
04:31:10.482 ℹ️ [LOD-BUDGET] frame sheetsDetailed=1 totalMarkers=0 totalPrims=56 totalEntities=53
04:31:13.068 ℹ️ [VIS7A] batchApplied accepted=2 coalesced=0 dupDropped=1 dropped=0 active=5
04:31:13.069 ℹ️ [VIS7A] rendered scope=sheet markers=5 labels=5 capped=false
04:31:13.168 ℹ️ [VIS] exit sheet=P2P.ThreeWayMatch restoreView=true
[VIS] exit sheet=P2P.ThreeWayMatch restoreView=true
04:31:13.185 ℹ️ [GATE 4] Anchor marker rendered at (34.7818, 32.0853) - independent of buildings/terrain
04:31:13.186 ℹ️ [GATE 4] Anchor marker rendered at (-122.4194, 37.7749) - independent of buildings/terrain
04:31:13.187 ℹ️ [GATE 4] Anchor marker rendered at (-0.1276, 51.5072) - independent of buildings/terrain
04:31:13.188 ℹ️ [GATE 4] Anchor marker rendered at (77.2090, 28.6139) - independent of buildings/terrain
04:31:13.189 ℹ️ [GATE 4] Anchor marker rendered at (139.6917, 35.6895) - independent of buildings/terrain
04:31:13.189 ℹ️ [GATE 4] Anchor marker rendered at (-46.6333, -23.5505) - independent of buildings/terrain
04:31:13.193 ℹ️ [VIS2] expandedSheetsAllowed=false scope=department
04:31:13.193 ℹ️ [VIS2] deptSpinesRendered count=3
04:31:13.194 ℹ️ [VIS2] sheetTilesRendered count=20
04:31:13.195 ℹ️ [VIS2] exitSheet collapsed=PASS expanded=0 tiles=20
04:31:13.195 ℹ️ [LOD-BUDGET] frame sheetsDetailed=0 totalMarkers=0 totalPrims=51 totalEntities=52
04:31:15.847 ℹ️ [REFUSAL] reason=VIS7A_MARKER_CAP_EXCEEDED active=50 dropped=1
04:31:15.848 ℹ️ [REFUSAL] reason=VIS7A_MARKER_CAP_EXCEEDED active=50 dropped=1
04:31:15.848 ℹ️ [REFUSAL] reason=VIS7A_MARKER_CAP_EXCEEDED active=50 dropped=1
04:31:15.848 ℹ️ [REFUSAL] reason=VIS7A_MARKER_CAP_EXCEEDED active=50 dropped=1
04:31:15.849 ℹ️ [REFUSAL] reason=VIS7A_MARKER_CAP_EXCEEDED active=50 dropped=1
04:31:15.849 ℹ️ [REFUSAL] reason=VIS7A_MARKER_CAP_EXCEEDED active=50 dropped=1
04:31:15.849 ℹ️ [REFUSAL] reason=VIS7A_MARKER_CAP_EXCEEDED active=50 dropped=1
04:31:15.850 ℹ️ [REFUSAL] reason=VIS7A_MARKER_CAP_EXCEEDED active=50 dropped=1
04:31:15.850 ℹ️ [REFUSAL] reason=VIS7A_MARKER_CAP_EXCEEDED active=50 dropped=1
04:31:15.851 ℹ️ [REFUSAL] reason=VIS7A_MARKER_CAP_EXCEEDED active=50 dropped=1
04:31:15.851 ℹ️ [VIS7A] batchApplied accepted=50 coalesced=0 dupDropped=0 dropped=10 active=50
04:31:15.851 ℹ️ [VIS7A] rendered scope=company markers=50 labels=30 capped=true
[VIS7A] wsConnect url=ws://127.0.0.1:4031/vis7
[VIS7A] wsOpen url=ws://127.0.0.1:4031/vis7
04:31:21.531 ℹ️ [VIS7A] batchApplied accepted=3 coalesced=0 dupDropped=0 dropped=0 active=3
04:31:21.532 ℹ️ [VIS7A] rendered scope=company markers=3 labels=3 capped=false
04:31:21.631 ℹ️ [VIS7A] batchApplied accepted=0 coalesced=0 dupDropped=1 dropped=1 active=3
04:31:21.632 ℹ️ [VIS7A] rendered scope=company markers=3 labels=3 capped=false
04:31:21.632 ℹ️ [VIS7A] batchApplied accepted=1 coalesced=1 dupDropped=1 dropped=0 active=3
04:31:21.632 ℹ️ [VIS7A] rendered scope=company markers=3 labels=3 capped=false
[VIS7A] wsClose code=1000 reason=presence-sequence-done

--- VIS-7a proof ---
[VIS7A] baseline slabCount=27
[VIS7A] ownerIds=["trunk.avgol","trunk.world.anchor-us","trunk.world.anchor-gb"]
[VIS7A] companyPush accepted=3 dropped=0
[VIS7A] stateAfterCompany active=3 coalesced=0
[VIS7A] dupPush ok=false reason=DUPLICATE
[VIS7A] sheetOwnerIds=["P2P.ThreeWayMatch"]
[VIS7A] sheetPush accepted=2 dropped=0
[VIS7A] burst ok=true accepted=50 dropped=10
[VIS7A] burstState active=50 capRefusals=10
[VIS7A] TTL set to 2000ms for cleanup test
[VIS7A] stateAfterTTL active=0
[VIS7A] ttlCleanup result=PASS active=0
[WS-PRESENCE] listening on ws://127.0.0.1:4031/vis7
[VIS7A] wsConnect ok=true
[WS-PRESENCE] client connected, sending presence sequence
[VIS7A] wsDisconnect ok=true
[VIS7A] wsState active=3 seenIds=4 coalesced=1
--- VIS-7a Proof Checklist ---
[VIS7A] presenceEngine enabled PRESENT
[VIS7A] batchApplied PRESENT
[VIS7A] rendered company PRESENT
[VIS7A] rendered sheet PRESENT
[REFUSAL] VIS7A_MARKER_CAP_EXCEEDED PRESENT (expected)
[VIS7A] ttlCleanup result=PASS active=0
[VIS7A] wsConnect PRESENT
[VIS7A] wsOpen PRESENT
[VIS7A] wsClose PRESENT
[VIS2] companyCollapsed PRESENT
[VIS2] sheetTiles PRESENT
[VIS4] gate-summary result=PASS
[VIS7A] noErrors PASS
[VIS7A] gate-summary result=PASS