[ENU] Coordinate system loaded - all geometry in meters
04:30:29.641 ℹ️ [Z] mode=DRAFT user=local target=none previous=INIT
04:30:29.658 ℹ️ 🚀 Relay Cesium World starting...
04:30:29.659 ℹ️ 🌍 Initializing Cesium Viewer...
04:30:29.660 ℹ️ ✅ Terrain provider created (Ellipsoid)
04:30:29.661 ℹ️ ✅ Imagery provider created (OpenStreetMap tiles loading...)
04:30:29.692 ℹ️ ✅ Viewer created
04:30:29.694 ℹ️ [GLOBE] imagery mode=osm provider=OpenStreetMap
04:30:29.695 ℹ️ ℹ️ 3D Buildings skipped (no Cesium Ion token configured)
04:30:29.696 ⚠️ ⚠️ Buildings marked as DEGRADED
04:30:29.696 ℹ️ 🌍 Cesium Viewer initialized successfully
04:30:29.697 ℹ️ [GLOBE] services weatherBase=http://127.0.0.1:4020
04:30:29.697 ℹ️ [GLOBE] imagery registry enabled modes=local,clean-street,satellite,hybrid,osm,dark,minimalist
04:30:29.697 ℹ️ [CAM] restore-POV disabled for testing
04:30:29.698 ℹ️ [FilamentRenderer] Initialized (Phase 2.1 Primitives)
[RelationshipRenderer] Initialized
[RelationshipRenderer] Cleared all relationships
04:30:29.698 ℹ️ [F2] clearedEdges=0 clearedScars=0
04:30:29.698 ℹ️ 🧹 Filament renderer cleared
[BoundaryRenderer] DataSource created and added to viewer
[BoundaryRenderer] Initialized
04:30:29.699 ℹ️ 🌍 Loading boundaries (fail-soft)...
[BoundaryRenderer] Loading ISR from data/boundaries/countries/ISR-ADM0.geojson
[BoundaryRenderer] Loading USA from data/boundaries/countries/USA-ADM0.geojson
04:30:29.700 ℹ️ [BOUNDARY-EDITOR] Initialized
04:30:29.701 ℹ️ 🌲 Loading demo tree...
[GroupMarkerNotSet(crbug.com/242999)!:A0302300846E0000]Automatic fallback to software WebGL has been deprecated. Please use the --enable-unsafe-swiftshader (about:flags#enable-unsafe-swiftshader) flag to opt in to lower security guarantees for trusted content.
[.WebGL-0x48b4011a8700]GL Driver Message (OpenGL, Performance, GL_CLOSE_PATH_NV, High): GPU stall due to ReadPixels
[.WebGL-0x48b4011a8700]GL Driver Message (OpenGL, Performance, GL_CLOSE_PATH_NV, High): GPU stall due to ReadPixels
[BoundaryRenderer] ✅ ISR: Loaded 1/1 features
04:30:29.963 ℹ️ [B2-PROOF] threeWayMatch mismatch matchId=3WM-001 poLineId=POL-001 grLineId=GRL-001 invLineId=IL-001 status=MATCH qtyVar=0 priceVar=0
04:30:29.964 ℹ️ [B2-PROOF] threeWayMatch mismatch matchId=3WM-002 poLineId=POL-002 grLineId=GRL-002 invLineId=IL-002 status=MATCH qtyVar=0 priceVar=0
04:30:29.964 ℹ️ [B2-PROOF] threeWayMatch mismatch matchId=3WM-003 poLineId=POL-003 grLineId=GRL-003 invLineId=IL-003 status=PRICE_EXCEPTION qtyVar=0 priceVar=50
04:30:29.964 ℹ️ [B2-PROOF] threeWayMatch mismatch matchId=3WM-004 poLineId=POL-004 grLineId=GRL-004 invLineId=IL-004 status=PRICE_EXCEPTION qtyVar=0 priceVar=0.5
04:30:29.965 ℹ️ [B2-PROOF] threeWayMatch mismatch matchId=3WM-005 poLineId=POL-005 grLineId=GRL-005 invLineId=IL-005 status=QTY_EXCEPTION qtyVar=2 priceVar=2
04:30:29.965 ℹ️ [B2-PROOF] threeWayMatch mismatch matchId=3WM-006 poLineId=POL-006 grLineId= invLineId= status=UNMATCHED qtyVar=N/A priceVar=N/A
04:30:29.965 ℹ️ [B2-PROOF] threeWayMatch unmatched invoice matchId=3WM-007 invLineId=IL-006 (no PO link)
04:30:29.966 ℹ️ [B2-PROOF] buildMatches complete: 15 match rows, 9 exceptions/unmatched, rebuilt=P2P.ThreeWayMatch,P2P.InvoiceToGLMatch,P2P.InvoiceToPaymentMatch
04:30:29.966 ℹ️ [B3-PROOF] buildSummaryData: 3 summary sheets, 35 formula cells (zero JS aggregation)
04:30:29.967 ℹ️ [MODULE] P2P loaded: 13 sheets (7 fact + 3 match + 3 summary), 127 columns
04:30:29.967 ℹ️ [MODULE]   FC1: P2P.RequisitionLines (12 cols)
04:30:29.967 ℹ️ [MODULE]   FC2: P2P.POLines (13 cols)
04:30:29.968 ℹ️ [MODULE]   FC3: P2P.GRLines (10 cols)
04:30:29.968 ℹ️ [MODULE]   FC4: P2P.InvoiceLines (16 cols)
04:30:29.968 ℹ️ [MODULE]   FC5: P2P.PaymentLines (14 cols)
04:30:29.968 ℹ️ [MODULE]   FC7: P2P.BankStatementLines (7 cols)
04:30:29.968 ℹ️ [MODULE]   FC6: P2P.GLPostingLines (11 cols)
04:30:29.969 ℹ️ [MODULE]   MC1: P2P.ThreeWayMatch (14 cols, 7 match rows)
04:30:29.969 ℹ️ [MODULE]   MC2: P2P.InvoiceToGLMatch (10 cols, 4 match rows)
04:30:29.969 ℹ️ [MODULE]   MC3: P2P.InvoiceToPaymentMatch (11 cols, 4 match rows)
04:30:29.969 ℹ️ [MODULE]   SC1: P2P.AP_Aging (2 cols, 13 formula rows)
04:30:29.970 ℹ️ [MODULE]   SC2: P2P.MatchRateSummary (2 cols, 7 formula rows)
04:30:29.970 ℹ️ [MODULE]   SC3: P2P.SpendByCategory (5 cols, 5 formula rows)
04:30:29.970 ℹ️ [MODULE] KPI bindings: 3 metrics → branch.p2p
04:30:29.970 ℹ️ [MODULE]   matchRate: P2P.MatchRateSummary!B8 (%)
04:30:29.971 ℹ️ [MODULE]   dpo: P2P.AP_Aging!B13 (days)
04:30:29.971 ℹ️ [MODULE]   outstanding: P2P.AP_Aging!B4 (USD)
04:30:29.971 ℹ️ [MODULE] P2P merged into tree: +27 nodes, +27 edges
[.WebGL-0x48b4011a8700]GL Driver Message (OpenGL, Performance, GL_CLOSE_PATH_NV, High): GPU stall due to ReadPixels
[BoundaryRenderer] ✅ USA: Loaded 1/1 features
04:30:30.022 ℹ️ [BOUNDARY] containsll suite=PASS polygons=1 multipolygons=1 holes=0
04:30:30.023 ℹ️ [BOUNDARY] containsll hole-suite=PASS probes=3
04:30:30.023 ℹ️ [BOUNDARY] restore result=PASS renderer=BoundaryRenderer containsLL=PASS ISR=1 USA=1
04:30:30.023 ℹ️ [GATE] G3 status=PASS evidence=runtime-boundary-selftest
04:30:30.024 ℹ️ [UX] boundaries=ACTIVE mode=READ_ONLY
04:30:30.024 ℹ️ [BOUNDARY] voting-scope mode=BOUNDARY_ENABLED reason=boundary-pass
[.WebGL-0x48b4011a8700]GL Driver Message (OpenGL, Performance, GL_CLOSE_PATH_NV, High): GPU stall due to ReadPixels (this message will no longer repeat)
04:30:30.080 ℹ️ [B2-PROOF] threeWayMatch unmatched invoice matchId=3WM-001 invLineId=undefined (no PO link)
04:30:30.081 ℹ️ [B2-PROOF] threeWayMatch unmatched invoice matchId=3WM-002 invLineId=undefined (no PO link)
04:30:30.081 ℹ️ [B2-PROOF] threeWayMatch unmatched invoice matchId=3WM-003 invLineId=undefined (no PO link)
04:30:30.082 ℹ️ [B2-PROOF] threeWayMatch unmatched invoice matchId=3WM-004 invLineId=undefined (no PO link)
04:30:30.082 ℹ️ [B2-PROOF] threeWayMatch unmatched invoice matchId=3WM-005 invLineId=undefined (no PO link)
04:30:30.082 ℹ️ [B2-PROOF] threeWayMatch unmatched invoice matchId=3WM-006 invLineId=undefined (no PO link)
04:30:30.083 ℹ️ [B2-PROOF] buildMatches complete: 8 match rows, 8 exceptions/unmatched, rebuilt=P2P.ThreeWayMatch,P2P.InvoiceToGLMatch,P2P.InvoiceToPaymentMatch,MFG.WOIssueMatch
04:30:30.083 ℹ️ [B3-PROOF] buildSummaryData: 1 summary sheets, 4 formula cells (zero JS aggregation)
04:30:30.083 ℹ️ [MODULE] MFG loaded: 6 sheets (4 fact + 1 match + 1 summary), 29 columns
04:30:30.083 ℹ️ [MODULE]   FC1: MFG.WorkOrders (5 cols)
04:30:30.084 ℹ️ [MODULE]   FC2: MFG.MaterialIssues (5 cols)
04:30:30.084 ℹ️ [MODULE]   FC3: MFG.ScrapEvents (5 cols)
04:30:30.084 ℹ️ [MODULE]   FC4: MFG.QualityChecks (4 cols)
04:30:30.084 ℹ️ [MODULE]   MC1: MFG.WOIssueMatch (8 cols, 0 match rows)
04:30:30.084 ℹ️ [MODULE]   SC1: MFG.ProductionSummary (2 cols, 4 formula rows)
04:30:30.085 ℹ️ [MODULE] KPI bindings: 1 metrics → branch.mfg
04:30:30.085 ℹ️ [MODULE]   issueCoverage: MFG.ProductionSummary!B4 (%)
04:30:30.085 ℹ️ [MODULE] MFG merged into tree: +13 nodes, +13 edges
04:30:30.119 ℹ️ [BOUNDARY] manifestLoaded countries=27
[BoundaryRenderer] Loading USA from data/boundaries/countries/USA-ADM0.geojson
04:30:30.350 ℹ️ [ROUTE] loaded 12 routes from group "p2p" (module: P2P)
04:30:30.352 ℹ️ [ROUTE]   p2p.requisition → P2P.RequisitionLines (keys: reqId, reqLineId)
04:30:30.352 ℹ️ [ROUTE]   p2p.purchaseOrder → P2P.POLines (keys: poId, poLineId)
04:30:30.352 ℹ️ [ROUTE]   p2p.goodsReceipt → P2P.GRLines (keys: grId, grLineId)
04:30:30.352 ℹ️ [ROUTE]   p2p.invoice → P2P.InvoiceLines (keys: invId, invLineId)
04:30:30.353 ℹ️ [ROUTE]   p2p.payment → P2P.PaymentLines (keys: paymentId, payLineId)
04:30:30.353 ℹ️ [ROUTE]   p2p.pr → P2P.RequisitionLines (keys: reqId, reqLineId)
04:30:30.353 ℹ️ [ROUTE]   p2p.po → P2P.POLines (keys: poId, poLineId)
04:30:30.353 ℹ️ [ROUTE]   p2p.gr → P2P.GRLines (keys: grId, grLineId)
04:30:30.354 ℹ️ [ROUTE]   p2p.inv → P2P.InvoiceLines (keys: invId, invLineId)
04:30:30.354 ℹ️ [ROUTE]   p2p.pay → P2P.PaymentLines (keys: paymentId, payLineId)
04:30:30.354 ℹ️ [ROUTE]   p2p.bankStatement → P2P.BankStatementLines (keys: bankLineId)
04:30:30.355 ℹ️ [ROUTE]   p2p.glPosting → P2P.GLPostingLines (keys: glDocId, glLineId)
[BOUNDARY] reuse id=boundary-USA-0-6c62914d
04:30:30.457 ℹ️ [BOUNDARY] skipMissing country=CAN reason=not_in_manifest
04:30:30.457 ℹ️ [BOUNDARY] skipMissing country=MEX reason=not_in_manifest
[BoundaryRenderer] Loading BRA from data/boundaries/countries/BRA-ADM0.geojson
04:30:30.480 ℹ️ [ROUTE] loaded 4 routes from group "mfg" (module: MFG)
04:30:30.481 ℹ️ [ROUTE]   mfg.workOrder → MFG.WorkOrders (keys: workOrderId)
04:30:30.481 ℹ️ [ROUTE]   mfg.materialIssue → MFG.MaterialIssues (keys: issueId)
04:30:30.481 ℹ️ [ROUTE]   mfg.scrapEvent → MFG.ScrapEvents (keys: scrapId)
04:30:30.482 ℹ️ [ROUTE]   mfg.qualityCheck → MFG.QualityChecks (keys: qcId)
04:30:30.483 ℹ️ [D1-AGG] trunk=trunk.avgol metrics=4 hash=0x663fa7ee
04:30:30.484 ℹ️ ✅ Demo tree rendered: Avgol @ Tel Aviv
04:30:30.489 ℹ️ [F2] clearedEdges=0 clearedScars=0
04:30:30.490 ℹ️ 🧹 Filament renderer cleared
04:30:30.491 ℹ️ 🌲 Rendering tree: 43 nodes, 42 edges
04:30:30.491 ℹ️ [THICKNESS] cell=1.00m spine=3.00m branch=24.00m trunk=30.00m root=12.00m
04:30:30.492 ℹ️ [GATE 4] Anchor marker rendered at (34.7818, 32.0853) - independent of buildings/terrain
04:30:30.492 ℹ️ [Phase 2.3] Root continuation: 1000m below anchor (aligned to ENU Up/Down)
04:30:30.494 ℹ️ [FilamentRenderer] ⏰ Timeboxes: 6 on trunk trunk.avgol
04:30:30.495 ℹ️ [GATE 2] Branch branch.operations:
04:30:30.496 ℹ️   Anchor: (34.7818, 32.0853)
04:30:30.496 ℹ️   ENU Start: (E=0, N=0, U=2000)
04:30:30.496 ℹ️   ENU End: (E=800, N=0, U=2000)
04:30:30.496 ℹ️   Branch Length: 800.0m (expected: 800m)
04:30:30.497 ℹ️   Length Error: 0.0m
04:30:30.498 ℹ️ [FilamentRenderer] ⏰ Timeboxes: 4 on branch branch.operations
04:30:30.498 ℹ️ [GATE 2] Branch branch.p2p:
04:30:30.498 ℹ️   Anchor: (34.7818, 32.0853)
04:30:30.499 ℹ️   ENU Start: (E=0, N=32, U=2000)
04:30:30.499 ℹ️   ENU End: (E=800, N=32, U=2000)
04:30:30.499 ℹ️   Branch Length: 800.0m (expected: 800m)
04:30:30.500 ℹ️   Length Error: 0.0m
04:30:30.500 ℹ️ [FilamentRenderer] ⏰ Timeboxes: 1 on branch branch.p2p
04:30:30.500 ℹ️ [GATE 2] Branch branch.p2p.fc1:
04:30:30.501 ℹ️   Anchor: (34.7818, 32.0853)
04:30:30.501 ℹ️   ENU Start: (E=0, N=64, U=2000)
04:30:30.501 ℹ️   ENU End: (E=800, N=64, U=2000)
04:30:30.501 ℹ️   Branch Length: 800.0m (expected: 800m)
04:30:30.502 ℹ️   Length Error: 0.0m
04:30:30.502 ℹ️ [FilamentRenderer] ⏰ Timeboxes: 1 on branch branch.p2p.fc1
04:30:30.503 ℹ️ [GATE 2] Branch branch.p2p.fc2:
04:30:30.503 ℹ️   Anchor: (34.7818, 32.0853)
04:30:30.503 ℹ️   ENU Start: (E=0, N=96, U=2000)
04:30:30.504 ℹ️   ENU End: (E=800, N=96, U=2000)
04:30:30.504 ℹ️   Branch Length: 800.0m (expected: 800m)
04:30:30.504 ℹ️   Length Error: 0.0m
04:30:30.505 ℹ️ [FilamentRenderer] ⏰ Timeboxes: 1 on branch branch.p2p.fc2
04:30:30.505 ℹ️ [GATE 2] Branch branch.p2p.fc3:
04:30:30.505 ℹ️   Anchor: (34.7818, 32.0853)
04:30:30.505 ℹ️   ENU Start: (E=0, N=128, U=2000)
04:30:30.506 ℹ️   ENU End: (E=800, N=128, U=2000)
04:30:30.506 ℹ️   Branch Length: 800.0m (expected: 800m)
04:30:30.506 ℹ️   Length Error: 0.0m
04:30:30.507 ℹ️ [FilamentRenderer] ⏰ Timeboxes: 1 on branch branch.p2p.fc3
04:30:30.507 ℹ️ [GATE 2] Branch branch.p2p.fc4:
04:30:30.507 ℹ️   Anchor: (34.7818, 32.0853)
04:30:30.508 ℹ️   ENU Start: (E=0, N=160, U=2000)
04:30:30.508 ℹ️   ENU End: (E=800, N=160, U=2000)
04:30:30.508 ℹ️   Branch Length: 800.0m (expected: 800m)
04:30:30.508 ℹ️   Length Error: 0.0m
04:30:30.509 ℹ️ [FilamentRenderer] ⏰ Timeboxes: 1 on branch branch.p2p.fc4
04:30:30.509 ℹ️ [GATE 2] Branch branch.p2p.fc5:
04:30:30.509 ℹ️   Anchor: (34.7818, 32.0853)
04:30:30.510 ℹ️   ENU Start: (E=0, N=192, U=2000)
04:30:30.510 ℹ️   ENU End: (E=800, N=192, U=2000)
04:30:30.510 ℹ️   Branch Length: 800.0m (expected: 800m)
04:30:30.510 ℹ️   Length Error: 0.0m
04:30:30.511 ℹ️ [FilamentRenderer] ⏰ Timeboxes: 1 on branch branch.p2p.fc5
04:30:30.511 ℹ️ [GATE 2] Branch branch.p2p.fc7:
04:30:30.511 ℹ️   Anchor: (34.7818, 32.0853)
04:30:30.512 ℹ️   ENU Start: (E=0, N=224, U=2000)
04:30:30.512 ℹ️   ENU End: (E=800, N=224, U=2000)
04:30:30.512 ℹ️   Branch Length: 800.0m (expected: 800m)
04:30:30.512 ℹ️   Length Error: 0.0m
04:30:30.513 ℹ️ [FilamentRenderer] ⏰ Timeboxes: 1 on branch branch.p2p.fc7
04:30:30.513 ℹ️ [GATE 2] Branch branch.p2p.fc6:
04:30:30.513 ℹ️   Anchor: (34.7818, 32.0853)
04:30:30.513 ℹ️   ENU Start: (E=0, N=256, U=2000)
04:30:30.514 ℹ️   ENU End: (E=800, N=256, U=2000)
04:30:30.514 ℹ️   Branch Length: 800.0m (expected: 800m)
04:30:30.514 ℹ️   Length Error: 0.0m
04:30:30.515 ℹ️ [FilamentRenderer] ⏰ Timeboxes: 1 on branch branch.p2p.fc6
04:30:30.515 ℹ️ [GATE 2] Branch branch.p2p.mc1:
04:30:30.515 ℹ️   Anchor: (34.7818, 32.0853)
04:30:30.515 ℹ️   ENU Start: (E=0, N=288, U=2000)
04:30:30.516 ℹ️   ENU End: (E=800, N=288, U=2000)
04:30:30.516 ℹ️   Branch Length: 800.0m (expected: 800m)
04:30:30.516 ℹ️   Length Error: 0.0m
04:30:30.516 ℹ️ [FilamentRenderer] ⏰ Timeboxes: 1 on branch branch.p2p.mc1
04:30:30.517 ℹ️ [GATE 2] Branch branch.p2p.mc2:
04:30:30.517 ℹ️   Anchor: (34.7818, 32.0853)
04:30:30.517 ℹ️   ENU Start: (E=0, N=320, U=2000)
04:30:30.517 ℹ️   ENU End: (E=800, N=320, U=2000)
04:30:30.518 ℹ️   Branch Length: 800.0m (expected: 800m)
04:30:30.518 ℹ️   Length Error: 0.0m
04:30:30.518 ℹ️ [FilamentRenderer] ⏰ Timeboxes: 1 on branch branch.p2p.mc2
04:30:30.519 ℹ️ [GATE 2] Branch branch.p2p.mc3:
04:30:30.519 ℹ️   Anchor: (34.7818, 32.0853)
04:30:30.519 ℹ️   ENU Start: (E=0, N=352, U=2000)
04:30:30.519 ℹ️   ENU End: (E=800, N=352, U=2000)
04:30:30.520 ℹ️   Branch Length: 800.0m (expected: 800m)
04:30:30.520 ℹ️   Length Error: 0.0m
04:30:30.520 ℹ️ [FilamentRenderer] ⏰ Timeboxes: 1 on branch branch.p2p.mc3
04:30:30.521 ℹ️ [GATE 2] Branch branch.p2p.sc1:
04:30:30.521 ℹ️   Anchor: (34.7818, 32.0853)
04:30:30.521 ℹ️   ENU Start: (E=0, N=384, U=2000)
04:30:30.521 ℹ️   ENU End: (E=800, N=384, U=2000)
04:30:30.522 ℹ️   Branch Length: 800.0m (expected: 800m)
04:30:30.522 ℹ️   Length Error: 0.0m
04:30:30.522 ℹ️ [FilamentRenderer] ⏰ Timeboxes: 1 on branch branch.p2p.sc1
04:30:30.523 ℹ️ [GATE 2] Branch branch.p2p.sc2:
04:30:30.523 ℹ️   Anchor: (34.7818, 32.0853)
04:30:30.523 ℹ️   ENU Start: (E=0, N=416, U=2000)
04:30:30.523 ℹ️   ENU End: (E=800, N=416, U=2000)
04:30:30.524 ℹ️   Branch Length: 800.0m (expected: 800m)
04:30:30.524 ℹ️   Length Error: 0.0m
04:30:30.524 ℹ️ [FilamentRenderer] ⏰ Timeboxes: 1 on branch branch.p2p.sc2
04:30:30.524 ℹ️ [GATE 2] Branch branch.p2p.sc3:
04:30:30.525 ℹ️   Anchor: (34.7818, 32.0853)
04:30:30.525 ℹ️   ENU Start: (E=0, N=448, U=2000)
04:30:30.525 ℹ️   ENU End: (E=800, N=448, U=2000)
04:30:30.525 ℹ️   Branch Length: 800.0m (expected: 800m)
04:30:30.526 ℹ️   Length Error: 0.0m
04:30:30.526 ℹ️ [FilamentRenderer] ⏰ Timeboxes: 1 on branch branch.p2p.sc3
04:30:30.526 ℹ️ [GATE 2] Branch branch.mfg:
04:30:30.527 ℹ️   Anchor: (34.7818, 32.0853)
04:30:30.527 ℹ️   ENU Start: (E=0, N=480, U=2000)
04:30:30.527 ℹ️   ENU End: (E=800, N=480, U=2000)
04:30:30.527 ℹ️   Branch Length: 800.0m (expected: 800m)
04:30:30.528 ℹ️   Length Error: 0.0m
04:30:30.528 ℹ️ [FilamentRenderer] ⏰ Timeboxes: 1 on branch branch.mfg
04:30:30.528 ℹ️ [GATE 2] Branch branch.mfg.fc1:
04:30:30.529 ℹ️   Anchor: (34.7818, 32.0853)
04:30:30.529 ℹ️   ENU Start: (E=0, N=512, U=2000)
04:30:30.529 ℹ️   ENU End: (E=800, N=512, U=2000)
04:30:30.529 ℹ️   Branch Length: 800.0m (expected: 800m)
04:30:30.529 ℹ️   Length Error: 0.0m
04:30:30.530 ℹ️ [FilamentRenderer] ⏰ Timeboxes: 1 on branch branch.mfg.fc1
04:30:30.530 ℹ️ [GATE 2] Branch branch.mfg.fc2:
04:30:30.530 ℹ️   Anchor: (34.7818, 32.0853)
04:30:30.531 ℹ️   ENU Start: (E=0, N=544, U=2000)
04:30:30.531 ℹ️   ENU End: (E=800, N=544, U=2000)
04:30:30.531 ℹ️   Branch Length: 800.0m (expected: 800m)
04:30:30.531 ℹ️   Length Error: 0.0m
04:30:30.532 ℹ️ [FilamentRenderer] ⏰ Timeboxes: 1 on branch branch.mfg.fc2
04:30:30.532 ℹ️ [GATE 2] Branch branch.mfg.fc3:
04:30:30.532 ℹ️   Anchor: (34.7818, 32.0853)
04:30:30.533 ℹ️   ENU Start: (E=0, N=576, U=2000)
04:30:30.533 ℹ️   ENU End: (E=800, N=576, U=2000)
04:30:30.533 ℹ️   Branch Length: 800.0m (expected: 800m)
04:30:30.533 ℹ️   Length Error: 0.0m
04:30:30.534 ℹ️ [FilamentRenderer] ⏰ Timeboxes: 1 on branch branch.mfg.fc3
04:30:30.534 ℹ️ [GATE 2] Branch branch.mfg.fc4:
04:30:30.534 ℹ️   Anchor: (34.7818, 32.0853)
04:30:30.534 ℹ️   ENU Start: (E=0, N=608, U=2000)
04:30:30.535 ℹ️   ENU End: (E=800, N=608, U=2000)
04:30:30.535 ℹ️   Branch Length: 800.0m (expected: 800m)
04:30:30.535 ℹ️   Length Error: 0.0m
04:30:30.536 ℹ️ [FilamentRenderer] ⏰ Timeboxes: 1 on branch branch.mfg.fc4
04:30:30.536 ℹ️ [GATE 2] Branch branch.mfg.mc1:
04:30:30.536 ℹ️   Anchor: (34.7818, 32.0853)
04:30:30.536 ℹ️   ENU Start: (E=0, N=640, U=2000)
04:30:30.537 ℹ️   ENU End: (E=800, N=640, U=2000)
04:30:30.537 ℹ️   Branch Length: 800.0m (expected: 800m)
04:30:30.537 ℹ️   Length Error: 0.0m
04:30:30.538 ℹ️ [FilamentRenderer] ⏰ Timeboxes: 1 on branch branch.mfg.mc1
04:30:30.538 ℹ️ [GATE 2] Branch branch.mfg.sc1:
04:30:30.538 ℹ️   Anchor: (34.7818, 32.0853)
04:30:30.538 ℹ️   ENU Start: (E=0, N=672, U=2000)
04:30:30.539 ℹ️   ENU End: (E=800, N=672, U=2000)
04:30:30.539 ℹ️   Branch Length: 800.0m (expected: 800m)
04:30:30.539 ℹ️   Length Error: 0.0m
04:30:30.539 ℹ️ [FilamentRenderer] ⏰ Timeboxes: 1 on branch branch.mfg.sc1
04:30:30.540 ℹ️ [VIS2] expandedSheetsAllowed=false scope=world
04:30:30.540 ℹ️ [VIS2] deptSpinesRendered count=3
04:30:30.541 ℹ️ [S1] SheetsRendered=0 Expected=0
04:30:30.541 ℹ️ [VIS2] companyCollapsed result=PASS sheetsRendered=0 lod=COMPANY scope=world expandedSheetsAllowed=false
04:30:30.542 ℹ️ [VIS2] sheetTilesRendered count=20
04:30:30.542 ℹ️ [VIS2] exitSheet collapsed=PASS expanded=0 tiles=20
04:30:30.543 ℹ️ [VIS3] flowOverlay result=PASS edges=42 exceptions=11 scope=world lod=COMPANY
04:30:30.543 ℹ️ [VIS3] trafficBarsRendered count=3
04:30:30.543 ℹ️ [VIS3] gate-summary result=PASS
04:30:30.545 ℹ️ [VIS4c] labelsRendered count=12 scope=company
04:30:30.545 ℹ️ [VIS4] slabsRendered scope=company objects=4 slabs=12 capped=false
04:30:30.545 ℹ️ [VIS4] companySlabs result=PASS deptBranches=3 trunkSlabs=6
04:30:30.545 ℹ️ [VIS4] gate-summary result=PASS
04:30:30.546 ℹ️ ✅ Tree rendered:
04:30:30.546 ℹ️   Primitives: 62 (trunk=1, branches=22, cell-filaments=0, spines=0, lane-polylines=0, lane-volumes=0, sheet-tiles=20, dept-spines=3, flow-bars=4, ex-overlays=0, route-highlights=0, slabs=12, vis6-pulses=0, presence-markers=0)
04:30:30.546 ℹ️   Entities: 44 (labels=1, cell-points=0, timebox-labels=43)
04:30:30.547 ℹ️ [LOD-BUDGET] frame sheetsDetailed=0 totalMarkers=0 totalPrims=62 totalEntities=44
04:30:30.547 ℹ️ [TOPOLOGY] ✅ All canonical invariants satisfied
04:30:30.547 ℹ️ [FilamentRenderer] ✅ Turgor force animation started
04:30:30.966 ℹ️ [GLOBE] worldTrunks synced added=5 total=6
04:30:30.968 ℹ️ [GLOBE] datasetLoad anchors=6
04:30:30.968 ℹ️ [UX] multiCountrySmoke=PASS anchors=6
04:30:30.968 ℹ️ 📷 Camera presets: Press 1=SheetTopDown, 2=SideProfile, 3=SheetFaceOn, 4=SpreadsheetProof, 5=SpineInspection
04:30:30.970 ℹ️ 🔒 LOD Lock: Press L to lock/unlock LOD at current level
04:30:30.970 ℹ️ 🎮 Free-fly pointer lock: Press ` (backquote) to toggle
04:30:30.973 ℹ️ [HUD] mode=FreeFly layer1=6 layer2=0
04:30:30.977 ℹ️ [UX] debugLogs=false
[BUILD] 2026-02-09T12:30Z ux-1.1-universal-object-contract
04:30:30.979 ℹ️ [UX-1.1-PROOF] type=trunk id=trunk.avgol scope=root actions=focusView,showKPIs,showTimeboxes,showBranches,cycleClusterLevel,focusNextRegion,loadGlobalCore
04:30:30.980 ℹ️ [UX-1.1-PROOF] type=branch id=branch.operations scope=trunk.avgol actions=focusView,showKPIs,showTimeboxes,showPressureSources,cycleClusterLevel,focusNextRegion,loadGlobalCore
04:30:30.980 ℹ️ [UX-1.1-PROOF] type=sheet id=sheet.packaging scope=branch.operations actions=focusView,showSchema,addColumn,addValidation,addSummaryBinding
04:30:30.980 ℹ️ [UX-1.1-PROOF] type=cell id=sheet.packaging.cell.0.0 scope=branch.operations actions=edit,viewDependencies,viewHistory,createValidation,lockScope
04:30:30.981 ℹ️ [UX-1.1-PROOF] type=match id=3WM-001 scope=branch.p2p.mc1 actions=inspectSources,viewVariance,setTolerance,markResolved
04:30:30.981 ℹ️ [UX-1.1-PROOF] type=route id=p2p.requisition scope=branch.p2p.fc1 actions=previewMapping,ingestTestRecord,showProvenance,editFieldMap
04:30:30.982 ℹ️ [UX-1.1-PROOF] type=module id=P2P scope=trunk.avgol actions=showAllSheets,showRoutes,showKPIBindings,showRecomputationChain
04:30:30.982 ℹ️ [UX-1.1] Universal Object Contract: 7 types resolved
04:30:30.983 ℹ️ [LOD] apply level=LANIAKEA sheetsDetailed=0 lanes=0 markers=0
04:30:31.029 ℹ️ [GATE 4] Anchor marker rendered at (34.7818, 32.0853) - independent of buildings/terrain
04:30:31.030 ℹ️ [GATE 4] Anchor marker rendered at (-122.4194, 37.7749) - independent of buildings/terrain
04:30:31.030 ℹ️ [GATE 4] Anchor marker rendered at (-0.1276, 51.5072) - independent of buildings/terrain
04:30:31.031 ℹ️ [GATE 4] Anchor marker rendered at (77.2090, 28.6139) - independent of buildings/terrain
04:30:31.031 ℹ️ [GATE 4] Anchor marker rendered at (139.6917, 35.6895) - independent of buildings/terrain
04:30:31.032 ℹ️ [GATE 4] Anchor marker rendered at (-46.6333, -23.5505) - independent of buildings/terrain
04:30:31.033 ℹ️ [UX] debugLogs=false gateSpamSuppressed=true
04:30:31.036 ℹ️ [VIS2] expandedSheetsAllowed=false scope=world
04:30:31.036 ℹ️ [VIS2] deptSpinesRendered count=3
04:30:31.037 ℹ️ [VIS2] sheetTilesRendered count=20
04:30:31.037 ℹ️ [LOD-BUDGET] frame sheetsDetailed=0 totalMarkers=0 totalPrims=51 totalEntities=52
[BoundaryRenderer] ✅ BRA: Loaded 1/1 features
[BoundaryRenderer] Loading ARG from data/boundaries/countries/ARG-ADM0.geojson
04:30:31.260 ℹ️ [HUD] paramsLoaded version=HUD-PARAMS-v0 policyRef=local:HUD-PARAMS-v0
[BoundaryRenderer] ✅ ARG: Loaded 1/1 features
[BoundaryRenderer] Loading GBR from data/boundaries/countries/GBR-ADM0.geojson
[BoundaryRenderer] ✅ GBR: Loaded 1/1 features
[BoundaryRenderer] Loading FRA from data/boundaries/countries/FRA-ADM0.geojson
[BoundaryRenderer] ✅ FRA: Loaded 1/1 features
[BoundaryRenderer] Loading DEU from data/boundaries/countries/DEU-ADM0.geojson
04:30:32.081 ℹ️ [LOD] apply level=PLANETARY sheetsDetailed=0 lanes=0 markers=0
04:30:32.171 ℹ️ [GATE 4] Anchor marker rendered at (34.7818, 32.0853) - independent of buildings/terrain
04:30:32.172 ℹ️ [GATE 4] Anchor marker rendered at (-122.4194, 37.7749) - independent of buildings/terrain
04:30:32.175 ℹ️ [GATE 4] Anchor marker rendered at (-0.1276, 51.5072) - independent of buildings/terrain
04:30:32.175 ℹ️ [GATE 4] Anchor marker rendered at (77.2090, 28.6139) - independent of buildings/terrain
04:30:32.176 ℹ️ [GATE 4] Anchor marker rendered at (139.6917, 35.6895) - independent of buildings/terrain
04:30:32.177 ℹ️ [GATE 4] Anchor marker rendered at (-46.6333, -23.5505) - independent of buildings/terrain
04:30:32.181 ℹ️ [VIS2] expandedSheetsAllowed=false scope=world
04:30:32.182 ℹ️ [VIS2] deptSpinesRendered count=3
04:30:32.183 ℹ️ [VIS2] sheetTilesRendered count=20
04:30:32.183 ℹ️ [LOD-BUDGET] frame sheetsDetailed=0 totalMarkers=0 totalPrims=51 totalEntities=52
04:30:32.286 ℹ️ [LOD] apply level=REGION sheetsDetailed=0 lanes=0 markers=0
[BoundaryRenderer] ✅ DEU: Loaded 1/1 features
[BoundaryRenderer] Loading NLD from data/boundaries/countries/NLD-ADM0.geojson
04:30:32.558 ℹ️ [LOD] apply level=COMPANY requestedSheetsDetailed=0 effectiveSheetsDetailed=0 lanes=0 markers=0 reason=collapsedByPolicy distKm=16.2
04:30:32.623 ℹ️ [GATE 4] Anchor marker rendered at (34.7818, 32.0853) - independent of buildings/terrain
04:30:32.624 ℹ️ [GATE 4] Anchor marker rendered at (-122.4194, 37.7749) - independent of buildings/terrain
04:30:32.624 ℹ️ [GATE 4] Anchor marker rendered at (-0.1276, 51.5072) - independent of buildings/terrain
04:30:32.625 ℹ️ [GATE 4] Anchor marker rendered at (77.2090, 28.6139) - independent of buildings/terrain
04:30:32.625 ℹ️ [GATE 4] Anchor marker rendered at (139.6917, 35.6895) - independent of buildings/terrain
04:30:32.626 ℹ️ [GATE 4] Anchor marker rendered at (-46.6333, -23.5505) - independent of buildings/terrain
04:30:32.629 ℹ️ [VIS2] expandedSheetsAllowed=false scope=world
04:30:32.629 ℹ️ [VIS2] deptSpinesRendered count=3
04:30:32.629 ℹ️ [VIS2] companyCollapsed result=PASS sheetsRendered=0 lod=COMPANY scope=world expandedSheetsAllowed=false
04:30:32.630 ℹ️ [VIS2] sheetTilesRendered count=20
04:30:32.630 ℹ️ [VIS3] flowOverlay result=PASS edges=42 exceptions=11 scope=world lod=COMPANY
04:30:32.631 ℹ️ [VIS3] trafficBarsRendered count=3
04:30:32.631 ℹ️ [VIS3] gate-summary result=PASS
04:30:32.632 ℹ️ [VIS4c] labelsRendered count=27 scope=company
04:30:32.632 ℹ️ [VIS4] slabsRendered scope=company objects=9 slabs=27 capped=false
04:30:32.632 ℹ️ [VIS4] companySlabs result=PASS deptBranches=3 trunkSlabs=21
04:30:32.633 ℹ️ [VIS4] gate-summary result=PASS
04:30:32.633 ℹ️ [LOD-BUDGET] frame sheetsDetailed=0 totalMarkers=0 totalPrims=82 totalEntities=79
[BoundaryRenderer] ✅ NLD: Loaded 1/1 features
[BoundaryRenderer] Loading EGY from data/boundaries/countries/EGY-ADM0.geojson
[BoundaryRenderer] ✅ EGY: Loaded 1/1 features
[BoundaryRenderer] Loading SAU from data/boundaries/countries/SAU-ADM0.geojson
[BoundaryRenderer] ✅ SAU: Loaded 1/1 features
[BoundaryRenderer] Loading IND from data/boundaries/countries/IND-ADM0.geojson
[BoundaryRenderer] ✅ IND: Loaded 1/1 features
[BoundaryRenderer] Loading CHN from data/boundaries/countries/CHN-ADM0.geojson
[BoundaryRenderer] ✅ CHN: Loaded 1/1 features
[BoundaryRenderer] Loading KOR from data/boundaries/countries/KOR-ADM0.geojson
[BoundaryRenderer] ✅ KOR: Loaded 1/1 features
[BoundaryRenderer] Loading ISR from data/boundaries/countries/ISR-ADM0.geojson
04:30:34.687 ℹ️ [GATE 4] Anchor marker rendered at (34.7818, 32.0853) - independent of buildings/terrain
04:30:34.690 ℹ️ [GATE 4] Anchor marker rendered at (-122.4194, 37.7749) - independent of buildings/terrain
04:30:34.691 ℹ️ [GATE 4] Anchor marker rendered at (-0.1276, 51.5072) - independent of buildings/terrain
04:30:34.692 ℹ️ [GATE 4] Anchor marker rendered at (77.2090, 28.6139) - independent of buildings/terrain
04:30:34.693 ℹ️ [GATE 4] Anchor marker rendered at (139.6917, 35.6895) - independent of buildings/terrain
04:30:34.694 ℹ️ [GATE 4] Anchor marker rendered at (-46.6333, -23.5505) - independent of buildings/terrain
04:30:34.698 ℹ️ [VIS2] expandedSheetsAllowed=false scope=world
04:30:34.698 ℹ️ [VIS2] deptSpinesRendered count=3
04:30:34.699 ℹ️ [VIS2] companyCollapsed result=PASS sheetsRendered=0 lod=COMPANY scope=world expandedSheetsAllowed=false
04:30:34.699 ℹ️ [VIS2] sheetTilesRendered count=20
04:30:34.702 ℹ️ [LOD-BUDGET] frame sheetsDetailed=0 totalMarkers=0 totalPrims=82 totalEntities=79
[BOUNDARY] reuse id=boundary-ISR-0-0050ba14
04:30:34.892 ℹ️ [GLOBE] country-set id=global-core loaded=26
[BoundaryRenderer] Loading USA from data/boundaries/countries/USA-ADM0.geojson
[BoundaryRenderer] Loading USA from data/boundaries/countries/USA-ADM0.geojson
04:30:35.660 ℹ️ [GLOBE] focus country=USA
04:30:35.661 ℹ️ [GLOBE] focus region=north-america
04:30:35.662 ℹ️ [GLOBE] hierarchy init cluster=globe countries=11
[BoundaryRenderer] Loading USA from data/boundaries/countries/USA-ADM0.geojson
04:30:35.840 ℹ️ [LOD] apply level=REGION sheetsDetailed=0 lanes=0 markers=0
04:30:35.962 ℹ️ [GATE 4] Anchor marker rendered at (34.7818, 32.0853) - independent of buildings/terrain
04:30:35.963 ℹ️ [GATE 4] Anchor marker rendered at (-122.4194, 37.7749) - independent of buildings/terrain
04:30:35.964 ℹ️ [GATE 4] Anchor marker rendered at (-0.1276, 51.5072) - independent of buildings/terrain
04:30:35.965 ℹ️ [GATE 4] Anchor marker rendered at (77.2090, 28.6139) - independent of buildings/terrain
04:30:35.965 ℹ️ [GATE 4] Anchor marker rendered at (139.6917, 35.6895) - independent of buildings/terrain
04:30:35.966 ℹ️ [GATE 4] Anchor marker rendered at (-46.6333, -23.5505) - independent of buildings/terrain
04:30:35.968 ℹ️ [VIS2] expandedSheetsAllowed=false scope=world
04:30:35.969 ℹ️ [VIS2] deptSpinesRendered count=3
04:30:35.969 ℹ️ [VIS2] sheetTilesRendered count=20
04:30:35.969 ℹ️ [LOD-BUDGET] frame sheetsDetailed=0 totalMarkers=0 totalPrims=51 totalEntities=52
04:30:35.970 ℹ️ [LOD] apply level=PLANETARY sheetsDetailed=0 lanes=0 markers=0
[BoundaryRenderer] Loading ISR from data/boundaries/countries/ISR-ADM0.geojson
04:30:36.085 ℹ️ [LOD] apply level=LANIAKEA sheetsDetailed=0 lanes=0 markers=0
04:30:36.536 ℹ️ [GATE 4] Anchor marker rendered at (34.7818, 32.0853) - independent of buildings/terrain
04:30:36.537 ℹ️ [GATE 4] Anchor marker rendered at (-122.4194, 37.7749) - independent of buildings/terrain
04:30:36.538 ℹ️ [GATE 4] Anchor marker rendered at (-0.1276, 51.5072) - independent of buildings/terrain
04:30:36.539 ℹ️ [GATE 4] Anchor marker rendered at (77.2090, 28.6139) - independent of buildings/terrain
04:30:36.539 ℹ️ [GATE 4] Anchor marker rendered at (139.6917, 35.6895) - independent of buildings/terrain
04:30:36.540 ℹ️ [GATE 4] Anchor marker rendered at (-46.6333, -23.5505) - independent of buildings/terrain
04:30:36.542 ℹ️ [VIS2] expandedSheetsAllowed=false scope=world
04:30:36.542 ℹ️ [VIS2] deptSpinesRendered count=3
04:30:36.543 ℹ️ [VIS2] sheetTilesRendered count=20
04:30:36.543 ℹ️ [LOD-BUDGET] frame sheetsDetailed=0 totalMarkers=0 totalPrims=51 totalEntities=52
04:30:36.548 ℹ️ [GLOBE] country-set id=global-core loaded=26
04:30:36.548 ℹ️ [GLOBE] cluster level=globe focusCountry=USA
04:30:37.452 ℹ️ [VIS7A] presenceEngine enabled ttlMs=15000 cap=50 coalesceMs=250
04:30:37.454 ℹ️ [VIS7A] batchApplied accepted=3 coalesced=0 dupDropped=0 dropped=0 active=3
04:30:37.454 ℹ️ [VIS7A] rendered scope=company markers=3 labels=3 capped=false
04:30:37.677 ℹ️ [VIS7B] hover marker=vis7a-marker-u-alice-company_trunk_u_alice user=u-alice mode=view scope=company ageMs=223 result=PASS
04:30:37.862 ℹ️ [VIS7B] pin marker=vis7a-marker-u-alice-company_trunk_u_alice user=u-alice result=PASS
04:30:37.863 ℹ️ [VIS7B] hudUpdate user=u-alice fields=6 result=PASS
04:30:38.145 ℹ️ [VIS7B] unpin marker=vis7a-marker-u-alice-company_trunk_u_alice user=u-alice result=PASS reason=toggle
04:30:38.328 ℹ️ [VIS7B] pin marker=vis7a-marker-u-bob-company_trunk_u_bob user=u-bob result=PASS
04:30:38.329 ℹ️ [VIS7B] hudUpdate user=u-bob fields=6 result=PASS
04:30:38.422 ℹ️ [VIS7B] unpin marker=vis7a-marker-u-bob-company_trunk_u_bob user=u-bob result=PASS reason=switch
04:30:38.424 ℹ️ [VIS7B] pin marker=vis7a-marker-u-alice-company_trunk_u_alice user=u-alice result=PASS
04:30:38.424 ℹ️ [VIS7B] hudUpdate user=u-alice fields=6 result=PASS
04:30:38.612 ℹ️ [VIS7B] unpin marker=vis7a-marker-u-alice-company_trunk_u_alice user=u-alice result=PASS reason=escape

--- VIS-7b proof ---
[VIS7B] ownerIds=["trunk.avgol","trunk.world.anchor-us","trunk.world.anchor-gb"]
[VIS7B] pushEvents accepted=3
[VIS7B] markerIds count=3 ids=["vis7a-marker-u-alice-company_trunk_u_alice","vis7a-marker-u-bob-company_trunk_u_bob","vis7a-marker-u-charlie-company_trunk_u_charlie"]
[VIS7B] hover A ok=true
[VIS7B] afterHover hovered=vis7a-marker-u-alice-company_trunk_u_alice pinned=null
[VIS7B] clickA action=pin
[VIS7B] afterPin hovered=vis7a-marker-u-alice-company_trunk_u_alice pinned=vis7a-marker-u-alice-company_trunk_u_alice
[VIS7B] highlightWhilePinned=true
[VIS7B] toggleUnpin action=unpin reason=toggle
[VIS7B] afterToggle pinned=null
[VIS7B] pinB action=pin
[VIS7B] switch action=switch
[VIS7B] afterSwitch pinned=vis7a-marker-u-alice-company_trunk_u_alice
[VIS7B] escape ok=true
[VIS7B] afterEscape pinned=null
[VIS7B] ttlCleanup active=0
--- VIS-7b Proof Checklist ---
[VIS7B] hover result=PASS PRESENT
[VIS7B] pin result=PASS PRESENT
[VIS7B] unpin reason=toggle PRESENT
[VIS7B] unpin reason=escape PRESENT
[VIS7B] unpin reason=switch PRESENT
[VIS7B] hudUpdate PRESENT
[VIS7B] pinPersists PASS
[VIS7B] ttlCleanup result=PASS active=0
[VIS7A] engineEnabled PRESENT
[VIS2] companyCollapsed PRESENT
[VIS2] sheetTiles PRESENT
[VIS4] gate-summary result=PASS
[VIS7B] noErrors PASS
[VIS7B] gate-summary result=PASS